2024-12-14 00:57:00,668 - INFO - Training configuration:
2024-12-14 00:57:00,668 - INFO - num_points: 4096
2024-12-14 00:57:00,668 - INFO - chunk_size: 4096
2024-12-14 00:57:00,668 - INFO - overlap: 1024
2024-12-14 00:57:00,668 - INFO - batch_size: 16
2024-12-14 00:57:00,668 - INFO - num_workers: 0
2024-12-14 00:57:00,668 - INFO - learning_rate: 0.001
2024-12-14 00:57:00,668 - INFO - num_classes: 5
2024-12-14 00:57:00,668 - INFO - num_epochs: 500
2024-12-14 00:57:00,669 - INFO - device: cuda
2024-12-14 00:57:00,669 - INFO - Using device: cuda
2024-12-14 00:57:00,671 - INFO - Loading dataset from cache: ../data/CB/section/train//cache\dataset_cache_points4096_size1.0_rate0.4_transformTrue_hash7cfce2e7.pt
2024-12-14 01:23:55,992 - INFO - Successfully loaded 49224 blocks from cache
2024-12-14 01:23:55,994 - INFO - Loading dataset from cache: ../data/CB/section/val//cache\dataset_cache_points4096_size1.0_rate0.4_transformFalse_hash953a0685.pt
2024-12-14 01:47:04,000 - INFO - Successfully loaded 8003 blocks from cache
2024-12-14 01:47:04,000 - INFO - reading val data
2024-12-14 01:47:04,001 - INFO - Train dataset size: 49224
2024-12-14 01:47:04,001 - INFO - Val dataset size: 8003
2024-12-14 01:47:08,248 - INFO - Total samples is: <torch.utils.data.dataloader.DataLoader object at 0x0000014A2045D430>
2024-12-14 02:20:44,942 - INFO - Validation parameter calculation time: 0:00:00.031758
2024-12-14 02:20:44,942 - INFO - 
Epoch 1/500:
2024-12-14 02:20:44,942 - INFO - Train Loss: 0.3397, Train Acc: 88.09%
2024-12-14 02:20:44,942 - INFO - Val Loss: 0.4535, Val Acc: 85.79%
2024-12-14 02:20:44,943 - INFO - Class 0 Accuracy: 97.71%
2024-12-14 02:20:44,944 - INFO - Class 1 Accuracy: 53.87%
2024-12-14 02:20:44,944 - INFO - Class 2 Accuracy: 76.04%
2024-12-14 02:20:44,944 - INFO - Class 3 Accuracy: 81.04%
2024-12-14 02:20:44,945 - INFO - Class 4 Accuracy: 68.64%
2024-12-14 02:20:45,201 - INFO - Saved best model with accuracy: 85.79%
2024-12-14 02:20:45,439 - INFO - Saved checkpoint at epoch 1
2024-12-14 02:20:45,440 - INFO - Total samples is: <torch.utils.data.dataloader.DataLoader object at 0x0000014A2045D430>
2024-12-14 02:54:17,150 - INFO - Validation parameter calculation time: 0:00:00.014074
2024-12-14 02:54:17,151 - INFO - 
Epoch 2/500:
2024-12-14 02:54:17,151 - INFO - Train Loss: 0.1991, Train Acc: 93.13%
2024-12-14 02:54:17,151 - INFO - Val Loss: 0.3383, Val Acc: 88.47%
2024-12-14 02:54:17,152 - INFO - Class 0 Accuracy: 96.46%
2024-12-14 02:54:17,152 - INFO - Class 1 Accuracy: 62.32%
2024-12-14 02:54:17,153 - INFO - Class 2 Accuracy: 82.75%
2024-12-14 02:54:17,154 - INFO - Class 3 Accuracy: 84.58%
2024-12-14 02:54:17,154 - INFO - Class 4 Accuracy: 78.65%
2024-12-14 02:54:17,469 - INFO - Saved best model with accuracy: 88.47%
2024-12-14 02:54:17,772 - INFO - Saved checkpoint at epoch 2
2024-12-14 02:54:17,773 - INFO - Total samples is: <torch.utils.data.dataloader.DataLoader object at 0x0000014A2045D430>
2024-12-14 03:27:52,628 - INFO - Validation parameter calculation time: 0:00:00.014534
2024-12-14 03:27:52,629 - INFO - 
Epoch 3/500:
2024-12-14 03:27:52,629 - INFO - Train Loss: 0.1706, Train Acc: 94.14%
2024-12-14 03:27:52,629 - INFO - Val Loss: 0.4349, Val Acc: 85.66%
2024-12-14 03:27:52,629 - INFO - Class 0 Accuracy: 95.38%
2024-12-14 03:27:52,630 - INFO - Class 1 Accuracy: 86.65%
2024-12-14 03:27:52,630 - INFO - Class 2 Accuracy: 71.45%
2024-12-14 03:27:52,631 - INFO - Class 3 Accuracy: 85.78%
2024-12-14 03:27:52,631 - INFO - Class 4 Accuracy: 72.86%
2024-12-14 03:27:52,894 - INFO - Saved checkpoint at epoch 3
2024-12-14 03:27:52,896 - INFO - Total samples is: <torch.utils.data.dataloader.DataLoader object at 0x0000014A2045D430>
2024-12-14 04:01:28,813 - INFO - Validation parameter calculation time: 0:00:00.013630
2024-12-14 04:01:28,814 - INFO - 
Epoch 4/500:
2024-12-14 04:01:28,814 - INFO - Train Loss: 0.1527, Train Acc: 94.68%
2024-12-14 04:01:28,814 - INFO - Val Loss: 0.3053, Val Acc: 89.35%
2024-12-14 04:01:28,815 - INFO - Class 0 Accuracy: 97.60%
2024-12-14 04:01:28,815 - INFO - Class 1 Accuracy: 68.73%
2024-12-14 04:01:28,816 - INFO - Class 2 Accuracy: 81.18%
2024-12-14 04:01:28,816 - INFO - Class 3 Accuracy: 88.06%
2024-12-14 04:01:28,817 - INFO - Class 4 Accuracy: 80.35%
2024-12-14 04:01:29,049 - INFO - Saved best model with accuracy: 89.35%
2024-12-14 04:01:29,383 - INFO - Saved checkpoint at epoch 4
2024-12-14 04:01:29,385 - INFO - Total samples is: <torch.utils.data.dataloader.DataLoader object at 0x0000014A2045D430>
2024-12-14 04:35:02,428 - INFO - Validation parameter calculation time: 0:00:00.014567
2024-12-14 04:35:02,428 - INFO - 
Epoch 5/500:
2024-12-14 04:35:02,428 - INFO - Train Loss: 0.1426, Train Acc: 95.03%
2024-12-14 04:35:02,428 - INFO - Val Loss: 0.2909, Val Acc: 89.91%
2024-12-14 04:35:02,429 - INFO - Class 0 Accuracy: 96.87%
2024-12-14 04:35:02,429 - INFO - Class 1 Accuracy: 74.98%
2024-12-14 04:35:02,429 - INFO - Class 2 Accuracy: 82.50%
2024-12-14 04:35:02,430 - INFO - Class 3 Accuracy: 89.67%
2024-12-14 04:35:02,430 - INFO - Class 4 Accuracy: 80.74%
2024-12-14 04:35:02,745 - INFO - Saved best model with accuracy: 89.91%
2024-12-14 04:35:03,041 - INFO - Saved checkpoint at epoch 5
2024-12-14 04:35:03,042 - INFO - Total samples is: <torch.utils.data.dataloader.DataLoader object at 0x0000014A2045D430>
2024-12-14 05:08:37,591 - INFO - Validation parameter calculation time: 0:00:00.014391
2024-12-14 05:08:37,591 - INFO - 
Epoch 6/500:
2024-12-14 05:08:37,591 - INFO - Train Loss: 0.1323, Train Acc: 95.44%
2024-12-14 05:08:37,591 - INFO - Val Loss: 0.3939, Val Acc: 87.12%
2024-12-14 05:08:37,592 - INFO - Class 0 Accuracy: 93.79%
2024-12-14 05:08:37,592 - INFO - Class 1 Accuracy: 78.19%
2024-12-14 05:08:37,593 - INFO - Class 2 Accuracy: 79.35%
2024-12-14 05:08:37,593 - INFO - Class 3 Accuracy: 87.06%
2024-12-14 05:08:37,593 - INFO - Class 4 Accuracy: 77.37%
2024-12-14 05:08:37,838 - INFO - Saved checkpoint at epoch 6
2024-12-14 05:08:37,839 - INFO - Total samples is: <torch.utils.data.dataloader.DataLoader object at 0x0000014A2045D430>
2024-12-14 05:42:07,592 - INFO - Validation parameter calculation time: 0:00:00.013710
2024-12-14 05:42:07,593 - INFO - 
Epoch 7/500:
2024-12-14 05:42:07,593 - INFO - Train Loss: 0.1272, Train Acc: 95.64%
2024-12-14 05:42:07,593 - INFO - Val Loss: 0.2830, Val Acc: 90.40%
2024-12-14 05:42:07,594 - INFO - Class 0 Accuracy: 95.23%
2024-12-14 05:42:07,595 - INFO - Class 1 Accuracy: 94.58%
2024-12-14 05:42:07,595 - INFO - Class 2 Accuracy: 85.08%
2024-12-14 05:42:07,596 - INFO - Class 3 Accuracy: 89.62%
2024-12-14 05:42:07,597 - INFO - Class 4 Accuracy: 69.24%
2024-12-14 05:42:07,828 - INFO - Saved best model with accuracy: 90.40%
2024-12-14 05:42:08,126 - INFO - Saved checkpoint at epoch 7
2024-12-14 05:42:08,128 - INFO - Total samples is: <torch.utils.data.dataloader.DataLoader object at 0x0000014A2045D430>
2024-12-14 06:15:39,729 - INFO - Validation parameter calculation time: 0:00:00.013601
2024-12-14 06:15:39,730 - INFO - 
Epoch 8/500:
2024-12-14 06:15:39,731 - INFO - Train Loss: 0.1209, Train Acc: 95.79%
2024-12-14 06:15:39,731 - INFO - Val Loss: 0.3538, Val Acc: 88.88%
2024-12-14 06:15:39,731 - INFO - Class 0 Accuracy: 96.76%
2024-12-14 06:15:39,732 - INFO - Class 1 Accuracy: 85.04%
2024-12-14 06:15:39,732 - INFO - Class 2 Accuracy: 78.54%
2024-12-14 06:15:39,733 - INFO - Class 3 Accuracy: 90.03%
2024-12-14 06:15:39,733 - INFO - Class 4 Accuracy: 72.70%
2024-12-14 06:15:39,961 - INFO - Saved checkpoint at epoch 8
2024-12-14 06:15:39,962 - INFO - Total samples is: <torch.utils.data.dataloader.DataLoader object at 0x0000014A2045D430>
2024-12-14 06:49:08,980 - INFO - Validation parameter calculation time: 0:00:00.014023
2024-12-14 06:49:08,980 - INFO - 
Epoch 9/500:
2024-12-14 06:49:08,981 - INFO - Train Loss: 0.1187, Train Acc: 95.92%
2024-12-14 06:49:08,981 - INFO - Val Loss: 0.2781, Val Acc: 91.04%
2024-12-14 06:49:08,981 - INFO - Class 0 Accuracy: 96.52%
2024-12-14 06:49:08,982 - INFO - Class 1 Accuracy: 86.36%
2024-12-14 06:49:08,982 - INFO - Class 2 Accuracy: 83.98%
2024-12-14 06:49:08,983 - INFO - Class 3 Accuracy: 92.07%
2024-12-14 06:49:08,983 - INFO - Class 4 Accuracy: 80.72%
2024-12-14 06:49:09,330 - INFO - Saved best model with accuracy: 91.04%
2024-12-14 06:49:09,600 - INFO - Saved checkpoint at epoch 9
2024-12-14 06:49:09,601 - INFO - Total samples is: <torch.utils.data.dataloader.DataLoader object at 0x0000014A2045D430>
2024-12-14 07:22:40,321 - INFO - Validation parameter calculation time: 0:00:00.014119
2024-12-14 07:22:40,321 - INFO - 
Epoch 10/500:
2024-12-14 07:22:40,321 - INFO - Train Loss: 0.1161, Train Acc: 96.01%
2024-12-14 07:22:40,321 - INFO - Val Loss: 0.3127, Val Acc: 90.45%
2024-12-14 07:22:40,322 - INFO - Class 0 Accuracy: 96.75%
2024-12-14 07:22:40,322 - INFO - Class 1 Accuracy: 94.46%
2024-12-14 07:22:40,323 - INFO - Class 2 Accuracy: 81.06%
2024-12-14 07:22:40,323 - INFO - Class 3 Accuracy: 90.99%
2024-12-14 07:22:40,323 - INFO - Class 4 Accuracy: 77.98%
2024-12-14 07:22:40,551 - INFO - Saved checkpoint at epoch 10
2024-12-14 07:22:40,552 - INFO - Total samples is: <torch.utils.data.dataloader.DataLoader object at 0x0000014A2045D430>
2024-12-14 07:56:11,842 - INFO - Validation parameter calculation time: 0:00:00.014762
2024-12-14 07:56:11,843 - INFO - 
Epoch 11/500:
2024-12-14 07:56:11,843 - INFO - Train Loss: 0.1124, Train Acc: 96.11%
2024-12-14 07:56:11,843 - INFO - Val Loss: 0.4128, Val Acc: 88.23%
2024-12-14 07:56:11,843 - INFO - Class 0 Accuracy: 95.14%
2024-12-14 07:56:11,844 - INFO - Class 1 Accuracy: 87.35%
2024-12-14 07:56:11,844 - INFO - Class 2 Accuracy: 77.09%
2024-12-14 07:56:11,845 - INFO - Class 3 Accuracy: 91.27%
2024-12-14 07:56:11,845 - INFO - Class 4 Accuracy: 80.26%
2024-12-14 07:56:12,077 - INFO - Saved checkpoint at epoch 11
2024-12-14 07:56:12,078 - INFO - Total samples is: <torch.utils.data.dataloader.DataLoader object at 0x0000014A2045D430>
2024-12-14 08:29:46,017 - INFO - Validation parameter calculation time: 0:00:00.013577
2024-12-14 08:29:46,018 - INFO - 
Epoch 12/500:
2024-12-14 08:29:46,018 - INFO - Train Loss: 0.1117, Train Acc: 96.19%
2024-12-14 08:29:46,018 - INFO - Val Loss: 0.3418, Val Acc: 89.56%
2024-12-14 08:29:46,019 - INFO - Class 0 Accuracy: 98.08%
2024-12-14 08:29:46,019 - INFO - Class 1 Accuracy: 87.45%
2024-12-14 08:29:46,020 - INFO - Class 2 Accuracy: 77.04%
2024-12-14 08:29:46,020 - INFO - Class 3 Accuracy: 91.26%
2024-12-14 08:29:46,021 - INFO - Class 4 Accuracy: 78.18%
2024-12-14 08:29:46,253 - INFO - Saved checkpoint at epoch 12
2024-12-14 08:29:46,254 - INFO - Total samples is: <torch.utils.data.dataloader.DataLoader object at 0x0000014A2045D430>
2024-12-14 09:03:14,496 - INFO - Validation parameter calculation time: 0:00:00.014289
2024-12-14 09:03:14,496 - INFO - 
Epoch 13/500:
2024-12-14 09:03:14,496 - INFO - Train Loss: 0.1100, Train Acc: 96.24%
2024-12-14 09:03:14,496 - INFO - Val Loss: 0.3636, Val Acc: 88.53%
2024-12-14 09:03:14,497 - INFO - Class 0 Accuracy: 95.82%
2024-12-14 09:03:14,497 - INFO - Class 1 Accuracy: 93.35%
2024-12-14 09:03:14,498 - INFO - Class 2 Accuracy: 76.69%
2024-12-14 09:03:14,499 - INFO - Class 3 Accuracy: 92.00%
2024-12-14 09:03:14,499 - INFO - Class 4 Accuracy: 74.99%
2024-12-14 09:03:14,726 - INFO - Saved checkpoint at epoch 13
2024-12-14 09:03:14,728 - INFO - Total samples is: <torch.utils.data.dataloader.DataLoader object at 0x0000014A2045D430>
2024-12-14 09:36:49,782 - INFO - Validation parameter calculation time: 0:00:00.014640
2024-12-14 09:36:49,782 - INFO - 
Epoch 14/500:
2024-12-14 09:36:49,782 - INFO - Train Loss: 0.1077, Train Acc: 96.28%
2024-12-14 09:36:49,782 - INFO - Val Loss: 0.3836, Val Acc: 88.57%
2024-12-14 09:36:49,783 - INFO - Class 0 Accuracy: 94.29%
2024-12-14 09:36:49,783 - INFO - Class 1 Accuracy: 86.59%
2024-12-14 09:36:49,783 - INFO - Class 2 Accuracy: 78.66%
2024-12-14 09:36:49,784 - INFO - Class 3 Accuracy: 93.48%
2024-12-14 09:36:49,784 - INFO - Class 4 Accuracy: 81.79%
2024-12-14 09:36:50,024 - INFO - Saved checkpoint at epoch 14
2024-12-14 09:36:50,026 - INFO - Total samples is: <torch.utils.data.dataloader.DataLoader object at 0x0000014A2045D430>
2024-12-14 10:10:27,098 - INFO - Validation parameter calculation time: 0:00:00.014196
2024-12-14 10:10:27,098 - INFO - 
Epoch 15/500:
2024-12-14 10:10:27,098 - INFO - Train Loss: 0.1058, Train Acc: 96.34%
2024-12-14 10:10:27,098 - INFO - Val Loss: 0.3970, Val Acc: 88.63%
2024-12-14 10:10:27,099 - INFO - Class 0 Accuracy: 96.82%
2024-12-14 10:10:27,099 - INFO - Class 1 Accuracy: 81.56%
2024-12-14 10:10:27,100 - INFO - Class 2 Accuracy: 76.67%
2024-12-14 10:10:27,101 - INFO - Class 3 Accuracy: 90.14%
2024-12-14 10:10:27,101 - INFO - Class 4 Accuracy: 83.30%
2024-12-14 10:10:27,332 - INFO - Saved checkpoint at epoch 15
2024-12-14 10:10:27,333 - INFO - Total samples is: <torch.utils.data.dataloader.DataLoader object at 0x0000014A2045D430>
2024-12-14 10:44:02,020 - INFO - Validation parameter calculation time: 0:00:00.014155
2024-12-14 10:44:02,021 - INFO - 
Epoch 16/500:
2024-12-14 10:44:02,021 - INFO - Train Loss: 0.0771, Train Acc: 97.29%
2024-12-14 10:44:02,021 - INFO - Val Loss: 0.3058, Val Acc: 91.12%
2024-12-14 10:44:02,021 - INFO - Class 0 Accuracy: 96.69%
2024-12-14 10:44:02,022 - INFO - Class 1 Accuracy: 91.76%
2024-12-14 10:44:02,022 - INFO - Class 2 Accuracy: 82.80%
2024-12-14 10:44:02,023 - INFO - Class 3 Accuracy: 91.90%
2024-12-14 10:44:02,023 - INFO - Class 4 Accuracy: 83.00%
2024-12-14 10:44:02,252 - INFO - Saved best model with accuracy: 91.12%
2024-12-14 10:44:02,542 - INFO - Saved checkpoint at epoch 16
2024-12-14 10:44:02,543 - INFO - Total samples is: <torch.utils.data.dataloader.DataLoader object at 0x0000014A2045D430>
2024-12-14 11:17:37,701 - INFO - Validation parameter calculation time: 0:00:00.013540
2024-12-14 11:17:37,702 - INFO - 
Epoch 17/500:
2024-12-14 11:17:37,702 - INFO - Train Loss: 0.0722, Train Acc: 97.47%
2024-12-14 11:17:37,702 - INFO - Val Loss: 0.3028, Val Acc: 91.09%
2024-12-14 11:17:37,702 - INFO - Class 0 Accuracy: 96.06%
2024-12-14 11:17:37,703 - INFO - Class 1 Accuracy: 93.52%
2024-12-14 11:17:37,703 - INFO - Class 2 Accuracy: 83.68%
2024-12-14 11:17:37,704 - INFO - Class 3 Accuracy: 91.82%
2024-12-14 11:17:37,705 - INFO - Class 4 Accuracy: 81.45%
2024-12-14 11:17:37,959 - INFO - Saved checkpoint at epoch 17
2024-12-14 11:17:37,961 - INFO - Total samples is: <torch.utils.data.dataloader.DataLoader object at 0x0000014A2045D430>
2024-12-14 11:51:11,776 - INFO - Validation parameter calculation time: 0:00:00.015143
2024-12-14 11:51:11,777 - INFO - 
Epoch 18/500:
2024-12-14 11:51:11,777 - INFO - Train Loss: 0.0693, Train Acc: 97.56%
2024-12-14 11:51:11,777 - INFO - Val Loss: 0.3168, Val Acc: 91.08%
2024-12-14 11:51:11,777 - INFO - Class 0 Accuracy: 96.14%
2024-12-14 11:51:11,778 - INFO - Class 1 Accuracy: 93.25%
2024-12-14 11:51:11,778 - INFO - Class 2 Accuracy: 82.60%
2024-12-14 11:51:11,779 - INFO - Class 3 Accuracy: 92.96%
2024-12-14 11:51:11,780 - INFO - Class 4 Accuracy: 85.13%
2024-12-14 11:51:12,040 - INFO - Saved checkpoint at epoch 18
2024-12-14 11:51:12,042 - INFO - Total samples is: <torch.utils.data.dataloader.DataLoader object at 0x0000014A2045D430>
2024-12-14 12:24:49,199 - INFO - Validation parameter calculation time: 0:00:00.013807
2024-12-14 12:24:49,199 - INFO - 
Epoch 19/500:
2024-12-14 12:24:49,199 - INFO - Train Loss: 0.0668, Train Acc: 97.62%
2024-12-14 12:24:49,199 - INFO - Val Loss: 0.3392, Val Acc: 90.49%
2024-12-14 12:24:49,201 - INFO - Class 0 Accuracy: 95.47%
2024-12-14 12:24:49,201 - INFO - Class 1 Accuracy: 95.13%
2024-12-14 12:24:49,202 - INFO - Class 2 Accuracy: 82.40%
2024-12-14 12:24:49,203 - INFO - Class 3 Accuracy: 91.36%
2024-12-14 12:24:49,203 - INFO - Class 4 Accuracy: 82.80%
2024-12-14 12:24:49,486 - INFO - Saved checkpoint at epoch 19
2024-12-14 12:24:49,488 - INFO - Total samples is: <torch.utils.data.dataloader.DataLoader object at 0x0000014A2045D430>
2024-12-14 12:58:20,650 - INFO - Validation parameter calculation time: 0:00:00.014640
2024-12-14 12:58:20,650 - INFO - 
Epoch 20/500:
2024-12-14 12:58:20,650 - INFO - Train Loss: 0.0654, Train Acc: 97.68%
2024-12-14 12:58:20,650 - INFO - Val Loss: 0.3131, Val Acc: 91.31%
2024-12-14 12:58:20,651 - INFO - Class 0 Accuracy: 96.51%
2024-12-14 12:58:20,651 - INFO - Class 1 Accuracy: 93.80%
2024-12-14 12:58:20,651 - INFO - Class 2 Accuracy: 82.85%
2024-12-14 12:58:20,652 - INFO - Class 3 Accuracy: 92.97%
2024-12-14 12:58:20,652 - INFO - Class 4 Accuracy: 83.69%
2024-12-14 12:58:20,868 - INFO - Saved best model with accuracy: 91.31%
2024-12-14 12:58:21,131 - INFO - Saved checkpoint at epoch 20
2024-12-14 12:58:21,133 - INFO - Total samples is: <torch.utils.data.dataloader.DataLoader object at 0x0000014A2045D430>
2024-12-14 13:31:52,402 - INFO - Validation parameter calculation time: 0:00:00.014075
2024-12-14 13:31:52,402 - INFO - 
Epoch 21/500:
2024-12-14 13:31:52,402 - INFO - Train Loss: 0.0651, Train Acc: 97.68%
2024-12-14 13:31:52,402 - INFO - Val Loss: 0.3126, Val Acc: 90.94%
2024-12-14 13:31:52,403 - INFO - Class 0 Accuracy: 96.39%
2024-12-14 13:31:52,403 - INFO - Class 1 Accuracy: 92.38%
2024-12-14 13:31:52,404 - INFO - Class 2 Accuracy: 82.63%
2024-12-14 13:31:52,405 - INFO - Class 3 Accuracy: 91.58%
2024-12-14 13:31:52,405 - INFO - Class 4 Accuracy: 83.56%
2024-12-14 13:31:52,633 - INFO - Saved checkpoint at epoch 21
2024-12-14 13:31:52,635 - INFO - Total samples is: <torch.utils.data.dataloader.DataLoader object at 0x0000014A2045D430>
2024-12-14 14:05:58,136 - INFO - Validation parameter calculation time: 0:00:00.014626
2024-12-14 14:05:58,137 - INFO - 
Epoch 22/500:
2024-12-14 14:05:58,137 - INFO - Train Loss: 0.0633, Train Acc: 97.75%
2024-12-14 14:05:58,137 - INFO - Val Loss: 0.3114, Val Acc: 91.48%
2024-12-14 14:05:58,138 - INFO - Class 0 Accuracy: 96.22%
2024-12-14 14:05:58,138 - INFO - Class 1 Accuracy: 94.24%
2024-12-14 14:05:58,139 - INFO - Class 2 Accuracy: 83.55%
2024-12-14 14:05:58,139 - INFO - Class 3 Accuracy: 93.49%
2024-12-14 14:05:58,139 - INFO - Class 4 Accuracy: 84.20%
2024-12-14 14:05:58,391 - INFO - Saved best model with accuracy: 91.48%
2024-12-14 14:05:58,703 - INFO - Saved checkpoint at epoch 22
2024-12-14 14:05:58,704 - INFO - Total samples is: <torch.utils.data.dataloader.DataLoader object at 0x0000014A2045D430>
2024-12-14 14:40:12,668 - INFO - Validation parameter calculation time: 0:00:00.014198
2024-12-14 14:40:12,669 - INFO - 
Epoch 23/500:
2024-12-14 14:40:12,669 - INFO - Train Loss: 0.0627, Train Acc: 97.77%
2024-12-14 14:40:12,669 - INFO - Val Loss: 0.3541, Val Acc: 90.71%
2024-12-14 14:40:12,669 - INFO - Class 0 Accuracy: 96.61%
2024-12-14 14:40:12,670 - INFO - Class 1 Accuracy: 94.67%
2024-12-14 14:40:12,670 - INFO - Class 2 Accuracy: 80.85%
2024-12-14 14:40:12,671 - INFO - Class 3 Accuracy: 92.39%
2024-12-14 14:40:12,671 - INFO - Class 4 Accuracy: 83.34%
2024-12-14 14:40:12,933 - INFO - Saved checkpoint at epoch 23
2024-12-14 14:40:12,934 - INFO - Total samples is: <torch.utils.data.dataloader.DataLoader object at 0x0000014A2045D430>
2024-12-14 15:14:12,824 - INFO - Validation parameter calculation time: 0:00:00.014343
2024-12-14 15:14:12,825 - INFO - 
Epoch 24/500:
2024-12-14 15:14:12,825 - INFO - Train Loss: 0.0614, Train Acc: 97.79%
2024-12-14 15:14:12,825 - INFO - Val Loss: 0.3373, Val Acc: 91.02%
2024-12-14 15:14:12,825 - INFO - Class 0 Accuracy: 96.06%
2024-12-14 15:14:12,826 - INFO - Class 1 Accuracy: 94.72%
2024-12-14 15:14:12,826 - INFO - Class 2 Accuracy: 82.69%
2024-12-14 15:14:12,827 - INFO - Class 3 Accuracy: 92.48%
2024-12-14 15:14:12,827 - INFO - Class 4 Accuracy: 83.51%
2024-12-14 15:14:13,060 - INFO - Saved checkpoint at epoch 24
2024-12-14 15:14:13,062 - INFO - Total samples is: <torch.utils.data.dataloader.DataLoader object at 0x0000014A2045D430>
2024-12-14 15:47:53,045 - INFO - Validation parameter calculation time: 0:00:00.014086
2024-12-14 15:47:53,046 - INFO - 
Epoch 25/500:
2024-12-14 15:47:53,046 - INFO - Train Loss: 0.0608, Train Acc: 97.83%
2024-12-14 15:47:53,046 - INFO - Val Loss: 0.4022, Val Acc: 89.84%
2024-12-14 15:47:53,047 - INFO - Class 0 Accuracy: 96.67%
2024-12-14 15:47:53,047 - INFO - Class 1 Accuracy: 96.09%
2024-12-14 15:47:53,048 - INFO - Class 2 Accuracy: 77.97%
2024-12-14 15:47:53,048 - INFO - Class 3 Accuracy: 92.40%
2024-12-14 15:47:53,049 - INFO - Class 4 Accuracy: 81.02%
2024-12-14 15:47:53,331 - INFO - Saved checkpoint at epoch 25
2024-12-14 15:47:53,332 - INFO - Total samples is: <torch.utils.data.dataloader.DataLoader object at 0x0000014A2045D430>
2024-12-14 16:21:25,639 - INFO - Validation parameter calculation time: 0:00:00.014596
2024-12-14 16:21:25,639 - INFO - 
Epoch 26/500:
2024-12-14 16:21:25,639 - INFO - Train Loss: 0.0605, Train Acc: 97.84%
2024-12-14 16:21:25,639 - INFO - Val Loss: 0.5896, Val Acc: 84.91%
2024-12-14 16:21:25,640 - INFO - Class 0 Accuracy: 90.08%
2024-12-14 16:21:25,640 - INFO - Class 1 Accuracy: 92.33%
2024-12-14 16:21:25,641 - INFO - Class 2 Accuracy: 73.58%
2024-12-14 16:21:25,641 - INFO - Class 3 Accuracy: 92.56%
2024-12-14 16:21:25,642 - INFO - Class 4 Accuracy: 75.77%
2024-12-14 16:21:25,877 - INFO - Saved checkpoint at epoch 26
2024-12-14 16:21:25,879 - INFO - Total samples is: <torch.utils.data.dataloader.DataLoader object at 0x0000014A2045D430>
2024-12-14 16:55:04,110 - INFO - Validation parameter calculation time: 0:00:00.014605
2024-12-14 16:55:04,110 - INFO - 
Epoch 27/500:
2024-12-14 16:55:04,110 - INFO - Train Loss: 0.0602, Train Acc: 97.86%
2024-12-14 16:55:04,110 - INFO - Val Loss: 0.7082, Val Acc: 82.19%
2024-12-14 16:55:04,111 - INFO - Class 0 Accuracy: 85.73%
2024-12-14 16:55:04,111 - INFO - Class 1 Accuracy: 96.28%
2024-12-14 16:55:04,112 - INFO - Class 2 Accuracy: 77.53%
2024-12-14 16:55:04,113 - INFO - Class 3 Accuracy: 77.29%
2024-12-14 16:55:04,113 - INFO - Class 4 Accuracy: 72.44%
2024-12-14 16:55:04,338 - INFO - Saved checkpoint at epoch 27
2024-12-14 16:55:04,339 - INFO - Total samples is: <torch.utils.data.dataloader.DataLoader object at 0x0000014A2045D430>
2024-12-14 17:28:34,035 - INFO - Validation parameter calculation time: 0:00:00.014087
2024-12-14 17:28:34,036 - INFO - 
Epoch 28/500:
2024-12-14 17:28:34,037 - INFO - Train Loss: 0.0593, Train Acc: 97.89%
2024-12-14 17:28:34,037 - INFO - Val Loss: 0.8319, Val Acc: 82.54%
2024-12-14 17:28:34,037 - INFO - Class 0 Accuracy: 97.67%
2024-12-14 17:28:34,038 - INFO - Class 1 Accuracy: 92.90%
2024-12-14 17:28:34,038 - INFO - Class 2 Accuracy: 59.34%
2024-12-14 17:28:34,038 - INFO - Class 3 Accuracy: 86.86%
2024-12-14 17:28:34,039 - INFO - Class 4 Accuracy: 48.48%
2024-12-14 17:28:34,246 - INFO - Saved checkpoint at epoch 28
2024-12-14 17:28:34,247 - INFO - Total samples is: <torch.utils.data.dataloader.DataLoader object at 0x0000014A2045D430>
2024-12-14 18:02:11,905 - INFO - Validation parameter calculation time: 0:00:00.014037
2024-12-14 18:02:11,905 - INFO - 
Epoch 29/500:
2024-12-14 18:02:11,905 - INFO - Train Loss: 0.0559, Train Acc: 98.00%
2024-12-14 18:02:11,905 - INFO - Val Loss: 0.3211, Val Acc: 91.43%
2024-12-14 18:02:11,906 - INFO - Class 0 Accuracy: 97.02%
2024-12-14 18:02:11,906 - INFO - Class 1 Accuracy: 93.55%
2024-12-14 18:02:11,907 - INFO - Class 2 Accuracy: 82.78%
2024-12-14 18:02:11,908 - INFO - Class 3 Accuracy: 92.30%
2024-12-14 18:02:11,909 - INFO - Class 4 Accuracy: 83.45%
2024-12-14 18:02:12,232 - INFO - Saved checkpoint at epoch 29
2024-12-14 18:02:12,234 - INFO - Total samples is: <torch.utils.data.dataloader.DataLoader object at 0x0000014A2045D430>
2024-12-14 18:35:45,786 - INFO - Validation parameter calculation time: 0:00:00.014057
2024-12-14 18:35:45,787 - INFO - 
Epoch 30/500:
2024-12-14 18:35:45,787 - INFO - Train Loss: 0.0550, Train Acc: 98.05%
2024-12-14 18:35:45,787 - INFO - Val Loss: 0.3397, Val Acc: 91.20%
2024-12-14 18:35:45,788 - INFO - Class 0 Accuracy: 97.18%
2024-12-14 18:35:45,788 - INFO - Class 1 Accuracy: 93.74%
2024-12-14 18:35:45,789 - INFO - Class 2 Accuracy: 82.09%
2024-12-14 18:35:45,790 - INFO - Class 3 Accuracy: 92.30%
2024-12-14 18:35:45,790 - INFO - Class 4 Accuracy: 80.73%
2024-12-14 18:35:46,012 - INFO - Saved checkpoint at epoch 30
2024-12-14 18:35:46,013 - INFO - Total samples is: <torch.utils.data.dataloader.DataLoader object at 0x0000014A2045D430>
2024-12-14 19:09:22,544 - INFO - Validation parameter calculation time: 0:00:00.014077
2024-12-14 19:09:22,544 - INFO - 
Epoch 31/500:
2024-12-14 19:09:22,544 - INFO - Train Loss: 0.0540, Train Acc: 98.07%
2024-12-14 19:09:22,544 - INFO - Val Loss: 0.3428, Val Acc: 91.14%
2024-12-14 19:09:22,545 - INFO - Class 0 Accuracy: 96.91%
2024-12-14 19:09:22,545 - INFO - Class 1 Accuracy: 94.13%
2024-12-14 19:09:22,546 - INFO - Class 2 Accuracy: 82.56%
2024-12-14 19:09:22,546 - INFO - Class 3 Accuracy: 91.09%
2024-12-14 19:09:22,546 - INFO - Class 4 Accuracy: 81.82%
2024-12-14 19:09:22,793 - INFO - Saved checkpoint at epoch 31
2024-12-14 19:09:22,794 - INFO - Total samples is: <torch.utils.data.dataloader.DataLoader object at 0x0000014A2045D430>
2024-12-14 19:42:50,612 - INFO - Validation parameter calculation time: 0:00:00.014039
2024-12-14 19:42:50,613 - INFO - 
Epoch 32/500:
2024-12-14 19:42:50,613 - INFO - Train Loss: 0.0544, Train Acc: 98.07%
2024-12-14 19:42:50,613 - INFO - Val Loss: 0.3311, Val Acc: 91.39%
2024-12-14 19:42:50,613 - INFO - Class 0 Accuracy: 96.71%
2024-12-14 19:42:50,613 - INFO - Class 1 Accuracy: 94.20%
2024-12-14 19:42:50,614 - INFO - Class 2 Accuracy: 83.17%
2024-12-14 19:42:50,614 - INFO - Class 3 Accuracy: 91.84%
2024-12-14 19:42:50,615 - INFO - Class 4 Accuracy: 83.67%
2024-12-14 19:42:50,861 - INFO - Saved checkpoint at epoch 32
2024-12-14 19:42:50,862 - INFO - Total samples is: <torch.utils.data.dataloader.DataLoader object at 0x0000014A2045D430>
2024-12-14 20:16:25,008 - INFO - Validation parameter calculation time: 0:00:00.014170
2024-12-14 20:16:25,008 - INFO - 
Epoch 33/500:
2024-12-14 20:16:25,008 - INFO - Train Loss: 0.0542, Train Acc: 98.07%
2024-12-14 20:16:25,008 - INFO - Val Loss: 0.3205, Val Acc: 91.59%
2024-12-14 20:16:25,009 - INFO - Class 0 Accuracy: 97.20%
2024-12-14 20:16:25,009 - INFO - Class 1 Accuracy: 92.63%
2024-12-14 20:16:25,010 - INFO - Class 2 Accuracy: 83.26%
2024-12-14 20:16:25,010 - INFO - Class 3 Accuracy: 92.16%
2024-12-14 20:16:25,011 - INFO - Class 4 Accuracy: 83.20%
2024-12-14 20:16:25,240 - INFO - Saved best model with accuracy: 91.59%
2024-12-14 20:16:25,639 - INFO - Saved checkpoint at epoch 33
2024-12-14 20:16:25,641 - INFO - Total samples is: <torch.utils.data.dataloader.DataLoader object at 0x0000014A2045D430>
2024-12-14 20:50:01,128 - INFO - Validation parameter calculation time: 0:00:00.013922
2024-12-14 20:50:01,129 - INFO - 
Epoch 34/500:
2024-12-14 20:50:01,129 - INFO - Train Loss: 0.0537, Train Acc: 98.08%
2024-12-14 20:50:01,129 - INFO - Val Loss: 0.3257, Val Acc: 91.59%
2024-12-14 20:50:01,129 - INFO - Class 0 Accuracy: 96.86%
2024-12-14 20:50:01,130 - INFO - Class 1 Accuracy: 94.32%
2024-12-14 20:50:01,130 - INFO - Class 2 Accuracy: 83.15%
2024-12-14 20:50:01,131 - INFO - Class 3 Accuracy: 92.82%
2024-12-14 20:50:01,131 - INFO - Class 4 Accuracy: 83.94%
2024-12-14 20:50:01,337 - INFO - Saved checkpoint at epoch 34
2024-12-14 20:50:01,338 - INFO - Total samples is: <torch.utils.data.dataloader.DataLoader object at 0x0000014A2045D430>
2024-12-14 21:23:35,655 - INFO - Validation parameter calculation time: 0:00:00.014206
2024-12-14 21:23:35,656 - INFO - 
Epoch 35/500:
2024-12-14 21:23:35,656 - INFO - Train Loss: 0.0531, Train Acc: 98.10%
2024-12-14 21:23:35,656 - INFO - Val Loss: 0.3284, Val Acc: 91.49%
2024-12-14 21:23:35,657 - INFO - Class 0 Accuracy: 96.82%
2024-12-14 21:23:35,657 - INFO - Class 1 Accuracy: 93.84%
2024-12-14 21:23:35,658 - INFO - Class 2 Accuracy: 82.98%
2024-12-14 21:23:35,659 - INFO - Class 3 Accuracy: 92.62%
2024-12-14 21:23:35,660 - INFO - Class 4 Accuracy: 84.38%
2024-12-14 21:23:35,917 - INFO - Saved checkpoint at epoch 35
2024-12-14 21:23:35,919 - INFO - Total samples is: <torch.utils.data.dataloader.DataLoader object at 0x0000014A2045D430>
2024-12-14 21:57:13,728 - INFO - Validation parameter calculation time: 0:00:00.013685
2024-12-14 21:57:13,729 - INFO - 
Epoch 36/500:
2024-12-14 21:57:13,729 - INFO - Train Loss: 0.0532, Train Acc: 98.11%
2024-12-14 21:57:13,729 - INFO - Val Loss: 0.3798, Val Acc: 90.73%
2024-12-14 21:57:13,730 - INFO - Class 0 Accuracy: 97.01%
2024-12-14 21:57:13,730 - INFO - Class 1 Accuracy: 92.99%
2024-12-14 21:57:13,730 - INFO - Class 2 Accuracy: 80.58%
2024-12-14 21:57:13,731 - INFO - Class 3 Accuracy: 92.70%
2024-12-14 21:57:13,731 - INFO - Class 4 Accuracy: 82.32%
2024-12-14 21:57:13,968 - INFO - Saved checkpoint at epoch 36
2024-12-14 21:57:13,969 - INFO - Total samples is: <torch.utils.data.dataloader.DataLoader object at 0x0000014A2045D430>
2024-12-14 22:30:48,137 - INFO - Validation parameter calculation time: 0:00:00.013698
2024-12-14 22:30:48,138 - INFO - 
Epoch 37/500:
2024-12-14 22:30:48,139 - INFO - Train Loss: 0.0536, Train Acc: 98.08%
2024-12-14 22:30:48,139 - INFO - Val Loss: 0.3393, Val Acc: 91.36%
2024-12-14 22:30:48,139 - INFO - Class 0 Accuracy: 96.91%
2024-12-14 22:30:48,139 - INFO - Class 1 Accuracy: 94.59%
2024-12-14 22:30:48,140 - INFO - Class 2 Accuracy: 82.81%
2024-12-14 22:30:48,140 - INFO - Class 3 Accuracy: 91.85%
2024-12-14 22:30:48,141 - INFO - Class 4 Accuracy: 82.61%
2024-12-14 22:30:48,354 - INFO - Saved checkpoint at epoch 37
2024-12-14 22:30:48,355 - INFO - Total samples is: <torch.utils.data.dataloader.DataLoader object at 0x0000014A2045D430>
2024-12-14 23:04:24,827 - INFO - Validation parameter calculation time: 0:00:00.014119
2024-12-14 23:04:24,827 - INFO - 
Epoch 38/500:
2024-12-14 23:04:24,827 - INFO - Train Loss: 0.0527, Train Acc: 98.12%
2024-12-14 23:04:24,827 - INFO - Val Loss: 0.3280, Val Acc: 91.56%
2024-12-14 23:04:24,828 - INFO - Class 0 Accuracy: 97.03%
2024-12-14 23:04:24,828 - INFO - Class 1 Accuracy: 94.59%
2024-12-14 23:04:24,828 - INFO - Class 2 Accuracy: 83.05%
2024-12-14 23:04:24,829 - INFO - Class 3 Accuracy: 92.18%
2024-12-14 23:04:24,829 - INFO - Class 4 Accuracy: 83.35%
2024-12-14 23:04:25,071 - INFO - Saved checkpoint at epoch 38
2024-12-14 23:04:25,073 - INFO - Total samples is: <torch.utils.data.dataloader.DataLoader object at 0x0000014A2045D430>
2024-12-14 23:38:01,321 - INFO - Validation parameter calculation time: 0:00:00.014524
2024-12-14 23:38:01,321 - INFO - 
Epoch 39/500:
2024-12-14 23:38:01,321 - INFO - Train Loss: 0.0534, Train Acc: 98.10%
2024-12-14 23:38:01,321 - INFO - Val Loss: 0.3277, Val Acc: 91.43%
2024-12-14 23:38:01,322 - INFO - Class 0 Accuracy: 96.68%
2024-12-14 23:38:01,322 - INFO - Class 1 Accuracy: 93.70%
2024-12-14 23:38:01,323 - INFO - Class 2 Accuracy: 83.22%
2024-12-14 23:38:01,323 - INFO - Class 3 Accuracy: 92.02%
2024-12-14 23:38:01,323 - INFO - Class 4 Accuracy: 84.61%
2024-12-14 23:38:01,538 - INFO - Saved checkpoint at epoch 39
2024-12-14 23:38:01,538 - INFO - Total samples is: <torch.utils.data.dataloader.DataLoader object at 0x0000014A2045D430>
2024-12-15 00:11:38,430 - INFO - Validation parameter calculation time: 0:00:00.014123
2024-12-15 00:11:38,431 - INFO - 
Epoch 40/500:
2024-12-15 00:11:38,431 - INFO - Train Loss: 0.0527, Train Acc: 98.11%
2024-12-15 00:11:38,431 - INFO - Val Loss: 0.3410, Val Acc: 91.31%
2024-12-15 00:11:38,431 - INFO - Class 0 Accuracy: 96.83%
2024-12-15 00:11:38,431 - INFO - Class 1 Accuracy: 94.65%
2024-12-15 00:11:38,432 - INFO - Class 2 Accuracy: 82.48%
2024-12-15 00:11:38,432 - INFO - Class 3 Accuracy: 92.04%
2024-12-15 00:11:38,432 - INFO - Class 4 Accuracy: 84.09%
2024-12-15 00:11:38,667 - INFO - Saved checkpoint at epoch 40
2024-12-15 00:11:38,668 - INFO - Total samples is: <torch.utils.data.dataloader.DataLoader object at 0x0000014A2045D430>
2024-12-15 00:45:16,097 - INFO - Validation parameter calculation time: 0:00:00.014190
2024-12-15 00:45:16,097 - INFO - 
Epoch 41/500:
2024-12-15 00:45:16,097 - INFO - Train Loss: 0.0523, Train Acc: 98.12%
2024-12-15 00:45:16,097 - INFO - Val Loss: 0.3091, Val Acc: 91.93%
2024-12-15 00:45:16,098 - INFO - Class 0 Accuracy: 96.73%
2024-12-15 00:45:16,098 - INFO - Class 1 Accuracy: 94.30%
2024-12-15 00:45:16,099 - INFO - Class 2 Accuracy: 84.73%
2024-12-15 00:45:16,099 - INFO - Class 3 Accuracy: 92.27%
2024-12-15 00:45:16,099 - INFO - Class 4 Accuracy: 83.66%
2024-12-15 00:45:16,351 - INFO - Saved best model with accuracy: 91.93%
2024-12-15 00:45:16,694 - INFO - Saved checkpoint at epoch 41
2024-12-15 00:45:16,695 - INFO - Total samples is: <torch.utils.data.dataloader.DataLoader object at 0x0000014A2045D430>
2024-12-15 01:18:53,039 - INFO - Validation parameter calculation time: 0:00:00.014116
2024-12-15 01:18:53,039 - INFO - 
Epoch 42/500:
2024-12-15 01:18:53,039 - INFO - Train Loss: 0.0522, Train Acc: 98.12%
2024-12-15 01:18:53,039 - INFO - Val Loss: 0.3290, Val Acc: 91.30%
2024-12-15 01:18:53,039 - INFO - Class 0 Accuracy: 97.06%
2024-12-15 01:18:53,040 - INFO - Class 1 Accuracy: 94.48%
2024-12-15 01:18:53,041 - INFO - Class 2 Accuracy: 82.20%
2024-12-15 01:18:53,041 - INFO - Class 3 Accuracy: 92.09%
2024-12-15 01:18:53,042 - INFO - Class 4 Accuracy: 83.39%
2024-12-15 01:18:53,265 - INFO - Saved checkpoint at epoch 42
2024-12-15 01:18:53,267 - INFO - Total samples is: <torch.utils.data.dataloader.DataLoader object at 0x0000014A2045D430>
2024-12-15 01:52:27,141 - INFO - Validation parameter calculation time: 0:00:00.013701
2024-12-15 01:52:27,142 - INFO - 
Epoch 43/500:
2024-12-15 01:52:27,142 - INFO - Train Loss: 0.0522, Train Acc: 98.14%
2024-12-15 01:52:27,142 - INFO - Val Loss: 0.3341, Val Acc: 91.51%
2024-12-15 01:52:27,143 - INFO - Class 0 Accuracy: 96.93%
2024-12-15 01:52:27,143 - INFO - Class 1 Accuracy: 94.38%
2024-12-15 01:52:27,144 - INFO - Class 2 Accuracy: 82.70%
2024-12-15 01:52:27,144 - INFO - Class 3 Accuracy: 92.67%
2024-12-15 01:52:27,145 - INFO - Class 4 Accuracy: 84.99%
2024-12-15 01:52:27,382 - INFO - Saved checkpoint at epoch 43
2024-12-15 01:52:27,384 - INFO - Total samples is: <torch.utils.data.dataloader.DataLoader object at 0x0000014A2045D430>
2024-12-15 02:25:58,833 - INFO - Validation parameter calculation time: 0:00:00.013077
2024-12-15 02:25:58,834 - INFO - 
Epoch 44/500:
2024-12-15 02:25:58,834 - INFO - Train Loss: 0.0523, Train Acc: 98.13%
2024-12-15 02:25:58,834 - INFO - Val Loss: 0.3229, Val Acc: 91.58%
2024-12-15 02:25:58,835 - INFO - Class 0 Accuracy: 96.59%
2024-12-15 02:25:58,835 - INFO - Class 1 Accuracy: 94.34%
2024-12-15 02:25:58,836 - INFO - Class 2 Accuracy: 83.64%
2024-12-15 02:25:58,837 - INFO - Class 3 Accuracy: 92.39%
2024-12-15 02:25:58,837 - INFO - Class 4 Accuracy: 84.51%
2024-12-15 02:25:59,048 - INFO - Saved checkpoint at epoch 44
2024-12-15 02:25:59,050 - INFO - Total samples is: <torch.utils.data.dataloader.DataLoader object at 0x0000014A2045D430>
2024-12-15 02:59:32,522 - INFO - Validation parameter calculation time: 0:00:00.013549
2024-12-15 02:59:32,523 - INFO - 
Epoch 45/500:
2024-12-15 02:59:32,523 - INFO - Train Loss: 0.0524, Train Acc: 98.12%
2024-12-15 02:59:32,523 - INFO - Val Loss: 0.3100, Val Acc: 91.76%
2024-12-15 02:59:32,524 - INFO - Class 0 Accuracy: 97.00%
2024-12-15 02:59:32,524 - INFO - Class 1 Accuracy: 94.67%
2024-12-15 02:59:32,525 - INFO - Class 2 Accuracy: 83.41%
2024-12-15 02:59:32,526 - INFO - Class 3 Accuracy: 92.73%
2024-12-15 02:59:32,526 - INFO - Class 4 Accuracy: 84.34%
2024-12-15 02:59:32,754 - INFO - Saved checkpoint at epoch 45
2024-12-15 02:59:32,755 - INFO - Total samples is: <torch.utils.data.dataloader.DataLoader object at 0x0000014A2045D430>
2024-12-15 03:33:04,209 - INFO - Validation parameter calculation time: 0:00:00.013994
2024-12-15 03:33:04,209 - INFO - 
Epoch 46/500:
2024-12-15 03:33:04,209 - INFO - Train Loss: 0.0520, Train Acc: 98.15%
2024-12-15 03:33:04,209 - INFO - Val Loss: 0.3410, Val Acc: 91.33%
2024-12-15 03:33:04,210 - INFO - Class 0 Accuracy: 96.85%
2024-12-15 03:33:04,211 - INFO - Class 1 Accuracy: 93.79%
2024-12-15 03:33:04,211 - INFO - Class 2 Accuracy: 82.41%
2024-12-15 03:33:04,212 - INFO - Class 3 Accuracy: 92.63%
2024-12-15 03:33:04,212 - INFO - Class 4 Accuracy: 84.39%
2024-12-15 03:33:04,465 - INFO - Saved checkpoint at epoch 46
2024-12-15 03:33:04,466 - INFO - Total samples is: <torch.utils.data.dataloader.DataLoader object at 0x0000014A2045D430>
2024-12-15 04:06:36,428 - INFO - Validation parameter calculation time: 0:00:00.014110
2024-12-15 04:06:36,428 - INFO - 
Epoch 47/500:
2024-12-15 04:06:36,428 - INFO - Train Loss: 0.0522, Train Acc: 98.13%
2024-12-15 04:06:36,428 - INFO - Val Loss: 0.3423, Val Acc: 91.31%
2024-12-15 04:06:36,429 - INFO - Class 0 Accuracy: 96.87%
2024-12-15 04:06:36,429 - INFO - Class 1 Accuracy: 94.65%
2024-12-15 04:06:36,430 - INFO - Class 2 Accuracy: 82.64%
2024-12-15 04:06:36,431 - INFO - Class 3 Accuracy: 91.79%
2024-12-15 04:06:36,431 - INFO - Class 4 Accuracy: 83.22%
2024-12-15 04:06:36,667 - INFO - Saved checkpoint at epoch 47
2024-12-15 04:06:36,668 - INFO - Total samples is: <torch.utils.data.dataloader.DataLoader object at 0x0000014A2045D430>
2024-12-15 04:40:10,524 - INFO - Validation parameter calculation time: 0:00:00.014131
2024-12-15 04:40:10,524 - INFO - 
Epoch 48/500:
2024-12-15 04:40:10,524 - INFO - Train Loss: 0.0523, Train Acc: 98.13%
2024-12-15 04:40:10,524 - INFO - Val Loss: 0.3395, Val Acc: 91.34%
2024-12-15 04:40:10,525 - INFO - Class 0 Accuracy: 96.83%
2024-12-15 04:40:10,525 - INFO - Class 1 Accuracy: 94.41%
2024-12-15 04:40:10,525 - INFO - Class 2 Accuracy: 82.47%
2024-12-15 04:40:10,526 - INFO - Class 3 Accuracy: 92.80%
2024-12-15 04:40:10,526 - INFO - Class 4 Accuracy: 83.23%
2024-12-15 04:40:10,761 - INFO - Saved checkpoint at epoch 48
2024-12-15 04:40:10,762 - INFO - Total samples is: <torch.utils.data.dataloader.DataLoader object at 0x0000014A2045D430>
2024-12-15 05:13:42,432 - INFO - Validation parameter calculation time: 0:00:00.013545
2024-12-15 05:13:42,433 - INFO - 
Epoch 49/500:
2024-12-15 05:13:42,433 - INFO - Train Loss: 0.0525, Train Acc: 98.13%
2024-12-15 05:13:42,433 - INFO - Val Loss: 0.3184, Val Acc: 91.62%
2024-12-15 05:13:42,434 - INFO - Class 0 Accuracy: 96.67%
2024-12-15 05:13:42,434 - INFO - Class 1 Accuracy: 93.93%
2024-12-15 05:13:42,434 - INFO - Class 2 Accuracy: 84.04%
2024-12-15 05:13:42,435 - INFO - Class 3 Accuracy: 92.03%
2024-12-15 05:13:42,436 - INFO - Class 4 Accuracy: 83.18%
2024-12-15 05:13:42,668 - INFO - Saved checkpoint at epoch 49
2024-12-15 05:13:42,670 - INFO - Total samples is: <torch.utils.data.dataloader.DataLoader object at 0x0000014A2045D430>
2024-12-15 05:47:15,124 - INFO - Validation parameter calculation time: 0:00:00.014057
2024-12-15 05:47:15,125 - INFO - 
Epoch 50/500:
2024-12-15 05:47:15,125 - INFO - Train Loss: 0.0520, Train Acc: 98.14%
2024-12-15 05:47:15,125 - INFO - Val Loss: 0.3364, Val Acc: 91.53%
2024-12-15 05:47:15,125 - INFO - Class 0 Accuracy: 96.93%
2024-12-15 05:47:15,126 - INFO - Class 1 Accuracy: 93.95%
2024-12-15 05:47:15,126 - INFO - Class 2 Accuracy: 83.01%
2024-12-15 05:47:15,126 - INFO - Class 3 Accuracy: 92.37%
2024-12-15 05:47:15,127 - INFO - Class 4 Accuracy: 84.36%
2024-12-15 05:47:15,353 - INFO - Saved checkpoint at epoch 50
2024-12-15 05:47:15,354 - INFO - Total samples is: <torch.utils.data.dataloader.DataLoader object at 0x0000014A2045D430>
2024-12-15 06:20:52,578 - INFO - Validation parameter calculation time: 0:00:00.015108
2024-12-15 06:20:52,578 - INFO - 
Epoch 51/500:
2024-12-15 06:20:52,578 - INFO - Train Loss: 0.0518, Train Acc: 98.14%
2024-12-15 06:20:52,578 - INFO - Val Loss: 0.3280, Val Acc: 91.58%
2024-12-15 06:20:52,580 - INFO - Class 0 Accuracy: 96.96%
2024-12-15 06:20:52,580 - INFO - Class 1 Accuracy: 94.41%
2024-12-15 06:20:52,581 - INFO - Class 2 Accuracy: 83.37%
2024-12-15 06:20:52,581 - INFO - Class 3 Accuracy: 91.89%
2024-12-15 06:20:52,582 - INFO - Class 4 Accuracy: 83.50%
2024-12-15 06:20:52,822 - INFO - Saved checkpoint at epoch 51
2024-12-15 06:20:52,823 - INFO - Total samples is: <torch.utils.data.dataloader.DataLoader object at 0x0000014A2045D430>
2024-12-15 06:54:26,968 - INFO - Validation parameter calculation time: 0:00:00.014149
2024-12-15 06:54:26,968 - INFO - 
Epoch 52/500:
2024-12-15 06:54:26,969 - INFO - Train Loss: 0.0520, Train Acc: 98.15%
2024-12-15 06:54:26,969 - INFO - Val Loss: 0.3290, Val Acc: 91.61%
2024-12-15 06:54:26,970 - INFO - Class 0 Accuracy: 96.92%
2024-12-15 06:54:26,970 - INFO - Class 1 Accuracy: 94.30%
2024-12-15 06:54:26,971 - INFO - Class 2 Accuracy: 83.32%
2024-12-15 06:54:26,971 - INFO - Class 3 Accuracy: 92.57%
2024-12-15 06:54:26,972 - INFO - Class 4 Accuracy: 83.28%
2024-12-15 06:54:27,198 - INFO - Saved checkpoint at epoch 52
2024-12-15 06:54:27,199 - INFO - Total samples is: <torch.utils.data.dataloader.DataLoader object at 0x0000014A2045D430>
2024-12-15 07:28:02,107 - INFO - Validation parameter calculation time: 0:00:00.014236
2024-12-15 07:28:02,107 - INFO - 
Epoch 53/500:
2024-12-15 07:28:02,107 - INFO - Train Loss: 0.0520, Train Acc: 98.16%
2024-12-15 07:28:02,107 - INFO - Val Loss: 0.3588, Val Acc: 91.18%
2024-12-15 07:28:02,108 - INFO - Class 0 Accuracy: 96.87%
2024-12-15 07:28:02,108 - INFO - Class 1 Accuracy: 94.18%
2024-12-15 07:28:02,109 - INFO - Class 2 Accuracy: 81.88%
2024-12-15 07:28:02,109 - INFO - Class 3 Accuracy: 92.54%
2024-12-15 07:28:02,110 - INFO - Class 4 Accuracy: 84.27%
2024-12-15 07:28:02,422 - INFO - Saved checkpoint at epoch 53
2024-12-15 07:28:02,424 - INFO - Total samples is: <torch.utils.data.dataloader.DataLoader object at 0x0000014A2045D430>
2024-12-15 08:01:37,184 - INFO - Validation parameter calculation time: 0:00:00.015041
2024-12-15 08:01:37,185 - INFO - 
Epoch 54/500:
2024-12-15 08:01:37,185 - INFO - Train Loss: 0.0524, Train Acc: 98.12%
2024-12-15 08:01:37,185 - INFO - Val Loss: 0.3481, Val Acc: 91.33%
2024-12-15 08:01:37,186 - INFO - Class 0 Accuracy: 96.80%
2024-12-15 08:01:37,186 - INFO - Class 1 Accuracy: 94.34%
2024-12-15 08:01:37,187 - INFO - Class 2 Accuracy: 82.55%
2024-12-15 08:01:37,187 - INFO - Class 3 Accuracy: 92.56%
2024-12-15 08:01:37,188 - INFO - Class 4 Accuracy: 83.61%
2024-12-15 08:01:37,414 - INFO - Saved checkpoint at epoch 54
2024-12-15 08:01:37,415 - INFO - Total samples is: <torch.utils.data.dataloader.DataLoader object at 0x0000014A2045D430>
2024-12-15 08:35:08,327 - INFO - Validation parameter calculation time: 0:00:00.013617
2024-12-15 08:35:08,328 - INFO - 
Epoch 55/500:
2024-12-15 08:35:08,328 - INFO - Train Loss: 0.0525, Train Acc: 98.13%
2024-12-15 08:35:08,328 - INFO - Val Loss: 0.3458, Val Acc: 91.36%
2024-12-15 08:35:08,328 - INFO - Class 0 Accuracy: 97.01%
2024-12-15 08:35:08,329 - INFO - Class 1 Accuracy: 94.48%
2024-12-15 08:35:08,330 - INFO - Class 2 Accuracy: 82.44%
2024-12-15 08:35:08,330 - INFO - Class 3 Accuracy: 92.28%
2024-12-15 08:35:08,331 - INFO - Class 4 Accuracy: 83.06%
2024-12-15 08:35:08,568 - INFO - Saved checkpoint at epoch 55
2024-12-15 08:35:08,569 - INFO - Total samples is: <torch.utils.data.dataloader.DataLoader object at 0x0000014A2045D430>
2024-12-15 09:08:46,842 - INFO - Validation parameter calculation time: 0:00:00.014274
2024-12-15 09:08:46,843 - INFO - 
Epoch 56/500:
2024-12-15 09:08:46,843 - INFO - Train Loss: 0.0531, Train Acc: 98.12%
2024-12-15 09:08:46,843 - INFO - Val Loss: 0.3267, Val Acc: 91.64%
2024-12-15 09:08:46,843 - INFO - Class 0 Accuracy: 96.64%
2024-12-15 09:08:46,844 - INFO - Class 1 Accuracy: 94.52%
2024-12-15 09:08:46,844 - INFO - Class 2 Accuracy: 83.45%
2024-12-15 09:08:46,845 - INFO - Class 3 Accuracy: 93.05%
2024-12-15 09:08:46,845 - INFO - Class 4 Accuracy: 84.71%
2024-12-15 09:08:47,072 - INFO - Saved checkpoint at epoch 56
2024-12-15 09:08:47,073 - INFO - Total samples is: <torch.utils.data.dataloader.DataLoader object at 0x0000014A2045D430>
2024-12-15 09:42:23,215 - INFO - Validation parameter calculation time: 0:00:00.013846
2024-12-15 09:42:23,216 - INFO - 
Epoch 57/500:
2024-12-15 09:42:23,216 - INFO - Train Loss: 0.0525, Train Acc: 98.11%
2024-12-15 09:42:23,216 - INFO - Val Loss: 0.3387, Val Acc: 91.40%
2024-12-15 09:42:23,217 - INFO - Class 0 Accuracy: 96.79%
2024-12-15 09:42:23,217 - INFO - Class 1 Accuracy: 94.93%
2024-12-15 09:42:23,217 - INFO - Class 2 Accuracy: 83.09%
2024-12-15 09:42:23,218 - INFO - Class 3 Accuracy: 91.56%
2024-12-15 09:42:23,218 - INFO - Class 4 Accuracy: 83.38%
2024-12-15 09:42:23,484 - INFO - Saved checkpoint at epoch 57
2024-12-15 09:42:23,486 - INFO - Total samples is: <torch.utils.data.dataloader.DataLoader object at 0x0000014A2045D430>
2024-12-15 10:15:57,801 - INFO - Validation parameter calculation time: 0:00:00.013665
2024-12-15 10:15:57,802 - INFO - 
Epoch 58/500:
2024-12-15 10:15:57,802 - INFO - Train Loss: 0.0519, Train Acc: 98.15%
2024-12-15 10:15:57,802 - INFO - Val Loss: 0.3301, Val Acc: 91.56%
2024-12-15 10:15:57,803 - INFO - Class 0 Accuracy: 96.78%
2024-12-15 10:15:57,804 - INFO - Class 1 Accuracy: 93.59%
2024-12-15 10:15:57,804 - INFO - Class 2 Accuracy: 83.32%
2024-12-15 10:15:57,804 - INFO - Class 3 Accuracy: 92.68%
2024-12-15 10:15:57,805 - INFO - Class 4 Accuracy: 84.29%
2024-12-15 10:15:58,036 - INFO - Saved checkpoint at epoch 58
2024-12-15 10:15:58,037 - INFO - Total samples is: <torch.utils.data.dataloader.DataLoader object at 0x0000014A2045D430>
