2024-12-19 18:22:52,165 - INFO - Training configuration:
2024-12-19 18:22:52,166 - INFO - num_points: 4096
2024-12-19 18:22:52,166 - INFO - chunk_size: 4096
2024-12-19 18:22:52,166 - INFO - overlap: 1024
2024-12-19 18:22:52,166 - INFO - batch_size: 16
2024-12-19 18:22:52,166 - INFO - num_workers: 0
2024-12-19 18:22:52,166 - INFO - learning_rate: 0.001
2024-12-19 18:22:52,166 - INFO - num_classes: 5
2024-12-19 18:22:52,166 - INFO - num_epochs: 500
2024-12-19 18:22:52,166 - INFO - device: cuda
2024-12-19 18:22:52,166 - INFO - Using device: cuda
2024-12-19 18:22:52,180 - INFO - Loading dataset from cache: ../data/CB/section/train//cache\dataset_cache_points4096_size1.0_rate0.4_transformTrue_hash7cfce2e7.pt
2024-12-19 18:55:03,754 - INFO - Successfully loaded 49224 blocks from cache
2024-12-19 18:55:03,756 - INFO - Loading dataset from cache: ../data/CB/section/val//cache\dataset_cache_points4096_size1.0_rate0.4_transformFalse_hash953a0685.pt
2024-12-19 19:17:56,168 - INFO - Successfully loaded 8003 blocks from cache
2024-12-19 19:17:56,169 - INFO - reading val data
2024-12-19 19:17:56,170 - INFO - Train dataset size: 49224
2024-12-19 19:17:56,170 - INFO - Val dataset size: 8003
2024-12-19 19:18:00,561 - INFO - Total samples is: <torch.utils.data.dataloader.DataLoader object at 0x0000021728374FE0>
2024-12-20 12:21:40,083 - INFO - Validation parameter calculation time: 0:00:00.053453
2024-12-20 12:21:40,084 - INFO - 
Epoch 1/500:
2024-12-20 12:21:40,084 - INFO - Train Loss: 0.4701, Train Acc: 83.08%
2024-12-20 12:21:40,084 - INFO - Val Loss: 0.4249, Val Acc: 85.49%
2024-12-20 12:21:40,164 - INFO - Class 0 Accuracy: 94.37%
2024-12-20 12:21:40,165 - INFO - Class 1 Accuracy: 54.68%
2024-12-20 12:21:40,165 - INFO - Class 2 Accuracy: 77.86%
2024-12-20 12:21:40,166 - INFO - Class 3 Accuracy: 86.25%
2024-12-20 12:21:40,166 - INFO - Class 4 Accuracy: 73.29%
2024-12-20 12:21:40,606 - INFO - Saved best model with accuracy: 85.49%
2024-12-20 12:21:41,007 - INFO - Saved checkpoint at epoch 1
2024-12-20 12:21:41,009 - INFO - Total samples is: <torch.utils.data.dataloader.DataLoader object at 0x0000021728374FE0>
