2024-12-09 13:06:17,913 - INFO - Training configuration:
2024-12-09 13:06:17,914 - INFO - num_points: 4096
2024-12-09 13:06:17,914 - INFO - chunk_size: 4096
2024-12-09 13:06:17,914 - INFO - overlap: 1024
2024-12-09 13:06:17,914 - INFO - batch_size: 16
2024-12-09 13:06:17,914 - INFO - num_workers: 0
2024-12-09 13:06:17,914 - INFO - learning_rate: 0.001
2024-12-09 13:06:17,915 - INFO - num_classes: 5
2024-12-09 13:06:17,915 - INFO - num_epochs: 500
2024-12-09 13:06:17,915 - INFO - device: cuda
2024-12-09 13:06:17,915 - INFO - Using device: cuda
2024-12-09 13:06:17,919 - INFO - No cache found. Processing dataset...
2024-12-09 13:06:17,919 - INFO - Found 91 las files:
2024-12-09 13:06:17,919 - INFO -   - cb1-1.las
2024-12-09 13:06:17,920 - INFO -   - cb1-10.las
2024-12-09 13:06:17,920 - INFO -   - cb1-11.las
2024-12-09 13:06:17,920 - INFO -   - cb1-12.las
2024-12-09 13:06:17,920 - INFO -   - cb1-13.las
2024-12-09 13:06:17,920 - INFO -   - cb1-14.las
2024-12-09 13:06:17,920 - INFO -   - cb1-2.las
2024-12-09 13:06:17,920 - INFO -   - cb1-3.las
2024-12-09 13:06:17,920 - INFO -   - cb1-4.las
2024-12-09 13:06:17,920 - INFO -   - cb1-5.las
2024-12-09 13:06:17,920 - INFO -   - cb1-6.las
2024-12-09 13:06:17,920 - INFO -   - cb1-7.las
2024-12-09 13:06:17,920 - INFO -   - cb1-8.las
2024-12-09 13:06:17,920 - INFO -   - cb1-9.las
2024-12-09 13:06:17,920 - INFO -   - cb10-1.las
2024-12-09 13:06:17,920 - INFO -   - cb10-10.las
2024-12-09 13:06:17,921 - INFO -   - cb10-11.las
2024-12-09 13:06:17,921 - INFO -   - cb10-12.las
2024-12-09 13:06:17,921 - INFO -   - cb10-13.las
2024-12-09 13:06:17,921 - INFO -   - cb10-2.las
2024-12-09 13:06:17,921 - INFO -   - cb10-3.las
2024-12-09 13:06:17,921 - INFO -   - cb10-4.las
2024-12-09 13:06:17,921 - INFO -   - cb10-5.las
2024-12-09 13:06:17,921 - INFO -   - cb10-6.las
2024-12-09 13:06:17,921 - INFO -   - cb10-7.las
2024-12-09 13:06:17,921 - INFO -   - cb10-8.las
2024-12-09 13:06:17,921 - INFO -   - cb10-9.las
2024-12-09 13:06:17,921 - INFO -   - cb4-1.las
2024-12-09 13:06:17,921 - INFO -   - cb4-10.las
2024-12-09 13:06:17,921 - INFO -   - cb4-11.las
2024-12-09 13:06:17,921 - INFO -   - cb4-2.las
2024-12-09 13:06:17,921 - INFO -   - cb4-3.las
2024-12-09 13:06:17,921 - INFO -   - cb4-5.las
2024-12-09 13:06:17,921 - INFO -   - cb4-6.las
2024-12-09 13:06:17,921 - INFO -   - cb4-7.las
2024-12-09 13:06:17,921 - INFO -   - cb4-8.las
2024-12-09 13:06:17,921 - INFO -   - cb4-9.las
2024-12-09 13:06:17,922 - INFO -   - cb6-1.las
2024-12-09 13:06:17,922 - INFO -   - cb6-10.las
2024-12-09 13:06:17,922 - INFO -   - cb6-11.las
2024-12-09 13:06:17,922 - INFO -   - cb6-12.las
2024-12-09 13:06:17,922 - INFO -   - cb6-13.las
2024-12-09 13:06:17,922 - INFO -   - cb6-2.las
2024-12-09 13:06:17,922 - INFO -   - cb6-3.las
2024-12-09 13:06:17,922 - INFO -   - cb6-4.las
2024-12-09 13:06:17,922 - INFO -   - cb6-5.las
2024-12-09 13:06:17,922 - INFO -   - cb6-6.las
2024-12-09 13:06:17,922 - INFO -   - cb6-7.las
2024-12-09 13:06:17,922 - INFO -   - cb6-8.las
2024-12-09 13:06:17,922 - INFO -   - cb6-9.las
2024-12-09 13:06:17,922 - INFO -   - cb7-1.las
2024-12-09 13:06:17,922 - INFO -   - cb7-10.las
2024-12-09 13:06:17,922 - INFO -   - cb7-11.las
2024-12-09 13:06:17,922 - INFO -   - cb7-12.las
2024-12-09 13:06:17,922 - INFO -   - cb7-13.las
2024-12-09 13:06:17,922 - INFO -   - cb7-2.las
2024-12-09 13:06:17,922 - INFO -   - cb7-3.las
2024-12-09 13:06:17,923 - INFO -   - cb7-4.las
2024-12-09 13:06:17,923 - INFO -   - cb7-5.las
2024-12-09 13:06:17,923 - INFO -   - cb7-6.las
2024-12-09 13:06:17,923 - INFO -   - cb7-7.las
2024-12-09 13:06:17,923 - INFO -   - cb7-8.las
2024-12-09 13:06:17,923 - INFO -   - cb7-9.las
2024-12-09 13:06:17,923 - INFO -   - cb8-1.las
2024-12-09 13:06:17,923 - INFO -   - cb8-10.las
2024-12-09 13:06:17,923 - INFO -   - cb8-11.las
2024-12-09 13:06:17,923 - INFO -   - cb8-12.las
2024-12-09 13:06:17,923 - INFO -   - cb8-13.las
2024-12-09 13:06:17,923 - INFO -   - cb8-2.las
2024-12-09 13:06:17,923 - INFO -   - cb8-3.las
2024-12-09 13:06:17,923 - INFO -   - cb8-4.las
2024-12-09 13:06:17,923 - INFO -   - cb8-5.las
2024-12-09 13:06:17,923 - INFO -   - cb8-6.las
2024-12-09 13:06:17,923 - INFO -   - cb8-7.las
2024-12-09 13:06:17,923 - INFO -   - cb8-8.las
2024-12-09 13:06:17,923 - INFO -   - cb8-9.las
2024-12-09 13:06:17,923 - INFO -   - cb9-1.las
2024-12-09 13:06:17,924 - INFO -   - cb9-10.las
2024-12-09 13:06:17,924 - INFO -   - cb9-11.las
2024-12-09 13:06:17,924 - INFO -   - cb9-12.las
2024-12-09 13:06:17,924 - INFO -   - cb9-13.las
2024-12-09 13:06:17,924 - INFO -   - cb9-14.las
2024-12-09 13:06:17,924 - INFO -   - cb9-15.las
2024-12-09 13:06:17,924 - INFO -   - cb9-2.las
2024-12-09 13:06:17,924 - INFO -   - cb9-3.las
2024-12-09 13:06:17,924 - INFO -   - cb9-4.las
2024-12-09 13:06:17,924 - INFO -   - cb9-5.las
2024-12-09 13:06:17,924 - INFO -   - cb9-6.las
2024-12-09 13:06:17,924 - INFO -   - cb9-7.las
2024-12-09 13:06:17,924 - INFO -   - cb9-8.las
2024-12-09 13:06:17,924 - INFO -   - cb9-9.las
2024-12-09 13:06:17,927 - INFO - Processing cb1-1.las
2024-12-09 13:06:17,927 - INFO - Loading data/CB/section/train\cb1-1.las
2024-12-09 13:06:18,056 - INFO - Loaded 676329 points from cb1-1.las
2024-12-09 13:06:18,359 - INFO - Total points: 676329, Iterations: 49
2024-12-09 13:06:19,616 - INFO - Created 70 blocks
2024-12-09 13:06:19,617 - INFO - Processing cb1-10.las
2024-12-09 13:06:19,617 - INFO - Loading data/CB/section/train\cb1-10.las
2024-12-09 13:06:20,270 - INFO - Loaded 3924961 points from cb1-10.las
2024-12-09 13:06:20,342 - INFO - Total points: 3924961, Iterations: 287
