2024-11-20 21:53:55,111 - INFO - Training configuration:
2024-11-20 21:53:55,111 - INFO - num_points: 4096
2024-11-20 21:53:55,112 - INFO - chunk_size: 4096
2024-11-20 21:53:55,112 - INFO - overlap: 2048
2024-11-20 21:53:55,112 - INFO - batch_size: 48
2024-11-20 21:53:55,112 - INFO - num_workers: 2
2024-11-20 21:53:55,112 - INFO - learning_rate: 0.001
2024-11-20 21:53:55,112 - INFO - num_classes: 5
2024-11-20 21:53:55,112 - INFO - num_epochs: 500
2024-11-20 21:53:55,112 - INFO - device: cuda
2024-11-20 21:53:55,112 - INFO - Using device: cuda
2024-11-20 21:53:55,112 - INFO - 开始预加载数据到内存...
2024-11-20 21:55:20,744 - INFO - 数据预加载完成，共 85264 个数据块
2024-11-20 21:55:20,814 - INFO - 有效标签: [0, 1, 2, 3, 4]
2024-11-20 21:55:21,712 - INFO - reading train data
2024-11-20 21:55:21,713 - INFO - 开始预加载数据到内存...
2024-11-20 21:55:32,426 - INFO - 数据预加载完成，共 4729 个数据块
2024-11-20 21:55:32,426 - INFO - 有效标签: [0, 1, 2, 3, 4]
2024-11-20 21:55:33,038 - INFO - 验证集创建完成，使用 945 个数据块 (总共 4729 个的 20.0%)
2024-11-20 21:55:33,038 - INFO - 有效标签: [0, 1, 2, 3, 4]
2024-11-20 21:55:33,038 - INFO - reading val data
2024-11-20 21:55:33,621 - INFO - Train dataset size: 85264
2024-11-20 21:55:33,622 - INFO - Val dataset size: 945
2024-11-20 21:55:46,408 - INFO - Total samples is: <torch.utils.data.dataloader.DataLoader object at 0x0000021382ACF230>
