2024-12-22 01:01:25,225 - INFO - Training configuration:
2024-12-22 01:01:25,226 - INFO - num_points: 4096
2024-12-22 01:01:25,226 - INFO - chunk_size: 4096
2024-12-22 01:01:25,226 - INFO - overlap: 1024
2024-12-22 01:01:25,226 - INFO - batch_size: 16
2024-12-22 01:01:25,226 - INFO - num_workers: 0
2024-12-22 01:01:25,226 - INFO - learning_rate: 0.001
2024-12-22 01:01:25,226 - INFO - num_classes: 5
2024-12-22 01:01:25,226 - INFO - num_epochs: 500
2024-12-22 01:01:25,226 - INFO - device: cuda
2024-12-22 01:01:25,226 - INFO - Using device: cuda
2024-12-22 01:01:25,229 - INFO - Loading dataset from cache: ../data/CB/section/train//cache\dataset_cache_points4096_size1.0_rate0.4_transformTrue_hash7cfce2e7.pt
2024-12-22 01:02:14,736 - INFO - Training configuration:
2024-12-22 01:02:14,736 - INFO - num_points: 4096
2024-12-22 01:02:14,736 - INFO - chunk_size: 4096
2024-12-22 01:02:14,736 - INFO - overlap: 1024
2024-12-22 01:02:14,736 - INFO - batch_size: 16
2024-12-22 01:02:14,736 - INFO - num_workers: 0
2024-12-22 01:02:14,736 - INFO - learning_rate: 0.001
2024-12-22 01:02:14,736 - INFO - num_classes: 5
2024-12-22 01:02:14,736 - INFO - num_epochs: 500
2024-12-22 01:02:14,736 - INFO - device: cuda
2024-12-22 01:02:14,736 - INFO - Using device: cuda
2024-12-22 01:02:14,739 - INFO - Loading dataset from cache: ../data/CB/section/train//cache\dataset_cache_points4096_size1.0_rate0.4_transformTrue_hash7cfce2e7.pt
2024-12-22 01:16:29,273 - INFO - Training configuration:
2024-12-22 01:16:29,274 - INFO - num_points: 4096
2024-12-22 01:16:29,274 - INFO - chunk_size: 4096
2024-12-22 01:16:29,274 - INFO - overlap: 1024
2024-12-22 01:16:29,274 - INFO - batch_size: 16
2024-12-22 01:16:29,274 - INFO - num_workers: 0
2024-12-22 01:16:29,274 - INFO - learning_rate: 0.001
2024-12-22 01:16:29,274 - INFO - num_classes: 5
2024-12-22 01:16:29,274 - INFO - num_epochs: 500
2024-12-22 01:16:29,274 - INFO - device: cuda
2024-12-22 01:16:29,274 - INFO - Using device: cuda
2024-12-22 01:16:29,277 - INFO - Loading dataset from cache: ../data/CB/section/train//cache\dataset_cache_points4096_size1.0_rate0.4_transformTrue_hash7cfce2e7.pt
2024-12-22 02:04:15,132 - INFO - Successfully loaded 49224 blocks from cache
2024-12-22 02:04:15,137 - INFO - Loading dataset from cache: ../data/CB/section/val//cache\dataset_cache_points4096_size1.0_rate0.4_transformFalse_hash953a0685.pt
2024-12-22 03:14:35,394 - INFO - Successfully loaded 8003 blocks from cache
2024-12-22 03:14:35,395 - INFO - reading val data
2024-12-22 03:14:35,395 - INFO - Train dataset size: 49224
2024-12-22 03:14:35,396 - INFO - Val dataset size: 8003
2024-12-22 03:14:42,170 - INFO - Total samples is: <torch.utils.data.dataloader.DataLoader object at 0x0000028A46AC2ED0>
2024-12-22 04:05:16,312 - INFO - Validation parameter calculation time: 0:00:00.022429
2024-12-22 04:05:16,313 - INFO - 
Epoch 1/500:
2024-12-22 04:05:16,313 - INFO - Train Loss: 0.3929, Train Acc: 86.06%
2024-12-22 04:05:16,313 - INFO - Val Loss: 0.3503, Val Acc: 87.03%
2024-12-22 04:05:16,313 - INFO - Class 0 Accuracy: 96.45%
2024-12-22 04:05:16,314 - INFO - Class 1 Accuracy: 66.88%
2024-12-22 04:05:16,314 - INFO - Class 2 Accuracy: 80.13%
2024-12-22 04:05:16,315 - INFO - Class 3 Accuracy: 86.33%
2024-12-22 04:05:16,316 - INFO - Class 4 Accuracy: 55.59%
2024-12-22 04:05:16,512 - INFO - Saved best model with accuracy: 87.03%
2024-12-22 04:05:17,289 - INFO - Saved checkpoint at epoch 1
2024-12-22 04:05:17,291 - INFO - Total samples is: <torch.utils.data.dataloader.DataLoader object at 0x0000028A46AC2ED0>
2024-12-22 04:55:46,820 - INFO - Validation parameter calculation time: 0:00:00.022067
2024-12-22 04:55:46,820 - INFO - 
Epoch 2/500:
2024-12-22 04:55:46,820 - INFO - Train Loss: 0.2283, Train Acc: 92.17%
2024-12-22 04:55:46,820 - INFO - Val Loss: 0.4186, Val Acc: 85.10%
2024-12-22 04:55:46,821 - INFO - Class 0 Accuracy: 90.97%
2024-12-22 04:55:46,822 - INFO - Class 1 Accuracy: 87.83%
2024-12-22 04:55:46,822 - INFO - Class 2 Accuracy: 75.15%
2024-12-22 04:55:46,823 - INFO - Class 3 Accuracy: 92.06%
2024-12-22 04:55:46,823 - INFO - Class 4 Accuracy: 68.74%
2024-12-22 04:55:47,406 - INFO - Saved checkpoint at epoch 2
2024-12-22 04:55:47,407 - INFO - Total samples is: <torch.utils.data.dataloader.DataLoader object at 0x0000028A46AC2ED0>
2024-12-22 05:46:05,436 - INFO - Validation parameter calculation time: 0:00:00.022113
2024-12-22 05:46:05,437 - INFO - 
Epoch 3/500:
2024-12-22 05:46:05,437 - INFO - Train Loss: 0.1940, Train Acc: 93.41%
2024-12-22 05:46:05,437 - INFO - Val Loss: 0.3099, Val Acc: 88.74%
2024-12-22 05:46:05,438 - INFO - Class 0 Accuracy: 97.09%
2024-12-22 05:46:05,438 - INFO - Class 1 Accuracy: 69.27%
2024-12-22 05:46:05,438 - INFO - Class 2 Accuracy: 82.94%
2024-12-22 05:46:05,439 - INFO - Class 3 Accuracy: 87.15%
2024-12-22 05:46:05,439 - INFO - Class 4 Accuracy: 62.17%
2024-12-22 05:46:05,689 - INFO - Saved best model with accuracy: 88.74%
2024-12-22 05:46:06,131 - INFO - Saved checkpoint at epoch 3
2024-12-22 05:46:06,133 - INFO - Total samples is: <torch.utils.data.dataloader.DataLoader object at 0x0000028A46AC2ED0>
2024-12-22 06:36:28,236 - INFO - Validation parameter calculation time: 0:00:00.022548
2024-12-22 06:36:28,236 - INFO - 
Epoch 4/500:
2024-12-22 06:36:28,236 - INFO - Train Loss: 0.1737, Train Acc: 94.06%
2024-12-22 06:36:28,236 - INFO - Val Loss: 0.3350, Val Acc: 88.18%
2024-12-22 06:36:28,237 - INFO - Class 0 Accuracy: 93.64%
2024-12-22 06:36:28,238 - INFO - Class 1 Accuracy: 81.78%
2024-12-22 06:36:28,238 - INFO - Class 2 Accuracy: 82.39%
2024-12-22 06:36:28,239 - INFO - Class 3 Accuracy: 88.47%
2024-12-22 06:36:28,239 - INFO - Class 4 Accuracy: 76.35%
2024-12-22 06:36:28,498 - INFO - Saved checkpoint at epoch 4
2024-12-22 06:36:28,499 - INFO - Total samples is: <torch.utils.data.dataloader.DataLoader object at 0x0000028A46AC2ED0>
2024-12-22 07:26:41,426 - INFO - Validation parameter calculation time: 0:00:00.022572
2024-12-22 07:26:41,427 - INFO - 
Epoch 5/500:
2024-12-22 07:26:41,427 - INFO - Train Loss: 0.1621, Train Acc: 94.50%
2024-12-22 07:26:41,427 - INFO - Val Loss: 0.3211, Val Acc: 89.11%
2024-12-22 07:26:41,428 - INFO - Class 0 Accuracy: 94.76%
2024-12-22 07:26:41,428 - INFO - Class 1 Accuracy: 71.49%
2024-12-22 07:26:41,429 - INFO - Class 2 Accuracy: 83.41%
2024-12-22 07:26:41,430 - INFO - Class 3 Accuracy: 93.14%
2024-12-22 07:26:41,430 - INFO - Class 4 Accuracy: 74.53%
2024-12-22 07:26:41,813 - INFO - Saved best model with accuracy: 89.11%
2024-12-22 07:26:42,209 - INFO - Saved checkpoint at epoch 5
2024-12-22 07:26:42,211 - INFO - Total samples is: <torch.utils.data.dataloader.DataLoader object at 0x0000028A46AC2ED0>
2024-12-22 08:17:15,194 - INFO - Validation parameter calculation time: 0:00:00.022287
2024-12-22 08:17:15,195 - INFO - 
Epoch 6/500:
2024-12-22 08:17:15,195 - INFO - Train Loss: 0.1532, Train Acc: 94.78%
2024-12-22 08:17:15,195 - INFO - Val Loss: 0.3185, Val Acc: 89.46%
2024-12-22 08:17:15,196 - INFO - Class 0 Accuracy: 95.78%
2024-12-22 08:17:15,196 - INFO - Class 1 Accuracy: 83.85%
2024-12-22 08:17:15,197 - INFO - Class 2 Accuracy: 80.39%
2024-12-22 08:17:15,197 - INFO - Class 3 Accuracy: 90.97%
2024-12-22 08:17:15,198 - INFO - Class 4 Accuracy: 86.04%
2024-12-22 08:17:15,502 - INFO - Saved best model with accuracy: 89.46%
2024-12-22 08:17:16,130 - INFO - Saved checkpoint at epoch 6
2024-12-22 08:17:16,131 - INFO - Total samples is: <torch.utils.data.dataloader.DataLoader object at 0x0000028A46AC2ED0>
2024-12-22 09:07:38,914 - INFO - Validation parameter calculation time: 0:00:00.016661
2024-12-22 09:07:38,915 - INFO - 
Epoch 7/500:
2024-12-22 09:07:38,915 - INFO - Train Loss: 0.1455, Train Acc: 95.00%
2024-12-22 09:07:38,915 - INFO - Val Loss: 0.2939, Val Acc: 90.25%
2024-12-22 09:07:38,916 - INFO - Class 0 Accuracy: 94.88%
2024-12-22 09:07:38,916 - INFO - Class 1 Accuracy: 80.00%
2024-12-22 09:07:38,917 - INFO - Class 2 Accuracy: 84.44%
2024-12-22 09:07:38,917 - INFO - Class 3 Accuracy: 93.34%
2024-12-22 09:07:38,918 - INFO - Class 4 Accuracy: 83.56%
2024-12-22 09:07:39,494 - INFO - Saved best model with accuracy: 90.25%
2024-12-22 09:07:39,838 - INFO - Saved checkpoint at epoch 7
2024-12-22 09:07:39,840 - INFO - Total samples is: <torch.utils.data.dataloader.DataLoader object at 0x0000028A46AC2ED0>
2024-12-22 09:58:00,625 - INFO - Validation parameter calculation time: 0:00:00.022546
2024-12-22 09:58:00,625 - INFO - 
Epoch 8/500:
2024-12-22 09:58:00,625 - INFO - Train Loss: 0.1395, Train Acc: 95.23%
2024-12-22 09:58:00,625 - INFO - Val Loss: 0.2978, Val Acc: 90.48%
2024-12-22 09:58:00,626 - INFO - Class 0 Accuracy: 97.17%
2024-12-22 09:58:00,627 - INFO - Class 1 Accuracy: 70.58%
2024-12-22 09:58:00,627 - INFO - Class 2 Accuracy: 86.16%
2024-12-22 09:58:00,628 - INFO - Class 3 Accuracy: 88.19%
2024-12-22 09:58:00,628 - INFO - Class 4 Accuracy: 74.04%
2024-12-22 09:58:00,861 - INFO - Saved best model with accuracy: 90.48%
2024-12-22 09:58:01,167 - INFO - Saved checkpoint at epoch 8
2024-12-22 09:58:01,169 - INFO - Total samples is: <torch.utils.data.dataloader.DataLoader object at 0x0000028A46AC2ED0>
2024-12-22 10:48:22,073 - INFO - Validation parameter calculation time: 0:00:00.015811
2024-12-22 10:48:22,074 - INFO - 
Epoch 9/500:
2024-12-22 10:48:22,074 - INFO - Train Loss: 0.1364, Train Acc: 95.32%
2024-12-22 10:48:22,074 - INFO - Val Loss: 0.3591, Val Acc: 87.68%
2024-12-22 10:48:22,075 - INFO - Class 0 Accuracy: 96.42%
2024-12-22 10:48:22,075 - INFO - Class 1 Accuracy: 77.20%
2024-12-22 10:48:22,076 - INFO - Class 2 Accuracy: 76.90%
2024-12-22 10:48:22,076 - INFO - Class 3 Accuracy: 88.31%
2024-12-22 10:48:22,076 - INFO - Class 4 Accuracy: 74.99%
2024-12-22 10:48:22,454 - INFO - Saved checkpoint at epoch 9
2024-12-22 10:48:22,456 - INFO - Total samples is: <torch.utils.data.dataloader.DataLoader object at 0x0000028A46AC2ED0>
2024-12-22 11:38:42,990 - INFO - Validation parameter calculation time: 0:00:00.022118
2024-12-22 11:38:42,990 - INFO - 
Epoch 10/500:
2024-12-22 11:38:42,990 - INFO - Train Loss: 0.1332, Train Acc: 95.44%
2024-12-22 11:38:42,990 - INFO - Val Loss: 0.3544, Val Acc: 88.07%
2024-12-22 11:38:42,991 - INFO - Class 0 Accuracy: 95.82%
2024-12-22 11:38:42,992 - INFO - Class 1 Accuracy: 83.80%
2024-12-22 11:38:42,993 - INFO - Class 2 Accuracy: 76.43%
2024-12-22 11:38:42,994 - INFO - Class 3 Accuracy: 92.81%
2024-12-22 11:38:42,994 - INFO - Class 4 Accuracy: 75.27%
2024-12-22 11:38:43,270 - INFO - Saved checkpoint at epoch 10
2024-12-22 11:38:43,271 - INFO - Total samples is: <torch.utils.data.dataloader.DataLoader object at 0x0000028A46AC2ED0>
2024-12-22 12:29:06,348 - INFO - Validation parameter calculation time: 0:00:00.015334
2024-12-22 12:29:06,348 - INFO - 
Epoch 11/500:
2024-12-22 12:29:06,348 - INFO - Train Loss: 0.1308, Train Acc: 95.57%
2024-12-22 12:29:06,348 - INFO - Val Loss: 0.3598, Val Acc: 88.48%
2024-12-22 12:29:06,349 - INFO - Class 0 Accuracy: 91.97%
2024-12-22 12:29:06,350 - INFO - Class 1 Accuracy: 87.24%
2024-12-22 12:29:06,350 - INFO - Class 2 Accuracy: 86.86%
2024-12-22 12:29:06,351 - INFO - Class 3 Accuracy: 85.84%
2024-12-22 12:29:06,351 - INFO - Class 4 Accuracy: 68.26%
2024-12-22 12:29:06,931 - INFO - Saved checkpoint at epoch 11
2024-12-22 12:29:06,933 - INFO - Total samples is: <torch.utils.data.dataloader.DataLoader object at 0x0000028A46AC2ED0>
2024-12-22 13:19:39,115 - INFO - Validation parameter calculation time: 0:00:00.016376
2024-12-22 13:19:39,116 - INFO - 
Epoch 12/500:
2024-12-22 13:19:39,116 - INFO - Train Loss: 0.1272, Train Acc: 95.66%
2024-12-22 13:19:39,116 - INFO - Val Loss: 0.4113, Val Acc: 87.25%
2024-12-22 13:19:39,118 - INFO - Class 0 Accuracy: 95.93%
2024-12-22 13:19:39,118 - INFO - Class 1 Accuracy: 76.73%
2024-12-22 13:19:39,119 - INFO - Class 2 Accuracy: 73.96%
2024-12-22 13:19:39,119 - INFO - Class 3 Accuracy: 91.60%
2024-12-22 13:19:39,120 - INFO - Class 4 Accuracy: 82.09%
2024-12-22 13:19:39,698 - INFO - Saved checkpoint at epoch 12
2024-12-22 13:19:39,700 - INFO - Total samples is: <torch.utils.data.dataloader.DataLoader object at 0x0000028A46AC2ED0>
2024-12-22 14:09:58,740 - INFO - Validation parameter calculation time: 0:00:00.023144
2024-12-22 14:09:58,741 - INFO - 
Epoch 13/500:
2024-12-22 14:09:58,741 - INFO - Train Loss: 0.1248, Train Acc: 95.77%
2024-12-22 14:09:58,741 - INFO - Val Loss: 0.3748, Val Acc: 87.84%
2024-12-22 14:09:58,742 - INFO - Class 0 Accuracy: 96.16%
2024-12-22 14:09:58,743 - INFO - Class 1 Accuracy: 80.51%
2024-12-22 14:09:58,743 - INFO - Class 2 Accuracy: 73.72%
2024-12-22 14:09:58,743 - INFO - Class 3 Accuracy: 95.98%
2024-12-22 14:09:58,744 - INFO - Class 4 Accuracy: 79.62%
2024-12-22 14:09:59,097 - INFO - Saved checkpoint at epoch 13
2024-12-22 14:09:59,099 - INFO - Total samples is: <torch.utils.data.dataloader.DataLoader object at 0x0000028A46AC2ED0>
2024-12-22 15:00:23,966 - INFO - Validation parameter calculation time: 0:00:00.023098
2024-12-22 15:00:23,966 - INFO - 
Epoch 14/500:
2024-12-22 15:00:23,966 - INFO - Train Loss: 0.1227, Train Acc: 95.79%
2024-12-22 15:00:23,966 - INFO - Val Loss: 0.3465, Val Acc: 88.28%
2024-12-22 15:00:23,967 - INFO - Class 0 Accuracy: 96.08%
2024-12-22 15:00:23,968 - INFO - Class 1 Accuracy: 60.79%
2024-12-22 15:00:23,969 - INFO - Class 2 Accuracy: 79.27%
2024-12-22 15:00:23,969 - INFO - Class 3 Accuracy: 90.48%
2024-12-22 15:00:23,970 - INFO - Class 4 Accuracy: 89.39%
2024-12-22 15:00:24,330 - INFO - Saved checkpoint at epoch 14
2024-12-22 15:00:24,331 - INFO - Total samples is: <torch.utils.data.dataloader.DataLoader object at 0x0000028A46AC2ED0>
2024-12-22 15:51:28,946 - INFO - Validation parameter calculation time: 0:00:00.022043
2024-12-22 15:51:28,947 - INFO - 
Epoch 15/500:
2024-12-22 15:51:28,947 - INFO - Train Loss: 0.0924, Train Acc: 96.77%
2024-12-22 15:51:28,947 - INFO - Val Loss: 0.3347, Val Acc: 89.63%
2024-12-22 15:51:28,948 - INFO - Class 0 Accuracy: 97.10%
2024-12-22 15:51:28,949 - INFO - Class 1 Accuracy: 78.18%
2024-12-22 15:51:28,949 - INFO - Class 2 Accuracy: 79.27%
2024-12-22 15:51:28,949 - INFO - Class 3 Accuracy: 92.23%
2024-12-22 15:51:28,950 - INFO - Class 4 Accuracy: 84.54%
2024-12-22 15:51:29,423 - INFO - Saved checkpoint at epoch 15
2024-12-22 15:51:29,425 - INFO - Total samples is: <torch.utils.data.dataloader.DataLoader object at 0x0000028A46AC2ED0>
2024-12-22 16:41:54,343 - INFO - Validation parameter calculation time: 0:00:00.022572
2024-12-22 16:41:54,343 - INFO - 
Epoch 16/500:
2024-12-22 16:41:54,343 - INFO - Train Loss: 0.0844, Train Acc: 97.07%
2024-12-22 16:41:54,343 - INFO - Val Loss: 0.3475, Val Acc: 89.46%
2024-12-22 16:41:54,345 - INFO - Class 0 Accuracy: 97.26%
2024-12-22 16:41:54,345 - INFO - Class 1 Accuracy: 74.59%
2024-12-22 16:41:54,345 - INFO - Class 2 Accuracy: 78.78%
2024-12-22 16:41:54,346 - INFO - Class 3 Accuracy: 92.33%
2024-12-22 16:41:54,346 - INFO - Class 4 Accuracy: 85.23%
2024-12-22 16:41:54,599 - INFO - Saved checkpoint at epoch 16
2024-12-22 16:41:54,600 - INFO - Total samples is: <torch.utils.data.dataloader.DataLoader object at 0x0000028A46AC2ED0>
2024-12-22 17:32:17,387 - INFO - Validation parameter calculation time: 0:00:00.015708
2024-12-22 17:32:17,387 - INFO - 
Epoch 17/500:
2024-12-22 17:32:17,387 - INFO - Train Loss: 0.0806, Train Acc: 97.19%
2024-12-22 17:32:17,387 - INFO - Val Loss: 0.3184, Val Acc: 90.08%
2024-12-22 17:32:17,389 - INFO - Class 0 Accuracy: 96.22%
2024-12-22 17:32:17,390 - INFO - Class 1 Accuracy: 84.55%
2024-12-22 17:32:17,391 - INFO - Class 2 Accuracy: 80.75%
2024-12-22 17:32:17,392 - INFO - Class 3 Accuracy: 91.64%
2024-12-22 17:32:17,392 - INFO - Class 4 Accuracy: 88.31%
2024-12-22 17:32:18,034 - INFO - Saved checkpoint at epoch 17
2024-12-22 17:32:18,035 - INFO - Total samples is: <torch.utils.data.dataloader.DataLoader object at 0x0000028A46AC2ED0>
2024-12-22 18:22:48,795 - INFO - Validation parameter calculation time: 0:00:00.022138
2024-12-22 18:22:48,796 - INFO - 
Epoch 18/500:
2024-12-22 18:22:48,796 - INFO - Train Loss: 0.0788, Train Acc: 97.24%
2024-12-22 18:22:48,796 - INFO - Val Loss: 0.3239, Val Acc: 90.14%
2024-12-22 18:22:48,797 - INFO - Class 0 Accuracy: 97.04%
2024-12-22 18:22:48,797 - INFO - Class 1 Accuracy: 80.71%
2024-12-22 18:22:48,798 - INFO - Class 2 Accuracy: 80.00%
2024-12-22 18:22:48,798 - INFO - Class 3 Accuracy: 92.54%
2024-12-22 18:22:48,798 - INFO - Class 4 Accuracy: 87.15%
2024-12-22 18:22:49,057 - INFO - Saved checkpoint at epoch 18
2024-12-22 18:22:49,058 - INFO - Total samples is: <torch.utils.data.dataloader.DataLoader object at 0x0000028A46AC2ED0>
2024-12-22 19:13:13,613 - INFO - Validation parameter calculation time: 0:00:00.023091
2024-12-22 19:13:13,614 - INFO - 
Epoch 19/500:
2024-12-22 19:13:13,614 - INFO - Train Loss: 0.0768, Train Acc: 97.33%
2024-12-22 19:13:13,614 - INFO - Val Loss: 0.3592, Val Acc: 89.20%
2024-12-22 19:13:13,615 - INFO - Class 0 Accuracy: 97.07%
2024-12-22 19:13:13,616 - INFO - Class 1 Accuracy: 82.50%
2024-12-22 19:13:13,616 - INFO - Class 2 Accuracy: 77.66%
2024-12-22 19:13:13,616 - INFO - Class 3 Accuracy: 91.33%
2024-12-22 19:13:13,617 - INFO - Class 4 Accuracy: 82.99%
2024-12-22 19:13:13,879 - INFO - Saved checkpoint at epoch 19
2024-12-22 19:13:13,881 - INFO - Total samples is: <torch.utils.data.dataloader.DataLoader object at 0x0000028A46AC2ED0>
2024-12-22 20:03:31,512 - INFO - Validation parameter calculation time: 0:00:00.022415
2024-12-22 20:03:31,513 - INFO - 
Epoch 20/500:
2024-12-22 20:03:31,513 - INFO - Train Loss: 0.0768, Train Acc: 97.31%
2024-12-22 20:03:31,513 - INFO - Val Loss: 0.3361, Val Acc: 89.91%
2024-12-22 20:03:31,514 - INFO - Class 0 Accuracy: 97.43%
2024-12-22 20:03:31,514 - INFO - Class 1 Accuracy: 80.07%
2024-12-22 20:03:31,514 - INFO - Class 2 Accuracy: 79.17%
2024-12-22 20:03:31,516 - INFO - Class 3 Accuracy: 92.22%
2024-12-22 20:03:31,516 - INFO - Class 4 Accuracy: 84.78%
2024-12-22 20:03:31,800 - INFO - Saved checkpoint at epoch 20
2024-12-22 20:03:31,802 - INFO - Total samples is: <torch.utils.data.dataloader.DataLoader object at 0x0000028A46AC2ED0>
2024-12-22 20:54:02,428 - INFO - Validation parameter calculation time: 0:00:00.022599
2024-12-22 20:54:02,429 - INFO - 
Epoch 21/500:
2024-12-22 20:54:02,429 - INFO - Train Loss: 0.0736, Train Acc: 97.43%
2024-12-22 20:54:02,429 - INFO - Val Loss: 0.3317, Val Acc: 89.93%
2024-12-22 20:54:02,430 - INFO - Class 0 Accuracy: 97.06%
2024-12-22 20:54:02,430 - INFO - Class 1 Accuracy: 84.08%
2024-12-22 20:54:02,431 - INFO - Class 2 Accuracy: 79.23%
2024-12-22 20:54:02,431 - INFO - Class 3 Accuracy: 92.28%
2024-12-22 20:54:02,431 - INFO - Class 4 Accuracy: 84.32%
2024-12-22 20:54:02,670 - INFO - Saved checkpoint at epoch 21
2024-12-22 20:54:02,671 - INFO - Total samples is: <torch.utils.data.dataloader.DataLoader object at 0x0000028A46AC2ED0>
2024-12-22 21:44:26,865 - INFO - Validation parameter calculation time: 0:00:00.016172
2024-12-22 21:44:26,866 - INFO - 
Epoch 22/500:
2024-12-22 21:44:26,866 - INFO - Train Loss: 0.0720, Train Acc: 97.47%
2024-12-22 21:44:26,866 - INFO - Val Loss: 0.3639, Val Acc: 89.35%
2024-12-22 21:44:26,867 - INFO - Class 0 Accuracy: 97.30%
2024-12-22 21:44:26,867 - INFO - Class 1 Accuracy: 80.35%
2024-12-22 21:44:26,868 - INFO - Class 2 Accuracy: 77.78%
2024-12-22 21:44:26,868 - INFO - Class 3 Accuracy: 91.80%
2024-12-22 21:44:26,869 - INFO - Class 4 Accuracy: 83.79%
2024-12-22 21:44:27,482 - INFO - Saved checkpoint at epoch 22
2024-12-22 21:44:27,484 - INFO - Total samples is: <torch.utils.data.dataloader.DataLoader object at 0x0000028A46AC2ED0>
2024-12-22 22:24:24,002 - INFO - Validation parameter calculation time: 0:00:00.013683
2024-12-22 22:24:24,003 - INFO - 
Epoch 23/500:
2024-12-22 22:24:24,003 - INFO - Train Loss: 0.0715, Train Acc: 97.49%
2024-12-22 22:24:24,003 - INFO - Val Loss: 0.3344, Val Acc: 89.97%
2024-12-22 22:24:24,003 - INFO - Class 0 Accuracy: 97.23%
2024-12-22 22:24:24,004 - INFO - Class 1 Accuracy: 81.12%
2024-12-22 22:24:24,004 - INFO - Class 2 Accuracy: 79.92%
2024-12-22 22:24:24,004 - INFO - Class 3 Accuracy: 91.72%
2024-12-22 22:24:24,005 - INFO - Class 4 Accuracy: 83.36%
2024-12-22 22:24:24,288 - INFO - Saved checkpoint at epoch 23
2024-12-22 22:24:24,289 - INFO - Total samples is: <torch.utils.data.dataloader.DataLoader object at 0x0000028A46AC2ED0>
2024-12-22 23:06:39,385 - INFO - Validation parameter calculation time: 0:00:00.022100
2024-12-22 23:06:39,386 - INFO - 
Epoch 24/500:
2024-12-22 23:06:39,386 - INFO - Train Loss: 0.0708, Train Acc: 97.51%
2024-12-22 23:06:39,386 - INFO - Val Loss: 0.3162, Val Acc: 90.50%
2024-12-22 23:06:39,387 - INFO - Class 0 Accuracy: 97.21%
2024-12-22 23:06:39,387 - INFO - Class 1 Accuracy: 82.24%
2024-12-22 23:06:39,388 - INFO - Class 2 Accuracy: 81.40%
2024-12-22 23:06:39,388 - INFO - Class 3 Accuracy: 91.68%
2024-12-22 23:06:39,389 - INFO - Class 4 Accuracy: 84.35%
2024-12-22 23:06:39,704 - INFO - Saved best model with accuracy: 90.50%
2024-12-22 23:06:40,290 - INFO - Saved checkpoint at epoch 24
2024-12-22 23:06:40,292 - INFO - Total samples is: <torch.utils.data.dataloader.DataLoader object at 0x0000028A46AC2ED0>
2024-12-22 23:56:27,104 - INFO - Validation parameter calculation time: 0:00:00.015291
2024-12-22 23:56:27,104 - INFO - 
Epoch 25/500:
2024-12-22 23:56:27,105 - INFO - Train Loss: 0.0707, Train Acc: 97.52%
2024-12-22 23:56:27,105 - INFO - Val Loss: 0.3313, Val Acc: 90.09%
2024-12-22 23:56:27,106 - INFO - Class 0 Accuracy: 97.26%
2024-12-22 23:56:27,106 - INFO - Class 1 Accuracy: 80.48%
2024-12-22 23:56:27,107 - INFO - Class 2 Accuracy: 80.23%
2024-12-22 23:56:27,107 - INFO - Class 3 Accuracy: 91.44%
2024-12-22 23:56:27,108 - INFO - Class 4 Accuracy: 85.08%
2024-12-22 23:56:27,438 - INFO - Saved checkpoint at epoch 25
2024-12-22 23:56:27,440 - INFO - Total samples is: <torch.utils.data.dataloader.DataLoader object at 0x0000028A46AC2ED0>
2024-12-23 00:46:56,439 - INFO - Validation parameter calculation time: 0:00:00.024982
2024-12-23 00:46:56,440 - INFO - 
Epoch 26/500:
2024-12-23 00:46:56,440 - INFO - Train Loss: 0.0702, Train Acc: 97.54%
2024-12-23 00:46:56,440 - INFO - Val Loss: 0.3363, Val Acc: 90.16%
2024-12-23 00:46:56,440 - INFO - Class 0 Accuracy: 97.40%
2024-12-23 00:46:56,441 - INFO - Class 1 Accuracy: 80.45%
2024-12-23 00:46:56,441 - INFO - Class 2 Accuracy: 80.04%
2024-12-23 00:46:56,442 - INFO - Class 3 Accuracy: 92.04%
2024-12-23 00:46:56,442 - INFO - Class 4 Accuracy: 84.98%
2024-12-23 00:46:56,755 - INFO - Saved checkpoint at epoch 26
2024-12-23 00:46:56,756 - INFO - Total samples is: <torch.utils.data.dataloader.DataLoader object at 0x0000028A46AC2ED0>
2024-12-23 01:38:03,098 - INFO - Validation parameter calculation time: 0:00:00.021601
2024-12-23 01:38:03,098 - INFO - 
Epoch 27/500:
2024-12-23 01:38:03,098 - INFO - Train Loss: 0.0699, Train Acc: 97.56%
2024-12-23 01:38:03,098 - INFO - Val Loss: 0.3350, Val Acc: 90.07%
2024-12-23 01:38:03,100 - INFO - Class 0 Accuracy: 97.19%
2024-12-23 01:38:03,100 - INFO - Class 1 Accuracy: 84.31%
2024-12-23 01:38:03,101 - INFO - Class 2 Accuracy: 78.99%
2024-12-23 01:38:03,101 - INFO - Class 3 Accuracy: 92.67%
2024-12-23 01:38:03,102 - INFO - Class 4 Accuracy: 86.30%
2024-12-23 01:38:03,457 - INFO - Saved checkpoint at epoch 27
2024-12-23 01:38:03,459 - INFO - Total samples is: <torch.utils.data.dataloader.DataLoader object at 0x0000028A46AC2ED0>
