2024-12-11 00:42:10,502 - INFO - Training configuration:
2024-12-11 00:42:10,503 - INFO - num_points: 4096
2024-12-11 00:42:10,503 - INFO - chunk_size: 4096
2024-12-11 00:42:10,503 - INFO - overlap: 1024
2024-12-11 00:42:10,503 - INFO - batch_size: 16
2024-12-11 00:42:10,503 - INFO - num_workers: 0
2024-12-11 00:42:10,504 - INFO - learning_rate: 0.001
2024-12-11 00:42:10,504 - INFO - num_classes: 5
2024-12-11 00:42:10,504 - INFO - num_epochs: 500
2024-12-11 00:42:10,504 - INFO - device: cuda
2024-12-11 00:42:10,504 - INFO - Using device: cuda
2024-12-11 00:42:10,507 - INFO - Loading dataset from cache: ../data/CB/section/train//cache\dataset_cache_points4096_size1.0_rate0.4_transformTrue_hash7cfce2e7.pt
2024-12-11 01:17:58,379 - INFO - Successfully loaded 49117 blocks from cache
2024-12-11 01:17:58,408 - INFO - Loading dataset from cache: ../data/CB/section/val//cache\dataset_cache_points4096_size1.0_rate0.4_transformFalse_hash953a0685.pt
2024-12-11 01:53:41,661 - INFO - Successfully loaded 7984 blocks from cache
2024-12-11 01:53:41,662 - INFO - reading val data
2024-12-11 01:53:41,662 - INFO - Train dataset size: 49117
2024-12-11 01:53:41,662 - INFO - Val dataset size: 7984
2024-12-11 01:53:47,224 - INFO - Total samples is: <torch.utils.data.dataloader.DataLoader object at 0x000001D2F6CE1370>
2024-12-11 02:48:51,648 - INFO - Validation parameter calculation time: 0:00:00.014625
2024-12-11 02:48:51,648 - INFO - 
Epoch 1/500:
2024-12-11 02:48:51,648 - INFO - Train Loss: 0.3662, Train Acc: 86.95%
2024-12-11 02:48:51,648 - INFO - Val Loss: 0.4506, Val Acc: 85.23%
2024-12-11 02:48:51,649 - INFO - Class 0 Accuracy: 91.63%
2024-12-11 02:48:51,650 - INFO - Class 1 Accuracy: 76.52%
2024-12-11 02:48:51,650 - INFO - Class 2 Accuracy: 80.58%
2024-12-11 02:48:51,651 - INFO - Class 3 Accuracy: 84.52%
2024-12-11 02:48:51,651 - INFO - Class 4 Accuracy: 56.89%
2024-12-11 02:48:51,868 - INFO - Saved best model with accuracy: 85.23%
2024-12-11 02:48:52,212 - INFO - Saved checkpoint at epoch 1
2024-12-11 02:48:52,213 - INFO - Total samples is: <torch.utils.data.dataloader.DataLoader object at 0x000001D2F6CE1370>
2024-12-11 03:42:15,453 - INFO - Validation parameter calculation time: 0:00:00.014383
2024-12-11 03:42:15,453 - INFO - 
Epoch 2/500:
2024-12-11 03:42:15,453 - INFO - Train Loss: 0.2054, Train Acc: 92.92%
2024-12-11 03:42:15,453 - INFO - Val Loss: 0.3272, Val Acc: 88.69%
2024-12-11 03:42:15,454 - INFO - Class 0 Accuracy: 94.61%
2024-12-11 03:42:15,454 - INFO - Class 1 Accuracy: 71.69%
2024-12-11 03:42:15,455 - INFO - Class 2 Accuracy: 81.90%
2024-12-11 03:42:15,455 - INFO - Class 3 Accuracy: 93.48%
2024-12-11 03:42:15,456 - INFO - Class 4 Accuracy: 76.57%
2024-12-11 03:42:15,811 - INFO - Saved best model with accuracy: 88.69%
2024-12-11 03:42:16,126 - INFO - Saved checkpoint at epoch 2
2024-12-11 03:42:16,127 - INFO - Total samples is: <torch.utils.data.dataloader.DataLoader object at 0x000001D2F6CE1370>
