2024-12-26 14:16:57,308 - INFO - Training configuration:
2024-12-26 14:16:57,309 - INFO - num_points: 4096
2024-12-26 14:16:57,309 - INFO - chunk_size: 4096
2024-12-26 14:16:57,309 - INFO - overlap: 1024
2024-12-26 14:16:57,309 - INFO - batch_size: 16
2024-12-26 14:16:57,310 - INFO - num_workers: 0
2024-12-26 14:16:57,310 - INFO - learning_rate: 0.001
2024-12-26 14:16:57,310 - INFO - num_classes: 5
2024-12-26 14:16:57,310 - INFO - num_epochs: 500
2024-12-26 14:16:57,310 - INFO - device: cuda
2024-12-26 14:16:57,310 - INFO - Using device: cuda
2024-12-26 14:16:57,310 - INFO - Loading dataset from cache: ../data/CB/all/train//cache\dataset_cache_points4096_size2.0_rate0.4_transformTrue_hash85cd6113.pt
2024-12-26 14:26:39,310 - INFO - Successfully loaded 25989 blocks from cache
2024-12-26 14:26:39,312 - INFO - Loading dataset from cache: ../data/CB/all/val//cache\dataset_cache_points4096_size2.0_rate0.4_transformFalse_hashc8b72f08.pt
2024-12-26 14:43:27,716 - INFO - Successfully loaded 13098 blocks from cache
2024-12-26 14:43:27,717 - INFO - reading val data
2024-12-26 14:43:27,717 - INFO - Train dataset size: 25989
2024-12-26 14:43:27,717 - INFO - Val dataset size: 13098
2024-12-26 14:43:31,009 - INFO - Total samples is: <torch.utils.data.dataloader.DataLoader object at 0x000001F7E4775E80>
2024-12-26 15:18:54,594 - INFO - Validation parameter calculation time: 0:00:00.037703
2024-12-26 15:18:54,594 - INFO - 
Epoch 1/500:
2024-12-26 15:18:54,594 - INFO - Train Loss: 0.5115, Train Acc: 81.93%
2024-12-26 15:18:54,594 - INFO - Val Loss: 0.6637, Val Acc: 76.74%
2024-12-26 15:18:54,597 - INFO - Class 0 Accuracy: 98.94%
2024-12-26 15:18:54,597 - INFO - Class 1 Accuracy: 66.62%
2024-12-26 15:18:54,598 - INFO - Class 2 Accuracy: 66.73%
2024-12-26 15:18:54,598 - INFO - Class 3 Accuracy: 35.94%
2024-12-26 15:18:54,599 - INFO - Class 4 Accuracy: 47.57%
2024-12-26 15:18:54,696 - INFO - Saved best model with accuracy: 76.74%
2024-12-26 15:18:54,792 - INFO - Saved checkpoint at epoch 1
2024-12-26 15:18:54,793 - INFO - Total samples is: <torch.utils.data.dataloader.DataLoader object at 0x000001F7E4775E80>
2024-12-26 15:54:30,911 - INFO - Validation parameter calculation time: 0:00:00.036649
2024-12-26 15:54:30,912 - INFO - 
Epoch 2/500:
2024-12-26 15:54:30,912 - INFO - Train Loss: 0.4054, Train Acc: 89.90%
2024-12-26 15:54:30,912 - INFO - Val Loss: 0.4224, Val Acc: 88.84%
2024-12-26 15:54:30,914 - INFO - Class 0 Accuracy: 98.10%
2024-12-26 15:54:30,914 - INFO - Class 1 Accuracy: 76.57%
2024-12-26 15:54:30,915 - INFO - Class 2 Accuracy: 86.25%
2024-12-26 15:54:30,916 - INFO - Class 3 Accuracy: 75.58%
2024-12-26 15:54:30,917 - INFO - Class 4 Accuracy: 71.92%
2024-12-26 15:54:31,031 - INFO - Saved best model with accuracy: 88.84%
2024-12-26 15:54:31,145 - INFO - Saved checkpoint at epoch 2
2024-12-26 15:54:31,147 - INFO - Total samples is: <torch.utils.data.dataloader.DataLoader object at 0x000001F7E4775E80>
2024-12-26 16:30:43,059 - INFO - Validation parameter calculation time: 0:00:00.037186
2024-12-26 16:30:43,060 - INFO - 
Epoch 3/500:
2024-12-26 16:30:43,060 - INFO - Train Loss: 0.3821, Train Acc: 91.62%
2024-12-26 16:30:43,060 - INFO - Val Loss: 0.3988, Val Acc: 89.66%
2024-12-26 16:30:43,062 - INFO - Class 0 Accuracy: 96.77%
2024-12-26 16:30:43,062 - INFO - Class 1 Accuracy: 89.49%
2024-12-26 16:30:43,063 - INFO - Class 2 Accuracy: 82.14%
2024-12-26 16:30:43,063 - INFO - Class 3 Accuracy: 85.49%
2024-12-26 16:30:43,063 - INFO - Class 4 Accuracy: 69.25%
2024-12-26 16:30:43,183 - INFO - Saved best model with accuracy: 89.66%
2024-12-26 16:30:43,386 - INFO - Saved checkpoint at epoch 3
2024-12-26 16:30:43,388 - INFO - Total samples is: <torch.utils.data.dataloader.DataLoader object at 0x000001F7E4775E80>
2024-12-26 17:07:04,526 - INFO - Validation parameter calculation time: 0:00:00.037418
2024-12-26 17:07:04,527 - INFO - 
Epoch 4/500:
2024-12-26 17:07:04,527 - INFO - Train Loss: 0.3700, Train Acc: 92.54%
2024-12-26 17:07:04,527 - INFO - Val Loss: 0.6270, Val Acc: 76.26%
2024-12-26 17:07:04,530 - INFO - Class 0 Accuracy: 87.87%
2024-12-26 17:07:04,531 - INFO - Class 1 Accuracy: 87.17%
2024-12-26 17:07:04,531 - INFO - Class 2 Accuracy: 77.11%
2024-12-26 17:07:04,532 - INFO - Class 3 Accuracy: 43.40%
2024-12-26 17:07:04,532 - INFO - Class 4 Accuracy: 40.76%
2024-12-26 17:07:04,642 - INFO - Saved checkpoint at epoch 4
2024-12-26 17:07:04,643 - INFO - Total samples is: <torch.utils.data.dataloader.DataLoader object at 0x000001F7E4775E80>
2024-12-26 17:43:13,221 - INFO - Validation parameter calculation time: 0:00:00.037725
2024-12-26 17:43:13,222 - INFO - 
Epoch 5/500:
2024-12-26 17:43:13,222 - INFO - Train Loss: 0.3663, Train Acc: 92.75%
2024-12-26 17:43:13,222 - INFO - Val Loss: 0.3715, Val Acc: 91.97%
2024-12-26 17:43:13,225 - INFO - Class 0 Accuracy: 96.92%
2024-12-26 17:43:13,225 - INFO - Class 1 Accuracy: 91.71%
2024-12-26 17:43:13,226 - INFO - Class 2 Accuracy: 88.27%
2024-12-26 17:43:13,226 - INFO - Class 3 Accuracy: 84.36%
2024-12-26 17:43:13,227 - INFO - Class 4 Accuracy: 84.65%
2024-12-26 17:43:13,382 - INFO - Saved best model with accuracy: 91.97%
2024-12-26 17:43:13,486 - INFO - Saved checkpoint at epoch 5
2024-12-26 17:43:13,488 - INFO - Total samples is: <torch.utils.data.dataloader.DataLoader object at 0x000001F7E4775E80>
2024-12-26 18:19:18,435 - INFO - Validation parameter calculation time: 0:00:00.038597
2024-12-26 18:19:18,436 - INFO - 
Epoch 6/500:
2024-12-26 18:19:18,436 - INFO - Train Loss: 0.3581, Train Acc: 93.45%
2024-12-26 18:19:18,436 - INFO - Val Loss: 0.3768, Val Acc: 91.59%
2024-12-26 18:19:18,438 - INFO - Class 0 Accuracy: 97.71%
2024-12-26 18:19:18,438 - INFO - Class 1 Accuracy: 88.96%
2024-12-26 18:19:18,439 - INFO - Class 2 Accuracy: 89.71%
2024-12-26 18:19:18,439 - INFO - Class 3 Accuracy: 83.03%
2024-12-26 18:19:18,439 - INFO - Class 4 Accuracy: 71.72%
2024-12-26 18:19:18,643 - INFO - Saved checkpoint at epoch 6
2024-12-26 18:19:18,644 - INFO - Total samples is: <torch.utils.data.dataloader.DataLoader object at 0x000001F7E4775E80>
2024-12-26 18:55:35,940 - INFO - Validation parameter calculation time: 0:00:00.037237
2024-12-26 18:55:35,941 - INFO - 
Epoch 7/500:
2024-12-26 18:55:35,941 - INFO - Train Loss: 0.3556, Train Acc: 93.57%
2024-12-26 18:55:35,941 - INFO - Val Loss: 0.4310, Val Acc: 87.50%
2024-12-26 18:55:35,943 - INFO - Class 0 Accuracy: 97.59%
2024-12-26 18:55:35,944 - INFO - Class 1 Accuracy: 87.99%
2024-12-26 18:55:35,944 - INFO - Class 2 Accuracy: 83.65%
2024-12-26 18:55:35,945 - INFO - Class 3 Accuracy: 68.57%
2024-12-26 18:55:35,945 - INFO - Class 4 Accuracy: 63.92%
2024-12-26 18:55:36,059 - INFO - Saved checkpoint at epoch 7
2024-12-26 18:55:36,061 - INFO - Total samples is: <torch.utils.data.dataloader.DataLoader object at 0x000001F7E4775E80>
2024-12-26 19:32:08,333 - INFO - Validation parameter calculation time: 0:00:00.046769
2024-12-26 19:32:08,333 - INFO - 
Epoch 8/500:
2024-12-26 19:32:08,333 - INFO - Train Loss: 0.3515, Train Acc: 93.88%
2024-12-26 19:32:08,333 - INFO - Val Loss: 0.3972, Val Acc: 90.16%
2024-12-26 19:32:08,337 - INFO - Class 0 Accuracy: 97.98%
2024-12-26 19:32:08,337 - INFO - Class 1 Accuracy: 89.24%
2024-12-26 19:32:08,338 - INFO - Class 2 Accuracy: 81.39%
2024-12-26 19:32:08,338 - INFO - Class 3 Accuracy: 83.38%
2024-12-26 19:32:08,339 - INFO - Class 4 Accuracy: 77.28%
2024-12-26 19:32:08,463 - INFO - Saved checkpoint at epoch 8
2024-12-26 19:32:08,465 - INFO - Total samples is: <torch.utils.data.dataloader.DataLoader object at 0x000001F7E4775E80>
2024-12-26 20:08:18,824 - INFO - Validation parameter calculation time: 0:00:00.037692
2024-12-26 20:08:18,825 - INFO - 
Epoch 9/500:
2024-12-26 20:08:18,825 - INFO - Train Loss: 0.3489, Train Acc: 94.09%
2024-12-26 20:08:18,825 - INFO - Val Loss: 1.0461, Val Acc: 50.04%
2024-12-26 20:08:18,827 - INFO - Class 0 Accuracy: 82.64%
2024-12-26 20:08:18,828 - INFO - Class 1 Accuracy: 2.03%
2024-12-26 20:08:18,828 - INFO - Class 2 Accuracy: 13.24%
2024-12-26 20:08:18,828 - INFO - Class 3 Accuracy: 14.31%
2024-12-26 20:08:18,829 - INFO - Class 4 Accuracy: 91.12%
2024-12-26 20:08:18,953 - INFO - Saved checkpoint at epoch 9
2024-12-26 20:08:18,955 - INFO - Total samples is: <torch.utils.data.dataloader.DataLoader object at 0x000001F7E4775E80>
