2024-11-20 04:54:19,472 - INFO - Training configuration:
2024-11-20 04:54:19,472 - INFO - num_points: 4096
2024-11-20 04:54:19,472 - INFO - chunk_size: 4096
2024-11-20 04:54:19,472 - INFO - overlap: 2048
2024-11-20 04:54:19,472 - INFO - batch_size: 64
2024-11-20 04:54:19,472 - INFO - num_workers: 12
2024-11-20 04:54:19,472 - INFO - learning_rate: 0.001
2024-11-20 04:54:19,472 - INFO - num_epochs: 500
2024-11-20 04:54:19,472 - INFO - device: cuda
2024-11-20 04:54:19,472 - INFO - Using device: cuda
2024-11-20 04:54:28,684 - INFO - reading train data
2024-11-20 04:54:30,935 - INFO - reading val data
2024-11-20 04:54:30,935 - INFO - Train dataset size: 52831
2024-11-20 04:54:30,935 - INFO - Val dataset size: 2190
2024-11-20 04:54:31,523 - INFO - Total samples is: <torch.utils.data.dataloader.DataLoader object at 0x00000220073386B0>
2024-11-20 05:24:23,528 - INFO - Mean IoU: 40.16%
2024-11-20 05:24:23,529 - INFO - Class 0 IoU: 26.92%
2024-11-20 05:24:23,529 - INFO - Class 1 IoU: 49.69%
2024-11-20 05:24:23,529 - INFO - Class 2 IoU: 40.20%
2024-11-20 05:24:23,529 - INFO - Class 3 IoU: 19.41%
2024-11-20 05:24:23,529 - INFO - Class 4 IoU: 64.58%
2024-11-20 05:24:23,529 - INFO - 
Epoch 1/500:
2024-11-20 05:24:23,529 - INFO - Train Loss: 0.7885, Train Acc: 70.64%
2024-11-20 05:24:23,529 - INFO - Val Loss: 0.9075, Val Acc: 65.87%
2024-11-20 05:24:23,529 - INFO - Class 0 Accuracy: 38.44%
2024-11-20 05:24:23,529 - INFO - Class 1 Accuracy: 62.66%
2024-11-20 05:24:23,529 - INFO - Class 2 Accuracy: 59.71%
2024-11-20 05:24:23,530 - INFO - Class 3 Accuracy: 53.22%
2024-11-20 05:24:23,530 - INFO - Class 4 Accuracy: 79.46%
2024-11-20 05:24:23,552 - INFO - Saved best model with accuracy: 65.87%
2024-11-20 05:24:23,572 - INFO - Total samples is: <torch.utils.data.dataloader.DataLoader object at 0x00000220073386B0>
