2024-12-29 04:54:52,519 - INFO - Training configuration:
2024-12-29 04:54:52,520 - INFO - transformer_config: {'trans_dim': 384, 'depth': 12, 'drop_path_rate': 0.1, 'num_heads': 6, 'encoder_dims': 384}
2024-12-29 04:54:52,520 - INFO - num_group: 64
2024-12-29 04:54:52,520 - INFO - group_size: 32
2024-12-29 04:54:52,520 - INFO - num_points: 4096
2024-12-29 04:54:52,520 - INFO - chunk_size: 4096
2024-12-29 04:54:52,520 - INFO - overlap: 1024
2024-12-29 04:54:52,521 - INFO - batch_size: 16
2024-12-29 04:54:52,521 - INFO - num_workers: 0
2024-12-29 04:54:52,521 - INFO - learning_rate: 0.001
2024-12-29 04:54:52,521 - INFO - num_classes: 5
2024-12-29 04:54:52,521 - INFO - num_epochs: 500
2024-12-29 04:54:52,521 - INFO - device: cuda
2024-12-29 04:54:52,521 - INFO - Using device: cuda
2024-12-29 04:54:52,522 - INFO - Loading dataset from cache: ../data/CB/all/train//cache\dataset_cache_points4096_size2.0_rate0.4_transformTrue_hash85cd6113.pt
2024-12-29 05:08:20,615 - INFO - Successfully loaded 25989 blocks from cache
2024-12-29 05:08:20,617 - INFO - Loading dataset from cache: ../data/CB/all/val//cache\dataset_cache_points4096_size2.0_rate0.4_transformFalse_hashc8b72f08.pt
2024-12-29 05:36:02,905 - INFO - Successfully loaded 13098 blocks from cache
2024-12-29 05:36:02,906 - INFO - reading val data
2024-12-29 05:36:02,907 - INFO - Train dataset size: 25989
2024-12-29 05:36:02,907 - INFO - Val dataset size: 13098
2024-12-29 05:36:16,916 - INFO - Class weights: tensor([0.5000, 2.6076, 1.0042, 1.4686, 3.0000])
2024-12-29 05:36:16,918 - INFO - Total samples is: <torch.utils.data.dataloader.DataLoader object at 0x000001F867993650>
2024-12-29 06:24:35,275 - INFO - Validation parameter calculation time: 0:00:00.025024
2024-12-29 06:24:35,276 - INFO - 
Epoch 1/500:
2024-12-29 06:24:35,276 - INFO - Train Loss: 0.6280, Train Acc: 77.84%
2024-12-29 06:24:35,276 - INFO - Val Loss: 0.4157, Val Acc: 86.96%
2024-12-29 06:24:35,277 - INFO - Class 0 Accuracy: 91.60%
2024-12-29 06:24:35,277 - INFO - Class 1 Accuracy: 87.25%
2024-12-29 06:24:35,278 - INFO - Class 2 Accuracy: 80.28%
2024-12-29 06:24:35,279 - INFO - Class 3 Accuracy: 82.45%
2024-12-29 06:24:35,279 - INFO - Class 4 Accuracy: 86.10%
2024-12-29 06:24:35,396 - INFO - Saved best model with accuracy: 86.96%
2024-12-29 06:24:35,712 - INFO - Saved checkpoint at epoch 1
2024-12-29 06:24:35,713 - INFO - Total samples is: <torch.utils.data.dataloader.DataLoader object at 0x000001F867993650>
2024-12-29 07:12:47,800 - INFO - Validation parameter calculation time: 0:00:00.025381
2024-12-29 07:12:47,801 - INFO - 
Epoch 2/500:
2024-12-29 07:12:47,801 - INFO - Train Loss: 0.3121, Train Acc: 88.99%
2024-12-29 07:12:47,801 - INFO - Val Loss: 0.8727, Val Acc: 70.12%
2024-12-29 07:12:47,802 - INFO - Class 0 Accuracy: 68.67%
2024-12-29 07:12:47,803 - INFO - Class 1 Accuracy: 98.47%
2024-12-29 07:12:47,803 - INFO - Class 2 Accuracy: 69.16%
2024-12-29 07:12:47,804 - INFO - Class 3 Accuracy: 56.53%
2024-12-29 07:12:47,804 - INFO - Class 4 Accuracy: 80.61%
2024-12-29 07:12:47,926 - INFO - Saved checkpoint at epoch 2
2024-12-29 07:12:47,927 - INFO - Total samples is: <torch.utils.data.dataloader.DataLoader object at 0x000001F867993650>
2024-12-29 08:00:59,448 - INFO - Validation parameter calculation time: 0:00:00.023730
2024-12-29 08:00:59,448 - INFO - 
Epoch 3/500:
2024-12-29 08:00:59,449 - INFO - Train Loss: 0.2608, Train Acc: 90.59%
2024-12-29 08:00:59,449 - INFO - Val Loss: 120.2844, Val Acc: 48.34%
2024-12-29 08:00:59,449 - INFO - Class 0 Accuracy: 100.00%
2024-12-29 08:00:59,450 - INFO - Class 1 Accuracy: 0.00%
2024-12-29 08:00:59,451 - INFO - Class 2 Accuracy: 0.00%
2024-12-29 08:00:59,451 - INFO - Class 3 Accuracy: 0.00%
2024-12-29 08:00:59,452 - INFO - Class 4 Accuracy: 0.00%
2024-12-29 08:00:59,592 - INFO - Saved checkpoint at epoch 3
2024-12-29 08:00:59,593 - INFO - Total samples is: <torch.utils.data.dataloader.DataLoader object at 0x000001F867993650>
2024-12-29 08:49:14,512 - INFO - Validation parameter calculation time: 0:00:00.023762
2024-12-29 08:49:14,512 - INFO - 
Epoch 4/500:
2024-12-29 08:49:14,512 - INFO - Train Loss: 0.2265, Train Acc: 91.91%
2024-12-29 08:49:14,512 - INFO - Val Loss: 0.4948, Val Acc: 87.88%
2024-12-29 08:49:14,513 - INFO - Class 0 Accuracy: 92.40%
2024-12-29 08:49:14,514 - INFO - Class 1 Accuracy: 63.39%
2024-12-29 08:49:14,515 - INFO - Class 2 Accuracy: 87.35%
2024-12-29 08:49:14,515 - INFO - Class 3 Accuracy: 93.61%
2024-12-29 08:49:14,516 - INFO - Class 4 Accuracy: 71.84%
2024-12-29 08:49:14,659 - INFO - Saved best model with accuracy: 87.88%
2024-12-29 08:49:14,876 - INFO - Saved checkpoint at epoch 4
2024-12-29 08:49:14,879 - INFO - Total samples is: <torch.utils.data.dataloader.DataLoader object at 0x000001F867993650>
2024-12-29 09:37:19,398 - INFO - Validation parameter calculation time: 0:00:00.024077
2024-12-29 09:37:19,399 - INFO - 
Epoch 5/500:
2024-12-29 09:37:19,399 - INFO - Train Loss: 0.2071, Train Acc: 92.75%
2024-12-29 09:37:19,399 - INFO - Val Loss: 0.3172, Val Acc: 89.96%
2024-12-29 09:37:19,400 - INFO - Class 0 Accuracy: 92.38%
2024-12-29 09:37:19,400 - INFO - Class 1 Accuracy: 92.28%
2024-12-29 09:37:19,401 - INFO - Class 2 Accuracy: 87.63%
2024-12-29 09:37:19,401 - INFO - Class 3 Accuracy: 83.18%
2024-12-29 09:37:19,402 - INFO - Class 4 Accuracy: 93.48%
2024-12-29 09:37:19,536 - INFO - Saved best model with accuracy: 89.96%
2024-12-29 09:37:19,739 - INFO - Saved checkpoint at epoch 5
2024-12-29 09:37:19,740 - INFO - Total samples is: <torch.utils.data.dataloader.DataLoader object at 0x000001F867993650>
2024-12-29 10:25:25,356 - INFO - Validation parameter calculation time: 0:00:00.024003
2024-12-29 10:25:25,357 - INFO - 
Epoch 6/500:
2024-12-29 10:25:25,357 - INFO - Train Loss: 0.1939, Train Acc: 93.14%
2024-12-29 10:25:25,357 - INFO - Val Loss: 0.2477, Val Acc: 91.07%
2024-12-29 10:25:25,357 - INFO - Class 0 Accuracy: 91.79%
2024-12-29 10:25:25,358 - INFO - Class 1 Accuracy: 96.79%
2024-12-29 10:25:25,358 - INFO - Class 2 Accuracy: 90.97%
2024-12-29 10:25:25,359 - INFO - Class 3 Accuracy: 84.99%
2024-12-29 10:25:25,359 - INFO - Class 4 Accuracy: 92.83%
2024-12-29 10:25:25,482 - INFO - Saved best model with accuracy: 91.07%
2024-12-29 10:25:25,646 - INFO - Saved checkpoint at epoch 6
2024-12-29 10:25:25,647 - INFO - Total samples is: <torch.utils.data.dataloader.DataLoader object at 0x000001F867993650>
2024-12-29 11:13:34,759 - INFO - Validation parameter calculation time: 0:00:00.024559
2024-12-29 11:13:34,759 - INFO - 
Epoch 7/500:
2024-12-29 11:13:34,760 - INFO - Train Loss: 0.1823, Train Acc: 93.63%
2024-12-29 11:13:34,760 - INFO - Val Loss: 0.2170, Val Acc: 92.69%
2024-12-29 11:13:34,760 - INFO - Class 0 Accuracy: 94.49%
2024-12-29 11:13:34,761 - INFO - Class 1 Accuracy: 94.59%
2024-12-29 11:13:34,761 - INFO - Class 2 Accuracy: 89.93%
2024-12-29 11:13:34,762 - INFO - Class 3 Accuracy: 89.43%
2024-12-29 11:13:34,762 - INFO - Class 4 Accuracy: 94.51%
2024-12-29 11:13:34,893 - INFO - Saved best model with accuracy: 92.69%
2024-12-29 11:13:35,098 - INFO - Saved checkpoint at epoch 7
2024-12-29 11:13:35,100 - INFO - Total samples is: <torch.utils.data.dataloader.DataLoader object at 0x000001F867993650>
2024-12-29 12:01:41,949 - INFO - Validation parameter calculation time: 0:00:00.025140
2024-12-29 12:01:41,949 - INFO - 
Epoch 8/500:
2024-12-29 12:01:41,949 - INFO - Train Loss: 0.1707, Train Acc: 94.00%
2024-12-29 12:01:41,949 - INFO - Val Loss: 2.0704, Val Acc: 71.00%
2024-12-29 12:01:41,951 - INFO - Class 0 Accuracy: 96.51%
2024-12-29 12:01:41,951 - INFO - Class 1 Accuracy: 4.68%
2024-12-29 12:01:41,951 - INFO - Class 2 Accuracy: 38.64%
2024-12-29 12:01:41,952 - INFO - Class 3 Accuracy: 69.50%
2024-12-29 12:01:41,952 - INFO - Class 4 Accuracy: 90.36%
2024-12-29 12:01:42,084 - INFO - Saved checkpoint at epoch 8
2024-12-29 12:01:42,086 - INFO - Total samples is: <torch.utils.data.dataloader.DataLoader object at 0x000001F867993650>
2024-12-29 12:49:50,132 - INFO - Validation parameter calculation time: 0:00:00.022892
2024-12-29 12:49:50,133 - INFO - 
Epoch 9/500:
2024-12-29 12:49:50,134 - INFO - Train Loss: 0.1627, Train Acc: 94.35%
2024-12-29 12:49:50,134 - INFO - Val Loss: 672.4231, Val Acc: 48.34%
2024-12-29 12:49:50,135 - INFO - Class 0 Accuracy: 100.00%
2024-12-29 12:49:50,136 - INFO - Class 1 Accuracy: 0.00%
2024-12-29 12:49:50,137 - INFO - Class 2 Accuracy: 0.00%
2024-12-29 12:49:50,137 - INFO - Class 3 Accuracy: 0.00%
2024-12-29 12:49:50,138 - INFO - Class 4 Accuracy: 0.00%
2024-12-29 12:49:50,265 - INFO - Saved checkpoint at epoch 9
2024-12-29 12:49:50,266 - INFO - Total samples is: <torch.utils.data.dataloader.DataLoader object at 0x000001F867993650>
2024-12-29 13:37:59,415 - INFO - Validation parameter calculation time: 0:00:00.023427
2024-12-29 13:37:59,416 - INFO - 
Epoch 10/500:
2024-12-29 13:37:59,416 - INFO - Train Loss: 0.1587, Train Acc: 94.39%
2024-12-29 13:37:59,416 - INFO - Val Loss: 4.5405, Val Acc: 56.50%
2024-12-29 13:37:59,417 - INFO - Class 0 Accuracy: 99.95%
2024-12-29 13:37:59,418 - INFO - Class 1 Accuracy: 31.69%
2024-12-29 13:37:59,418 - INFO - Class 2 Accuracy: 0.50%
2024-12-29 13:37:59,419 - INFO - Class 3 Accuracy: 36.29%
2024-12-29 13:37:59,419 - INFO - Class 4 Accuracy: 0.00%
2024-12-29 13:37:59,558 - INFO - Saved checkpoint at epoch 10
2024-12-29 13:37:59,559 - INFO - Total samples is: <torch.utils.data.dataloader.DataLoader object at 0x000001F867993650>
2024-12-29 14:26:11,902 - INFO - Validation parameter calculation time: 0:00:00.024154
2024-12-29 14:26:11,903 - INFO - 
Epoch 11/500:
2024-12-29 14:26:11,903 - INFO - Train Loss: 0.1510, Train Acc: 94.74%
2024-12-29 14:26:11,903 - INFO - Val Loss: 1158.6739, Val Acc: 48.34%
2024-12-29 14:26:11,903 - INFO - Class 0 Accuracy: 100.00%
2024-12-29 14:26:11,904 - INFO - Class 1 Accuracy: 0.00%
2024-12-29 14:26:11,905 - INFO - Class 2 Accuracy: 0.00%
2024-12-29 14:26:11,905 - INFO - Class 3 Accuracy: 0.00%
2024-12-29 14:26:11,906 - INFO - Class 4 Accuracy: 0.00%
2024-12-29 14:26:12,035 - INFO - Saved checkpoint at epoch 11
2024-12-29 14:26:12,037 - INFO - Total samples is: <torch.utils.data.dataloader.DataLoader object at 0x000001F867993650>
2024-12-29 15:14:25,604 - INFO - Validation parameter calculation time: 0:00:00.023544
2024-12-29 15:14:25,605 - INFO - 
Epoch 12/500:
2024-12-29 15:14:25,605 - INFO - Train Loss: 0.1508, Train Acc: 94.69%
2024-12-29 15:14:25,605 - INFO - Val Loss: 0.8951, Val Acc: 81.13%
2024-12-29 15:14:25,606 - INFO - Class 0 Accuracy: 94.88%
2024-12-29 15:14:25,606 - INFO - Class 1 Accuracy: 31.51%
2024-12-29 15:14:25,607 - INFO - Class 2 Accuracy: 67.92%
2024-12-29 15:14:25,608 - INFO - Class 3 Accuracy: 85.29%
2024-12-29 15:14:25,609 - INFO - Class 4 Accuracy: 81.03%
2024-12-29 15:14:25,736 - INFO - Saved checkpoint at epoch 12
2024-12-29 15:14:25,737 - INFO - Total samples is: <torch.utils.data.dataloader.DataLoader object at 0x000001F867993650>
2024-12-29 16:02:45,038 - INFO - Validation parameter calculation time: 0:00:00.023284
2024-12-29 16:02:45,040 - INFO - 
Epoch 13/500:
2024-12-29 16:02:45,040 - INFO - Train Loss: 0.1464, Train Acc: 94.88%
2024-12-29 16:02:45,040 - INFO - Val Loss: 0.4512, Val Acc: 86.25%
2024-12-29 16:02:45,041 - INFO - Class 0 Accuracy: 91.53%
2024-12-29 16:02:45,041 - INFO - Class 1 Accuracy: 98.13%
2024-12-29 16:02:45,042 - INFO - Class 2 Accuracy: 73.98%
2024-12-29 16:02:45,042 - INFO - Class 3 Accuracy: 80.63%
2024-12-29 16:02:45,043 - INFO - Class 4 Accuracy: 88.54%
2024-12-29 16:02:45,178 - INFO - Saved checkpoint at epoch 13
2024-12-29 16:02:45,180 - INFO - Total samples is: <torch.utils.data.dataloader.DataLoader object at 0x000001F867993650>
2024-12-29 16:50:58,249 - INFO - Validation parameter calculation time: 0:00:00.024529
2024-12-29 16:50:58,249 - INFO - 
Epoch 14/500:
2024-12-29 16:50:58,249 - INFO - Train Loss: 0.1106, Train Acc: 96.14%
2024-12-29 16:50:58,249 - INFO - Val Loss: 0.6200, Val Acc: 84.07%
2024-12-29 16:50:58,251 - INFO - Class 0 Accuracy: 91.18%
2024-12-29 16:50:58,251 - INFO - Class 1 Accuracy: 85.42%
2024-12-29 16:50:58,252 - INFO - Class 2 Accuracy: 74.73%
2024-12-29 16:50:58,253 - INFO - Class 3 Accuracy: 83.61%
2024-12-29 16:50:58,253 - INFO - Class 4 Accuracy: 58.58%
2024-12-29 16:50:58,378 - INFO - Saved checkpoint at epoch 14
2024-12-29 16:50:58,379 - INFO - Total samples is: <torch.utils.data.dataloader.DataLoader object at 0x000001F867993650>
2024-12-29 17:39:08,680 - INFO - Validation parameter calculation time: 0:00:00.023889
2024-12-29 17:39:08,680 - INFO - 
Epoch 15/500:
2024-12-29 17:39:08,680 - INFO - Train Loss: 0.1020, Train Acc: 96.49%
2024-12-29 17:39:08,680 - INFO - Val Loss: 0.2405, Val Acc: 92.59%
2024-12-29 17:39:08,681 - INFO - Class 0 Accuracy: 94.81%
2024-12-29 17:39:08,681 - INFO - Class 1 Accuracy: 91.96%
2024-12-29 17:39:08,682 - INFO - Class 2 Accuracy: 90.66%
2024-12-29 17:39:08,682 - INFO - Class 3 Accuracy: 91.01%
2024-12-29 17:39:08,683 - INFO - Class 4 Accuracy: 86.20%
2024-12-29 17:39:08,810 - INFO - Saved checkpoint at epoch 15
2024-12-29 17:39:08,811 - INFO - Total samples is: <torch.utils.data.dataloader.DataLoader object at 0x000001F867993650>
2024-12-29 18:27:24,280 - INFO - Validation parameter calculation time: 0:00:00.022908
2024-12-29 18:27:24,281 - INFO - 
Epoch 16/500:
2024-12-29 18:27:24,281 - INFO - Train Loss: 0.0993, Train Acc: 96.61%
2024-12-29 18:27:24,281 - INFO - Val Loss: 36.6407, Val Acc: 48.34%
2024-12-29 18:27:24,282 - INFO - Class 0 Accuracy: 100.00%
2024-12-29 18:27:24,283 - INFO - Class 1 Accuracy: 0.00%
2024-12-29 18:27:24,283 - INFO - Class 2 Accuracy: 0.00%
2024-12-29 18:27:24,284 - INFO - Class 3 Accuracy: 0.00%
2024-12-29 18:27:24,285 - INFO - Class 4 Accuracy: 0.00%
2024-12-29 18:27:24,415 - INFO - Saved checkpoint at epoch 16
2024-12-29 18:27:24,416 - INFO - Total samples is: <torch.utils.data.dataloader.DataLoader object at 0x000001F867993650>
2024-12-29 19:16:34,719 - INFO - Validation parameter calculation time: 0:00:00.025836
2024-12-29 19:16:34,719 - INFO - 
Epoch 17/500:
2024-12-29 19:16:34,719 - INFO - Train Loss: 0.0953, Train Acc: 96.75%
2024-12-29 19:16:34,719 - INFO - Val Loss: 4.5782, Val Acc: 46.53%
2024-12-29 19:16:34,720 - INFO - Class 0 Accuracy: 53.06%
2024-12-29 19:16:34,721 - INFO - Class 1 Accuracy: 0.00%
2024-12-29 19:16:34,721 - INFO - Class 2 Accuracy: 72.68%
2024-12-29 19:16:34,722 - INFO - Class 3 Accuracy: 1.17%
2024-12-29 19:16:34,722 - INFO - Class 4 Accuracy: 74.13%
2024-12-29 19:16:34,865 - INFO - Saved checkpoint at epoch 17
2024-12-29 19:16:34,866 - INFO - Total samples is: <torch.utils.data.dataloader.DataLoader object at 0x000001F867993650>
