2025-04-04 02:50:38,153 - INFO - Training configuration:
2025-04-04 02:50:38,153 - INFO - num_points: 4096
2025-04-04 02:50:38,153 - INFO - chunk_size: 4096
2025-04-04 02:50:38,154 - INFO - overlap: 1024
2025-04-04 02:50:38,154 - INFO - batch_size: 16
2025-04-04 02:50:38,154 - INFO - num_workers: 6
2025-04-04 02:50:38,154 - INFO - learning_rate: 0.001
2025-04-04 02:50:38,154 - INFO - num_classes: 5
2025-04-04 02:50:38,154 - INFO - num_epochs: 200
2025-04-04 02:50:38,154 - INFO - device: cuda
2025-04-04 02:50:38,154 - INFO - Using device: cuda
2025-04-04 02:50:38,156 - INFO - Found 20 h5 files:
2025-04-04 02:50:38,156 - INFO -   - HB-1.h5
2025-04-04 02:50:38,156 - INFO -   - HB-12-1.h5
2025-04-04 02:50:38,156 - INFO -   - HB-13-1.h5
2025-04-04 02:50:38,157 - INFO -   - HB-14-1.h5
2025-04-04 02:50:38,157 - INFO -   - HB-14-3.h5
2025-04-04 02:50:38,157 - INFO -   - HB-16.h5
2025-04-04 02:50:38,157 - INFO -   - HB-18-1.h5
2025-04-04 02:50:38,157 - INFO -   - HB-18-2.h5
2025-04-04 02:50:38,157 - INFO -   - HB-2-1.h5
2025-04-04 02:50:38,157 - INFO -   - HB-2-2.h5
2025-04-04 02:50:38,157 - INFO -   - HB-4-1.h5
2025-04-04 02:50:38,157 - INFO -   - HB-4-2.h5
2025-04-04 02:50:38,157 - INFO -   - HB-4-3.h5
2025-04-04 02:50:38,157 - INFO -   - HB-5-1-1.h5
2025-04-04 02:50:38,157 - INFO -   - HB-5-1.h5
2025-04-04 02:50:38,158 - INFO -   - HB-5-2.h5
2025-04-04 02:50:38,158 - INFO -   - HB-5-3.h5
2025-04-04 02:50:38,158 - INFO -   - HB-6-1.h5
2025-04-04 02:50:38,158 - INFO -   - HB-6-2.h5
2025-04-04 02:50:38,158 - INFO -   - HB-7.h5
2025-04-04 04:17:08,670 - INFO - Total blocks created: 26173
2025-04-04 04:17:08,673 - INFO - Found 5 h5 files:
2025-04-04 04:17:08,673 - INFO -   - HB-15-1.h5
2025-04-04 04:17:08,673 - INFO -   - HB-15-2.h5
2025-04-04 04:17:08,673 - INFO -   - HB-20-1.h5
2025-04-04 04:17:08,673 - INFO -   - HB-20-2.h5
2025-04-04 04:17:08,673 - INFO -   - HB-8.h5
2025-04-04 04:59:31,640 - INFO - Total blocks created: 7169
2025-04-04 04:59:31,642 - INFO - reading val data
2025-04-04 04:59:31,642 - INFO - Train dataset size: 26173
2025-04-04 04:59:31,642 - INFO - Val dataset size: 7169
2025-04-04 05:00:12,420 - INFO - Class weights: tensor([3.0000, 1.0002, 1.0002, 1.0002, 0.5688])
2025-04-04 05:00:12,421 - INFO - Total samples is: <torch.utils.data.dataloader.DataLoader object at 0x000002828A065D90>
2025-04-04 05:25:15,913 - INFO - Validation parameter calculation time: 0:00:00.011891
2025-04-04 05:25:15,915 - INFO - 
Epoch 1/200:
2025-04-04 05:25:15,915 - INFO - Train Loss: 0.7215, Train Acc: 88.72%
2025-04-04 05:25:15,915 - INFO - Val Loss: 0.6632, Val Acc: 90.99%
2025-04-04 05:25:15,916 - INFO - Class 0 Accuracy: 93.10%
2025-04-04 05:25:15,916 - INFO - Class 1 Accuracy: 89.85%
2025-04-04 05:25:15,917 - INFO - Class 2 Accuracy: 76.70%
2025-04-04 05:25:15,917 - INFO - Class 3 Accuracy: 91.54%
2025-04-04 05:25:15,917 - INFO - Class 4 Accuracy: 99.16%
2025-04-04 05:25:16,005 - INFO - Saved best model with accuracy: 90.99%
2025-04-04 05:25:16,085 - INFO - Saved checkpoint at epoch 1
2025-04-04 05:25:16,086 - INFO - Total samples is: <torch.utils.data.dataloader.DataLoader object at 0x000002828A065D90>
2025-04-04 05:50:19,959 - INFO - Validation parameter calculation time: 0:00:00.013012
2025-04-04 05:50:19,959 - INFO - 
Epoch 2/200:
2025-04-04 05:50:19,960 - INFO - Train Loss: 0.6458, Train Acc: 95.30%
2025-04-04 05:50:19,960 - INFO - Val Loss: 1.5615, Val Acc: 20.00%
2025-04-04 05:50:19,961 - INFO - Class 0 Accuracy: 0.00%
2025-04-04 05:50:19,961 - INFO - Class 1 Accuracy: 100.00%
2025-04-04 05:50:19,961 - INFO - Class 2 Accuracy: 0.00%
2025-04-04 05:50:19,962 - INFO - Class 3 Accuracy: 0.00%
2025-04-04 05:50:19,962 - INFO - Class 4 Accuracy: 0.00%
2025-04-04 05:50:20,077 - INFO - Saved checkpoint at epoch 2
2025-04-04 05:50:20,077 - INFO - Total samples is: <torch.utils.data.dataloader.DataLoader object at 0x000002828A065D90>
2025-04-04 06:15:24,200 - INFO - Validation parameter calculation time: 0:00:00.012012
2025-04-04 06:15:24,201 - INFO - 
Epoch 3/200:
2025-04-04 06:15:24,201 - INFO - Train Loss: 0.6381, Train Acc: 95.96%
2025-04-04 06:15:24,201 - INFO - Val Loss: 2.0117, Val Acc: 20.00%
2025-04-04 06:15:24,202 - INFO - Class 0 Accuracy: 0.00%
2025-04-04 06:15:24,203 - INFO - Class 1 Accuracy: 100.00%
2025-04-04 06:15:24,203 - INFO - Class 2 Accuracy: 0.00%
2025-04-04 06:15:24,203 - INFO - Class 3 Accuracy: 0.00%
2025-04-04 06:15:24,204 - INFO - Class 4 Accuracy: 0.00%
2025-04-04 06:15:24,351 - INFO - Saved checkpoint at epoch 3
2025-04-04 06:15:24,352 - INFO - Total samples is: <torch.utils.data.dataloader.DataLoader object at 0x000002828A065D90>
2025-04-04 06:40:25,695 - INFO - Validation parameter calculation time: 0:00:00.013000
2025-04-04 06:40:25,695 - INFO - 
Epoch 4/200:
2025-04-04 06:40:25,695 - INFO - Train Loss: 0.6348, Train Acc: 96.26%
2025-04-04 06:40:25,695 - INFO - Val Loss: 1.6682, Val Acc: 34.15%
2025-04-04 06:40:25,697 - INFO - Class 0 Accuracy: 0.00%
2025-04-04 06:40:25,698 - INFO - Class 1 Accuracy: 0.00%
2025-04-04 06:40:25,698 - INFO - Class 2 Accuracy: 0.00%
2025-04-04 06:40:25,698 - INFO - Class 3 Accuracy: 0.00%
2025-04-04 06:40:25,698 - INFO - Class 4 Accuracy: 97.46%
2025-04-04 06:40:25,791 - INFO - Saved checkpoint at epoch 4
2025-04-04 06:40:25,792 - INFO - Total samples is: <torch.utils.data.dataloader.DataLoader object at 0x000002828A065D90>
2025-04-04 07:05:20,887 - INFO - Validation parameter calculation time: 0:00:00.012016
2025-04-04 07:05:20,887 - INFO - 
Epoch 5/200:
2025-04-04 07:05:20,887 - INFO - Train Loss: 0.6413, Train Acc: 95.84%
2025-04-04 07:05:20,888 - INFO - Val Loss: 2.4623, Val Acc: 20.02%
2025-04-04 07:05:20,889 - INFO - Class 0 Accuracy: 0.00%
2025-04-04 07:05:20,889 - INFO - Class 1 Accuracy: 0.00%
2025-04-04 07:05:20,889 - INFO - Class 2 Accuracy: 100.00%
2025-04-04 07:05:20,889 - INFO - Class 3 Accuracy: 0.00%
2025-04-04 07:05:20,891 - INFO - Class 4 Accuracy: 0.08%
2025-04-04 07:05:20,981 - INFO - Saved checkpoint at epoch 5
2025-04-04 07:05:20,982 - INFO - Total samples is: <torch.utils.data.dataloader.DataLoader object at 0x000002828A065D90>
2025-04-04 07:30:20,537 - INFO - Validation parameter calculation time: 0:00:00.012014
2025-04-04 07:30:20,538 - INFO - 
Epoch 6/200:
2025-04-04 07:30:20,538 - INFO - Train Loss: 0.6450, Train Acc: 95.50%
2025-04-04 07:30:20,538 - INFO - Val Loss: 1.5289, Val Acc: 53.66%
2025-04-04 07:30:20,539 - INFO - Class 0 Accuracy: 0.00%
2025-04-04 07:30:20,540 - INFO - Class 1 Accuracy: 100.00%
2025-04-04 07:30:20,540 - INFO - Class 2 Accuracy: 0.00%
2025-04-04 07:30:20,540 - INFO - Class 3 Accuracy: 0.00%
2025-04-04 07:30:20,540 - INFO - Class 4 Accuracy: 96.09%
2025-04-04 07:30:20,631 - INFO - Saved checkpoint at epoch 6
2025-04-04 07:30:20,632 - INFO - Total samples is: <torch.utils.data.dataloader.DataLoader object at 0x000002828A065D90>
2025-04-04 07:55:20,076 - INFO - Validation parameter calculation time: 0:00:00.012731
2025-04-04 07:55:20,076 - INFO - 
Epoch 7/200:
2025-04-04 07:55:20,077 - INFO - Train Loss: 0.6399, Train Acc: 95.86%
2025-04-04 07:55:20,077 - INFO - Val Loss: 1.1012, Val Acc: 59.75%
2025-04-04 07:55:20,078 - INFO - Class 0 Accuracy: 93.26%
2025-04-04 07:55:20,078 - INFO - Class 1 Accuracy: 21.61%
2025-04-04 07:55:20,078 - INFO - Class 2 Accuracy: 88.52%
2025-04-04 07:55:20,079 - INFO - Class 3 Accuracy: 1.29%
2025-04-04 07:55:20,079 - INFO - Class 4 Accuracy: 93.69%
2025-04-04 07:55:20,169 - INFO - Saved checkpoint at epoch 7
2025-04-04 07:55:20,169 - INFO - Total samples is: <torch.utils.data.dataloader.DataLoader object at 0x000002828A065D90>
2025-04-04 08:20:25,562 - INFO - Validation parameter calculation time: 0:00:00.012742
2025-04-04 08:20:25,562 - INFO - 
Epoch 8/200:
2025-04-04 08:20:25,562 - INFO - Train Loss: 0.6224, Train Acc: 97.26%
2025-04-04 08:20:25,562 - INFO - Val Loss: 0.7005, Val Acc: 89.09%
2025-04-04 08:20:25,564 - INFO - Class 0 Accuracy: 96.98%
2025-04-04 08:20:25,564 - INFO - Class 1 Accuracy: 77.91%
2025-04-04 08:20:25,564 - INFO - Class 2 Accuracy: 87.45%
2025-04-04 08:20:25,564 - INFO - Class 3 Accuracy: 91.36%
2025-04-04 08:20:25,565 - INFO - Class 4 Accuracy: 93.97%
2025-04-04 08:20:25,659 - INFO - Saved checkpoint at epoch 8
2025-04-04 08:20:25,660 - INFO - Total samples is: <torch.utils.data.dataloader.DataLoader object at 0x000002828A065D90>
2025-04-04 08:45:28,614 - INFO - Validation parameter calculation time: 0:00:00.012520
2025-04-04 08:45:28,614 - INFO - 
Epoch 9/200:
2025-04-04 08:45:28,614 - INFO - Train Loss: 0.6194, Train Acc: 97.50%
2025-04-04 08:45:28,614 - INFO - Val Loss: 1.6651, Val Acc: 28.75%
2025-04-04 08:45:28,615 - INFO - Class 0 Accuracy: 0.00%
2025-04-04 08:45:28,615 - INFO - Class 1 Accuracy: 100.00%
2025-04-04 08:45:28,615 - INFO - Class 2 Accuracy: 1.69%
2025-04-04 08:45:28,615 - INFO - Class 3 Accuracy: 1.20%
2025-04-04 08:45:28,617 - INFO - Class 4 Accuracy: 23.20%
2025-04-04 08:45:28,708 - INFO - Saved checkpoint at epoch 9
2025-04-04 08:45:28,709 - INFO - Total samples is: <torch.utils.data.dataloader.DataLoader object at 0x000002828A065D90>
2025-04-04 09:10:30,766 - INFO - Validation parameter calculation time: 0:00:00.013506
2025-04-04 09:10:30,766 - INFO - 
Epoch 10/200:
2025-04-04 09:10:30,766 - INFO - Train Loss: 0.6165, Train Acc: 97.75%
2025-04-04 09:10:30,766 - INFO - Val Loss: 1.1761, Val Acc: 64.65%
2025-04-04 09:10:30,767 - INFO - Class 0 Accuracy: 88.29%
2025-04-04 09:10:30,768 - INFO - Class 1 Accuracy: 99.46%
2025-04-04 09:10:30,768 - INFO - Class 2 Accuracy: 68.44%
2025-04-04 09:10:30,768 - INFO - Class 3 Accuracy: 91.59%
2025-04-04 09:10:30,768 - INFO - Class 4 Accuracy: 23.84%
2025-04-04 09:10:30,861 - INFO - Saved checkpoint at epoch 10
2025-04-04 09:10:30,862 - INFO - Total samples is: <torch.utils.data.dataloader.DataLoader object at 0x000002828A065D90>
2025-04-04 09:35:32,473 - INFO - Validation parameter calculation time: 0:00:00.013112
2025-04-04 09:35:32,473 - INFO - 
Epoch 11/200:
2025-04-04 09:35:32,473 - INFO - Train Loss: 0.6168, Train Acc: 97.72%
2025-04-04 09:35:32,473 - INFO - Val Loss: 2.6704, Val Acc: 41.21%
2025-04-04 09:35:32,475 - INFO - Class 0 Accuracy: 98.31%
2025-04-04 09:35:32,475 - INFO - Class 1 Accuracy: 12.22%
2025-04-04 09:35:32,475 - INFO - Class 2 Accuracy: 0.00%
2025-04-04 09:35:32,476 - INFO - Class 3 Accuracy: 0.00%
2025-04-04 09:35:32,476 - INFO - Class 4 Accuracy: 96.65%
2025-04-04 09:35:32,571 - INFO - Saved checkpoint at epoch 11
2025-04-04 09:35:32,572 - INFO - Total samples is: <torch.utils.data.dataloader.DataLoader object at 0x000002828A065D90>
2025-04-04 10:00:33,991 - INFO - Validation parameter calculation time: 0:00:00.014015
2025-04-04 10:00:33,991 - INFO - 
Epoch 12/200:
2025-04-04 10:00:33,991 - INFO - Train Loss: 0.6163, Train Acc: 97.76%
2025-04-04 10:00:33,991 - INFO - Val Loss: 0.8373, Val Acc: 79.88%
2025-04-04 10:00:33,993 - INFO - Class 0 Accuracy: 90.30%
2025-04-04 10:00:33,993 - INFO - Class 1 Accuracy: 86.86%
2025-04-04 10:00:33,993 - INFO - Class 2 Accuracy: 67.44%
2025-04-04 10:00:33,993 - INFO - Class 3 Accuracy: 66.53%
2025-04-04 10:00:33,993 - INFO - Class 4 Accuracy: 89.13%
2025-04-04 10:00:34,085 - INFO - Saved checkpoint at epoch 12
2025-04-04 10:00:34,086 - INFO - Total samples is: <torch.utils.data.dataloader.DataLoader object at 0x000002828A065D90>
2025-04-04 10:25:42,095 - INFO - Validation parameter calculation time: 0:00:00.013848
2025-04-04 10:25:42,095 - INFO - 
Epoch 13/200:
2025-04-04 10:25:42,095 - INFO - Train Loss: 0.6146, Train Acc: 97.89%
2025-04-04 10:25:42,095 - INFO - Val Loss: 1.7676, Val Acc: 47.28%
2025-04-04 10:25:42,096 - INFO - Class 0 Accuracy: 91.59%
2025-04-04 10:25:42,097 - INFO - Class 1 Accuracy: 6.73%
2025-04-04 10:25:42,097 - INFO - Class 2 Accuracy: 31.70%
2025-04-04 10:25:42,097 - INFO - Class 3 Accuracy: 0.00%
2025-04-04 10:25:42,097 - INFO - Class 4 Accuracy: 99.97%
2025-04-04 10:25:42,190 - INFO - Saved checkpoint at epoch 13
2025-04-04 10:25:42,191 - INFO - Total samples is: <torch.utils.data.dataloader.DataLoader object at 0x000002828A065D90>
2025-04-04 10:50:46,456 - INFO - Validation parameter calculation time: 0:00:00.012633
2025-04-04 10:50:46,456 - INFO - 
Epoch 14/200:
2025-04-04 10:50:46,456 - INFO - Train Loss: 0.6114, Train Acc: 98.13%
2025-04-04 10:50:46,456 - INFO - Val Loss: 0.7704, Val Acc: 85.93%
2025-04-04 10:50:46,457 - INFO - Class 0 Accuracy: 95.67%
2025-04-04 10:50:46,458 - INFO - Class 1 Accuracy: 97.30%
2025-04-04 10:50:46,458 - INFO - Class 2 Accuracy: 64.24%
2025-04-04 10:50:46,459 - INFO - Class 3 Accuracy: 86.89%
2025-04-04 10:50:46,459 - INFO - Class 4 Accuracy: 90.10%
2025-04-04 10:50:46,551 - INFO - Saved checkpoint at epoch 14
2025-04-04 10:50:46,551 - INFO - Total samples is: <torch.utils.data.dataloader.DataLoader object at 0x000002828A065D90>
2025-04-04 11:15:43,457 - INFO - Validation parameter calculation time: 0:00:00.012513
2025-04-04 11:15:43,458 - INFO - 
Epoch 15/200:
2025-04-04 11:15:43,458 - INFO - Train Loss: 0.6112, Train Acc: 98.16%
2025-04-04 11:15:43,458 - INFO - Val Loss: 0.6455, Val Acc: 93.91%
2025-04-04 11:15:43,459 - INFO - Class 0 Accuracy: 96.03%
2025-04-04 11:15:43,459 - INFO - Class 1 Accuracy: 87.36%
2025-04-04 11:15:43,459 - INFO - Class 2 Accuracy: 92.37%
2025-04-04 11:15:43,460 - INFO - Class 3 Accuracy: 96.43%
2025-04-04 11:15:43,460 - INFO - Class 4 Accuracy: 97.01%
2025-04-04 11:15:43,569 - INFO - Saved best model with accuracy: 93.91%
2025-04-04 11:15:43,662 - INFO - Saved checkpoint at epoch 15
2025-04-04 11:15:43,662 - INFO - Total samples is: <torch.utils.data.dataloader.DataLoader object at 0x000002828A065D90>
2025-04-04 11:42:15,217 - INFO - Validation parameter calculation time: 0:00:00.013513
2025-04-04 11:42:15,217 - INFO - 
Epoch 16/200:
2025-04-04 11:42:15,218 - INFO - Train Loss: 0.6109, Train Acc: 98.18%
2025-04-04 11:42:15,218 - INFO - Val Loss: 0.6760, Val Acc: 91.59%
2025-04-04 11:42:15,219 - INFO - Class 0 Accuracy: 94.88%
2025-04-04 11:42:15,220 - INFO - Class 1 Accuracy: 74.17%
2025-04-04 11:42:15,220 - INFO - Class 2 Accuracy: 92.36%
2025-04-04 11:42:15,220 - INFO - Class 3 Accuracy: 96.71%
2025-04-04 11:42:15,221 - INFO - Class 4 Accuracy: 97.91%
2025-04-04 11:42:15,323 - INFO - Saved checkpoint at epoch 16
2025-04-04 11:42:15,323 - INFO - Total samples is: <torch.utils.data.dataloader.DataLoader object at 0x000002828A065D90>
2025-04-04 12:08:59,537 - INFO - Validation parameter calculation time: 0:00:00.014015
2025-04-04 12:08:59,537 - INFO - 
Epoch 17/200:
2025-04-04 12:08:59,538 - INFO - Train Loss: 0.6107, Train Acc: 98.20%
2025-04-04 12:08:59,538 - INFO - Val Loss: 0.6801, Val Acc: 92.17%
2025-04-04 12:08:59,539 - INFO - Class 0 Accuracy: 94.60%
2025-04-04 12:08:59,540 - INFO - Class 1 Accuracy: 80.41%
2025-04-04 12:08:59,540 - INFO - Class 2 Accuracy: 96.95%
2025-04-04 12:08:59,540 - INFO - Class 3 Accuracy: 94.10%
2025-04-04 12:08:59,540 - INFO - Class 4 Accuracy: 94.72%
2025-04-04 12:08:59,639 - INFO - Saved checkpoint at epoch 17
2025-04-04 12:08:59,639 - INFO - Total samples is: <torch.utils.data.dataloader.DataLoader object at 0x000002828A065D90>
2025-04-04 12:35:40,218 - INFO - Validation parameter calculation time: 0:00:00.013004
2025-04-04 12:35:40,218 - INFO - 
Epoch 18/200:
2025-04-04 12:35:40,219 - INFO - Train Loss: 0.6105, Train Acc: 98.22%
2025-04-04 12:35:40,219 - INFO - Val Loss: 0.6500, Val Acc: 93.63%
2025-04-04 12:35:40,220 - INFO - Class 0 Accuracy: 94.82%
2025-04-04 12:35:40,221 - INFO - Class 1 Accuracy: 88.92%
2025-04-04 12:35:40,221 - INFO - Class 2 Accuracy: 93.05%
2025-04-04 12:35:40,221 - INFO - Class 3 Accuracy: 94.91%
2025-04-04 12:35:40,222 - INFO - Class 4 Accuracy: 95.78%
2025-04-04 12:35:40,309 - INFO - Saved checkpoint at epoch 18
2025-04-04 12:35:40,310 - INFO - Total samples is: <torch.utils.data.dataloader.DataLoader object at 0x000002828A065D90>
2025-04-04 13:02:33,800 - INFO - Validation parameter calculation time: 0:00:00.012088
2025-04-04 13:02:33,801 - INFO - 
Epoch 19/200:
2025-04-04 13:02:33,801 - INFO - Train Loss: 0.6105, Train Acc: 98.22%
2025-04-04 13:02:33,801 - INFO - Val Loss: 0.8605, Val Acc: 81.25%
2025-04-04 13:02:33,802 - INFO - Class 0 Accuracy: 95.19%
2025-04-04 13:02:33,803 - INFO - Class 1 Accuracy: 91.40%
2025-04-04 13:02:33,803 - INFO - Class 2 Accuracy: 66.20%
2025-04-04 13:02:33,803 - INFO - Class 3 Accuracy: 87.50%
2025-04-04 13:02:33,804 - INFO - Class 4 Accuracy: 78.83%
2025-04-04 13:02:33,900 - INFO - Saved checkpoint at epoch 19
2025-04-04 13:02:33,901 - INFO - Total samples is: <torch.utils.data.dataloader.DataLoader object at 0x000002828A065D90>
2025-04-04 13:29:16,860 - INFO - Validation parameter calculation time: 0:00:00.012511
2025-04-04 13:29:16,860 - INFO - 
Epoch 20/200:
2025-04-04 13:29:16,861 - INFO - Train Loss: 0.6101, Train Acc: 98.25%
2025-04-04 13:29:16,861 - INFO - Val Loss: 0.6929, Val Acc: 89.39%
2025-04-04 13:29:16,862 - INFO - Class 0 Accuracy: 93.30%
2025-04-04 13:29:16,863 - INFO - Class 1 Accuracy: 72.78%
2025-04-04 13:29:16,863 - INFO - Class 2 Accuracy: 85.94%
2025-04-04 13:29:16,864 - INFO - Class 3 Accuracy: 91.21%
2025-04-04 13:29:16,864 - INFO - Class 4 Accuracy: 99.60%
2025-04-04 13:29:16,973 - INFO - Saved checkpoint at epoch 20
2025-04-04 13:29:16,974 - INFO - Total samples is: <torch.utils.data.dataloader.DataLoader object at 0x000002828A065D90>
2025-04-04 13:55:45,830 - INFO - Validation parameter calculation time: 0:00:00.013503
2025-04-04 13:55:45,830 - INFO - 
Epoch 21/200:
2025-04-04 13:55:45,830 - INFO - Train Loss: 0.6100, Train Acc: 98.26%
2025-04-04 13:55:45,831 - INFO - Val Loss: 0.7711, Val Acc: 85.18%
2025-04-04 13:55:45,832 - INFO - Class 0 Accuracy: 95.65%
2025-04-04 13:55:45,833 - INFO - Class 1 Accuracy: 61.89%
2025-04-04 13:55:45,833 - INFO - Class 2 Accuracy: 90.08%
2025-04-04 13:55:45,833 - INFO - Class 3 Accuracy: 84.15%
2025-04-04 13:55:45,834 - INFO - Class 4 Accuracy: 95.21%
2025-04-04 13:55:45,930 - INFO - Saved checkpoint at epoch 21
2025-04-04 13:55:45,931 - INFO - Total samples is: <torch.utils.data.dataloader.DataLoader object at 0x000002828A065D90>
2025-04-04 14:22:09,126 - INFO - Validation parameter calculation time: 0:00:00.014525
2025-04-04 14:22:09,126 - INFO - 
Epoch 22/200:
2025-04-04 14:22:09,126 - INFO - Train Loss: 0.6097, Train Acc: 98.28%
2025-04-04 14:22:09,127 - INFO - Val Loss: 0.6174, Val Acc: 96.22%
2025-04-04 14:22:09,128 - INFO - Class 0 Accuracy: 94.92%
2025-04-04 14:22:09,128 - INFO - Class 1 Accuracy: 96.32%
2025-04-04 14:22:09,128 - INFO - Class 2 Accuracy: 95.19%
2025-04-04 14:22:09,129 - INFO - Class 3 Accuracy: 96.48%
2025-04-04 14:22:09,129 - INFO - Class 4 Accuracy: 97.20%
2025-04-04 14:22:09,226 - INFO - Saved best model with accuracy: 96.22%
2025-04-04 14:22:09,317 - INFO - Saved checkpoint at epoch 22
2025-04-04 14:22:09,318 - INFO - Total samples is: <torch.utils.data.dataloader.DataLoader object at 0x000002828A065D90>
2025-04-04 14:49:23,391 - INFO - Validation parameter calculation time: 0:00:00.014346
2025-04-04 14:49:23,391 - INFO - 
Epoch 23/200:
2025-04-04 14:49:23,392 - INFO - Train Loss: 0.6096, Train Acc: 98.29%
2025-04-04 14:49:23,392 - INFO - Val Loss: 0.6113, Val Acc: 96.20%
2025-04-04 14:49:23,393 - INFO - Class 0 Accuracy: 94.81%
2025-04-04 14:49:23,394 - INFO - Class 1 Accuracy: 94.80%
2025-04-04 14:49:23,394 - INFO - Class 2 Accuracy: 94.60%
2025-04-04 14:49:23,394 - INFO - Class 3 Accuracy: 95.88%
2025-04-04 14:49:23,395 - INFO - Class 4 Accuracy: 98.62%
2025-04-04 14:49:23,489 - INFO - Saved checkpoint at epoch 23
2025-04-04 14:49:23,490 - INFO - Total samples is: <torch.utils.data.dataloader.DataLoader object at 0x000002828A065D90>
2025-04-04 15:16:35,009 - INFO - Validation parameter calculation time: 0:00:00.013779
2025-04-04 15:16:35,009 - INFO - 
Epoch 24/200:
2025-04-04 15:16:35,009 - INFO - Train Loss: 0.6096, Train Acc: 98.29%
2025-04-04 15:16:35,010 - INFO - Val Loss: 0.6112, Val Acc: 96.09%
2025-04-04 15:16:35,011 - INFO - Class 0 Accuracy: 94.86%
2025-04-04 15:16:35,011 - INFO - Class 1 Accuracy: 94.30%
2025-04-04 15:16:35,011 - INFO - Class 2 Accuracy: 95.02%
2025-04-04 15:16:35,012 - INFO - Class 3 Accuracy: 94.70%
2025-04-04 15:16:35,012 - INFO - Class 4 Accuracy: 98.88%
2025-04-04 15:16:35,104 - INFO - Saved checkpoint at epoch 24
2025-04-04 15:16:35,104 - INFO - Total samples is: <torch.utils.data.dataloader.DataLoader object at 0x000002828A065D90>
2025-04-04 15:44:03,671 - INFO - Validation parameter calculation time: 0:00:00.012004
2025-04-04 15:44:03,672 - INFO - 
Epoch 25/200:
2025-04-04 15:44:03,672 - INFO - Train Loss: 0.6098, Train Acc: 98.27%
2025-04-04 15:44:03,672 - INFO - Val Loss: 0.6115, Val Acc: 95.99%
2025-04-04 15:44:03,673 - INFO - Class 0 Accuracy: 94.43%
2025-04-04 15:44:03,674 - INFO - Class 1 Accuracy: 95.51%
2025-04-04 15:44:03,674 - INFO - Class 2 Accuracy: 93.77%
2025-04-04 15:44:03,675 - INFO - Class 3 Accuracy: 93.93%
2025-04-04 15:44:03,675 - INFO - Class 4 Accuracy: 98.95%
2025-04-04 15:44:03,770 - INFO - Saved checkpoint at epoch 25
2025-04-04 15:44:03,771 - INFO - Total samples is: <torch.utils.data.dataloader.DataLoader object at 0x000002828A065D90>
2025-04-04 16:11:21,669 - INFO - Validation parameter calculation time: 0:00:00.013504
2025-04-04 16:11:21,669 - INFO - 
Epoch 26/200:
2025-04-04 16:11:21,669 - INFO - Train Loss: 0.6099, Train Acc: 98.26%
2025-04-04 16:11:21,670 - INFO - Val Loss: 0.6119, Val Acc: 95.93%
2025-04-04 16:11:21,671 - INFO - Class 0 Accuracy: 94.90%
2025-04-04 16:11:21,671 - INFO - Class 1 Accuracy: 95.25%
2025-04-04 16:11:21,671 - INFO - Class 2 Accuracy: 92.73%
2025-04-04 16:11:21,672 - INFO - Class 3 Accuracy: 95.40%
2025-04-04 16:11:21,672 - INFO - Class 4 Accuracy: 98.94%
2025-04-04 16:11:21,783 - INFO - Saved checkpoint at epoch 26
2025-04-04 16:11:21,783 - INFO - Total samples is: <torch.utils.data.dataloader.DataLoader object at 0x000002828A065D90>
2025-04-04 16:38:20,707 - INFO - Validation parameter calculation time: 0:00:00.013098
2025-04-04 16:38:20,707 - INFO - 
Epoch 27/200:
2025-04-04 16:38:20,707 - INFO - Train Loss: 0.6096, Train Acc: 98.30%
2025-04-04 16:38:20,707 - INFO - Val Loss: 0.6143, Val Acc: 95.95%
2025-04-04 16:38:20,709 - INFO - Class 0 Accuracy: 94.74%
2025-04-04 16:38:20,709 - INFO - Class 1 Accuracy: 93.63%
2025-04-04 16:38:20,710 - INFO - Class 2 Accuracy: 95.25%
2025-04-04 16:38:20,710 - INFO - Class 3 Accuracy: 94.97%
2025-04-04 16:38:20,710 - INFO - Class 4 Accuracy: 98.68%
2025-04-04 16:38:20,801 - INFO - Saved checkpoint at epoch 27
2025-04-04 16:38:20,801 - INFO - Total samples is: <torch.utils.data.dataloader.DataLoader object at 0x000002828A065D90>
2025-04-04 17:05:09,249 - INFO - Validation parameter calculation time: 0:00:00.012506
2025-04-04 17:05:09,249 - INFO - 
Epoch 28/200:
2025-04-04 17:05:09,251 - INFO - Train Loss: 0.6095, Train Acc: 98.30%
2025-04-04 17:05:09,251 - INFO - Val Loss: 0.6146, Val Acc: 96.12%
2025-04-04 17:05:09,251 - INFO - Class 0 Accuracy: 94.44%
2025-04-04 17:05:09,252 - INFO - Class 1 Accuracy: 94.50%
2025-04-04 17:05:09,252 - INFO - Class 2 Accuracy: 95.85%
2025-04-04 17:05:09,253 - INFO - Class 3 Accuracy: 95.37%
2025-04-04 17:05:09,253 - INFO - Class 4 Accuracy: 98.23%
2025-04-04 17:05:09,346 - INFO - Saved checkpoint at epoch 28
2025-04-04 17:05:09,347 - INFO - Total samples is: <torch.utils.data.dataloader.DataLoader object at 0x000002828A065D90>
2025-04-04 17:32:24,548 - INFO - Validation parameter calculation time: 0:00:00.013002
2025-04-04 17:32:24,549 - INFO - 
Epoch 29/200:
2025-04-04 17:32:24,549 - INFO - Train Loss: 0.6095, Train Acc: 98.30%
2025-04-04 17:32:24,549 - INFO - Val Loss: 0.6104, Val Acc: 96.15%
2025-04-04 17:32:24,550 - INFO - Class 0 Accuracy: 94.68%
2025-04-04 17:32:24,551 - INFO - Class 1 Accuracy: 95.00%
2025-04-04 17:32:24,551 - INFO - Class 2 Accuracy: 94.64%
2025-04-04 17:32:24,551 - INFO - Class 3 Accuracy: 95.03%
2025-04-04 17:32:24,551 - INFO - Class 4 Accuracy: 98.88%
2025-04-04 17:32:24,715 - INFO - Saved checkpoint at epoch 29
2025-04-04 17:32:24,715 - INFO - Total samples is: <torch.utils.data.dataloader.DataLoader object at 0x000002828A065D90>
2025-04-04 17:59:11,243 - INFO - Validation parameter calculation time: 0:00:00.012510
2025-04-04 17:59:11,243 - INFO - 
Epoch 30/200:
2025-04-04 17:59:11,245 - INFO - Train Loss: 0.6094, Train Acc: 98.30%
2025-04-04 17:59:11,245 - INFO - Val Loss: 0.6117, Val Acc: 96.13%
2025-04-04 17:59:11,246 - INFO - Class 0 Accuracy: 94.70%
2025-04-04 17:59:11,246 - INFO - Class 1 Accuracy: 94.83%
2025-04-04 17:59:11,247 - INFO - Class 2 Accuracy: 94.79%
2025-04-04 17:59:11,247 - INFO - Class 3 Accuracy: 95.26%
2025-04-04 17:59:11,247 - INFO - Class 4 Accuracy: 98.69%
2025-04-04 17:59:11,355 - INFO - Saved checkpoint at epoch 30
2025-04-04 17:59:11,356 - INFO - Total samples is: <torch.utils.data.dataloader.DataLoader object at 0x000002828A065D90>
2025-04-04 18:25:52,025 - INFO - Validation parameter calculation time: 0:00:00.014513
2025-04-04 18:25:52,025 - INFO - 
Epoch 31/200:
2025-04-04 18:25:52,025 - INFO - Train Loss: 0.6096, Train Acc: 98.30%
2025-04-04 18:25:52,025 - INFO - Val Loss: 0.6130, Val Acc: 96.05%
2025-04-04 18:25:52,027 - INFO - Class 0 Accuracy: 94.77%
2025-04-04 18:25:52,027 - INFO - Class 1 Accuracy: 94.40%
2025-04-04 18:25:52,027 - INFO - Class 2 Accuracy: 94.93%
2025-04-04 18:25:52,028 - INFO - Class 3 Accuracy: 95.24%
2025-04-04 18:25:52,028 - INFO - Class 4 Accuracy: 98.63%
2025-04-04 18:25:52,120 - INFO - Saved checkpoint at epoch 31
2025-04-04 18:25:52,121 - INFO - Total samples is: <torch.utils.data.dataloader.DataLoader object at 0x000002828A065D90>
2025-04-04 18:52:31,478 - INFO - Validation parameter calculation time: 0:00:00.013016
2025-04-04 18:52:31,478 - INFO - 
Epoch 32/200:
2025-04-04 18:52:31,479 - INFO - Train Loss: 0.6095, Train Acc: 98.29%
2025-04-04 18:52:31,479 - INFO - Val Loss: 0.6127, Val Acc: 96.05%
2025-04-04 18:52:31,480 - INFO - Class 0 Accuracy: 94.56%
2025-04-04 18:52:31,480 - INFO - Class 1 Accuracy: 94.61%
2025-04-04 18:52:31,481 - INFO - Class 2 Accuracy: 94.57%
2025-04-04 18:52:31,481 - INFO - Class 3 Accuracy: 95.24%
2025-04-04 18:52:31,481 - INFO - Class 4 Accuracy: 98.75%
2025-04-04 18:52:31,573 - INFO - Saved checkpoint at epoch 32
2025-04-04 18:52:31,574 - INFO - Total samples is: <torch.utils.data.dataloader.DataLoader object at 0x000002828A065D90>
2025-04-04 19:19:50,341 - INFO - Validation parameter calculation time: 0:00:00.013865
2025-04-04 19:19:50,342 - INFO - 
Epoch 33/200:
2025-04-04 19:19:50,342 - INFO - Train Loss: 0.6094, Train Acc: 98.31%
2025-04-04 19:19:50,342 - INFO - Val Loss: 0.6124, Val Acc: 96.09%
2025-04-04 19:19:50,343 - INFO - Class 0 Accuracy: 94.77%
2025-04-04 19:19:50,344 - INFO - Class 1 Accuracy: 94.71%
2025-04-04 19:19:50,344 - INFO - Class 2 Accuracy: 94.79%
2025-04-04 19:19:50,344 - INFO - Class 3 Accuracy: 95.42%
2025-04-04 19:19:50,345 - INFO - Class 4 Accuracy: 98.59%
2025-04-04 19:19:50,438 - INFO - Saved checkpoint at epoch 33
2025-04-04 19:19:50,439 - INFO - Total samples is: <torch.utils.data.dataloader.DataLoader object at 0x000002828A065D90>
2025-04-04 19:46:26,022 - INFO - Validation parameter calculation time: 0:00:00.013030
2025-04-04 19:46:26,022 - INFO - 
Epoch 34/200:
2025-04-04 19:46:26,022 - INFO - Train Loss: 0.6095, Train Acc: 98.30%
2025-04-04 19:46:26,022 - INFO - Val Loss: 0.6097, Val Acc: 96.20%
2025-04-04 19:46:26,023 - INFO - Class 0 Accuracy: 94.74%
2025-04-04 19:46:26,024 - INFO - Class 1 Accuracy: 95.09%
2025-04-04 19:46:26,024 - INFO - Class 2 Accuracy: 94.74%
2025-04-04 19:46:26,024 - INFO - Class 3 Accuracy: 95.11%
2025-04-04 19:46:26,024 - INFO - Class 4 Accuracy: 98.83%
2025-04-04 19:46:26,114 - INFO - Saved checkpoint at epoch 34
2025-04-04 19:46:26,116 - INFO - Total samples is: <torch.utils.data.dataloader.DataLoader object at 0x000002828A065D90>
2025-04-04 20:12:13,993 - INFO - Validation parameter calculation time: 0:00:00.012512
2025-04-04 20:12:13,994 - INFO - 
Epoch 35/200:
2025-04-04 20:12:13,994 - INFO - Train Loss: 0.6094, Train Acc: 98.31%
2025-04-04 20:12:13,994 - INFO - Val Loss: 0.6127, Val Acc: 96.06%
2025-04-04 20:12:13,995 - INFO - Class 0 Accuracy: 94.73%
2025-04-04 20:12:13,995 - INFO - Class 1 Accuracy: 94.80%
2025-04-04 20:12:13,996 - INFO - Class 2 Accuracy: 94.59%
2025-04-04 20:12:13,996 - INFO - Class 3 Accuracy: 95.33%
2025-04-04 20:12:13,996 - INFO - Class 4 Accuracy: 98.59%
2025-04-04 20:12:14,089 - INFO - Saved checkpoint at epoch 35
2025-04-04 20:12:14,090 - INFO - Total samples is: <torch.utils.data.dataloader.DataLoader object at 0x000002828A065D90>
2025-04-04 20:37:58,298 - INFO - Validation parameter calculation time: 0:00:00.013505
2025-04-04 20:37:58,298 - INFO - 
Epoch 36/200:
2025-04-04 20:37:58,298 - INFO - Train Loss: 0.6095, Train Acc: 98.30%
2025-04-04 20:37:58,299 - INFO - Val Loss: 0.6108, Val Acc: 96.08%
2025-04-04 20:37:58,299 - INFO - Class 0 Accuracy: 94.65%
2025-04-04 20:37:58,300 - INFO - Class 1 Accuracy: 94.77%
2025-04-04 20:37:58,300 - INFO - Class 2 Accuracy: 94.68%
2025-04-04 20:37:58,300 - INFO - Class 3 Accuracy: 94.73%
2025-04-04 20:37:58,300 - INFO - Class 4 Accuracy: 98.94%
2025-04-04 20:37:58,404 - INFO - Saved checkpoint at epoch 36
2025-04-04 20:37:58,405 - INFO - Total samples is: <torch.utils.data.dataloader.DataLoader object at 0x000002828A065D90>
2025-04-04 21:03:58,036 - INFO - Validation parameter calculation time: 0:00:00.012824
2025-04-04 21:03:58,036 - INFO - 
Epoch 37/200:
2025-04-04 21:03:58,037 - INFO - Train Loss: 0.6094, Train Acc: 98.30%
2025-04-04 21:03:58,037 - INFO - Val Loss: 0.6109, Val Acc: 96.17%
2025-04-04 21:03:58,038 - INFO - Class 0 Accuracy: 94.71%
2025-04-04 21:03:58,038 - INFO - Class 1 Accuracy: 94.86%
2025-04-04 21:03:58,039 - INFO - Class 2 Accuracy: 94.88%
2025-04-04 21:03:58,039 - INFO - Class 3 Accuracy: 95.19%
2025-04-04 21:03:58,039 - INFO - Class 4 Accuracy: 98.76%
2025-04-04 21:03:58,135 - INFO - Saved checkpoint at epoch 37
2025-04-04 21:03:58,136 - INFO - Total samples is: <torch.utils.data.dataloader.DataLoader object at 0x000002828A065D90>
2025-04-04 21:30:09,929 - INFO - Validation parameter calculation time: 0:00:00.013525
2025-04-04 21:30:09,929 - INFO - 
Epoch 38/200:
2025-04-04 21:30:09,930 - INFO - Train Loss: 0.6095, Train Acc: 98.30%
2025-04-04 21:30:09,930 - INFO - Val Loss: 0.6109, Val Acc: 96.06%
2025-04-04 21:30:09,931 - INFO - Class 0 Accuracy: 94.40%
2025-04-04 21:30:09,931 - INFO - Class 1 Accuracy: 95.19%
2025-04-04 21:30:09,931 - INFO - Class 2 Accuracy: 94.41%
2025-04-04 21:30:09,932 - INFO - Class 3 Accuracy: 94.66%
2025-04-04 21:30:09,932 - INFO - Class 4 Accuracy: 98.88%
2025-04-04 21:30:10,026 - INFO - Saved checkpoint at epoch 38
2025-04-04 21:30:10,026 - INFO - Total samples is: <torch.utils.data.dataloader.DataLoader object at 0x000002828A065D90>
2025-04-04 21:56:35,677 - INFO - Validation parameter calculation time: 0:00:00.013315
2025-04-04 21:56:35,677 - INFO - 
Epoch 39/200:
2025-04-04 21:56:35,678 - INFO - Train Loss: 0.6095, Train Acc: 98.30%
2025-04-04 21:56:35,678 - INFO - Val Loss: 0.6116, Val Acc: 96.19%
2025-04-04 21:56:35,678 - INFO - Class 0 Accuracy: 94.74%
2025-04-04 21:56:35,679 - INFO - Class 1 Accuracy: 94.81%
2025-04-04 21:56:35,679 - INFO - Class 2 Accuracy: 95.12%
2025-04-04 21:56:35,679 - INFO - Class 3 Accuracy: 95.44%
2025-04-04 21:56:35,680 - INFO - Class 4 Accuracy: 98.56%
2025-04-04 21:56:35,774 - INFO - Saved checkpoint at epoch 39
2025-04-04 21:56:35,775 - INFO - Total samples is: <torch.utils.data.dataloader.DataLoader object at 0x000002828A065D90>
2025-04-04 22:23:01,006 - INFO - Validation parameter calculation time: 0:00:00.012352
2025-04-04 22:23:01,006 - INFO - 
Epoch 40/200:
2025-04-04 22:23:01,007 - INFO - Train Loss: 0.6094, Train Acc: 98.31%
2025-04-04 22:23:01,007 - INFO - Val Loss: 0.6120, Val Acc: 96.17%
2025-04-04 22:23:01,008 - INFO - Class 0 Accuracy: 94.81%
2025-04-04 22:23:01,008 - INFO - Class 1 Accuracy: 94.85%
2025-04-04 22:23:01,008 - INFO - Class 2 Accuracy: 95.01%
2025-04-04 22:23:01,009 - INFO - Class 3 Accuracy: 95.50%
2025-04-04 22:23:01,009 - INFO - Class 4 Accuracy: 98.52%
2025-04-04 22:23:01,101 - INFO - Saved checkpoint at epoch 40
2025-04-04 22:23:01,102 - INFO - Total samples is: <torch.utils.data.dataloader.DataLoader object at 0x000002828A065D90>
2025-04-04 22:49:27,411 - INFO - Validation parameter calculation time: 0:00:00.013345
2025-04-04 22:49:27,411 - INFO - 
Epoch 41/200:
2025-04-04 22:49:27,412 - INFO - Train Loss: 0.6095, Train Acc: 98.30%
2025-04-04 22:49:27,412 - INFO - Val Loss: 0.6104, Val Acc: 96.14%
2025-04-04 22:49:27,413 - INFO - Class 0 Accuracy: 94.62%
2025-04-04 22:49:27,413 - INFO - Class 1 Accuracy: 95.13%
2025-04-04 22:49:27,414 - INFO - Class 2 Accuracy: 94.64%
2025-04-04 22:49:27,414 - INFO - Class 3 Accuracy: 95.01%
2025-04-04 22:49:27,414 - INFO - Class 4 Accuracy: 98.79%
2025-04-04 22:49:27,509 - INFO - Saved checkpoint at epoch 41
2025-04-04 22:49:27,509 - INFO - Total samples is: <torch.utils.data.dataloader.DataLoader object at 0x000002828A065D90>
2025-04-04 23:15:50,990 - INFO - Validation parameter calculation time: 0:00:00.012609
2025-04-04 23:15:50,991 - INFO - 
Epoch 42/200:
2025-04-04 23:15:50,991 - INFO - Train Loss: 0.6094, Train Acc: 98.30%
2025-04-04 23:15:50,991 - INFO - Val Loss: 0.6107, Val Acc: 96.14%
2025-04-04 23:15:50,992 - INFO - Class 0 Accuracy: 94.71%
2025-04-04 23:15:50,993 - INFO - Class 1 Accuracy: 95.00%
2025-04-04 23:15:50,993 - INFO - Class 2 Accuracy: 94.76%
2025-04-04 23:15:50,994 - INFO - Class 3 Accuracy: 95.16%
2025-04-04 23:15:50,994 - INFO - Class 4 Accuracy: 98.70%
2025-04-04 23:15:51,087 - INFO - Saved checkpoint at epoch 42
2025-04-04 23:15:51,088 - INFO - Total samples is: <torch.utils.data.dataloader.DataLoader object at 0x000002828A065D90>
2025-04-04 23:42:18,432 - INFO - Validation parameter calculation time: 0:00:00.013004
2025-04-04 23:42:18,432 - INFO - 
Epoch 43/200:
2025-04-04 23:42:18,433 - INFO - Train Loss: 0.6094, Train Acc: 98.30%
2025-04-04 23:42:18,433 - INFO - Val Loss: 0.6104, Val Acc: 96.12%
2025-04-04 23:42:18,435 - INFO - Class 0 Accuracy: 94.68%
2025-04-04 23:42:18,435 - INFO - Class 1 Accuracy: 94.99%
2025-04-04 23:42:18,435 - INFO - Class 2 Accuracy: 94.36%
2025-04-04 23:42:18,436 - INFO - Class 3 Accuracy: 95.18%
2025-04-04 23:42:18,436 - INFO - Class 4 Accuracy: 98.86%
2025-04-04 23:42:18,531 - INFO - Saved checkpoint at epoch 43
2025-04-04 23:42:18,531 - INFO - Total samples is: <torch.utils.data.dataloader.DataLoader object at 0x000002828A065D90>
2025-04-05 00:08:32,544 - INFO - Validation parameter calculation time: 0:00:00.013012
2025-04-05 00:08:32,545 - INFO - 
Epoch 44/200:
2025-04-05 00:08:32,545 - INFO - Train Loss: 0.6095, Train Acc: 98.30%
2025-04-05 00:08:32,545 - INFO - Val Loss: 0.6108, Val Acc: 96.11%
2025-04-05 00:08:32,546 - INFO - Class 0 Accuracy: 94.68%
2025-04-05 00:08:32,547 - INFO - Class 1 Accuracy: 94.85%
2025-04-05 00:08:32,547 - INFO - Class 2 Accuracy: 94.68%
2025-04-05 00:08:32,547 - INFO - Class 3 Accuracy: 94.93%
2025-04-05 00:08:32,547 - INFO - Class 4 Accuracy: 98.87%
2025-04-05 00:08:32,645 - INFO - Saved checkpoint at epoch 44
2025-04-05 00:08:32,646 - INFO - Total samples is: <torch.utils.data.dataloader.DataLoader object at 0x000002828A065D90>
2025-04-05 00:34:24,405 - INFO - Validation parameter calculation time: 0:00:00.012524
2025-04-05 00:34:24,405 - INFO - 
Epoch 45/200:
2025-04-05 00:34:24,405 - INFO - Train Loss: 0.6094, Train Acc: 98.30%
2025-04-05 00:34:24,406 - INFO - Val Loss: 0.6106, Val Acc: 96.11%
2025-04-05 00:34:24,407 - INFO - Class 0 Accuracy: 94.57%
2025-04-05 00:34:24,407 - INFO - Class 1 Accuracy: 95.11%
2025-04-05 00:34:24,408 - INFO - Class 2 Accuracy: 94.49%
2025-04-05 00:34:24,408 - INFO - Class 3 Accuracy: 94.80%
2025-04-05 00:34:24,408 - INFO - Class 4 Accuracy: 98.92%
2025-04-05 00:34:24,503 - INFO - Saved checkpoint at epoch 45
2025-04-05 00:34:24,504 - INFO - Total samples is: <torch.utils.data.dataloader.DataLoader object at 0x000002828A065D90>
2025-04-05 01:00:19,584 - INFO - Validation parameter calculation time: 0:00:00.012025
2025-04-05 01:00:19,585 - INFO - 
Epoch 46/200:
2025-04-05 01:00:19,585 - INFO - Train Loss: 0.6094, Train Acc: 98.30%
2025-04-05 01:00:19,585 - INFO - Val Loss: 0.6104, Val Acc: 96.13%
2025-04-05 01:00:19,586 - INFO - Class 0 Accuracy: 94.66%
2025-04-05 01:00:19,587 - INFO - Class 1 Accuracy: 94.86%
2025-04-05 01:00:19,587 - INFO - Class 2 Accuracy: 94.76%
2025-04-05 01:00:19,587 - INFO - Class 3 Accuracy: 94.95%
2025-04-05 01:00:19,588 - INFO - Class 4 Accuracy: 98.87%
2025-04-05 01:00:19,686 - INFO - Saved checkpoint at epoch 46
2025-04-05 01:00:19,686 - INFO - Total samples is: <torch.utils.data.dataloader.DataLoader object at 0x000002828A065D90>
2025-04-05 01:26:16,765 - INFO - Validation parameter calculation time: 0:00:00.012078
2025-04-05 01:26:16,765 - INFO - 
Epoch 47/200:
2025-04-05 01:26:16,765 - INFO - Train Loss: 0.6095, Train Acc: 98.30%
2025-04-05 01:26:16,767 - INFO - Val Loss: 0.6106, Val Acc: 96.12%
2025-04-05 01:26:16,768 - INFO - Class 0 Accuracy: 94.63%
2025-04-05 01:26:16,768 - INFO - Class 1 Accuracy: 94.85%
2025-04-05 01:26:16,768 - INFO - Class 2 Accuracy: 94.70%
2025-04-05 01:26:16,769 - INFO - Class 3 Accuracy: 94.94%
2025-04-05 01:26:16,769 - INFO - Class 4 Accuracy: 98.88%
2025-04-05 01:26:16,877 - INFO - Saved checkpoint at epoch 47
2025-04-05 01:26:16,878 - INFO - Total samples is: <torch.utils.data.dataloader.DataLoader object at 0x000002828A065D90>
2025-04-05 01:52:11,661 - INFO - Validation parameter calculation time: 0:00:00.012521
2025-04-05 01:52:11,661 - INFO - 
Epoch 48/200:
2025-04-05 01:52:11,662 - INFO - Train Loss: 0.6095, Train Acc: 98.30%
2025-04-05 01:52:11,662 - INFO - Val Loss: 0.6108, Val Acc: 96.16%
2025-04-05 01:52:11,663 - INFO - Class 0 Accuracy: 94.73%
2025-04-05 01:52:11,663 - INFO - Class 1 Accuracy: 94.80%
2025-04-05 01:52:11,663 - INFO - Class 2 Accuracy: 94.82%
2025-04-05 01:52:11,664 - INFO - Class 3 Accuracy: 95.33%
2025-04-05 01:52:11,664 - INFO - Class 4 Accuracy: 98.73%
2025-04-05 01:52:11,754 - INFO - Saved checkpoint at epoch 48
2025-04-05 01:52:11,754 - INFO - Total samples is: <torch.utils.data.dataloader.DataLoader object at 0x000002828A065D90>
