2024-12-06 12:43:14,982 - INFO - Training configuration:
2024-12-06 12:43:14,984 - INFO - num_points: 4096
2024-12-06 12:43:14,984 - INFO - chunk_size: 4096
2024-12-06 12:43:14,984 - INFO - overlap: 1024
2024-12-06 12:43:14,984 - INFO - batch_size: 16
2024-12-06 12:43:14,984 - INFO - num_workers: 0
2024-12-06 12:43:14,984 - INFO - learning_rate: 0.001
2024-12-06 12:43:14,984 - INFO - num_classes: 4
2024-12-06 12:43:14,984 - INFO - num_epochs: 500
2024-12-06 12:43:14,984 - INFO - device: cuda
2024-12-06 12:43:14,984 - INFO - Using device: cuda
2024-12-06 12:43:14,986 - INFO - No cache found. Processing dataset...
2024-12-06 12:43:14,987 - INFO - Found 64 las files:
2024-12-06 12:43:14,987 - INFO -   - cb1-1.las
2024-12-06 12:43:14,988 - INFO -   - cb1-10.las
2024-12-06 12:43:14,988 - INFO -   - cb1-11.las
2024-12-06 12:43:14,988 - INFO -   - cb1-12.las
2024-12-06 12:43:14,988 - INFO -   - cb1-13.las
2024-12-06 12:43:14,988 - INFO -   - cb1-14.las
2024-12-06 12:43:14,988 - INFO -   - cb1-2.las
2024-12-06 12:43:14,988 - INFO -   - cb1-3.las
2024-12-06 12:43:14,988 - INFO -   - cb1-4.las
2024-12-06 12:43:14,988 - INFO -   - cb1-5.las
2024-12-06 12:43:14,988 - INFO -   - cb1-6.las
2024-12-06 12:43:14,988 - INFO -   - cb1-7.las
2024-12-06 12:43:14,988 - INFO -   - cb1-8.las
2024-12-06 12:43:14,988 - INFO -   - cb1-9.las
2024-12-06 12:43:14,988 - INFO -   - cb3-1.las
2024-12-06 12:43:14,988 - INFO -   - cb3-2.las
2024-12-06 12:43:14,988 - INFO -   - cb3-3.las
2024-12-06 12:43:14,988 - INFO -   - cb3-4.las
2024-12-06 12:43:14,988 - INFO -   - cb3-5.las
2024-12-06 12:43:14,988 - INFO -   - cb3-6.las
2024-12-06 12:43:14,989 - INFO -   - cb3-7.las
2024-12-06 12:43:14,989 - INFO -   - cb4-1.las
2024-12-06 12:43:14,989 - INFO -   - cb4-10.las
2024-12-06 12:43:14,989 - INFO -   - cb4-11.las
2024-12-06 12:43:14,989 - INFO -   - cb4-2.las
2024-12-06 12:43:14,989 - INFO -   - cb4-3.las
2024-12-06 12:43:14,989 - INFO -   - cb4-5.las
2024-12-06 12:43:14,989 - INFO -   - cb4-6.las
2024-12-06 12:43:14,989 - INFO -   - cb4-7.las
2024-12-06 12:43:14,989 - INFO -   - cb4-8.las
2024-12-06 12:43:14,989 - INFO -   - cb4-9.las
2024-12-06 12:43:14,989 - INFO -   - cb5-1.las
2024-12-06 12:43:14,989 - INFO -   - cb5-2.las
2024-12-06 12:43:14,989 - INFO -   - cb5-3.las
2024-12-06 12:43:14,989 - INFO -   - cb5-4.las
2024-12-06 12:43:14,989 - INFO -   - cb5-5.las
2024-12-06 12:43:14,989 - INFO -   - cb5-6.las
2024-12-06 12:43:14,989 - INFO -   - cb5-7.las
2024-12-06 12:43:14,989 - INFO -   - cb7-1.las
2024-12-06 12:43:14,989 - INFO -   - cb7-10.las
2024-12-06 12:43:14,989 - INFO -   - cb7-11.las
2024-12-06 12:43:14,989 - INFO -   - cb7-12.las
2024-12-06 12:43:14,990 - INFO -   - cb7-13.las
2024-12-06 12:43:14,990 - INFO -   - cb7-2.las
2024-12-06 12:43:14,990 - INFO -   - cb7-3.las
2024-12-06 12:43:14,990 - INFO -   - cb7-4.las
2024-12-06 12:43:14,990 - INFO -   - cb7-5.las
2024-12-06 12:43:14,990 - INFO -   - cb7-6.las
2024-12-06 12:43:14,990 - INFO -   - cb7-7.las
2024-12-06 12:43:14,990 - INFO -   - cb7-8.las
2024-12-06 12:43:14,990 - INFO -   - cb7-9.las
2024-12-06 12:43:14,990 - INFO -   - cb8-1.las
2024-12-06 12:43:14,990 - INFO -   - cb8-10.las
2024-12-06 12:43:14,990 - INFO -   - cb8-11.las
2024-12-06 12:43:14,990 - INFO -   - cb8-12.las
2024-12-06 12:43:14,990 - INFO -   - cb8-13.las
2024-12-06 12:43:14,990 - INFO -   - cb8-2.las
2024-12-06 12:43:14,990 - INFO -   - cb8-3.las
2024-12-06 12:43:14,990 - INFO -   - cb8-4.las
2024-12-06 12:43:14,990 - INFO -   - cb8-5.las
2024-12-06 12:43:14,990 - INFO -   - cb8-6.las
2024-12-06 12:43:14,990 - INFO -   - cb8-7.las
2024-12-06 12:43:14,990 - INFO -   - cb8-8.las
2024-12-06 12:43:14,990 - INFO -   - cb8-9.las
2024-12-06 12:43:14,992 - INFO - Processing cb1-1.las
2024-12-06 12:43:14,992 - INFO - Loading data/CB/4class/train/cb1-1.las
2024-12-06 12:43:15,159 - INFO - Loaded 676329 points from cb1-1.las
2024-12-06 12:43:15,306 - INFO - Total points: 676329, Iterations: 66
2024-12-06 12:43:16,634 - INFO - Created 90 blocks
2024-12-06 12:43:16,634 - INFO - Processing cb1-10.las
2024-12-06 12:43:16,635 - INFO - Loading data/CB/4class/train/cb1-10.las
2024-12-06 12:43:17,266 - INFO - Loaded 3924961 points from cb1-10.las
2024-12-06 12:43:17,339 - INFO - Total points: 3924961, Iterations: 383
2024-12-06 12:43:48,702 - INFO - Created 733 blocks
2024-12-06 12:43:48,703 - INFO - Processing cb1-11.las
2024-12-06 12:43:48,703 - INFO - Loading data/CB/4class/train/cb1-11.las
2024-12-06 12:43:50,464 - INFO - Loaded 6758940 points from cb1-11.las
2024-12-06 12:43:50,596 - INFO - Total points: 6758940, Iterations: 660
2024-12-06 12:45:55,602 - INFO - Created 1282 blocks
2024-12-06 12:45:55,603 - INFO - Processing cb1-12.las
2024-12-06 12:45:55,603 - INFO - Loading data/CB/4class/train/cb1-12.las
2024-12-06 12:45:56,136 - INFO - Loaded 3223885 points from cb1-12.las
2024-12-06 12:45:56,205 - INFO - Total points: 3223885, Iterations: 314
2024-12-06 12:46:16,674 - INFO - Created 627 blocks
2024-12-06 12:46:16,675 - INFO - Processing cb1-13.las
2024-12-06 12:46:16,675 - INFO - Loading data/CB/4class/train/cb1-13.las
2024-12-06 12:46:17,273 - INFO - Loaded 3610353 points from cb1-13.las
2024-12-06 12:46:17,342 - INFO - Total points: 3610353, Iterations: 352
2024-12-06 12:46:44,281 - INFO - Created 652 blocks
2024-12-06 12:46:44,283 - INFO - Processing cb1-14.las
2024-12-06 12:46:44,283 - INFO - Loading data/CB/4class/train/cb1-14.las
2024-12-06 12:46:44,904 - INFO - Loaded 3761386 points from cb1-14.las
2024-12-06 12:46:45,021 - INFO - Total points: 3761386, Iterations: 367
2024-12-06 12:47:13,456 - INFO - Created 663 blocks
2024-12-06 12:47:13,457 - INFO - Processing cb1-2.las
2024-12-06 12:47:13,457 - INFO - Loading data/CB/4class/train/cb1-2.las
2024-12-06 12:47:15,094 - INFO - Loaded 9729820 points from cb1-2.las
2024-12-06 12:47:15,281 - INFO - Total points: 9729820, Iterations: 950
2024-12-06 12:51:46,770 - INFO - Created 1808 blocks
2024-12-06 12:51:46,771 - INFO - Processing cb1-3.las
2024-12-06 12:51:46,771 - INFO - Loading data/CB/4class/train/cb1-3.las
2024-12-06 12:51:48,770 - INFO - Loaded 12654491 points from cb1-3.las
2024-12-06 12:51:49,054 - INFO - Total points: 12654491, Iterations: 1235
2024-12-06 13:00:16,860 - INFO - Created 2357 blocks
2024-12-06 13:00:16,861 - INFO - Processing cb1-4.las
2024-12-06 13:00:16,861 - INFO - Loading data/CB/4class/train/cb1-4.las
2024-12-06 13:00:19,005 - INFO - Loaded 12892669 points from cb1-4.las
2024-12-06 13:00:19,252 - INFO - Total points: 12892669, Iterations: 1259
2024-12-06 13:08:44,286 - INFO - Created 2388 blocks
2024-12-06 13:08:44,287 - INFO - Processing cb1-5.las
2024-12-06 13:08:44,287 - INFO - Loading data/CB/4class/train/cb1-5.las
2024-12-06 13:08:46,190 - INFO - Loaded 11074588 points from cb1-5.las
2024-12-06 13:08:46,401 - INFO - Total points: 11074588, Iterations: 1081
2024-12-06 13:14:20,136 - INFO - Created 2000 blocks
2024-12-06 13:14:20,137 - INFO - Processing cb1-6.las
2024-12-06 13:14:20,137 - INFO - Loading data/CB/4class/train/cb1-6.las
2024-12-06 13:14:21,799 - INFO - Loaded 9619743 points from cb1-6.las
2024-12-06 13:14:21,983 - INFO - Total points: 9619743, Iterations: 939
2024-12-06 13:18:31,491 - INFO - Created 1800 blocks
2024-12-06 13:18:31,491 - INFO - Processing cb1-7.las
2024-12-06 13:18:31,491 - INFO - Loading data/CB/4class/train/cb1-7.las
2024-12-06 13:18:32,548 - INFO - Loaded 6566694 points from cb1-7.las
2024-12-06 13:18:32,689 - INFO - Total points: 6566694, Iterations: 641
2024-12-06 13:20:21,780 - INFO - Created 1214 blocks
2024-12-06 13:20:21,781 - INFO - Processing cb1-8.las
2024-12-06 13:20:21,781 - INFO - Loading data/CB/4class/train/cb1-8.las
2024-12-06 13:20:22,078 - INFO - Loaded 1697462 points from cb1-8.las
2024-12-06 13:20:22,115 - INFO - Total points: 1697462, Iterations: 165
2024-12-06 13:20:27,451 - INFO - Created 310 blocks
2024-12-06 13:20:27,452 - INFO - Processing cb1-9.las
2024-12-06 13:20:27,452 - INFO - Loading data/CB/4class/train/cb1-9.las
2024-12-06 13:20:27,922 - INFO - Loaded 1630372 points from cb1-9.las
2024-12-06 13:20:27,955 - INFO - Total points: 1630372, Iterations: 159
2024-12-06 13:20:32,823 - INFO - Created 287 blocks
2024-12-06 13:20:32,824 - INFO - Processing cb3-1.las
2024-12-06 13:20:32,824 - INFO - Loading data/CB/4class/train/cb3-1.las
2024-12-06 13:20:32,894 - INFO - Loaded 2355859 points from cb3-1.las
2024-12-06 13:20:32,944 - INFO - Total points: 2355859, Iterations: 230
2024-12-06 13:20:42,938 - INFO - Created 357 blocks
2024-12-06 13:20:42,939 - INFO - Processing cb3-2.las
2024-12-06 13:20:42,939 - INFO - Loading data/CB/4class/train/cb3-2.las
2024-12-06 13:20:43,005 - INFO - Loaded 2263374 points from cb3-2.las
2024-12-06 13:20:43,052 - INFO - Total points: 2263374, Iterations: 221
2024-12-06 13:20:52,467 - INFO - Created 326 blocks
2024-12-06 13:20:52,468 - INFO - Processing cb3-3.las
2024-12-06 13:20:52,468 - INFO - Loading data/CB/4class/train/cb3-3.las
2024-12-06 13:20:52,561 - INFO - Loaded 3095872 points from cb3-3.las
2024-12-06 13:20:52,624 - INFO - Total points: 3095872, Iterations: 302
2024-12-06 13:21:10,530 - INFO - Created 422 blocks
2024-12-06 13:21:10,531 - INFO - Processing cb3-4.las
2024-12-06 13:21:10,531 - INFO - Loading data/CB/4class/train/cb3-4.las
2024-12-06 13:21:10,609 - INFO - Loaded 2685865 points from cb3-4.las
2024-12-06 13:21:10,663 - INFO - Total points: 2685865, Iterations: 262
2024-12-06 13:21:24,218 - INFO - Created 375 blocks
2024-12-06 13:21:24,218 - INFO - Processing cb3-5.las
2024-12-06 13:21:24,218 - INFO - Loading data/CB/4class/train/cb3-5.las
2024-12-06 13:21:24,343 - INFO - Loaded 4379203 points from cb3-5.las
2024-12-06 13:21:24,427 - INFO - Total points: 4379203, Iterations: 427
2024-12-06 13:22:02,550 - INFO - Created 709 blocks
2024-12-06 13:22:02,552 - INFO - Processing cb3-6.las
2024-12-06 13:22:02,552 - INFO - Loading data/CB/4class/train/cb3-6.las
2024-12-06 13:22:02,663 - INFO - Loaded 3669800 points from cb3-6.las
2024-12-06 13:22:02,739 - INFO - Total points: 3669800, Iterations: 358
2024-12-06 13:22:29,152 - INFO - Created 632 blocks
2024-12-06 13:22:29,153 - INFO - Processing cb3-7.las
2024-12-06 13:22:29,153 - INFO - Loading data/CB/4class/train/cb3-7.las
2024-12-06 13:22:29,244 - INFO - Loaded 2896236 points from cb3-7.las
2024-12-06 13:22:29,303 - INFO - Total points: 2896236, Iterations: 282
2024-12-06 13:22:45,080 - INFO - Created 447 blocks
2024-12-06 13:22:45,082 - INFO - Processing cb4-1.las
2024-12-06 13:22:45,082 - INFO - Loading data/CB/4class/train/cb4-1.las
2024-12-06 13:22:45,520 - INFO - Loaded 1968418 points from cb4-1.las
2024-12-06 13:22:45,559 - INFO - Total points: 1968418, Iterations: 192
2024-12-06 13:22:52,516 - INFO - Created 301 blocks
2024-12-06 13:22:52,517 - INFO - Processing cb4-10.las
2024-12-06 13:22:52,517 - INFO - Loading data/CB/4class/train/cb4-10.las
2024-12-06 13:22:53,167 - INFO - Loaded 2384041 points from cb4-10.las
2024-12-06 13:22:53,213 - INFO - Total points: 2384041, Iterations: 232
2024-12-06 13:23:03,676 - INFO - Created 338 blocks
2024-12-06 13:23:03,677 - INFO - Processing cb4-11.las
2024-12-06 13:23:03,677 - INFO - Loading data/CB/4class/train/cb4-11.las
2024-12-06 13:23:04,250 - INFO - Loaded 1484732 points from cb4-11.las
2024-12-06 13:23:04,282 - INFO - Total points: 1484732, Iterations: 144
2024-12-06 13:23:08,195 - INFO - Created 203 blocks
2024-12-06 13:23:08,197 - INFO - Processing cb4-2.las
2024-12-06 13:23:08,197 - INFO - Loading data/CB/4class/train/cb4-2.las
2024-12-06 13:23:08,992 - INFO - Loaded 3774282 points from cb4-2.las
2024-12-06 13:23:09,064 - INFO - Total points: 3774282, Iterations: 368
2024-12-06 13:23:34,558 - INFO - Created 543 blocks
2024-12-06 13:23:34,559 - INFO - Processing cb4-3.las
2024-12-06 13:23:34,559 - INFO - Loading data/CB/4class/train/cb4-3.las
2024-12-06 13:23:35,296 - INFO - Loaded 4424577 points from cb4-3.las
2024-12-06 13:23:35,381 - INFO - Total points: 4424577, Iterations: 432
2024-12-06 13:24:12,868 - INFO - Created 639 blocks
2024-12-06 13:24:12,869 - INFO - Processing cb4-5.las
2024-12-06 13:24:12,869 - INFO - Loading data/CB/4class/train/cb4-5.las
2024-12-06 13:24:13,784 - INFO - Loaded 4346025 points from cb4-5.las
2024-12-06 13:24:13,871 - INFO - Total points: 4346025, Iterations: 424
2024-12-06 13:24:49,658 - INFO - Created 701 blocks
2024-12-06 13:24:49,659 - INFO - Processing cb4-6.las
2024-12-06 13:24:49,659 - INFO - Loading data/CB/4class/train/cb4-6.las
2024-12-06 13:24:50,202 - INFO - Loaded 3200947 points from cb4-6.las
2024-12-06 13:24:50,268 - INFO - Total points: 3200947, Iterations: 312
2024-12-06 13:25:08,785 - INFO - Created 512 blocks
2024-12-06 13:25:08,787 - INFO - Processing cb4-7.las
2024-12-06 13:25:08,787 - INFO - Loading data/CB/4class/train/cb4-7.las
2024-12-06 13:25:09,386 - INFO - Loaded 2121212 points from cb4-7.las
2024-12-06 13:25:09,431 - INFO - Total points: 2121212, Iterations: 207
2024-12-06 13:25:17,158 - INFO - Created 340 blocks
2024-12-06 13:25:17,159 - INFO - Processing cb4-8.las
2024-12-06 13:25:17,159 - INFO - Loading data/CB/4class/train/cb4-8.las
2024-12-06 13:25:17,529 - INFO - Loaded 2240398 points from cb4-8.las
2024-12-06 13:25:17,573 - INFO - Total points: 2240398, Iterations: 218
2024-12-06 13:25:26,257 - INFO - Created 356 blocks
2024-12-06 13:25:26,257 - INFO - Processing cb4-9.las
2024-12-06 13:25:26,258 - INFO - Loading data/CB/4class/train/cb4-9.las
2024-12-06 13:25:26,583 - INFO - Loaded 1852377 points from cb4-9.las
2024-12-06 13:25:26,622 - INFO - Total points: 1852377, Iterations: 180
2024-12-06 13:25:32,527 - INFO - Created 226 blocks
2024-12-06 13:25:32,529 - INFO - Processing cb5-1.las
2024-12-06 13:25:32,529 - INFO - Loading data/CB/4class/train/cb5-1.las
2024-12-06 13:25:32,570 - INFO - Loaded 1356638 points from cb5-1.las
2024-12-06 13:25:32,599 - INFO - Total points: 1356638, Iterations: 132
2024-12-06 13:25:35,960 - INFO - Created 213 blocks
2024-12-06 13:25:35,961 - INFO - Processing cb5-2.las
2024-12-06 13:25:35,961 - INFO - Loading data/CB/4class/train/cb5-2.las
2024-12-06 13:25:36,040 - INFO - Loaded 2598762 points from cb5-2.las
2024-12-06 13:25:36,091 - INFO - Total points: 2598762, Iterations: 253
2024-12-06 13:25:48,121 - INFO - Created 383 blocks
2024-12-06 13:25:48,122 - INFO - Processing cb5-3.las
2024-12-06 13:25:48,123 - INFO - Loading data/CB/4class/train/cb5-3.las
2024-12-06 13:25:48,215 - INFO - Loaded 2937250 points from cb5-3.las
2024-12-06 13:25:48,274 - INFO - Total points: 2937250, Iterations: 286
2024-12-06 13:26:03,977 - INFO - Created 407 blocks
2024-12-06 13:26:03,977 - INFO - Processing cb5-4.las
2024-12-06 13:26:03,977 - INFO - Loading data/CB/4class/train/cb5-4.las
2024-12-06 13:26:04,090 - INFO - Loaded 3955980 points from cb5-4.las
2024-12-06 13:26:04,186 - INFO - Total points: 3955980, Iterations: 386
2024-12-06 13:26:35,915 - INFO - Created 576 blocks
2024-12-06 13:26:35,916 - INFO - Processing cb5-5.las
2024-12-06 13:26:35,916 - INFO - Loading data/CB/4class/train/cb5-5.las
2024-12-06 13:26:36,028 - INFO - Loaded 3861816 points from cb5-5.las
2024-12-06 13:26:36,109 - INFO - Total points: 3861816, Iterations: 377
2024-12-06 13:27:05,418 - INFO - Created 545 blocks
2024-12-06 13:27:05,419 - INFO - Processing cb5-6.las
2024-12-06 13:27:05,419 - INFO - Loading data/CB/4class/train/cb5-6.las
2024-12-06 13:27:05,502 - INFO - Loaded 2797073 points from cb5-6.las
2024-12-06 13:27:05,562 - INFO - Total points: 2797073, Iterations: 273
2024-12-06 13:27:21,922 - INFO - Created 402 blocks
2024-12-06 13:27:21,923 - INFO - Processing cb5-7.las
2024-12-06 13:27:21,923 - INFO - Loading data/CB/4class/train/cb5-7.las
2024-12-06 13:27:21,977 - INFO - Loaded 1496421 points from cb5-7.las
2024-12-06 13:27:22,024 - INFO - Total points: 1496421, Iterations: 146
2024-12-06 13:27:26,544 - INFO - Created 199 blocks
2024-12-06 13:27:26,545 - INFO - Processing cb7-1.las
2024-12-06 13:27:26,545 - INFO - Loading data/CB/4class/train/cb7-1.las
2024-12-06 13:27:26,842 - INFO - Loaded 1625705 points from cb7-1.las
2024-12-06 13:27:26,887 - INFO - Total points: 1625705, Iterations: 158
2024-12-06 13:27:32,123 - INFO - Created 287 blocks
2024-12-06 13:27:32,124 - INFO - Processing cb7-10.las
2024-12-06 13:27:32,124 - INFO - Loading data/CB/4class/train/cb7-10.las
2024-12-06 13:27:32,415 - INFO - Loaded 1447766 points from cb7-10.las
2024-12-06 13:27:32,445 - INFO - Total points: 1447766, Iterations: 141
2024-12-06 13:27:36,699 - INFO - Created 250 blocks
2024-12-06 13:27:36,700 - INFO - Processing cb7-11.las
2024-12-06 13:27:36,700 - INFO - Loading data/CB/4class/train/cb7-11.las
2024-12-06 13:27:37,224 - INFO - Loaded 2859147 points from cb7-11.las
2024-12-06 13:27:37,280 - INFO - Total points: 2859147, Iterations: 279
2024-12-06 13:27:54,040 - INFO - Created 532 blocks
2024-12-06 13:27:54,042 - INFO - Processing cb7-12.las
2024-12-06 13:27:54,042 - INFO - Loading data/CB/4class/train/cb7-12.las
2024-12-06 13:27:54,723 - INFO - Loaded 4115159 points from cb7-12.las
2024-12-06 13:27:54,811 - INFO - Total points: 4115159, Iterations: 401
2024-12-06 13:28:30,035 - INFO - Created 796 blocks
2024-12-06 13:28:30,037 - INFO - Processing cb7-13.las
2024-12-06 13:28:30,037 - INFO - Loading data/CB/4class/train/cb7-13.las
2024-12-06 13:28:30,591 - INFO - Loaded 3390125 points from cb7-13.las
2024-12-06 13:28:30,697 - INFO - Total points: 3390125, Iterations: 331
2024-12-06 13:28:55,667 - INFO - Created 656 blocks
2024-12-06 13:28:55,668 - INFO - Processing cb7-2.las
2024-12-06 13:28:55,668 - INFO - Loading data/CB/4class/train/cb7-2.las
2024-12-06 13:28:57,591 - INFO - Loaded 11386908 points from cb7-2.las
2024-12-06 13:28:57,863 - INFO - Total points: 11386908, Iterations: 1112
2024-12-06 13:36:15,036 - INFO - Created 2196 blocks
2024-12-06 13:36:15,036 - INFO - Processing cb7-3.las
2024-12-06 13:36:15,036 - INFO - Loading data/CB/4class/train/cb7-3.las
2024-12-06 13:36:16,806 - INFO - Loaded 11000057 points from cb7-3.las
2024-12-06 13:36:17,070 - INFO - Total points: 11000057, Iterations: 1074
2024-12-06 13:43:30,749 - INFO - Created 2088 blocks
2024-12-06 13:43:30,749 - INFO - Processing cb7-4.las
2024-12-06 13:43:30,749 - INFO - Loading data/CB/4class/train/cb7-4.las
2024-12-06 13:43:31,830 - INFO - Loaded 6498766 points from cb7-4.las
2024-12-06 13:43:31,981 - INFO - Total points: 6498766, Iterations: 634
2024-12-06 13:45:21,897 - INFO - Created 1189 blocks
2024-12-06 13:45:21,898 - INFO - Processing cb7-5.las
2024-12-06 13:45:21,898 - INFO - Loading data/CB/4class/train/cb7-5.las
2024-12-06 13:45:23,226 - INFO - Loaded 7948270 points from cb7-5.las
2024-12-06 13:45:23,385 - INFO - Total points: 7948270, Iterations: 776
2024-12-06 13:48:15,861 - INFO - Created 1432 blocks
2024-12-06 13:48:15,862 - INFO - Processing cb7-6.las
2024-12-06 13:48:15,862 - INFO - Loading data/CB/4class/train/cb7-6.las
2024-12-06 13:48:17,689 - INFO - Loaded 11175267 points from cb7-6.las
2024-12-06 13:48:17,915 - INFO - Total points: 11175267, Iterations: 1091
2024-12-06 13:55:32,859 - INFO - Created 2113 blocks
2024-12-06 13:55:32,860 - INFO - Processing cb7-7.las
2024-12-06 13:55:32,861 - INFO - Loading data/CB/4class/train/cb7-7.las
2024-12-06 13:55:34,750 - INFO - Loaded 11186818 points from cb7-7.las
2024-12-06 13:55:34,987 - INFO - Total points: 11186818, Iterations: 1092
2024-12-06 14:02:45,435 - INFO - Created 2116 blocks
2024-12-06 14:02:45,436 - INFO - Processing cb7-8.las
2024-12-06 14:02:45,436 - INFO - Loading data/CB/4class/train/cb7-8.las
2024-12-06 14:02:47,223 - INFO - Loaded 10633205 points from cb7-8.las
2024-12-06 14:02:47,453 - INFO - Total points: 10633205, Iterations: 1038
2024-12-06 14:08:55,227 - INFO - Created 2054 blocks
2024-12-06 14:08:55,229 - INFO - Processing cb7-9.las
2024-12-06 14:08:55,229 - INFO - Loading data/CB/4class/train/cb7-9.las
2024-12-06 14:08:56,159 - INFO - Loaded 5435424 points from cb7-9.las
2024-12-06 14:08:56,286 - INFO - Total points: 5435424, Iterations: 530
2024-12-06 14:10:03,301 - INFO - Created 1022 blocks
2024-12-06 14:10:03,301 - INFO - Processing cb8-1.las
2024-12-06 14:10:03,301 - INFO - Loading data/CB/4class/train/cb8-1.las
2024-12-06 14:10:04,450 - INFO - Loaded 7621359 points from cb8-1.las
2024-12-06 14:10:04,699 - INFO - Total points: 7621359, Iterations: 744
2024-12-06 14:12:32,532 - INFO - Created 1459 blocks
2024-12-06 14:12:32,533 - INFO - Processing cb8-10.las
2024-12-06 14:12:32,533 - INFO - Loading data/CB/4class/train/cb8-10.las
2024-12-06 14:12:33,099 - INFO - Loaded 4288696 points from cb8-10.las
2024-12-06 14:12:33,196 - INFO - Total points: 4288696, Iterations: 418
2024-12-06 14:13:12,453 - INFO - Created 822 blocks
2024-12-06 14:13:12,454 - INFO - Processing cb8-11.las
2024-12-06 14:13:12,454 - INFO - Loading data/CB/4class/train/cb8-11.las
2024-12-06 14:13:12,519 - INFO - Loaded 1125899 points from cb8-11.las
2024-12-06 14:13:12,549 - INFO - Total points: 1125899, Iterations: 109
2024-12-06 14:13:15,515 - INFO - Created 210 blocks
2024-12-06 14:13:15,515 - INFO - Processing cb8-12.las
2024-12-06 14:13:15,515 - INFO - Loading data/CB/4class/train/cb8-12.las
2024-12-06 14:13:16,447 - INFO - Loaded 6498360 points from cb8-12.las
2024-12-06 14:13:16,637 - INFO - Total points: 6498360, Iterations: 634
2024-12-06 14:14:59,016 - INFO - Created 1250 blocks
2024-12-06 14:14:59,017 - INFO - Processing cb8-13.las
2024-12-06 14:14:59,017 - INFO - Loading data/CB/4class/train/cb8-13.las
2024-12-06 14:14:59,880 - INFO - Loaded 6082268 points from cb8-13.las
2024-12-06 14:15:00,004 - INFO - Total points: 6082268, Iterations: 593
2024-12-06 14:16:28,241 - INFO - Created 1166 blocks
2024-12-06 14:16:28,243 - INFO - Processing cb8-2.las
2024-12-06 14:16:28,243 - INFO - Loading data/CB/4class/train/cb8-2.las
2024-12-06 14:16:29,711 - INFO - Loaded 9605428 points from cb8-2.las
2024-12-06 14:16:29,922 - INFO - Total points: 9605428, Iterations: 938
2024-12-06 14:21:09,373 - INFO - Created 1837 blocks
2024-12-06 14:21:09,375 - INFO - Processing cb8-3.las
2024-12-06 14:21:09,375 - INFO - Loading data/CB/4class/train/cb8-3.las
2024-12-06 14:21:09,960 - INFO - Loaded 4337589 points from cb8-3.las
2024-12-06 14:21:10,063 - INFO - Total points: 4337589, Iterations: 423
2024-12-06 14:21:50,339 - INFO - Created 760 blocks
2024-12-06 14:21:50,341 - INFO - Processing cb8-4.las
2024-12-06 14:21:50,341 - INFO - Loading data/CB/4class/train/cb8-4.las
2024-12-06 14:21:50,962 - INFO - Loaded 4560928 points from cb8-4.las
2024-12-06 14:21:51,068 - INFO - Total points: 4560928, Iterations: 445
2024-12-06 14:22:36,228 - INFO - Created 809 blocks
2024-12-06 14:22:36,229 - INFO - Processing cb8-5.las
2024-12-06 14:22:36,229 - INFO - Loading data/CB/4class/train/cb8-5.las
2024-12-06 14:22:37,335 - INFO - Loaded 7397981 points from cb8-5.las
2024-12-06 14:22:37,534 - INFO - Total points: 7397981, Iterations: 722
2024-12-06 14:24:57,206 - INFO - Created 1375 blocks
2024-12-06 14:24:57,207 - INFO - Processing cb8-6.las
2024-12-06 14:24:57,207 - INFO - Loading data/CB/4class/train/cb8-6.las
2024-12-06 14:24:58,995 - INFO - Loaded 11592678 points from cb8-6.las
2024-12-06 14:24:59,292 - INFO - Total points: 11592678, Iterations: 1132
2024-12-06 14:32:22,084 - INFO - Created 2205 blocks
2024-12-06 14:32:22,086 - INFO - Processing cb8-7.las
2024-12-06 14:32:22,086 - INFO - Loading data/CB/4class/train/cb8-7.las
2024-12-06 14:32:23,208 - INFO - Loaded 7684823 points from cb8-7.las
2024-12-06 14:32:23,427 - INFO - Total points: 7684823, Iterations: 750
2024-12-06 14:35:02,418 - INFO - Created 1455 blocks
2024-12-06 14:35:02,419 - INFO - Processing cb8-8.las
2024-12-06 14:35:02,420 - INFO - Loading data/CB/4class/train/cb8-8.las
2024-12-06 14:35:02,452 - INFO - Loaded 729636 points from cb8-8.las
2024-12-06 14:35:02,475 - INFO - Total points: 729636, Iterations: 71
2024-12-06 14:35:04,494 - INFO - Created 127 blocks
2024-12-06 14:35:04,495 - INFO - Processing cb8-9.las
2024-12-06 14:35:04,495 - INFO - Loading data/CB/4class/train/cb8-9.las
2024-12-06 14:35:04,741 - INFO - Loaded 2320909 points from cb8-9.las
2024-12-06 14:35:04,799 - INFO - Total points: 2320909, Iterations: 226
2024-12-06 14:35:19,055 - INFO - Created 437 blocks
2024-12-06 14:35:19,056 - INFO - Total blocks created: 57006
2024-12-06 14:35:19,058 - INFO - Saving cache to: data/CB/4class/train//cache\dataset_cache_points4096_size1.0_rate0.4_transformTrue_hashf3911720.pt
2024-12-07 00:22:54,494 - INFO - Cache saved with 57006 blocks
2024-12-07 00:22:54,534 - INFO - reading train data
2024-12-07 00:22:54,549 - INFO - Loading dataset from cache: data/CB/4class/val//cache\dataset_cache_points4096_size1.0_rate0.4_transformFalse_hasha35151fa.pt
2024-12-07 00:24:47,862 - INFO - Successfully loaded 4140 blocks from cache
2024-12-07 00:24:47,864 - INFO - reading val data
2024-12-07 00:24:47,874 - INFO - Train dataset size: 57006
2024-12-07 00:24:47,875 - INFO - Val dataset size: 4140
2024-12-07 00:24:50,175 - INFO - Total samples is: <torch.utils.data.dataloader.DataLoader object at 0x000001F2A0BDB080>
