2024-11-20 22:38:30,156 - INFO - Training configuration:
2024-11-20 22:38:30,156 - INFO - num_points: 4096
2024-11-20 22:38:30,156 - INFO - chunk_size: 4096
2024-11-20 22:38:30,157 - INFO - overlap: 2048
2024-11-20 22:38:30,157 - INFO - batch_size: 48
2024-11-20 22:38:30,157 - INFO - num_workers: 2
2024-11-20 22:38:30,157 - INFO - learning_rate: 0.001
2024-11-20 22:38:30,157 - INFO - num_classes: 5
2024-11-20 22:38:30,157 - INFO - num_epochs: 500
2024-11-20 22:38:30,157 - INFO - device: cuda
2024-11-20 22:38:30,157 - INFO - Using device: cuda
2024-11-20 22:38:30,157 - INFO - 开始预加载数据到内存...
2024-11-20 22:39:22,159 - INFO - 数据预加载完成，共 85264 个数据块
2024-11-20 22:39:22,159 - INFO - 有效标签: [0, 1, 2, 3, 4]
2024-11-20 22:39:22,162 - INFO - reading train data
2024-11-20 22:39:22,162 - INFO - 开始预加载数据到内存...
2024-11-20 22:39:26,357 - INFO - 数据预加载完成，共 4729 个数据块
2024-11-20 22:39:26,358 - INFO - 有效标签: [0, 1, 2, 3, 4]
2024-11-20 22:39:26,421 - INFO - 验证集创建完成，使用 945 个数据块 (总共 4729 个的 20.0%)
2024-11-20 22:39:26,421 - INFO - 有效标签: [0, 1, 2, 3, 4]
2024-11-20 22:39:26,421 - INFO - reading val data
2024-11-20 22:39:26,421 - INFO - Train dataset size: 85264
2024-11-20 22:39:26,421 - INFO - Val dataset size: 945
2024-11-20 22:39:28,245 - INFO - Total samples is: <torch.utils.data.dataloader.DataLoader object at 0x0000024EF99DABA0>
