2024-11-22 20:06:14,003 - INFO - Training configuration:
2024-11-22 20:06:14,003 - INFO - num_points: 4096
2024-11-22 20:06:14,003 - INFO - chunk_size: 4096
2024-11-22 20:06:14,003 - INFO - overlap: 1024
2024-11-22 20:06:14,003 - INFO - batch_size: 64
2024-11-22 20:06:14,003 - INFO - num_workers: 0
2024-11-22 20:06:14,003 - INFO - learning_rate: 0.001
2024-11-22 20:06:14,003 - INFO - num_classes: 5
2024-11-22 20:06:14,003 - INFO - num_epochs: 500
2024-11-22 20:06:14,004 - INFO - device: cuda
2024-11-22 20:06:14,004 - INFO - Using device: cuda
2024-11-22 20:06:14,004 - INFO - Found 6 las files:
2024-11-22 20:06:14,004 - INFO - Loading data/fukushima/onepart/train/bridge-3.las
2024-11-22 20:06:14,446 - INFO - Loaded 16239683 points from bridge-3.las
2024-11-22 20:06:14,456 - INFO - Processing data - Points: (16239683, 3), Colors: (16239683, 3), Labels: (16239683,)
2024-11-22 20:06:25,459 - INFO - Created 10188 blocks
2024-11-22 20:06:25,640 - INFO - Loading data/fukushima/onepart/train/bridge-4.las
2024-11-22 20:06:25,964 - INFO - Loaded 12134787 points from bridge-4.las
2024-11-22 20:06:25,988 - INFO - Processing data - Points: (12134787, 3), Colors: (12134787, 3), Labels: (12134787,)
2024-11-22 20:06:34,232 - INFO - Created 8421 blocks
2024-11-22 20:06:34,365 - INFO - Loading data/fukushima/onepart/train/bridge-5.las
2024-11-22 20:06:34,590 - INFO - Loaded 8373599 points from bridge-5.las
2024-11-22 20:06:34,607 - INFO - Processing data - Points: (8373599, 3), Colors: (8373599, 3), Labels: (8373599,)
2024-11-22 20:06:40,664 - INFO - Created 13621 blocks
2024-11-22 20:06:40,779 - INFO - Loading data/fukushima/onepart/train/bridge-6.las
2024-11-22 20:06:41,123 - INFO - Loaded 12716121 points from bridge-6.las
2024-11-22 20:06:41,139 - INFO - Processing data - Points: (12716121, 3), Colors: (12716121, 3), Labels: (12716121,)
2024-11-22 20:06:49,948 - INFO - Created 9667 blocks
2024-11-22 20:06:50,088 - INFO - Loading data/fukushima/onepart/train/bridge-8.las
2024-11-22 20:06:50,632 - INFO - Loaded 20025746 points from bridge-8.las
2024-11-22 20:06:50,656 - INFO - Processing data - Points: (20025746, 3), Colors: (20025746, 3), Labels: (20025746,)
2024-11-22 20:07:04,035 - INFO - Created 8808 blocks
2024-11-22 20:07:04,252 - INFO - Loading data/fukushima/onepart/train/bridge-9.las
2024-11-22 20:07:04,947 - INFO - Loaded 26071676 points from bridge-9.las
2024-11-22 20:07:04,983 - INFO - Processing data - Points: (26071676, 3), Colors: (26071676, 3), Labels: (26071676,)
2024-11-22 20:07:23,643 - INFO - Created 13839 blocks
2024-11-22 20:07:23,962 - INFO - Total blocks created: 64544
2024-11-22 20:07:23,990 - INFO - reading train data
2024-11-22 20:07:23,990 - INFO - Found 1 las files:
2024-11-22 20:07:23,990 - INFO - Loading data/fukushima/onepart/val/bridge-7.las
2024-11-22 20:07:24,443 - INFO - Loaded 15021376 points from bridge-7.las
2024-11-22 20:07:24,452 - INFO - Processing data - Points: (15021376, 3), Colors: (15021376, 3), Labels: (15021376,)
2024-11-22 20:07:34,395 - INFO - Created 2213 blocks
2024-11-22 20:07:34,556 - INFO - Total blocks created: 2213
2024-11-22 20:07:34,572 - INFO - reading val data
2024-11-22 20:07:34,572 - INFO - Train dataset size: 64544
2024-11-22 20:07:34,572 - INFO - Val dataset size: 2213
2024-11-22 20:07:35,389 - INFO - Total samples is: <torch.utils.data.dataloader.DataLoader object at 0x00000251C1E129C0>
2024-11-22 20:33:15,784 - INFO - Mean IoU: 46.51%
2024-11-22 20:33:15,784 - INFO - Class 0 IoU: 17.16%
2024-11-22 20:33:15,784 - INFO - Class 1 IoU: 67.03%
2024-11-22 20:33:15,785 - INFO - Class 2 IoU: 23.27%
2024-11-22 20:33:15,785 - INFO - Class 3 IoU: 66.52%
2024-11-22 20:33:15,785 - INFO - Class 4 IoU: 58.58%
2024-11-22 20:33:15,785 - INFO - 
Epoch 1/500:
2024-11-22 20:33:15,785 - INFO - Train Loss: 0.6327, Train Acc: 76.01%
2024-11-22 20:33:15,785 - INFO - Val Loss: 0.7112, Val Acc: 70.91%
2024-11-22 20:33:15,785 - INFO - Class 0 Accuracy: 21.74%
2024-11-22 20:33:15,786 - INFO - Class 1 Accuracy: 71.78%
2024-11-22 20:33:15,786 - INFO - Class 2 Accuracy: 29.68%
2024-11-22 20:33:15,786 - INFO - Class 3 Accuracy: 77.11%
2024-11-22 20:33:15,786 - INFO - Class 4 Accuracy: 88.98%
2024-11-22 20:33:15,809 - INFO - Saved best model with accuracy: 70.91%
2024-11-22 20:33:15,829 - INFO - Total samples is: <torch.utils.data.dataloader.DataLoader object at 0x00000251C1E129C0>
2024-11-22 20:57:42,232 - INFO - Mean IoU: 55.54%
2024-11-22 20:57:42,232 - INFO - Class 0 IoU: 21.12%
2024-11-22 20:57:42,232 - INFO - Class 1 IoU: 74.44%
2024-11-22 20:57:42,232 - INFO - Class 2 IoU: 42.35%
2024-11-22 20:57:42,232 - INFO - Class 3 IoU: 75.20%
2024-11-22 20:57:42,232 - INFO - Class 4 IoU: 64.57%
2024-11-22 20:57:42,232 - INFO - 
Epoch 2/500:
2024-11-22 20:57:42,233 - INFO - Train Loss: 0.4903, Train Acc: 81.73%
2024-11-22 20:57:42,233 - INFO - Val Loss: 0.6172, Val Acc: 76.09%
2024-11-22 20:57:42,233 - INFO - Class 0 Accuracy: 24.80%
2024-11-22 20:57:42,233 - INFO - Class 1 Accuracy: 86.10%
2024-11-22 20:57:42,233 - INFO - Class 2 Accuracy: 65.91%
2024-11-22 20:57:42,233 - INFO - Class 3 Accuracy: 86.67%
2024-11-22 20:57:42,233 - INFO - Class 4 Accuracy: 80.97%
2024-11-22 20:57:42,256 - INFO - Saved best model with accuracy: 76.09%
2024-11-22 20:57:42,277 - INFO - Total samples is: <torch.utils.data.dataloader.DataLoader object at 0x00000251C1E129C0>
2024-11-22 21:24:10,640 - INFO - Mean IoU: 48.44%
2024-11-22 21:24:10,640 - INFO - Class 0 IoU: 28.93%
2024-11-22 21:24:10,640 - INFO - Class 1 IoU: 56.63%
2024-11-22 21:24:10,640 - INFO - Class 2 IoU: 23.83%
2024-11-22 21:24:10,640 - INFO - Class 3 IoU: 72.22%
2024-11-22 21:24:10,641 - INFO - Class 4 IoU: 60.60%
2024-11-22 21:24:10,641 - INFO - 
Epoch 3/500:
2024-11-22 21:24:10,641 - INFO - Train Loss: 0.4226, Train Acc: 84.62%
2024-11-22 21:24:10,641 - INFO - Val Loss: 0.9550, Val Acc: 68.69%
2024-11-22 21:24:10,642 - INFO - Class 0 Accuracy: 73.28%
2024-11-22 21:24:10,643 - INFO - Class 1 Accuracy: 58.31%
2024-11-22 21:24:10,643 - INFO - Class 2 Accuracy: 25.95%
2024-11-22 21:24:10,643 - INFO - Class 3 Accuracy: 87.21%
2024-11-22 21:24:10,643 - INFO - Class 4 Accuracy: 81.45%
2024-11-22 21:24:10,672 - INFO - Total samples is: <torch.utils.data.dataloader.DataLoader object at 0x00000251C1E129C0>
2024-11-22 21:51:25,679 - INFO - Mean IoU: 50.13%
2024-11-22 21:51:25,680 - INFO - Class 0 IoU: 19.65%
2024-11-22 21:51:25,680 - INFO - Class 1 IoU: 57.23%
2024-11-22 21:51:25,680 - INFO - Class 2 IoU: 34.78%
2024-11-22 21:51:25,680 - INFO - Class 3 IoU: 76.03%
2024-11-22 21:51:25,680 - INFO - Class 4 IoU: 62.99%
2024-11-22 21:51:25,680 - INFO - 
Epoch 4/500:
2024-11-22 21:51:25,680 - INFO - Train Loss: 0.3877, Train Acc: 86.11%
2024-11-22 21:51:25,680 - INFO - Val Loss: 0.7573, Val Acc: 71.20%
2024-11-22 21:51:25,680 - INFO - Class 0 Accuracy: 32.43%
2024-11-22 21:51:25,680 - INFO - Class 1 Accuracy: 59.74%
2024-11-22 21:51:25,680 - INFO - Class 2 Accuracy: 41.46%
2024-11-22 21:51:25,680 - INFO - Class 3 Accuracy: 81.09%
2024-11-22 21:51:25,681 - INFO - Class 4 Accuracy: 93.58%
2024-11-22 21:51:25,703 - INFO - Total samples is: <torch.utils.data.dataloader.DataLoader object at 0x00000251C1E129C0>
2024-11-22 22:18:08,119 - INFO - Mean IoU: 57.30%
2024-11-22 22:18:08,119 - INFO - Class 0 IoU: 26.92%
2024-11-22 22:18:08,119 - INFO - Class 1 IoU: 69.19%
2024-11-22 22:18:08,120 - INFO - Class 2 IoU: 55.66%
2024-11-22 22:18:08,120 - INFO - Class 3 IoU: 77.67%
2024-11-22 22:18:08,120 - INFO - Class 4 IoU: 57.03%
2024-11-22 22:18:08,120 - INFO - 
Epoch 5/500:
2024-11-22 22:18:08,120 - INFO - Train Loss: 0.3550, Train Acc: 87.33%
2024-11-22 22:18:08,120 - INFO - Val Loss: 0.7965, Val Acc: 71.57%
2024-11-22 22:18:08,121 - INFO - Class 0 Accuracy: 75.14%
2024-11-22 22:18:08,121 - INFO - Class 1 Accuracy: 73.50%
2024-11-22 22:18:08,121 - INFO - Class 2 Accuracy: 79.11%
2024-11-22 22:18:08,121 - INFO - Class 3 Accuracy: 93.33%
2024-11-22 22:18:08,121 - INFO - Class 4 Accuracy: 62.79%
2024-11-22 22:18:08,155 - INFO - Total samples is: <torch.utils.data.dataloader.DataLoader object at 0x00000251C1E129C0>
2024-11-22 22:42:49,412 - INFO - Mean IoU: 63.28%
2024-11-22 22:42:49,413 - INFO - Class 0 IoU: 40.34%
2024-11-22 22:42:49,413 - INFO - Class 1 IoU: 75.02%
2024-11-22 22:42:49,413 - INFO - Class 2 IoU: 53.30%
2024-11-22 22:42:49,413 - INFO - Class 3 IoU: 76.60%
2024-11-22 22:42:49,414 - INFO - Class 4 IoU: 71.15%
2024-11-22 22:42:49,414 - INFO - 
Epoch 6/500:
2024-11-22 22:42:49,414 - INFO - Train Loss: 0.3284, Train Acc: 88.40%
2024-11-22 22:42:49,414 - INFO - Val Loss: 0.5611, Val Acc: 80.04%
2024-11-22 22:42:49,414 - INFO - Class 0 Accuracy: 62.05%
2024-11-22 22:42:49,414 - INFO - Class 1 Accuracy: 80.30%
2024-11-22 22:42:49,414 - INFO - Class 2 Accuracy: 76.34%
2024-11-22 22:42:49,414 - INFO - Class 3 Accuracy: 80.76%
2024-11-22 22:42:49,414 - INFO - Class 4 Accuracy: 85.44%
2024-11-22 22:42:49,437 - INFO - Saved best model with accuracy: 80.04%
2024-11-22 22:42:49,464 - INFO - Total samples is: <torch.utils.data.dataloader.DataLoader object at 0x00000251C1E129C0>
2024-11-22 23:07:20,793 - INFO - Mean IoU: 57.84%
2024-11-22 23:07:20,793 - INFO - Class 0 IoU: 31.02%
2024-11-22 23:07:20,793 - INFO - Class 1 IoU: 68.26%
2024-11-22 23:07:20,793 - INFO - Class 2 IoU: 43.46%
2024-11-22 23:07:20,794 - INFO - Class 3 IoU: 79.38%
2024-11-22 23:07:20,794 - INFO - Class 4 IoU: 67.07%
2024-11-22 23:07:20,794 - INFO - 
Epoch 7/500:
2024-11-22 23:07:20,794 - INFO - Train Loss: 0.3110, Train Acc: 89.01%
2024-11-22 23:07:20,794 - INFO - Val Loss: 0.6040, Val Acc: 77.14%
2024-11-22 23:07:20,794 - INFO - Class 0 Accuracy: 43.59%
2024-11-22 23:07:20,794 - INFO - Class 1 Accuracy: 73.00%
2024-11-22 23:07:20,795 - INFO - Class 2 Accuracy: 50.27%
2024-11-22 23:07:20,795 - INFO - Class 3 Accuracy: 87.81%
2024-11-22 23:07:20,795 - INFO - Class 4 Accuracy: 91.70%
2024-11-22 23:07:20,818 - INFO - Total samples is: <torch.utils.data.dataloader.DataLoader object at 0x00000251C1E129C0>
2024-11-22 23:32:03,046 - INFO - Mean IoU: 59.35%
2024-11-22 23:32:03,047 - INFO - Class 0 IoU: 42.00%
2024-11-22 23:32:03,047 - INFO - Class 1 IoU: 65.74%
2024-11-22 23:32:03,047 - INFO - Class 2 IoU: 49.91%
2024-11-22 23:32:03,048 - INFO - Class 3 IoU: 70.86%
2024-11-22 23:32:03,048 - INFO - Class 4 IoU: 68.23%
2024-11-22 23:32:03,048 - INFO - 
Epoch 8/500:
2024-11-22 23:32:03,048 - INFO - Train Loss: 0.2923, Train Acc: 89.74%
2024-11-22 23:32:03,048 - INFO - Val Loss: 0.7194, Val Acc: 76.76%
2024-11-22 23:32:03,048 - INFO - Class 0 Accuracy: 78.60%
2024-11-22 23:32:03,048 - INFO - Class 1 Accuracy: 72.83%
2024-11-22 23:32:03,048 - INFO - Class 2 Accuracy: 63.89%
2024-11-22 23:32:03,049 - INFO - Class 3 Accuracy: 74.91%
2024-11-22 23:32:03,049 - INFO - Class 4 Accuracy: 83.10%
2024-11-22 23:32:03,076 - INFO - Total samples is: <torch.utils.data.dataloader.DataLoader object at 0x00000251C1E129C0>
2024-11-22 23:59:11,889 - INFO - Mean IoU: 56.22%
2024-11-22 23:59:11,889 - INFO - Class 0 IoU: 30.41%
2024-11-22 23:59:11,889 - INFO - Class 1 IoU: 53.84%
2024-11-22 23:59:11,889 - INFO - Class 2 IoU: 49.51%
2024-11-22 23:59:11,889 - INFO - Class 3 IoU: 82.53%
2024-11-22 23:59:11,889 - INFO - Class 4 IoU: 64.80%
2024-11-22 23:59:11,889 - INFO - 
Epoch 9/500:
2024-11-22 23:59:11,889 - INFO - Train Loss: 0.2792, Train Acc: 90.23%
2024-11-22 23:59:11,889 - INFO - Val Loss: 0.7932, Val Acc: 72.02%
2024-11-22 23:59:11,890 - INFO - Class 0 Accuracy: 68.25%
2024-11-22 23:59:11,890 - INFO - Class 1 Accuracy: 56.83%
2024-11-22 23:59:11,890 - INFO - Class 2 Accuracy: 60.34%
2024-11-22 23:59:11,890 - INFO - Class 3 Accuracy: 92.22%
2024-11-22 23:59:11,890 - INFO - Class 4 Accuracy: 83.63%
2024-11-22 23:59:11,914 - INFO - Total samples is: <torch.utils.data.dataloader.DataLoader object at 0x00000251C1E129C0>
2024-11-23 00:24:38,002 - INFO - Mean IoU: 55.23%
2024-11-23 00:24:38,002 - INFO - Class 0 IoU: 33.52%
2024-11-23 00:24:38,002 - INFO - Class 1 IoU: 45.07%
2024-11-23 00:24:38,002 - INFO - Class 2 IoU: 54.46%
2024-11-23 00:24:38,002 - INFO - Class 3 IoU: 79.05%
2024-11-23 00:24:38,002 - INFO - Class 4 IoU: 64.05%
2024-11-23 00:24:38,002 - INFO - 
Epoch 10/500:
2024-11-23 00:24:38,002 - INFO - Train Loss: 0.2614, Train Acc: 90.98%
2024-11-23 00:24:38,002 - INFO - Val Loss: 0.9481, Val Acc: 70.90%
2024-11-23 00:24:38,003 - INFO - Class 0 Accuracy: 71.35%
2024-11-23 00:24:38,003 - INFO - Class 1 Accuracy: 45.91%
2024-11-23 00:24:38,003 - INFO - Class 2 Accuracy: 72.70%
2024-11-23 00:24:38,003 - INFO - Class 3 Accuracy: 91.90%
2024-11-23 00:24:38,003 - INFO - Class 4 Accuracy: 85.91%
2024-11-23 00:24:38,027 - INFO - Total samples is: <torch.utils.data.dataloader.DataLoader object at 0x00000251C1E129C0>
2024-11-23 00:49:12,320 - INFO - Mean IoU: 63.17%
2024-11-23 00:49:12,321 - INFO - Class 0 IoU: 44.00%
2024-11-23 00:49:12,321 - INFO - Class 1 IoU: 74.22%
2024-11-23 00:49:12,321 - INFO - Class 2 IoU: 50.03%
2024-11-23 00:49:12,321 - INFO - Class 3 IoU: 78.94%
2024-11-23 00:49:12,321 - INFO - Class 4 IoU: 68.66%
2024-11-23 00:49:12,321 - INFO - 
Epoch 11/500:
2024-11-23 00:49:12,321 - INFO - Train Loss: 0.2541, Train Acc: 91.19%
2024-11-23 00:49:12,321 - INFO - Val Loss: 0.5530, Val Acc: 79.20%
2024-11-23 00:49:12,322 - INFO - Class 0 Accuracy: 73.67%
2024-11-23 00:49:12,322 - INFO - Class 1 Accuracy: 78.38%
2024-11-23 00:49:12,322 - INFO - Class 2 Accuracy: 67.63%
2024-11-23 00:49:12,323 - INFO - Class 3 Accuracy: 90.58%
2024-11-23 00:49:12,323 - INFO - Class 4 Accuracy: 82.12%
2024-11-23 00:49:12,345 - INFO - Total samples is: <torch.utils.data.dataloader.DataLoader object at 0x00000251C1E129C0>
2024-11-23 01:13:45,788 - INFO - Mean IoU: 62.68%
2024-11-23 01:13:45,788 - INFO - Class 0 IoU: 50.16%
2024-11-23 01:13:45,788 - INFO - Class 1 IoU: 73.73%
2024-11-23 01:13:45,788 - INFO - Class 2 IoU: 43.49%
2024-11-23 01:13:45,788 - INFO - Class 3 IoU: 76.86%
2024-11-23 01:13:45,788 - INFO - Class 4 IoU: 69.18%
2024-11-23 01:13:45,788 - INFO - 
Epoch 12/500:
2024-11-23 01:13:45,788 - INFO - Train Loss: 0.2408, Train Acc: 91.68%
2024-11-23 01:13:45,788 - INFO - Val Loss: 0.6296, Val Acc: 79.25%
2024-11-23 01:13:45,789 - INFO - Class 0 Accuracy: 74.70%
2024-11-23 01:13:45,789 - INFO - Class 1 Accuracy: 79.40%
2024-11-23 01:13:45,789 - INFO - Class 2 Accuracy: 67.47%
2024-11-23 01:13:45,789 - INFO - Class 3 Accuracy: 79.41%
2024-11-23 01:13:45,790 - INFO - Class 4 Accuracy: 83.45%
2024-11-23 01:13:45,812 - INFO - Total samples is: <torch.utils.data.dataloader.DataLoader object at 0x00000251C1E129C0>
2024-11-23 01:40:12,160 - INFO - Mean IoU: 57.80%
2024-11-23 01:40:12,160 - INFO - Class 0 IoU: 31.49%
2024-11-23 01:40:12,160 - INFO - Class 1 IoU: 60.67%
2024-11-23 01:40:12,161 - INFO - Class 2 IoU: 45.33%
2024-11-23 01:40:12,161 - INFO - Class 3 IoU: 82.62%
2024-11-23 01:40:12,161 - INFO - Class 4 IoU: 68.91%
2024-11-23 01:40:12,161 - INFO - 
Epoch 13/500:
2024-11-23 01:40:12,161 - INFO - Train Loss: 0.2327, Train Acc: 91.94%
2024-11-23 01:40:12,161 - INFO - Val Loss: 0.7559, Val Acc: 74.89%
2024-11-23 01:40:12,161 - INFO - Class 0 Accuracy: 57.97%
2024-11-23 01:40:12,161 - INFO - Class 1 Accuracy: 65.26%
2024-11-23 01:40:12,162 - INFO - Class 2 Accuracy: 66.58%
2024-11-23 01:40:12,162 - INFO - Class 3 Accuracy: 92.56%
2024-11-23 01:40:12,162 - INFO - Class 4 Accuracy: 85.01%
2024-11-23 01:40:12,190 - INFO - Total samples is: <torch.utils.data.dataloader.DataLoader object at 0x00000251C1E129C0>
2024-11-23 02:08:01,814 - INFO - Mean IoU: 67.10%
2024-11-23 02:08:01,814 - INFO - Class 0 IoU: 47.45%
2024-11-23 02:08:01,815 - INFO - Class 1 IoU: 77.03%
2024-11-23 02:08:01,815 - INFO - Class 2 IoU: 57.84%
2024-11-23 02:08:01,815 - INFO - Class 3 IoU: 82.66%
2024-11-23 02:08:01,815 - INFO - Class 4 IoU: 70.53%
2024-11-23 02:08:01,815 - INFO - 
Epoch 14/500:
2024-11-23 02:08:01,815 - INFO - Train Loss: 0.2241, Train Acc: 92.26%
2024-11-23 02:08:01,815 - INFO - Val Loss: 0.5051, Val Acc: 81.82%
2024-11-23 02:08:01,815 - INFO - Class 0 Accuracy: 67.36%
2024-11-23 02:08:01,815 - INFO - Class 1 Accuracy: 80.96%
2024-11-23 02:08:01,816 - INFO - Class 2 Accuracy: 79.18%
2024-11-23 02:08:01,816 - INFO - Class 3 Accuracy: 90.10%
2024-11-23 02:08:01,816 - INFO - Class 4 Accuracy: 85.10%
2024-11-23 02:08:01,839 - INFO - Saved best model with accuracy: 81.82%
2024-11-23 02:08:01,858 - INFO - Total samples is: <torch.utils.data.dataloader.DataLoader object at 0x00000251C1E129C0>
2024-11-23 02:32:45,439 - INFO - Mean IoU: 54.85%
2024-11-23 02:32:45,439 - INFO - Class 0 IoU: 39.21%
2024-11-23 02:32:45,439 - INFO - Class 1 IoU: 64.03%
2024-11-23 02:32:45,439 - INFO - Class 2 IoU: 25.50%
2024-11-23 02:32:45,440 - INFO - Class 3 IoU: 82.70%
2024-11-23 02:32:45,440 - INFO - Class 4 IoU: 62.83%
2024-11-23 02:32:45,440 - INFO - 
Epoch 15/500:
2024-11-23 02:32:45,440 - INFO - Train Loss: 0.2145, Train Acc: 92.64%
2024-11-23 02:32:45,440 - INFO - Val Loss: 0.7327, Val Acc: 74.14%
2024-11-23 02:32:45,440 - INFO - Class 0 Accuracy: 64.71%
2024-11-23 02:32:45,440 - INFO - Class 1 Accuracy: 66.45%
2024-11-23 02:32:45,440 - INFO - Class 2 Accuracy: 30.10%
2024-11-23 02:32:45,441 - INFO - Class 3 Accuracy: 91.89%
2024-11-23 02:32:45,442 - INFO - Class 4 Accuracy: 88.33%
2024-11-23 02:32:45,464 - INFO - Total samples is: <torch.utils.data.dataloader.DataLoader object at 0x00000251C1E129C0>
