2025-01-31 14:16:12,895 - INFO - Training configuration:
2025-01-31 14:16:12,896 - INFO - num_group: 64
2025-01-31 14:16:12,896 - INFO - group_size: 32
2025-01-31 14:16:12,896 - INFO - num_points: 4096
2025-01-31 14:16:12,896 - INFO - chunk_size: 4096
2025-01-31 14:16:12,896 - INFO - overlap: 1024
2025-01-31 14:16:12,896 - INFO - batch_size: 12
2025-01-31 14:16:12,896 - INFO - num_workers: 8
2025-01-31 14:16:12,896 - INFO - learning_rate: 0.001
2025-01-31 14:16:12,896 - INFO - num_classes: 5
2025-01-31 14:16:12,896 - INFO - num_epochs: 500
2025-01-31 14:16:12,896 - INFO - device: cuda
2025-01-31 14:16:12,896 - INFO - Using device: cuda
2025-01-31 14:16:12,897 - INFO - Loading dataset from cache: ../data/CB/all/train//cache\dataset_cache_points4096_size1.0_rate0.4_transformTrue_hashc8356dcf.pt
2025-01-31 14:21:43,318 - INFO - Successfully loaded 25420 blocks from cache
2025-01-31 14:21:43,321 - INFO - Loading dataset from cache: ../data/CB/all/val//cache\dataset_cache_points4096_size1.0_rate0.4_transformFalse_hashc8b72f08.pt
2025-01-31 14:26:33,130 - INFO - Successfully loaded 6563 blocks from cache
2025-01-31 14:26:33,130 - INFO - reading val data
2025-01-31 14:26:33,131 - INFO - Train dataset size: 25420
2025-01-31 14:26:33,131 - INFO - Val dataset size: 6563
2025-01-31 14:26:33,925 - INFO - Total samples is: <torch.utils.data.dataloader.DataLoader object at 0x00000202F2A13A90>
2025-01-31 15:36:02,218 - INFO - Validation parameter calculation time: 0:00:00.024311
2025-01-31 15:36:02,218 - INFO - 
Epoch 1/500:
2025-01-31 15:36:02,218 - INFO - Train Loss: 1.2564, Train Acc: 56.55%
2025-01-31 15:36:02,218 - INFO - Val Loss: 1.3938, Val Acc: 65.08%
2025-01-31 15:36:02,219 - INFO - Class 0 Accuracy: 93.22%
2025-01-31 15:36:02,220 - INFO - Class 1 Accuracy: 0.00%
2025-01-31 15:36:02,220 - INFO - Class 2 Accuracy: 60.82%
2025-01-31 15:36:02,221 - INFO - Class 3 Accuracy: 12.45%
2025-01-31 15:36:02,221 - INFO - Class 4 Accuracy: 0.00%
2025-01-31 15:36:02,386 - INFO - Saved best model with accuracy: 65.08%
2025-01-31 15:36:02,643 - INFO - Saved checkpoint at epoch 1
2025-01-31 15:36:02,644 - INFO - Total samples is: <torch.utils.data.dataloader.DataLoader object at 0x00000202F2A13A90>
