2024-12-08 00:17:21,551 - INFO - Training configuration:
2024-12-08 00:17:21,551 - INFO - num_points: 4096
2024-12-08 00:17:21,552 - INFO - chunk_size: 4096
2024-12-08 00:17:21,552 - INFO - overlap: 1024
2024-12-08 00:17:21,552 - INFO - batch_size: 16
2024-12-08 00:17:21,552 - INFO - num_workers: 0
2024-12-08 00:17:21,552 - INFO - learning_rate: 0.001
2024-12-08 00:17:21,552 - INFO - num_classes: 5
2024-12-08 00:17:21,552 - INFO - num_epochs: 500
2024-12-08 00:17:21,552 - INFO - device: cuda
2024-12-08 00:17:21,552 - INFO - Using device: cuda
2024-12-08 00:17:21,554 - INFO - Loading dataset from cache: data/fukushima/org/train//cache\dataset_cache_points4096_size1.0_rate0.2_transformTrue_hash9fcf1b57.pt
2024-12-08 00:21:42,318 - INFO - Successfully loaded 19490 blocks from cache
2024-12-08 00:21:42,319 - INFO - reading train data
2024-12-08 00:21:42,320 - INFO - Loading dataset from cache: data/fukushima/org/val//cache\dataset_cache_points4096_size1.0_rate0.3_transformFalse_hash6525dc81.pt
2024-12-08 00:24:28,871 - INFO - Successfully loaded 4062 blocks from cache
2024-12-08 00:24:28,872 - INFO - reading val data
2024-12-08 00:24:28,872 - INFO - Train dataset size: 19490
2024-12-08 00:24:28,872 - INFO - Val dataset size: 4062
2024-12-08 00:24:31,256 - INFO - Total samples is: <torch.utils.data.dataloader.DataLoader object at 0x000001BDED7D2FC0>
2024-12-08 00:51:26,060 - INFO - Validation parameter calculation time: 0:00:00.010528
2024-12-08 00:51:26,061 - INFO - 
Epoch 1/500:
2024-12-08 00:51:26,061 - INFO - Train Loss: 0.5457, Train Acc: 79.33%
2024-12-08 00:51:26,061 - INFO - Val Loss: 0.5908, Val Acc: 78.63%
2024-12-08 00:51:26,062 - INFO - Class 0 Accuracy: 47.34%
2024-12-08 00:51:26,068 - INFO - Class 1 Accuracy: 95.60%
2024-12-08 00:51:26,074 - INFO - Class 2 Accuracy: 63.32%
2024-12-08 00:51:26,077 - INFO - Class 3 Accuracy: 75.95%
2024-12-08 00:51:26,082 - INFO - Class 4 Accuracy: 80.62%
2024-12-08 00:51:26,176 - INFO - Saved best model with accuracy: 78.63%
2024-12-08 00:51:26,591 - INFO - Saved checkpoint at epoch 1
2024-12-08 00:51:26,592 - INFO - Total samples is: <torch.utils.data.dataloader.DataLoader object at 0x000001BDED7D2FC0>
2024-12-08 01:13:14,333 - INFO - Validation parameter calculation time: 0:00:00.007519
2024-12-08 01:13:14,334 - INFO - 
Epoch 2/500:
2024-12-08 01:13:14,334 - INFO - Train Loss: 0.3292, Train Acc: 87.71%
2024-12-08 01:13:14,334 - INFO - Val Loss: 0.3824, Val Acc: 85.50%
2024-12-08 01:13:14,334 - INFO - Class 0 Accuracy: 71.42%
2024-12-08 01:13:14,335 - INFO - Class 1 Accuracy: 83.47%
2024-12-08 01:13:14,336 - INFO - Class 2 Accuracy: 78.58%
2024-12-08 01:13:14,336 - INFO - Class 3 Accuracy: 91.45%
2024-12-08 01:13:14,337 - INFO - Class 4 Accuracy: 94.70%
2024-12-08 01:13:14,458 - INFO - Saved best model with accuracy: 85.50%
2024-12-08 01:13:14,556 - INFO - Saved checkpoint at epoch 2
2024-12-08 01:13:14,558 - INFO - Total samples is: <torch.utils.data.dataloader.DataLoader object at 0x000001BDED7D2FC0>
2024-12-08 01:27:45,782 - INFO - Validation parameter calculation time: 0:00:00.007517
2024-12-08 01:27:45,782 - INFO - 
Epoch 3/500:
2024-12-08 01:27:45,782 - INFO - Train Loss: 0.2907, Train Acc: 89.13%
2024-12-08 01:27:45,782 - INFO - Val Loss: 0.3225, Val Acc: 88.68%
2024-12-08 01:27:45,783 - INFO - Class 0 Accuracy: 77.13%
2024-12-08 01:27:45,784 - INFO - Class 1 Accuracy: 89.84%
2024-12-08 01:27:45,784 - INFO - Class 2 Accuracy: 82.92%
2024-12-08 01:27:45,785 - INFO - Class 3 Accuracy: 86.66%
2024-12-08 01:27:45,785 - INFO - Class 4 Accuracy: 94.32%
2024-12-08 01:27:45,905 - INFO - Saved best model with accuracy: 88.68%
2024-12-08 01:27:46,016 - INFO - Saved checkpoint at epoch 3
2024-12-08 01:27:46,018 - INFO - Total samples is: <torch.utils.data.dataloader.DataLoader object at 0x000001BDED7D2FC0>
2024-12-08 01:42:16,411 - INFO - Validation parameter calculation time: 0:00:00.007016
2024-12-08 01:42:16,411 - INFO - 
Epoch 4/500:
2024-12-08 01:42:16,411 - INFO - Train Loss: 0.2643, Train Acc: 90.11%
2024-12-08 01:42:16,411 - INFO - Val Loss: 0.3527, Val Acc: 88.13%
2024-12-08 01:42:16,412 - INFO - Class 0 Accuracy: 67.29%
2024-12-08 01:42:16,412 - INFO - Class 1 Accuracy: 88.95%
2024-12-08 01:42:16,413 - INFO - Class 2 Accuracy: 90.33%
2024-12-08 01:42:16,413 - INFO - Class 3 Accuracy: 89.91%
2024-12-08 01:42:16,414 - INFO - Class 4 Accuracy: 94.27%
2024-12-08 01:42:16,507 - INFO - Saved checkpoint at epoch 4
2024-12-08 01:42:16,508 - INFO - Total samples is: <torch.utils.data.dataloader.DataLoader object at 0x000001BDED7D2FC0>
2024-12-08 01:56:35,206 - INFO - Validation parameter calculation time: 0:00:00.007015
2024-12-08 01:56:35,207 - INFO - 
Epoch 5/500:
2024-12-08 01:56:35,207 - INFO - Train Loss: 0.2514, Train Acc: 90.62%
2024-12-08 01:56:35,207 - INFO - Val Loss: 0.3715, Val Acc: 86.52%
2024-12-08 01:56:35,207 - INFO - Class 0 Accuracy: 75.99%
2024-12-08 01:56:35,208 - INFO - Class 1 Accuracy: 82.96%
2024-12-08 01:56:35,209 - INFO - Class 2 Accuracy: 86.48%
2024-12-08 01:56:35,209 - INFO - Class 3 Accuracy: 78.94%
2024-12-08 01:56:35,210 - INFO - Class 4 Accuracy: 94.57%
2024-12-08 01:56:35,301 - INFO - Saved checkpoint at epoch 5
2024-12-08 01:56:35,302 - INFO - Total samples is: <torch.utils.data.dataloader.DataLoader object at 0x000001BDED7D2FC0>
2024-12-08 02:10:54,247 - INFO - Validation parameter calculation time: 0:00:00.006524
2024-12-08 02:10:54,248 - INFO - 
Epoch 6/500:
2024-12-08 02:10:54,248 - INFO - Train Loss: 0.2362, Train Acc: 91.12%
2024-12-08 02:10:54,248 - INFO - Val Loss: 0.3381, Val Acc: 87.62%
2024-12-08 02:10:54,249 - INFO - Class 0 Accuracy: 72.41%
2024-12-08 02:10:54,249 - INFO - Class 1 Accuracy: 85.52%
2024-12-08 02:10:54,250 - INFO - Class 2 Accuracy: 90.72%
2024-12-08 02:10:54,250 - INFO - Class 3 Accuracy: 85.11%
2024-12-08 02:10:54,251 - INFO - Class 4 Accuracy: 94.45%
2024-12-08 02:10:54,345 - INFO - Saved checkpoint at epoch 6
2024-12-08 02:10:54,346 - INFO - Total samples is: <torch.utils.data.dataloader.DataLoader object at 0x000001BDED7D2FC0>
2024-12-08 02:29:14,518 - INFO - Validation parameter calculation time: 0:00:00.007033
2024-12-08 02:29:14,519 - INFO - 
Epoch 7/500:
2024-12-08 02:29:14,519 - INFO - Train Loss: 0.2265, Train Acc: 91.53%
2024-12-08 02:29:14,519 - INFO - Val Loss: 0.3023, Val Acc: 88.98%
2024-12-08 02:29:14,519 - INFO - Class 0 Accuracy: 80.45%
2024-12-08 02:29:14,520 - INFO - Class 1 Accuracy: 88.59%
2024-12-08 02:29:14,520 - INFO - Class 2 Accuracy: 84.20%
2024-12-08 02:29:14,521 - INFO - Class 3 Accuracy: 85.73%
2024-12-08 02:29:14,521 - INFO - Class 4 Accuracy: 94.66%
2024-12-08 02:29:14,596 - INFO - Saved best model with accuracy: 88.98%
2024-12-08 02:29:14,677 - INFO - Saved checkpoint at epoch 7
2024-12-08 02:29:14,679 - INFO - Total samples is: <torch.utils.data.dataloader.DataLoader object at 0x000001BDED7D2FC0>
2024-12-08 02:47:22,168 - INFO - Validation parameter calculation time: 0:00:00.006081
2024-12-08 02:47:22,168 - INFO - 
Epoch 8/500:
2024-12-08 02:47:22,168 - INFO - Train Loss: 0.2189, Train Acc: 91.75%
2024-12-08 02:47:22,168 - INFO - Val Loss: 0.2987, Val Acc: 89.79%
2024-12-08 02:47:22,170 - INFO - Class 0 Accuracy: 71.35%
2024-12-08 02:47:22,170 - INFO - Class 1 Accuracy: 91.87%
2024-12-08 02:47:22,171 - INFO - Class 2 Accuracy: 88.95%
2024-12-08 02:47:22,171 - INFO - Class 3 Accuracy: 88.37%
2024-12-08 02:47:22,172 - INFO - Class 4 Accuracy: 95.30%
2024-12-08 02:47:22,251 - INFO - Saved best model with accuracy: 89.79%
2024-12-08 02:47:22,323 - INFO - Saved checkpoint at epoch 8
2024-12-08 02:47:22,325 - INFO - Total samples is: <torch.utils.data.dataloader.DataLoader object at 0x000001BDED7D2FC0>
2024-12-08 03:04:45,911 - INFO - Validation parameter calculation time: 0:00:00.018130
2024-12-08 03:04:45,914 - INFO - 
Epoch 9/500:
2024-12-08 03:04:45,915 - INFO - Train Loss: 0.2148, Train Acc: 91.98%
2024-12-08 03:04:45,916 - INFO - Val Loss: 0.2860, Val Acc: 89.59%
2024-12-08 03:04:45,920 - INFO - Class 0 Accuracy: 80.86%
2024-12-08 03:04:45,920 - INFO - Class 1 Accuracy: 90.14%
2024-12-08 03:04:45,921 - INFO - Class 2 Accuracy: 88.34%
2024-12-08 03:04:45,922 - INFO - Class 3 Accuracy: 89.58%
2024-12-08 03:04:45,926 - INFO - Class 4 Accuracy: 92.84%
2024-12-08 03:04:46,483 - INFO - Saved checkpoint at epoch 9
2024-12-08 03:04:46,485 - INFO - Total samples is: <torch.utils.data.dataloader.DataLoader object at 0x000001BDED7D2FC0>
2024-12-08 03:22:32,977 - INFO - Validation parameter calculation time: 0:00:00.006509
2024-12-08 03:22:32,977 - INFO - 
Epoch 10/500:
2024-12-08 03:22:32,977 - INFO - Train Loss: 0.2075, Train Acc: 92.30%
2024-12-08 03:22:32,977 - INFO - Val Loss: 0.3423, Val Acc: 88.84%
2024-12-08 03:22:32,978 - INFO - Class 0 Accuracy: 78.19%
2024-12-08 03:22:32,979 - INFO - Class 1 Accuracy: 90.94%
2024-12-08 03:22:32,979 - INFO - Class 2 Accuracy: 84.49%
2024-12-08 03:22:32,980 - INFO - Class 3 Accuracy: 84.96%
2024-12-08 03:22:32,980 - INFO - Class 4 Accuracy: 92.94%
2024-12-08 03:22:33,178 - INFO - Saved checkpoint at epoch 10
2024-12-08 03:22:33,179 - INFO - Total samples is: <torch.utils.data.dataloader.DataLoader object at 0x000001BDED7D2FC0>
2024-12-08 03:40:38,012 - INFO - Validation parameter calculation time: 0:00:00.006507
2024-12-08 03:40:38,013 - INFO - 
Epoch 11/500:
2024-12-08 03:40:38,013 - INFO - Train Loss: 0.2010, Train Acc: 92.45%
2024-12-08 03:40:38,013 - INFO - Val Loss: 0.4446, Val Acc: 84.79%
2024-12-08 03:40:38,013 - INFO - Class 0 Accuracy: 74.20%
2024-12-08 03:40:38,014 - INFO - Class 1 Accuracy: 76.44%
2024-12-08 03:40:38,014 - INFO - Class 2 Accuracy: 89.68%
2024-12-08 03:40:38,015 - INFO - Class 3 Accuracy: 86.95%
2024-12-08 03:40:38,016 - INFO - Class 4 Accuracy: 94.54%
2024-12-08 03:40:38,104 - INFO - Saved checkpoint at epoch 11
2024-12-08 03:40:38,105 - INFO - Total samples is: <torch.utils.data.dataloader.DataLoader object at 0x000001BDED7D2FC0>
2024-12-08 03:57:12,244 - INFO - Validation parameter calculation time: 0:00:00.006508
2024-12-08 03:57:12,245 - INFO - 
Epoch 12/500:
2024-12-08 03:57:12,245 - INFO - Train Loss: 0.2015, Train Acc: 92.54%
2024-12-08 03:57:12,245 - INFO - Val Loss: 0.3021, Val Acc: 89.24%
2024-12-08 03:57:12,246 - INFO - Class 0 Accuracy: 75.48%
2024-12-08 03:57:12,246 - INFO - Class 1 Accuracy: 87.95%
2024-12-08 03:57:12,247 - INFO - Class 2 Accuracy: 87.41%
2024-12-08 03:57:12,247 - INFO - Class 3 Accuracy: 92.65%
2024-12-08 03:57:12,248 - INFO - Class 4 Accuracy: 95.99%
2024-12-08 03:57:12,351 - INFO - Saved checkpoint at epoch 12
2024-12-08 03:57:12,352 - INFO - Total samples is: <torch.utils.data.dataloader.DataLoader object at 0x000001BDED7D2FC0>
2024-12-08 04:11:29,534 - INFO - Validation parameter calculation time: 0:00:00.006549
2024-12-08 04:11:29,534 - INFO - 
Epoch 13/500:
2024-12-08 04:11:29,534 - INFO - Train Loss: 0.1964, Train Acc: 92.66%
2024-12-08 04:11:29,534 - INFO - Val Loss: 0.2864, Val Acc: 90.36%
2024-12-08 04:11:29,535 - INFO - Class 0 Accuracy: 81.95%
2024-12-08 04:11:29,535 - INFO - Class 1 Accuracy: 91.26%
2024-12-08 04:11:29,535 - INFO - Class 2 Accuracy: 93.93%
2024-12-08 04:11:29,536 - INFO - Class 3 Accuracy: 84.41%
2024-12-08 04:11:29,536 - INFO - Class 4 Accuracy: 91.99%
2024-12-08 04:11:29,627 - INFO - Saved best model with accuracy: 90.36%
2024-12-08 04:11:29,712 - INFO - Saved checkpoint at epoch 13
2024-12-08 04:11:29,713 - INFO - Total samples is: <torch.utils.data.dataloader.DataLoader object at 0x000001BDED7D2FC0>
2024-12-08 04:25:48,062 - INFO - Validation parameter calculation time: 0:00:00.006510
2024-12-08 04:25:48,062 - INFO - 
Epoch 14/500:
2024-12-08 04:25:48,062 - INFO - Train Loss: 0.1911, Train Acc: 92.93%
2024-12-08 04:25:48,062 - INFO - Val Loss: 0.2468, Val Acc: 90.98%
2024-12-08 04:25:48,063 - INFO - Class 0 Accuracy: 73.34%
2024-12-08 04:25:48,064 - INFO - Class 1 Accuracy: 94.18%
2024-12-08 04:25:48,064 - INFO - Class 2 Accuracy: 89.69%
2024-12-08 04:25:48,065 - INFO - Class 3 Accuracy: 87.52%
2024-12-08 04:25:48,065 - INFO - Class 4 Accuracy: 95.51%
2024-12-08 04:25:48,152 - INFO - Saved best model with accuracy: 90.98%
2024-12-08 04:25:48,241 - INFO - Saved checkpoint at epoch 14
2024-12-08 04:25:48,242 - INFO - Total samples is: <torch.utils.data.dataloader.DataLoader object at 0x000001BDED7D2FC0>
2024-12-08 04:40:04,518 - INFO - Validation parameter calculation time: 0:00:00.007031
2024-12-08 04:40:04,518 - INFO - 
Epoch 15/500:
2024-12-08 04:40:04,518 - INFO - Train Loss: 0.1929, Train Acc: 92.83%
2024-12-08 04:40:04,518 - INFO - Val Loss: 0.2487, Val Acc: 91.33%
2024-12-08 04:40:04,519 - INFO - Class 0 Accuracy: 78.31%
2024-12-08 04:40:04,520 - INFO - Class 1 Accuracy: 94.41%
2024-12-08 04:40:04,520 - INFO - Class 2 Accuracy: 88.52%
2024-12-08 04:40:04,520 - INFO - Class 3 Accuracy: 90.67%
2024-12-08 04:40:04,521 - INFO - Class 4 Accuracy: 94.52%
2024-12-08 04:40:04,615 - INFO - Saved best model with accuracy: 91.33%
2024-12-08 04:40:04,704 - INFO - Saved checkpoint at epoch 15
2024-12-08 04:40:04,706 - INFO - Total samples is: <torch.utils.data.dataloader.DataLoader object at 0x000001BDED7D2FC0>
2024-12-08 04:54:17,165 - INFO - Validation parameter calculation time: 0:00:00.006509
2024-12-08 04:54:17,165 - INFO - 
Epoch 16/500:
2024-12-08 04:54:17,165 - INFO - Train Loss: 0.1832, Train Acc: 93.14%
2024-12-08 04:54:17,165 - INFO - Val Loss: 0.2925, Val Acc: 89.53%
2024-12-08 04:54:17,166 - INFO - Class 0 Accuracy: 85.23%
2024-12-08 04:54:17,166 - INFO - Class 1 Accuracy: 85.06%
2024-12-08 04:54:17,167 - INFO - Class 2 Accuracy: 91.72%
2024-12-08 04:54:17,167 - INFO - Class 3 Accuracy: 90.00%
2024-12-08 04:54:17,168 - INFO - Class 4 Accuracy: 94.45%
2024-12-08 04:54:17,256 - INFO - Saved checkpoint at epoch 16
2024-12-08 04:54:17,258 - INFO - Total samples is: <torch.utils.data.dataloader.DataLoader object at 0x000001BDED7D2FC0>
2024-12-08 05:08:29,330 - INFO - Validation parameter calculation time: 0:00:00.006507
2024-12-08 05:08:29,331 - INFO - 
Epoch 17/500:
2024-12-08 05:08:29,331 - INFO - Train Loss: 0.1834, Train Acc: 93.26%
2024-12-08 05:08:29,331 - INFO - Val Loss: 0.2885, Val Acc: 90.12%
2024-12-08 05:08:29,332 - INFO - Class 0 Accuracy: 70.64%
2024-12-08 05:08:29,332 - INFO - Class 1 Accuracy: 90.77%
2024-12-08 05:08:29,333 - INFO - Class 2 Accuracy: 91.29%
2024-12-08 05:08:29,333 - INFO - Class 3 Accuracy: 89.87%
2024-12-08 05:08:29,333 - INFO - Class 4 Accuracy: 96.48%
2024-12-08 05:08:29,419 - INFO - Saved checkpoint at epoch 17
2024-12-08 05:08:29,419 - INFO - Total samples is: <torch.utils.data.dataloader.DataLoader object at 0x000001BDED7D2FC0>
2024-12-08 05:22:44,129 - INFO - Validation parameter calculation time: 0:00:00.006507
2024-12-08 05:22:44,130 - INFO - 
Epoch 18/500:
2024-12-08 05:22:44,130 - INFO - Train Loss: 0.1956, Train Acc: 92.73%
2024-12-08 05:22:44,130 - INFO - Val Loss: 0.3263, Val Acc: 89.10%
2024-12-08 05:22:44,130 - INFO - Class 0 Accuracy: 77.44%
2024-12-08 05:22:44,131 - INFO - Class 1 Accuracy: 86.63%
2024-12-08 05:22:44,131 - INFO - Class 2 Accuracy: 89.52%
2024-12-08 05:22:44,132 - INFO - Class 3 Accuracy: 87.10%
2024-12-08 05:22:44,132 - INFO - Class 4 Accuracy: 95.84%
2024-12-08 05:22:44,214 - INFO - Saved checkpoint at epoch 18
2024-12-08 05:22:44,215 - INFO - Total samples is: <torch.utils.data.dataloader.DataLoader object at 0x000001BDED7D2FC0>
2024-12-08 05:36:50,778 - INFO - Validation parameter calculation time: 0:00:00.006018
2024-12-08 05:36:50,779 - INFO - 
Epoch 19/500:
2024-12-08 05:36:50,779 - INFO - Train Loss: 0.1782, Train Acc: 93.42%
2024-12-08 05:36:50,779 - INFO - Val Loss: 0.3946, Val Acc: 86.31%
2024-12-08 05:36:50,779 - INFO - Class 0 Accuracy: 78.55%
2024-12-08 05:36:50,780 - INFO - Class 1 Accuracy: 77.72%
2024-12-08 05:36:50,781 - INFO - Class 2 Accuracy: 88.00%
2024-12-08 05:36:50,781 - INFO - Class 3 Accuracy: 87.53%
2024-12-08 05:36:50,781 - INFO - Class 4 Accuracy: 96.49%
2024-12-08 05:36:50,862 - INFO - Saved checkpoint at epoch 19
2024-12-08 05:36:50,863 - INFO - Total samples is: <torch.utils.data.dataloader.DataLoader object at 0x000001BDED7D2FC0>
2024-12-08 05:50:53,713 - INFO - Validation parameter calculation time: 0:00:00.006521
2024-12-08 05:50:53,713 - INFO - 
Epoch 20/500:
2024-12-08 05:50:53,713 - INFO - Train Loss: 0.1757, Train Acc: 93.46%
2024-12-08 05:50:53,713 - INFO - Val Loss: 0.2639, Val Acc: 90.03%
2024-12-08 05:50:53,715 - INFO - Class 0 Accuracy: 71.53%
2024-12-08 05:50:53,715 - INFO - Class 1 Accuracy: 92.30%
2024-12-08 05:50:53,716 - INFO - Class 2 Accuracy: 91.23%
2024-12-08 05:50:53,716 - INFO - Class 3 Accuracy: 90.00%
2024-12-08 05:50:53,716 - INFO - Class 4 Accuracy: 94.49%
2024-12-08 05:50:53,798 - INFO - Saved checkpoint at epoch 20
2024-12-08 05:50:53,799 - INFO - Total samples is: <torch.utils.data.dataloader.DataLoader object at 0x000001BDED7D2FC0>
2024-12-08 06:05:01,373 - INFO - Validation parameter calculation time: 0:00:00.006673
2024-12-08 06:05:01,373 - INFO - 
Epoch 21/500:
2024-12-08 06:05:01,373 - INFO - Train Loss: 0.1793, Train Acc: 93.47%
2024-12-08 06:05:01,373 - INFO - Val Loss: 0.4025, Val Acc: 86.69%
2024-12-08 06:05:01,374 - INFO - Class 0 Accuracy: 89.34%
2024-12-08 06:05:01,375 - INFO - Class 1 Accuracy: 79.95%
2024-12-08 06:05:01,375 - INFO - Class 2 Accuracy: 88.20%
2024-12-08 06:05:01,376 - INFO - Class 3 Accuracy: 92.64%
2024-12-08 06:05:01,376 - INFO - Class 4 Accuracy: 90.80%
2024-12-08 06:05:01,456 - INFO - Saved checkpoint at epoch 21
2024-12-08 06:05:01,458 - INFO - Total samples is: <torch.utils.data.dataloader.DataLoader object at 0x000001BDED7D2FC0>
2024-12-08 06:19:08,654 - INFO - Validation parameter calculation time: 0:00:00.006639
2024-12-08 06:19:08,655 - INFO - 
Epoch 22/500:
2024-12-08 06:19:08,655 - INFO - Train Loss: 0.1499, Train Acc: 94.46%
2024-12-08 06:19:08,655 - INFO - Val Loss: 0.2805, Val Acc: 90.59%
2024-12-08 06:19:08,656 - INFO - Class 0 Accuracy: 82.68%
2024-12-08 06:19:08,656 - INFO - Class 1 Accuracy: 88.63%
2024-12-08 06:19:08,657 - INFO - Class 2 Accuracy: 90.81%
2024-12-08 06:19:08,658 - INFO - Class 3 Accuracy: 92.45%
2024-12-08 06:19:08,658 - INFO - Class 4 Accuracy: 95.15%
2024-12-08 06:19:08,737 - INFO - Saved checkpoint at epoch 22
2024-12-08 06:19:08,739 - INFO - Total samples is: <torch.utils.data.dataloader.DataLoader object at 0x000001BDED7D2FC0>
2024-12-08 06:33:17,938 - INFO - Validation parameter calculation time: 0:00:00.007005
2024-12-08 06:33:17,938 - INFO - 
Epoch 23/500:
2024-12-08 06:33:17,938 - INFO - Train Loss: 0.1401, Train Acc: 94.81%
2024-12-08 06:33:17,938 - INFO - Val Loss: 0.2598, Val Acc: 91.29%
2024-12-08 06:33:17,939 - INFO - Class 0 Accuracy: 82.09%
2024-12-08 06:33:17,939 - INFO - Class 1 Accuracy: 90.90%
2024-12-08 06:33:17,940 - INFO - Class 2 Accuracy: 90.29%
2024-12-08 06:33:17,940 - INFO - Class 3 Accuracy: 92.87%
2024-12-08 06:33:17,941 - INFO - Class 4 Accuracy: 95.37%
2024-12-08 06:33:18,034 - INFO - Saved checkpoint at epoch 23
2024-12-08 06:33:18,036 - INFO - Total samples is: <torch.utils.data.dataloader.DataLoader object at 0x000001BDED7D2FC0>
2024-12-08 06:47:25,462 - INFO - Validation parameter calculation time: 0:00:00.007025
2024-12-08 06:47:25,463 - INFO - 
Epoch 24/500:
2024-12-08 06:47:25,463 - INFO - Train Loss: 0.1375, Train Acc: 94.89%
2024-12-08 06:47:25,463 - INFO - Val Loss: 0.2939, Val Acc: 90.48%
2024-12-08 06:47:25,463 - INFO - Class 0 Accuracy: 83.41%
2024-12-08 06:47:25,464 - INFO - Class 1 Accuracy: 87.96%
2024-12-08 06:47:25,464 - INFO - Class 2 Accuracy: 90.58%
2024-12-08 06:47:25,464 - INFO - Class 3 Accuracy: 92.93%
2024-12-08 06:47:25,465 - INFO - Class 4 Accuracy: 95.24%
2024-12-08 06:47:25,558 - INFO - Saved checkpoint at epoch 24
2024-12-08 06:47:25,559 - INFO - Total samples is: <torch.utils.data.dataloader.DataLoader object at 0x000001BDED7D2FC0>
2024-12-08 07:01:30,712 - INFO - Validation parameter calculation time: 0:00:00.006508
2024-12-08 07:01:30,713 - INFO - 
Epoch 25/500:
2024-12-08 07:01:30,713 - INFO - Train Loss: 0.1350, Train Acc: 94.98%
2024-12-08 07:01:30,713 - INFO - Val Loss: 0.2959, Val Acc: 90.47%
2024-12-08 07:01:30,713 - INFO - Class 0 Accuracy: 87.73%
2024-12-08 07:01:30,714 - INFO - Class 1 Accuracy: 86.89%
2024-12-08 07:01:30,715 - INFO - Class 2 Accuracy: 90.32%
2024-12-08 07:01:30,715 - INFO - Class 3 Accuracy: 93.30%
2024-12-08 07:01:30,715 - INFO - Class 4 Accuracy: 94.62%
2024-12-08 07:01:30,801 - INFO - Saved checkpoint at epoch 25
2024-12-08 07:01:30,802 - INFO - Total samples is: <torch.utils.data.dataloader.DataLoader object at 0x000001BDED7D2FC0>
2024-12-08 07:15:37,075 - INFO - Validation parameter calculation time: 0:00:00.006017
2024-12-08 07:15:37,075 - INFO - 
Epoch 26/500:
2024-12-08 07:15:37,075 - INFO - Train Loss: 0.1314, Train Acc: 95.11%
2024-12-08 07:15:37,075 - INFO - Val Loss: 0.2567, Val Acc: 91.45%
2024-12-08 07:15:37,077 - INFO - Class 0 Accuracy: 85.44%
2024-12-08 07:15:37,077 - INFO - Class 1 Accuracy: 90.40%
2024-12-08 07:15:37,078 - INFO - Class 2 Accuracy: 90.51%
2024-12-08 07:15:37,078 - INFO - Class 3 Accuracy: 93.59%
2024-12-08 07:15:37,079 - INFO - Class 4 Accuracy: 94.86%
2024-12-08 07:15:37,163 - INFO - Saved best model with accuracy: 91.45%
2024-12-08 07:15:37,241 - INFO - Saved checkpoint at epoch 26
2024-12-08 07:15:37,242 - INFO - Total samples is: <torch.utils.data.dataloader.DataLoader object at 0x000001BDED7D2FC0>
2024-12-08 07:29:41,788 - INFO - Validation parameter calculation time: 0:00:00.006029
2024-12-08 07:29:41,790 - INFO - 
Epoch 27/500:
2024-12-08 07:29:41,790 - INFO - Train Loss: 0.1313, Train Acc: 95.13%
2024-12-08 07:29:41,790 - INFO - Val Loss: 0.2761, Val Acc: 91.15%
2024-12-08 07:29:41,790 - INFO - Class 0 Accuracy: 85.72%
2024-12-08 07:29:41,791 - INFO - Class 1 Accuracy: 89.02%
2024-12-08 07:29:41,791 - INFO - Class 2 Accuracy: 90.87%
2024-12-08 07:29:41,792 - INFO - Class 3 Accuracy: 93.63%
2024-12-08 07:29:41,792 - INFO - Class 4 Accuracy: 95.04%
2024-12-08 07:29:41,874 - INFO - Saved checkpoint at epoch 27
2024-12-08 07:29:41,876 - INFO - Total samples is: <torch.utils.data.dataloader.DataLoader object at 0x000001BDED7D2FC0>
2024-12-08 07:43:49,317 - INFO - Validation parameter calculation time: 0:00:00.006537
2024-12-08 07:43:49,318 - INFO - 
Epoch 28/500:
2024-12-08 07:43:49,318 - INFO - Train Loss: 0.1296, Train Acc: 95.17%
2024-12-08 07:43:49,318 - INFO - Val Loss: 0.2985, Val Acc: 90.55%
2024-12-08 07:43:49,318 - INFO - Class 0 Accuracy: 85.06%
2024-12-08 07:43:49,319 - INFO - Class 1 Accuracy: 88.26%
2024-12-08 07:43:49,319 - INFO - Class 2 Accuracy: 88.18%
2024-12-08 07:43:49,320 - INFO - Class 3 Accuracy: 93.78%
2024-12-08 07:43:49,320 - INFO - Class 4 Accuracy: 95.32%
2024-12-08 07:43:49,404 - INFO - Saved checkpoint at epoch 28
2024-12-08 07:43:49,405 - INFO - Total samples is: <torch.utils.data.dataloader.DataLoader object at 0x000001BDED7D2FC0>
2024-12-08 07:58:00,588 - INFO - Validation parameter calculation time: 0:00:00.006507
2024-12-08 07:58:00,588 - INFO - 
Epoch 29/500:
2024-12-08 07:58:00,588 - INFO - Train Loss: 0.1288, Train Acc: 95.16%
2024-12-08 07:58:00,588 - INFO - Val Loss: 0.2646, Val Acc: 91.47%
2024-12-08 07:58:00,589 - INFO - Class 0 Accuracy: 85.97%
2024-12-08 07:58:00,589 - INFO - Class 1 Accuracy: 90.51%
2024-12-08 07:58:00,590 - INFO - Class 2 Accuracy: 89.96%
2024-12-08 07:58:00,591 - INFO - Class 3 Accuracy: 93.67%
2024-12-08 07:58:00,591 - INFO - Class 4 Accuracy: 94.78%
2024-12-08 07:58:00,672 - INFO - Saved best model with accuracy: 91.47%
2024-12-08 07:58:00,749 - INFO - Saved checkpoint at epoch 29
2024-12-08 07:58:00,750 - INFO - Total samples is: <torch.utils.data.dataloader.DataLoader object at 0x000001BDED7D2FC0>
2024-12-08 08:12:09,461 - INFO - Validation parameter calculation time: 0:00:00.006536
2024-12-08 08:12:09,461 - INFO - 
Epoch 30/500:
2024-12-08 08:12:09,461 - INFO - Train Loss: 0.1270, Train Acc: 95.26%
2024-12-08 08:12:09,461 - INFO - Val Loss: 0.2557, Val Acc: 91.37%
2024-12-08 08:12:09,462 - INFO - Class 0 Accuracy: 80.12%
2024-12-08 08:12:09,462 - INFO - Class 1 Accuracy: 90.95%
2024-12-08 08:12:09,463 - INFO - Class 2 Accuracy: 91.26%
2024-12-08 08:12:09,463 - INFO - Class 3 Accuracy: 94.43%
2024-12-08 08:12:09,464 - INFO - Class 4 Accuracy: 95.75%
2024-12-08 08:12:09,557 - INFO - Saved checkpoint at epoch 30
2024-12-08 08:12:09,558 - INFO - Total samples is: <torch.utils.data.dataloader.DataLoader object at 0x000001BDED7D2FC0>
2024-12-08 08:26:15,223 - INFO - Validation parameter calculation time: 0:00:00.006525
2024-12-08 08:26:15,223 - INFO - 
Epoch 31/500:
2024-12-08 08:26:15,223 - INFO - Train Loss: 0.1255, Train Acc: 95.35%
2024-12-08 08:26:15,223 - INFO - Val Loss: 0.2630, Val Acc: 91.30%
2024-12-08 08:26:15,224 - INFO - Class 0 Accuracy: 85.69%
2024-12-08 08:26:15,224 - INFO - Class 1 Accuracy: 90.21%
2024-12-08 08:26:15,225 - INFO - Class 2 Accuracy: 91.45%
2024-12-08 08:26:15,226 - INFO - Class 3 Accuracy: 93.22%
2024-12-08 08:26:15,226 - INFO - Class 4 Accuracy: 94.19%
2024-12-08 08:26:15,312 - INFO - Saved checkpoint at epoch 31
2024-12-08 08:26:15,313 - INFO - Total samples is: <torch.utils.data.dataloader.DataLoader object at 0x000001BDED7D2FC0>
2024-12-08 08:40:19,187 - INFO - Validation parameter calculation time: 0:00:00.006151
2024-12-08 08:40:19,188 - INFO - 
Epoch 32/500:
2024-12-08 08:40:19,188 - INFO - Train Loss: 0.1254, Train Acc: 95.33%
2024-12-08 08:40:19,188 - INFO - Val Loss: 0.2618, Val Acc: 91.60%
2024-12-08 08:40:19,189 - INFO - Class 0 Accuracy: 82.22%
2024-12-08 08:40:19,190 - INFO - Class 1 Accuracy: 91.18%
2024-12-08 08:40:19,190 - INFO - Class 2 Accuracy: 89.53%
2024-12-08 08:40:19,191 - INFO - Class 3 Accuracy: 93.46%
2024-12-08 08:40:19,191 - INFO - Class 4 Accuracy: 96.13%
2024-12-08 08:40:19,286 - INFO - Saved best model with accuracy: 91.60%
2024-12-08 08:40:19,373 - INFO - Saved checkpoint at epoch 32
2024-12-08 08:40:19,374 - INFO - Total samples is: <torch.utils.data.dataloader.DataLoader object at 0x000001BDED7D2FC0>
2024-12-08 08:54:24,617 - INFO - Validation parameter calculation time: 0:00:00.006014
2024-12-08 08:54:24,618 - INFO - 
Epoch 33/500:
2024-12-08 08:54:24,618 - INFO - Train Loss: 0.1250, Train Acc: 95.36%
2024-12-08 08:54:24,618 - INFO - Val Loss: 0.2758, Val Acc: 91.17%
2024-12-08 08:54:24,619 - INFO - Class 0 Accuracy: 85.16%
2024-12-08 08:54:24,619 - INFO - Class 1 Accuracy: 89.82%
2024-12-08 08:54:24,620 - INFO - Class 2 Accuracy: 90.09%
2024-12-08 08:54:24,620 - INFO - Class 3 Accuracy: 93.23%
2024-12-08 08:54:24,621 - INFO - Class 4 Accuracy: 94.89%
2024-12-08 08:54:24,700 - INFO - Saved checkpoint at epoch 33
2024-12-08 08:54:24,702 - INFO - Total samples is: <torch.utils.data.dataloader.DataLoader object at 0x000001BDED7D2FC0>
2024-12-08 09:08:33,193 - INFO - Validation parameter calculation time: 0:00:00.006558
2024-12-08 09:08:33,194 - INFO - 
Epoch 34/500:
2024-12-08 09:08:33,194 - INFO - Train Loss: 0.1236, Train Acc: 95.40%
2024-12-08 09:08:33,194 - INFO - Val Loss: 0.2512, Val Acc: 91.80%
2024-12-08 09:08:33,194 - INFO - Class 0 Accuracy: 84.48%
2024-12-08 09:08:33,195 - INFO - Class 1 Accuracy: 91.95%
2024-12-08 09:08:33,195 - INFO - Class 2 Accuracy: 89.94%
2024-12-08 09:08:33,196 - INFO - Class 3 Accuracy: 93.35%
2024-12-08 09:08:33,196 - INFO - Class 4 Accuracy: 94.97%
2024-12-08 09:08:33,278 - INFO - Saved best model with accuracy: 91.80%
2024-12-08 09:08:33,355 - INFO - Saved checkpoint at epoch 34
2024-12-08 09:08:33,356 - INFO - Total samples is: <torch.utils.data.dataloader.DataLoader object at 0x000001BDED7D2FC0>
2024-12-08 09:22:40,638 - INFO - Validation parameter calculation time: 0:00:00.007539
2024-12-08 09:22:40,638 - INFO - 
Epoch 35/500:
2024-12-08 09:22:40,638 - INFO - Train Loss: 0.1233, Train Acc: 95.40%
2024-12-08 09:22:40,638 - INFO - Val Loss: 0.2441, Val Acc: 91.95%
2024-12-08 09:22:40,639 - INFO - Class 0 Accuracy: 79.86%
2024-12-08 09:22:40,639 - INFO - Class 1 Accuracy: 93.55%
2024-12-08 09:22:40,640 - INFO - Class 2 Accuracy: 90.73%
2024-12-08 09:22:40,640 - INFO - Class 3 Accuracy: 93.49%
2024-12-08 09:22:40,640 - INFO - Class 4 Accuracy: 95.34%
2024-12-08 09:22:40,725 - INFO - Saved best model with accuracy: 91.95%
2024-12-08 09:22:40,805 - INFO - Saved checkpoint at epoch 35
2024-12-08 09:22:40,807 - INFO - Total samples is: <torch.utils.data.dataloader.DataLoader object at 0x000001BDED7D2FC0>
2024-12-08 09:36:50,288 - INFO - Validation parameter calculation time: 0:00:00.006431
2024-12-08 09:36:50,288 - INFO - 
Epoch 36/500:
2024-12-08 09:36:50,288 - INFO - Train Loss: 0.1219, Train Acc: 95.48%
2024-12-08 09:36:50,288 - INFO - Val Loss: 0.3068, Val Acc: 90.31%
2024-12-08 09:36:50,289 - INFO - Class 0 Accuracy: 83.39%
2024-12-08 09:36:50,289 - INFO - Class 1 Accuracy: 87.54%
2024-12-08 09:36:50,289 - INFO - Class 2 Accuracy: 89.13%
2024-12-08 09:36:50,290 - INFO - Class 3 Accuracy: 92.81%
2024-12-08 09:36:50,290 - INFO - Class 4 Accuracy: 95.70%
2024-12-08 09:36:50,371 - INFO - Saved checkpoint at epoch 36
2024-12-08 09:36:50,372 - INFO - Total samples is: <torch.utils.data.dataloader.DataLoader object at 0x000001BDED7D2FC0>
2024-12-08 09:50:59,347 - INFO - Validation parameter calculation time: 0:00:00.006544
2024-12-08 09:50:59,348 - INFO - 
Epoch 37/500:
2024-12-08 09:50:59,348 - INFO - Train Loss: 0.1204, Train Acc: 95.52%
2024-12-08 09:50:59,348 - INFO - Val Loss: 0.2655, Val Acc: 91.48%
2024-12-08 09:50:59,348 - INFO - Class 0 Accuracy: 79.94%
2024-12-08 09:50:59,349 - INFO - Class 1 Accuracy: 91.47%
2024-12-08 09:50:59,349 - INFO - Class 2 Accuracy: 91.36%
2024-12-08 09:50:59,350 - INFO - Class 3 Accuracy: 93.27%
2024-12-08 09:50:59,350 - INFO - Class 4 Accuracy: 95.73%
2024-12-08 09:50:59,433 - INFO - Saved checkpoint at epoch 37
2024-12-08 09:50:59,434 - INFO - Total samples is: <torch.utils.data.dataloader.DataLoader object at 0x000001BDED7D2FC0>
2024-12-08 10:05:08,271 - INFO - Validation parameter calculation time: 0:00:00.006517
2024-12-08 10:05:08,272 - INFO - 
Epoch 38/500:
2024-12-08 10:05:08,272 - INFO - Train Loss: 0.1202, Train Acc: 95.50%
2024-12-08 10:05:08,272 - INFO - Val Loss: 0.2855, Val Acc: 91.03%
2024-12-08 10:05:08,272 - INFO - Class 0 Accuracy: 80.05%
2024-12-08 10:05:08,273 - INFO - Class 1 Accuracy: 91.05%
2024-12-08 10:05:08,273 - INFO - Class 2 Accuracy: 90.22%
2024-12-08 10:05:08,274 - INFO - Class 3 Accuracy: 92.85%
2024-12-08 10:05:08,274 - INFO - Class 4 Accuracy: 95.30%
2024-12-08 10:05:08,359 - INFO - Saved checkpoint at epoch 38
2024-12-08 10:05:08,360 - INFO - Total samples is: <torch.utils.data.dataloader.DataLoader object at 0x000001BDED7D2FC0>
2024-12-08 10:19:17,021 - INFO - Validation parameter calculation time: 0:00:00.006003
2024-12-08 10:19:17,022 - INFO - 
Epoch 39/500:
2024-12-08 10:19:17,022 - INFO - Train Loss: 0.1195, Train Acc: 95.54%
2024-12-08 10:19:17,022 - INFO - Val Loss: 0.2939, Val Acc: 90.55%
2024-12-08 10:19:17,022 - INFO - Class 0 Accuracy: 80.37%
2024-12-08 10:19:17,023 - INFO - Class 1 Accuracy: 89.02%
2024-12-08 10:19:17,023 - INFO - Class 2 Accuracy: 90.53%
2024-12-08 10:19:17,024 - INFO - Class 3 Accuracy: 93.15%
2024-12-08 10:19:17,024 - INFO - Class 4 Accuracy: 95.59%
2024-12-08 10:19:17,111 - INFO - Saved checkpoint at epoch 39
2024-12-08 10:19:17,111 - INFO - Total samples is: <torch.utils.data.dataloader.DataLoader object at 0x000001BDED7D2FC0>
2024-12-08 10:33:23,049 - INFO - Validation parameter calculation time: 0:00:00.006518
2024-12-08 10:33:23,050 - INFO - 
Epoch 40/500:
2024-12-08 10:33:23,050 - INFO - Train Loss: 0.1185, Train Acc: 95.60%
2024-12-08 10:33:23,050 - INFO - Val Loss: 0.2500, Val Acc: 92.06%
2024-12-08 10:33:23,050 - INFO - Class 0 Accuracy: 84.08%
2024-12-08 10:33:23,051 - INFO - Class 1 Accuracy: 92.63%
2024-12-08 10:33:23,051 - INFO - Class 2 Accuracy: 91.48%
2024-12-08 10:33:23,051 - INFO - Class 3 Accuracy: 94.56%
2024-12-08 10:33:23,052 - INFO - Class 4 Accuracy: 94.53%
2024-12-08 10:33:23,132 - INFO - Saved best model with accuracy: 92.06%
2024-12-08 10:33:23,213 - INFO - Saved checkpoint at epoch 40
2024-12-08 10:33:23,214 - INFO - Total samples is: <torch.utils.data.dataloader.DataLoader object at 0x000001BDED7D2FC0>
2024-12-08 10:47:31,893 - INFO - Validation parameter calculation time: 0:00:00.006509
2024-12-08 10:47:31,893 - INFO - 
Epoch 41/500:
2024-12-08 10:47:31,893 - INFO - Train Loss: 0.1196, Train Acc: 95.51%
2024-12-08 10:47:31,893 - INFO - Val Loss: 0.2760, Val Acc: 91.04%
2024-12-08 10:47:31,894 - INFO - Class 0 Accuracy: 82.92%
2024-12-08 10:47:31,895 - INFO - Class 1 Accuracy: 89.63%
2024-12-08 10:47:31,896 - INFO - Class 2 Accuracy: 90.84%
2024-12-08 10:47:31,896 - INFO - Class 3 Accuracy: 93.32%
2024-12-08 10:47:31,897 - INFO - Class 4 Accuracy: 95.28%
2024-12-08 10:47:31,985 - INFO - Saved checkpoint at epoch 41
2024-12-08 10:47:31,986 - INFO - Total samples is: <torch.utils.data.dataloader.DataLoader object at 0x000001BDED7D2FC0>
2024-12-08 11:01:37,521 - INFO - Validation parameter calculation time: 0:00:00.006009
2024-12-08 11:01:37,522 - INFO - 
Epoch 42/500:
2024-12-08 11:01:37,522 - INFO - Train Loss: 0.1171, Train Acc: 95.63%
2024-12-08 11:01:37,522 - INFO - Val Loss: 0.2811, Val Acc: 91.21%
2024-12-08 11:01:37,522 - INFO - Class 0 Accuracy: 86.60%
2024-12-08 11:01:37,523 - INFO - Class 1 Accuracy: 89.33%
2024-12-08 11:01:37,523 - INFO - Class 2 Accuracy: 91.07%
2024-12-08 11:01:37,524 - INFO - Class 3 Accuracy: 93.36%
2024-12-08 11:01:37,524 - INFO - Class 4 Accuracy: 94.55%
2024-12-08 11:01:37,604 - INFO - Saved checkpoint at epoch 42
2024-12-08 11:01:37,605 - INFO - Total samples is: <torch.utils.data.dataloader.DataLoader object at 0x000001BDED7D2FC0>
2024-12-08 11:15:46,767 - INFO - Validation parameter calculation time: 0:00:00.006065
2024-12-08 11:15:46,768 - INFO - 
Epoch 43/500:
2024-12-08 11:15:46,768 - INFO - Train Loss: 0.1171, Train Acc: 95.62%
2024-12-08 11:15:46,768 - INFO - Val Loss: 0.3014, Val Acc: 90.22%
2024-12-08 11:15:46,768 - INFO - Class 0 Accuracy: 82.52%
2024-12-08 11:15:46,769 - INFO - Class 1 Accuracy: 86.81%
2024-12-08 11:15:46,769 - INFO - Class 2 Accuracy: 91.59%
2024-12-08 11:15:46,769 - INFO - Class 3 Accuracy: 93.19%
2024-12-08 11:15:46,770 - INFO - Class 4 Accuracy: 95.52%
2024-12-08 11:15:46,859 - INFO - Saved checkpoint at epoch 43
2024-12-08 11:15:46,860 - INFO - Total samples is: <torch.utils.data.dataloader.DataLoader object at 0x000001BDED7D2FC0>
2024-12-08 11:29:51,596 - INFO - Validation parameter calculation time: 0:00:00.006024
2024-12-08 11:29:51,597 - INFO - 
Epoch 44/500:
2024-12-08 11:29:51,597 - INFO - Train Loss: 0.1161, Train Acc: 95.65%
2024-12-08 11:29:51,597 - INFO - Val Loss: 0.2746, Val Acc: 91.16%
2024-12-08 11:29:51,597 - INFO - Class 0 Accuracy: 86.95%
2024-12-08 11:29:51,598 - INFO - Class 1 Accuracy: 89.09%
2024-12-08 11:29:51,599 - INFO - Class 2 Accuracy: 90.99%
2024-12-08 11:29:51,599 - INFO - Class 3 Accuracy: 93.97%
2024-12-08 11:29:51,600 - INFO - Class 4 Accuracy: 94.47%
2024-12-08 11:29:51,685 - INFO - Saved checkpoint at epoch 44
2024-12-08 11:29:51,686 - INFO - Total samples is: <torch.utils.data.dataloader.DataLoader object at 0x000001BDED7D2FC0>
2024-12-08 11:43:57,771 - INFO - Validation parameter calculation time: 0:00:00.006032
2024-12-08 11:43:57,772 - INFO - 
Epoch 45/500:
2024-12-08 11:43:57,772 - INFO - Train Loss: 0.1162, Train Acc: 95.66%
2024-12-08 11:43:57,772 - INFO - Val Loss: 0.3174, Val Acc: 90.00%
2024-12-08 11:43:57,773 - INFO - Class 0 Accuracy: 77.46%
2024-12-08 11:43:57,773 - INFO - Class 1 Accuracy: 87.88%
2024-12-08 11:43:57,774 - INFO - Class 2 Accuracy: 91.52%
2024-12-08 11:43:57,774 - INFO - Class 3 Accuracy: 92.27%
2024-12-08 11:43:57,775 - INFO - Class 4 Accuracy: 95.93%
2024-12-08 11:43:57,855 - INFO - Saved checkpoint at epoch 45
2024-12-08 11:43:57,857 - INFO - Total samples is: <torch.utils.data.dataloader.DataLoader object at 0x000001BDED7D2FC0>
2024-12-08 11:58:06,552 - INFO - Validation parameter calculation time: 0:00:00.006527
2024-12-08 11:58:06,552 - INFO - 
Epoch 46/500:
2024-12-08 11:58:06,552 - INFO - Train Loss: 0.1159, Train Acc: 95.66%
2024-12-08 11:58:06,552 - INFO - Val Loss: 0.2564, Val Acc: 91.60%
2024-12-08 11:58:06,553 - INFO - Class 0 Accuracy: 83.80%
2024-12-08 11:58:06,553 - INFO - Class 1 Accuracy: 91.27%
2024-12-08 11:58:06,555 - INFO - Class 2 Accuracy: 91.71%
2024-12-08 11:58:06,555 - INFO - Class 3 Accuracy: 94.58%
2024-12-08 11:58:06,555 - INFO - Class 4 Accuracy: 94.54%
2024-12-08 11:58:06,637 - INFO - Saved checkpoint at epoch 46
2024-12-08 11:58:06,638 - INFO - Total samples is: <torch.utils.data.dataloader.DataLoader object at 0x000001BDED7D2FC0>
2024-12-08 12:12:14,908 - INFO - Validation parameter calculation time: 0:00:00.006514
2024-12-08 12:12:14,908 - INFO - 
Epoch 47/500:
2024-12-08 12:12:14,908 - INFO - Train Loss: 0.1123, Train Acc: 95.79%
2024-12-08 12:12:14,908 - INFO - Val Loss: 0.2555, Val Acc: 91.72%
2024-12-08 12:12:14,909 - INFO - Class 0 Accuracy: 84.14%
2024-12-08 12:12:14,910 - INFO - Class 1 Accuracy: 91.18%
2024-12-08 12:12:14,910 - INFO - Class 2 Accuracy: 90.40%
2024-12-08 12:12:14,910 - INFO - Class 3 Accuracy: 94.27%
2024-12-08 12:12:14,911 - INFO - Class 4 Accuracy: 95.32%
2024-12-08 12:12:14,992 - INFO - Saved checkpoint at epoch 47
2024-12-08 12:12:14,993 - INFO - Total samples is: <torch.utils.data.dataloader.DataLoader object at 0x000001BDED7D2FC0>
2024-12-08 12:26:22,363 - INFO - Validation parameter calculation time: 0:00:00.006508
2024-12-08 12:26:22,364 - INFO - 
Epoch 48/500:
2024-12-08 12:26:22,364 - INFO - Train Loss: 0.1104, Train Acc: 95.85%
2024-12-08 12:26:22,364 - INFO - Val Loss: 0.2734, Val Acc: 91.38%
2024-12-08 12:26:22,365 - INFO - Class 0 Accuracy: 81.96%
2024-12-08 12:26:22,365 - INFO - Class 1 Accuracy: 90.52%
2024-12-08 12:26:22,366 - INFO - Class 2 Accuracy: 90.23%
2024-12-08 12:26:22,366 - INFO - Class 3 Accuracy: 94.94%
2024-12-08 12:26:22,367 - INFO - Class 4 Accuracy: 95.82%
2024-12-08 12:26:22,452 - INFO - Saved checkpoint at epoch 48
2024-12-08 12:26:22,453 - INFO - Total samples is: <torch.utils.data.dataloader.DataLoader object at 0x000001BDED7D2FC0>
2024-12-08 12:40:26,329 - INFO - Validation parameter calculation time: 0:00:00.007260
2024-12-08 12:40:26,330 - INFO - 
Epoch 49/500:
2024-12-08 12:40:26,330 - INFO - Train Loss: 0.1129, Train Acc: 95.82%
2024-12-08 12:40:26,330 - INFO - Val Loss: 0.2902, Val Acc: 91.36%
2024-12-08 12:40:26,330 - INFO - Class 0 Accuracy: 82.61%
2024-12-08 12:40:26,331 - INFO - Class 1 Accuracy: 90.09%
2024-12-08 12:40:26,331 - INFO - Class 2 Accuracy: 91.07%
2024-12-08 12:40:26,331 - INFO - Class 3 Accuracy: 93.09%
2024-12-08 12:40:26,332 - INFO - Class 4 Accuracy: 95.80%
2024-12-08 12:40:26,429 - INFO - Saved checkpoint at epoch 49
2024-12-08 12:40:26,431 - INFO - Total samples is: <torch.utils.data.dataloader.DataLoader object at 0x000001BDED7D2FC0>
2024-12-08 12:54:36,685 - INFO - Validation parameter calculation time: 0:00:00.007039
2024-12-08 12:54:36,685 - INFO - 
Epoch 50/500:
2024-12-08 12:54:36,685 - INFO - Train Loss: 0.1105, Train Acc: 95.84%
2024-12-08 12:54:36,685 - INFO - Val Loss: 0.2830, Val Acc: 91.09%
2024-12-08 12:54:36,686 - INFO - Class 0 Accuracy: 83.95%
2024-12-08 12:54:36,686 - INFO - Class 1 Accuracy: 89.57%
2024-12-08 12:54:36,687 - INFO - Class 2 Accuracy: 90.34%
2024-12-08 12:54:36,687 - INFO - Class 3 Accuracy: 93.69%
2024-12-08 12:54:36,687 - INFO - Class 4 Accuracy: 95.24%
2024-12-08 12:54:36,773 - INFO - Saved checkpoint at epoch 50
2024-12-08 12:54:36,774 - INFO - Total samples is: <torch.utils.data.dataloader.DataLoader object at 0x000001BDED7D2FC0>
2024-12-08 13:08:45,907 - INFO - Validation parameter calculation time: 0:00:00.007041
2024-12-08 13:08:45,907 - INFO - 
Epoch 51/500:
2024-12-08 13:08:45,907 - INFO - Train Loss: 0.1104, Train Acc: 95.85%
2024-12-08 13:08:45,907 - INFO - Val Loss: 0.2830, Val Acc: 91.25%
2024-12-08 13:08:45,908 - INFO - Class 0 Accuracy: 84.24%
2024-12-08 13:08:45,909 - INFO - Class 1 Accuracy: 89.53%
2024-12-08 13:08:45,910 - INFO - Class 2 Accuracy: 90.33%
2024-12-08 13:08:45,910 - INFO - Class 3 Accuracy: 94.70%
2024-12-08 13:08:45,911 - INFO - Class 4 Accuracy: 95.51%
2024-12-08 13:08:46,002 - INFO - Saved checkpoint at epoch 51
2024-12-08 13:08:46,004 - INFO - Total samples is: <torch.utils.data.dataloader.DataLoader object at 0x000001BDED7D2FC0>
2024-12-08 13:22:51,362 - INFO - Validation parameter calculation time: 0:00:00.006023
2024-12-08 13:22:51,363 - INFO - 
Epoch 52/500:
2024-12-08 13:22:51,363 - INFO - Train Loss: 0.1099, Train Acc: 95.88%
2024-12-08 13:22:51,363 - INFO - Val Loss: 0.2881, Val Acc: 90.98%
2024-12-08 13:22:51,363 - INFO - Class 0 Accuracy: 84.25%
2024-12-08 13:22:51,364 - INFO - Class 1 Accuracy: 88.99%
2024-12-08 13:22:51,364 - INFO - Class 2 Accuracy: 90.36%
2024-12-08 13:22:51,365 - INFO - Class 3 Accuracy: 94.49%
2024-12-08 13:22:51,366 - INFO - Class 4 Accuracy: 95.25%
2024-12-08 13:22:51,459 - INFO - Saved checkpoint at epoch 52
2024-12-08 13:22:51,459 - INFO - Total samples is: <torch.utils.data.dataloader.DataLoader object at 0x000001BDED7D2FC0>
2024-12-08 13:36:58,641 - INFO - Validation parameter calculation time: 0:00:00.007053
2024-12-08 13:36:58,642 - INFO - 
Epoch 53/500:
2024-12-08 13:36:58,642 - INFO - Train Loss: 0.1095, Train Acc: 95.89%
2024-12-08 13:36:58,642 - INFO - Val Loss: 0.2874, Val Acc: 91.12%
2024-12-08 13:36:58,642 - INFO - Class 0 Accuracy: 85.00%
2024-12-08 13:36:58,643 - INFO - Class 1 Accuracy: 88.99%
2024-12-08 13:36:58,643 - INFO - Class 2 Accuracy: 90.46%
2024-12-08 13:36:58,643 - INFO - Class 3 Accuracy: 94.37%
2024-12-08 13:36:58,644 - INFO - Class 4 Accuracy: 95.35%
2024-12-08 13:36:58,740 - INFO - Saved checkpoint at epoch 53
2024-12-08 13:36:58,741 - INFO - Total samples is: <torch.utils.data.dataloader.DataLoader object at 0x000001BDED7D2FC0>
2024-12-08 13:51:08,716 - INFO - Validation parameter calculation time: 0:00:00.006048
2024-12-08 13:51:08,717 - INFO - 
Epoch 54/500:
2024-12-08 13:51:08,718 - INFO - Train Loss: 0.1092, Train Acc: 95.90%
2024-12-08 13:51:08,718 - INFO - Val Loss: 0.2693, Val Acc: 91.37%
2024-12-08 13:51:08,718 - INFO - Class 0 Accuracy: 82.58%
2024-12-08 13:51:08,719 - INFO - Class 1 Accuracy: 90.47%
2024-12-08 13:51:08,719 - INFO - Class 2 Accuracy: 90.88%
2024-12-08 13:51:08,719 - INFO - Class 3 Accuracy: 94.21%
2024-12-08 13:51:08,720 - INFO - Class 4 Accuracy: 95.43%
2024-12-08 13:51:08,816 - INFO - Saved checkpoint at epoch 54
2024-12-08 13:51:08,817 - INFO - Total samples is: <torch.utils.data.dataloader.DataLoader object at 0x000001BDED7D2FC0>
2024-12-08 14:05:18,604 - INFO - Validation parameter calculation time: 0:00:00.006508
2024-12-08 14:05:18,604 - INFO - 
Epoch 55/500:
2024-12-08 14:05:18,604 - INFO - Train Loss: 0.1123, Train Acc: 95.84%
2024-12-08 14:05:18,604 - INFO - Val Loss: 0.2769, Val Acc: 91.66%
2024-12-08 14:05:18,606 - INFO - Class 0 Accuracy: 79.76%
2024-12-08 14:05:18,606 - INFO - Class 1 Accuracy: 92.13%
2024-12-08 14:05:18,606 - INFO - Class 2 Accuracy: 90.19%
2024-12-08 14:05:18,607 - INFO - Class 3 Accuracy: 94.22%
2024-12-08 14:05:18,608 - INFO - Class 4 Accuracy: 96.01%
2024-12-08 14:05:18,689 - INFO - Saved checkpoint at epoch 55
2024-12-08 14:05:18,690 - INFO - Total samples is: <torch.utils.data.dataloader.DataLoader object at 0x000001BDED7D2FC0>
2024-12-08 14:19:28,211 - INFO - Validation parameter calculation time: 0:00:00.007028
2024-12-08 14:19:28,211 - INFO - 
Epoch 56/500:
2024-12-08 14:19:28,212 - INFO - Train Loss: 0.1116, Train Acc: 95.85%
2024-12-08 14:19:28,212 - INFO - Val Loss: 0.2867, Val Acc: 91.18%
2024-12-08 14:19:28,212 - INFO - Class 0 Accuracy: 82.03%
2024-12-08 14:19:28,213 - INFO - Class 1 Accuracy: 90.15%
2024-12-08 14:19:28,213 - INFO - Class 2 Accuracy: 89.68%
2024-12-08 14:19:28,214 - INFO - Class 3 Accuracy: 93.13%
2024-12-08 14:19:28,214 - INFO - Class 4 Accuracy: 95.96%
2024-12-08 14:19:28,354 - INFO - Saved checkpoint at epoch 56
2024-12-08 14:19:28,356 - INFO - Total samples is: <torch.utils.data.dataloader.DataLoader object at 0x000001BDED7D2FC0>
2024-12-08 14:33:31,722 - INFO - Validation parameter calculation time: 0:00:00.007064
2024-12-08 14:33:31,722 - INFO - 
Epoch 57/500:
2024-12-08 14:33:31,722 - INFO - Train Loss: 0.1094, Train Acc: 95.90%
2024-12-08 14:33:31,722 - INFO - Val Loss: 0.2852, Val Acc: 91.10%
2024-12-08 14:33:31,722 - INFO - Class 0 Accuracy: 83.11%
2024-12-08 14:33:31,723 - INFO - Class 1 Accuracy: 89.37%
2024-12-08 14:33:31,723 - INFO - Class 2 Accuracy: 90.38%
2024-12-08 14:33:31,724 - INFO - Class 3 Accuracy: 93.86%
2024-12-08 14:33:31,725 - INFO - Class 4 Accuracy: 95.74%
2024-12-08 14:33:31,817 - INFO - Saved checkpoint at epoch 57
2024-12-08 14:33:31,818 - INFO - Total samples is: <torch.utils.data.dataloader.DataLoader object at 0x000001BDED7D2FC0>
2024-12-08 14:47:44,075 - INFO - Validation parameter calculation time: 0:00:00.006047
2024-12-08 14:47:44,076 - INFO - 
Epoch 58/500:
2024-12-08 14:47:44,076 - INFO - Train Loss: 0.1122, Train Acc: 95.86%
2024-12-08 14:47:44,076 - INFO - Val Loss: 0.3419, Val Acc: 90.04%
2024-12-08 14:47:44,076 - INFO - Class 0 Accuracy: 80.67%
2024-12-08 14:47:44,077 - INFO - Class 1 Accuracy: 87.07%
2024-12-08 14:47:44,077 - INFO - Class 2 Accuracy: 88.75%
2024-12-08 14:47:44,077 - INFO - Class 3 Accuracy: 95.16%
2024-12-08 14:47:44,078 - INFO - Class 4 Accuracy: 96.31%
2024-12-08 14:47:44,163 - INFO - Saved checkpoint at epoch 58
2024-12-08 14:47:44,165 - INFO - Total samples is: <torch.utils.data.dataloader.DataLoader object at 0x000001BDED7D2FC0>
2024-12-08 15:01:51,974 - INFO - Validation parameter calculation time: 0:00:00.005508
2024-12-08 15:01:51,974 - INFO - 
Epoch 59/500:
2024-12-08 15:01:51,974 - INFO - Train Loss: 0.1093, Train Acc: 95.91%
2024-12-08 15:01:51,974 - INFO - Val Loss: 0.2644, Val Acc: 91.65%
2024-12-08 15:01:51,975 - INFO - Class 0 Accuracy: 83.64%
2024-12-08 15:01:51,975 - INFO - Class 1 Accuracy: 90.71%
2024-12-08 15:01:51,976 - INFO - Class 2 Accuracy: 90.92%
2024-12-08 15:01:51,976 - INFO - Class 3 Accuracy: 94.22%
2024-12-08 15:01:51,976 - INFO - Class 4 Accuracy: 95.58%
2024-12-08 15:01:52,059 - INFO - Saved checkpoint at epoch 59
2024-12-08 15:01:52,060 - INFO - Total samples is: <torch.utils.data.dataloader.DataLoader object at 0x000001BDED7D2FC0>
2024-12-08 15:15:57,068 - INFO - Validation parameter calculation time: 0:00:00.006019
2024-12-08 15:15:57,069 - INFO - 
Epoch 60/500:
2024-12-08 15:15:57,069 - INFO - Train Loss: 0.1093, Train Acc: 95.91%
2024-12-08 15:15:57,069 - INFO - Val Loss: 0.2849, Val Acc: 91.37%
2024-12-08 15:15:57,069 - INFO - Class 0 Accuracy: 85.24%
2024-12-08 15:15:57,070 - INFO - Class 1 Accuracy: 89.33%
2024-12-08 15:15:57,071 - INFO - Class 2 Accuracy: 91.43%
2024-12-08 15:15:57,071 - INFO - Class 3 Accuracy: 94.75%
2024-12-08 15:15:57,072 - INFO - Class 4 Accuracy: 95.23%
2024-12-08 15:15:57,157 - INFO - Saved checkpoint at epoch 60
2024-12-08 15:15:57,158 - INFO - Total samples is: <torch.utils.data.dataloader.DataLoader object at 0x000001BDED7D2FC0>
2024-12-08 15:30:02,995 - INFO - Validation parameter calculation time: 0:00:00.006009
2024-12-08 15:30:02,996 - INFO - 
Epoch 61/500:
2024-12-08 15:30:02,996 - INFO - Train Loss: 0.1107, Train Acc: 95.86%
2024-12-08 15:30:02,996 - INFO - Val Loss: 0.2719, Val Acc: 91.75%
2024-12-08 15:30:02,997 - INFO - Class 0 Accuracy: 81.78%
2024-12-08 15:30:02,998 - INFO - Class 1 Accuracy: 91.61%
2024-12-08 15:30:02,998 - INFO - Class 2 Accuracy: 89.55%
2024-12-08 15:30:02,999 - INFO - Class 3 Accuracy: 94.62%
2024-12-08 15:30:02,999 - INFO - Class 4 Accuracy: 96.20%
2024-12-08 15:30:03,092 - INFO - Saved checkpoint at epoch 61
2024-12-08 15:30:03,094 - INFO - Total samples is: <torch.utils.data.dataloader.DataLoader object at 0x000001BDED7D2FC0>
2024-12-08 15:44:08,761 - INFO - Validation parameter calculation time: 0:00:00.006507
2024-12-08 15:44:08,761 - INFO - 
Epoch 62/500:
2024-12-08 15:44:08,761 - INFO - Train Loss: 0.1106, Train Acc: 95.88%
2024-12-08 15:44:08,761 - INFO - Val Loss: 0.2887, Val Acc: 91.19%
2024-12-08 15:44:08,762 - INFO - Class 0 Accuracy: 84.51%
2024-12-08 15:44:08,763 - INFO - Class 1 Accuracy: 89.63%
2024-12-08 15:44:08,763 - INFO - Class 2 Accuracy: 89.95%
2024-12-08 15:44:08,763 - INFO - Class 3 Accuracy: 93.84%
2024-12-08 15:44:08,764 - INFO - Class 4 Accuracy: 95.38%
2024-12-08 15:44:08,844 - INFO - Saved checkpoint at epoch 62
2024-12-08 15:44:08,846 - INFO - Total samples is: <torch.utils.data.dataloader.DataLoader object at 0x000001BDED7D2FC0>
2024-12-08 15:58:15,647 - INFO - Validation parameter calculation time: 0:00:00.007020
2024-12-08 15:58:15,647 - INFO - 
Epoch 63/500:
2024-12-08 15:58:15,647 - INFO - Train Loss: 0.1095, Train Acc: 95.88%
2024-12-08 15:58:15,647 - INFO - Val Loss: 0.2929, Val Acc: 90.79%
2024-12-08 15:58:15,648 - INFO - Class 0 Accuracy: 83.01%
2024-12-08 15:58:15,648 - INFO - Class 1 Accuracy: 88.54%
2024-12-08 15:58:15,649 - INFO - Class 2 Accuracy: 90.69%
2024-12-08 15:58:15,649 - INFO - Class 3 Accuracy: 94.11%
2024-12-08 15:58:15,650 - INFO - Class 4 Accuracy: 95.54%
2024-12-08 15:58:15,730 - INFO - Saved checkpoint at epoch 63
2024-12-08 15:58:15,732 - INFO - Total samples is: <torch.utils.data.dataloader.DataLoader object at 0x000001BDED7D2FC0>
2024-12-08 16:12:20,951 - INFO - Validation parameter calculation time: 0:00:00.006538
2024-12-08 16:12:20,951 - INFO - 
Epoch 64/500:
2024-12-08 16:12:20,951 - INFO - Train Loss: 0.1093, Train Acc: 95.89%
2024-12-08 16:12:20,951 - INFO - Val Loss: 0.2595, Val Acc: 91.81%
2024-12-08 16:12:20,952 - INFO - Class 0 Accuracy: 83.12%
2024-12-08 16:12:20,953 - INFO - Class 1 Accuracy: 91.36%
2024-12-08 16:12:20,953 - INFO - Class 2 Accuracy: 90.65%
2024-12-08 16:12:20,953 - INFO - Class 3 Accuracy: 94.83%
2024-12-08 16:12:20,954 - INFO - Class 4 Accuracy: 95.65%
2024-12-08 16:12:21,033 - INFO - Saved checkpoint at epoch 64
2024-12-08 16:12:21,035 - INFO - Total samples is: <torch.utils.data.dataloader.DataLoader object at 0x000001BDED7D2FC0>
2024-12-08 16:26:29,699 - INFO - Validation parameter calculation time: 0:00:00.006606
2024-12-08 16:26:29,700 - INFO - 
Epoch 65/500:
2024-12-08 16:26:29,700 - INFO - Train Loss: 0.1093, Train Acc: 95.90%
2024-12-08 16:26:29,700 - INFO - Val Loss: 0.2845, Val Acc: 91.28%
2024-12-08 16:26:29,700 - INFO - Class 0 Accuracy: 84.89%
2024-12-08 16:26:29,701 - INFO - Class 1 Accuracy: 89.91%
2024-12-08 16:26:29,701 - INFO - Class 2 Accuracy: 90.14%
2024-12-08 16:26:29,701 - INFO - Class 3 Accuracy: 93.29%
2024-12-08 16:26:29,702 - INFO - Class 4 Accuracy: 95.20%
2024-12-08 16:26:29,782 - INFO - Saved checkpoint at epoch 65
2024-12-08 16:26:29,784 - INFO - Total samples is: <torch.utils.data.dataloader.DataLoader object at 0x000001BDED7D2FC0>
2024-12-08 16:40:35,758 - INFO - Validation parameter calculation time: 0:00:00.006764
2024-12-08 16:40:35,759 - INFO - 
Epoch 66/500:
2024-12-08 16:40:35,759 - INFO - Train Loss: 0.1094, Train Acc: 95.90%
2024-12-08 16:40:35,759 - INFO - Val Loss: 0.3070, Val Acc: 90.51%
2024-12-08 16:40:35,759 - INFO - Class 0 Accuracy: 84.66%
2024-12-08 16:40:35,760 - INFO - Class 1 Accuracy: 87.31%
2024-12-08 16:40:35,760 - INFO - Class 2 Accuracy: 89.52%
2024-12-08 16:40:35,760 - INFO - Class 3 Accuracy: 94.21%
2024-12-08 16:40:35,761 - INFO - Class 4 Accuracy: 95.71%
2024-12-08 16:40:35,843 - INFO - Saved checkpoint at epoch 66
2024-12-08 16:40:35,843 - INFO - Total samples is: <torch.utils.data.dataloader.DataLoader object at 0x000001BDED7D2FC0>
2024-12-08 16:54:42,689 - INFO - Validation parameter calculation time: 0:00:00.007149
2024-12-08 16:54:42,690 - INFO - 
Epoch 67/500:
2024-12-08 16:54:42,690 - INFO - Train Loss: 0.1101, Train Acc: 95.88%
2024-12-08 16:54:42,690 - INFO - Val Loss: 0.2909, Val Acc: 91.16%
2024-12-08 16:54:42,690 - INFO - Class 0 Accuracy: 86.53%
2024-12-08 16:54:42,691 - INFO - Class 1 Accuracy: 88.78%
2024-12-08 16:54:42,691 - INFO - Class 2 Accuracy: 90.01%
2024-12-08 16:54:42,691 - INFO - Class 3 Accuracy: 93.87%
2024-12-08 16:54:42,692 - INFO - Class 4 Accuracy: 95.29%
2024-12-08 16:54:42,777 - INFO - Saved checkpoint at epoch 67
2024-12-08 16:54:42,778 - INFO - Total samples is: <torch.utils.data.dataloader.DataLoader object at 0x000001BDED7D2FC0>
2024-12-08 17:08:49,978 - INFO - Validation parameter calculation time: 0:00:00.005525
2024-12-08 17:08:49,978 - INFO - 
Epoch 68/500:
2024-12-08 17:08:49,978 - INFO - Train Loss: 0.1093, Train Acc: 95.89%
2024-12-08 17:08:49,978 - INFO - Val Loss: 0.2720, Val Acc: 91.55%
2024-12-08 17:08:49,979 - INFO - Class 0 Accuracy: 83.29%
2024-12-08 17:08:49,979 - INFO - Class 1 Accuracy: 91.04%
2024-12-08 17:08:49,980 - INFO - Class 2 Accuracy: 90.08%
2024-12-08 17:08:49,980 - INFO - Class 3 Accuracy: 93.59%
2024-12-08 17:08:49,981 - INFO - Class 4 Accuracy: 95.48%
2024-12-08 17:08:50,074 - INFO - Saved checkpoint at epoch 68
2024-12-08 17:08:50,076 - INFO - Total samples is: <torch.utils.data.dataloader.DataLoader object at 0x000001BDED7D2FC0>
2024-12-08 17:22:57,225 - INFO - Validation parameter calculation time: 0:00:00.006513
2024-12-08 17:22:57,226 - INFO - 
Epoch 69/500:
2024-12-08 17:22:57,226 - INFO - Train Loss: 0.1086, Train Acc: 95.92%
2024-12-08 17:22:57,226 - INFO - Val Loss: 0.2951, Val Acc: 90.82%
2024-12-08 17:22:57,227 - INFO - Class 0 Accuracy: 86.36%
2024-12-08 17:22:57,227 - INFO - Class 1 Accuracy: 88.59%
2024-12-08 17:22:57,228 - INFO - Class 2 Accuracy: 89.13%
2024-12-08 17:22:57,228 - INFO - Class 3 Accuracy: 93.92%
2024-12-08 17:22:57,229 - INFO - Class 4 Accuracy: 94.90%
2024-12-08 17:22:57,313 - INFO - Saved checkpoint at epoch 69
2024-12-08 17:22:57,314 - INFO - Total samples is: <torch.utils.data.dataloader.DataLoader object at 0x000001BDED7D2FC0>
2024-12-08 17:37:04,462 - INFO - Validation parameter calculation time: 0:00:00.006512
2024-12-08 17:37:04,463 - INFO - 
Epoch 70/500:
2024-12-08 17:37:04,463 - INFO - Train Loss: 0.1093, Train Acc: 95.91%
2024-12-08 17:37:04,463 - INFO - Val Loss: 0.2784, Val Acc: 91.14%
2024-12-08 17:37:04,464 - INFO - Class 0 Accuracy: 83.77%
2024-12-08 17:37:04,464 - INFO - Class 1 Accuracy: 89.61%
2024-12-08 17:37:04,465 - INFO - Class 2 Accuracy: 89.73%
2024-12-08 17:37:04,465 - INFO - Class 3 Accuracy: 94.17%
2024-12-08 17:37:04,465 - INFO - Class 4 Accuracy: 95.60%
2024-12-08 17:37:04,558 - INFO - Saved checkpoint at epoch 70
2024-12-08 17:37:04,558 - INFO - Total samples is: <torch.utils.data.dataloader.DataLoader object at 0x000001BDED7D2FC0>
2024-12-08 17:51:09,783 - INFO - Validation parameter calculation time: 0:00:00.007040
2024-12-08 17:51:09,783 - INFO - 
Epoch 71/500:
2024-12-08 17:51:09,783 - INFO - Train Loss: 0.1104, Train Acc: 95.86%
2024-12-08 17:51:09,783 - INFO - Val Loss: 0.2954, Val Acc: 90.81%
2024-12-08 17:51:09,784 - INFO - Class 0 Accuracy: 86.02%
2024-12-08 17:51:09,784 - INFO - Class 1 Accuracy: 88.71%
2024-12-08 17:51:09,785 - INFO - Class 2 Accuracy: 88.50%
2024-12-08 17:51:09,785 - INFO - Class 3 Accuracy: 94.03%
2024-12-08 17:51:09,786 - INFO - Class 4 Accuracy: 95.10%
2024-12-08 17:51:09,871 - INFO - Saved checkpoint at epoch 71
2024-12-08 17:51:09,871 - INFO - Total samples is: <torch.utils.data.dataloader.DataLoader object at 0x000001BDED7D2FC0>
2024-12-08 18:05:15,579 - INFO - Validation parameter calculation time: 0:00:00.006013
2024-12-08 18:05:15,579 - INFO - 
Epoch 72/500:
2024-12-08 18:05:15,579 - INFO - Train Loss: 0.1094, Train Acc: 95.90%
2024-12-08 18:05:15,579 - INFO - Val Loss: 0.3003, Val Acc: 90.73%
2024-12-08 18:05:15,580 - INFO - Class 0 Accuracy: 84.81%
2024-12-08 18:05:15,581 - INFO - Class 1 Accuracy: 87.71%
2024-12-08 18:05:15,582 - INFO - Class 2 Accuracy: 89.96%
2024-12-08 18:05:15,582 - INFO - Class 3 Accuracy: 94.86%
2024-12-08 18:05:15,582 - INFO - Class 4 Accuracy: 95.65%
2024-12-08 18:05:15,667 - INFO - Saved checkpoint at epoch 72
2024-12-08 18:05:15,667 - INFO - Total samples is: <torch.utils.data.dataloader.DataLoader object at 0x000001BDED7D2FC0>
2024-12-08 18:19:23,512 - INFO - Validation parameter calculation time: 0:00:00.006031
2024-12-08 18:19:23,513 - INFO - 
Epoch 73/500:
2024-12-08 18:19:23,513 - INFO - Train Loss: 0.1097, Train Acc: 95.89%
2024-12-08 18:19:23,513 - INFO - Val Loss: 0.2605, Val Acc: 91.73%
2024-12-08 18:19:23,514 - INFO - Class 0 Accuracy: 82.91%
2024-12-08 18:19:23,514 - INFO - Class 1 Accuracy: 91.34%
2024-12-08 18:19:23,515 - INFO - Class 2 Accuracy: 90.64%
2024-12-08 18:19:23,516 - INFO - Class 3 Accuracy: 94.40%
2024-12-08 18:19:23,516 - INFO - Class 4 Accuracy: 95.58%
2024-12-08 18:19:23,620 - INFO - Saved checkpoint at epoch 73
2024-12-08 18:19:23,621 - INFO - Total samples is: <torch.utils.data.dataloader.DataLoader object at 0x000001BDED7D2FC0>
2024-12-08 18:33:29,897 - INFO - Validation parameter calculation time: 0:00:00.006016
2024-12-08 18:33:29,898 - INFO - 
Epoch 74/500:
2024-12-08 18:33:29,898 - INFO - Train Loss: 0.1096, Train Acc: 95.88%
2024-12-08 18:33:29,898 - INFO - Val Loss: 0.3115, Val Acc: 90.31%
2024-12-08 18:33:29,899 - INFO - Class 0 Accuracy: 84.66%
2024-12-08 18:33:29,899 - INFO - Class 1 Accuracy: 87.19%
2024-12-08 18:33:29,900 - INFO - Class 2 Accuracy: 89.57%
2024-12-08 18:33:29,900 - INFO - Class 3 Accuracy: 93.76%
2024-12-08 18:33:29,900 - INFO - Class 4 Accuracy: 95.29%
2024-12-08 18:33:29,981 - INFO - Saved checkpoint at epoch 74
2024-12-08 18:33:29,982 - INFO - Total samples is: <torch.utils.data.dataloader.DataLoader object at 0x000001BDED7D2FC0>
2024-12-08 18:47:39,181 - INFO - Validation parameter calculation time: 0:00:00.006662
2024-12-08 18:47:39,181 - INFO - 
Epoch 75/500:
2024-12-08 18:47:39,181 - INFO - Train Loss: 0.1091, Train Acc: 95.90%
2024-12-08 18:47:39,181 - INFO - Val Loss: 0.2905, Val Acc: 90.95%
2024-12-08 18:47:39,182 - INFO - Class 0 Accuracy: 85.92%
2024-12-08 18:47:39,182 - INFO - Class 1 Accuracy: 88.33%
2024-12-08 18:47:39,183 - INFO - Class 2 Accuracy: 90.56%
2024-12-08 18:47:39,183 - INFO - Class 3 Accuracy: 93.71%
2024-12-08 18:47:39,184 - INFO - Class 4 Accuracy: 95.17%
2024-12-08 18:47:39,281 - INFO - Saved checkpoint at epoch 75
2024-12-08 18:47:39,283 - INFO - Total samples is: <torch.utils.data.dataloader.DataLoader object at 0x000001BDED7D2FC0>
2024-12-08 19:01:49,028 - INFO - Validation parameter calculation time: 0:00:00.007016
2024-12-08 19:01:49,029 - INFO - 
Epoch 76/500:
2024-12-08 19:01:49,029 - INFO - Train Loss: 0.1094, Train Acc: 95.89%
2024-12-08 19:01:49,029 - INFO - Val Loss: 0.2647, Val Acc: 91.61%
2024-12-08 19:01:49,029 - INFO - Class 0 Accuracy: 84.47%
2024-12-08 19:01:49,030 - INFO - Class 1 Accuracy: 90.73%
2024-12-08 19:01:49,030 - INFO - Class 2 Accuracy: 90.74%
2024-12-08 19:01:49,030 - INFO - Class 3 Accuracy: 94.70%
2024-12-08 19:01:49,031 - INFO - Class 4 Accuracy: 95.15%
2024-12-08 19:01:49,112 - INFO - Saved checkpoint at epoch 76
2024-12-08 19:01:49,114 - INFO - Total samples is: <torch.utils.data.dataloader.DataLoader object at 0x000001BDED7D2FC0>
2024-12-08 19:15:54,334 - INFO - Validation parameter calculation time: 0:00:00.006021
2024-12-08 19:15:54,336 - INFO - 
Epoch 77/500:
2024-12-08 19:15:54,336 - INFO - Train Loss: 0.1090, Train Acc: 95.91%
2024-12-08 19:15:54,336 - INFO - Val Loss: 0.2825, Val Acc: 91.15%
2024-12-08 19:15:54,336 - INFO - Class 0 Accuracy: 84.96%
2024-12-08 19:15:54,337 - INFO - Class 1 Accuracy: 89.21%
2024-12-08 19:15:54,337 - INFO - Class 2 Accuracy: 90.38%
2024-12-08 19:15:54,337 - INFO - Class 3 Accuracy: 93.73%
2024-12-08 19:15:54,338 - INFO - Class 4 Accuracy: 95.34%
2024-12-08 19:15:54,421 - INFO - Saved checkpoint at epoch 77
2024-12-08 19:15:54,422 - INFO - Total samples is: <torch.utils.data.dataloader.DataLoader object at 0x000001BDED7D2FC0>
2024-12-08 19:30:01,716 - INFO - Validation parameter calculation time: 0:00:00.006509
2024-12-08 19:30:01,717 - INFO - 
Epoch 78/500:
2024-12-08 19:30:01,717 - INFO - Train Loss: 0.1097, Train Acc: 95.89%
2024-12-08 19:30:01,717 - INFO - Val Loss: 0.2780, Val Acc: 91.44%
2024-12-08 19:30:01,717 - INFO - Class 0 Accuracy: 85.52%
2024-12-08 19:30:01,718 - INFO - Class 1 Accuracy: 90.30%
2024-12-08 19:30:01,718 - INFO - Class 2 Accuracy: 89.63%
2024-12-08 19:30:01,719 - INFO - Class 3 Accuracy: 94.20%
2024-12-08 19:30:01,719 - INFO - Class 4 Accuracy: 95.15%
2024-12-08 19:30:01,803 - INFO - Saved checkpoint at epoch 78
2024-12-08 19:30:01,804 - INFO - Total samples is: <torch.utils.data.dataloader.DataLoader object at 0x000001BDED7D2FC0>
2024-12-08 19:44:16,691 - INFO - Validation parameter calculation time: 0:00:00.006512
2024-12-08 19:44:16,692 - INFO - 
Epoch 79/500:
2024-12-08 19:44:16,692 - INFO - Train Loss: 0.1116, Train Acc: 95.86%
2024-12-08 19:44:16,692 - INFO - Val Loss: 0.3082, Val Acc: 90.67%
2024-12-08 19:44:16,692 - INFO - Class 0 Accuracy: 82.87%
2024-12-08 19:44:16,693 - INFO - Class 1 Accuracy: 88.83%
2024-12-08 19:44:16,693 - INFO - Class 2 Accuracy: 88.94%
2024-12-08 19:44:16,693 - INFO - Class 3 Accuracy: 93.37%
2024-12-08 19:44:16,694 - INFO - Class 4 Accuracy: 95.71%
2024-12-08 19:44:16,779 - INFO - Saved checkpoint at epoch 79
2024-12-08 19:44:16,781 - INFO - Total samples is: <torch.utils.data.dataloader.DataLoader object at 0x000001BDED7D2FC0>
2024-12-08 19:58:24,107 - INFO - Validation parameter calculation time: 0:00:00.006214
2024-12-08 19:58:24,108 - INFO - 
Epoch 80/500:
2024-12-08 19:58:24,108 - INFO - Train Loss: 0.1098, Train Acc: 95.87%
2024-12-08 19:58:24,108 - INFO - Val Loss: 0.2693, Val Acc: 91.74%
2024-12-08 19:58:24,109 - INFO - Class 0 Accuracy: 81.33%
2024-12-08 19:58:24,109 - INFO - Class 1 Accuracy: 91.78%
2024-12-08 19:58:24,110 - INFO - Class 2 Accuracy: 90.69%
2024-12-08 19:58:24,111 - INFO - Class 3 Accuracy: 92.88%
2024-12-08 19:58:24,111 - INFO - Class 4 Accuracy: 95.93%
2024-12-08 19:58:24,195 - INFO - Saved checkpoint at epoch 80
2024-12-08 19:58:24,196 - INFO - Total samples is: <torch.utils.data.dataloader.DataLoader object at 0x000001BDED7D2FC0>
2024-12-08 20:12:33,107 - INFO - Validation parameter calculation time: 0:00:00.005524
2024-12-08 20:12:33,108 - INFO - 
Epoch 81/500:
2024-12-08 20:12:33,108 - INFO - Train Loss: 0.1136, Train Acc: 95.84%
2024-12-08 20:12:33,108 - INFO - Val Loss: 0.3031, Val Acc: 90.78%
2024-12-08 20:12:33,109 - INFO - Class 0 Accuracy: 84.28%
2024-12-08 20:12:33,109 - INFO - Class 1 Accuracy: 88.31%
2024-12-08 20:12:33,110 - INFO - Class 2 Accuracy: 89.39%
2024-12-08 20:12:33,110 - INFO - Class 3 Accuracy: 94.28%
2024-12-08 20:12:33,110 - INFO - Class 4 Accuracy: 95.70%
2024-12-08 20:12:33,204 - INFO - Saved checkpoint at epoch 81
2024-12-08 20:12:33,204 - INFO - Total samples is: <torch.utils.data.dataloader.DataLoader object at 0x000001BDED7D2FC0>
2024-12-08 20:26:42,607 - INFO - Validation parameter calculation time: 0:00:00.006506
2024-12-08 20:26:42,607 - INFO - 
Epoch 82/500:
2024-12-08 20:26:42,607 - INFO - Train Loss: 0.1091, Train Acc: 95.91%
2024-12-08 20:26:42,607 - INFO - Val Loss: 0.2872, Val Acc: 90.96%
2024-12-08 20:26:42,608 - INFO - Class 0 Accuracy: 84.94%
2024-12-08 20:26:42,608 - INFO - Class 1 Accuracy: 88.51%
2024-12-08 20:26:42,609 - INFO - Class 2 Accuracy: 90.36%
2024-12-08 20:26:42,609 - INFO - Class 3 Accuracy: 94.46%
2024-12-08 20:26:42,610 - INFO - Class 4 Accuracy: 95.40%
2024-12-08 20:26:42,694 - INFO - Saved checkpoint at epoch 82
2024-12-08 20:26:42,695 - INFO - Total samples is: <torch.utils.data.dataloader.DataLoader object at 0x000001BDED7D2FC0>
2024-12-08 20:40:54,733 - INFO - Validation parameter calculation time: 0:00:00.006586
2024-12-08 20:40:54,733 - INFO - 
Epoch 83/500:
2024-12-08 20:40:54,733 - INFO - Train Loss: 0.1106, Train Acc: 95.88%
2024-12-08 20:40:54,733 - INFO - Val Loss: 0.2672, Val Acc: 91.78%
2024-12-08 20:40:54,734 - INFO - Class 0 Accuracy: 83.50%
2024-12-08 20:40:54,734 - INFO - Class 1 Accuracy: 91.51%
2024-12-08 20:40:54,735 - INFO - Class 2 Accuracy: 90.27%
2024-12-08 20:40:54,736 - INFO - Class 3 Accuracy: 92.86%
2024-12-08 20:40:54,737 - INFO - Class 4 Accuracy: 95.61%
2024-12-08 20:40:54,823 - INFO - Saved checkpoint at epoch 83
2024-12-08 20:40:54,824 - INFO - Total samples is: <torch.utils.data.dataloader.DataLoader object at 0x000001BDED7D2FC0>
2024-12-08 20:55:06,981 - INFO - Validation parameter calculation time: 0:00:00.006511
2024-12-08 20:55:06,981 - INFO - 
Epoch 84/500:
2024-12-08 20:55:06,981 - INFO - Train Loss: 0.1090, Train Acc: 95.90%
2024-12-08 20:55:06,981 - INFO - Val Loss: 0.2457, Val Acc: 92.18%
2024-12-08 20:55:06,982 - INFO - Class 0 Accuracy: 82.83%
2024-12-08 20:55:06,982 - INFO - Class 1 Accuracy: 92.80%
2024-12-08 20:55:06,983 - INFO - Class 2 Accuracy: 91.06%
2024-12-08 20:55:06,984 - INFO - Class 3 Accuracy: 93.75%
2024-12-08 20:55:06,984 - INFO - Class 4 Accuracy: 95.39%
2024-12-08 20:55:07,067 - INFO - Saved best model with accuracy: 92.18%
2024-12-08 20:55:07,148 - INFO - Saved checkpoint at epoch 84
2024-12-08 20:55:07,149 - INFO - Total samples is: <torch.utils.data.dataloader.DataLoader object at 0x000001BDED7D2FC0>
2024-12-08 21:09:17,734 - INFO - Validation parameter calculation time: 0:00:00.006525
2024-12-08 21:09:17,734 - INFO - 
Epoch 85/500:
2024-12-08 21:09:17,734 - INFO - Train Loss: 0.1094, Train Acc: 95.89%
2024-12-08 21:09:17,734 - INFO - Val Loss: 0.2760, Val Acc: 91.35%
2024-12-08 21:09:17,735 - INFO - Class 0 Accuracy: 85.88%
2024-12-08 21:09:17,736 - INFO - Class 1 Accuracy: 89.82%
2024-12-08 21:09:17,736 - INFO - Class 2 Accuracy: 89.68%
2024-12-08 21:09:17,737 - INFO - Class 3 Accuracy: 93.99%
2024-12-08 21:09:17,737 - INFO - Class 4 Accuracy: 95.22%
2024-12-08 21:09:17,817 - INFO - Saved checkpoint at epoch 85
2024-12-08 21:09:17,817 - INFO - Total samples is: <torch.utils.data.dataloader.DataLoader object at 0x000001BDED7D2FC0>
2024-12-08 21:23:32,838 - INFO - Validation parameter calculation time: 0:00:00.006022
2024-12-08 21:23:32,839 - INFO - 
Epoch 86/500:
2024-12-08 21:23:32,839 - INFO - Train Loss: 0.1121, Train Acc: 95.88%
2024-12-08 21:23:32,839 - INFO - Val Loss: 0.3328, Val Acc: 90.10%
2024-12-08 21:23:32,840 - INFO - Class 0 Accuracy: 83.24%
2024-12-08 21:23:32,840 - INFO - Class 1 Accuracy: 86.57%
2024-12-08 21:23:32,841 - INFO - Class 2 Accuracy: 88.35%
2024-12-08 21:23:32,841 - INFO - Class 3 Accuracy: 94.30%
2024-12-08 21:23:32,841 - INFO - Class 4 Accuracy: 96.22%
2024-12-08 21:23:32,926 - INFO - Saved checkpoint at epoch 86
2024-12-08 21:23:32,927 - INFO - Total samples is: <torch.utils.data.dataloader.DataLoader object at 0x000001BDED7D2FC0>
2024-12-08 21:37:41,153 - INFO - Validation parameter calculation time: 0:00:00.006525
2024-12-08 21:37:41,153 - INFO - 
Epoch 87/500:
2024-12-08 21:37:41,153 - INFO - Train Loss: 0.1089, Train Acc: 95.91%
2024-12-08 21:37:41,153 - INFO - Val Loss: 0.2688, Val Acc: 91.63%
2024-12-08 21:37:41,154 - INFO - Class 0 Accuracy: 84.06%
2024-12-08 21:37:41,154 - INFO - Class 1 Accuracy: 90.43%
2024-12-08 21:37:41,155 - INFO - Class 2 Accuracy: 90.82%
2024-12-08 21:37:41,155 - INFO - Class 3 Accuracy: 94.79%
2024-12-08 21:37:41,156 - INFO - Class 4 Accuracy: 95.61%
2024-12-08 21:37:41,235 - INFO - Saved checkpoint at epoch 87
2024-12-08 21:37:41,237 - INFO - Total samples is: <torch.utils.data.dataloader.DataLoader object at 0x000001BDED7D2FC0>
2024-12-08 21:51:48,928 - INFO - Validation parameter calculation time: 0:00:00.007581
2024-12-08 21:51:48,929 - INFO - 
Epoch 88/500:
2024-12-08 21:51:48,929 - INFO - Train Loss: 0.1095, Train Acc: 95.88%
2024-12-08 21:51:48,929 - INFO - Val Loss: 0.2826, Val Acc: 91.10%
2024-12-08 21:51:48,930 - INFO - Class 0 Accuracy: 83.30%
2024-12-08 21:51:48,930 - INFO - Class 1 Accuracy: 89.39%
2024-12-08 21:51:48,931 - INFO - Class 2 Accuracy: 90.25%
2024-12-08 21:51:48,931 - INFO - Class 3 Accuracy: 94.38%
2024-12-08 21:51:48,932 - INFO - Class 4 Accuracy: 95.64%
2024-12-08 21:51:49,014 - INFO - Saved checkpoint at epoch 88
2024-12-08 21:51:49,015 - INFO - Total samples is: <torch.utils.data.dataloader.DataLoader object at 0x000001BDED7D2FC0>
2024-12-08 22:05:53,027 - INFO - Validation parameter calculation time: 0:00:00.006508
2024-12-08 22:05:53,028 - INFO - 
Epoch 89/500:
2024-12-08 22:05:53,028 - INFO - Train Loss: 0.1086, Train Acc: 95.93%
2024-12-08 22:05:53,028 - INFO - Val Loss: 0.2967, Val Acc: 90.88%
2024-12-08 22:05:53,028 - INFO - Class 0 Accuracy: 86.75%
2024-12-08 22:05:53,029 - INFO - Class 1 Accuracy: 88.15%
2024-12-08 22:05:53,030 - INFO - Class 2 Accuracy: 89.77%
2024-12-08 22:05:53,031 - INFO - Class 3 Accuracy: 94.28%
2024-12-08 22:05:53,031 - INFO - Class 4 Accuracy: 95.06%
2024-12-08 22:05:53,111 - INFO - Saved checkpoint at epoch 89
2024-12-08 22:05:53,112 - INFO - Total samples is: <torch.utils.data.dataloader.DataLoader object at 0x000001BDED7D2FC0>
2024-12-08 22:19:57,197 - INFO - Validation parameter calculation time: 0:00:00.006032
2024-12-08 22:19:57,198 - INFO - 
Epoch 90/500:
2024-12-08 22:19:57,198 - INFO - Train Loss: 0.1094, Train Acc: 95.89%
2024-12-08 22:19:57,198 - INFO - Val Loss: 0.2505, Val Acc: 92.04%
2024-12-08 22:19:57,198 - INFO - Class 0 Accuracy: 81.27%
2024-12-08 22:19:57,199 - INFO - Class 1 Accuracy: 92.55%
2024-12-08 22:19:57,199 - INFO - Class 2 Accuracy: 91.02%
2024-12-08 22:19:57,200 - INFO - Class 3 Accuracy: 94.39%
2024-12-08 22:19:57,200 - INFO - Class 4 Accuracy: 95.80%
2024-12-08 22:19:57,286 - INFO - Saved checkpoint at epoch 90
2024-12-08 22:19:57,288 - INFO - Total samples is: <torch.utils.data.dataloader.DataLoader object at 0x000001BDED7D2FC0>
2024-12-08 22:34:13,275 - INFO - Validation parameter calculation time: 0:00:00.006538
2024-12-08 22:34:13,276 - INFO - 
Epoch 91/500:
2024-12-08 22:34:13,276 - INFO - Train Loss: 0.1097, Train Acc: 95.88%
2024-12-08 22:34:13,276 - INFO - Val Loss: 0.2769, Val Acc: 91.19%
2024-12-08 22:34:13,277 - INFO - Class 0 Accuracy: 84.38%
2024-12-08 22:34:13,278 - INFO - Class 1 Accuracy: 89.26%
2024-12-08 22:34:13,278 - INFO - Class 2 Accuracy: 90.48%
2024-12-08 22:34:13,279 - INFO - Class 3 Accuracy: 94.73%
2024-12-08 22:34:13,280 - INFO - Class 4 Accuracy: 95.48%
2024-12-08 22:34:13,380 - INFO - Saved checkpoint at epoch 91
2024-12-08 22:34:13,381 - INFO - Total samples is: <torch.utils.data.dataloader.DataLoader object at 0x000001BDED7D2FC0>
2024-12-08 22:48:49,382 - INFO - Validation parameter calculation time: 0:00:00.006088
2024-12-08 22:48:49,383 - INFO - 
Epoch 92/500:
2024-12-08 22:48:49,383 - INFO - Train Loss: 0.1088, Train Acc: 95.92%
2024-12-08 22:48:49,383 - INFO - Val Loss: 0.2808, Val Acc: 91.11%
2024-12-08 22:48:49,383 - INFO - Class 0 Accuracy: 83.52%
2024-12-08 22:48:49,384 - INFO - Class 1 Accuracy: 89.42%
2024-12-08 22:48:49,384 - INFO - Class 2 Accuracy: 90.38%
2024-12-08 22:48:49,384 - INFO - Class 3 Accuracy: 94.16%
2024-12-08 22:48:49,385 - INFO - Class 4 Accuracy: 95.53%
2024-12-08 22:48:49,475 - INFO - Saved checkpoint at epoch 92
2024-12-08 22:48:49,475 - INFO - Total samples is: <torch.utils.data.dataloader.DataLoader object at 0x000001BDED7D2FC0>
