2024-11-20 16:27:01,605 - INFO - Training configuration:
2024-11-20 16:27:01,605 - INFO - num_points: 4096
2024-11-20 16:27:01,605 - INFO - chunk_size: 4096
2024-11-20 16:27:01,605 - INFO - overlap: 2048
2024-11-20 16:27:01,605 - INFO - batch_size: 64
2024-11-20 16:27:01,605 - INFO - num_workers: 12
2024-11-20 16:27:01,605 - INFO - learning_rate: 0.001
2024-11-20 16:27:01,605 - INFO - num_classes: 5
2024-11-20 16:27:01,605 - INFO - num_epochs: 500
2024-11-20 16:27:01,605 - INFO - device: cuda
2024-11-20 16:27:01,605 - INFO - Using device: cuda
2024-11-20 16:27:01,606 - INFO - 开始预加载数据到内存...
2024-11-20 16:27:09,767 - INFO - 数据预加载完成，共 46653 个数据块
2024-11-20 16:27:09,767 - INFO - 有效标签: [0, 1, 2, 3, 4]
2024-11-20 16:27:09,810 - INFO - reading train data
2024-11-20 16:27:09,810 - INFO - 开始预加载数据到内存...
2024-11-20 16:27:12,002 - INFO - 数据预加载完成，共 7300 个数据块
2024-11-20 16:27:12,002 - INFO - 有效标签: [0, 1, 2, 3, 4]
2024-11-20 16:27:12,098 - INFO - 验证集创建完成，使用 1460 个数据块 (总共 7300 个的 20.0%)
2024-11-20 16:27:12,098 - INFO - 有效标签: [0, 1, 2, 3, 4]
2024-11-20 16:27:12,098 - INFO - reading val data
2024-11-20 16:27:12,098 - INFO - Train dataset size: 46653
2024-11-20 16:27:12,098 - INFO - Val dataset size: 1460
2024-11-20 16:27:12,635 - INFO - Total samples is: <torch.utils.data.dataloader.DataLoader object at 0x0000020A887D1670>
