2024-11-23 03:19:53,008 - INFO - Training configuration:
2024-11-23 03:19:53,009 - INFO - num_points: 8192
2024-11-23 03:19:53,009 - INFO - chunk_size: 4096
2024-11-23 03:19:53,009 - INFO - overlap: 1024
2024-11-23 03:19:53,009 - INFO - batch_size: 64
2024-11-23 03:19:53,009 - INFO - num_workers: 0
2024-11-23 03:19:53,009 - INFO - learning_rate: 0.001
2024-11-23 03:19:53,009 - INFO - num_classes: 5
2024-11-23 03:19:53,009 - INFO - num_epochs: 500
2024-11-23 03:19:53,009 - INFO - device: cuda
2024-11-23 03:19:53,009 - INFO - Using device: cuda
2024-11-23 03:19:53,009 - INFO - Found 6 las files:
2024-11-23 03:19:53,009 - INFO - Loading data/fukushima/onepart/train/bridge-3.las
2024-11-23 03:19:53,441 - INFO - Loaded 16239683 points from bridge-3.las
2024-11-23 03:19:53,450 - INFO - Processing data - Points: (16239683, 3), Colors: (16239683, 3), Labels: (16239683,)
2024-11-23 03:20:04,157 - INFO - Created 6124 blocks
2024-11-23 03:20:04,317 - INFO - Loading data/fukushima/onepart/train/bridge-4.las
2024-11-23 03:20:04,640 - INFO - Loaded 12134787 points from bridge-4.las
2024-11-23 03:20:04,665 - INFO - Processing data - Points: (12134787, 3), Colors: (12134787, 3), Labels: (12134787,)
2024-11-23 03:20:12,635 - INFO - Created 4576 blocks
2024-11-23 03:20:12,754 - INFO - Loading data/fukushima/onepart/train/bridge-5.las
2024-11-23 03:20:13,008 - INFO - Loaded 8373599 points from bridge-5.las
2024-11-23 03:20:13,026 - INFO - Processing data - Points: (8373599, 3), Colors: (8373599, 3), Labels: (8373599,)
2024-11-23 03:20:18,787 - INFO - Created 9118 blocks
2024-11-23 03:20:18,903 - INFO - Loading data/fukushima/onepart/train/bridge-6.las
2024-11-23 03:20:19,255 - INFO - Loaded 12716121 points from bridge-6.las
2024-11-23 03:20:19,271 - INFO - Processing data - Points: (12716121, 3), Colors: (12716121, 3), Labels: (12716121,)
2024-11-23 03:20:27,967 - INFO - Created 5851 blocks
2024-11-23 03:20:28,098 - INFO - Loading data/fukushima/onepart/train/bridge-8.las
2024-11-23 03:20:28,631 - INFO - Loaded 20025746 points from bridge-8.las
2024-11-23 03:20:28,655 - INFO - Processing data - Points: (20025746, 3), Colors: (20025746, 3), Labels: (20025746,)
2024-11-23 03:20:41,798 - INFO - Created 4995 blocks
2024-11-23 03:20:41,993 - INFO - Loading data/fukushima/onepart/train/bridge-9.las
2024-11-23 03:20:42,687 - INFO - Loaded 26071676 points from bridge-9.las
2024-11-23 03:20:42,722 - INFO - Processing data - Points: (26071676, 3), Colors: (26071676, 3), Labels: (26071676,)
2024-11-23 03:21:01,801 - INFO - Created 7946 blocks
2024-11-23 03:21:02,117 - INFO - Total blocks created: 38610
2024-11-23 03:21:02,144 - INFO - reading train data
2024-11-23 03:21:02,144 - INFO - Found 1 las files:
2024-11-23 03:21:02,144 - INFO - Loading data/fukushima/onepart/val/bridge-7.las
2024-11-23 03:21:02,552 - INFO - Loaded 15021376 points from bridge-7.las
2024-11-23 03:21:02,561 - INFO - Processing data - Points: (15021376, 3), Colors: (15021376, 3), Labels: (15021376,)
2024-11-23 03:21:12,432 - INFO - Created 2213 blocks
2024-11-23 03:21:12,575 - INFO - Total blocks created: 2213
2024-11-23 03:21:12,590 - INFO - reading val data
2024-11-23 03:21:12,590 - INFO - Train dataset size: 38610
2024-11-23 03:21:12,590 - INFO - Val dataset size: 2213
2024-11-23 03:21:13,349 - INFO - Total samples is: <torch.utils.data.dataloader.DataLoader object at 0x0000014D122002F0>
