2024-11-22 19:42:31,479 - INFO - Training configuration:
2024-11-22 19:42:31,479 - INFO - num_points: 4096
2024-11-22 19:42:31,479 - INFO - chunk_size: 4096
2024-11-22 19:42:31,479 - INFO - overlap: 1024
2024-11-22 19:42:31,479 - INFO - batch_size: 64
2024-11-22 19:42:31,479 - INFO - num_workers: 0
2024-11-22 19:42:31,479 - INFO - learning_rate: 0.001
2024-11-22 19:42:31,479 - INFO - num_classes: 5
2024-11-22 19:42:31,479 - INFO - num_epochs: 500
2024-11-22 19:42:31,479 - INFO - device: cuda
2024-11-22 19:42:31,480 - INFO - Using device: cuda
2024-11-22 19:42:31,480 - INFO - Found 6 las files:
2024-11-22 19:42:31,480 - INFO - Loading data/fukushima/onepart/train/bridge-3.las
2024-11-22 19:42:31,915 - INFO - Loaded 16239683 points from bridge-3.las
2024-11-22 19:42:32,204 - INFO - Processing data - Points: (16239683, 3), Colors: (16239683, 3), Labels: (16239683,)
2024-11-22 19:42:42,197 - INFO - Created 15 blocks
2024-11-22 19:42:42,305 - INFO - Loading data/fukushima/onepart/train/bridge-4.las
2024-11-22 19:42:42,628 - INFO - Loaded 12134787 points from bridge-4.las
2024-11-22 19:42:42,860 - INFO - Processing data - Points: (12134787, 3), Colors: (12134787, 3), Labels: (12134787,)
2024-11-22 19:42:50,350 - INFO - Created 30 blocks
2024-11-22 19:42:50,427 - INFO - Loading data/fukushima/onepart/train/bridge-5.las
2024-11-22 19:42:50,652 - INFO - Loaded 8373599 points from bridge-5.las
2024-11-22 19:42:50,814 - INFO - Processing data - Points: (8373599, 3), Colors: (8373599, 3), Labels: (8373599,)
2024-11-22 19:42:55,950 - INFO - Created 45 blocks
2024-11-22 19:42:56,001 - INFO - Loading data/fukushima/onepart/train/bridge-6.las
2024-11-22 19:42:56,380 - INFO - Loaded 12716121 points from bridge-6.las
2024-11-22 19:42:56,616 - INFO - Processing data - Points: (12716121, 3), Colors: (12716121, 3), Labels: (12716121,)
2024-11-22 19:43:04,433 - INFO - Created 22 blocks
2024-11-22 19:43:04,508 - INFO - Loading data/fukushima/onepart/train/bridge-8.las
2024-11-22 19:43:05,045 - INFO - Loaded 20025746 points from bridge-8.las
2024-11-22 19:43:05,582 - INFO - Processing data - Points: (20025746, 3), Colors: (20025746, 3), Labels: (20025746,)
2024-11-22 19:43:17,941 - INFO - Created 37 blocks
2024-11-22 19:43:18,058 - INFO - Loading data/fukushima/onepart/train/bridge-9.las
2024-11-22 19:43:19,343 - INFO - Loaded 26071676 points from bridge-9.las
2024-11-22 19:43:20,059 - INFO - Processing data - Points: (26071676, 3), Colors: (26071676, 3), Labels: (26071676,)
2024-11-22 19:43:36,247 - INFO - Created 17 blocks
2024-11-22 19:43:36,413 - INFO - Total blocks created: 166
2024-11-22 19:43:36,439 - INFO - reading train data
2024-11-22 19:43:36,440 - INFO - Found 1 las files:
2024-11-22 19:43:36,440 - INFO - Loading data/fukushima/onepart/val/bridge-7.las
2024-11-22 19:43:37,132 - INFO - Loaded 15021376 points from bridge-7.las
2024-11-22 19:43:37,544 - INFO - Processing data - Points: (15021376, 3), Colors: (15021376, 3), Labels: (15021376,)
2024-11-22 19:43:46,662 - INFO - Created 9 blocks
2024-11-22 19:43:46,741 - INFO - Total blocks created: 9
2024-11-22 19:43:46,757 - INFO - reading val data
2024-11-22 19:43:46,757 - INFO - Train dataset size: 166
2024-11-22 19:43:46,757 - INFO - Val dataset size: 9
2024-11-22 19:43:47,542 - INFO - Total samples is: <torch.utils.data.dataloader.DataLoader object at 0x000001CB9FEECC50>
2024-11-22 19:43:54,969 - INFO - Mean IoU: 14.76%
2024-11-22 19:43:54,969 - INFO - Class 0 IoU: 0.00%
2024-11-22 19:43:54,969 - INFO - Class 1 IoU: 0.00%
2024-11-22 19:43:54,969 - INFO - Class 2 IoU: 0.00%
2024-11-22 19:43:54,969 - INFO - Class 3 IoU: 0.00%
2024-11-22 19:43:54,970 - INFO - Class 4 IoU: 73.79%
2024-11-22 19:43:54,970 - INFO - 
Epoch 1/500:
2024-11-22 19:43:54,970 - INFO - Train Loss: 1.6057, Train Acc: 28.42%
2024-11-22 19:43:54,970 - INFO - Val Loss: 1.5302, Val Acc: 73.79%
2024-11-22 19:43:54,970 - INFO - Class 0 Accuracy: 0.00%
2024-11-22 19:43:54,970 - INFO - Class 1 Accuracy: 0.00%
2024-11-22 19:43:54,971 - INFO - Class 2 Accuracy: 0.00%
2024-11-22 19:43:54,971 - INFO - Class 3 Accuracy: 0.00%
2024-11-22 19:43:54,971 - INFO - Class 4 Accuracy: 100.00%
2024-11-22 19:43:54,991 - INFO - Saved best model with accuracy: 73.79%
2024-11-22 19:43:55,009 - INFO - Total samples is: <torch.utils.data.dataloader.DataLoader object at 0x000001CB9FEECC50>
2024-11-22 19:44:02,624 - INFO - Mean IoU: 14.61%
2024-11-22 19:44:02,625 - INFO - Class 0 IoU: 0.00%
2024-11-22 19:44:02,625 - INFO - Class 1 IoU: 0.00%
2024-11-22 19:44:02,625 - INFO - Class 2 IoU: 0.00%
2024-11-22 19:44:02,625 - INFO - Class 3 IoU: 0.00%
2024-11-22 19:44:02,625 - INFO - Class 4 IoU: 73.05%
2024-11-22 19:44:02,625 - INFO - 
Epoch 2/500:
2024-11-22 19:44:02,625 - INFO - Train Loss: 1.3228, Train Acc: 52.30%
2024-11-22 19:44:02,625 - INFO - Val Loss: 1.5029, Val Acc: 73.05%
2024-11-22 19:44:02,625 - INFO - Class 0 Accuracy: 0.00%
2024-11-22 19:44:02,625 - INFO - Class 1 Accuracy: 0.00%
2024-11-22 19:44:02,626 - INFO - Class 2 Accuracy: 0.00%
2024-11-22 19:44:02,626 - INFO - Class 3 Accuracy: 0.00%
2024-11-22 19:44:02,626 - INFO - Class 4 Accuracy: 100.00%
2024-11-22 19:44:02,645 - INFO - Total samples is: <torch.utils.data.dataloader.DataLoader object at 0x000001CB9FEECC50>
