2024-12-07 01:56:18,151 - INFO - Training configuration:
2024-12-07 01:56:18,152 - INFO - num_points: 4096
2024-12-07 01:56:18,152 - INFO - chunk_size: 4096
2024-12-07 01:56:18,152 - INFO - overlap: 1024
2024-12-07 01:56:18,152 - INFO - batch_size: 16
2024-12-07 01:56:18,152 - INFO - num_workers: 0
2024-12-07 01:56:18,152 - INFO - learning_rate: 0.001
2024-12-07 01:56:18,152 - INFO - num_classes: 4
2024-12-07 01:56:18,152 - INFO - num_epochs: 500
2024-12-07 01:56:18,152 - INFO - device: cuda
2024-12-07 01:56:18,152 - INFO - Using device: cuda
2024-12-07 01:56:19,556 - INFO - Loading dataset from cache: data/CB/4class/train//cache\dataset_cache_points4096_size1.0_rate0.4_transformTrue_hashf3911720.pt
2024-12-07 02:34:44,849 - INFO - Successfully loaded 57006 blocks from cache
2024-12-07 02:34:44,850 - INFO - reading train data
2024-12-07 02:34:44,853 - INFO - Loading dataset from cache: data/CB/4class/val//cache\dataset_cache_points4096_size1.0_rate0.4_transformFalse_hasha35151fa.pt
2024-12-07 02:55:56,315 - INFO - Successfully loaded 4140 blocks from cache
2024-12-07 02:55:56,317 - INFO - reading val data
2024-12-07 02:55:56,317 - INFO - Train dataset size: 57006
2024-12-07 02:55:56,318 - INFO - Val dataset size: 4140
2024-12-07 02:56:01,918 - INFO - Total samples is: <torch.utils.data.dataloader.DataLoader object at 0x000002638A93E360>
2024-12-07 03:20:21,860 - INFO - Validation parameter calculation time: 0:00:00.006872
2024-12-07 03:20:21,861 - INFO - 
Epoch 1/500:
2024-12-07 03:20:21,861 - INFO - Train Loss: 0.2799, Train Acc: 90.00%
2024-12-07 03:20:21,861 - INFO - Val Loss: 0.5409, Val Acc: 80.60%
2024-12-07 03:20:21,862 - INFO - Class 0 Accuracy: 71.22%
2024-12-07 03:20:21,862 - INFO - Class 1 Accuracy: 77.54%
2024-12-07 03:20:21,863 - INFO - Class 2 Accuracy: 97.53%
2024-12-07 03:20:21,864 - INFO - Class 3 Accuracy: 58.98%
2024-12-07 03:20:21,968 - INFO - Saved best model with accuracy: 80.60%
2024-12-07 03:20:22,062 - INFO - Saved checkpoint at epoch 1
2024-12-07 03:20:22,063 - INFO - Total samples is: <torch.utils.data.dataloader.DataLoader object at 0x000002638A93E360>
2024-12-07 03:44:22,493 - INFO - Validation parameter calculation time: 0:00:00.007164
2024-12-07 03:44:22,493 - INFO - 
Epoch 2/500:
2024-12-07 03:44:22,493 - INFO - Train Loss: 0.1553, Train Acc: 94.59%
2024-12-07 03:44:22,493 - INFO - Val Loss: 0.2586, Val Acc: 91.37%
2024-12-07 03:44:22,494 - INFO - Class 0 Accuracy: 94.23%
2024-12-07 03:44:22,494 - INFO - Class 1 Accuracy: 93.79%
2024-12-07 03:44:22,495 - INFO - Class 2 Accuracy: 88.39%
2024-12-07 03:44:22,495 - INFO - Class 3 Accuracy: 78.84%
2024-12-07 03:44:22,599 - INFO - Saved best model with accuracy: 91.37%
2024-12-07 03:44:22,686 - INFO - Saved checkpoint at epoch 2
2024-12-07 03:44:22,687 - INFO - Total samples is: <torch.utils.data.dataloader.DataLoader object at 0x000002638A93E360>
2024-12-07 04:08:21,814 - INFO - Validation parameter calculation time: 0:00:00.007564
2024-12-07 04:08:21,814 - INFO - 
Epoch 3/500:
2024-12-07 04:08:21,814 - INFO - Train Loss: 0.1332, Train Acc: 95.32%
2024-12-07 04:08:21,814 - INFO - Val Loss: 0.9883, Val Acc: 68.94%
2024-12-07 04:08:21,814 - INFO - Class 0 Accuracy: 55.65%
2024-12-07 04:08:21,816 - INFO - Class 1 Accuracy: 44.75%
2024-12-07 04:08:21,816 - INFO - Class 2 Accuracy: 96.42%
2024-12-07 04:08:21,817 - INFO - Class 3 Accuracy: 38.42%
2024-12-07 04:08:21,920 - INFO - Saved checkpoint at epoch 3
2024-12-07 04:08:21,921 - INFO - Total samples is: <torch.utils.data.dataloader.DataLoader object at 0x000002638A93E360>
2024-12-07 04:32:24,960 - INFO - Validation parameter calculation time: 0:00:00.006508
2024-12-07 04:32:24,961 - INFO - 
Epoch 4/500:
2024-12-07 04:32:24,961 - INFO - Train Loss: 0.1203, Train Acc: 95.76%
2024-12-07 04:32:24,961 - INFO - Val Loss: 0.3334, Val Acc: 87.67%
2024-12-07 04:32:24,961 - INFO - Class 0 Accuracy: 92.55%
2024-12-07 04:32:24,962 - INFO - Class 1 Accuracy: 97.75%
2024-12-07 04:32:24,962 - INFO - Class 2 Accuracy: 81.70%
2024-12-07 04:32:24,963 - INFO - Class 3 Accuracy: 64.71%
2024-12-07 04:32:25,065 - INFO - Saved checkpoint at epoch 4
2024-12-07 04:32:25,067 - INFO - Total samples is: <torch.utils.data.dataloader.DataLoader object at 0x000002638A93E360>
2024-12-07 04:56:22,306 - INFO - Validation parameter calculation time: 0:00:00.007010
2024-12-07 04:56:22,306 - INFO - 
Epoch 5/500:
2024-12-07 04:56:22,306 - INFO - Train Loss: 0.1120, Train Acc: 96.07%
2024-12-07 04:56:22,307 - INFO - Val Loss: 0.2627, Val Acc: 90.65%
2024-12-07 04:56:22,307 - INFO - Class 0 Accuracy: 89.20%
2024-12-07 04:56:22,307 - INFO - Class 1 Accuracy: 91.60%
2024-12-07 04:56:22,308 - INFO - Class 2 Accuracy: 94.42%
2024-12-07 04:56:22,308 - INFO - Class 3 Accuracy: 76.39%
2024-12-07 04:56:22,407 - INFO - Saved checkpoint at epoch 5
2024-12-07 04:56:22,407 - INFO - Total samples is: <torch.utils.data.dataloader.DataLoader object at 0x000002638A93E360>
2024-12-07 05:20:21,390 - INFO - Validation parameter calculation time: 0:00:00.006772
2024-12-07 05:20:21,390 - INFO - 
Epoch 6/500:
2024-12-07 05:20:21,390 - INFO - Train Loss: 0.1046, Train Acc: 96.28%
2024-12-07 05:20:21,390 - INFO - Val Loss: 0.2968, Val Acc: 90.14%
2024-12-07 05:20:21,391 - INFO - Class 0 Accuracy: 95.89%
2024-12-07 05:20:21,391 - INFO - Class 1 Accuracy: 92.10%
2024-12-07 05:20:21,391 - INFO - Class 2 Accuracy: 84.39%
2024-12-07 05:20:21,392 - INFO - Class 3 Accuracy: 67.34%
2024-12-07 05:20:21,488 - INFO - Saved checkpoint at epoch 6
2024-12-07 05:20:21,490 - INFO - Total samples is: <torch.utils.data.dataloader.DataLoader object at 0x000002638A93E360>
2024-12-07 05:44:20,765 - INFO - Validation parameter calculation time: 0:00:00.006519
2024-12-07 05:44:20,765 - INFO - 
Epoch 7/500:
2024-12-07 05:44:20,765 - INFO - Train Loss: 0.1014, Train Acc: 96.41%
2024-12-07 05:44:20,765 - INFO - Val Loss: 0.2394, Val Acc: 91.95%
2024-12-07 05:44:20,765 - INFO - Class 0 Accuracy: 92.11%
2024-12-07 05:44:20,766 - INFO - Class 1 Accuracy: 96.72%
2024-12-07 05:44:20,766 - INFO - Class 2 Accuracy: 91.37%
2024-12-07 05:44:20,767 - INFO - Class 3 Accuracy: 88.11%
2024-12-07 05:44:20,864 - INFO - Saved best model with accuracy: 91.95%
2024-12-07 05:44:20,955 - INFO - Saved checkpoint at epoch 7
2024-12-07 05:44:20,956 - INFO - Total samples is: <torch.utils.data.dataloader.DataLoader object at 0x000002638A93E360>
2024-12-07 06:08:20,125 - INFO - Validation parameter calculation time: 0:00:00.006591
2024-12-07 06:08:20,126 - INFO - 
Epoch 8/500:
2024-12-07 06:08:20,126 - INFO - Train Loss: 0.0964, Train Acc: 96.61%
2024-12-07 06:08:20,126 - INFO - Val Loss: 0.2219, Val Acc: 92.18%
2024-12-07 06:08:20,126 - INFO - Class 0 Accuracy: 92.59%
2024-12-07 06:08:20,127 - INFO - Class 1 Accuracy: 93.92%
2024-12-07 06:08:20,127 - INFO - Class 2 Accuracy: 92.84%
2024-12-07 06:08:20,129 - INFO - Class 3 Accuracy: 79.82%
2024-12-07 06:08:20,232 - INFO - Saved best model with accuracy: 92.18%
2024-12-07 06:08:20,332 - INFO - Saved checkpoint at epoch 8
2024-12-07 06:08:20,333 - INFO - Total samples is: <torch.utils.data.dataloader.DataLoader object at 0x000002638A93E360>
2024-12-07 06:32:17,398 - INFO - Validation parameter calculation time: 0:00:00.006527
2024-12-07 06:32:17,398 - INFO - 
Epoch 9/500:
2024-12-07 06:32:17,398 - INFO - Train Loss: 0.0943, Train Acc: 96.65%
2024-12-07 06:32:17,398 - INFO - Val Loss: 0.2703, Val Acc: 90.72%
2024-12-07 06:32:17,399 - INFO - Class 0 Accuracy: 92.34%
2024-12-07 06:32:17,399 - INFO - Class 1 Accuracy: 96.28%
2024-12-07 06:32:17,400 - INFO - Class 2 Accuracy: 87.86%
2024-12-07 06:32:17,401 - INFO - Class 3 Accuracy: 86.95%
2024-12-07 06:32:17,497 - INFO - Saved checkpoint at epoch 9
2024-12-07 06:32:17,497 - INFO - Total samples is: <torch.utils.data.dataloader.DataLoader object at 0x000002638A93E360>
2024-12-07 06:56:24,750 - INFO - Validation parameter calculation time: 0:00:00.006533
2024-12-07 06:56:24,750 - INFO - 
Epoch 10/500:
2024-12-07 06:56:24,750 - INFO - Train Loss: 0.0913, Train Acc: 96.77%
2024-12-07 06:56:24,750 - INFO - Val Loss: 0.2588, Val Acc: 91.33%
2024-12-07 06:56:24,751 - INFO - Class 0 Accuracy: 92.92%
2024-12-07 06:56:24,751 - INFO - Class 1 Accuracy: 97.78%
2024-12-07 06:56:24,753 - INFO - Class 2 Accuracy: 89.00%
2024-12-07 06:56:24,753 - INFO - Class 3 Accuracy: 82.36%
2024-12-07 06:56:24,857 - INFO - Saved checkpoint at epoch 10
2024-12-07 06:56:24,857 - INFO - Total samples is: <torch.utils.data.dataloader.DataLoader object at 0x000002638A93E360>
2024-12-07 07:20:21,747 - INFO - Validation parameter calculation time: 0:00:00.006519
2024-12-07 07:20:21,748 - INFO - 
Epoch 11/500:
2024-12-07 07:20:21,748 - INFO - Train Loss: 0.0893, Train Acc: 96.84%
2024-12-07 07:20:21,748 - INFO - Val Loss: 0.2427, Val Acc: 91.42%
2024-12-07 07:20:21,749 - INFO - Class 0 Accuracy: 92.60%
2024-12-07 07:20:21,750 - INFO - Class 1 Accuracy: 96.58%
2024-12-07 07:20:21,750 - INFO - Class 2 Accuracy: 89.42%
2024-12-07 07:20:21,751 - INFO - Class 3 Accuracy: 86.46%
2024-12-07 07:20:21,848 - INFO - Saved checkpoint at epoch 11
2024-12-07 07:20:21,849 - INFO - Total samples is: <torch.utils.data.dataloader.DataLoader object at 0x000002638A93E360>
2024-12-07 07:44:19,087 - INFO - Validation parameter calculation time: 0:00:00.007023
2024-12-07 07:44:19,087 - INFO - 
Epoch 12/500:
2024-12-07 07:44:19,087 - INFO - Train Loss: 0.0869, Train Acc: 96.89%
2024-12-07 07:44:19,087 - INFO - Val Loss: 0.2126, Val Acc: 92.58%
2024-12-07 07:44:19,088 - INFO - Class 0 Accuracy: 93.70%
2024-12-07 07:44:19,088 - INFO - Class 1 Accuracy: 97.37%
2024-12-07 07:44:19,089 - INFO - Class 2 Accuracy: 91.54%
2024-12-07 07:44:19,089 - INFO - Class 3 Accuracy: 81.21%
2024-12-07 07:44:19,185 - INFO - Saved best model with accuracy: 92.58%
2024-12-07 07:44:19,272 - INFO - Saved checkpoint at epoch 12
2024-12-07 07:44:19,273 - INFO - Total samples is: <torch.utils.data.dataloader.DataLoader object at 0x000002638A93E360>
2024-12-07 08:08:17,131 - INFO - Validation parameter calculation time: 0:00:00.006523
2024-12-07 08:08:17,131 - INFO - 
Epoch 13/500:
2024-12-07 08:08:17,131 - INFO - Train Loss: 0.0858, Train Acc: 97.03%
2024-12-07 08:08:17,131 - INFO - Val Loss: 0.2708, Val Acc: 90.45%
2024-12-07 08:08:17,132 - INFO - Class 0 Accuracy: 90.92%
2024-12-07 08:08:17,132 - INFO - Class 1 Accuracy: 94.55%
2024-12-07 08:08:17,133 - INFO - Class 2 Accuracy: 89.85%
2024-12-07 08:08:17,133 - INFO - Class 3 Accuracy: 83.93%
2024-12-07 08:08:17,231 - INFO - Saved checkpoint at epoch 13
2024-12-07 08:08:17,231 - INFO - Total samples is: <torch.utils.data.dataloader.DataLoader object at 0x000002638A93E360>
2024-12-07 08:32:04,817 - INFO - Validation parameter calculation time: 0:00:00.006018
2024-12-07 08:32:04,817 - INFO - 
Epoch 14/500:
2024-12-07 08:32:04,817 - INFO - Train Loss: 0.0841, Train Acc: 96.99%
2024-12-07 08:32:04,817 - INFO - Val Loss: 0.2528, Val Acc: 91.59%
2024-12-07 08:32:04,818 - INFO - Class 0 Accuracy: 95.98%
2024-12-07 08:32:04,818 - INFO - Class 1 Accuracy: 96.12%
2024-12-07 08:32:04,818 - INFO - Class 2 Accuracy: 86.54%
2024-12-07 08:32:04,819 - INFO - Class 3 Accuracy: 74.98%
2024-12-07 08:32:04,914 - INFO - Saved checkpoint at epoch 14
2024-12-07 08:32:04,915 - INFO - Total samples is: <torch.utils.data.dataloader.DataLoader object at 0x000002638A93E360>
2024-12-07 08:55:56,840 - INFO - Validation parameter calculation time: 0:00:00.006531
2024-12-07 08:55:56,840 - INFO - 
Epoch 15/500:
2024-12-07 08:55:56,841 - INFO - Train Loss: 0.0842, Train Acc: 97.06%
2024-12-07 08:55:56,841 - INFO - Val Loss: 0.2119, Val Acc: 92.86%
2024-12-07 08:55:56,842 - INFO - Class 0 Accuracy: 95.06%
2024-12-07 08:55:56,842 - INFO - Class 1 Accuracy: 97.21%
2024-12-07 08:55:56,842 - INFO - Class 2 Accuracy: 89.81%
2024-12-07 08:55:56,843 - INFO - Class 3 Accuracy: 85.77%
2024-12-07 08:55:56,938 - INFO - Saved best model with accuracy: 92.86%
2024-12-07 08:55:57,028 - INFO - Saved checkpoint at epoch 15
2024-12-07 08:55:57,029 - INFO - Total samples is: <torch.utils.data.dataloader.DataLoader object at 0x000002638A93E360>
2024-12-07 09:19:55,210 - INFO - Validation parameter calculation time: 0:00:00.006018
2024-12-07 09:19:55,211 - INFO - 
Epoch 16/500:
2024-12-07 09:19:55,211 - INFO - Train Loss: 0.0833, Train Acc: 97.02%
2024-12-07 09:19:55,211 - INFO - Val Loss: 0.2504, Val Acc: 91.92%
2024-12-07 09:19:55,211 - INFO - Class 0 Accuracy: 94.32%
2024-12-07 09:19:55,212 - INFO - Class 1 Accuracy: 97.20%
2024-12-07 09:19:55,212 - INFO - Class 2 Accuracy: 89.47%
2024-12-07 09:19:55,213 - INFO - Class 3 Accuracy: 76.53%
2024-12-07 09:19:55,309 - INFO - Saved checkpoint at epoch 16
2024-12-07 09:19:55,310 - INFO - Total samples is: <torch.utils.data.dataloader.DataLoader object at 0x000002638A93E360>
2024-12-07 09:43:52,838 - INFO - Validation parameter calculation time: 0:00:00.007024
2024-12-07 09:43:52,838 - INFO - 
Epoch 17/500:
2024-12-07 09:43:52,838 - INFO - Train Loss: 0.0819, Train Acc: 97.08%
2024-12-07 09:43:52,838 - INFO - Val Loss: 0.2530, Val Acc: 91.80%
2024-12-07 09:43:52,839 - INFO - Class 0 Accuracy: 93.46%
2024-12-07 09:43:52,839 - INFO - Class 1 Accuracy: 97.84%
2024-12-07 09:43:52,839 - INFO - Class 2 Accuracy: 88.69%
2024-12-07 09:43:52,840 - INFO - Class 3 Accuracy: 88.97%
2024-12-07 09:43:52,935 - INFO - Saved checkpoint at epoch 17
2024-12-07 09:43:52,936 - INFO - Total samples is: <torch.utils.data.dataloader.DataLoader object at 0x000002638A93E360>
2024-12-07 10:07:49,453 - INFO - Validation parameter calculation time: 0:00:00.007028
2024-12-07 10:07:49,453 - INFO - 
Epoch 18/500:
2024-12-07 10:07:49,453 - INFO - Train Loss: 0.0815, Train Acc: 97.12%
2024-12-07 10:07:49,454 - INFO - Val Loss: 0.2341, Val Acc: 92.15%
2024-12-07 10:07:49,454 - INFO - Class 0 Accuracy: 95.03%
2024-12-07 10:07:49,455 - INFO - Class 1 Accuracy: 95.97%
2024-12-07 10:07:49,455 - INFO - Class 2 Accuracy: 88.69%
2024-12-07 10:07:49,455 - INFO - Class 3 Accuracy: 81.03%
2024-12-07 10:07:49,562 - INFO - Saved checkpoint at epoch 18
2024-12-07 10:07:49,562 - INFO - Total samples is: <torch.utils.data.dataloader.DataLoader object at 0x000002638A93E360>
2024-12-07 10:31:55,584 - INFO - Validation parameter calculation time: 0:00:00.007015
2024-12-07 10:31:55,585 - INFO - 
Epoch 19/500:
2024-12-07 10:31:55,585 - INFO - Train Loss: 0.0807, Train Acc: 97.16%
2024-12-07 10:31:55,585 - INFO - Val Loss: 0.2396, Val Acc: 91.44%
2024-12-07 10:31:55,585 - INFO - Class 0 Accuracy: 93.90%
2024-12-07 10:31:55,586 - INFO - Class 1 Accuracy: 96.87%
2024-12-07 10:31:55,586 - INFO - Class 2 Accuracy: 87.96%
2024-12-07 10:31:55,587 - INFO - Class 3 Accuracy: 83.21%
2024-12-07 10:31:55,692 - INFO - Saved checkpoint at epoch 19
2024-12-07 10:31:55,693 - INFO - Total samples is: <torch.utils.data.dataloader.DataLoader object at 0x000002638A93E360>
2024-12-07 10:55:53,032 - INFO - Validation parameter calculation time: 0:00:00.006618
2024-12-07 10:55:53,032 - INFO - 
Epoch 20/500:
2024-12-07 10:55:53,032 - INFO - Train Loss: 0.0790, Train Acc: 97.15%
2024-12-07 10:55:53,032 - INFO - Val Loss: 0.2148, Val Acc: 92.59%
2024-12-07 10:55:53,033 - INFO - Class 0 Accuracy: 93.95%
2024-12-07 10:55:53,033 - INFO - Class 1 Accuracy: 98.21%
2024-12-07 10:55:53,034 - INFO - Class 2 Accuracy: 91.11%
2024-12-07 10:55:53,035 - INFO - Class 3 Accuracy: 80.85%
2024-12-07 10:55:53,139 - INFO - Saved checkpoint at epoch 20
2024-12-07 10:55:53,140 - INFO - Total samples is: <torch.utils.data.dataloader.DataLoader object at 0x000002638A93E360>
2024-12-07 11:19:55,765 - INFO - Validation parameter calculation time: 0:00:00.007030
2024-12-07 11:19:55,765 - INFO - 
Epoch 21/500:
2024-12-07 11:19:55,765 - INFO - Train Loss: 0.0795, Train Acc: 97.20%
2024-12-07 11:19:55,765 - INFO - Val Loss: 0.1989, Val Acc: 93.11%
2024-12-07 11:19:55,766 - INFO - Class 0 Accuracy: 94.88%
2024-12-07 11:19:55,766 - INFO - Class 1 Accuracy: 95.07%
2024-12-07 11:19:55,766 - INFO - Class 2 Accuracy: 91.56%
2024-12-07 11:19:55,767 - INFO - Class 3 Accuracy: 82.42%
2024-12-07 11:19:55,861 - INFO - Saved best model with accuracy: 93.11%
2024-12-07 11:19:55,955 - INFO - Saved checkpoint at epoch 21
2024-12-07 11:19:55,956 - INFO - Total samples is: <torch.utils.data.dataloader.DataLoader object at 0x000002638A93E360>
2024-12-07 11:43:50,721 - INFO - Validation parameter calculation time: 0:00:00.006570
2024-12-07 11:43:50,722 - INFO - 
Epoch 22/500:
2024-12-07 11:43:50,722 - INFO - Train Loss: 0.0796, Train Acc: 97.17%
2024-12-07 11:43:50,722 - INFO - Val Loss: 0.2857, Val Acc: 90.83%
2024-12-07 11:43:50,723 - INFO - Class 0 Accuracy: 92.38%
2024-12-07 11:43:50,723 - INFO - Class 1 Accuracy: 96.85%
2024-12-07 11:43:50,724 - INFO - Class 2 Accuracy: 88.12%
2024-12-07 11:43:50,724 - INFO - Class 3 Accuracy: 85.94%
2024-12-07 11:43:50,821 - INFO - Saved checkpoint at epoch 22
2024-12-07 11:43:50,822 - INFO - Total samples is: <torch.utils.data.dataloader.DataLoader object at 0x000002638A93E360>
2024-12-07 12:07:51,096 - INFO - Validation parameter calculation time: 0:00:00.006507
2024-12-07 12:07:51,096 - INFO - 
Epoch 23/500:
2024-12-07 12:07:51,097 - INFO - Train Loss: 0.0773, Train Acc: 97.26%
2024-12-07 12:07:51,097 - INFO - Val Loss: 0.2005, Val Acc: 93.21%
2024-12-07 12:07:51,097 - INFO - Class 0 Accuracy: 95.24%
2024-12-07 12:07:51,098 - INFO - Class 1 Accuracy: 96.69%
2024-12-07 12:07:51,098 - INFO - Class 2 Accuracy: 90.71%
2024-12-07 12:07:51,098 - INFO - Class 3 Accuracy: 84.86%
2024-12-07 12:07:51,196 - INFO - Saved best model with accuracy: 93.21%
2024-12-07 12:07:51,279 - INFO - Saved checkpoint at epoch 23
2024-12-07 12:07:51,280 - INFO - Total samples is: <torch.utils.data.dataloader.DataLoader object at 0x000002638A93E360>
2024-12-07 12:31:53,039 - INFO - Validation parameter calculation time: 0:00:00.006519
2024-12-07 12:31:53,040 - INFO - 
Epoch 24/500:
2024-12-07 12:31:53,040 - INFO - Train Loss: 0.0782, Train Acc: 97.19%
2024-12-07 12:31:53,040 - INFO - Val Loss: 0.2719, Val Acc: 91.09%
2024-12-07 12:31:53,041 - INFO - Class 0 Accuracy: 93.84%
2024-12-07 12:31:53,041 - INFO - Class 1 Accuracy: 97.76%
2024-12-07 12:31:53,042 - INFO - Class 2 Accuracy: 86.74%
2024-12-07 12:31:53,042 - INFO - Class 3 Accuracy: 84.55%
2024-12-07 12:31:53,146 - INFO - Saved checkpoint at epoch 24
2024-12-07 12:31:53,147 - INFO - Total samples is: <torch.utils.data.dataloader.DataLoader object at 0x000002638A93E360>
2024-12-07 12:55:52,606 - INFO - Validation parameter calculation time: 0:00:00.007017
2024-12-07 12:55:52,606 - INFO - 
Epoch 25/500:
2024-12-07 12:55:52,606 - INFO - Train Loss: 0.0773, Train Acc: 97.26%
2024-12-07 12:55:52,606 - INFO - Val Loss: 0.2295, Val Acc: 91.44%
2024-12-07 12:55:52,607 - INFO - Class 0 Accuracy: 91.14%
2024-12-07 12:55:52,607 - INFO - Class 1 Accuracy: 96.80%
2024-12-07 12:55:52,608 - INFO - Class 2 Accuracy: 91.59%
2024-12-07 12:55:52,608 - INFO - Class 3 Accuracy: 85.95%
2024-12-07 12:55:52,712 - INFO - Saved checkpoint at epoch 25
2024-12-07 12:55:52,714 - INFO - Total samples is: <torch.utils.data.dataloader.DataLoader object at 0x000002638A93E360>
2024-12-07 13:19:54,167 - INFO - Validation parameter calculation time: 0:00:00.007018
2024-12-07 13:19:54,168 - INFO - 
Epoch 26/500:
2024-12-07 13:19:54,168 - INFO - Train Loss: 0.0762, Train Acc: 97.30%
2024-12-07 13:19:54,168 - INFO - Val Loss: 0.2534, Val Acc: 92.34%
2024-12-07 13:19:54,168 - INFO - Class 0 Accuracy: 95.37%
2024-12-07 13:19:54,169 - INFO - Class 1 Accuracy: 96.63%
2024-12-07 13:19:54,169 - INFO - Class 2 Accuracy: 89.13%
2024-12-07 13:19:54,169 - INFO - Class 3 Accuracy: 77.40%
2024-12-07 13:19:54,265 - INFO - Saved checkpoint at epoch 26
2024-12-07 13:19:54,266 - INFO - Total samples is: <torch.utils.data.dataloader.DataLoader object at 0x000002638A93E360>
2024-12-07 13:43:54,563 - INFO - Validation parameter calculation time: 0:00:00.007216
2024-12-07 13:43:54,563 - INFO - 
Epoch 27/500:
2024-12-07 13:43:54,563 - INFO - Train Loss: 0.0768, Train Acc: 97.29%
2024-12-07 13:43:54,563 - INFO - Val Loss: 0.2381, Val Acc: 91.62%
2024-12-07 13:43:54,564 - INFO - Class 0 Accuracy: 95.61%
2024-12-07 13:43:54,564 - INFO - Class 1 Accuracy: 96.49%
2024-12-07 13:43:54,565 - INFO - Class 2 Accuracy: 86.37%
2024-12-07 13:43:54,565 - INFO - Class 3 Accuracy: 80.74%
2024-12-07 13:43:54,668 - INFO - Saved checkpoint at epoch 27
2024-12-07 13:43:54,669 - INFO - Total samples is: <torch.utils.data.dataloader.DataLoader object at 0x000002638A93E360>
2024-12-07 14:08:06,083 - INFO - Validation parameter calculation time: 0:00:00.006595
2024-12-07 14:08:06,084 - INFO - 
Epoch 28/500:
2024-12-07 14:08:06,084 - INFO - Train Loss: 0.0769, Train Acc: 97.27%
2024-12-07 14:08:06,084 - INFO - Val Loss: 0.2144, Val Acc: 93.35%
2024-12-07 14:08:06,084 - INFO - Class 0 Accuracy: 94.54%
2024-12-07 14:08:06,084 - INFO - Class 1 Accuracy: 97.37%
2024-12-07 14:08:06,085 - INFO - Class 2 Accuracy: 91.72%
2024-12-07 14:08:06,085 - INFO - Class 3 Accuracy: 86.88%
2024-12-07 14:08:06,182 - INFO - Saved best model with accuracy: 93.35%
2024-12-07 14:08:06,273 - INFO - Saved checkpoint at epoch 28
2024-12-07 14:08:06,274 - INFO - Total samples is: <torch.utils.data.dataloader.DataLoader object at 0x000002638A93E360>
2024-12-07 14:32:18,602 - INFO - Validation parameter calculation time: 0:00:00.006724
2024-12-07 14:32:18,603 - INFO - 
Epoch 29/500:
2024-12-07 14:32:18,603 - INFO - Train Loss: 0.0756, Train Acc: 97.31%
2024-12-07 14:32:18,603 - INFO - Val Loss: 0.2108, Val Acc: 93.67%
2024-12-07 14:32:18,603 - INFO - Class 0 Accuracy: 96.30%
2024-12-07 14:32:18,603 - INFO - Class 1 Accuracy: 95.67%
2024-12-07 14:32:18,604 - INFO - Class 2 Accuracy: 91.50%
2024-12-07 14:32:18,605 - INFO - Class 3 Accuracy: 77.88%
2024-12-07 14:32:18,699 - INFO - Saved best model with accuracy: 93.67%
2024-12-07 14:32:18,791 - INFO - Saved checkpoint at epoch 29
2024-12-07 14:32:18,792 - INFO - Total samples is: <torch.utils.data.dataloader.DataLoader object at 0x000002638A93E360>
2024-12-07 14:56:29,919 - INFO - Validation parameter calculation time: 0:00:00.006560
2024-12-07 14:56:29,920 - INFO - 
Epoch 30/500:
2024-12-07 14:56:29,920 - INFO - Train Loss: 0.0738, Train Acc: 97.38%
2024-12-07 14:56:29,920 - INFO - Val Loss: 0.2075, Val Acc: 92.65%
2024-12-07 14:56:29,920 - INFO - Class 0 Accuracy: 92.45%
2024-12-07 14:56:29,921 - INFO - Class 1 Accuracy: 98.08%
2024-12-07 14:56:29,921 - INFO - Class 2 Accuracy: 92.89%
2024-12-07 14:56:29,922 - INFO - Class 3 Accuracy: 85.22%
2024-12-07 14:56:30,015 - INFO - Saved checkpoint at epoch 30
2024-12-07 14:56:30,017 - INFO - Total samples is: <torch.utils.data.dataloader.DataLoader object at 0x000002638A93E360>
2024-12-07 15:20:40,372 - INFO - Validation parameter calculation time: 0:00:00.006511
2024-12-07 15:20:40,373 - INFO - 
Epoch 31/500:
2024-12-07 15:20:40,373 - INFO - Train Loss: 0.0755, Train Acc: 97.30%
2024-12-07 15:20:40,373 - INFO - Val Loss: 0.2782, Val Acc: 91.39%
2024-12-07 15:20:40,373 - INFO - Class 0 Accuracy: 95.62%
2024-12-07 15:20:40,374 - INFO - Class 1 Accuracy: 97.15%
2024-12-07 15:20:40,374 - INFO - Class 2 Accuracy: 85.88%
2024-12-07 15:20:40,375 - INFO - Class 3 Accuracy: 78.34%
2024-12-07 15:20:40,473 - INFO - Saved checkpoint at epoch 31
2024-12-07 15:20:40,474 - INFO - Total samples is: <torch.utils.data.dataloader.DataLoader object at 0x000002638A93E360>
2024-12-07 15:44:54,677 - INFO - Validation parameter calculation time: 0:00:00.006745
2024-12-07 15:44:54,677 - INFO - 
Epoch 32/500:
2024-12-07 15:44:54,677 - INFO - Train Loss: 0.0763, Train Acc: 97.31%
2024-12-07 15:44:54,677 - INFO - Val Loss: 0.2250, Val Acc: 92.46%
2024-12-07 15:44:54,678 - INFO - Class 0 Accuracy: 95.27%
2024-12-07 15:44:54,678 - INFO - Class 1 Accuracy: 96.05%
2024-12-07 15:44:54,679 - INFO - Class 2 Accuracy: 88.75%
2024-12-07 15:44:54,679 - INFO - Class 3 Accuracy: 84.54%
2024-12-07 15:44:54,774 - INFO - Saved checkpoint at epoch 32
2024-12-07 15:44:54,774 - INFO - Total samples is: <torch.utils.data.dataloader.DataLoader object at 0x000002638A93E360>
2024-12-07 16:08:48,211 - INFO - Validation parameter calculation time: 0:00:00.006519
2024-12-07 16:08:48,212 - INFO - 
Epoch 33/500:
2024-12-07 16:08:48,212 - INFO - Train Loss: 0.0742, Train Acc: 97.34%
2024-12-07 16:08:48,212 - INFO - Val Loss: 0.2710, Val Acc: 91.13%
2024-12-07 16:08:48,213 - INFO - Class 0 Accuracy: 92.80%
2024-12-07 16:08:48,213 - INFO - Class 1 Accuracy: 92.82%
2024-12-07 16:08:48,214 - INFO - Class 2 Accuracy: 89.23%
2024-12-07 16:08:48,214 - INFO - Class 3 Accuracy: 84.60%
2024-12-07 16:08:48,309 - INFO - Saved checkpoint at epoch 33
2024-12-07 16:08:48,310 - INFO - Total samples is: <torch.utils.data.dataloader.DataLoader object at 0x000002638A93E360>
2024-12-07 16:44:07,320 - INFO - Validation parameter calculation time: 0:00:00.010631
2024-12-07 16:44:07,320 - INFO - 
Epoch 34/500:
2024-12-07 16:44:07,320 - INFO - Train Loss: 0.0742, Train Acc: 97.37%
2024-12-07 16:44:07,320 - INFO - Val Loss: 0.2548, Val Acc: 92.14%
2024-12-07 16:44:07,321 - INFO - Class 0 Accuracy: 95.25%
2024-12-07 16:44:07,321 - INFO - Class 1 Accuracy: 96.64%
2024-12-07 16:44:07,321 - INFO - Class 2 Accuracy: 87.77%
2024-12-07 16:44:07,321 - INFO - Class 3 Accuracy: 84.76%
2024-12-07 16:44:07,420 - INFO - Saved checkpoint at epoch 34
2024-12-07 16:44:07,421 - INFO - Total samples is: <torch.utils.data.dataloader.DataLoader object at 0x000002638A93E360>
2024-12-07 17:44:17,541 - INFO - Validation parameter calculation time: 0:00:00.010554
2024-12-07 17:44:17,542 - INFO - 
Epoch 35/500:
2024-12-07 17:44:17,542 - INFO - Train Loss: 0.0742, Train Acc: 97.37%
2024-12-07 17:44:17,542 - INFO - Val Loss: 0.2200, Val Acc: 92.62%
2024-12-07 17:44:17,542 - INFO - Class 0 Accuracy: 94.05%
2024-12-07 17:44:17,543 - INFO - Class 1 Accuracy: 96.04%
2024-12-07 17:44:17,543 - INFO - Class 2 Accuracy: 90.75%
2024-12-07 17:44:17,544 - INFO - Class 3 Accuracy: 86.35%
2024-12-07 17:44:17,638 - INFO - Saved checkpoint at epoch 35
2024-12-07 17:44:17,639 - INFO - Total samples is: <torch.utils.data.dataloader.DataLoader object at 0x000002638A93E360>
2024-12-07 18:44:21,319 - INFO - Validation parameter calculation time: 0:00:00.011070
2024-12-07 18:44:21,319 - INFO - 
Epoch 36/500:
2024-12-07 18:44:21,319 - INFO - Train Loss: 0.0553, Train Acc: 98.03%
2024-12-07 18:44:21,319 - INFO - Val Loss: 0.1987, Val Acc: 93.50%
2024-12-07 18:44:21,320 - INFO - Class 0 Accuracy: 94.68%
2024-12-07 18:44:21,320 - INFO - Class 1 Accuracy: 97.14%
2024-12-07 18:44:21,320 - INFO - Class 2 Accuracy: 91.77%
2024-12-07 18:44:21,321 - INFO - Class 3 Accuracy: 88.54%
2024-12-07 18:44:21,418 - INFO - Saved checkpoint at epoch 36
2024-12-07 18:44:21,420 - INFO - Total samples is: <torch.utils.data.dataloader.DataLoader object at 0x000002638A93E360>
2024-12-07 19:44:25,692 - INFO - Validation parameter calculation time: 0:00:00.010625
2024-12-07 19:44:25,692 - INFO - 
Epoch 37/500:
2024-12-07 19:44:25,692 - INFO - Train Loss: 0.0511, Train Acc: 98.16%
2024-12-07 19:44:25,692 - INFO - Val Loss: 0.2051, Val Acc: 93.34%
2024-12-07 19:44:25,693 - INFO - Class 0 Accuracy: 94.60%
2024-12-07 19:44:25,693 - INFO - Class 1 Accuracy: 97.59%
2024-12-07 19:44:25,693 - INFO - Class 2 Accuracy: 91.64%
2024-12-07 19:44:25,694 - INFO - Class 3 Accuracy: 86.54%
2024-12-07 19:44:25,789 - INFO - Saved checkpoint at epoch 37
2024-12-07 19:44:25,791 - INFO - Total samples is: <torch.utils.data.dataloader.DataLoader object at 0x000002638A93E360>
2024-12-07 20:44:36,752 - INFO - Validation parameter calculation time: 0:00:00.010517
2024-12-07 20:44:36,753 - INFO - 
Epoch 38/500:
2024-12-07 20:44:36,753 - INFO - Train Loss: 0.0497, Train Acc: 98.20%
2024-12-07 20:44:36,753 - INFO - Val Loss: 0.2088, Val Acc: 93.71%
2024-12-07 20:44:36,753 - INFO - Class 0 Accuracy: 95.46%
2024-12-07 20:44:36,754 - INFO - Class 1 Accuracy: 97.42%
2024-12-07 20:44:36,754 - INFO - Class 2 Accuracy: 91.23%
2024-12-07 20:44:36,755 - INFO - Class 3 Accuracy: 88.01%
2024-12-07 20:44:36,858 - INFO - Saved best model with accuracy: 93.71%
2024-12-07 20:44:36,954 - INFO - Saved checkpoint at epoch 38
2024-12-07 20:44:36,955 - INFO - Total samples is: <torch.utils.data.dataloader.DataLoader object at 0x000002638A93E360>
2024-12-07 21:44:31,338 - INFO - Validation parameter calculation time: 0:00:00.019513
2024-12-07 21:44:31,338 - INFO - 
Epoch 39/500:
2024-12-07 21:44:31,338 - INFO - Train Loss: 0.0478, Train Acc: 98.27%
2024-12-07 21:44:31,338 - INFO - Val Loss: 0.2068, Val Acc: 93.58%
2024-12-07 21:44:31,340 - INFO - Class 0 Accuracy: 95.23%
2024-12-07 21:44:31,341 - INFO - Class 1 Accuracy: 97.40%
2024-12-07 21:44:31,341 - INFO - Class 2 Accuracy: 91.16%
2024-12-07 21:44:31,341 - INFO - Class 3 Accuracy: 88.50%
2024-12-07 21:44:31,436 - INFO - Saved checkpoint at epoch 39
2024-12-07 21:44:31,437 - INFO - Total samples is: <torch.utils.data.dataloader.DataLoader object at 0x000002638A93E360>
2024-12-07 22:45:25,892 - INFO - Validation parameter calculation time: 0:00:00.009978
2024-12-07 22:45:25,893 - INFO - 
Epoch 40/500:
2024-12-07 22:45:25,893 - INFO - Train Loss: 0.0468, Train Acc: 98.30%
2024-12-07 22:45:25,893 - INFO - Val Loss: 0.2057, Val Acc: 93.60%
2024-12-07 22:45:25,894 - INFO - Class 0 Accuracy: 94.46%
2024-12-07 22:45:25,894 - INFO - Class 1 Accuracy: 97.73%
2024-12-07 22:45:25,894 - INFO - Class 2 Accuracy: 92.29%
2024-12-07 22:45:25,895 - INFO - Class 3 Accuracy: 88.35%
2024-12-07 22:45:25,999 - INFO - Saved checkpoint at epoch 40
2024-12-07 22:45:26,000 - INFO - Total samples is: <torch.utils.data.dataloader.DataLoader object at 0x000002638A93E360>
2024-12-07 23:46:50,588 - INFO - Validation parameter calculation time: 0:00:00.010693
2024-12-07 23:46:50,589 - INFO - 
Epoch 41/500:
2024-12-07 23:46:50,589 - INFO - Train Loss: 0.0470, Train Acc: 98.29%
2024-12-07 23:46:50,589 - INFO - Val Loss: 0.1956, Val Acc: 93.88%
2024-12-07 23:46:50,589 - INFO - Class 0 Accuracy: 95.14%
2024-12-07 23:46:50,590 - INFO - Class 1 Accuracy: 97.46%
2024-12-07 23:46:50,590 - INFO - Class 2 Accuracy: 92.07%
2024-12-07 23:46:50,591 - INFO - Class 3 Accuracy: 88.65%
2024-12-07 23:46:50,700 - INFO - Saved best model with accuracy: 93.88%
2024-12-07 23:46:52,633 - INFO - Saved checkpoint at epoch 41
2024-12-07 23:46:52,633 - INFO - Total samples is: <torch.utils.data.dataloader.DataLoader object at 0x000002638A93E360>
2024-12-08 00:12:18,979 - ERROR - Training failed with exception:
Traceback (most recent call last):
  File "D:\Work\Pointcloud-WL\Pointcloud-bridge\Highway_bridge\train_MulSca_BriStruNet_CB.py", line 367, in <module>
    if __name__ == '__main__':
            ^^^^^^^
  File "D:\Work\Pointcloud-WL\Pointcloud-bridge\Highway_bridge\train_MulSca_BriStruNet_CB.py", line 150, in train
  File "C:\Users\cy519\anaconda3\envs\pytorch\Lib\site-packages\torch\nn\modules\module.py", line 1736, in _wrapped_call_impl
    return self._call_impl(*args, **kwargs)
           ^^^^^^^^^^^^^^^^^^^^^^^^^^^^^^^^
  File "C:\Users\cy519\anaconda3\envs\pytorch\Lib\site-packages\torch\nn\modules\module.py", line 1747, in _call_impl
    return forward_call(*args, **kwargs)
           ^^^^^^^^^^^^^^^^^^^^^^^^^^^^^
  File "D:\Work\Pointcloud-WL\Pointcloud-bridge\Highway_bridge\models\enhanced_pointnet2.py", line 69, in forward
    l1_xyz, l1_points = self.sa1(xyz, points)   #[B,70,N] -> [B, 128, N]
                        ^^^^^^^^^^^^^^^^^^^^^
  File "C:\Users\cy519\anaconda3\envs\pytorch\Lib\site-packages\torch\nn\modules\module.py", line 1736, in _wrapped_call_impl
    return self._call_impl(*args, **kwargs)
           ^^^^^^^^^^^^^^^^^^^^^^^^^^^^^^^^
  File "C:\Users\cy519\anaconda3\envs\pytorch\Lib\site-packages\torch\nn\modules\module.py", line 1747, in _call_impl
    return forward_call(*args, **kwargs)
           ^^^^^^^^^^^^^^^^^^^^^^^^^^^^^
  File "D:\Work\Pointcloud-WL\Pointcloud-bridge\Highway_bridge\models\pointnet2_utils.py", line 137, in forward
    new_xyz, new_points = sample_and_group(self.npoint, self.radius, self.nsample, xyz, points)
                          ^^^^^^^^^^^^^^^^^^^^^^^^^^^^^^^^^^^^^^^^^^^^^^^^^^^^^^^^^^^^^^^^^^^^^
  File "D:\Work\Pointcloud-WL\Pointcloud-bridge\Highway_bridge\models\pointnet2_utils.py", line 48, in sample_and_group
    idx = query_ball_point(radius, nsample, xyz, new_xyz)
          ^^^^^^^^^^^^^^^^^^^^^^^^^^^^^^^^^^^^^^^^^^^^^^^
  File "D:\Work\Pointcloud-WL\Pointcloud-bridge\Highway_bridge\models\pointnet2_utils.py", line 106, in query_ball_point
    group_idx[mask] = group_first[mask]
                      ~~~~~~~~~~~^^^^^^
RuntimeError: CUDA error: an illegal memory access was encountered
CUDA kernel errors might be asynchronously reported at some other API call, so the stacktrace below might be incorrect.
For debugging consider passing CUDA_LAUNCH_BLOCKING=1
Compile with `TORCH_USE_CUDA_DSA` to enable device-side assertions.

