2025-04-06 13:26:14,471 - INFO - Training configuration:
2025-04-06 13:26:14,471 - INFO - num_points: 4096
2025-04-06 13:26:14,472 - INFO - chunk_size: 4096
2025-04-06 13:26:14,472 - INFO - overlap: 1024
2025-04-06 13:26:14,472 - INFO - batch_size: 16
2025-04-06 13:26:14,472 - INFO - num_workers: 0
2025-04-06 13:26:14,472 - INFO - learning_rate: 0.001
2025-04-06 13:26:14,472 - INFO - num_classes: 5
2025-04-06 13:26:14,472 - INFO - num_epochs: 500
2025-04-06 13:26:14,472 - INFO - device: cuda
2025-04-06 13:26:14,472 - INFO - Using device: cuda
2025-04-06 13:26:14,473 - INFO - Found 7 h5 files:
2025-04-06 13:26:14,473 - INFO -   - cb1.h5
2025-04-06 13:26:14,473 - INFO -   - cb2.h5
2025-04-06 13:26:14,473 - INFO -   - cb3.h5
2025-04-06 13:26:14,474 - INFO -   - cb4.h5
2025-04-06 13:26:14,474 - INFO -   - cb5.h5
2025-04-06 13:26:14,474 - INFO -   - cb7.h5
2025-04-06 13:26:14,474 - INFO -   - cb8.h5
2025-04-06 13:26:19,805 - INFO - Total blocks created: 13145
2025-04-06 13:26:19,806 - INFO - reading train data
2025-04-06 13:26:19,808 - INFO - Found 2 h5 files:
2025-04-06 13:26:19,808 - INFO -   - cb6.h5
2025-04-06 13:26:19,808 - INFO -   - cb9.h5
