2024-12-09 13:09:03,749 - INFO - Training configuration:
2024-12-09 13:09:03,749 - INFO - num_points: 4096
2024-12-09 13:09:03,749 - INFO - chunk_size: 4096
2024-12-09 13:09:03,749 - INFO - overlap: 1024
2024-12-09 13:09:03,749 - INFO - batch_size: 16
2024-12-09 13:09:03,749 - INFO - num_workers: 0
2024-12-09 13:09:03,749 - INFO - learning_rate: 0.001
2024-12-09 13:09:03,750 - INFO - num_classes: 5
2024-12-09 13:09:03,750 - INFO - num_epochs: 500
2024-12-09 13:09:03,750 - INFO - device: cuda
2024-12-09 13:09:03,750 - INFO - Using device: cuda
2024-12-09 13:09:03,753 - INFO - No cache found. Processing dataset...
2024-12-09 13:09:03,753 - INFO - Found 77 las files:
2024-12-09 13:09:03,753 - INFO -   - cb1-1.las
2024-12-09 13:09:03,754 - INFO -   - cb1-10.las
2024-12-09 13:09:03,754 - INFO -   - cb1-11.las
2024-12-09 13:09:03,754 - INFO -   - cb1-12.las
2024-12-09 13:09:03,754 - INFO -   - cb1-13.las
2024-12-09 13:09:03,754 - INFO -   - cb1-14.las
2024-12-09 13:09:03,754 - INFO -   - cb1-2.las
2024-12-09 13:09:03,754 - INFO -   - cb1-3.las
2024-12-09 13:09:03,754 - INFO -   - cb1-4.las
2024-12-09 13:09:03,754 - INFO -   - cb1-5.las
2024-12-09 13:09:03,754 - INFO -   - cb1-6.las
2024-12-09 13:09:03,754 - INFO -   - cb1-7.las
2024-12-09 13:09:03,754 - INFO -   - cb1-8.las
2024-12-09 13:09:03,754 - INFO -   - cb1-9.las
2024-12-09 13:09:03,754 - INFO -   - cb10-1.las
2024-12-09 13:09:03,754 - INFO -   - cb10-10.las
2024-12-09 13:09:03,755 - INFO -   - cb10-11.las
2024-12-09 13:09:03,755 - INFO -   - cb10-12.las
2024-12-09 13:09:03,755 - INFO -   - cb10-13.las
2024-12-09 13:09:03,755 - INFO -   - cb10-2.las
2024-12-09 13:09:03,755 - INFO -   - cb10-3.las
2024-12-09 13:09:03,755 - INFO -   - cb10-4.las
2024-12-09 13:09:03,755 - INFO -   - cb10-5.las
2024-12-09 13:09:03,755 - INFO -   - cb10-6.las
2024-12-09 13:09:03,755 - INFO -   - cb10-7.las
2024-12-09 13:09:03,755 - INFO -   - cb10-8.las
2024-12-09 13:09:03,755 - INFO -   - cb10-9.las
2024-12-09 13:09:03,755 - INFO -   - cb3-1.las
2024-12-09 13:09:03,755 - INFO -   - cb3-2.las
2024-12-09 13:09:03,755 - INFO -   - cb3-3.las
2024-12-09 13:09:03,755 - INFO -   - cb3-4.las
2024-12-09 13:09:03,755 - INFO -   - cb3-5.las
2024-12-09 13:09:03,755 - INFO -   - cb3-6.las
2024-12-09 13:09:03,755 - INFO -   - cb3-7.las
2024-12-09 13:09:03,755 - INFO -   - cb4-1.las
2024-12-09 13:09:03,755 - INFO -   - cb4-10.las
2024-12-09 13:09:03,755 - INFO -   - cb4-11.las
2024-12-09 13:09:03,755 - INFO -   - cb4-2.las
2024-12-09 13:09:03,756 - INFO -   - cb4-3.las
2024-12-09 13:09:03,756 - INFO -   - cb4-5.las
2024-12-09 13:09:03,756 - INFO -   - cb4-6.las
2024-12-09 13:09:03,756 - INFO -   - cb4-7.las
2024-12-09 13:09:03,756 - INFO -   - cb4-8.las
2024-12-09 13:09:03,756 - INFO -   - cb4-9.las
2024-12-09 13:09:03,756 - INFO -   - cb5-1.las
2024-12-09 13:09:03,756 - INFO -   - cb5-2.las
2024-12-09 13:09:03,756 - INFO -   - cb5-3.las
2024-12-09 13:09:03,756 - INFO -   - cb5-4.las
2024-12-09 13:09:03,756 - INFO -   - cb5-5.las
2024-12-09 13:09:03,756 - INFO -   - cb5-6.las
2024-12-09 13:09:03,756 - INFO -   - cb5-7.las
2024-12-09 13:09:03,756 - INFO -   - cb7-1.las
2024-12-09 13:09:03,756 - INFO -   - cb7-10.las
2024-12-09 13:09:03,756 - INFO -   - cb7-11.las
2024-12-09 13:09:03,756 - INFO -   - cb7-12.las
2024-12-09 13:09:03,756 - INFO -   - cb7-13.las
2024-12-09 13:09:03,756 - INFO -   - cb7-2.las
2024-12-09 13:09:03,756 - INFO -   - cb7-3.las
2024-12-09 13:09:03,756 - INFO -   - cb7-4.las
2024-12-09 13:09:03,756 - INFO -   - cb7-5.las
2024-12-09 13:09:03,757 - INFO -   - cb7-6.las
2024-12-09 13:09:03,757 - INFO -   - cb7-7.las
2024-12-09 13:09:03,757 - INFO -   - cb7-8.las
2024-12-09 13:09:03,757 - INFO -   - cb7-9.las
2024-12-09 13:09:03,757 - INFO -   - cb8-1.las
2024-12-09 13:09:03,757 - INFO -   - cb8-10.las
2024-12-09 13:09:03,757 - INFO -   - cb8-11.las
2024-12-09 13:09:03,757 - INFO -   - cb8-12.las
2024-12-09 13:09:03,757 - INFO -   - cb8-13.las
2024-12-09 13:09:03,757 - INFO -   - cb8-2.las
2024-12-09 13:09:03,757 - INFO -   - cb8-3.las
2024-12-09 13:09:03,758 - INFO -   - cb8-4.las
2024-12-09 13:09:03,758 - INFO -   - cb8-5.las
2024-12-09 13:09:03,758 - INFO -   - cb8-6.las
2024-12-09 13:09:03,758 - INFO -   - cb8-7.las
2024-12-09 13:09:03,758 - INFO -   - cb8-8.las
2024-12-09 13:09:03,758 - INFO -   - cb8-9.las
2024-12-09 13:09:03,760 - INFO - Processing cb1-1.las
2024-12-09 13:09:03,760 - INFO - Loading data/CB/section/train\cb1-1.las
2024-12-09 13:09:03,779 - INFO - Loaded 676329 points from cb1-1.las
2024-12-09 13:09:03,936 - INFO - Total points: 676329, Iterations: 66
2024-12-09 13:09:05,417 - INFO - Created 96 blocks
2024-12-09 13:09:05,418 - INFO - Processing cb1-10.las
2024-12-09 13:09:05,418 - INFO - Loading data/CB/section/train\cb1-10.las
2024-12-09 13:09:05,531 - INFO - Loaded 3924961 points from cb1-10.las
2024-12-09 13:09:05,602 - INFO - Total points: 3924961, Iterations: 383
2024-12-09 13:09:39,690 - INFO - Created 732 blocks
2024-12-09 13:09:39,690 - INFO - Processing cb1-11.las
2024-12-09 13:09:39,690 - INFO - Loading data/CB/section/train\cb1-11.las
2024-12-09 13:09:40,803 - INFO - Loaded 6758940 points from cb1-11.las
2024-12-09 13:09:40,934 - INFO - Total points: 6758940, Iterations: 660
2024-12-09 13:11:43,961 - INFO - Created 1269 blocks
2024-12-09 13:11:43,962 - INFO - Processing cb1-12.las
2024-12-09 13:11:43,962 - INFO - Loading data/CB/section/train\cb1-12.las
2024-12-09 13:11:44,512 - INFO - Loaded 3223885 points from cb1-12.las
2024-12-09 13:11:44,581 - INFO - Total points: 3223885, Iterations: 314
2024-12-09 13:12:05,514 - INFO - Created 628 blocks
2024-12-09 13:12:05,514 - INFO - Processing cb1-13.las
2024-12-09 13:12:05,514 - INFO - Loading data/CB/section/train\cb1-13.las
2024-12-09 13:12:06,148 - INFO - Loaded 3610353 points from cb1-13.las
2024-12-09 13:12:06,257 - INFO - Total points: 3610353, Iterations: 352
2024-12-09 13:12:35,547 - INFO - Created 643 blocks
2024-12-09 13:12:35,548 - INFO - Processing cb1-14.las
2024-12-09 13:12:35,548 - INFO - Loading data/CB/section/train\cb1-14.las
2024-12-09 13:12:36,187 - INFO - Loaded 3761386 points from cb1-14.las
2024-12-09 13:12:36,282 - INFO - Total points: 3761386, Iterations: 367
2024-12-09 13:13:05,330 - INFO - Created 677 blocks
2024-12-09 13:13:05,331 - INFO - Processing cb1-2.las
2024-12-09 13:13:05,331 - INFO - Loading data/CB/section/train\cb1-2.las
2024-12-09 13:13:06,900 - INFO - Loaded 9729820 points from cb1-2.las
2024-12-09 13:13:07,115 - INFO - Total points: 9729820, Iterations: 950
2024-12-09 13:18:09,861 - INFO - Created 1818 blocks
2024-12-09 13:18:09,862 - INFO - Processing cb1-3.las
2024-12-09 13:18:09,862 - INFO - Loading data/CB/section/train\cb1-3.las
2024-12-09 13:18:11,921 - INFO - Loaded 12654491 points from cb1-3.las
2024-12-09 13:18:12,168 - INFO - Total points: 12654491, Iterations: 1235
2024-12-09 13:28:16,428 - INFO - Created 2356 blocks
2024-12-09 13:28:16,429 - INFO - Processing cb1-4.las
2024-12-09 13:28:16,429 - INFO - Loading data/CB/section/train\cb1-4.las
2024-12-09 13:28:18,521 - INFO - Loaded 12892669 points from cb1-4.las
2024-12-09 13:28:18,778 - INFO - Total points: 12892669, Iterations: 1259
2024-12-09 13:38:28,108 - INFO - Created 2399 blocks
2024-12-09 13:38:28,109 - INFO - Processing cb1-5.las
2024-12-09 13:38:28,109 - INFO - Loading data/CB/section/train\cb1-5.las
2024-12-09 13:38:29,900 - INFO - Loaded 11074588 points from cb1-5.las
2024-12-09 13:38:30,129 - INFO - Total points: 11074588, Iterations: 1081
2024-12-09 13:45:46,947 - INFO - Created 2012 blocks
2024-12-09 13:45:46,949 - INFO - Processing cb1-6.las
2024-12-09 13:45:46,949 - INFO - Loading data/CB/section/train\cb1-6.las
2024-12-09 13:45:48,640 - INFO - Loaded 9619743 points from cb1-6.las
2024-12-09 13:45:48,824 - INFO - Total points: 9619743, Iterations: 939
2024-12-09 13:50:42,982 - INFO - Created 1800 blocks
2024-12-09 13:50:42,983 - INFO - Processing cb1-7.las
2024-12-09 13:50:42,983 - INFO - Loading data/CB/section/train\cb1-7.las
2024-12-09 13:50:44,112 - INFO - Loaded 6566694 points from cb1-7.las
2024-12-09 13:50:44,296 - INFO - Total points: 6566694, Iterations: 641
2024-12-09 13:52:31,136 - INFO - Created 1235 blocks
2024-12-09 13:52:31,137 - INFO - Processing cb1-8.las
2024-12-09 13:52:31,137 - INFO - Loading data/CB/section/train\cb1-8.las
2024-12-09 13:52:31,430 - INFO - Loaded 1697462 points from cb1-8.las
2024-12-09 13:52:31,470 - INFO - Total points: 1697462, Iterations: 165
2024-12-09 13:52:37,363 - INFO - Created 302 blocks
2024-12-09 13:52:37,364 - INFO - Processing cb1-9.las
2024-12-09 13:52:37,364 - INFO - Loading data/CB/section/train\cb1-9.las
2024-12-09 13:52:37,641 - INFO - Loaded 1630372 points from cb1-9.las
2024-12-09 13:52:37,678 - INFO - Total points: 1630372, Iterations: 159
2024-12-09 13:52:43,816 - INFO - Created 288 blocks
2024-12-09 13:52:43,818 - INFO - Processing cb10-1.las
2024-12-09 13:52:43,818 - INFO - Loading data/CB/section/train\cb10-1.las
2024-12-09 13:52:44,825 - INFO - Loaded 6198405 points from cb10-1.las
2024-12-09 13:52:44,949 - INFO - Total points: 6198405, Iterations: 605
2024-12-09 13:54:27,084 - INFO - Created 1168 blocks
2024-12-09 13:54:27,085 - INFO - Processing cb10-10.las
2024-12-09 13:54:27,085 - INFO - Loading data/CB/section/train\cb10-10.las
2024-12-09 13:54:27,263 - INFO - Loaded 922370 points from cb10-10.las
2024-12-09 13:54:27,287 - INFO - Total points: 922370, Iterations: 90
2024-12-09 13:54:29,072 - INFO - Created 167 blocks
2024-12-09 13:54:29,074 - INFO - Processing cb10-11.las
2024-12-09 13:54:29,074 - INFO - Loading data/CB/section/train\cb10-11.las
2024-12-09 13:54:29,834 - INFO - Loaded 4639507 points from cb10-11.las
2024-12-09 13:54:29,930 - INFO - Total points: 4639507, Iterations: 453
2024-12-09 13:55:18,239 - INFO - Created 811 blocks
2024-12-09 13:55:18,240 - INFO - Processing cb10-12.las
2024-12-09 13:55:18,240 - INFO - Loading data/CB/section/train\cb10-12.las
2024-12-09 13:55:18,339 - INFO - Loaded 295751 points from cb10-12.las
2024-12-09 13:55:18,352 - INFO - Total points: 295751, Iterations: 28
2024-12-09 13:55:18,641 - INFO - Created 48 blocks
2024-12-09 13:55:18,641 - INFO - Processing cb10-13.las
2024-12-09 13:55:18,641 - INFO - Loading data/CB/section/train\cb10-13.las
2024-12-09 13:55:19,856 - INFO - Loaded 7388665 points from cb10-13.las
2024-12-09 13:55:20,005 - INFO - Total points: 7388665, Iterations: 721
2024-12-09 13:57:50,852 - INFO - Created 1435 blocks
2024-12-09 13:57:50,853 - INFO - Processing cb10-2.las
2024-12-09 13:57:50,853 - INFO - Loading data/CB/section/train\cb10-2.las
2024-12-09 13:57:52,615 - INFO - Loaded 10964598 points from cb10-2.las
2024-12-09 13:57:52,837 - INFO - Total points: 10964598, Iterations: 1070
2024-12-09 14:04:27,923 - INFO - Created 2100 blocks
2024-12-09 14:04:27,923 - INFO - Processing cb10-3.las
2024-12-09 14:04:27,925 - INFO - Loading data/CB/section/train\cb10-3.las
2024-12-09 14:04:28,924 - INFO - Loaded 6155479 points from cb10-3.las
2024-12-09 14:04:29,057 - INFO - Total points: 6155479, Iterations: 601
2024-12-09 14:06:05,513 - INFO - Created 1124 blocks
2024-12-09 14:06:05,514 - INFO - Processing cb10-4.las
2024-12-09 14:06:05,514 - INFO - Loading data/CB/section/train\cb10-4.las
2024-12-09 14:06:06,305 - INFO - Loaded 4848399 points from cb10-4.las
2024-12-09 14:06:06,403 - INFO - Total points: 4848399, Iterations: 473
2024-12-09 14:06:59,649 - INFO - Created 850 blocks
2024-12-09 14:06:59,650 - INFO - Processing cb10-5.las
2024-12-09 14:06:59,650 - INFO - Loading data/CB/section/train\cb10-5.las
2024-12-09 14:06:59,932 - INFO - Loaded 1571339 points from cb10-5.las
2024-12-09 14:06:59,978 - INFO - Total points: 1571339, Iterations: 153
2024-12-09 14:07:06,124 - INFO - Created 211 blocks
2024-12-09 14:07:06,126 - INFO - Processing cb10-6.las
2024-12-09 14:07:06,126 - INFO - Loading data/CB/section/train\cb10-6.las
2024-12-09 14:07:06,444 - INFO - Loaded 1927656 points from cb10-6.las
2024-12-09 14:07:06,483 - INFO - Total points: 1927656, Iterations: 188
2024-12-09 14:07:13,611 - INFO - Created 276 blocks
2024-12-09 14:07:13,611 - INFO - Processing cb10-7.las
2024-12-09 14:07:13,611 - INFO - Loading data/CB/section/train\cb10-7.las
2024-12-09 14:07:14,222 - INFO - Loaded 3669055 points from cb10-7.las
2024-12-09 14:07:14,295 - INFO - Total points: 3669055, Iterations: 358
2024-12-09 14:07:46,976 - INFO - Created 639 blocks
2024-12-09 14:07:46,978 - INFO - Processing cb10-8.las
2024-12-09 14:07:46,978 - INFO - Loading data/CB/section/train\cb10-8.las
2024-12-09 14:07:48,248 - INFO - Loaded 7418288 points from cb10-8.las
2024-12-09 14:07:48,399 - INFO - Total points: 7418288, Iterations: 724
2024-12-09 14:10:22,863 - INFO - Created 1406 blocks
2024-12-09 14:10:22,864 - INFO - Processing cb10-9.las
2024-12-09 14:10:22,864 - INFO - Loading data/CB/section/train\cb10-9.las
2024-12-09 14:10:23,902 - INFO - Loaded 6392932 points from cb10-9.las
2024-12-09 14:10:24,029 - INFO - Total points: 6392932, Iterations: 624
2024-12-09 14:12:20,100 - INFO - Created 1239 blocks
2024-12-09 14:12:20,101 - INFO - Processing cb3-1.las
2024-12-09 14:12:20,101 - INFO - Loading data/CB/section/train\cb3-1.las
2024-12-09 14:12:20,347 - INFO - Loaded 2355859 points from cb3-1.las
2024-12-09 14:12:20,399 - INFO - Total points: 2355859, Iterations: 230
2024-12-09 14:12:32,416 - INFO - Created 346 blocks
2024-12-09 14:12:32,417 - INFO - Processing cb3-2.las
2024-12-09 14:12:32,417 - INFO - Loading data/CB/section/train\cb3-2.las
2024-12-09 14:12:32,643 - INFO - Loaded 2263374 points from cb3-2.las
2024-12-09 14:12:32,691 - INFO - Total points: 2263374, Iterations: 221
2024-12-09 14:12:42,722 - INFO - Created 329 blocks
2024-12-09 14:12:42,723 - INFO - Processing cb3-3.las
2024-12-09 14:12:42,723 - INFO - Loading data/CB/section/train\cb3-3.las
2024-12-09 14:12:43,084 - INFO - Loaded 3095872 points from cb3-3.las
2024-12-09 14:12:43,150 - INFO - Total points: 3095872, Iterations: 302
2024-12-09 14:13:03,858 - INFO - Created 434 blocks
2024-12-09 14:13:03,859 - INFO - Processing cb3-4.las
2024-12-09 14:13:03,859 - INFO - Loading data/CB/section/train\cb3-4.las
2024-12-09 14:13:04,174 - INFO - Loaded 2685865 points from cb3-4.las
2024-12-09 14:13:04,235 - INFO - Total points: 2685865, Iterations: 262
2024-12-09 14:13:19,883 - INFO - Created 385 blocks
2024-12-09 14:13:19,885 - INFO - Processing cb3-5.las
2024-12-09 14:13:19,885 - INFO - Loading data/CB/section/train\cb3-5.las
2024-12-09 14:13:20,458 - INFO - Loaded 4379203 points from cb3-5.las
2024-12-09 14:13:20,549 - INFO - Total points: 4379203, Iterations: 427
2024-12-09 14:14:01,407 - INFO - Created 708 blocks
2024-12-09 14:14:01,409 - INFO - Processing cb3-6.las
2024-12-09 14:14:01,409 - INFO - Loading data/CB/section/train\cb3-6.las
2024-12-09 14:14:01,865 - INFO - Loaded 3669800 points from cb3-6.las
2024-12-09 14:14:01,943 - INFO - Total points: 3669800, Iterations: 358
2024-12-09 14:14:30,831 - INFO - Created 618 blocks
2024-12-09 14:14:30,832 - INFO - Processing cb3-7.las
2024-12-09 14:14:30,832 - INFO - Loading data/CB/section/train\cb3-7.las
2024-12-09 14:14:31,200 - INFO - Loaded 2896236 points from cb3-7.las
2024-12-09 14:14:31,273 - INFO - Total points: 2896236, Iterations: 282
2024-12-09 14:14:49,142 - INFO - Created 452 blocks
2024-12-09 14:14:49,143 - INFO - Processing cb4-1.las
2024-12-09 14:14:49,143 - INFO - Loading data/CB/section/train\cb4-1.las
2024-12-09 14:14:49,495 - INFO - Loaded 1968418 points from cb4-1.las
2024-12-09 14:14:49,537 - INFO - Total points: 1968418, Iterations: 192
2024-12-09 14:14:57,154 - INFO - Created 306 blocks
2024-12-09 14:14:57,154 - INFO - Processing cb4-10.las
2024-12-09 14:14:57,154 - INFO - Loading data/CB/section/train\cb4-10.las
2024-12-09 14:14:57,584 - INFO - Loaded 2384041 points from cb4-10.las
2024-12-09 14:14:57,636 - INFO - Total points: 2384041, Iterations: 232
2024-12-09 14:15:10,779 - INFO - Created 348 blocks
2024-12-09 14:15:10,780 - INFO - Processing cb4-11.las
2024-12-09 14:15:10,780 - INFO - Loading data/CB/section/train\cb4-11.las
2024-12-09 14:15:11,042 - INFO - Loaded 1484732 points from cb4-11.las
2024-12-09 14:15:11,076 - INFO - Total points: 1484732, Iterations: 144
2024-12-09 14:15:16,512 - INFO - Created 197 blocks
2024-12-09 14:15:16,514 - INFO - Processing cb4-2.las
2024-12-09 14:15:16,514 - INFO - Loading data/CB/section/train\cb4-2.las
2024-12-09 14:15:17,142 - INFO - Loaded 3774282 points from cb4-2.las
2024-12-09 14:15:17,255 - INFO - Total points: 3774282, Iterations: 368
2024-12-09 14:15:48,094 - INFO - Created 550 blocks
2024-12-09 14:15:48,095 - INFO - Processing cb4-3.las
2024-12-09 14:15:48,095 - INFO - Loading data/CB/section/train\cb4-3.las
2024-12-09 14:15:48,804 - INFO - Loaded 4424577 points from cb4-3.las
2024-12-09 14:15:48,894 - INFO - Total points: 4424577, Iterations: 432
2024-12-09 14:16:30,329 - INFO - Created 657 blocks
2024-12-09 14:16:30,330 - INFO - Processing cb4-5.las
2024-12-09 14:16:30,330 - INFO - Loading data/CB/section/train\cb4-5.las
2024-12-09 14:16:31,061 - INFO - Loaded 4346025 points from cb4-5.las
2024-12-09 14:16:31,176 - INFO - Total points: 4346025, Iterations: 424
2024-12-09 14:17:11,434 - INFO - Created 705 blocks
2024-12-09 14:17:11,435 - INFO - Processing cb4-6.las
2024-12-09 14:17:11,435 - INFO - Loading data/CB/section/train\cb4-6.las
2024-12-09 14:17:11,992 - INFO - Loaded 3200947 points from cb4-6.las
2024-12-09 14:17:12,074 - INFO - Total points: 3200947, Iterations: 312
2024-12-09 14:17:35,105 - INFO - Created 495 blocks
2024-12-09 14:17:35,106 - INFO - Processing cb4-7.las
2024-12-09 14:17:35,106 - INFO - Loading data/CB/section/train\cb4-7.las
2024-12-09 14:17:35,462 - INFO - Loaded 2121212 points from cb4-7.las
2024-12-09 14:17:35,509 - INFO - Total points: 2121212, Iterations: 207
2024-12-09 14:17:44,391 - INFO - Created 345 blocks
2024-12-09 14:17:44,393 - INFO - Processing cb4-8.las
2024-12-09 14:17:44,393 - INFO - Loading data/CB/section/train\cb4-8.las
2024-12-09 14:17:44,763 - INFO - Loaded 2240398 points from cb4-8.las
2024-12-09 14:17:44,813 - INFO - Total points: 2240398, Iterations: 218
2024-12-09 14:17:55,270 - INFO - Created 360 blocks
2024-12-09 14:17:55,271 - INFO - Processing cb4-9.las
2024-12-09 14:17:55,271 - INFO - Loading data/CB/section/train\cb4-9.las
2024-12-09 14:17:55,577 - INFO - Loaded 1852377 points from cb4-9.las
2024-12-09 14:17:55,617 - INFO - Total points: 1852377, Iterations: 180
2024-12-09 14:18:02,741 - INFO - Created 212 blocks
2024-12-09 14:18:02,741 - INFO - Processing cb5-1.las
2024-12-09 14:18:02,741 - INFO - Loading data/CB/section/train\cb5-1.las
2024-12-09 14:18:02,834 - INFO - Loaded 1356638 points from cb5-1.las
2024-12-09 14:18:02,868 - INFO - Total points: 1356638, Iterations: 132
2024-12-09 14:18:06,639 - INFO - Created 201 blocks
2024-12-09 14:18:06,641 - INFO - Processing cb5-2.las
2024-12-09 14:18:06,641 - INFO - Loading data/CB/section/train\cb5-2.las
2024-12-09 14:18:06,924 - INFO - Loaded 2598762 points from cb5-2.las
2024-12-09 14:18:06,975 - INFO - Total points: 2598762, Iterations: 253
2024-12-09 14:18:21,460 - INFO - Created 395 blocks
2024-12-09 14:18:21,461 - INFO - Processing cb5-3.las
2024-12-09 14:18:21,461 - INFO - Loading data/CB/section/train\cb5-3.las
2024-12-09 14:18:21,793 - INFO - Loaded 2937250 points from cb5-3.las
2024-12-09 14:18:21,853 - INFO - Total points: 2937250, Iterations: 286
2024-12-09 14:18:39,583 - INFO - Created 399 blocks
2024-12-09 14:18:39,584 - INFO - Processing cb5-4.las
2024-12-09 14:18:39,584 - INFO - Loading data/CB/section/train\cb5-4.las
2024-12-09 14:18:40,078 - INFO - Loaded 3955980 points from cb5-4.las
2024-12-09 14:18:40,155 - INFO - Total points: 3955980, Iterations: 386
2024-12-09 14:19:12,804 - INFO - Created 557 blocks
2024-12-09 14:19:12,806 - INFO - Processing cb5-5.las
2024-12-09 14:19:12,806 - INFO - Loading data/CB/section/train\cb5-5.las
2024-12-09 14:19:13,301 - INFO - Loaded 3861816 points from cb5-5.las
2024-12-09 14:19:13,388 - INFO - Total points: 3861816, Iterations: 377
2024-12-09 14:19:44,503 - INFO - Created 535 blocks
2024-12-09 14:19:44,503 - INFO - Processing cb5-6.las
2024-12-09 14:19:44,503 - INFO - Loading data/CB/section/train\cb5-6.las
2024-12-09 14:19:44,814 - INFO - Loaded 2797073 points from cb5-6.las
2024-12-09 14:19:44,875 - INFO - Total points: 2797073, Iterations: 273
2024-12-09 14:20:01,864 - INFO - Created 416 blocks
2024-12-09 14:20:01,865 - INFO - Processing cb5-7.las
2024-12-09 14:20:01,865 - INFO - Loading data/CB/section/train\cb5-7.las
2024-12-09 14:20:01,972 - INFO - Loaded 1496421 points from cb5-7.las
2024-12-09 14:20:02,006 - INFO - Total points: 1496421, Iterations: 146
2024-12-09 14:20:06,848 - INFO - Created 198 blocks
2024-12-09 14:20:06,848 - INFO - Processing cb7-1.las
2024-12-09 14:20:06,848 - INFO - Loading data/CB/section/train\cb7-1.las
2024-12-09 14:20:07,136 - INFO - Loaded 1625705 points from cb7-1.las
2024-12-09 14:20:07,177 - INFO - Total points: 1625705, Iterations: 158
2024-12-09 14:20:12,676 - INFO - Created 282 blocks
2024-12-09 14:20:12,676 - INFO - Processing cb7-10.las
2024-12-09 14:20:12,676 - INFO - Loading data/CB/section/train\cb7-10.las
2024-12-09 14:20:12,948 - INFO - Loaded 1447766 points from cb7-10.las
2024-12-09 14:20:12,980 - INFO - Total points: 1447766, Iterations: 141
2024-12-09 14:20:17,901 - INFO - Created 254 blocks
2024-12-09 14:20:17,901 - INFO - Processing cb7-11.las
2024-12-09 14:20:17,901 - INFO - Loading data/CB/section/train\cb7-11.las
2024-12-09 14:20:18,396 - INFO - Loaded 2859147 points from cb7-11.las
2024-12-09 14:20:18,458 - INFO - Total points: 2859147, Iterations: 279
2024-12-09 14:20:36,018 - INFO - Created 534 blocks
2024-12-09 14:20:36,018 - INFO - Processing cb7-12.las
2024-12-09 14:20:36,018 - INFO - Loading data/CB/section/train\cb7-12.las
2024-12-09 14:20:36,729 - INFO - Loaded 4115159 points from cb7-12.las
2024-12-09 14:20:36,817 - INFO - Total points: 4115159, Iterations: 401
2024-12-09 14:21:11,948 - INFO - Created 798 blocks
2024-12-09 14:21:11,948 - INFO - Processing cb7-13.las
2024-12-09 14:21:11,948 - INFO - Loading data/CB/section/train\cb7-13.las
2024-12-09 14:21:12,506 - INFO - Loaded 3390125 points from cb7-13.las
2024-12-09 14:21:12,582 - INFO - Total points: 3390125, Iterations: 331
2024-12-09 14:21:37,190 - INFO - Created 660 blocks
2024-12-09 14:21:37,191 - INFO - Processing cb7-2.las
2024-12-09 14:21:37,191 - INFO - Loading data/CB/section/train\cb7-2.las
2024-12-09 14:21:39,022 - INFO - Loaded 11386908 points from cb7-2.las
2024-12-09 14:21:39,277 - INFO - Total points: 11386908, Iterations: 1112
2024-12-09 14:29:05,540 - INFO - Created 2186 blocks
2024-12-09 14:29:05,543 - INFO - Processing cb7-3.las
2024-12-09 14:29:05,543 - INFO - Loading data/CB/section/train\cb7-3.las
2024-12-09 14:29:07,338 - INFO - Loaded 11000057 points from cb7-3.las
2024-12-09 14:29:07,550 - INFO - Total points: 11000057, Iterations: 1074
2024-12-09 14:35:54,196 - INFO - Created 2100 blocks
2024-12-09 14:35:54,197 - INFO - Processing cb7-4.las
2024-12-09 14:35:54,197 - INFO - Loading data/CB/section/train\cb7-4.las
2024-12-09 14:35:55,267 - INFO - Loaded 6498766 points from cb7-4.las
2024-12-09 14:35:55,406 - INFO - Total points: 6498766, Iterations: 634
2024-12-09 14:37:55,404 - INFO - Created 1199 blocks
2024-12-09 14:37:55,406 - INFO - Processing cb7-5.las
2024-12-09 14:37:55,406 - INFO - Loading data/CB/section/train\cb7-5.las
2024-12-09 14:37:56,696 - INFO - Loaded 7948270 points from cb7-5.las
2024-12-09 14:37:56,864 - INFO - Total points: 7948270, Iterations: 776
2024-12-09 14:40:52,836 - INFO - Created 1460 blocks
2024-12-09 14:40:52,837 - INFO - Processing cb7-6.las
2024-12-09 14:40:52,837 - INFO - Loading data/CB/section/train\cb7-6.las
2024-12-09 14:40:54,626 - INFO - Loaded 11175267 points from cb7-6.las
2024-12-09 14:40:54,846 - INFO - Total points: 11175267, Iterations: 1091
2024-12-09 14:47:59,761 - INFO - Created 2110 blocks
2024-12-09 14:47:59,762 - INFO - Processing cb7-7.las
2024-12-09 14:47:59,762 - INFO - Loading data/CB/section/train\cb7-7.las
2024-12-09 14:48:01,614 - INFO - Loaded 11186818 points from cb7-7.las
2024-12-09 14:48:01,842 - INFO - Total points: 11186818, Iterations: 1092
2024-12-09 14:55:22,828 - INFO - Created 2120 blocks
2024-12-09 14:55:22,828 - INFO - Processing cb7-8.las
2024-12-09 14:55:22,829 - INFO - Loading data/CB/section/train\cb7-8.las
2024-12-09 14:55:24,583 - INFO - Loaded 10633205 points from cb7-8.las
2024-12-09 14:55:24,804 - INFO - Total points: 10633205, Iterations: 1038
2024-12-09 15:01:33,492 - INFO - Created 2053 blocks
2024-12-09 15:01:33,492 - INFO - Processing cb7-9.las
2024-12-09 15:01:33,492 - INFO - Loading data/CB/section/train\cb7-9.las
2024-12-09 15:01:34,390 - INFO - Loaded 5435424 points from cb7-9.las
2024-12-09 15:01:34,506 - INFO - Total points: 5435424, Iterations: 530
2024-12-09 15:02:39,906 - INFO - Created 1021 blocks
2024-12-09 15:02:39,907 - INFO - Processing cb8-1.las
2024-12-09 15:02:39,907 - INFO - Loading data/CB/section/train\cb8-1.las
2024-12-09 15:02:41,148 - INFO - Loaded 7621359 points from cb8-1.las
2024-12-09 15:02:41,325 - INFO - Total points: 7621359, Iterations: 744
2024-12-09 15:04:56,184 - INFO - Created 1472 blocks
2024-12-09 15:04:56,186 - INFO - Processing cb8-10.las
2024-12-09 15:04:56,186 - INFO - Loading data/CB/section/train\cb8-10.las
2024-12-09 15:04:56,905 - INFO - Loaded 4288696 points from cb8-10.las
2024-12-09 15:04:57,001 - INFO - Total points: 4288696, Iterations: 418
2024-12-09 15:05:36,083 - INFO - Created 818 blocks
2024-12-09 15:05:36,083 - INFO - Processing cb8-11.las
2024-12-09 15:05:36,083 - INFO - Loading data/CB/section/train\cb8-11.las
2024-12-09 15:05:36,293 - INFO - Loaded 1125899 points from cb8-11.las
2024-12-09 15:05:36,324 - INFO - Total points: 1125899, Iterations: 109
2024-12-09 15:05:39,797 - INFO - Created 210 blocks
2024-12-09 15:05:39,798 - INFO - Processing cb8-12.las
2024-12-09 15:05:39,798 - INFO - Loading data/CB/section/train\cb8-12.las
2024-12-09 15:05:40,917 - INFO - Loaded 6498360 points from cb8-12.las
2024-12-09 15:05:41,066 - INFO - Total points: 6498360, Iterations: 634
2024-12-09 15:07:19,646 - INFO - Created 1246 blocks
2024-12-09 15:07:19,647 - INFO - Processing cb8-13.las
2024-12-09 15:07:19,647 - INFO - Loading data/CB/section/train\cb8-13.las
2024-12-09 15:07:20,651 - INFO - Loaded 6082268 points from cb8-13.las
2024-12-09 15:07:20,784 - INFO - Total points: 6082268, Iterations: 593
2024-12-09 15:08:46,396 - INFO - Created 1171 blocks
2024-12-09 15:08:46,397 - INFO - Processing cb8-2.las
2024-12-09 15:08:46,397 - INFO - Loading data/CB/section/train\cb8-2.las
2024-12-09 15:08:47,954 - INFO - Loaded 9605428 points from cb8-2.las
2024-12-09 15:08:48,156 - INFO - Total points: 9605428, Iterations: 938
2024-12-09 15:12:50,598 - INFO - Created 1825 blocks
2024-12-09 15:12:50,598 - INFO - Processing cb8-3.las
2024-12-09 15:12:50,598 - INFO - Loading data/CB/section/train\cb8-3.las
2024-12-09 15:12:51,579 - INFO - Loaded 4337589 points from cb8-3.las
2024-12-09 15:12:51,681 - INFO - Total points: 4337589, Iterations: 423
2024-12-09 15:13:30,397 - INFO - Created 765 blocks
2024-12-09 15:13:30,398 - INFO - Processing cb8-4.las
2024-12-09 15:13:30,398 - INFO - Loading data/CB/section/train\cb8-4.las
2024-12-09 15:13:31,171 - INFO - Loaded 4560928 points from cb8-4.las
2024-12-09 15:13:31,281 - INFO - Total points: 4560928, Iterations: 445
2024-12-09 15:14:14,996 - INFO - Created 804 blocks
2024-12-09 15:14:14,997 - INFO - Processing cb8-5.las
2024-12-09 15:14:14,997 - INFO - Loading data/CB/section/train\cb8-5.las
2024-12-09 15:14:16,252 - INFO - Loaded 7397981 points from cb8-5.las
2024-12-09 15:14:16,401 - INFO - Total points: 7397981, Iterations: 722
2024-12-09 15:16:25,844 - INFO - Created 1386 blocks
2024-12-09 15:16:25,846 - INFO - Processing cb8-6.las
2024-12-09 15:16:25,846 - INFO - Loading data/CB/section/train\cb8-6.las
2024-12-09 15:16:27,808 - INFO - Loaded 11592678 points from cb8-6.las
2024-12-09 15:16:28,045 - INFO - Total points: 11592678, Iterations: 1132
2024-12-09 15:23:09,815 - INFO - Created 2197 blocks
2024-12-09 15:23:09,816 - INFO - Processing cb8-7.las
2024-12-09 15:23:09,816 - INFO - Loading data/CB/section/train\cb8-7.las
2024-12-09 15:23:11,079 - INFO - Loaded 7684823 points from cb8-7.las
2024-12-09 15:23:11,275 - INFO - Total points: 7684823, Iterations: 750
2024-12-09 15:25:30,937 - INFO - Created 1462 blocks
2024-12-09 15:25:30,938 - INFO - Processing cb8-8.las
2024-12-09 15:25:30,938 - INFO - Loading data/CB/section/train\cb8-8.las
2024-12-09 15:25:31,118 - INFO - Loaded 729636 points from cb8-8.las
2024-12-09 15:25:31,147 - INFO - Total points: 729636, Iterations: 71
2024-12-09 15:25:33,322 - INFO - Created 128 blocks
2024-12-09 15:25:33,322 - INFO - Processing cb8-9.las
2024-12-09 15:25:33,322 - INFO - Loading data/CB/section/train\cb8-9.las
2024-12-09 15:25:33,722 - INFO - Loaded 2320909 points from cb8-9.las
2024-12-09 15:25:33,782 - INFO - Total points: 2320909, Iterations: 226
2024-12-09 15:25:46,742 - INFO - Created 439 blocks
2024-12-09 15:25:46,743 - INFO - Total blocks created: 68577
2024-12-09 15:25:46,746 - INFO - Saving cache to: data/CB/section/train/cache\dataset_cache_points4096_size1.0_rate0.4_transformTrue_hashb7571a76.pt
2024-12-10 04:16:55,231 - INFO - Cache saved with 68577 blocks
2024-12-10 04:16:55,254 - INFO - reading train data
2024-12-10 04:16:55,261 - INFO - No cache found. Processing dataset...
2024-12-10 04:16:55,262 - INFO - Found 34 las files:
2024-12-10 04:16:55,262 - INFO -   - cb2-1.las
2024-12-10 04:16:55,262 - INFO -   - cb2-2.las
2024-12-10 04:16:55,262 - INFO -   - cb2-3.las
2024-12-10 04:16:55,262 - INFO -   - cb2-4.las
2024-12-10 04:16:55,262 - INFO -   - cb2-5.las
2024-12-10 04:16:55,262 - INFO -   - cb2-6.las
2024-12-10 04:16:55,263 - INFO -   - cb6-1.las
2024-12-10 04:16:55,263 - INFO -   - cb6-10.las
2024-12-10 04:16:55,263 - INFO -   - cb6-11.las
2024-12-10 04:16:55,263 - INFO -   - cb6-12.las
2024-12-10 04:16:55,263 - INFO -   - cb6-13.las
2024-12-10 04:16:55,263 - INFO -   - cb6-2.las
2024-12-10 04:16:55,263 - INFO -   - cb6-3.las
2024-12-10 04:16:55,263 - INFO -   - cb6-4.las
2024-12-10 04:16:55,263 - INFO -   - cb6-5.las
2024-12-10 04:16:55,263 - INFO -   - cb6-6.las
2024-12-10 04:16:55,263 - INFO -   - cb6-7.las
2024-12-10 04:16:55,263 - INFO -   - cb6-8.las
2024-12-10 04:16:55,263 - INFO -   - cb6-9.las
2024-12-10 04:16:55,263 - INFO -   - cb9-1.las
2024-12-10 04:16:55,263 - INFO -   - cb9-10.las
2024-12-10 04:16:55,263 - INFO -   - cb9-11.las
2024-12-10 04:16:55,263 - INFO -   - cb9-12.las
2024-12-10 04:16:55,263 - INFO -   - cb9-13.las
2024-12-10 04:16:55,264 - INFO -   - cb9-14.las
2024-12-10 04:16:55,264 - INFO -   - cb9-15.las
2024-12-10 04:16:55,264 - INFO -   - cb9-2.las
2024-12-10 04:16:55,264 - INFO -   - cb9-3.las
2024-12-10 04:16:55,264 - INFO -   - cb9-4.las
2024-12-10 04:16:55,264 - INFO -   - cb9-5.las
2024-12-10 04:16:55,264 - INFO -   - cb9-6.las
2024-12-10 04:16:55,264 - INFO -   - cb9-7.las
2024-12-10 04:16:55,264 - INFO -   - cb9-8.las
2024-12-10 04:16:55,264 - INFO -   - cb9-9.las
2024-12-10 04:16:55,270 - INFO - Processing cb2-1.las
2024-12-10 04:16:55,270 - INFO - Loading data/CB/section/val\cb2-1.las
2024-12-10 04:16:55,917 - INFO - Loaded 3839552 points from cb2-1.las
2024-12-10 04:16:56,022 - INFO - Total points: 3839552, Iterations: 187
2024-12-10 04:17:14,735 - INFO - Created 272 blocks
2024-12-10 04:17:14,736 - INFO - Processing cb2-2.las
2024-12-10 04:17:14,736 - INFO - Loading data/CB/section/val\cb2-2.las
2024-12-10 04:17:15,299 - INFO - Loaded 3269840 points from cb2-2.las
2024-12-10 04:17:15,387 - INFO - Total points: 3269840, Iterations: 159
2024-12-10 04:17:28,602 - INFO - Created 191 blocks
2024-12-10 04:17:28,603 - INFO - Processing cb2-3.las
2024-12-10 04:17:28,603 - INFO - Loading data/CB/section/val\cb2-3.las
2024-12-10 04:17:29,196 - INFO - Loaded 3328326 points from cb2-3.las
2024-12-10 04:17:29,276 - INFO - Total points: 3328326, Iterations: 162
2024-12-10 04:17:42,651 - INFO - Created 196 blocks
2024-12-10 04:17:42,651 - INFO - Processing cb2-4.las
2024-12-10 04:17:42,651 - INFO - Loading data/CB/section/val\cb2-4.las
2024-12-10 04:17:43,382 - INFO - Loaded 4398762 points from cb2-4.las
2024-12-10 04:17:43,482 - INFO - Total points: 4398762, Iterations: 214
2024-12-10 04:18:08,517 - INFO - Created 297 blocks
2024-12-10 04:18:08,519 - INFO - Processing cb2-5.las
2024-12-10 04:18:08,519 - INFO - Loading data/CB/section/val\cb2-5.las
2024-12-10 04:18:09,449 - INFO - Loaded 5681896 points from cb2-5.las
2024-12-10 04:18:09,576 - INFO - Total points: 5681896, Iterations: 277
2024-12-10 04:18:50,722 - INFO - Created 439 blocks
2024-12-10 04:18:50,723 - INFO - Processing cb2-6.las
2024-12-10 04:18:50,723 - INFO - Loading data/CB/section/val\cb2-6.las
2024-12-10 04:18:51,418 - INFO - Loaded 4098748 points from cb2-6.las
2024-12-10 04:18:51,518 - INFO - Total points: 4098748, Iterations: 200
2024-12-10 04:19:13,108 - INFO - Created 324 blocks
2024-12-10 04:19:13,109 - INFO - Processing cb6-1.las
2024-12-10 04:19:13,109 - INFO - Loading data/CB/section/val\cb6-1.las
2024-12-10 04:19:14,538 - INFO - Loaded 8581054 points from cb6-1.las
2024-12-10 04:19:15,003 - INFO - Total points: 8581054, Iterations: 418
2024-12-10 04:21:03,497 - INFO - Created 822 blocks
2024-12-10 04:21:03,498 - INFO - Processing cb6-10.las
2024-12-10 04:21:03,498 - INFO - Loading data/CB/section/val\cb6-10.las
2024-12-10 04:21:03,609 - INFO - Loaded 378432 points from cb6-10.las
2024-12-10 04:21:03,652 - INFO - Total points: 378432, Iterations: 18
2024-12-10 04:21:04,182 - INFO - Created 24 blocks
2024-12-10 04:21:04,183 - INFO - Processing cb6-11.las
2024-12-10 04:21:04,183 - INFO - Loading data/CB/section/val\cb6-11.las
2024-12-10 04:21:04,361 - INFO - Loaded 701234 points from cb6-11.las
2024-12-10 04:21:04,383 - INFO - Total points: 701234, Iterations: 34
2024-12-10 04:21:05,838 - INFO - Created 59 blocks
2024-12-10 04:21:05,839 - INFO - Processing cb6-12.las
2024-12-10 04:21:05,839 - INFO - Loading data/CB/section/val\cb6-12.las
2024-12-10 04:21:06,365 - INFO - Loaded 3013458 points from cb6-12.las
2024-12-10 04:21:06,448 - INFO - Total points: 3013458, Iterations: 147
2024-12-10 04:21:21,434 - INFO - Created 279 blocks
2024-12-10 04:21:21,435 - INFO - Processing cb6-13.las
2024-12-10 04:21:21,435 - INFO - Loading data/CB/section/val\cb6-13.las
2024-12-10 04:21:22,392 - INFO - Loaded 5093152 points from cb6-13.las
2024-12-10 04:21:22,554 - INFO - Total points: 5093152, Iterations: 248
2024-12-10 04:21:58,057 - INFO - Created 494 blocks
2024-12-10 04:21:58,059 - INFO - Processing cb6-2.las
2024-12-10 04:21:58,059 - INFO - Loading data/CB/section/val\cb6-2.las
2024-12-10 04:21:59,682 - INFO - Loaded 9834570 points from cb6-2.las
2024-12-10 04:21:59,890 - INFO - Total points: 9834570, Iterations: 480
2024-12-10 04:24:34,705 - INFO - Created 950 blocks
2024-12-10 04:24:34,706 - INFO - Processing cb6-3.las
2024-12-10 04:24:34,706 - INFO - Loading data/CB/section/val\cb6-3.las
2024-12-10 04:24:35,961 - INFO - Loaded 7578177 points from cb6-3.las
2024-12-10 04:24:36,128 - INFO - Total points: 7578177, Iterations: 370
2024-12-10 04:25:59,505 - INFO - Created 709 blocks
2024-12-10 04:25:59,506 - INFO - Processing cb6-4.las
2024-12-10 04:25:59,506 - INFO - Loading data/CB/section/val\cb6-4.las
2024-12-10 04:26:00,827 - INFO - Loaded 7599732 points from cb6-4.las
2024-12-10 04:26:01,208 - INFO - Total points: 7599732, Iterations: 371
2024-12-10 04:27:25,173 - INFO - Created 693 blocks
2024-12-10 04:27:25,175 - INFO - Processing cb6-5.las
2024-12-10 04:27:25,175 - INFO - Loading data/CB/section/val\cb6-5.las
2024-12-10 04:27:25,565 - INFO - Loaded 2187967 points from cb6-5.las
2024-12-10 04:27:25,661 - INFO - Total points: 2187967, Iterations: 106
2024-12-10 04:27:33,236 - INFO - Created 141 blocks
2024-12-10 04:27:33,237 - INFO - Processing cb6-6.las
2024-12-10 04:27:33,237 - INFO - Loading data/CB/section/val\cb6-6.las
2024-12-10 04:27:33,917 - INFO - Loaded 4018584 points from cb6-6.las
2024-12-10 04:27:34,017 - INFO - Total points: 4018584, Iterations: 196
2024-12-10 04:27:55,798 - INFO - Created 338 blocks
2024-12-10 04:27:55,800 - INFO - Processing cb6-7.las
2024-12-10 04:27:55,800 - INFO - Loading data/CB/section/val\cb6-7.las
2024-12-10 04:27:57,039 - INFO - Loaded 7108484 points from cb6-7.las
2024-12-10 04:27:57,199 - INFO - Total points: 7108484, Iterations: 347
2024-12-10 04:29:10,015 - INFO - Created 668 blocks
2024-12-10 04:29:10,017 - INFO - Processing cb6-8.las
2024-12-10 04:29:10,018 - INFO - Loading data/CB/section/val\cb6-8.las
2024-12-10 04:29:11,840 - INFO - Loaded 11176124 points from cb6-8.las
2024-12-10 04:29:12,072 - INFO - Total points: 11176124, Iterations: 545
2024-12-10 04:32:45,394 - INFO - Created 1068 blocks
2024-12-10 04:32:45,395 - INFO - Processing cb6-9.las
2024-12-10 04:32:45,396 - INFO - Loading data/CB/section/val\cb6-9.las
2024-12-10 04:32:46,959 - INFO - Loaded 9578351 points from cb6-9.las
2024-12-10 04:32:47,177 - INFO - Total points: 9578351, Iterations: 467
2024-12-10 04:35:13,111 - INFO - Created 910 blocks
2024-12-10 04:35:13,113 - INFO - Processing cb9-1.las
2024-12-10 04:35:13,113 - INFO - Loading data/CB/section/val\cb9-1.las
2024-12-10 04:35:14,355 - INFO - Loaded 6936679 points from cb9-1.las
2024-12-10 04:35:14,516 - INFO - Total points: 6936679, Iterations: 338
2024-12-10 04:36:30,440 - INFO - Created 665 blocks
2024-12-10 04:36:30,440 - INFO - Processing cb9-10.las
2024-12-10 04:36:30,440 - INFO - Loading data/CB/section/val\cb9-10.las
2024-12-10 04:36:30,662 - INFO - Loaded 1144992 points from cb9-10.las
2024-12-10 04:36:30,695 - INFO - Total points: 1144992, Iterations: 55
2024-12-10 04:36:33,527 - INFO - Created 96 blocks
2024-12-10 04:36:33,528 - INFO - Processing cb9-11.las
2024-12-10 04:36:33,528 - INFO - Loading data/CB/section/val\cb9-11.las
2024-12-10 04:36:34,135 - INFO - Loaded 3295292 points from cb9-11.las
2024-12-10 04:36:34,217 - INFO - Total points: 3295292, Iterations: 160
2024-12-10 04:36:55,821 - INFO - Created 314 blocks
2024-12-10 04:36:55,822 - INFO - Processing cb9-12.las
2024-12-10 04:36:55,823 - INFO - Loading data/CB/section/val\cb9-12.las
2024-12-10 04:36:56,643 - INFO - Loaded 4639186 points from cb9-12.las
2024-12-10 04:36:56,823 - INFO - Total points: 4639186, Iterations: 226
2024-12-10 04:37:33,056 - INFO - Created 440 blocks
2024-12-10 04:37:33,058 - INFO - Processing cb9-13.las
2024-12-10 04:37:33,058 - INFO - Loading data/CB/section/val\cb9-13.las
2024-12-10 04:37:33,613 - INFO - Loaded 1463787 points from cb9-13.las
2024-12-10 04:37:33,731 - INFO - Total points: 1463787, Iterations: 71
2024-12-10 04:37:39,294 - INFO - Created 134 blocks
2024-12-10 04:37:39,295 - INFO - Processing cb9-14.las
2024-12-10 04:37:39,295 - INFO - Loading data/CB/section/val\cb9-14.las
2024-12-10 04:37:40,310 - INFO - Loaded 5970564 points from cb9-14.las
2024-12-10 04:37:40,454 - INFO - Total points: 5970564, Iterations: 291
2024-12-10 04:38:32,046 - INFO - Created 568 blocks
2024-12-10 04:38:32,048 - INFO - Processing cb9-15.las
2024-12-10 04:38:32,048 - INFO - Loading data/CB/section/val\cb9-15.las
2024-12-10 04:38:33,097 - INFO - Loaded 6232747 points from cb9-15.las
2024-12-10 04:38:33,240 - INFO - Total points: 6232747, Iterations: 304
2024-12-10 04:39:31,266 - INFO - Created 598 blocks
2024-12-10 04:39:31,267 - INFO - Processing cb9-2.las
2024-12-10 04:39:31,267 - INFO - Loading data/CB/section/val\cb9-2.las
2024-12-10 04:39:33,025 - INFO - Loaded 10813089 points from cb9-2.las
2024-12-10 04:39:33,257 - INFO - Total points: 10813089, Iterations: 527
2024-12-10 04:42:52,662 - INFO - Created 1023 blocks
2024-12-10 04:42:52,674 - INFO - Processing cb9-3.las
2024-12-10 04:42:52,674 - INFO - Loading data/CB/section/val\cb9-3.las
2024-12-10 04:42:54,071 - INFO - Loaded 8385590 points from cb9-3.las
2024-12-10 04:42:54,265 - INFO - Total points: 8385590, Iterations: 409
2024-12-10 04:44:40,122 - INFO - Created 786 blocks
2024-12-10 04:44:40,122 - INFO - Processing cb9-4.las
2024-12-10 04:44:40,122 - INFO - Loading data/CB/section/val\cb9-4.las
2024-12-10 04:44:40,597 - INFO - Loaded 2662097 points from cb9-4.las
2024-12-10 04:44:40,704 - INFO - Total points: 2662097, Iterations: 129
2024-12-10 04:44:51,878 - INFO - Created 213 blocks
2024-12-10 04:44:51,879 - INFO - Processing cb9-5.las
2024-12-10 04:44:51,879 - INFO - Loading data/CB/section/val\cb9-5.las
2024-12-10 04:44:52,896 - INFO - Loaded 5533700 points from cb9-5.las
2024-12-10 04:44:53,060 - INFO - Total points: 5533700, Iterations: 270
2024-12-10 04:45:39,439 - INFO - Created 490 blocks
2024-12-10 04:45:39,440 - INFO - Processing cb9-6.las
2024-12-10 04:45:39,440 - INFO - Loading data/CB/section/val\cb9-6.las
2024-12-10 04:45:40,766 - INFO - Loaded 7956004 points from cb9-6.las
2024-12-10 04:45:40,940 - INFO - Total points: 7956004, Iterations: 388
2024-12-10 04:47:15,813 - INFO - Created 733 blocks
2024-12-10 04:47:15,816 - INFO - Processing cb9-7.las
2024-12-10 04:47:15,816 - INFO - Loading data/CB/section/val\cb9-7.las
2024-12-10 04:47:17,030 - INFO - Loaded 7234688 points from cb9-7.las
2024-12-10 04:47:17,259 - INFO - Total points: 7234688, Iterations: 353
2024-12-10 04:48:37,080 - INFO - Created 688 blocks
2024-12-10 04:48:37,081 - INFO - Processing cb9-8.las
2024-12-10 04:48:37,081 - INFO - Loading data/CB/section/val\cb9-8.las
2024-12-10 04:48:38,330 - INFO - Loaded 7305166 points from cb9-8.las
2024-12-10 04:48:38,504 - INFO - Total points: 7305166, Iterations: 356
2024-12-10 04:49:59,288 - INFO - Created 700 blocks
2024-12-10 04:49:59,289 - INFO - Processing cb9-9.las
2024-12-10 04:49:59,289 - INFO - Loading data/CB/section/val\cb9-9.las
2024-12-10 04:50:00,611 - INFO - Loaded 7916939 points from cb9-9.las
2024-12-10 04:50:00,884 - INFO - Total points: 7916939, Iterations: 386
2024-12-10 04:51:37,487 - INFO - Created 752 blocks
2024-12-10 04:51:37,496 - INFO - Total blocks created: 17074
2024-12-10 04:51:37,504 - INFO - Saving cache to: data/CB/section/val/cache\dataset_cache_points4096_size1.0_rate0.2_transformFalse_hashe2404dd2.pt
2024-12-10 05:19:04,870 - INFO - Cache saved with 17074 blocks
2024-12-10 05:19:04,882 - INFO - reading val data
2024-12-10 05:19:04,885 - INFO - Train dataset size: 68577
2024-12-10 05:19:04,886 - INFO - Val dataset size: 17074
2024-12-10 05:19:07,040 - INFO - Total samples is: <torch.utils.data.dataloader.DataLoader object at 0x000001E4CF2E6870>
2024-12-10 07:25:09,371 - INFO - Validation parameter calculation time: 0:00:00.115036
2024-12-10 07:25:09,372 - INFO - 
Epoch 1/500:
2024-12-10 07:25:09,372 - INFO - Train Loss: 0.3371, Train Acc: 88.24%
2024-12-10 07:25:09,372 - INFO - Val Loss: 0.2575, Val Acc: 90.94%
2024-12-10 07:25:09,377 - INFO - Class 0 Accuracy: 92.46%
2024-12-10 07:25:09,378 - INFO - Class 1 Accuracy: 83.54%
2024-12-10 07:25:09,378 - INFO - Class 2 Accuracy: 93.81%
2024-12-10 07:25:09,378 - INFO - Class 3 Accuracy: 89.74%
2024-12-10 07:25:09,379 - INFO - Class 4 Accuracy: 72.41%
2024-12-10 07:25:09,422 - INFO - Saved best model with accuracy: 90.94%
2024-12-10 07:25:09,453 - INFO - Saved checkpoint at epoch 1
2024-12-10 07:25:09,454 - INFO - Total samples is: <torch.utils.data.dataloader.DataLoader object at 0x000001E4CF2E6870>
2024-12-10 09:30:10,205 - INFO - Validation parameter calculation time: 0:00:00.049609
2024-12-10 09:30:10,205 - INFO - 
Epoch 2/500:
2024-12-10 09:30:10,205 - INFO - Train Loss: 0.2094, Train Acc: 92.70%
2024-12-10 09:30:10,205 - INFO - Val Loss: 0.2502, Val Acc: 91.20%
2024-12-10 09:30:10,208 - INFO - Class 0 Accuracy: 94.14%
2024-12-10 09:30:10,209 - INFO - Class 1 Accuracy: 91.84%
2024-12-10 09:30:10,210 - INFO - Class 2 Accuracy: 91.26%
2024-12-10 09:30:10,210 - INFO - Class 3 Accuracy: 85.58%
2024-12-10 09:30:10,211 - INFO - Class 4 Accuracy: 68.97%
2024-12-10 09:30:10,246 - INFO - Saved best model with accuracy: 91.20%
2024-12-10 09:30:10,280 - INFO - Saved checkpoint at epoch 2
2024-12-10 09:30:10,281 - INFO - Total samples is: <torch.utils.data.dataloader.DataLoader object at 0x000001E4CF2E6870>
2024-12-10 11:35:37,427 - INFO - Validation parameter calculation time: 0:00:00.050014
2024-12-10 11:35:37,428 - INFO - 
Epoch 3/500:
2024-12-10 11:35:37,428 - INFO - Train Loss: 0.1792, Train Acc: 93.74%
2024-12-10 11:35:37,428 - INFO - Val Loss: 0.2158, Val Acc: 92.79%
2024-12-10 11:35:37,430 - INFO - Class 0 Accuracy: 93.39%
2024-12-10 11:35:37,431 - INFO - Class 1 Accuracy: 90.23%
2024-12-10 11:35:37,431 - INFO - Class 2 Accuracy: 96.67%
2024-12-10 11:35:37,431 - INFO - Class 3 Accuracy: 88.64%
2024-12-10 11:35:37,433 - INFO - Class 4 Accuracy: 75.41%
2024-12-10 11:35:37,468 - INFO - Saved best model with accuracy: 92.79%
2024-12-10 11:35:37,499 - INFO - Saved checkpoint at epoch 3
2024-12-10 11:35:37,500 - INFO - Total samples is: <torch.utils.data.dataloader.DataLoader object at 0x000001E4CF2E6870>
2024-12-10 13:41:57,475 - INFO - Validation parameter calculation time: 0:00:00.050082
2024-12-10 13:41:57,476 - INFO - 
Epoch 4/500:
2024-12-10 13:41:57,476 - INFO - Train Loss: 0.1605, Train Acc: 94.43%
2024-12-10 13:41:57,476 - INFO - Val Loss: 0.1904, Val Acc: 93.60%
2024-12-10 13:41:57,479 - INFO - Class 0 Accuracy: 97.06%
2024-12-10 13:41:57,479 - INFO - Class 1 Accuracy: 87.11%
2024-12-10 13:41:57,480 - INFO - Class 2 Accuracy: 95.35%
2024-12-10 13:41:57,481 - INFO - Class 3 Accuracy: 86.80%
2024-12-10 13:41:57,482 - INFO - Class 4 Accuracy: 76.00%
2024-12-10 13:41:57,526 - INFO - Saved best model with accuracy: 93.60%
2024-12-10 13:41:57,561 - INFO - Saved checkpoint at epoch 4
2024-12-10 13:41:57,562 - INFO - Total samples is: <torch.utils.data.dataloader.DataLoader object at 0x000001E4CF2E6870>
2024-12-10 15:49:54,157 - INFO - Validation parameter calculation time: 0:00:00.051434
2024-12-10 15:49:54,157 - INFO - 
Epoch 5/500:
2024-12-10 15:49:54,157 - INFO - Train Loss: 0.1487, Train Acc: 94.84%
2024-12-10 15:49:54,157 - INFO - Val Loss: 0.1738, Val Acc: 94.01%
2024-12-10 15:49:54,160 - INFO - Class 0 Accuracy: 96.78%
2024-12-10 15:49:54,160 - INFO - Class 1 Accuracy: 86.85%
2024-12-10 15:49:54,161 - INFO - Class 2 Accuracy: 95.51%
2024-12-10 15:49:54,162 - INFO - Class 3 Accuracy: 89.57%
2024-12-10 15:49:54,162 - INFO - Class 4 Accuracy: 81.19%
2024-12-10 15:49:54,202 - INFO - Saved best model with accuracy: 94.01%
2024-12-10 15:49:54,229 - INFO - Saved checkpoint at epoch 5
2024-12-10 15:49:54,231 - INFO - Total samples is: <torch.utils.data.dataloader.DataLoader object at 0x000001E4CF2E6870>
2024-12-10 17:58:39,751 - INFO - Validation parameter calculation time: 0:00:00.050132
2024-12-10 17:58:39,754 - INFO - 
Epoch 6/500:
2024-12-10 17:58:39,754 - INFO - Train Loss: 0.1424, Train Acc: 95.04%
2024-12-10 17:58:39,754 - INFO - Val Loss: 0.1809, Val Acc: 93.69%
2024-12-10 17:58:39,754 - INFO - Class 0 Accuracy: 95.56%
2024-12-10 17:58:39,756 - INFO - Class 1 Accuracy: 92.08%
2024-12-10 17:58:39,756 - INFO - Class 2 Accuracy: 95.50%
2024-12-10 17:58:39,757 - INFO - Class 3 Accuracy: 89.04%
2024-12-10 17:58:39,757 - INFO - Class 4 Accuracy: 75.03%
2024-12-10 17:58:39,806 - INFO - Saved checkpoint at epoch 6
2024-12-10 17:58:39,808 - INFO - Total samples is: <torch.utils.data.dataloader.DataLoader object at 0x000001E4CF2E6870>
2024-12-10 20:07:33,257 - INFO - Validation parameter calculation time: 0:00:00.089123
2024-12-10 20:07:33,258 - INFO - 
Epoch 7/500:
2024-12-10 20:07:33,258 - INFO - Train Loss: 0.1352, Train Acc: 95.29%
2024-12-10 20:07:33,259 - INFO - Val Loss: 0.2101, Val Acc: 92.62%
2024-12-10 20:07:33,260 - INFO - Class 0 Accuracy: 95.00%
2024-12-10 20:07:33,262 - INFO - Class 1 Accuracy: 82.84%
2024-12-10 20:07:33,262 - INFO - Class 2 Accuracy: 95.26%
2024-12-10 20:07:33,262 - INFO - Class 3 Accuracy: 88.91%
2024-12-10 20:07:33,263 - INFO - Class 4 Accuracy: 80.81%
2024-12-10 20:07:33,306 - INFO - Saved checkpoint at epoch 7
2024-12-10 20:07:33,306 - INFO - Total samples is: <torch.utils.data.dataloader.DataLoader object at 0x000001E4CF2E6870>
2024-12-10 22:13:54,813 - INFO - Validation parameter calculation time: 0:00:00.049494
2024-12-10 22:13:54,814 - INFO - 
Epoch 8/500:
2024-12-10 22:13:54,814 - INFO - Train Loss: 0.1324, Train Acc: 95.38%
2024-12-10 22:13:54,814 - INFO - Val Loss: 0.1936, Val Acc: 92.93%
2024-12-10 22:13:54,816 - INFO - Class 0 Accuracy: 97.40%
2024-12-10 22:13:54,817 - INFO - Class 1 Accuracy: 84.15%
2024-12-10 22:13:54,817 - INFO - Class 2 Accuracy: 93.96%
2024-12-10 22:13:54,817 - INFO - Class 3 Accuracy: 87.12%
2024-12-10 22:13:54,818 - INFO - Class 4 Accuracy: 70.46%
2024-12-10 22:13:54,853 - INFO - Saved checkpoint at epoch 8
2024-12-10 22:13:54,854 - INFO - Total samples is: <torch.utils.data.dataloader.DataLoader object at 0x000001E4CF2E6870>
2024-12-10 23:52:41,604 - INFO - Validation parameter calculation time: 0:00:00.032686
2024-12-10 23:52:41,605 - INFO - 
Epoch 9/500:
2024-12-10 23:52:41,605 - INFO - Train Loss: 0.1282, Train Acc: 95.55%
2024-12-10 23:52:41,605 - INFO - Val Loss: 0.2071, Val Acc: 93.11%
2024-12-10 23:52:41,606 - INFO - Class 0 Accuracy: 91.53%
2024-12-10 23:52:41,607 - INFO - Class 1 Accuracy: 94.19%
2024-12-10 23:52:41,608 - INFO - Class 2 Accuracy: 96.51%
2024-12-10 23:52:41,608 - INFO - Class 3 Accuracy: 92.11%
2024-12-10 23:52:41,609 - INFO - Class 4 Accuracy: 87.39%
2024-12-10 23:52:41,651 - INFO - Saved checkpoint at epoch 9
2024-12-10 23:52:41,651 - INFO - Total samples is: <torch.utils.data.dataloader.DataLoader object at 0x000001E4CF2E6870>
2024-12-11 01:05:55,193 - INFO - Validation parameter calculation time: 0:00:00.029617
2024-12-11 01:05:55,194 - INFO - 
Epoch 10/500:
2024-12-11 01:05:55,194 - INFO - Train Loss: 0.1298, Train Acc: 95.46%
2024-12-11 01:05:55,194 - INFO - Val Loss: 0.1751, Val Acc: 93.95%
2024-12-11 01:05:55,195 - INFO - Class 0 Accuracy: 95.81%
2024-12-11 01:05:55,195 - INFO - Class 1 Accuracy: 89.58%
2024-12-11 01:05:55,196 - INFO - Class 2 Accuracy: 96.11%
2024-12-11 01:05:55,196 - INFO - Class 3 Accuracy: 89.72%
2024-12-11 01:05:55,197 - INFO - Class 4 Accuracy: 79.30%
2024-12-11 01:05:55,235 - INFO - Saved checkpoint at epoch 10
2024-12-11 01:05:55,236 - INFO - Total samples is: <torch.utils.data.dataloader.DataLoader object at 0x000001E4CF2E6870>
2024-12-11 02:38:09,961 - INFO - Validation parameter calculation time: 0:00:00.087131
2024-12-11 02:38:09,961 - INFO - 
Epoch 11/500:
2024-12-11 02:38:09,961 - INFO - Train Loss: 0.1219, Train Acc: 95.75%
2024-12-11 02:38:09,961 - INFO - Val Loss: 0.1656, Val Acc: 93.85%
2024-12-11 02:38:09,967 - INFO - Class 0 Accuracy: 96.99%
2024-12-11 02:38:09,968 - INFO - Class 1 Accuracy: 83.88%
2024-12-11 02:38:09,968 - INFO - Class 2 Accuracy: 94.98%
2024-12-11 02:38:09,969 - INFO - Class 3 Accuracy: 90.68%
2024-12-11 02:38:09,970 - INFO - Class 4 Accuracy: 82.68%
2024-12-11 02:38:10,044 - INFO - Saved checkpoint at epoch 11
2024-12-11 02:38:10,045 - INFO - Total samples is: <torch.utils.data.dataloader.DataLoader object at 0x000001E4CF2E6870>
2024-12-11 04:29:10,170 - ERROR - Training failed with exception:
Traceback (most recent call last):
  File "D:\Work\Pointcloud-WL\Pointcloud-bridge\Highway_bridge\train_MulSca_PN2.py", line 377, in <module>
    train()
  File "D:\Work\Pointcloud-WL\Pointcloud-bridge\Highway_bridge\train_MulSca_PN2.py", line 212, in train
    pbar.set_postfix({
  File "C:\Users\cy519\anaconda3\envs\pytorch\Lib\site-packages\tqdm\std.py", line 1431, in set_postfix
    self.refresh()
  File "C:\Users\cy519\anaconda3\envs\pytorch\Lib\site-packages\tqdm\std.py", line 1347, in refresh
    self.display()
  File "C:\Users\cy519\anaconda3\envs\pytorch\Lib\site-packages\tqdm\std.py", line 1495, in display
    self.sp(self.__str__() if msg is None else msg)
  File "C:\Users\cy519\anaconda3\envs\pytorch\Lib\site-packages\tqdm\std.py", line 459, in print_status
    fp_write('\r' + s + (' ' * max(last_len[0] - len_s, 0)))
  File "C:\Users\cy519\anaconda3\envs\pytorch\Lib\site-packages\tqdm\std.py", line 452, in fp_write
    fp.write(str(s))
  File "C:\Users\cy519\anaconda3\envs\pytorch\Lib\site-packages\tqdm\utils.py", line 196, in inner
    return func(*args, **kwargs)
           ^^^^^^^^^^^^^^^^^^^^^
  File "C:\Users\cy519\anaconda3\envs\pytorch\Lib\site-packages\wandb\sdk\lib\redirect.py", line 645, in write
    self._old_write(data)
OSError: [Errno 22] Invalid argument
