2024-11-22 17:19:56,075 - INFO - Training configuration:
2024-11-22 17:19:56,075 - INFO - num_points: 4096
2024-11-22 17:19:56,075 - INFO - chunk_size: 4096
2024-11-22 17:19:56,075 - INFO - overlap: 1024
2024-11-22 17:19:56,075 - INFO - batch_size: 64
2024-11-22 17:19:56,075 - INFO - num_workers: 0
2024-11-22 17:19:56,075 - INFO - learning_rate: 0.001
2024-11-22 17:19:56,076 - INFO - num_classes: 5
2024-11-22 17:19:56,076 - INFO - num_epochs: 500
2024-11-22 17:19:56,076 - INFO - device: cuda
2024-11-22 17:19:56,076 - INFO - Using device: cuda
2024-11-22 17:19:56,076 - INFO - Found 6 las files:
2024-11-22 17:19:56,076 - INFO - Loading data/fukushima/onepart/train/bridge-3.las
2024-11-22 17:19:56,529 - INFO - Loaded 16239683 points from bridge-3.las
2024-11-22 17:19:56,547 - INFO - Processing data - Points: (16239683, 3), Colors: (16239683, 3), Labels: (16239683,)
2024-11-22 17:20:07,026 - INFO - Created 4012 blocks
2024-11-22 17:20:07,211 - INFO - Loading data/fukushima/onepart/train/bridge-4.las
2024-11-22 17:20:07,547 - INFO - Loaded 12134787 points from bridge-4.las
2024-11-22 17:20:07,587 - INFO - Processing data - Points: (12134787, 3), Colors: (12134787, 3), Labels: (12134787,)
2024-11-22 17:20:15,490 - INFO - Created 2997 blocks
2024-11-22 17:20:15,611 - INFO - Loading data/fukushima/onepart/train/bridge-5.las
2024-11-22 17:20:15,845 - INFO - Loaded 8373599 points from bridge-5.las
2024-11-22 17:20:15,876 - INFO - Processing data - Points: (8373599, 3), Colors: (8373599, 3), Labels: (8373599,)
2024-11-22 17:20:21,427 - INFO - Created 6540 blocks
2024-11-22 17:20:21,523 - INFO - Loading data/fukushima/onepart/train/bridge-6.las
2024-11-22 17:20:21,872 - INFO - Loaded 12716121 points from bridge-6.las
2024-11-22 17:20:21,900 - INFO - Processing data - Points: (12716121, 3), Colors: (12716121, 3), Labels: (12716121,)
2024-11-22 17:20:30,148 - INFO - Created 3861 blocks
2024-11-22 17:20:30,278 - INFO - Loading data/fukushima/onepart/train/bridge-8.las
2024-11-22 17:20:30,833 - INFO - Loaded 20025746 points from bridge-8.las
2024-11-22 17:20:30,874 - INFO - Processing data - Points: (20025746, 3), Colors: (20025746, 3), Labels: (20025746,)
2024-11-22 17:20:43,709 - INFO - Created 3400 blocks
2024-11-22 17:20:43,899 - INFO - Loading data/fukushima/onepart/train/bridge-9.las
2024-11-22 17:20:44,631 - INFO - Loaded 26071676 points from bridge-9.las
2024-11-22 17:20:44,706 - INFO - Processing data - Points: (26071676, 3), Colors: (26071676, 3), Labels: (26071676,)
2024-11-22 17:21:02,361 - INFO - Created 5357 blocks
2024-11-22 17:21:02,650 - INFO - Total blocks created: 26167
2024-11-22 17:21:02,697 - INFO - reading train data
2024-11-22 17:21:02,698 - INFO - Found 1 las files:
2024-11-22 17:21:02,698 - INFO - Loading data/fukushima/onepart/val/bridge-7.las
2024-11-22 17:21:03,114 - INFO - Loaded 15021376 points from bridge-7.las
2024-11-22 17:21:03,129 - INFO - Processing data - Points: (15021376, 3), Colors: (15021376, 3), Labels: (15021376,)
2024-11-22 17:21:13,207 - INFO - Created 1 blocks
2024-11-22 17:21:13,298 - INFO - Total blocks created: 1
2024-11-22 17:21:13,325 - INFO - reading val data
2024-11-22 17:21:13,325 - INFO - Train dataset size: 26167
2024-11-22 17:21:13,325 - INFO - Val dataset size: 1
2024-11-22 17:21:14,220 - INFO - Total samples is: <torch.utils.data.dataloader.DataLoader object at 0x000001C287F3BC20>
2024-11-22 17:21:14,227 - ERROR - Training failed with exception:
Traceback (most recent call last):
  File "D:\Work\Pointcloud-WL\Pointcloud-bridge\Highway_bridge\train.py", line 324, in <module>
    train()
  File "D:\Work\Pointcloud-WL\Pointcloud-bridge\Highway_bridge\train.py", line 137, in train
    for batch in pbar:
  File "C:\Users\cy519\anaconda3\envs\pytorch\Lib\site-packages\tqdm\std.py", line 1181, in __iter__
    for obj in iterable:
  File "C:\Users\cy519\anaconda3\envs\pytorch\Lib\site-packages\torch\utils\data\dataloader.py", line 701, in __next__
    data = self._next_data()
           ^^^^^^^^^^^^^^^^^
  File "C:\Users\cy519\anaconda3\envs\pytorch\Lib\site-packages\torch\utils\data\dataloader.py", line 757, in _next_data
    data = self._dataset_fetcher.fetch(index)  # may raise StopIteration
           ^^^^^^^^^^^^^^^^^^^^^^^^^^^^^^^^^^
  File "C:\Users\cy519\anaconda3\envs\pytorch\Lib\site-packages\torch\utils\data\_utils\fetch.py", line 55, in fetch
    return self.collate_fn(data)
           ^^^^^^^^^^^^^^^^^^^^^
  File "C:\Users\cy519\anaconda3\envs\pytorch\Lib\site-packages\torch\utils\data\_utils\collate.py", line 398, in default_collate
    return collate(batch, collate_fn_map=default_collate_fn_map)
           ^^^^^^^^^^^^^^^^^^^^^^^^^^^^^^^^^^^^^^^^^^^^^^^^^^^^^
  File "C:\Users\cy519\anaconda3\envs\pytorch\Lib\site-packages\torch\utils\data\_utils\collate.py", line 172, in collate
    key: collate(
         ^^^^^^^^
  File "C:\Users\cy519\anaconda3\envs\pytorch\Lib\site-packages\torch\utils\data\_utils\collate.py", line 155, in collate
    return collate_fn_map[elem_type](batch, collate_fn_map=collate_fn_map)
           ^^^^^^^^^^^^^^^^^^^^^^^^^^^^^^^^^^^^^^^^^^^^^^^^^^^^^^^^^^^^^^^
  File "C:\Users\cy519\anaconda3\envs\pytorch\Lib\site-packages\torch\utils\data\_utils\collate.py", line 285, in collate_numpy_array_fn
    return collate([torch.as_tensor(b) for b in batch], collate_fn_map=collate_fn_map)
           ^^^^^^^^^^^^^^^^^^^^^^^^^^^^^^^^^^^^^^^^^^^^^^^^^^^^^^^^^^^^^^^^^^^^^^^^^^^
  File "C:\Users\cy519\anaconda3\envs\pytorch\Lib\site-packages\torch\utils\data\_utils\collate.py", line 155, in collate
    return collate_fn_map[elem_type](batch, collate_fn_map=collate_fn_map)
           ^^^^^^^^^^^^^^^^^^^^^^^^^^^^^^^^^^^^^^^^^^^^^^^^^^^^^^^^^^^^^^^
  File "C:\Users\cy519\anaconda3\envs\pytorch\Lib\site-packages\torch\utils\data\_utils\collate.py", line 272, in collate_tensor_fn
    return torch.stack(batch, 0, out=out)
           ^^^^^^^^^^^^^^^^^^^^^^^^^^^^^^
RuntimeError: stack expects each tensor to be equal size, but got [1210, 3] at entry 0 and [13586, 3] at entry 1
