2025-04-14 09:21:46,052 - INFO - Training configuration:
2025-04-14 09:21:46,052 - INFO - num_points: 4096
2025-04-14 09:21:46,052 - INFO - chunk_size: 4096
2025-04-14 09:21:46,052 - INFO - overlap: 1024
2025-04-14 09:21:46,052 - INFO - batch_size: 16
2025-04-14 09:21:46,052 - INFO - num_workers: 6
2025-04-14 09:21:46,052 - INFO - learning_rate: 0.001
2025-04-14 09:21:46,052 - INFO - num_classes: 5
2025-04-14 09:21:46,052 - INFO - num_epochs: 100
2025-04-14 09:21:46,053 - INFO - device: cuda
2025-04-14 09:21:46,053 - INFO - Using device: cuda
2025-04-14 09:21:46,053 - INFO - Found 7 h5 files:
2025-04-14 09:21:46,053 - INFO -   - cb1.h5
2025-04-14 09:21:46,053 - INFO -   - cb2.h5
2025-04-14 09:21:46,053 - INFO -   - cb3.h5
2025-04-14 09:21:46,053 - INFO -   - cb4.h5
2025-04-14 09:21:46,053 - INFO -   - cb5.h5
2025-04-14 09:21:46,053 - INFO -   - cb7.h5
2025-04-14 09:21:46,053 - INFO -   - cb8.h5
2025-04-14 09:21:53,653 - INFO - Total blocks created: 13145
2025-04-14 09:21:53,655 - INFO - reading train data
2025-04-14 09:21:53,655 - INFO - Found 2 h5 files:
2025-04-14 09:21:53,656 - INFO -   - cb6.h5
2025-04-14 09:21:53,656 - INFO -   - cb9.h5
2025-04-14 09:22:01,899 - INFO - Total blocks created: 6563
2025-04-14 09:22:01,901 - INFO - reading val data
2025-04-14 09:22:01,901 - INFO - Train dataset size: 13145
2025-04-14 09:22:01,901 - INFO - Val dataset size: 6563
2025-04-14 09:22:02,248 - INFO - Total samples is: <torch.utils.data.dataloader.DataLoader object at 0x000001D3DDE64F90>
