2024-12-16 17:14:38,618 - INFO - Training configuration:
2024-12-16 17:14:38,618 - INFO - num_points: 4096
2024-12-16 17:14:38,618 - INFO - chunk_size: 4096
2024-12-16 17:14:38,618 - INFO - overlap: 1024
2024-12-16 17:14:38,618 - INFO - batch_size: 16
2024-12-16 17:14:38,618 - INFO - num_workers: 0
2024-12-16 17:14:38,618 - INFO - learning_rate: 0.001
2024-12-16 17:14:38,618 - INFO - num_classes: 5
2024-12-16 17:14:38,619 - INFO - num_epochs: 500
2024-12-16 17:14:38,619 - INFO - device: cuda
2024-12-16 17:14:38,619 - INFO - Using device: cuda
2024-12-16 17:14:38,621 - INFO - Loading dataset from cache: ../data/CB/section/train//cache\dataset_cache_points4096_size1.0_rate0.4_transformTrue_hash7cfce2e7.pt
2024-12-16 18:00:55,369 - INFO - Successfully loaded 49224 blocks from cache
2024-12-16 18:00:55,371 - INFO - reading train data
2024-12-16 18:00:55,373 - INFO - Loading dataset from cache: ../data/CB/section/val//cache\dataset_cache_points4096_size1.0_rate0.4_transformFalse_hash953a0685.pt
2024-12-16 18:25:55,069 - INFO - Successfully loaded 8003 blocks from cache
2024-12-16 18:25:55,069 - INFO - reading val data
2024-12-16 18:25:55,070 - INFO - Train dataset size: 49224
2024-12-16 18:25:55,070 - INFO - Val dataset size: 8003
2024-12-16 18:25:59,704 - INFO - Total samples is: <torch.utils.data.dataloader.DataLoader object at 0x0000018778AD8CE0>
2024-12-16 18:49:47,792 - INFO - Validation parameter calculation time: 0:00:00.014529
2024-12-16 18:49:47,792 - INFO - 
Epoch 1/500:
2024-12-16 18:49:47,792 - INFO - Train Loss: 0.3838, Train Acc: 86.51%
2024-12-16 18:49:47,792 - INFO - Val Loss: 0.4279, Val Acc: 85.54%
2024-12-16 18:49:47,793 - INFO - Class 0 Accuracy: 92.67%
2024-12-16 18:49:47,794 - INFO - Class 1 Accuracy: 84.88%
2024-12-16 18:49:47,795 - INFO - Class 2 Accuracy: 76.79%
2024-12-16 18:49:47,795 - INFO - Class 3 Accuracy: 86.88%
2024-12-16 18:49:47,795 - INFO - Class 4 Accuracy: 63.11%
2024-12-16 18:49:47,854 - INFO - Saved best model with accuracy: 85.54%
2024-12-16 18:49:47,905 - INFO - Saved checkpoint at epoch 1
2024-12-16 18:49:47,906 - INFO - Total samples is: <torch.utils.data.dataloader.DataLoader object at 0x0000018778AD8CE0>
2024-12-16 19:12:13,820 - INFO - Validation parameter calculation time: 0:00:00.014315
2024-12-16 19:12:13,821 - INFO - 
Epoch 2/500:
2024-12-16 19:12:13,821 - INFO - Train Loss: 0.2311, Train Acc: 91.96%
2024-12-16 19:12:13,821 - INFO - Val Loss: 0.3759, Val Acc: 86.88%
2024-12-16 19:12:13,821 - INFO - Class 0 Accuracy: 93.88%
2024-12-16 19:12:13,822 - INFO - Class 1 Accuracy: 74.11%
2024-12-16 19:12:13,823 - INFO - Class 2 Accuracy: 78.92%
2024-12-16 19:12:13,823 - INFO - Class 3 Accuracy: 85.94%
2024-12-16 19:12:13,824 - INFO - Class 4 Accuracy: 80.59%
2024-12-16 19:12:13,877 - INFO - Saved best model with accuracy: 86.88%
2024-12-16 19:12:13,924 - INFO - Saved checkpoint at epoch 2
2024-12-16 19:12:13,925 - INFO - Total samples is: <torch.utils.data.dataloader.DataLoader object at 0x0000018778AD8CE0>
2024-12-16 19:34:36,932 - INFO - Validation parameter calculation time: 0:00:00.014118
2024-12-16 19:34:36,933 - INFO - 
Epoch 3/500:
2024-12-16 19:34:36,933 - INFO - Train Loss: 0.1986, Train Acc: 93.11%
2024-12-16 19:34:36,933 - INFO - Val Loss: 0.4786, Val Acc: 85.06%
2024-12-16 19:34:36,933 - INFO - Class 0 Accuracy: 91.75%
2024-12-16 19:34:36,934 - INFO - Class 1 Accuracy: 90.70%
2024-12-16 19:34:36,935 - INFO - Class 2 Accuracy: 71.46%
2024-12-16 19:34:36,935 - INFO - Class 3 Accuracy: 90.65%
2024-12-16 19:34:36,935 - INFO - Class 4 Accuracy: 84.58%
2024-12-16 19:34:36,998 - INFO - Saved checkpoint at epoch 3
2024-12-16 19:34:36,998 - INFO - Total samples is: <torch.utils.data.dataloader.DataLoader object at 0x0000018778AD8CE0>
2024-12-16 19:57:05,700 - INFO - Validation parameter calculation time: 0:00:00.014089
2024-12-16 19:57:05,700 - INFO - 
Epoch 4/500:
2024-12-16 19:57:05,700 - INFO - Train Loss: 0.1761, Train Acc: 93.88%
2024-12-16 19:57:05,700 - INFO - Val Loss: 0.4297, Val Acc: 86.70%
2024-12-16 19:57:05,702 - INFO - Class 0 Accuracy: 96.14%
2024-12-16 19:57:05,702 - INFO - Class 1 Accuracy: 82.07%
2024-12-16 19:57:05,703 - INFO - Class 2 Accuracy: 73.06%
2024-12-16 19:57:05,703 - INFO - Class 3 Accuracy: 90.05%
2024-12-16 19:57:05,704 - INFO - Class 4 Accuracy: 71.27%
2024-12-16 19:57:05,759 - INFO - Saved checkpoint at epoch 4
2024-12-16 19:57:05,761 - INFO - Total samples is: <torch.utils.data.dataloader.DataLoader object at 0x0000018778AD8CE0>
2024-12-16 20:19:36,788 - INFO - Validation parameter calculation time: 0:00:00.014107
2024-12-16 20:19:36,789 - INFO - 
Epoch 5/500:
2024-12-16 20:19:36,789 - INFO - Train Loss: 0.1639, Train Acc: 94.31%
2024-12-16 20:19:36,789 - INFO - Val Loss: 0.4640, Val Acc: 84.86%
2024-12-16 20:19:36,790 - INFO - Class 0 Accuracy: 91.14%
2024-12-16 20:19:36,790 - INFO - Class 1 Accuracy: 85.83%
2024-12-16 20:19:36,790 - INFO - Class 2 Accuracy: 74.35%
2024-12-16 20:19:36,791 - INFO - Class 3 Accuracy: 86.05%
2024-12-16 20:19:36,791 - INFO - Class 4 Accuracy: 84.55%
2024-12-16 20:19:36,846 - INFO - Saved checkpoint at epoch 5
2024-12-16 20:19:36,847 - INFO - Total samples is: <torch.utils.data.dataloader.DataLoader object at 0x0000018778AD8CE0>
2024-12-16 20:42:06,508 - INFO - Validation parameter calculation time: 0:00:00.013661
2024-12-16 20:42:06,509 - INFO - 
Epoch 6/500:
2024-12-16 20:42:06,509 - INFO - Train Loss: 0.1537, Train Acc: 94.62%
2024-12-16 20:42:06,509 - INFO - Val Loss: 0.4411, Val Acc: 86.67%
2024-12-16 20:42:06,510 - INFO - Class 0 Accuracy: 94.01%
2024-12-16 20:42:06,510 - INFO - Class 1 Accuracy: 81.26%
2024-12-16 20:42:06,511 - INFO - Class 2 Accuracy: 73.46%
2024-12-16 20:42:06,511 - INFO - Class 3 Accuracy: 91.77%
2024-12-16 20:42:06,512 - INFO - Class 4 Accuracy: 88.33%
2024-12-16 20:42:06,572 - INFO - Saved checkpoint at epoch 6
2024-12-16 20:42:06,572 - INFO - Total samples is: <torch.utils.data.dataloader.DataLoader object at 0x0000018778AD8CE0>
2024-12-16 21:04:31,856 - INFO - Validation parameter calculation time: 0:00:00.014118
2024-12-16 21:04:31,857 - INFO - 
Epoch 7/500:
2024-12-16 21:04:31,857 - INFO - Train Loss: 0.1487, Train Acc: 94.82%
2024-12-16 21:04:31,857 - INFO - Val Loss: 0.4514, Val Acc: 84.88%
2024-12-16 21:04:31,857 - INFO - Class 0 Accuracy: 87.27%
2024-12-16 21:04:31,858 - INFO - Class 1 Accuracy: 83.42%
2024-12-16 21:04:31,858 - INFO - Class 2 Accuracy: 80.86%
2024-12-16 21:04:31,859 - INFO - Class 3 Accuracy: 86.07%
2024-12-16 21:04:31,859 - INFO - Class 4 Accuracy: 85.24%
2024-12-16 21:04:31,910 - INFO - Saved checkpoint at epoch 7
2024-12-16 21:04:31,911 - INFO - Total samples is: <torch.utils.data.dataloader.DataLoader object at 0x0000018778AD8CE0>
2024-12-16 21:26:57,605 - INFO - Validation parameter calculation time: 0:00:00.014054
2024-12-16 21:26:57,606 - INFO - 
Epoch 8/500:
2024-12-16 21:26:57,606 - INFO - Train Loss: 0.1416, Train Acc: 95.06%
2024-12-16 21:26:57,606 - INFO - Val Loss: 0.3234, Val Acc: 89.51%
2024-12-16 21:26:57,607 - INFO - Class 0 Accuracy: 95.29%
2024-12-16 21:26:57,607 - INFO - Class 1 Accuracy: 84.18%
2024-12-16 21:26:57,608 - INFO - Class 2 Accuracy: 82.08%
2024-12-16 21:26:57,609 - INFO - Class 3 Accuracy: 89.17%
2024-12-16 21:26:57,609 - INFO - Class 4 Accuracy: 83.27%
2024-12-16 21:26:57,665 - INFO - Saved best model with accuracy: 89.51%
2024-12-16 21:26:57,705 - INFO - Saved checkpoint at epoch 8
2024-12-16 21:26:57,705 - INFO - Total samples is: <torch.utils.data.dataloader.DataLoader object at 0x0000018778AD8CE0>
2024-12-16 21:49:25,162 - INFO - Validation parameter calculation time: 0:00:00.014174
2024-12-16 21:49:25,163 - INFO - 
Epoch 9/500:
2024-12-16 21:49:25,163 - INFO - Train Loss: 0.1375, Train Acc: 95.19%
2024-12-16 21:49:25,163 - INFO - Val Loss: 0.4707, Val Acc: 85.62%
2024-12-16 21:49:25,164 - INFO - Class 0 Accuracy: 96.25%
2024-12-16 21:49:25,164 - INFO - Class 1 Accuracy: 53.31%
2024-12-16 21:49:25,165 - INFO - Class 2 Accuracy: 73.77%
2024-12-16 21:49:25,165 - INFO - Class 3 Accuracy: 90.65%
2024-12-16 21:49:25,166 - INFO - Class 4 Accuracy: 72.01%
2024-12-16 21:49:25,227 - INFO - Saved checkpoint at epoch 9
2024-12-16 21:49:25,229 - INFO - Total samples is: <torch.utils.data.dataloader.DataLoader object at 0x0000018778AD8CE0>
2024-12-16 22:11:58,298 - INFO - Validation parameter calculation time: 0:00:00.013660
2024-12-16 22:11:58,298 - INFO - 
Epoch 10/500:
2024-12-16 22:11:58,298 - INFO - Train Loss: 0.1330, Train Acc: 95.35%
2024-12-16 22:11:58,298 - INFO - Val Loss: 0.3912, Val Acc: 88.12%
2024-12-16 22:11:58,299 - INFO - Class 0 Accuracy: 93.55%
2024-12-16 22:11:58,300 - INFO - Class 1 Accuracy: 89.83%
2024-12-16 22:11:58,300 - INFO - Class 2 Accuracy: 79.13%
2024-12-16 22:11:58,301 - INFO - Class 3 Accuracy: 90.86%
2024-12-16 22:11:58,301 - INFO - Class 4 Accuracy: 81.37%
2024-12-16 22:11:58,358 - INFO - Saved checkpoint at epoch 10
2024-12-16 22:11:58,360 - INFO - Total samples is: <torch.utils.data.dataloader.DataLoader object at 0x0000018778AD8CE0>
2024-12-16 22:34:24,001 - INFO - Validation parameter calculation time: 0:00:00.014091
2024-12-16 22:34:24,003 - INFO - 
Epoch 11/500:
2024-12-16 22:34:24,003 - INFO - Train Loss: 0.1297, Train Acc: 95.50%
2024-12-16 22:34:24,003 - INFO - Val Loss: 0.3056, Val Acc: 89.65%
2024-12-16 22:34:24,003 - INFO - Class 0 Accuracy: 97.46%
2024-12-16 22:34:24,004 - INFO - Class 1 Accuracy: 86.56%
2024-12-16 22:34:24,004 - INFO - Class 2 Accuracy: 79.80%
2024-12-16 22:34:24,005 - INFO - Class 3 Accuracy: 88.41%
2024-12-16 22:34:24,005 - INFO - Class 4 Accuracy: 76.28%
2024-12-16 22:34:24,066 - INFO - Saved best model with accuracy: 89.65%
2024-12-16 22:34:24,117 - INFO - Saved checkpoint at epoch 11
2024-12-16 22:34:24,118 - INFO - Total samples is: <torch.utils.data.dataloader.DataLoader object at 0x0000018778AD8CE0>
2024-12-16 22:56:36,984 - INFO - Validation parameter calculation time: 0:00:00.014074
2024-12-16 22:56:36,985 - INFO - 
Epoch 12/500:
2024-12-16 22:56:36,985 - INFO - Train Loss: 0.1291, Train Acc: 95.50%
2024-12-16 22:56:36,985 - INFO - Val Loss: 0.3797, Val Acc: 88.26%
2024-12-16 22:56:36,986 - INFO - Class 0 Accuracy: 92.66%
2024-12-16 22:56:36,986 - INFO - Class 1 Accuracy: 92.62%
2024-12-16 22:56:36,987 - INFO - Class 2 Accuracy: 79.20%
2024-12-16 22:56:36,987 - INFO - Class 3 Accuracy: 92.36%
2024-12-16 22:56:36,988 - INFO - Class 4 Accuracy: 86.65%
2024-12-16 22:56:37,049 - INFO - Saved checkpoint at epoch 12
2024-12-16 22:56:37,050 - INFO - Total samples is: <torch.utils.data.dataloader.DataLoader object at 0x0000018778AD8CE0>
2024-12-16 23:18:49,339 - INFO - Validation parameter calculation time: 0:00:00.014149
2024-12-16 23:18:49,340 - INFO - 
Epoch 13/500:
2024-12-16 23:18:49,340 - INFO - Train Loss: 0.1239, Train Acc: 95.67%
2024-12-16 23:18:49,340 - INFO - Val Loss: 0.3547, Val Acc: 89.32%
2024-12-16 23:18:49,341 - INFO - Class 0 Accuracy: 95.77%
2024-12-16 23:18:49,342 - INFO - Class 1 Accuracy: 91.20%
2024-12-16 23:18:49,342 - INFO - Class 2 Accuracy: 80.37%
2024-12-16 23:18:49,343 - INFO - Class 3 Accuracy: 86.42%
2024-12-16 23:18:49,343 - INFO - Class 4 Accuracy: 83.93%
2024-12-16 23:18:49,400 - INFO - Saved checkpoint at epoch 13
2024-12-16 23:18:49,400 - INFO - Total samples is: <torch.utils.data.dataloader.DataLoader object at 0x0000018778AD8CE0>
2024-12-16 23:40:53,071 - INFO - Validation parameter calculation time: 0:00:00.014225
2024-12-16 23:40:53,072 - INFO - 
Epoch 14/500:
2024-12-16 23:40:53,072 - INFO - Train Loss: 0.1226, Train Acc: 95.70%
2024-12-16 23:40:53,072 - INFO - Val Loss: 0.3190, Val Acc: 89.99%
2024-12-16 23:40:53,072 - INFO - Class 0 Accuracy: 95.39%
2024-12-16 23:40:53,073 - INFO - Class 1 Accuracy: 88.74%
2024-12-16 23:40:53,074 - INFO - Class 2 Accuracy: 82.47%
2024-12-16 23:40:53,074 - INFO - Class 3 Accuracy: 89.34%
2024-12-16 23:40:53,074 - INFO - Class 4 Accuracy: 84.08%
2024-12-16 23:40:53,132 - INFO - Saved best model with accuracy: 89.99%
2024-12-16 23:40:53,186 - INFO - Saved checkpoint at epoch 14
2024-12-16 23:40:53,188 - INFO - Total samples is: <torch.utils.data.dataloader.DataLoader object at 0x0000018778AD8CE0>
2024-12-17 00:02:59,977 - INFO - Validation parameter calculation time: 0:00:00.014033
2024-12-17 00:02:59,978 - INFO - 
Epoch 15/500:
2024-12-17 00:02:59,978 - INFO - Train Loss: 0.1196, Train Acc: 95.82%
2024-12-17 00:02:59,978 - INFO - Val Loss: 0.3323, Val Acc: 89.21%
2024-12-17 00:02:59,979 - INFO - Class 0 Accuracy: 95.05%
2024-12-17 00:02:59,979 - INFO - Class 1 Accuracy: 92.01%
2024-12-17 00:02:59,979 - INFO - Class 2 Accuracy: 79.73%
2024-12-17 00:02:59,980 - INFO - Class 3 Accuracy: 90.84%
2024-12-17 00:02:59,980 - INFO - Class 4 Accuracy: 81.48%
2024-12-17 00:03:00,044 - INFO - Saved checkpoint at epoch 15
2024-12-17 00:03:00,045 - INFO - Total samples is: <torch.utils.data.dataloader.DataLoader object at 0x0000018778AD8CE0>
2024-12-17 00:25:08,135 - INFO - Validation parameter calculation time: 0:00:00.013545
2024-12-17 00:25:08,136 - INFO - 
Epoch 16/500:
2024-12-17 00:25:08,136 - INFO - Train Loss: 0.1199, Train Acc: 95.78%
2024-12-17 00:25:08,136 - INFO - Val Loss: 0.2914, Val Acc: 90.77%
2024-12-17 00:25:08,136 - INFO - Class 0 Accuracy: 96.37%
2024-12-17 00:25:08,137 - INFO - Class 1 Accuracy: 80.88%
2024-12-17 00:25:08,137 - INFO - Class 2 Accuracy: 84.11%
2024-12-17 00:25:08,138 - INFO - Class 3 Accuracy: 90.99%
2024-12-17 00:25:08,138 - INFO - Class 4 Accuracy: 84.57%
2024-12-17 00:25:08,190 - INFO - Saved best model with accuracy: 90.77%
2024-12-17 00:25:08,228 - INFO - Saved checkpoint at epoch 16
2024-12-17 00:25:08,229 - INFO - Total samples is: <torch.utils.data.dataloader.DataLoader object at 0x0000018778AD8CE0>
2024-12-17 00:47:18,559 - INFO - Validation parameter calculation time: 0:00:00.014171
2024-12-17 00:47:18,560 - INFO - 
Epoch 17/500:
2024-12-17 00:47:18,560 - INFO - Train Loss: 0.1177, Train Acc: 95.89%
2024-12-17 00:47:18,560 - INFO - Val Loss: 0.3079, Val Acc: 90.21%
2024-12-17 00:47:18,560 - INFO - Class 0 Accuracy: 95.15%
2024-12-17 00:47:18,561 - INFO - Class 1 Accuracy: 87.38%
2024-12-17 00:47:18,561 - INFO - Class 2 Accuracy: 85.51%
2024-12-17 00:47:18,562 - INFO - Class 3 Accuracy: 88.66%
2024-12-17 00:47:18,562 - INFO - Class 4 Accuracy: 74.02%
2024-12-17 00:47:18,618 - INFO - Saved checkpoint at epoch 17
2024-12-17 00:47:18,619 - INFO - Total samples is: <torch.utils.data.dataloader.DataLoader object at 0x0000018778AD8CE0>
2024-12-17 01:09:29,022 - INFO - Validation parameter calculation time: 0:00:00.013535
2024-12-17 01:09:29,022 - INFO - 
Epoch 18/500:
2024-12-17 01:09:29,022 - INFO - Train Loss: 0.1165, Train Acc: 95.90%
2024-12-17 01:09:29,022 - INFO - Val Loss: 0.4363, Val Acc: 87.12%
2024-12-17 01:09:29,022 - INFO - Class 0 Accuracy: 97.45%
2024-12-17 01:09:29,023 - INFO - Class 1 Accuracy: 83.14%
2024-12-17 01:09:29,024 - INFO - Class 2 Accuracy: 70.71%
2024-12-17 01:09:29,024 - INFO - Class 3 Accuracy: 93.05%
2024-12-17 01:09:29,025 - INFO - Class 4 Accuracy: 73.08%
2024-12-17 01:09:29,081 - INFO - Saved checkpoint at epoch 18
2024-12-17 01:09:29,082 - INFO - Total samples is: <torch.utils.data.dataloader.DataLoader object at 0x0000018778AD8CE0>
2024-12-17 01:31:38,199 - INFO - Validation parameter calculation time: 0:00:00.014553
2024-12-17 01:31:38,200 - INFO - 
Epoch 19/500:
2024-12-17 01:31:38,200 - INFO - Train Loss: 0.1162, Train Acc: 95.90%
2024-12-17 01:31:38,200 - INFO - Val Loss: 0.3470, Val Acc: 88.82%
2024-12-17 01:31:38,200 - INFO - Class 0 Accuracy: 95.98%
2024-12-17 01:31:38,201 - INFO - Class 1 Accuracy: 90.08%
2024-12-17 01:31:38,201 - INFO - Class 2 Accuracy: 76.98%
2024-12-17 01:31:38,202 - INFO - Class 3 Accuracy: 90.98%
2024-12-17 01:31:38,202 - INFO - Class 4 Accuracy: 82.69%
2024-12-17 01:31:38,258 - INFO - Saved checkpoint at epoch 19
2024-12-17 01:31:38,259 - INFO - Total samples is: <torch.utils.data.dataloader.DataLoader object at 0x0000018778AD8CE0>
2024-12-17 01:53:44,191 - INFO - Validation parameter calculation time: 0:00:00.014293
2024-12-17 01:53:44,191 - INFO - 
Epoch 20/500:
2024-12-17 01:53:44,191 - INFO - Train Loss: 0.1161, Train Acc: 95.95%
2024-12-17 01:53:44,191 - INFO - Val Loss: 0.3422, Val Acc: 89.35%
2024-12-17 01:53:44,192 - INFO - Class 0 Accuracy: 96.24%
2024-12-17 01:53:44,192 - INFO - Class 1 Accuracy: 83.71%
2024-12-17 01:53:44,193 - INFO - Class 2 Accuracy: 80.44%
2024-12-17 01:53:44,193 - INFO - Class 3 Accuracy: 88.75%
2024-12-17 01:53:44,194 - INFO - Class 4 Accuracy: 81.38%
2024-12-17 01:53:44,250 - INFO - Saved checkpoint at epoch 20
2024-12-17 01:53:44,251 - INFO - Total samples is: <torch.utils.data.dataloader.DataLoader object at 0x0000018778AD8CE0>
2024-12-17 02:15:59,453 - INFO - Validation parameter calculation time: 0:00:00.014128
2024-12-17 02:15:59,454 - INFO - 
Epoch 21/500:
2024-12-17 02:15:59,454 - INFO - Train Loss: 0.1144, Train Acc: 95.96%
2024-12-17 02:15:59,454 - INFO - Val Loss: 0.3612, Val Acc: 88.95%
2024-12-17 02:15:59,454 - INFO - Class 0 Accuracy: 95.30%
2024-12-17 02:15:59,455 - INFO - Class 1 Accuracy: 80.80%
2024-12-17 02:15:59,455 - INFO - Class 2 Accuracy: 79.37%
2024-12-17 02:15:59,456 - INFO - Class 3 Accuracy: 91.62%
2024-12-17 02:15:59,456 - INFO - Class 4 Accuracy: 86.30%
2024-12-17 02:15:59,517 - INFO - Saved checkpoint at epoch 21
2024-12-17 02:15:59,519 - INFO - Total samples is: <torch.utils.data.dataloader.DataLoader object at 0x0000018778AD8CE0>
2024-12-17 02:38:10,960 - INFO - Validation parameter calculation time: 0:00:00.013436
2024-12-17 02:38:10,962 - INFO - 
Epoch 22/500:
2024-12-17 02:38:10,962 - INFO - Train Loss: 0.1121, Train Acc: 96.08%
2024-12-17 02:38:10,962 - INFO - Val Loss: 0.3415, Val Acc: 89.13%
2024-12-17 02:38:10,962 - INFO - Class 0 Accuracy: 95.26%
2024-12-17 02:38:10,963 - INFO - Class 1 Accuracy: 92.75%
2024-12-17 02:38:10,963 - INFO - Class 2 Accuracy: 78.71%
2024-12-17 02:38:10,963 - INFO - Class 3 Accuracy: 89.02%
2024-12-17 02:38:10,964 - INFO - Class 4 Accuracy: 88.06%
2024-12-17 02:38:11,019 - INFO - Saved checkpoint at epoch 22
2024-12-17 02:38:11,021 - INFO - Total samples is: <torch.utils.data.dataloader.DataLoader object at 0x0000018778AD8CE0>
2024-12-17 03:00:30,475 - INFO - Validation parameter calculation time: 0:00:00.014608
2024-12-17 03:00:30,475 - INFO - 
Epoch 23/500:
2024-12-17 03:00:30,476 - INFO - Train Loss: 0.0827, Train Acc: 97.06%
2024-12-17 03:00:30,476 - INFO - Val Loss: 0.3449, Val Acc: 90.03%
2024-12-17 03:00:30,476 - INFO - Class 0 Accuracy: 96.34%
2024-12-17 03:00:30,477 - INFO - Class 1 Accuracy: 87.93%
2024-12-17 03:00:30,477 - INFO - Class 2 Accuracy: 80.50%
2024-12-17 03:00:30,478 - INFO - Class 3 Accuracy: 89.93%
2024-12-17 03:00:30,478 - INFO - Class 4 Accuracy: 87.49%
2024-12-17 03:00:30,535 - INFO - Saved checkpoint at epoch 23
2024-12-17 03:00:30,535 - INFO - Total samples is: <torch.utils.data.dataloader.DataLoader object at 0x0000018778AD8CE0>
2024-12-17 03:22:45,924 - INFO - Validation parameter calculation time: 0:00:00.013983
2024-12-17 03:22:45,925 - INFO - 
Epoch 24/500:
2024-12-17 03:22:45,925 - INFO - Train Loss: 0.0747, Train Acc: 97.35%
2024-12-17 03:22:45,925 - INFO - Val Loss: 0.3412, Val Acc: 90.18%
2024-12-17 03:22:45,925 - INFO - Class 0 Accuracy: 95.57%
2024-12-17 03:22:45,926 - INFO - Class 1 Accuracy: 88.84%
2024-12-17 03:22:45,926 - INFO - Class 2 Accuracy: 81.18%
2024-12-17 03:22:45,927 - INFO - Class 3 Accuracy: 91.70%
2024-12-17 03:22:45,927 - INFO - Class 4 Accuracy: 89.15%
2024-12-17 03:22:45,984 - INFO - Saved checkpoint at epoch 24
2024-12-17 03:22:45,984 - INFO - Total samples is: <torch.utils.data.dataloader.DataLoader object at 0x0000018778AD8CE0>
2024-12-17 03:44:57,325 - INFO - Validation parameter calculation time: 0:00:00.014525
2024-12-17 03:44:57,326 - INFO - 
Epoch 25/500:
2024-12-17 03:44:57,326 - INFO - Train Loss: 0.0732, Train Acc: 97.37%
2024-12-17 03:44:57,326 - INFO - Val Loss: 0.3370, Val Acc: 90.42%
2024-12-17 03:44:57,326 - INFO - Class 0 Accuracy: 96.20%
2024-12-17 03:44:57,327 - INFO - Class 1 Accuracy: 90.41%
2024-12-17 03:44:57,327 - INFO - Class 2 Accuracy: 81.87%
2024-12-17 03:44:57,328 - INFO - Class 3 Accuracy: 89.46%
2024-12-17 03:44:57,328 - INFO - Class 4 Accuracy: 86.98%
2024-12-17 03:44:57,386 - INFO - Saved checkpoint at epoch 25
2024-12-17 03:44:57,386 - INFO - Total samples is: <torch.utils.data.dataloader.DataLoader object at 0x0000018778AD8CE0>
2024-12-17 04:07:10,919 - INFO - Validation parameter calculation time: 0:00:00.014373
2024-12-17 04:07:10,919 - INFO - 
Epoch 26/500:
2024-12-17 04:07:10,919 - INFO - Train Loss: 0.0703, Train Acc: 97.45%
2024-12-17 04:07:10,919 - INFO - Val Loss: 0.3222, Val Acc: 90.92%
2024-12-17 04:07:10,919 - INFO - Class 0 Accuracy: 96.27%
2024-12-17 04:07:10,920 - INFO - Class 1 Accuracy: 88.71%
2024-12-17 04:07:10,921 - INFO - Class 2 Accuracy: 82.87%
2024-12-17 04:07:10,921 - INFO - Class 3 Accuracy: 90.69%
2024-12-17 04:07:10,922 - INFO - Class 4 Accuracy: 89.49%
2024-12-17 04:07:10,976 - INFO - Saved best model with accuracy: 90.92%
2024-12-17 04:07:11,024 - INFO - Saved checkpoint at epoch 26
2024-12-17 04:07:11,024 - INFO - Total samples is: <torch.utils.data.dataloader.DataLoader object at 0x0000018778AD8CE0>
2024-12-17 04:29:19,750 - INFO - Validation parameter calculation time: 0:00:00.014088
2024-12-17 04:29:19,750 - INFO - 
Epoch 27/500:
2024-12-17 04:29:19,750 - INFO - Train Loss: 0.0691, Train Acc: 97.50%
2024-12-17 04:29:19,750 - INFO - Val Loss: 0.3208, Val Acc: 90.64%
2024-12-17 04:29:19,751 - INFO - Class 0 Accuracy: 96.59%
2024-12-17 04:29:19,751 - INFO - Class 1 Accuracy: 85.51%
2024-12-17 04:29:19,753 - INFO - Class 2 Accuracy: 82.24%
2024-12-17 04:29:19,753 - INFO - Class 3 Accuracy: 90.52%
2024-12-17 04:29:19,753 - INFO - Class 4 Accuracy: 87.93%
2024-12-17 04:29:19,817 - INFO - Saved checkpoint at epoch 27
2024-12-17 04:29:19,818 - INFO - Total samples is: <torch.utils.data.dataloader.DataLoader object at 0x0000018778AD8CE0>
2024-12-17 04:51:35,630 - INFO - Validation parameter calculation time: 0:00:00.014049
2024-12-17 04:51:35,630 - INFO - 
Epoch 28/500:
2024-12-17 04:51:35,630 - INFO - Train Loss: 0.0668, Train Acc: 97.59%
2024-12-17 04:51:35,630 - INFO - Val Loss: 0.3131, Val Acc: 90.91%
2024-12-17 04:51:35,631 - INFO - Class 0 Accuracy: 96.54%
2024-12-17 04:51:35,632 - INFO - Class 1 Accuracy: 86.18%
2024-12-17 04:51:35,632 - INFO - Class 2 Accuracy: 82.72%
2024-12-17 04:51:35,632 - INFO - Class 3 Accuracy: 91.13%
2024-12-17 04:51:35,633 - INFO - Class 4 Accuracy: 89.10%
2024-12-17 04:51:35,695 - INFO - Saved checkpoint at epoch 28
2024-12-17 04:51:35,695 - INFO - Total samples is: <torch.utils.data.dataloader.DataLoader object at 0x0000018778AD8CE0>
2024-12-17 05:13:48,192 - INFO - Validation parameter calculation time: 0:00:00.014430
2024-12-17 05:13:48,192 - INFO - 
Epoch 29/500:
2024-12-17 05:13:48,193 - INFO - Train Loss: 0.0675, Train Acc: 97.57%
2024-12-17 05:13:48,193 - INFO - Val Loss: 0.3131, Val Acc: 90.87%
2024-12-17 05:13:48,193 - INFO - Class 0 Accuracy: 96.07%
2024-12-17 05:13:48,194 - INFO - Class 1 Accuracy: 88.98%
2024-12-17 05:13:48,194 - INFO - Class 2 Accuracy: 83.43%
2024-12-17 05:13:48,195 - INFO - Class 3 Accuracy: 90.33%
2024-12-17 05:13:48,196 - INFO - Class 4 Accuracy: 87.34%
2024-12-17 05:13:48,256 - INFO - Saved checkpoint at epoch 29
2024-12-17 05:13:48,257 - INFO - Total samples is: <torch.utils.data.dataloader.DataLoader object at 0x0000018778AD8CE0>
2024-12-17 05:35:54,947 - INFO - Validation parameter calculation time: 0:00:00.013584
2024-12-17 05:35:54,948 - INFO - 
Epoch 30/500:
2024-12-17 05:35:54,948 - INFO - Train Loss: 0.0664, Train Acc: 97.59%
2024-12-17 05:35:54,948 - INFO - Val Loss: 0.3293, Val Acc: 90.75%
2024-12-17 05:35:54,949 - INFO - Class 0 Accuracy: 96.57%
2024-12-17 05:35:54,949 - INFO - Class 1 Accuracy: 94.46%
2024-12-17 05:35:54,950 - INFO - Class 2 Accuracy: 81.45%
2024-12-17 05:35:54,950 - INFO - Class 3 Accuracy: 89.37%
2024-12-17 05:35:54,951 - INFO - Class 4 Accuracy: 88.93%
2024-12-17 05:35:55,008 - INFO - Saved checkpoint at epoch 30
2024-12-17 05:35:55,009 - INFO - Total samples is: <torch.utils.data.dataloader.DataLoader object at 0x0000018778AD8CE0>
2024-12-17 05:58:12,891 - INFO - Validation parameter calculation time: 0:00:00.014121
2024-12-17 05:58:12,891 - INFO - 
Epoch 31/500:
2024-12-17 05:58:12,891 - INFO - Train Loss: 0.0646, Train Acc: 97.67%
2024-12-17 05:58:12,891 - INFO - Val Loss: 0.3541, Val Acc: 90.58%
2024-12-17 05:58:12,892 - INFO - Class 0 Accuracy: 97.15%
2024-12-17 05:58:12,892 - INFO - Class 1 Accuracy: 90.86%
2024-12-17 05:58:12,893 - INFO - Class 2 Accuracy: 80.11%
2024-12-17 05:58:12,894 - INFO - Class 3 Accuracy: 91.05%
2024-12-17 05:58:12,894 - INFO - Class 4 Accuracy: 87.41%
2024-12-17 05:58:12,945 - INFO - Saved checkpoint at epoch 31
2024-12-17 05:58:12,946 - INFO - Total samples is: <torch.utils.data.dataloader.DataLoader object at 0x0000018778AD8CE0>
2024-12-17 06:20:26,126 - INFO - Validation parameter calculation time: 0:00:00.013592
2024-12-17 06:20:26,126 - INFO - 
Epoch 32/500:
2024-12-17 06:20:26,126 - INFO - Train Loss: 0.0647, Train Acc: 97.65%
2024-12-17 06:20:26,126 - INFO - Val Loss: 0.3173, Val Acc: 91.05%
2024-12-17 06:20:26,127 - INFO - Class 0 Accuracy: 97.03%
2024-12-17 06:20:26,127 - INFO - Class 1 Accuracy: 87.43%
2024-12-17 06:20:26,128 - INFO - Class 2 Accuracy: 82.40%
2024-12-17 06:20:26,128 - INFO - Class 3 Accuracy: 90.83%
2024-12-17 06:20:26,129 - INFO - Class 4 Accuracy: 88.14%
2024-12-17 06:20:26,185 - INFO - Saved best model with accuracy: 91.05%
2024-12-17 06:20:26,230 - INFO - Saved checkpoint at epoch 32
2024-12-17 06:20:26,231 - INFO - Total samples is: <torch.utils.data.dataloader.DataLoader object at 0x0000018778AD8CE0>
2024-12-17 06:42:39,128 - INFO - Validation parameter calculation time: 0:00:00.014437
2024-12-17 06:42:39,128 - INFO - 
Epoch 33/500:
2024-12-17 06:42:39,129 - INFO - Train Loss: 0.0639, Train Acc: 97.69%
2024-12-17 06:42:39,129 - INFO - Val Loss: 0.3407, Val Acc: 90.53%
2024-12-17 06:42:39,129 - INFO - Class 0 Accuracy: 96.15%
2024-12-17 06:42:39,130 - INFO - Class 1 Accuracy: 86.77%
2024-12-17 06:42:39,130 - INFO - Class 2 Accuracy: 82.28%
2024-12-17 06:42:39,131 - INFO - Class 3 Accuracy: 90.59%
2024-12-17 06:42:39,131 - INFO - Class 4 Accuracy: 88.51%
2024-12-17 06:42:39,189 - INFO - Saved checkpoint at epoch 33
2024-12-17 06:42:39,190 - INFO - Total samples is: <torch.utils.data.dataloader.DataLoader object at 0x0000018778AD8CE0>
2024-12-17 07:04:53,876 - INFO - Validation parameter calculation time: 0:00:00.013527
2024-12-17 07:04:53,878 - INFO - 
Epoch 34/500:
2024-12-17 07:04:53,878 - INFO - Train Loss: 0.0630, Train Acc: 97.72%
2024-12-17 07:04:53,878 - INFO - Val Loss: 0.3266, Val Acc: 91.15%
2024-12-17 07:04:53,878 - INFO - Class 0 Accuracy: 96.54%
2024-12-17 07:04:53,879 - INFO - Class 1 Accuracy: 91.28%
2024-12-17 07:04:53,879 - INFO - Class 2 Accuracy: 82.78%
2024-12-17 07:04:53,880 - INFO - Class 3 Accuracy: 90.64%
2024-12-17 07:04:53,880 - INFO - Class 4 Accuracy: 89.46%
2024-12-17 07:04:53,939 - INFO - Saved best model with accuracy: 91.15%
2024-12-17 07:04:53,976 - INFO - Saved checkpoint at epoch 34
2024-12-17 07:04:53,977 - INFO - Total samples is: <torch.utils.data.dataloader.DataLoader object at 0x0000018778AD8CE0>
2024-12-17 07:27:03,682 - INFO - Validation parameter calculation time: 0:00:00.014014
2024-12-17 07:27:03,683 - INFO - 
Epoch 35/500:
2024-12-17 07:27:03,683 - INFO - Train Loss: 0.0630, Train Acc: 97.72%
2024-12-17 07:27:03,683 - INFO - Val Loss: 0.3393, Val Acc: 90.60%
2024-12-17 07:27:03,683 - INFO - Class 0 Accuracy: 97.08%
2024-12-17 07:27:03,684 - INFO - Class 1 Accuracy: 86.14%
2024-12-17 07:27:03,685 - INFO - Class 2 Accuracy: 81.69%
2024-12-17 07:27:03,685 - INFO - Class 3 Accuracy: 90.18%
2024-12-17 07:27:03,685 - INFO - Class 4 Accuracy: 85.55%
2024-12-17 07:27:03,742 - INFO - Saved checkpoint at epoch 35
2024-12-17 07:27:03,743 - INFO - Total samples is: <torch.utils.data.dataloader.DataLoader object at 0x0000018778AD8CE0>
2024-12-17 07:49:17,938 - INFO - Validation parameter calculation time: 0:00:00.014224
2024-12-17 07:49:17,938 - INFO - 
Epoch 36/500:
2024-12-17 07:49:17,938 - INFO - Train Loss: 0.0628, Train Acc: 97.74%
2024-12-17 07:49:17,938 - INFO - Val Loss: 0.3215, Val Acc: 91.05%
2024-12-17 07:49:17,939 - INFO - Class 0 Accuracy: 96.42%
2024-12-17 07:49:17,939 - INFO - Class 1 Accuracy: 91.42%
2024-12-17 07:49:17,940 - INFO - Class 2 Accuracy: 82.58%
2024-12-17 07:49:17,940 - INFO - Class 3 Accuracy: 90.71%
2024-12-17 07:49:17,941 - INFO - Class 4 Accuracy: 89.48%
2024-12-17 07:49:17,997 - INFO - Saved checkpoint at epoch 36
2024-12-17 07:49:17,998 - INFO - Total samples is: <torch.utils.data.dataloader.DataLoader object at 0x0000018778AD8CE0>
2024-12-17 08:11:29,640 - INFO - Validation parameter calculation time: 0:00:00.015555
2024-12-17 08:11:29,640 - INFO - 
Epoch 37/500:
2024-12-17 08:11:29,640 - INFO - Train Loss: 0.0616, Train Acc: 97.75%
2024-12-17 08:11:29,640 - INFO - Val Loss: 0.3576, Val Acc: 90.58%
2024-12-17 08:11:29,640 - INFO - Class 0 Accuracy: 96.34%
2024-12-17 08:11:29,641 - INFO - Class 1 Accuracy: 87.78%
2024-12-17 08:11:29,642 - INFO - Class 2 Accuracy: 82.01%
2024-12-17 08:11:29,643 - INFO - Class 3 Accuracy: 90.22%
2024-12-17 08:11:29,643 - INFO - Class 4 Accuracy: 89.29%
2024-12-17 08:11:29,700 - INFO - Saved checkpoint at epoch 37
2024-12-17 08:11:29,701 - INFO - Total samples is: <torch.utils.data.dataloader.DataLoader object at 0x0000018778AD8CE0>
2024-12-17 08:33:46,814 - INFO - Validation parameter calculation time: 0:00:00.014065
2024-12-17 08:33:46,815 - INFO - 
Epoch 38/500:
2024-12-17 08:33:46,815 - INFO - Train Loss: 0.0616, Train Acc: 97.78%
2024-12-17 08:33:46,815 - INFO - Val Loss: 0.3614, Val Acc: 90.36%
2024-12-17 08:33:46,816 - INFO - Class 0 Accuracy: 97.02%
2024-12-17 08:33:46,816 - INFO - Class 1 Accuracy: 90.65%
2024-12-17 08:33:46,817 - INFO - Class 2 Accuracy: 80.37%
2024-12-17 08:33:46,817 - INFO - Class 3 Accuracy: 89.27%
2024-12-17 08:33:46,818 - INFO - Class 4 Accuracy: 87.09%
2024-12-17 08:33:46,875 - INFO - Saved checkpoint at epoch 38
2024-12-17 08:33:46,876 - INFO - Total samples is: <torch.utils.data.dataloader.DataLoader object at 0x0000018778AD8CE0>
2024-12-17 08:56:04,028 - INFO - Validation parameter calculation time: 0:00:00.014182
2024-12-17 08:56:04,029 - INFO - 
Epoch 39/500:
2024-12-17 08:56:04,029 - INFO - Train Loss: 0.0613, Train Acc: 97.78%
2024-12-17 08:56:04,029 - INFO - Val Loss: 0.3516, Val Acc: 90.37%
2024-12-17 08:56:04,029 - INFO - Class 0 Accuracy: 96.40%
2024-12-17 08:56:04,030 - INFO - Class 1 Accuracy: 88.62%
2024-12-17 08:56:04,031 - INFO - Class 2 Accuracy: 81.90%
2024-12-17 08:56:04,032 - INFO - Class 3 Accuracy: 89.12%
2024-12-17 08:56:04,032 - INFO - Class 4 Accuracy: 86.39%
2024-12-17 08:56:04,091 - INFO - Saved checkpoint at epoch 39
2024-12-17 08:56:04,092 - INFO - Total samples is: <torch.utils.data.dataloader.DataLoader object at 0x0000018778AD8CE0>
2024-12-17 09:18:12,457 - INFO - Validation parameter calculation time: 0:00:00.014091
2024-12-17 09:18:12,458 - INFO - 
Epoch 40/500:
2024-12-17 09:18:12,458 - INFO - Train Loss: 0.0608, Train Acc: 97.79%
2024-12-17 09:18:12,458 - INFO - Val Loss: 0.3303, Val Acc: 90.85%
2024-12-17 09:18:12,458 - INFO - Class 0 Accuracy: 95.68%
2024-12-17 09:18:12,459 - INFO - Class 1 Accuracy: 90.11%
2024-12-17 09:18:12,460 - INFO - Class 2 Accuracy: 83.03%
2024-12-17 09:18:12,460 - INFO - Class 3 Accuracy: 91.78%
2024-12-17 09:18:12,461 - INFO - Class 4 Accuracy: 88.91%
2024-12-17 09:18:12,520 - INFO - Saved checkpoint at epoch 40
2024-12-17 09:18:12,521 - INFO - Total samples is: <torch.utils.data.dataloader.DataLoader object at 0x0000018778AD8CE0>
2024-12-17 09:40:25,010 - INFO - Validation parameter calculation time: 0:00:00.013708
2024-12-17 09:40:25,011 - INFO - 
Epoch 41/500:
2024-12-17 09:40:25,011 - INFO - Train Loss: 0.0578, Train Acc: 97.93%
2024-12-17 09:40:25,011 - INFO - Val Loss: 0.3072, Val Acc: 91.45%
2024-12-17 09:40:25,012 - INFO - Class 0 Accuracy: 96.71%
2024-12-17 09:40:25,012 - INFO - Class 1 Accuracy: 89.65%
2024-12-17 09:40:25,013 - INFO - Class 2 Accuracy: 83.77%
2024-12-17 09:40:25,013 - INFO - Class 3 Accuracy: 91.12%
2024-12-17 09:40:25,014 - INFO - Class 4 Accuracy: 88.15%
2024-12-17 09:40:25,070 - INFO - Saved best model with accuracy: 91.45%
2024-12-17 09:40:25,115 - INFO - Saved checkpoint at epoch 41
2024-12-17 09:40:25,116 - INFO - Total samples is: <torch.utils.data.dataloader.DataLoader object at 0x0000018778AD8CE0>
2024-12-17 10:02:40,770 - INFO - Validation parameter calculation time: 0:00:00.014557
2024-12-17 10:02:40,770 - INFO - 
Epoch 42/500:
2024-12-17 10:02:40,770 - INFO - Train Loss: 0.0571, Train Acc: 97.94%
2024-12-17 10:02:40,770 - INFO - Val Loss: 0.3072, Val Acc: 91.45%
2024-12-17 10:02:40,771 - INFO - Class 0 Accuracy: 97.00%
2024-12-17 10:02:40,771 - INFO - Class 1 Accuracy: 89.51%
2024-12-17 10:02:40,772 - INFO - Class 2 Accuracy: 83.64%
2024-12-17 10:02:40,772 - INFO - Class 3 Accuracy: 90.22%
2024-12-17 10:02:40,773 - INFO - Class 4 Accuracy: 88.32%
2024-12-17 10:02:40,830 - INFO - Saved best model with accuracy: 91.45%
2024-12-17 10:02:40,886 - INFO - Saved checkpoint at epoch 42
2024-12-17 10:02:40,886 - INFO - Total samples is: <torch.utils.data.dataloader.DataLoader object at 0x0000018778AD8CE0>
2024-12-17 10:24:55,038 - INFO - Validation parameter calculation time: 0:00:00.013624
2024-12-17 10:24:55,039 - INFO - 
Epoch 43/500:
2024-12-17 10:24:55,039 - INFO - Train Loss: 0.0565, Train Acc: 97.97%
2024-12-17 10:24:55,039 - INFO - Val Loss: 0.3341, Val Acc: 91.09%
2024-12-17 10:24:55,040 - INFO - Class 0 Accuracy: 96.70%
2024-12-17 10:24:55,040 - INFO - Class 1 Accuracy: 86.25%
2024-12-17 10:24:55,041 - INFO - Class 2 Accuracy: 83.11%
2024-12-17 10:24:55,041 - INFO - Class 3 Accuracy: 90.83%
2024-12-17 10:24:55,041 - INFO - Class 4 Accuracy: 89.38%
2024-12-17 10:24:55,098 - INFO - Saved checkpoint at epoch 43
2024-12-17 10:24:55,099 - INFO - Total samples is: <torch.utils.data.dataloader.DataLoader object at 0x0000018778AD8CE0>
2024-12-17 10:47:15,537 - INFO - Validation parameter calculation time: 0:00:00.014079
2024-12-17 10:47:15,538 - INFO - 
Epoch 44/500:
2024-12-17 10:47:15,538 - INFO - Train Loss: 0.0563, Train Acc: 97.96%
2024-12-17 10:47:15,538 - INFO - Val Loss: 0.3262, Val Acc: 91.14%
2024-12-17 10:47:15,538 - INFO - Class 0 Accuracy: 97.12%
2024-12-17 10:47:15,539 - INFO - Class 1 Accuracy: 89.45%
2024-12-17 10:47:15,540 - INFO - Class 2 Accuracy: 82.78%
2024-12-17 10:47:15,540 - INFO - Class 3 Accuracy: 89.67%
2024-12-17 10:47:15,541 - INFO - Class 4 Accuracy: 87.36%
2024-12-17 10:47:15,596 - INFO - Saved checkpoint at epoch 44
2024-12-17 10:47:15,597 - INFO - Total samples is: <torch.utils.data.dataloader.DataLoader object at 0x0000018778AD8CE0>
2024-12-17 11:09:33,556 - INFO - Validation parameter calculation time: 0:00:00.014292
2024-12-17 11:09:33,556 - INFO - 
Epoch 45/500:
2024-12-17 11:09:33,556 - INFO - Train Loss: 0.0556, Train Acc: 97.99%
2024-12-17 11:09:33,557 - INFO - Val Loss: 0.3224, Val Acc: 91.19%
2024-12-17 11:09:33,557 - INFO - Class 0 Accuracy: 96.99%
2024-12-17 11:09:33,558 - INFO - Class 1 Accuracy: 89.24%
2024-12-17 11:09:33,558 - INFO - Class 2 Accuracy: 82.75%
2024-12-17 11:09:33,559 - INFO - Class 3 Accuracy: 90.47%
2024-12-17 11:09:33,559 - INFO - Class 4 Accuracy: 88.34%
2024-12-17 11:09:33,611 - INFO - Saved checkpoint at epoch 45
2024-12-17 11:09:33,612 - INFO - Total samples is: <torch.utils.data.dataloader.DataLoader object at 0x0000018778AD8CE0>
2024-12-17 11:31:47,458 - INFO - Validation parameter calculation time: 0:00:00.014106
2024-12-17 11:31:47,459 - INFO - 
Epoch 46/500:
2024-12-17 11:31:47,459 - INFO - Train Loss: 0.0552, Train Acc: 97.99%
2024-12-17 11:31:47,459 - INFO - Val Loss: 0.3133, Val Acc: 91.38%
2024-12-17 11:31:47,460 - INFO - Class 0 Accuracy: 96.77%
2024-12-17 11:31:47,460 - INFO - Class 1 Accuracy: 89.75%
2024-12-17 11:31:47,461 - INFO - Class 2 Accuracy: 83.63%
2024-12-17 11:31:47,461 - INFO - Class 3 Accuracy: 90.43%
2024-12-17 11:31:47,462 - INFO - Class 4 Accuracy: 88.79%
2024-12-17 11:31:47,578 - INFO - Saved checkpoint at epoch 46
2024-12-17 11:31:47,579 - INFO - Total samples is: <torch.utils.data.dataloader.DataLoader object at 0x0000018778AD8CE0>
2024-12-17 11:54:00,146 - INFO - Validation parameter calculation time: 0:00:00.014112
2024-12-17 11:54:00,146 - INFO - 
Epoch 47/500:
2024-12-17 11:54:00,146 - INFO - Train Loss: 0.0562, Train Acc: 97.97%
2024-12-17 11:54:00,146 - INFO - Val Loss: 0.3295, Val Acc: 91.13%
2024-12-17 11:54:00,147 - INFO - Class 0 Accuracy: 96.89%
2024-12-17 11:54:00,148 - INFO - Class 1 Accuracy: 88.81%
2024-12-17 11:54:00,149 - INFO - Class 2 Accuracy: 82.18%
2024-12-17 11:54:00,149 - INFO - Class 3 Accuracy: 91.69%
2024-12-17 11:54:00,150 - INFO - Class 4 Accuracy: 89.39%
2024-12-17 11:54:00,206 - INFO - Saved checkpoint at epoch 47
2024-12-17 11:54:00,207 - INFO - Total samples is: <torch.utils.data.dataloader.DataLoader object at 0x0000018778AD8CE0>
2024-12-17 12:16:07,380 - INFO - Validation parameter calculation time: 0:00:00.014040
2024-12-17 12:16:07,382 - INFO - 
Epoch 48/500:
2024-12-17 12:16:07,382 - INFO - Train Loss: 0.0559, Train Acc: 97.96%
2024-12-17 12:16:07,382 - INFO - Val Loss: 0.3286, Val Acc: 91.25%
2024-12-17 12:16:07,382 - INFO - Class 0 Accuracy: 96.95%
2024-12-17 12:16:07,383 - INFO - Class 1 Accuracy: 88.91%
2024-12-17 12:16:07,383 - INFO - Class 2 Accuracy: 82.77%
2024-12-17 12:16:07,383 - INFO - Class 3 Accuracy: 91.39%
2024-12-17 12:16:07,384 - INFO - Class 4 Accuracy: 88.07%
2024-12-17 12:16:07,446 - INFO - Saved checkpoint at epoch 48
2024-12-17 12:16:07,447 - INFO - Total samples is: <torch.utils.data.dataloader.DataLoader object at 0x0000018778AD8CE0>
2024-12-17 12:38:28,728 - INFO - Validation parameter calculation time: 0:00:00.014046
2024-12-17 12:38:28,729 - INFO - 
Epoch 49/500:
2024-12-17 12:38:28,729 - INFO - Train Loss: 0.0554, Train Acc: 98.00%
2024-12-17 12:38:28,729 - INFO - Val Loss: 0.3151, Val Acc: 91.33%
2024-12-17 12:38:28,730 - INFO - Class 0 Accuracy: 96.68%
2024-12-17 12:38:28,730 - INFO - Class 1 Accuracy: 89.97%
2024-12-17 12:38:28,731 - INFO - Class 2 Accuracy: 83.11%
2024-12-17 12:38:28,731 - INFO - Class 3 Accuracy: 91.55%
2024-12-17 12:38:28,732 - INFO - Class 4 Accuracy: 88.90%
2024-12-17 12:38:28,788 - INFO - Saved checkpoint at epoch 49
2024-12-17 12:38:28,789 - INFO - Total samples is: <torch.utils.data.dataloader.DataLoader object at 0x0000018778AD8CE0>
2024-12-17 13:00:45,187 - INFO - Validation parameter calculation time: 0:00:00.013612
2024-12-17 13:00:45,188 - INFO - 
Epoch 50/500:
2024-12-17 13:00:45,188 - INFO - Train Loss: 0.0555, Train Acc: 97.97%
2024-12-17 13:00:45,188 - INFO - Val Loss: 0.3323, Val Acc: 91.07%
2024-12-17 13:00:45,188 - INFO - Class 0 Accuracy: 96.93%
2024-12-17 13:00:45,189 - INFO - Class 1 Accuracy: 88.85%
2024-12-17 13:00:45,189 - INFO - Class 2 Accuracy: 82.12%
2024-12-17 13:00:45,189 - INFO - Class 3 Accuracy: 90.98%
2024-12-17 13:00:45,190 - INFO - Class 4 Accuracy: 89.68%
2024-12-17 13:00:45,246 - INFO - Saved checkpoint at epoch 50
2024-12-17 13:00:45,246 - INFO - Total samples is: <torch.utils.data.dataloader.DataLoader object at 0x0000018778AD8CE0>
2024-12-17 13:23:07,606 - INFO - Validation parameter calculation time: 0:00:00.014259
2024-12-17 13:23:07,607 - INFO - 
Epoch 51/500:
2024-12-17 13:23:07,607 - INFO - Train Loss: 0.0555, Train Acc: 97.99%
2024-12-17 13:23:07,607 - INFO - Val Loss: 0.3218, Val Acc: 91.28%
2024-12-17 13:23:07,607 - INFO - Class 0 Accuracy: 96.90%
2024-12-17 13:23:07,608 - INFO - Class 1 Accuracy: 90.18%
2024-12-17 13:23:07,608 - INFO - Class 2 Accuracy: 82.93%
2024-12-17 13:23:07,609 - INFO - Class 3 Accuracy: 90.49%
2024-12-17 13:23:07,609 - INFO - Class 4 Accuracy: 88.94%
2024-12-17 13:23:07,670 - INFO - Saved checkpoint at epoch 51
2024-12-17 13:23:07,671 - INFO - Total samples is: <torch.utils.data.dataloader.DataLoader object at 0x0000018778AD8CE0>
2024-12-17 13:45:27,245 - INFO - Validation parameter calculation time: 0:00:00.014213
2024-12-17 13:45:27,246 - INFO - 
Epoch 52/500:
2024-12-17 13:45:27,246 - INFO - Train Loss: 0.0558, Train Acc: 97.96%
2024-12-17 13:45:27,246 - INFO - Val Loss: 0.3222, Val Acc: 91.27%
2024-12-17 13:45:27,246 - INFO - Class 0 Accuracy: 96.78%
2024-12-17 13:45:27,247 - INFO - Class 1 Accuracy: 89.01%
2024-12-17 13:45:27,247 - INFO - Class 2 Accuracy: 83.03%
2024-12-17 13:45:27,248 - INFO - Class 3 Accuracy: 91.23%
2024-12-17 13:45:27,248 - INFO - Class 4 Accuracy: 88.96%
2024-12-17 13:45:27,306 - INFO - Saved checkpoint at epoch 52
2024-12-17 13:45:27,307 - INFO - Total samples is: <torch.utils.data.dataloader.DataLoader object at 0x0000018778AD8CE0>
2024-12-17 14:07:42,221 - INFO - Validation parameter calculation time: 0:00:00.014239
2024-12-17 14:07:42,221 - INFO - 
Epoch 53/500:
2024-12-17 14:07:42,221 - INFO - Train Loss: 0.0555, Train Acc: 97.99%
2024-12-17 14:07:42,221 - INFO - Val Loss: 0.3336, Val Acc: 91.01%
2024-12-17 14:07:42,222 - INFO - Class 0 Accuracy: 96.91%
2024-12-17 14:07:42,222 - INFO - Class 1 Accuracy: 89.72%
2024-12-17 14:07:42,222 - INFO - Class 2 Accuracy: 82.07%
2024-12-17 14:07:42,223 - INFO - Class 3 Accuracy: 90.80%
2024-12-17 14:07:42,224 - INFO - Class 4 Accuracy: 88.33%
2024-12-17 14:07:42,280 - INFO - Saved checkpoint at epoch 53
2024-12-17 14:07:42,280 - INFO - Total samples is: <torch.utils.data.dataloader.DataLoader object at 0x0000018778AD8CE0>
2024-12-17 14:29:55,028 - INFO - Validation parameter calculation time: 0:00:00.013624
2024-12-17 14:29:55,029 - INFO - 
Epoch 54/500:
2024-12-17 14:29:55,029 - INFO - Train Loss: 0.0560, Train Acc: 97.96%
2024-12-17 14:29:55,029 - INFO - Val Loss: 0.3346, Val Acc: 91.00%
2024-12-17 14:29:55,030 - INFO - Class 0 Accuracy: 96.79%
2024-12-17 14:29:55,030 - INFO - Class 1 Accuracy: 90.60%
2024-12-17 14:29:55,031 - INFO - Class 2 Accuracy: 81.86%
2024-12-17 14:29:55,031 - INFO - Class 3 Accuracy: 91.36%
2024-12-17 14:29:55,032 - INFO - Class 4 Accuracy: 88.38%
2024-12-17 14:29:55,095 - INFO - Saved checkpoint at epoch 54
2024-12-17 14:29:55,096 - INFO - Total samples is: <torch.utils.data.dataloader.DataLoader object at 0x0000018778AD8CE0>
2024-12-17 14:52:14,093 - INFO - Validation parameter calculation time: 0:00:00.014014
2024-12-17 14:52:14,094 - INFO - 
Epoch 55/500:
2024-12-17 14:52:14,094 - INFO - Train Loss: 0.0554, Train Acc: 98.00%
2024-12-17 14:52:14,094 - INFO - Val Loss: 0.3497, Val Acc: 90.72%
2024-12-17 14:52:14,094 - INFO - Class 0 Accuracy: 97.06%
2024-12-17 14:52:14,095 - INFO - Class 1 Accuracy: 88.19%
2024-12-17 14:52:14,095 - INFO - Class 2 Accuracy: 81.41%
2024-12-17 14:52:14,096 - INFO - Class 3 Accuracy: 90.13%
2024-12-17 14:52:14,096 - INFO - Class 4 Accuracy: 88.07%
2024-12-17 14:52:14,153 - INFO - Saved checkpoint at epoch 55
2024-12-17 14:52:14,154 - INFO - Total samples is: <torch.utils.data.dataloader.DataLoader object at 0x0000018778AD8CE0>
2024-12-17 15:14:28,811 - INFO - Validation parameter calculation time: 0:00:00.014222
2024-12-17 15:14:28,812 - INFO - 
Epoch 56/500:
2024-12-17 15:14:28,812 - INFO - Train Loss: 0.0559, Train Acc: 97.99%
2024-12-17 15:14:28,812 - INFO - Val Loss: 0.3336, Val Acc: 91.12%
2024-12-17 15:14:28,812 - INFO - Class 0 Accuracy: 96.91%
2024-12-17 15:14:28,813 - INFO - Class 1 Accuracy: 89.73%
2024-12-17 15:14:28,813 - INFO - Class 2 Accuracy: 82.59%
2024-12-17 15:14:28,814 - INFO - Class 3 Accuracy: 90.57%
2024-12-17 15:14:28,814 - INFO - Class 4 Accuracy: 87.93%
2024-12-17 15:14:28,871 - INFO - Saved checkpoint at epoch 56
2024-12-17 15:14:28,871 - INFO - Total samples is: <torch.utils.data.dataloader.DataLoader object at 0x0000018778AD8CE0>
2024-12-17 15:36:45,814 - INFO - Validation parameter calculation time: 0:00:00.014541
2024-12-17 15:36:45,815 - INFO - 
Epoch 57/500:
2024-12-17 15:36:45,815 - INFO - Train Loss: 0.0551, Train Acc: 97.99%
2024-12-17 15:36:45,815 - INFO - Val Loss: 0.3414, Val Acc: 90.80%
2024-12-17 15:36:45,815 - INFO - Class 0 Accuracy: 96.93%
2024-12-17 15:36:45,816 - INFO - Class 1 Accuracy: 90.82%
2024-12-17 15:36:45,816 - INFO - Class 2 Accuracy: 81.28%
2024-12-17 15:36:45,816 - INFO - Class 3 Accuracy: 90.82%
2024-12-17 15:36:45,817 - INFO - Class 4 Accuracy: 87.42%
2024-12-17 15:36:45,873 - INFO - Saved checkpoint at epoch 57
2024-12-17 15:36:45,874 - INFO - Total samples is: <torch.utils.data.dataloader.DataLoader object at 0x0000018778AD8CE0>
2024-12-17 15:59:03,442 - INFO - Validation parameter calculation time: 0:00:00.014556
2024-12-17 15:59:03,442 - INFO - 
Epoch 58/500:
2024-12-17 15:59:03,442 - INFO - Train Loss: 0.0557, Train Acc: 97.98%
2024-12-17 15:59:03,442 - INFO - Val Loss: 0.3222, Val Acc: 91.13%
2024-12-17 15:59:03,443 - INFO - Class 0 Accuracy: 96.73%
2024-12-17 15:59:03,443 - INFO - Class 1 Accuracy: 89.49%
2024-12-17 15:59:03,444 - INFO - Class 2 Accuracy: 83.03%
2024-12-17 15:59:03,444 - INFO - Class 3 Accuracy: 90.25%
2024-12-17 15:59:03,445 - INFO - Class 4 Accuracy: 88.23%
2024-12-17 15:59:03,501 - INFO - Saved checkpoint at epoch 58
2024-12-17 15:59:03,502 - INFO - Total samples is: <torch.utils.data.dataloader.DataLoader object at 0x0000018778AD8CE0>
2024-12-17 16:21:23,005 - INFO - Validation parameter calculation time: 0:00:00.013584
2024-12-17 16:21:23,006 - INFO - 
Epoch 59/500:
2024-12-17 16:21:23,006 - INFO - Train Loss: 0.0553, Train Acc: 97.99%
2024-12-17 16:21:23,006 - INFO - Val Loss: 0.3311, Val Acc: 90.90%
2024-12-17 16:21:23,006 - INFO - Class 0 Accuracy: 96.89%
2024-12-17 16:21:23,007 - INFO - Class 1 Accuracy: 89.37%
2024-12-17 16:21:23,007 - INFO - Class 2 Accuracy: 81.59%
2024-12-17 16:21:23,008 - INFO - Class 3 Accuracy: 91.39%
2024-12-17 16:21:23,008 - INFO - Class 4 Accuracy: 88.36%
2024-12-17 16:21:23,062 - INFO - Saved checkpoint at epoch 59
2024-12-17 16:21:23,062 - INFO - Total samples is: <torch.utils.data.dataloader.DataLoader object at 0x0000018778AD8CE0>
2024-12-17 16:43:38,716 - INFO - Validation parameter calculation time: 0:00:00.014120
2024-12-17 16:43:38,717 - INFO - 
Epoch 60/500:
2024-12-17 16:43:38,717 - INFO - Train Loss: 0.0550, Train Acc: 98.02%
2024-12-17 16:43:38,717 - INFO - Val Loss: 0.3316, Val Acc: 91.01%
2024-12-17 16:43:38,717 - INFO - Class 0 Accuracy: 96.97%
2024-12-17 16:43:38,718 - INFO - Class 1 Accuracy: 88.64%
2024-12-17 16:43:38,718 - INFO - Class 2 Accuracy: 82.09%
2024-12-17 16:43:38,719 - INFO - Class 3 Accuracy: 91.02%
2024-12-17 16:43:38,719 - INFO - Class 4 Accuracy: 88.32%
2024-12-17 16:43:38,774 - INFO - Saved checkpoint at epoch 60
2024-12-17 16:43:38,775 - INFO - Total samples is: <torch.utils.data.dataloader.DataLoader object at 0x0000018778AD8CE0>
2024-12-17 17:06:56,001 - INFO - Validation parameter calculation time: 0:00:00.015577
2024-12-17 17:06:56,001 - INFO - 
Epoch 61/500:
2024-12-17 17:06:56,001 - INFO - Train Loss: 0.0553, Train Acc: 98.00%
2024-12-17 17:06:56,001 - INFO - Val Loss: 0.3372, Val Acc: 90.93%
2024-12-17 17:06:56,002 - INFO - Class 0 Accuracy: 96.74%
2024-12-17 17:06:56,003 - INFO - Class 1 Accuracy: 88.88%
2024-12-17 17:06:56,003 - INFO - Class 2 Accuracy: 82.28%
2024-12-17 17:06:56,004 - INFO - Class 3 Accuracy: 90.90%
2024-12-17 17:06:56,005 - INFO - Class 4 Accuracy: 87.79%
2024-12-17 17:06:56,066 - INFO - Saved checkpoint at epoch 61
2024-12-17 17:06:56,067 - INFO - Total samples is: <torch.utils.data.dataloader.DataLoader object at 0x0000018778AD8CE0>
2024-12-17 17:29:14,967 - INFO - Validation parameter calculation time: 0:00:00.014530
2024-12-17 17:29:14,967 - INFO - 
Epoch 62/500:
2024-12-17 17:29:14,967 - INFO - Train Loss: 0.0549, Train Acc: 98.01%
2024-12-17 17:29:14,967 - INFO - Val Loss: 0.3224, Val Acc: 91.28%
2024-12-17 17:29:14,968 - INFO - Class 0 Accuracy: 96.75%
2024-12-17 17:29:14,968 - INFO - Class 1 Accuracy: 89.71%
2024-12-17 17:29:14,969 - INFO - Class 2 Accuracy: 83.25%
2024-12-17 17:29:14,970 - INFO - Class 3 Accuracy: 90.71%
2024-12-17 17:29:14,970 - INFO - Class 4 Accuracy: 88.54%
2024-12-17 17:29:15,028 - INFO - Saved checkpoint at epoch 62
2024-12-17 17:29:15,028 - INFO - Total samples is: <torch.utils.data.dataloader.DataLoader object at 0x0000018778AD8CE0>
2024-12-17 17:51:27,357 - INFO - Validation parameter calculation time: 0:00:00.013560
2024-12-17 17:51:27,357 - INFO - 
Epoch 63/500:
2024-12-17 17:51:27,357 - INFO - Train Loss: 0.0549, Train Acc: 98.02%
2024-12-17 17:51:27,357 - INFO - Val Loss: 0.3343, Val Acc: 91.02%
2024-12-17 17:51:27,359 - INFO - Class 0 Accuracy: 96.68%
2024-12-17 17:51:27,360 - INFO - Class 1 Accuracy: 90.00%
2024-12-17 17:51:27,361 - INFO - Class 2 Accuracy: 82.25%
2024-12-17 17:51:27,361 - INFO - Class 3 Accuracy: 91.11%
2024-12-17 17:51:27,362 - INFO - Class 4 Accuracy: 88.90%
2024-12-17 17:51:27,416 - INFO - Saved checkpoint at epoch 63
2024-12-17 17:51:27,417 - INFO - Total samples is: <torch.utils.data.dataloader.DataLoader object at 0x0000018778AD8CE0>
2024-12-17 18:13:53,381 - INFO - Validation parameter calculation time: 0:00:00.014176
2024-12-17 18:13:53,382 - INFO - 
Epoch 64/500:
2024-12-17 18:13:53,382 - INFO - Train Loss: 0.0548, Train Acc: 97.99%
2024-12-17 18:13:53,382 - INFO - Val Loss: 0.3384, Val Acc: 90.89%
2024-12-17 18:13:53,382 - INFO - Class 0 Accuracy: 96.68%
2024-12-17 18:13:53,383 - INFO - Class 1 Accuracy: 89.45%
2024-12-17 18:13:53,383 - INFO - Class 2 Accuracy: 82.00%
2024-12-17 18:13:53,384 - INFO - Class 3 Accuracy: 90.85%
2024-12-17 18:13:53,385 - INFO - Class 4 Accuracy: 88.81%
2024-12-17 18:13:53,437 - INFO - Saved checkpoint at epoch 64
2024-12-17 18:13:53,438 - INFO - Total samples is: <torch.utils.data.dataloader.DataLoader object at 0x0000018778AD8CE0>
2024-12-17 18:36:21,888 - INFO - Validation parameter calculation time: 0:00:00.013519
2024-12-17 18:36:21,889 - INFO - 
Epoch 65/500:
2024-12-17 18:36:21,889 - INFO - Train Loss: 0.0552, Train Acc: 98.00%
2024-12-17 18:36:21,889 - INFO - Val Loss: 0.3331, Val Acc: 90.98%
2024-12-17 18:36:21,890 - INFO - Class 0 Accuracy: 96.81%
2024-12-17 18:36:21,890 - INFO - Class 1 Accuracy: 89.71%
2024-12-17 18:36:21,891 - INFO - Class 2 Accuracy: 82.14%
2024-12-17 18:36:21,891 - INFO - Class 3 Accuracy: 90.87%
2024-12-17 18:36:21,892 - INFO - Class 4 Accuracy: 88.10%
2024-12-17 18:36:21,954 - INFO - Saved checkpoint at epoch 65
2024-12-17 18:36:21,954 - INFO - Total samples is: <torch.utils.data.dataloader.DataLoader object at 0x0000018778AD8CE0>
2024-12-17 18:58:49,151 - INFO - Validation parameter calculation time: 0:00:00.014606
2024-12-17 18:58:49,151 - INFO - 
Epoch 66/500:
2024-12-17 18:58:49,151 - INFO - Train Loss: 0.0550, Train Acc: 98.01%
2024-12-17 18:58:49,151 - INFO - Val Loss: 0.3418, Val Acc: 90.78%
2024-12-17 18:58:49,152 - INFO - Class 0 Accuracy: 96.86%
2024-12-17 18:58:49,152 - INFO - Class 1 Accuracy: 88.02%
2024-12-17 18:58:49,153 - INFO - Class 2 Accuracy: 81.33%
2024-12-17 18:58:49,153 - INFO - Class 3 Accuracy: 91.37%
2024-12-17 18:58:49,154 - INFO - Class 4 Accuracy: 89.35%
2024-12-17 18:58:49,217 - INFO - Saved checkpoint at epoch 66
2024-12-17 18:58:49,217 - INFO - Total samples is: <torch.utils.data.dataloader.DataLoader object at 0x0000018778AD8CE0>
2024-12-17 19:21:16,523 - INFO - Validation parameter calculation time: 0:00:00.014037
2024-12-17 19:21:16,523 - INFO - 
Epoch 67/500:
2024-12-17 19:21:16,523 - INFO - Train Loss: 0.0554, Train Acc: 98.00%
2024-12-17 19:21:16,523 - INFO - Val Loss: 0.3370, Val Acc: 90.91%
2024-12-17 19:21:16,524 - INFO - Class 0 Accuracy: 96.78%
2024-12-17 19:21:16,525 - INFO - Class 1 Accuracy: 88.23%
2024-12-17 19:21:16,525 - INFO - Class 2 Accuracy: 82.23%
2024-12-17 19:21:16,526 - INFO - Class 3 Accuracy: 90.87%
2024-12-17 19:21:16,526 - INFO - Class 4 Accuracy: 87.95%
2024-12-17 19:21:16,580 - INFO - Saved checkpoint at epoch 67
2024-12-17 19:21:16,582 - INFO - Total samples is: <torch.utils.data.dataloader.DataLoader object at 0x0000018778AD8CE0>
2024-12-17 19:43:40,975 - INFO - Validation parameter calculation time: 0:00:00.013597
2024-12-17 19:43:40,976 - INFO - 
Epoch 68/500:
2024-12-17 19:43:40,976 - INFO - Train Loss: 0.0551, Train Acc: 98.00%
2024-12-17 19:43:40,976 - INFO - Val Loss: 0.3279, Val Acc: 91.13%
2024-12-17 19:43:40,977 - INFO - Class 0 Accuracy: 96.92%
2024-12-17 19:43:40,977 - INFO - Class 1 Accuracy: 90.23%
2024-12-17 19:43:40,978 - INFO - Class 2 Accuracy: 82.33%
2024-12-17 19:43:40,978 - INFO - Class 3 Accuracy: 90.83%
2024-12-17 19:43:40,978 - INFO - Class 4 Accuracy: 88.70%
2024-12-17 19:43:41,035 - INFO - Saved checkpoint at epoch 68
2024-12-17 19:43:41,035 - INFO - Total samples is: <torch.utils.data.dataloader.DataLoader object at 0x0000018778AD8CE0>
2024-12-17 20:06:04,719 - INFO - Validation parameter calculation time: 0:00:00.014270
2024-12-17 20:06:04,720 - INFO - 
Epoch 69/500:
2024-12-17 20:06:04,720 - INFO - Train Loss: 0.0556, Train Acc: 97.98%
2024-12-17 20:06:04,720 - INFO - Val Loss: 0.3420, Val Acc: 90.85%
2024-12-17 20:06:04,721 - INFO - Class 0 Accuracy: 96.81%
2024-12-17 20:06:04,721 - INFO - Class 1 Accuracy: 89.55%
2024-12-17 20:06:04,722 - INFO - Class 2 Accuracy: 81.69%
2024-12-17 20:06:04,722 - INFO - Class 3 Accuracy: 91.01%
2024-12-17 20:06:04,723 - INFO - Class 4 Accuracy: 88.21%
2024-12-17 20:06:04,775 - INFO - Saved checkpoint at epoch 69
2024-12-17 20:06:04,776 - INFO - Total samples is: <torch.utils.data.dataloader.DataLoader object at 0x0000018778AD8CE0>
2024-12-17 20:28:21,235 - INFO - Validation parameter calculation time: 0:00:00.014020
2024-12-17 20:28:21,236 - INFO - 
Epoch 70/500:
2024-12-17 20:28:21,236 - INFO - Train Loss: 0.0558, Train Acc: 97.97%
2024-12-17 20:28:21,236 - INFO - Val Loss: 0.3379, Val Acc: 91.01%
2024-12-17 20:28:21,236 - INFO - Class 0 Accuracy: 96.80%
2024-12-17 20:28:21,236 - INFO - Class 1 Accuracy: 89.19%
2024-12-17 20:28:21,237 - INFO - Class 2 Accuracy: 82.18%
2024-12-17 20:28:21,237 - INFO - Class 3 Accuracy: 90.92%
2024-12-17 20:28:21,238 - INFO - Class 4 Accuracy: 89.11%
2024-12-17 20:28:21,321 - INFO - Saved checkpoint at epoch 70
2024-12-17 20:28:21,323 - INFO - Total samples is: <torch.utils.data.dataloader.DataLoader object at 0x0000018778AD8CE0>
2024-12-17 20:50:41,582 - INFO - Validation parameter calculation time: 0:00:00.013544
2024-12-17 20:50:41,583 - INFO - 
Epoch 71/500:
2024-12-17 20:50:41,583 - INFO - Train Loss: 0.0552, Train Acc: 97.99%
2024-12-17 20:50:41,583 - INFO - Val Loss: 0.3173, Val Acc: 91.18%
2024-12-17 20:50:41,584 - INFO - Class 0 Accuracy: 96.90%
2024-12-17 20:50:41,584 - INFO - Class 1 Accuracy: 89.48%
2024-12-17 20:50:41,585 - INFO - Class 2 Accuracy: 82.78%
2024-12-17 20:50:41,585 - INFO - Class 3 Accuracy: 90.35%
2024-12-17 20:50:41,586 - INFO - Class 4 Accuracy: 89.00%
2024-12-17 20:50:41,642 - INFO - Saved checkpoint at epoch 71
2024-12-17 20:50:41,643 - INFO - Total samples is: <torch.utils.data.dataloader.DataLoader object at 0x0000018778AD8CE0>
2024-12-17 21:13:04,433 - INFO - Validation parameter calculation time: 0:00:00.013630
2024-12-17 21:13:04,434 - INFO - 
Epoch 72/500:
2024-12-17 21:13:04,434 - INFO - Train Loss: 0.0547, Train Acc: 98.02%
2024-12-17 21:13:04,434 - INFO - Val Loss: 0.3202, Val Acc: 91.31%
2024-12-17 21:13:04,435 - INFO - Class 0 Accuracy: 96.70%
2024-12-17 21:13:04,435 - INFO - Class 1 Accuracy: 91.34%
2024-12-17 21:13:04,436 - INFO - Class 2 Accuracy: 83.18%
2024-12-17 21:13:04,436 - INFO - Class 3 Accuracy: 90.68%
2024-12-17 21:13:04,436 - INFO - Class 4 Accuracy: 88.37%
2024-12-17 21:13:04,497 - INFO - Saved checkpoint at epoch 72
2024-12-17 21:13:04,499 - INFO - Total samples is: <torch.utils.data.dataloader.DataLoader object at 0x0000018778AD8CE0>
2024-12-17 21:35:28,736 - INFO - Validation parameter calculation time: 0:00:00.013611
2024-12-17 21:35:28,737 - INFO - 
Epoch 73/500:
2024-12-17 21:35:28,737 - INFO - Train Loss: 0.0553, Train Acc: 97.99%
2024-12-17 21:35:28,737 - INFO - Val Loss: 0.3246, Val Acc: 91.26%
2024-12-17 21:35:28,738 - INFO - Class 0 Accuracy: 96.70%
2024-12-17 21:35:28,739 - INFO - Class 1 Accuracy: 90.49%
2024-12-17 21:35:28,739 - INFO - Class 2 Accuracy: 83.16%
2024-12-17 21:35:28,740 - INFO - Class 3 Accuracy: 90.61%
2024-12-17 21:35:28,740 - INFO - Class 4 Accuracy: 88.64%
2024-12-17 21:35:28,796 - INFO - Saved checkpoint at epoch 73
2024-12-17 21:35:28,797 - INFO - Total samples is: <torch.utils.data.dataloader.DataLoader object at 0x0000018778AD8CE0>
2024-12-17 21:57:54,437 - INFO - Validation parameter calculation time: 0:00:00.014361
2024-12-17 21:57:54,437 - INFO - 
Epoch 74/500:
2024-12-17 21:57:54,437 - INFO - Train Loss: 0.0554, Train Acc: 97.98%
2024-12-17 21:57:54,437 - INFO - Val Loss: 0.3209, Val Acc: 91.31%
2024-12-17 21:57:54,438 - INFO - Class 0 Accuracy: 97.03%
2024-12-17 21:57:54,439 - INFO - Class 1 Accuracy: 89.99%
2024-12-17 21:57:54,439 - INFO - Class 2 Accuracy: 82.92%
2024-12-17 21:57:54,440 - INFO - Class 3 Accuracy: 90.61%
2024-12-17 21:57:54,440 - INFO - Class 4 Accuracy: 88.31%
2024-12-17 21:57:54,494 - INFO - Saved checkpoint at epoch 74
2024-12-17 21:57:54,494 - INFO - Total samples is: <torch.utils.data.dataloader.DataLoader object at 0x0000018778AD8CE0>
2024-12-17 22:20:21,774 - INFO - Validation parameter calculation time: 0:00:00.014091
2024-12-17 22:20:21,774 - INFO - 
Epoch 75/500:
2024-12-17 22:20:21,775 - INFO - Train Loss: 0.0550, Train Acc: 97.99%
2024-12-17 22:20:21,775 - INFO - Val Loss: 0.3463, Val Acc: 90.90%
2024-12-17 22:20:21,775 - INFO - Class 0 Accuracy: 96.58%
2024-12-17 22:20:21,776 - INFO - Class 1 Accuracy: 89.51%
2024-12-17 22:20:21,776 - INFO - Class 2 Accuracy: 81.62%
2024-12-17 22:20:21,777 - INFO - Class 3 Accuracy: 91.88%
2024-12-17 22:20:21,777 - INFO - Class 4 Accuracy: 90.35%
2024-12-17 22:20:21,832 - INFO - Saved checkpoint at epoch 75
2024-12-17 22:20:21,833 - INFO - Total samples is: <torch.utils.data.dataloader.DataLoader object at 0x0000018778AD8CE0>
2024-12-17 22:42:44,569 - INFO - Validation parameter calculation time: 0:00:00.014261
2024-12-17 22:42:44,570 - INFO - 
Epoch 76/500:
2024-12-17 22:42:44,570 - INFO - Train Loss: 0.0554, Train Acc: 97.99%
2024-12-17 22:42:44,570 - INFO - Val Loss: 0.3294, Val Acc: 91.04%
2024-12-17 22:42:44,570 - INFO - Class 0 Accuracy: 97.07%
2024-12-17 22:42:44,571 - INFO - Class 1 Accuracy: 88.10%
2024-12-17 22:42:44,571 - INFO - Class 2 Accuracy: 82.14%
2024-12-17 22:42:44,572 - INFO - Class 3 Accuracy: 90.80%
2024-12-17 22:42:44,572 - INFO - Class 4 Accuracy: 88.84%
2024-12-17 22:42:44,628 - INFO - Saved checkpoint at epoch 76
2024-12-17 22:42:44,628 - INFO - Total samples is: <torch.utils.data.dataloader.DataLoader object at 0x0000018778AD8CE0>
2024-12-17 23:05:03,519 - INFO - Validation parameter calculation time: 0:00:00.014056
2024-12-17 23:05:03,519 - INFO - 
Epoch 77/500:
2024-12-17 23:05:03,519 - INFO - Train Loss: 0.0551, Train Acc: 97.99%
2024-12-17 23:05:03,519 - INFO - Val Loss: 0.3329, Val Acc: 91.03%
2024-12-17 23:05:03,521 - INFO - Class 0 Accuracy: 96.62%
2024-12-17 23:05:03,522 - INFO - Class 1 Accuracy: 88.12%
2024-12-17 23:05:03,523 - INFO - Class 2 Accuracy: 82.99%
2024-12-17 23:05:03,523 - INFO - Class 3 Accuracy: 90.70%
2024-12-17 23:05:03,523 - INFO - Class 4 Accuracy: 87.93%
2024-12-17 23:05:03,580 - INFO - Saved checkpoint at epoch 77
2024-12-17 23:05:03,580 - INFO - Total samples is: <torch.utils.data.dataloader.DataLoader object at 0x0000018778AD8CE0>
2024-12-17 23:27:26,520 - INFO - Validation parameter calculation time: 0:00:00.013601
2024-12-17 23:27:26,521 - INFO - 
Epoch 78/500:
2024-12-17 23:27:26,521 - INFO - Train Loss: 0.0559, Train Acc: 97.98%
2024-12-17 23:27:26,521 - INFO - Val Loss: 0.3209, Val Acc: 91.40%
2024-12-17 23:27:26,522 - INFO - Class 0 Accuracy: 96.99%
2024-12-17 23:27:26,522 - INFO - Class 1 Accuracy: 90.21%
2024-12-17 23:27:26,523 - INFO - Class 2 Accuracy: 83.32%
2024-12-17 23:27:26,523 - INFO - Class 3 Accuracy: 90.68%
2024-12-17 23:27:26,524 - INFO - Class 4 Accuracy: 87.69%
2024-12-17 23:27:26,582 - INFO - Saved checkpoint at epoch 78
2024-12-17 23:27:26,582 - INFO - Total samples is: <torch.utils.data.dataloader.DataLoader object at 0x0000018778AD8CE0>
2024-12-17 23:49:47,620 - INFO - Validation parameter calculation time: 0:00:00.014028
2024-12-17 23:49:47,621 - INFO - 
Epoch 79/500:
2024-12-17 23:49:47,621 - INFO - Train Loss: 0.0550, Train Acc: 97.99%
2024-12-17 23:49:47,621 - INFO - Val Loss: 0.3374, Val Acc: 91.02%
2024-12-17 23:49:47,622 - INFO - Class 0 Accuracy: 96.78%
2024-12-17 23:49:47,622 - INFO - Class 1 Accuracy: 89.09%
2024-12-17 23:49:47,622 - INFO - Class 2 Accuracy: 82.70%
2024-12-17 23:49:47,623 - INFO - Class 3 Accuracy: 90.32%
2024-12-17 23:49:47,623 - INFO - Class 4 Accuracy: 87.74%
2024-12-17 23:49:47,679 - INFO - Saved checkpoint at epoch 79
2024-12-17 23:49:47,680 - INFO - Total samples is: <torch.utils.data.dataloader.DataLoader object at 0x0000018778AD8CE0>
2024-12-18 00:12:11,286 - INFO - Validation parameter calculation time: 0:00:00.014015
2024-12-18 00:12:11,286 - INFO - 
Epoch 80/500:
2024-12-18 00:12:11,287 - INFO - Train Loss: 0.0552, Train Acc: 98.00%
2024-12-18 00:12:11,287 - INFO - Val Loss: 0.3236, Val Acc: 91.26%
2024-12-18 00:12:11,287 - INFO - Class 0 Accuracy: 96.84%
2024-12-18 00:12:11,288 - INFO - Class 1 Accuracy: 89.96%
2024-12-18 00:12:11,289 - INFO - Class 2 Accuracy: 82.94%
2024-12-18 00:12:11,289 - INFO - Class 3 Accuracy: 90.75%
2024-12-18 00:12:11,290 - INFO - Class 4 Accuracy: 88.74%
2024-12-18 00:12:11,344 - INFO - Saved checkpoint at epoch 80
2024-12-18 00:12:11,345 - INFO - Total samples is: <torch.utils.data.dataloader.DataLoader object at 0x0000018778AD8CE0>
2024-12-18 00:34:35,330 - INFO - Validation parameter calculation time: 0:00:00.014218
2024-12-18 00:34:35,330 - INFO - 
Epoch 81/500:
2024-12-18 00:34:35,330 - INFO - Train Loss: 0.0550, Train Acc: 98.01%
2024-12-18 00:34:35,330 - INFO - Val Loss: 0.3285, Val Acc: 91.09%
2024-12-18 00:34:35,330 - INFO - Class 0 Accuracy: 96.85%
2024-12-18 00:34:35,331 - INFO - Class 1 Accuracy: 90.34%
2024-12-18 00:34:35,331 - INFO - Class 2 Accuracy: 82.14%
2024-12-18 00:34:35,331 - INFO - Class 3 Accuracy: 91.29%
2024-12-18 00:34:35,332 - INFO - Class 4 Accuracy: 88.38%
2024-12-18 00:34:35,388 - INFO - Saved checkpoint at epoch 81
2024-12-18 00:34:35,389 - INFO - Total samples is: <torch.utils.data.dataloader.DataLoader object at 0x0000018778AD8CE0>
2024-12-18 00:56:42,466 - INFO - Validation parameter calculation time: 0:00:00.014103
2024-12-18 00:56:42,467 - INFO - 
Epoch 82/500:
2024-12-18 00:56:42,467 - INFO - Train Loss: 0.0552, Train Acc: 97.99%
2024-12-18 00:56:42,467 - INFO - Val Loss: 0.3450, Val Acc: 90.74%
2024-12-18 00:56:42,468 - INFO - Class 0 Accuracy: 96.90%
2024-12-18 00:56:42,468 - INFO - Class 1 Accuracy: 89.28%
2024-12-18 00:56:42,469 - INFO - Class 2 Accuracy: 80.98%
2024-12-18 00:56:42,469 - INFO - Class 3 Accuracy: 91.23%
2024-12-18 00:56:42,470 - INFO - Class 4 Accuracy: 89.28%
2024-12-18 00:56:42,526 - INFO - Saved checkpoint at epoch 82
2024-12-18 00:56:42,526 - INFO - Total samples is: <torch.utils.data.dataloader.DataLoader object at 0x0000018778AD8CE0>
2024-12-18 01:18:58,411 - INFO - Validation parameter calculation time: 0:00:00.014070
2024-12-18 01:18:58,412 - INFO - 
Epoch 83/500:
2024-12-18 01:18:58,412 - INFO - Train Loss: 0.0550, Train Acc: 98.02%
2024-12-18 01:18:58,412 - INFO - Val Loss: 0.3241, Val Acc: 91.30%
2024-12-18 01:18:58,413 - INFO - Class 0 Accuracy: 96.87%
2024-12-18 01:18:58,413 - INFO - Class 1 Accuracy: 89.52%
2024-12-18 01:18:58,414 - INFO - Class 2 Accuracy: 83.05%
2024-12-18 01:18:58,414 - INFO - Class 3 Accuracy: 91.06%
2024-12-18 01:18:58,415 - INFO - Class 4 Accuracy: 88.44%
2024-12-18 01:18:58,471 - INFO - Saved checkpoint at epoch 83
2024-12-18 01:18:58,472 - INFO - Total samples is: <torch.utils.data.dataloader.DataLoader object at 0x0000018778AD8CE0>
2024-12-18 01:41:14,963 - INFO - Validation parameter calculation time: 0:00:00.013613
2024-12-18 01:41:14,964 - INFO - 
Epoch 84/500:
2024-12-18 01:41:14,965 - INFO - Train Loss: 0.0556, Train Acc: 97.99%
2024-12-18 01:41:14,965 - INFO - Val Loss: 0.3344, Val Acc: 91.09%
2024-12-18 01:41:14,965 - INFO - Class 0 Accuracy: 96.84%
2024-12-18 01:41:14,966 - INFO - Class 1 Accuracy: 89.68%
2024-12-18 01:41:14,966 - INFO - Class 2 Accuracy: 82.34%
2024-12-18 01:41:14,967 - INFO - Class 3 Accuracy: 91.06%
2024-12-18 01:41:14,967 - INFO - Class 4 Accuracy: 88.64%
2024-12-18 01:41:15,020 - INFO - Saved checkpoint at epoch 84
2024-12-18 01:41:15,022 - INFO - Total samples is: <torch.utils.data.dataloader.DataLoader object at 0x0000018778AD8CE0>
2024-12-18 02:03:28,998 - INFO - Validation parameter calculation time: 0:00:00.014078
2024-12-18 02:03:28,999 - INFO - 
Epoch 85/500:
2024-12-18 02:03:28,999 - INFO - Train Loss: 0.0556, Train Acc: 97.99%
2024-12-18 02:03:28,999 - INFO - Val Loss: 0.3307, Val Acc: 91.13%
2024-12-18 02:03:28,999 - INFO - Class 0 Accuracy: 96.74%
2024-12-18 02:03:29,000 - INFO - Class 1 Accuracy: 90.28%
2024-12-18 02:03:29,000 - INFO - Class 2 Accuracy: 82.30%
2024-12-18 02:03:29,001 - INFO - Class 3 Accuracy: 91.44%
2024-12-18 02:03:29,001 - INFO - Class 4 Accuracy: 89.18%
2024-12-18 02:03:29,063 - INFO - Saved checkpoint at epoch 85
2024-12-18 02:03:29,064 - INFO - Total samples is: <torch.utils.data.dataloader.DataLoader object at 0x0000018778AD8CE0>
2024-12-18 02:25:47,460 - INFO - Validation parameter calculation time: 0:00:00.014129
2024-12-18 02:25:47,461 - INFO - 
Epoch 86/500:
2024-12-18 02:25:47,461 - INFO - Train Loss: 0.0551, Train Acc: 98.00%
2024-12-18 02:25:47,461 - INFO - Val Loss: 0.3388, Val Acc: 90.98%
2024-12-18 02:25:47,462 - INFO - Class 0 Accuracy: 96.87%
2024-12-18 02:25:47,462 - INFO - Class 1 Accuracy: 89.88%
2024-12-18 02:25:47,463 - INFO - Class 2 Accuracy: 82.14%
2024-12-18 02:25:47,464 - INFO - Class 3 Accuracy: 90.61%
2024-12-18 02:25:47,465 - INFO - Class 4 Accuracy: 88.01%
2024-12-18 02:25:47,523 - INFO - Saved checkpoint at epoch 86
2024-12-18 02:25:47,523 - INFO - Total samples is: <torch.utils.data.dataloader.DataLoader object at 0x0000018778AD8CE0>
2024-12-18 02:48:02,424 - INFO - Validation parameter calculation time: 0:00:00.014520
2024-12-18 02:48:02,425 - INFO - 
Epoch 87/500:
2024-12-18 02:48:02,425 - INFO - Train Loss: 0.0553, Train Acc: 98.00%
2024-12-18 02:48:02,425 - INFO - Val Loss: 0.3388, Val Acc: 90.89%
2024-12-18 02:48:02,425 - INFO - Class 0 Accuracy: 96.97%
2024-12-18 02:48:02,426 - INFO - Class 1 Accuracy: 90.19%
2024-12-18 02:48:02,426 - INFO - Class 2 Accuracy: 81.71%
2024-12-18 02:48:02,427 - INFO - Class 3 Accuracy: 90.42%
2024-12-18 02:48:02,427 - INFO - Class 4 Accuracy: 88.01%
2024-12-18 02:48:02,490 - INFO - Saved checkpoint at epoch 87
2024-12-18 02:48:02,491 - INFO - Total samples is: <torch.utils.data.dataloader.DataLoader object at 0x0000018778AD8CE0>
2024-12-18 03:10:18,668 - INFO - Validation parameter calculation time: 0:00:00.014066
2024-12-18 03:10:18,669 - INFO - 
Epoch 88/500:
2024-12-18 03:10:18,669 - INFO - Train Loss: 0.0550, Train Acc: 98.00%
2024-12-18 03:10:18,669 - INFO - Val Loss: 0.3198, Val Acc: 91.25%
2024-12-18 03:10:18,670 - INFO - Class 0 Accuracy: 96.97%
2024-12-18 03:10:18,670 - INFO - Class 1 Accuracy: 89.24%
2024-12-18 03:10:18,670 - INFO - Class 2 Accuracy: 82.97%
2024-12-18 03:10:18,671 - INFO - Class 3 Accuracy: 90.90%
2024-12-18 03:10:18,671 - INFO - Class 4 Accuracy: 87.38%
2024-12-18 03:10:18,729 - INFO - Saved checkpoint at epoch 88
2024-12-18 03:10:18,730 - INFO - Total samples is: <torch.utils.data.dataloader.DataLoader object at 0x0000018778AD8CE0>
2024-12-18 03:32:32,462 - INFO - Validation parameter calculation time: 0:00:00.013678
2024-12-18 03:32:32,463 - INFO - 
Epoch 89/500:
2024-12-18 03:32:32,463 - INFO - Train Loss: 0.0544, Train Acc: 98.03%
2024-12-18 03:32:32,463 - INFO - Val Loss: 0.3258, Val Acc: 91.12%
2024-12-18 03:32:32,464 - INFO - Class 0 Accuracy: 96.86%
2024-12-18 03:32:32,464 - INFO - Class 1 Accuracy: 89.53%
2024-12-18 03:32:32,465 - INFO - Class 2 Accuracy: 82.39%
2024-12-18 03:32:32,465 - INFO - Class 3 Accuracy: 91.09%
2024-12-18 03:32:32,466 - INFO - Class 4 Accuracy: 88.88%
2024-12-18 03:32:32,521 - INFO - Saved checkpoint at epoch 89
2024-12-18 03:32:32,521 - INFO - Total samples is: <torch.utils.data.dataloader.DataLoader object at 0x0000018778AD8CE0>
2024-12-18 03:54:42,988 - INFO - Validation parameter calculation time: 0:00:00.014114
2024-12-18 03:54:42,989 - INFO - 
Epoch 90/500:
2024-12-18 03:54:42,989 - INFO - Train Loss: 0.0552, Train Acc: 97.97%
2024-12-18 03:54:42,989 - INFO - Val Loss: 0.3403, Val Acc: 90.99%
2024-12-18 03:54:42,989 - INFO - Class 0 Accuracy: 96.87%
2024-12-18 03:54:42,989 - INFO - Class 1 Accuracy: 90.54%
2024-12-18 03:54:42,990 - INFO - Class 2 Accuracy: 81.91%
2024-12-18 03:54:42,990 - INFO - Class 3 Accuracy: 90.66%
2024-12-18 03:54:42,991 - INFO - Class 4 Accuracy: 88.91%
2024-12-18 03:54:43,046 - INFO - Saved checkpoint at epoch 90
2024-12-18 03:54:43,048 - INFO - Total samples is: <torch.utils.data.dataloader.DataLoader object at 0x0000018778AD8CE0>
2024-12-18 04:17:03,120 - INFO - Validation parameter calculation time: 0:00:00.014094
2024-12-18 04:17:03,121 - INFO - 
Epoch 91/500:
2024-12-18 04:17:03,121 - INFO - Train Loss: 0.0553, Train Acc: 97.99%
2024-12-18 04:17:03,121 - INFO - Val Loss: 0.3144, Val Acc: 91.46%
2024-12-18 04:17:03,121 - INFO - Class 0 Accuracy: 96.80%
2024-12-18 04:17:03,122 - INFO - Class 1 Accuracy: 89.87%
2024-12-18 04:17:03,122 - INFO - Class 2 Accuracy: 83.75%
2024-12-18 04:17:03,123 - INFO - Class 3 Accuracy: 90.59%
2024-12-18 04:17:03,124 - INFO - Class 4 Accuracy: 88.58%
2024-12-18 04:17:03,181 - INFO - Saved best model with accuracy: 91.46%
2024-12-18 04:17:03,220 - INFO - Saved checkpoint at epoch 91
2024-12-18 04:17:03,221 - INFO - Total samples is: <torch.utils.data.dataloader.DataLoader object at 0x0000018778AD8CE0>
2024-12-18 04:39:19,612 - INFO - Validation parameter calculation time: 0:00:00.013735
2024-12-18 04:39:19,613 - INFO - 
Epoch 92/500:
2024-12-18 04:39:19,613 - INFO - Train Loss: 0.0558, Train Acc: 97.99%
2024-12-18 04:39:19,613 - INFO - Val Loss: 0.3360, Val Acc: 91.05%
2024-12-18 04:39:19,613 - INFO - Class 0 Accuracy: 96.88%
2024-12-18 04:39:19,614 - INFO - Class 1 Accuracy: 89.97%
2024-12-18 04:39:19,614 - INFO - Class 2 Accuracy: 82.01%
2024-12-18 04:39:19,615 - INFO - Class 3 Accuracy: 91.13%
2024-12-18 04:39:19,615 - INFO - Class 4 Accuracy: 88.95%
2024-12-18 04:39:19,673 - INFO - Saved checkpoint at epoch 92
2024-12-18 04:39:19,674 - INFO - Total samples is: <torch.utils.data.dataloader.DataLoader object at 0x0000018778AD8CE0>
2024-12-18 05:01:34,502 - INFO - Validation parameter calculation time: 0:00:00.014071
2024-12-18 05:01:34,503 - INFO - 
Epoch 93/500:
2024-12-18 05:01:34,503 - INFO - Train Loss: 0.0557, Train Acc: 97.98%
2024-12-18 05:01:34,503 - INFO - Val Loss: 0.3425, Val Acc: 90.92%
2024-12-18 05:01:34,503 - INFO - Class 0 Accuracy: 96.98%
2024-12-18 05:01:34,504 - INFO - Class 1 Accuracy: 88.56%
2024-12-18 05:01:34,505 - INFO - Class 2 Accuracy: 81.78%
2024-12-18 05:01:34,505 - INFO - Class 3 Accuracy: 90.69%
2024-12-18 05:01:34,505 - INFO - Class 4 Accuracy: 89.19%
2024-12-18 05:01:34,560 - INFO - Saved checkpoint at epoch 93
2024-12-18 05:01:34,561 - INFO - Total samples is: <torch.utils.data.dataloader.DataLoader object at 0x0000018778AD8CE0>
2024-12-18 05:23:44,750 - INFO - Validation parameter calculation time: 0:00:00.014518
2024-12-18 05:23:44,751 - INFO - 
Epoch 94/500:
2024-12-18 05:23:44,751 - INFO - Train Loss: 0.0554, Train Acc: 98.00%
2024-12-18 05:23:44,751 - INFO - Val Loss: 0.3233, Val Acc: 91.28%
2024-12-18 05:23:44,751 - INFO - Class 0 Accuracy: 96.70%
2024-12-18 05:23:44,752 - INFO - Class 1 Accuracy: 90.06%
2024-12-18 05:23:44,752 - INFO - Class 2 Accuracy: 83.30%
2024-12-18 05:23:44,753 - INFO - Class 3 Accuracy: 90.44%
2024-12-18 05:23:44,753 - INFO - Class 4 Accuracy: 89.06%
2024-12-18 05:23:44,813 - INFO - Saved checkpoint at epoch 94
2024-12-18 05:23:44,814 - INFO - Total samples is: <torch.utils.data.dataloader.DataLoader object at 0x0000018778AD8CE0>
2024-12-18 05:45:59,756 - INFO - Validation parameter calculation time: 0:00:00.014105
2024-12-18 05:45:59,757 - INFO - 
Epoch 95/500:
2024-12-18 05:45:59,757 - INFO - Train Loss: 0.0559, Train Acc: 97.98%
2024-12-18 05:45:59,757 - INFO - Val Loss: 0.3440, Val Acc: 90.95%
2024-12-18 05:45:59,757 - INFO - Class 0 Accuracy: 96.76%
2024-12-18 05:45:59,758 - INFO - Class 1 Accuracy: 89.69%
2024-12-18 05:45:59,758 - INFO - Class 2 Accuracy: 82.07%
2024-12-18 05:45:59,759 - INFO - Class 3 Accuracy: 90.86%
2024-12-18 05:45:59,759 - INFO - Class 4 Accuracy: 88.63%
2024-12-18 05:45:59,815 - INFO - Saved checkpoint at epoch 95
2024-12-18 05:45:59,815 - INFO - Total samples is: <torch.utils.data.dataloader.DataLoader object at 0x0000018778AD8CE0>
2024-12-18 06:08:22,322 - INFO - Validation parameter calculation time: 0:00:00.013575
2024-12-18 06:08:22,323 - INFO - 
Epoch 96/500:
2024-12-18 06:08:22,323 - INFO - Train Loss: 0.0551, Train Acc: 97.99%
2024-12-18 06:08:22,323 - INFO - Val Loss: 0.3239, Val Acc: 91.14%
2024-12-18 06:08:22,324 - INFO - Class 0 Accuracy: 96.92%
2024-12-18 06:08:22,324 - INFO - Class 1 Accuracy: 88.25%
2024-12-18 06:08:22,325 - INFO - Class 2 Accuracy: 82.87%
2024-12-18 06:08:22,325 - INFO - Class 3 Accuracy: 90.85%
2024-12-18 06:08:22,326 - INFO - Class 4 Accuracy: 87.18%
2024-12-18 06:08:22,382 - INFO - Saved checkpoint at epoch 96
2024-12-18 06:08:22,383 - INFO - Total samples is: <torch.utils.data.dataloader.DataLoader object at 0x0000018778AD8CE0>
2024-12-18 06:30:38,359 - INFO - Validation parameter calculation time: 0:00:00.014182
2024-12-18 06:30:38,359 - INFO - 
Epoch 97/500:
2024-12-18 06:30:38,359 - INFO - Train Loss: 0.0558, Train Acc: 97.97%
2024-12-18 06:30:38,359 - INFO - Val Loss: 0.3298, Val Acc: 91.13%
2024-12-18 06:30:38,360 - INFO - Class 0 Accuracy: 96.78%
2024-12-18 06:30:38,361 - INFO - Class 1 Accuracy: 89.04%
2024-12-18 06:30:38,361 - INFO - Class 2 Accuracy: 82.70%
2024-12-18 06:30:38,362 - INFO - Class 3 Accuracy: 90.96%
2024-12-18 06:30:38,362 - INFO - Class 4 Accuracy: 88.58%
2024-12-18 06:30:38,424 - INFO - Saved checkpoint at epoch 97
2024-12-18 06:30:38,424 - INFO - Total samples is: <torch.utils.data.dataloader.DataLoader object at 0x0000018778AD8CE0>
2024-12-18 06:53:01,330 - INFO - Validation parameter calculation time: 0:00:00.014088
2024-12-18 06:53:01,331 - INFO - 
Epoch 98/500:
2024-12-18 06:53:01,331 - INFO - Train Loss: 0.0551, Train Acc: 98.01%
2024-12-18 06:53:01,331 - INFO - Val Loss: 0.3343, Val Acc: 90.93%
2024-12-18 06:53:01,332 - INFO - Class 0 Accuracy: 96.90%
2024-12-18 06:53:01,332 - INFO - Class 1 Accuracy: 88.13%
2024-12-18 06:53:01,333 - INFO - Class 2 Accuracy: 82.38%
2024-12-18 06:53:01,333 - INFO - Class 3 Accuracy: 90.17%
2024-12-18 06:53:01,334 - INFO - Class 4 Accuracy: 88.13%
2024-12-18 06:53:01,389 - INFO - Saved checkpoint at epoch 98
2024-12-18 06:53:01,391 - INFO - Total samples is: <torch.utils.data.dataloader.DataLoader object at 0x0000018778AD8CE0>
2024-12-18 07:15:18,184 - INFO - Validation parameter calculation time: 0:00:00.014583
2024-12-18 07:15:18,184 - INFO - 
Epoch 99/500:
2024-12-18 07:15:18,184 - INFO - Train Loss: 0.0558, Train Acc: 97.98%
2024-12-18 07:15:18,184 - INFO - Val Loss: 0.3480, Val Acc: 90.79%
2024-12-18 07:15:18,185 - INFO - Class 0 Accuracy: 96.94%
2024-12-18 07:15:18,185 - INFO - Class 1 Accuracy: 87.68%
2024-12-18 07:15:18,186 - INFO - Class 2 Accuracy: 81.62%
2024-12-18 07:15:18,186 - INFO - Class 3 Accuracy: 91.24%
2024-12-18 07:15:18,187 - INFO - Class 4 Accuracy: 87.44%
2024-12-18 07:15:18,243 - INFO - Saved checkpoint at epoch 99
2024-12-18 07:15:18,244 - INFO - Total samples is: <torch.utils.data.dataloader.DataLoader object at 0x0000018778AD8CE0>
2024-12-18 07:37:32,852 - INFO - Validation parameter calculation time: 0:00:00.014518
2024-12-18 07:37:32,853 - INFO - 
Epoch 100/500:
2024-12-18 07:37:32,853 - INFO - Train Loss: 0.0560, Train Acc: 97.96%
2024-12-18 07:37:32,853 - INFO - Val Loss: 0.3395, Val Acc: 90.92%
2024-12-18 07:37:32,853 - INFO - Class 0 Accuracy: 96.90%
2024-12-18 07:37:32,854 - INFO - Class 1 Accuracy: 88.05%
2024-12-18 07:37:32,854 - INFO - Class 2 Accuracy: 82.18%
2024-12-18 07:37:32,855 - INFO - Class 3 Accuracy: 90.45%
2024-12-18 07:37:32,855 - INFO - Class 4 Accuracy: 88.47%
2024-12-18 07:37:32,917 - INFO - Saved checkpoint at epoch 100
2024-12-18 07:37:32,918 - INFO - Total samples is: <torch.utils.data.dataloader.DataLoader object at 0x0000018778AD8CE0>
2024-12-18 07:59:51,989 - INFO - Validation parameter calculation time: 0:00:00.013013
2024-12-18 07:59:51,991 - INFO - 
Epoch 101/500:
2024-12-18 07:59:51,991 - INFO - Train Loss: 0.0552, Train Acc: 98.01%
2024-12-18 07:59:51,991 - INFO - Val Loss: 0.3357, Val Acc: 90.96%
2024-12-18 07:59:51,991 - INFO - Class 0 Accuracy: 96.87%
2024-12-18 07:59:51,992 - INFO - Class 1 Accuracy: 89.46%
2024-12-18 07:59:51,992 - INFO - Class 2 Accuracy: 82.32%
2024-12-18 07:59:51,993 - INFO - Class 3 Accuracy: 90.06%
2024-12-18 07:59:51,994 - INFO - Class 4 Accuracy: 88.30%
2024-12-18 07:59:52,050 - INFO - Saved checkpoint at epoch 101
2024-12-18 07:59:52,050 - INFO - Total samples is: <torch.utils.data.dataloader.DataLoader object at 0x0000018778AD8CE0>
2024-12-18 08:22:16,478 - INFO - Validation parameter calculation time: 0:00:00.013578
2024-12-18 08:22:16,479 - INFO - 
Epoch 102/500:
2024-12-18 08:22:16,479 - INFO - Train Loss: 0.0553, Train Acc: 98.01%
2024-12-18 08:22:16,479 - INFO - Val Loss: 0.3270, Val Acc: 91.12%
2024-12-18 08:22:16,479 - INFO - Class 0 Accuracy: 96.99%
2024-12-18 08:22:16,480 - INFO - Class 1 Accuracy: 88.65%
2024-12-18 08:22:16,481 - INFO - Class 2 Accuracy: 82.38%
2024-12-18 08:22:16,481 - INFO - Class 3 Accuracy: 91.12%
2024-12-18 08:22:16,482 - INFO - Class 4 Accuracy: 88.19%
2024-12-18 08:22:16,539 - INFO - Saved checkpoint at epoch 102
2024-12-18 08:22:16,539 - INFO - Total samples is: <torch.utils.data.dataloader.DataLoader object at 0x0000018778AD8CE0>
2024-12-18 08:44:35,631 - INFO - Validation parameter calculation time: 0:00:00.014403
2024-12-18 08:44:35,632 - INFO - 
Epoch 103/500:
2024-12-18 08:44:35,632 - INFO - Train Loss: 0.0558, Train Acc: 97.98%
2024-12-18 08:44:35,632 - INFO - Val Loss: 0.3400, Val Acc: 90.98%
2024-12-18 08:44:35,632 - INFO - Class 0 Accuracy: 96.96%
2024-12-18 08:44:35,633 - INFO - Class 1 Accuracy: 88.31%
2024-12-18 08:44:35,633 - INFO - Class 2 Accuracy: 82.03%
2024-12-18 08:44:35,634 - INFO - Class 3 Accuracy: 91.02%
2024-12-18 08:44:35,634 - INFO - Class 4 Accuracy: 88.60%
2024-12-18 08:44:35,695 - INFO - Saved checkpoint at epoch 103
2024-12-18 08:44:35,696 - INFO - Total samples is: <torch.utils.data.dataloader.DataLoader object at 0x0000018778AD8CE0>
2024-12-18 09:06:59,571 - INFO - Validation parameter calculation time: 0:00:00.014051
2024-12-18 09:06:59,572 - INFO - 
Epoch 104/500:
2024-12-18 09:06:59,572 - INFO - Train Loss: 0.0554, Train Acc: 98.00%
2024-12-18 09:06:59,572 - INFO - Val Loss: 0.3423, Val Acc: 90.79%
2024-12-18 09:06:59,572 - INFO - Class 0 Accuracy: 96.94%
2024-12-18 09:06:59,573 - INFO - Class 1 Accuracy: 88.44%
2024-12-18 09:06:59,574 - INFO - Class 2 Accuracy: 81.66%
2024-12-18 09:06:59,574 - INFO - Class 3 Accuracy: 90.79%
2024-12-18 09:06:59,574 - INFO - Class 4 Accuracy: 87.42%
2024-12-18 09:06:59,631 - INFO - Saved checkpoint at epoch 104
2024-12-18 09:06:59,632 - INFO - Total samples is: <torch.utils.data.dataloader.DataLoader object at 0x0000018778AD8CE0>
2024-12-18 09:29:28,443 - INFO - Validation parameter calculation time: 0:00:00.014019
2024-12-18 09:29:28,444 - INFO - 
Epoch 105/500:
2024-12-18 09:29:28,444 - INFO - Train Loss: 0.0553, Train Acc: 98.00%
2024-12-18 09:29:28,444 - INFO - Val Loss: 0.3508, Val Acc: 90.72%
2024-12-18 09:29:28,444 - INFO - Class 0 Accuracy: 96.84%
2024-12-18 09:29:28,445 - INFO - Class 1 Accuracy: 89.34%
2024-12-18 09:29:28,445 - INFO - Class 2 Accuracy: 80.99%
2024-12-18 09:29:28,446 - INFO - Class 3 Accuracy: 91.28%
2024-12-18 09:29:28,446 - INFO - Class 4 Accuracy: 89.20%
2024-12-18 09:29:28,497 - INFO - Saved checkpoint at epoch 105
2024-12-18 09:29:28,498 - INFO - Total samples is: <torch.utils.data.dataloader.DataLoader object at 0x0000018778AD8CE0>
2024-12-18 09:51:57,107 - INFO - Validation parameter calculation time: 0:00:00.014091
2024-12-18 09:51:57,107 - INFO - 
Epoch 106/500:
2024-12-18 09:51:57,107 - INFO - Train Loss: 0.0548, Train Acc: 98.01%
2024-12-18 09:51:57,107 - INFO - Val Loss: 0.3206, Val Acc: 91.41%
2024-12-18 09:51:57,108 - INFO - Class 0 Accuracy: 96.56%
2024-12-18 09:51:57,108 - INFO - Class 1 Accuracy: 91.12%
2024-12-18 09:51:57,109 - INFO - Class 2 Accuracy: 83.68%
2024-12-18 09:51:57,110 - INFO - Class 3 Accuracy: 90.96%
2024-12-18 09:51:57,110 - INFO - Class 4 Accuracy: 88.42%
2024-12-18 09:51:57,166 - INFO - Saved checkpoint at epoch 106
2024-12-18 09:51:57,168 - INFO - Total samples is: <torch.utils.data.dataloader.DataLoader object at 0x0000018778AD8CE0>
