2024-11-22 18:59:49,048 - INFO - Training configuration:
2024-11-22 18:59:49,048 - INFO - num_points: 8192
2024-11-22 18:59:49,048 - INFO - chunk_size: 4096
2024-11-22 18:59:49,048 - INFO - overlap: 1024
2024-11-22 18:59:49,048 - INFO - batch_size: 64
2024-11-22 18:59:49,048 - INFO - num_workers: 0
2024-11-22 18:59:49,048 - INFO - learning_rate: 0.001
2024-11-22 18:59:49,048 - INFO - num_classes: 5
2024-11-22 18:59:49,048 - INFO - num_epochs: 500
2024-11-22 18:59:49,048 - INFO - device: cuda
2024-11-22 18:59:49,048 - INFO - Using device: cuda
2024-11-22 18:59:49,048 - INFO - Found 6 las files:
2024-11-22 18:59:49,048 - INFO - Loading data/fukushima/onepart/train/bridge-3.las
2024-11-22 18:59:49,481 - INFO - Loaded 16239683 points from bridge-3.las
2024-11-22 18:59:49,491 - INFO - Processing data - Points: (16239683, 3), Colors: (16239683, 3), Labels: (16239683,)
2024-11-22 19:00:00,655 - INFO - Created 10188 blocks
2024-11-22 19:00:00,839 - INFO - Loading data/fukushima/onepart/train/bridge-4.las
2024-11-22 19:00:01,179 - INFO - Loaded 12134787 points from bridge-4.las
2024-11-22 19:00:01,204 - INFO - Processing data - Points: (12134787, 3), Colors: (12134787, 3), Labels: (12134787,)
2024-11-22 19:00:09,355 - INFO - Created 8421 blocks
2024-11-22 19:00:09,490 - INFO - Loading data/fukushima/onepart/train/bridge-5.las
2024-11-22 19:00:09,715 - INFO - Loaded 8373599 points from bridge-5.las
2024-11-22 19:00:09,732 - INFO - Processing data - Points: (8373599, 3), Colors: (8373599, 3), Labels: (8373599,)
2024-11-22 19:00:15,451 - INFO - Created 13621 blocks
2024-11-22 19:00:15,565 - INFO - Loading data/fukushima/onepart/train/bridge-6.las
2024-11-22 19:00:15,930 - INFO - Loaded 12716121 points from bridge-6.las
2024-11-22 19:00:15,947 - INFO - Processing data - Points: (12716121, 3), Colors: (12716121, 3), Labels: (12716121,)
2024-11-22 19:00:24,545 - INFO - Created 9667 blocks
2024-11-22 19:00:24,690 - INFO - Loading data/fukushima/onepart/train/bridge-8.las
2024-11-22 19:00:25,252 - INFO - Loaded 20025746 points from bridge-8.las
2024-11-22 19:00:25,277 - INFO - Processing data - Points: (20025746, 3), Colors: (20025746, 3), Labels: (20025746,)
2024-11-22 19:00:38,419 - INFO - Created 8808 blocks
2024-11-22 19:00:38,635 - INFO - Loading data/fukushima/onepart/train/bridge-9.las
2024-11-22 19:00:39,348 - INFO - Loaded 26071676 points from bridge-9.las
2024-11-22 19:00:39,383 - INFO - Processing data - Points: (26071676, 3), Colors: (26071676, 3), Labels: (26071676,)
2024-11-22 19:00:57,446 - INFO - Created 13839 blocks
2024-11-22 19:00:57,763 - INFO - Total blocks created: 64544
2024-11-22 19:00:57,790 - INFO - reading train data
2024-11-22 19:00:57,790 - INFO - Found 1 las files:
2024-11-22 19:00:57,790 - INFO - Loading data/fukushima/onepart/val/bridge-7.las
2024-11-22 19:00:58,240 - INFO - Loaded 15021376 points from bridge-7.las
2024-11-22 19:00:58,248 - INFO - Processing data - Points: (15021376, 3), Colors: (15021376, 3), Labels: (15021376,)
2024-11-22 19:01:07,963 - INFO - Created 2213 blocks
2024-11-22 19:01:08,111 - INFO - Total blocks created: 2213
2024-11-22 19:01:08,126 - INFO - reading val data
2024-11-22 19:01:08,126 - INFO - Train dataset size: 64544
2024-11-22 19:01:08,127 - INFO - Val dataset size: 2213
2024-11-22 19:01:08,890 - INFO - Total samples is: <torch.utils.data.dataloader.DataLoader object at 0x0000016D084FEF00>
