2024-12-06 20:14:27,468 - INFO - Training configuration:
2024-12-06 20:14:27,468 - INFO - num_points: 4096
2024-12-06 20:14:27,468 - INFO - chunk_size: 4096
2024-12-06 20:14:27,468 - INFO - overlap: 1024
2024-12-06 20:14:27,468 - INFO - batch_size: 32
2024-12-06 20:14:27,468 - INFO - num_workers: 0
2024-12-06 20:14:27,468 - INFO - learning_rate: 0.001
2024-12-06 20:14:27,468 - INFO - num_classes: 5
2024-12-06 20:14:27,468 - INFO - num_epochs: 500
2024-12-06 20:14:27,468 - INFO - device: cuda
2024-12-06 20:14:27,468 - INFO - Using device: cuda
2024-12-06 20:14:27,470 - INFO - Loading dataset from cache: data/fukushima/org/train//cache\dataset_cache_points4096_size1.0_rate0.2_transformTrue_hash9fcf1b57.pt
2024-12-06 20:18:42,042 - INFO - Successfully loaded 19490 blocks from cache
2024-12-06 20:18:42,042 - INFO - reading train data
2024-12-06 20:18:42,043 - INFO - Loading dataset from cache: data/fukushima/org/val//cache\dataset_cache_points4096_size1.0_rate0.3_transformFalse_hash6525dc81.pt
2024-12-06 20:21:51,275 - INFO - Successfully loaded 4062 blocks from cache
2024-12-06 20:21:51,276 - INFO - reading val data
2024-12-06 20:21:51,276 - INFO - Train dataset size: 19490
2024-12-06 20:21:51,276 - INFO - Val dataset size: 4062
2024-12-06 20:21:53,666 - INFO - Total samples is: <torch.utils.data.dataloader.DataLoader object at 0x000001B38BB814C0>
2024-12-06 20:33:07,030 - INFO - Validation parameter calculation time: 0:00:00.006516
2024-12-06 20:33:07,030 - INFO - 
Epoch 1/500:
2024-12-06 20:33:07,030 - INFO - Train Loss: 0.5900, Train Acc: 78.34%
2024-12-06 20:33:07,030 - INFO - Val Loss: 0.6229, Val Acc: 77.03%
2024-12-06 20:33:07,032 - INFO - Class 0 Accuracy: 93.15%
2024-12-06 20:33:07,033 - INFO - Class 1 Accuracy: 78.07%
2024-12-06 20:33:07,033 - INFO - Class 2 Accuracy: 59.67%
2024-12-06 20:33:07,033 - INFO - Class 3 Accuracy: 78.36%
2024-12-06 20:33:07,034 - INFO - Class 4 Accuracy: 76.27%
2024-12-06 20:33:07,120 - INFO - Saved best model with accuracy: 77.03%
2024-12-06 20:33:07,199 - INFO - Saved checkpoint at epoch 1
2024-12-06 20:33:07,200 - INFO - Total samples is: <torch.utils.data.dataloader.DataLoader object at 0x000001B38BB814C0>
2024-12-06 20:44:20,977 - INFO - Validation parameter calculation time: 0:00:00.007513
2024-12-06 20:44:20,977 - INFO - 
Epoch 2/500:
2024-12-06 20:44:20,977 - INFO - Train Loss: 0.3277, Train Acc: 88.10%
2024-12-06 20:44:20,977 - INFO - Val Loss: 0.4100, Val Acc: 83.93%
2024-12-06 20:44:20,978 - INFO - Class 0 Accuracy: 66.91%
2024-12-06 20:44:20,978 - INFO - Class 1 Accuracy: 81.22%
2024-12-06 20:44:20,979 - INFO - Class 2 Accuracy: 76.04%
2024-12-06 20:44:20,979 - INFO - Class 3 Accuracy: 79.31%
2024-12-06 20:44:20,980 - INFO - Class 4 Accuracy: 96.28%
2024-12-06 20:44:21,068 - INFO - Saved best model with accuracy: 83.93%
2024-12-06 20:44:21,157 - INFO - Saved checkpoint at epoch 2
2024-12-06 20:44:21,158 - INFO - Total samples is: <torch.utils.data.dataloader.DataLoader object at 0x000001B38BB814C0>
2024-12-06 20:55:11,369 - INFO - Validation parameter calculation time: 0:00:00.007530
2024-12-06 20:55:11,369 - INFO - 
Epoch 3/500:
2024-12-06 20:55:11,369 - INFO - Train Loss: 0.2863, Train Acc: 89.59%
2024-12-06 20:55:11,369 - INFO - Val Loss: 0.3926, Val Acc: 85.80%
2024-12-06 20:55:11,370 - INFO - Class 0 Accuracy: 84.76%
2024-12-06 20:55:11,371 - INFO - Class 1 Accuracy: 81.87%
2024-12-06 20:55:11,371 - INFO - Class 2 Accuracy: 87.59%
2024-12-06 20:55:11,371 - INFO - Class 3 Accuracy: 77.09%
2024-12-06 20:55:11,372 - INFO - Class 4 Accuracy: 90.07%
2024-12-06 20:55:11,470 - INFO - Saved best model with accuracy: 85.80%
2024-12-06 20:55:11,562 - INFO - Saved checkpoint at epoch 3
2024-12-06 20:55:11,563 - INFO - Total samples is: <torch.utils.data.dataloader.DataLoader object at 0x000001B38BB814C0>
2024-12-06 21:06:00,849 - INFO - Validation parameter calculation time: 0:00:00.006675
2024-12-06 21:06:00,850 - INFO - 
Epoch 4/500:
2024-12-06 21:06:00,850 - INFO - Train Loss: 0.2551, Train Acc: 90.59%
2024-12-06 21:06:00,850 - INFO - Val Loss: 0.3256, Val Acc: 89.27%
2024-12-06 21:06:00,850 - INFO - Class 0 Accuracy: 76.56%
2024-12-06 21:06:00,851 - INFO - Class 1 Accuracy: 93.19%
2024-12-06 21:06:00,851 - INFO - Class 2 Accuracy: 86.69%
2024-12-06 21:06:00,852 - INFO - Class 3 Accuracy: 83.86%
2024-12-06 21:06:00,853 - INFO - Class 4 Accuracy: 91.91%
2024-12-06 21:06:00,942 - INFO - Saved best model with accuracy: 89.27%
2024-12-06 21:06:01,038 - INFO - Saved checkpoint at epoch 4
2024-12-06 21:06:01,039 - INFO - Total samples is: <torch.utils.data.dataloader.DataLoader object at 0x000001B38BB814C0>
2024-12-06 21:16:51,837 - INFO - Validation parameter calculation time: 0:00:00.006533
2024-12-06 21:16:51,837 - INFO - 
Epoch 5/500:
2024-12-06 21:16:51,837 - INFO - Train Loss: 0.2428, Train Acc: 91.10%
2024-12-06 21:16:51,837 - INFO - Val Loss: 0.4110, Val Acc: 87.31%
2024-12-06 21:16:51,838 - INFO - Class 0 Accuracy: 55.01%
2024-12-06 21:16:51,839 - INFO - Class 1 Accuracy: 92.99%
2024-12-06 21:16:51,840 - INFO - Class 2 Accuracy: 87.53%
2024-12-06 21:16:51,840 - INFO - Class 3 Accuracy: 77.64%
2024-12-06 21:16:51,841 - INFO - Class 4 Accuracy: 95.14%
2024-12-06 21:16:51,945 - INFO - Saved checkpoint at epoch 5
2024-12-06 21:16:51,946 - INFO - Total samples is: <torch.utils.data.dataloader.DataLoader object at 0x000001B38BB814C0>
2024-12-06 21:27:42,476 - INFO - Validation parameter calculation time: 0:00:00.006037
2024-12-06 21:27:42,476 - INFO - 
Epoch 6/500:
2024-12-06 21:27:42,476 - INFO - Train Loss: 0.2352, Train Acc: 91.39%
2024-12-06 21:27:42,476 - INFO - Val Loss: 0.2847, Val Acc: 89.92%
2024-12-06 21:27:42,477 - INFO - Class 0 Accuracy: 80.55%
2024-12-06 21:27:42,477 - INFO - Class 1 Accuracy: 90.50%
2024-12-06 21:27:42,477 - INFO - Class 2 Accuracy: 91.37%
2024-12-06 21:27:42,478 - INFO - Class 3 Accuracy: 86.70%
2024-12-06 21:27:42,478 - INFO - Class 4 Accuracy: 92.72%
2024-12-06 21:27:42,568 - INFO - Saved best model with accuracy: 89.92%
2024-12-06 21:27:42,655 - INFO - Saved checkpoint at epoch 6
2024-12-06 21:27:42,657 - INFO - Total samples is: <torch.utils.data.dataloader.DataLoader object at 0x000001B38BB814C0>
2024-12-06 21:38:32,169 - INFO - Validation parameter calculation time: 0:00:00.006688
2024-12-06 21:38:32,169 - INFO - 
Epoch 7/500:
2024-12-06 21:38:32,170 - INFO - Train Loss: 0.2369, Train Acc: 91.30%
2024-12-06 21:38:32,170 - INFO - Val Loss: 0.3827, Val Acc: 87.04%
2024-12-06 21:38:32,170 - INFO - Class 0 Accuracy: 90.51%
2024-12-06 21:38:32,171 - INFO - Class 1 Accuracy: 83.23%
2024-12-06 21:38:32,171 - INFO - Class 2 Accuracy: 92.69%
2024-12-06 21:38:32,171 - INFO - Class 3 Accuracy: 86.70%
2024-12-06 21:38:32,172 - INFO - Class 4 Accuracy: 87.22%
2024-12-06 21:38:32,263 - INFO - Saved checkpoint at epoch 7
2024-12-06 21:38:32,265 - INFO - Total samples is: <torch.utils.data.dataloader.DataLoader object at 0x000001B38BB814C0>
2024-12-06 21:49:21,012 - INFO - Validation parameter calculation time: 0:00:00.006081
2024-12-06 21:49:21,013 - INFO - 
Epoch 8/500:
2024-12-06 21:49:21,013 - INFO - Train Loss: 0.2307, Train Acc: 91.69%
2024-12-06 21:49:21,013 - INFO - Val Loss: 0.3056, Val Acc: 89.31%
2024-12-06 21:49:21,013 - INFO - Class 0 Accuracy: 79.28%
2024-12-06 21:49:21,014 - INFO - Class 1 Accuracy: 88.04%
2024-12-06 21:49:21,014 - INFO - Class 2 Accuracy: 87.59%
2024-12-06 21:49:21,014 - INFO - Class 3 Accuracy: 91.02%
2024-12-06 21:49:21,015 - INFO - Class 4 Accuracy: 94.75%
2024-12-06 21:49:21,110 - INFO - Saved checkpoint at epoch 8
2024-12-06 21:49:21,110 - INFO - Total samples is: <torch.utils.data.dataloader.DataLoader object at 0x000001B38BB814C0>
2024-12-06 22:00:11,171 - INFO - Validation parameter calculation time: 0:00:00.006663
2024-12-06 22:00:11,171 - INFO - 
Epoch 9/500:
2024-12-06 22:00:11,171 - INFO - Train Loss: 0.2079, Train Acc: 92.49%
2024-12-06 22:00:11,171 - INFO - Val Loss: 0.6679, Val Acc: 79.33%
2024-12-06 22:00:11,172 - INFO - Class 0 Accuracy: 71.80%
2024-12-06 22:00:11,173 - INFO - Class 1 Accuracy: 67.31%
2024-12-06 22:00:11,173 - INFO - Class 2 Accuracy: 75.56%
2024-12-06 22:00:11,173 - INFO - Class 3 Accuracy: 83.67%
2024-12-06 22:00:11,174 - INFO - Class 4 Accuracy: 94.33%
2024-12-06 22:00:11,271 - INFO - Saved checkpoint at epoch 9
2024-12-06 22:00:11,272 - INFO - Total samples is: <torch.utils.data.dataloader.DataLoader object at 0x000001B38BB814C0>
2024-12-06 22:11:01,028 - INFO - Validation parameter calculation time: 0:00:00.007249
2024-12-06 22:11:01,029 - INFO - 
Epoch 10/500:
2024-12-06 22:11:01,029 - INFO - Train Loss: 0.2089, Train Acc: 92.40%
2024-12-06 22:11:01,029 - INFO - Val Loss: 0.2916, Val Acc: 90.35%
2024-12-06 22:11:01,030 - INFO - Class 0 Accuracy: 71.57%
2024-12-06 22:11:01,031 - INFO - Class 1 Accuracy: 94.50%
2024-12-06 22:11:01,031 - INFO - Class 2 Accuracy: 82.50%
2024-12-06 22:11:01,032 - INFO - Class 3 Accuracy: 84.94%
2024-12-06 22:11:01,032 - INFO - Class 4 Accuracy: 97.05%
2024-12-06 22:11:01,126 - INFO - Saved best model with accuracy: 90.35%
2024-12-06 22:11:01,223 - INFO - Saved checkpoint at epoch 10
2024-12-06 22:11:01,224 - INFO - Total samples is: <torch.utils.data.dataloader.DataLoader object at 0x000001B38BB814C0>
2024-12-06 22:21:51,435 - INFO - Validation parameter calculation time: 0:00:00.007018
2024-12-06 22:21:51,435 - INFO - 
Epoch 11/500:
2024-12-06 22:21:51,435 - INFO - Train Loss: 0.1974, Train Acc: 92.87%
2024-12-06 22:21:51,435 - INFO - Val Loss: 0.3893, Val Acc: 86.60%
2024-12-06 22:21:51,436 - INFO - Class 0 Accuracy: 53.96%
2024-12-06 22:21:51,436 - INFO - Class 1 Accuracy: 87.03%
2024-12-06 22:21:51,436 - INFO - Class 2 Accuracy: 88.87%
2024-12-06 22:21:51,437 - INFO - Class 3 Accuracy: 87.36%
2024-12-06 22:21:51,437 - INFO - Class 4 Accuracy: 97.65%
2024-12-06 22:21:51,539 - INFO - Saved checkpoint at epoch 11
2024-12-06 22:21:51,540 - INFO - Total samples is: <torch.utils.data.dataloader.DataLoader object at 0x000001B38BB814C0>
2024-12-06 22:32:41,452 - INFO - Validation parameter calculation time: 0:00:00.007883
2024-12-06 22:32:41,453 - INFO - 
Epoch 12/500:
2024-12-06 22:32:41,453 - INFO - Train Loss: 0.1960, Train Acc: 92.90%
2024-12-06 22:32:41,453 - INFO - Val Loss: 0.3420, Val Acc: 88.08%
2024-12-06 22:32:41,453 - INFO - Class 0 Accuracy: 89.68%
2024-12-06 22:32:41,454 - INFO - Class 1 Accuracy: 85.21%
2024-12-06 22:32:41,454 - INFO - Class 2 Accuracy: 88.44%
2024-12-06 22:32:41,454 - INFO - Class 3 Accuracy: 88.91%
2024-12-06 22:32:41,455 - INFO - Class 4 Accuracy: 89.92%
2024-12-06 22:32:41,543 - INFO - Saved checkpoint at epoch 12
2024-12-06 22:32:41,544 - INFO - Total samples is: <torch.utils.data.dataloader.DataLoader object at 0x000001B38BB814C0>
2024-12-06 22:43:31,280 - INFO - Validation parameter calculation time: 0:00:00.006557
2024-12-06 22:43:31,281 - INFO - 
Epoch 13/500:
2024-12-06 22:43:31,281 - INFO - Train Loss: 0.2004, Train Acc: 92.78%
2024-12-06 22:43:31,281 - INFO - Val Loss: 0.3121, Val Acc: 89.22%
2024-12-06 22:43:31,281 - INFO - Class 0 Accuracy: 82.33%
2024-12-06 22:43:31,282 - INFO - Class 1 Accuracy: 89.74%
2024-12-06 22:43:31,282 - INFO - Class 2 Accuracy: 81.48%
2024-12-06 22:43:31,282 - INFO - Class 3 Accuracy: 93.61%
2024-12-06 22:43:31,283 - INFO - Class 4 Accuracy: 93.76%
2024-12-06 22:43:31,389 - INFO - Saved checkpoint at epoch 13
2024-12-06 22:43:31,391 - INFO - Total samples is: <torch.utils.data.dataloader.DataLoader object at 0x000001B38BB814C0>
2024-12-06 22:54:21,386 - INFO - Validation parameter calculation time: 0:00:00.006508
2024-12-06 22:54:21,386 - INFO - 
Epoch 14/500:
2024-12-06 22:54:21,386 - INFO - Train Loss: 0.2229, Train Acc: 91.95%
2024-12-06 22:54:21,386 - INFO - Val Loss: 0.4265, Val Acc: 85.22%
2024-12-06 22:54:21,387 - INFO - Class 0 Accuracy: 77.48%
2024-12-06 22:54:21,388 - INFO - Class 1 Accuracy: 77.13%
2024-12-06 22:54:21,388 - INFO - Class 2 Accuracy: 85.84%
2024-12-06 22:54:21,389 - INFO - Class 3 Accuracy: 88.36%
2024-12-06 22:54:21,389 - INFO - Class 4 Accuracy: 95.13%
2024-12-06 22:54:21,500 - INFO - Saved checkpoint at epoch 14
2024-12-06 22:54:21,501 - INFO - Total samples is: <torch.utils.data.dataloader.DataLoader object at 0x000001B38BB814C0>
