2025-04-06 11:53:16,506 - INFO - Training configuration:
2025-04-06 11:53:16,506 - INFO - num_points: 4096
2025-04-06 11:53:16,506 - INFO - chunk_size: 4096
2025-04-06 11:53:16,506 - INFO - overlap: 1024
2025-04-06 11:53:16,506 - INFO - batch_size: 16
2025-04-06 11:53:16,506 - INFO - num_workers: 0
2025-04-06 11:53:16,506 - INFO - learning_rate: 0.001
2025-04-06 11:53:16,506 - INFO - num_classes: 5
2025-04-06 11:53:16,506 - INFO - num_epochs: 500
2025-04-06 11:53:16,506 - INFO - device: cuda
2025-04-06 11:53:16,506 - INFO - Using device: cuda
2025-04-06 11:53:16,507 - INFO - Found 7 h5 files:
2025-04-06 11:53:16,507 - INFO -   - cb1.h5
2025-04-06 11:53:16,507 - INFO -   - cb2.h5
2025-04-06 11:53:16,507 - INFO -   - cb3.h5
2025-04-06 11:53:16,508 - INFO -   - cb4.h5
2025-04-06 11:53:16,508 - INFO -   - cb5.h5
2025-04-06 11:53:16,508 - INFO -   - cb7.h5
2025-04-06 11:53:16,508 - INFO -   - cb8.h5
2025-04-06 13:02:42,155 - INFO - Total blocks created: 13145
2025-04-06 13:02:42,157 - INFO - reading train data
2025-04-06 13:02:42,157 - INFO - Found 2 h5 files:
2025-04-06 13:02:42,158 - INFO -   - cb6.h5
2025-04-06 13:02:42,158 - INFO -   - cb9.h5
