2024-11-20 22:28:48,139 - INFO - Training configuration:
2024-11-20 22:28:48,140 - INFO - num_points: 4096
2024-11-20 22:28:48,140 - INFO - chunk_size: 4096
2024-11-20 22:28:48,141 - INFO - overlap: 2048
2024-11-20 22:28:48,142 - INFO - batch_size: 48
2024-11-20 22:28:48,143 - INFO - num_workers: 2
2024-11-20 22:28:48,144 - INFO - learning_rate: 0.001
2024-11-20 22:28:48,145 - INFO - num_classes: 5
2024-11-20 22:28:48,146 - INFO - num_epochs: 500
2024-11-20 22:28:48,147 - INFO - device: cuda
2024-11-20 22:28:48,148 - INFO - Using device: cuda
2024-11-20 22:28:48,149 - INFO - 开始预加载数据到内存...
2024-11-20 22:29:44,780 - INFO - 数据预加载完成，共 85264 个数据块
2024-11-20 22:29:44,781 - INFO - 有效标签: [0, 1, 2, 3, 4]
2024-11-20 22:29:44,783 - INFO - reading train data
2024-11-20 22:29:44,786 - INFO - 开始预加载数据到内存...
2024-11-20 22:29:50,560 - INFO - 数据预加载完成，共 4729 个数据块
2024-11-20 22:29:50,561 - INFO - 有效标签: [0, 1, 2, 3, 4]
2024-11-20 22:29:50,634 - INFO - 验证集创建完成，使用 945 个数据块 (总共 4729 个的 20.0%)
2024-11-20 22:29:50,635 - INFO - 有效标签: [0, 1, 2, 3, 4]
2024-11-20 22:29:50,636 - INFO - reading val data
2024-11-20 22:29:50,637 - INFO - Train dataset size: 85264
2024-11-20 22:29:50,638 - INFO - Val dataset size: 945
