2025-04-18 14:46:59,665 - INFO - Training configuration:
2025-04-18 14:46:59,666 - INFO - num_points: 4096
2025-04-18 14:46:59,666 - INFO - chunk_size: 4096
2025-04-18 14:46:59,666 - INFO - overlap: 1024
2025-04-18 14:46:59,666 - INFO - batch_size: 16
2025-04-18 14:46:59,666 - INFO - num_workers: 6
2025-04-18 14:46:59,666 - INFO - learning_rate: 0.001
2025-04-18 14:46:59,666 - INFO - num_classes: 5
2025-04-18 14:46:59,666 - INFO - num_epochs: 500
2025-04-18 14:46:59,666 - INFO - device: cuda
2025-04-18 14:46:59,666 - INFO - case: PN_CB_simpdataset_sec1
2025-04-18 14:46:59,666 - INFO - train_dir: data/CB/section/train
2025-04-18 14:46:59,666 - INFO - val_dir: data/CB/section/val
2025-04-18 14:46:59,667 - INFO - exp_dir_root: experiments
2025-04-18 14:46:59,667 - INFO - Using device: cuda
2025-04-18 14:46:59,667 - INFO - Initialized SimplePointCloudDataset with 83 files. Steps per file: 50.
2025-04-18 14:46:59,667 - INFO - Total samples per epoch: 4150
2025-04-18 14:46:59,667 - INFO - reading train data
2025-04-18 14:46:59,667 - INFO - Initialized SimplePointCloudDataset with 28 files. Steps per file: 20.
2025-04-18 14:46:59,667 - INFO - Total samples per epoch: 560
2025-04-18 14:46:59,667 - INFO - reading val data
2025-04-18 14:46:59,669 - INFO - Train dataset size: 4150
2025-04-18 14:46:59,669 - INFO - Val dataset size: 560
2025-04-18 14:47:00,044 - INFO - Total samples is: <torch.utils.data.dataloader.DataLoader object at 0x0000017AB9A2A450>
2025-04-18 14:57:42,506 - INFO - Validation parameter calculation time: 0:00:00.011018
2025-04-18 14:57:42,506 - INFO - 
Epoch 1/500:
2025-04-18 14:57:42,507 - INFO - Train Loss: 0.6398, Train Acc: 75.84%
2025-04-18 14:57:42,507 - INFO - Val Loss: 0.6293, Val Acc: 75.02%
2025-04-18 14:57:42,507 - INFO - Class 0 Accuracy: 96.53%
2025-04-18 14:57:42,508 - INFO - Class 1 Accuracy: 55.82%
2025-04-18 14:57:42,508 - INFO - Class 2 Accuracy: 61.69%
2025-04-18 14:57:42,508 - INFO - Class 3 Accuracy: 66.73%
2025-04-18 14:57:42,509 - INFO - Class 4 Accuracy: 38.99%
2025-04-18 14:57:42,548 - INFO - Saved best model with accuracy: 75.02%
2025-04-18 14:57:42,588 - INFO - Saved checkpoint at epoch 1
2025-04-18 14:57:42,588 - INFO - Total samples is: <torch.utils.data.dataloader.DataLoader object at 0x0000017AB9A2A450>
2025-04-18 15:07:59,796 - INFO - Validation parameter calculation time: 0:00:00.001502
2025-04-18 15:07:59,796 - INFO - 
Epoch 2/500:
2025-04-18 15:07:59,796 - INFO - Train Loss: 0.3690, Train Acc: 86.61%
2025-04-18 15:07:59,796 - INFO - Val Loss: 0.4182, Val Acc: 84.18%
2025-04-18 15:07:59,796 - INFO - Class 0 Accuracy: 93.89%
2025-04-18 15:07:59,797 - INFO - Class 1 Accuracy: 57.58%
2025-04-18 15:07:59,797 - INFO - Class 2 Accuracy: 82.52%
2025-04-18 15:07:59,797 - INFO - Class 3 Accuracy: 89.16%
2025-04-18 15:07:59,798 - INFO - Class 4 Accuracy: 61.08%
2025-04-18 15:07:59,839 - INFO - Saved best model with accuracy: 84.18%
2025-04-18 15:07:59,880 - INFO - Saved checkpoint at epoch 2
2025-04-18 15:07:59,880 - INFO - Total samples is: <torch.utils.data.dataloader.DataLoader object at 0x0000017AB9A2A450>
2025-04-18 15:18:06,621 - INFO - Validation parameter calculation time: 0:00:00.002000
2025-04-18 15:18:06,622 - INFO - 
Epoch 3/500:
2025-04-18 15:18:06,622 - INFO - Train Loss: 0.2928, Train Acc: 89.49%
2025-04-18 15:18:06,622 - INFO - Val Loss: 0.3926, Val Acc: 86.39%
2025-04-18 15:18:06,622 - INFO - Class 0 Accuracy: 96.73%
2025-04-18 15:18:06,623 - INFO - Class 1 Accuracy: 60.73%
2025-04-18 15:18:06,623 - INFO - Class 2 Accuracy: 86.52%
2025-04-18 15:18:06,623 - INFO - Class 3 Accuracy: 82.90%
2025-04-18 15:18:06,623 - INFO - Class 4 Accuracy: 63.79%
2025-04-18 15:18:06,665 - INFO - Saved best model with accuracy: 86.39%
2025-04-18 15:18:06,703 - INFO - Saved checkpoint at epoch 3
2025-04-18 15:18:06,704 - INFO - Total samples is: <torch.utils.data.dataloader.DataLoader object at 0x0000017AB9A2A450>
2025-04-18 15:28:14,050 - INFO - Validation parameter calculation time: 0:00:00.001999
2025-04-18 15:28:14,050 - INFO - 
Epoch 4/500:
2025-04-18 15:28:14,050 - INFO - Train Loss: 0.2529, Train Acc: 90.97%
2025-04-18 15:28:14,050 - INFO - Val Loss: 0.2884, Val Acc: 89.69%
2025-04-18 15:28:14,051 - INFO - Class 0 Accuracy: 97.39%
2025-04-18 15:28:14,051 - INFO - Class 1 Accuracy: 76.83%
2025-04-18 15:28:14,052 - INFO - Class 2 Accuracy: 95.64%
2025-04-18 15:28:14,052 - INFO - Class 3 Accuracy: 69.89%
2025-04-18 15:28:14,052 - INFO - Class 4 Accuracy: 51.62%
2025-04-18 15:28:14,094 - INFO - Saved best model with accuracy: 89.69%
2025-04-18 15:28:14,133 - INFO - Saved checkpoint at epoch 4
2025-04-18 15:28:14,133 - INFO - Total samples is: <torch.utils.data.dataloader.DataLoader object at 0x0000017AB9A2A450>
2025-04-18 15:38:14,862 - INFO - Validation parameter calculation time: 0:00:00.001000
2025-04-18 15:38:14,863 - INFO - 
Epoch 5/500:
2025-04-18 15:38:14,863 - INFO - Train Loss: 0.2241, Train Acc: 92.00%
2025-04-18 15:38:14,863 - INFO - Val Loss: 0.3516, Val Acc: 87.38%
2025-04-18 15:38:14,863 - INFO - Class 0 Accuracy: 98.47%
2025-04-18 15:38:14,863 - INFO - Class 1 Accuracy: 67.89%
2025-04-18 15:38:14,864 - INFO - Class 2 Accuracy: 87.62%
2025-04-18 15:38:14,864 - INFO - Class 3 Accuracy: 77.67%
2025-04-18 15:38:14,865 - INFO - Class 4 Accuracy: 52.20%
2025-04-18 15:38:14,905 - INFO - Saved checkpoint at epoch 5
2025-04-18 15:38:14,906 - INFO - Total samples is: <torch.utils.data.dataloader.DataLoader object at 0x0000017AB9A2A450>
2025-04-18 15:48:12,283 - INFO - Validation parameter calculation time: 0:00:00.001998
2025-04-18 15:48:12,283 - INFO - 
Epoch 6/500:
2025-04-18 15:48:12,283 - INFO - Train Loss: 0.1962, Train Acc: 93.02%
2025-04-18 15:48:12,283 - INFO - Val Loss: 0.2490, Val Acc: 90.86%
2025-04-18 15:48:12,284 - INFO - Class 0 Accuracy: 97.04%
2025-04-18 15:48:12,284 - INFO - Class 1 Accuracy: 78.92%
2025-04-18 15:48:12,285 - INFO - Class 2 Accuracy: 93.63%
2025-04-18 15:48:12,285 - INFO - Class 3 Accuracy: 79.75%
2025-04-18 15:48:12,285 - INFO - Class 4 Accuracy: 69.62%
2025-04-18 15:48:12,326 - INFO - Saved best model with accuracy: 90.86%
2025-04-18 15:48:12,366 - INFO - Saved checkpoint at epoch 6
2025-04-18 15:48:12,367 - INFO - Total samples is: <torch.utils.data.dataloader.DataLoader object at 0x0000017AB9A2A450>
2025-04-18 15:58:13,197 - INFO - Validation parameter calculation time: 0:00:00.002004
2025-04-18 15:58:13,197 - INFO - 
Epoch 7/500:
2025-04-18 15:58:13,197 - INFO - Train Loss: 0.2051, Train Acc: 92.76%
2025-04-18 15:58:13,197 - INFO - Val Loss: 0.3109, Val Acc: 88.92%
2025-04-18 15:58:13,198 - INFO - Class 0 Accuracy: 94.98%
2025-04-18 15:58:13,198 - INFO - Class 1 Accuracy: 80.97%
2025-04-18 15:58:13,198 - INFO - Class 2 Accuracy: 90.57%
2025-04-18 15:58:13,199 - INFO - Class 3 Accuracy: 75.14%
2025-04-18 15:58:13,199 - INFO - Class 4 Accuracy: 75.17%
2025-04-18 15:58:13,241 - INFO - Saved checkpoint at epoch 7
2025-04-18 15:58:13,241 - INFO - Total samples is: <torch.utils.data.dataloader.DataLoader object at 0x0000017AB9A2A450>
2025-04-18 16:08:37,153 - INFO - Validation parameter calculation time: 0:00:00.001502
2025-04-18 16:08:37,153 - INFO - 
Epoch 8/500:
2025-04-18 16:08:37,153 - INFO - Train Loss: 0.1738, Train Acc: 93.82%
2025-04-18 16:08:37,154 - INFO - Val Loss: 0.2706, Val Acc: 90.49%
2025-04-18 16:08:37,154 - INFO - Class 0 Accuracy: 98.75%
2025-04-18 16:08:37,154 - INFO - Class 1 Accuracy: 76.91%
2025-04-18 16:08:37,155 - INFO - Class 2 Accuracy: 91.11%
2025-04-18 16:08:37,155 - INFO - Class 3 Accuracy: 82.84%
2025-04-18 16:08:37,156 - INFO - Class 4 Accuracy: 58.22%
2025-04-18 16:08:37,197 - INFO - Saved checkpoint at epoch 8
2025-04-18 16:08:37,198 - INFO - Total samples is: <torch.utils.data.dataloader.DataLoader object at 0x0000017AB9A2A450>
2025-04-18 16:18:52,274 - INFO - Validation parameter calculation time: 0:00:00.002568
2025-04-18 16:18:52,274 - INFO - 
Epoch 9/500:
2025-04-18 16:18:52,274 - INFO - Train Loss: 0.1612, Train Acc: 94.26%
2025-04-18 16:18:52,275 - INFO - Val Loss: 0.3253, Val Acc: 88.94%
2025-04-18 16:18:52,275 - INFO - Class 0 Accuracy: 93.75%
2025-04-18 16:18:52,275 - INFO - Class 1 Accuracy: 74.34%
2025-04-18 16:18:52,276 - INFO - Class 2 Accuracy: 94.36%
2025-04-18 16:18:52,276 - INFO - Class 3 Accuracy: 75.34%
2025-04-18 16:18:52,276 - INFO - Class 4 Accuracy: 77.75%
2025-04-18 16:18:52,324 - INFO - Saved checkpoint at epoch 9
2025-04-18 16:18:52,324 - INFO - Total samples is: <torch.utils.data.dataloader.DataLoader object at 0x0000017AB9A2A450>
2025-04-18 16:30:35,950 - INFO - Validation parameter calculation time: 0:00:00.001877
2025-04-18 16:30:35,950 - INFO - 
Epoch 10/500:
2025-04-18 16:30:35,950 - INFO - Train Loss: 0.1701, Train Acc: 93.95%
2025-04-18 16:30:35,950 - INFO - Val Loss: 0.2295, Val Acc: 91.62%
2025-04-18 16:30:35,950 - INFO - Class 0 Accuracy: 98.98%
2025-04-18 16:30:35,952 - INFO - Class 1 Accuracy: 74.20%
2025-04-18 16:30:35,952 - INFO - Class 2 Accuracy: 94.17%
2025-04-18 16:30:35,953 - INFO - Class 3 Accuracy: 84.26%
2025-04-18 16:30:35,953 - INFO - Class 4 Accuracy: 65.17%
2025-04-18 16:30:35,994 - INFO - Saved best model with accuracy: 91.62%
2025-04-18 16:30:36,035 - INFO - Saved checkpoint at epoch 10
2025-04-18 16:30:36,035 - INFO - Total samples is: <torch.utils.data.dataloader.DataLoader object at 0x0000017AB9A2A450>
2025-04-18 16:43:28,016 - INFO - Validation parameter calculation time: 0:00:00.002505
2025-04-18 16:43:28,016 - INFO - 
Epoch 11/500:
2025-04-18 16:43:28,017 - INFO - Train Loss: 0.1455, Train Acc: 94.83%
2025-04-18 16:43:28,017 - INFO - Val Loss: 0.2792, Val Acc: 90.14%
2025-04-18 16:43:28,018 - INFO - Class 0 Accuracy: 93.25%
2025-04-18 16:43:28,018 - INFO - Class 1 Accuracy: 82.02%
2025-04-18 16:43:28,019 - INFO - Class 2 Accuracy: 93.02%
2025-04-18 16:43:28,019 - INFO - Class 3 Accuracy: 83.33%
2025-04-18 16:43:28,019 - INFO - Class 4 Accuracy: 76.94%
2025-04-18 16:43:28,065 - INFO - Saved checkpoint at epoch 11
2025-04-18 16:43:28,065 - INFO - Total samples is: <torch.utils.data.dataloader.DataLoader object at 0x0000017AB9A2A450>
2025-04-18 16:56:20,353 - INFO - Validation parameter calculation time: 0:00:00.001928
2025-04-18 16:56:20,353 - INFO - 
Epoch 12/500:
2025-04-18 16:56:20,353 - INFO - Train Loss: 0.1577, Train Acc: 94.42%
2025-04-18 16:56:20,353 - INFO - Val Loss: 0.4433, Val Acc: 85.48%
2025-04-18 16:56:20,354 - INFO - Class 0 Accuracy: 95.34%
2025-04-18 16:56:20,354 - INFO - Class 1 Accuracy: 71.04%
2025-04-18 16:56:20,355 - INFO - Class 2 Accuracy: 82.41%
2025-04-18 16:56:20,355 - INFO - Class 3 Accuracy: 82.29%
2025-04-18 16:56:20,355 - INFO - Class 4 Accuracy: 56.94%
2025-04-18 16:56:20,397 - INFO - Saved checkpoint at epoch 12
2025-04-18 16:56:20,398 - INFO - Total samples is: <torch.utils.data.dataloader.DataLoader object at 0x0000017AB9A2A450>
2025-04-18 17:09:06,530 - INFO - Validation parameter calculation time: 0:00:00.000999
2025-04-18 17:09:06,530 - INFO - 
Epoch 13/500:
2025-04-18 17:09:06,530 - INFO - Train Loss: 0.1485, Train Acc: 94.70%
2025-04-18 17:09:06,531 - INFO - Val Loss: 0.3479, Val Acc: 87.99%
2025-04-18 17:09:06,532 - INFO - Class 0 Accuracy: 94.69%
2025-04-18 17:09:06,532 - INFO - Class 1 Accuracy: 79.80%
2025-04-18 17:09:06,533 - INFO - Class 2 Accuracy: 88.24%
2025-04-18 17:09:06,533 - INFO - Class 3 Accuracy: 78.44%
2025-04-18 17:09:06,533 - INFO - Class 4 Accuracy: 65.81%
2025-04-18 17:09:06,574 - INFO - Saved checkpoint at epoch 13
2025-04-18 17:09:06,575 - INFO - Total samples is: <torch.utils.data.dataloader.DataLoader object at 0x0000017AB9A2A450>
2025-04-18 17:21:52,007 - INFO - Validation parameter calculation time: 0:00:00.002004
2025-04-18 17:21:52,007 - INFO - 
Epoch 14/500:
2025-04-18 17:21:52,008 - INFO - Train Loss: 0.1602, Train Acc: 94.28%
2025-04-18 17:21:52,008 - INFO - Val Loss: 0.2414, Val Acc: 91.17%
2025-04-18 17:21:52,008 - INFO - Class 0 Accuracy: 97.94%
2025-04-18 17:21:52,008 - INFO - Class 1 Accuracy: 83.02%
2025-04-18 17:21:52,009 - INFO - Class 2 Accuracy: 91.56%
2025-04-18 17:21:52,009 - INFO - Class 3 Accuracy: 79.79%
2025-04-18 17:21:52,010 - INFO - Class 4 Accuracy: 73.20%
2025-04-18 17:21:52,053 - INFO - Saved checkpoint at epoch 14
2025-04-18 17:21:52,053 - INFO - Total samples is: <torch.utils.data.dataloader.DataLoader object at 0x0000017AB9A2A450>
2025-04-18 17:34:11,957 - INFO - Validation parameter calculation time: 0:00:00.003706
2025-04-18 17:34:11,957 - INFO - 
Epoch 15/500:
2025-04-18 17:34:11,958 - INFO - Train Loss: 0.1235, Train Acc: 95.61%
2025-04-18 17:34:11,958 - INFO - Val Loss: 0.2289, Val Acc: 92.33%
2025-04-18 17:34:11,959 - INFO - Class 0 Accuracy: 98.40%
2025-04-18 17:34:11,959 - INFO - Class 1 Accuracy: 83.93%
2025-04-18 17:34:11,960 - INFO - Class 2 Accuracy: 92.22%
2025-04-18 17:34:11,960 - INFO - Class 3 Accuracy: 86.28%
2025-04-18 17:34:11,960 - INFO - Class 4 Accuracy: 69.87%
2025-04-18 17:34:12,054 - INFO - Saved best model with accuracy: 92.33%
2025-04-18 17:34:12,094 - INFO - Saved checkpoint at epoch 15
2025-04-18 17:34:12,094 - INFO - Total samples is: <torch.utils.data.dataloader.DataLoader object at 0x0000017AB9A2A450>
2025-04-18 17:46:51,225 - INFO - Validation parameter calculation time: 0:00:00.003004
2025-04-18 17:46:51,225 - INFO - 
Epoch 16/500:
2025-04-18 17:46:51,225 - INFO - Train Loss: 0.1214, Train Acc: 95.66%
2025-04-18 17:46:51,226 - INFO - Val Loss: 0.2236, Val Acc: 91.96%
2025-04-18 17:46:51,226 - INFO - Class 0 Accuracy: 98.26%
2025-04-18 17:46:51,226 - INFO - Class 1 Accuracy: 86.50%
2025-04-18 17:46:51,226 - INFO - Class 2 Accuracy: 93.26%
2025-04-18 17:46:51,227 - INFO - Class 3 Accuracy: 76.20%
2025-04-18 17:46:51,227 - INFO - Class 4 Accuracy: 76.25%
2025-04-18 17:46:51,274 - INFO - Saved checkpoint at epoch 16
2025-04-18 17:46:51,274 - INFO - Total samples is: <torch.utils.data.dataloader.DataLoader object at 0x0000017AB9A2A450>
2025-04-18 17:59:18,562 - INFO - Validation parameter calculation time: 0:00:00.001999
2025-04-18 17:59:18,562 - INFO - 
Epoch 17/500:
2025-04-18 17:59:18,562 - INFO - Train Loss: 0.1409, Train Acc: 94.99%
2025-04-18 17:59:18,562 - INFO - Val Loss: 0.2755, Val Acc: 89.84%
2025-04-18 17:59:18,563 - INFO - Class 0 Accuracy: 99.28%
2025-04-18 17:59:18,563 - INFO - Class 1 Accuracy: 71.46%
2025-04-18 17:59:18,563 - INFO - Class 2 Accuracy: 89.18%
2025-04-18 17:59:18,564 - INFO - Class 3 Accuracy: 83.42%
2025-04-18 17:59:18,564 - INFO - Class 4 Accuracy: 69.63%
2025-04-18 17:59:18,606 - INFO - Saved checkpoint at epoch 17
2025-04-18 17:59:18,606 - INFO - Total samples is: <torch.utils.data.dataloader.DataLoader object at 0x0000017AB9A2A450>
2025-04-18 18:12:00,382 - INFO - Validation parameter calculation time: 0:00:00.002999
2025-04-18 18:12:00,382 - INFO - 
Epoch 18/500:
2025-04-18 18:12:00,382 - INFO - Train Loss: 0.1415, Train Acc: 94.95%
2025-04-18 18:12:00,382 - INFO - Val Loss: 0.3126, Val Acc: 89.71%
2025-04-18 18:12:00,384 - INFO - Class 0 Accuracy: 99.00%
2025-04-18 18:12:00,385 - INFO - Class 1 Accuracy: 80.53%
2025-04-18 18:12:00,387 - INFO - Class 2 Accuracy: 93.92%
2025-04-18 18:12:00,388 - INFO - Class 3 Accuracy: 63.27%
2025-04-18 18:12:00,388 - INFO - Class 4 Accuracy: 58.53%
2025-04-18 18:12:00,454 - INFO - Saved checkpoint at epoch 18
2025-04-18 18:12:00,454 - INFO - Total samples is: <torch.utils.data.dataloader.DataLoader object at 0x0000017AB9A2A450>
2025-04-18 18:24:16,198 - INFO - Validation parameter calculation time: 0:00:00.002002
2025-04-18 18:24:16,198 - INFO - 
Epoch 19/500:
2025-04-18 18:24:16,198 - INFO - Train Loss: 0.1290, Train Acc: 95.38%
2025-04-18 18:24:16,198 - INFO - Val Loss: 0.2487, Val Acc: 90.91%
2025-04-18 18:24:16,199 - INFO - Class 0 Accuracy: 96.25%
2025-04-18 18:24:16,199 - INFO - Class 1 Accuracy: 84.73%
2025-04-18 18:24:16,200 - INFO - Class 2 Accuracy: 91.70%
2025-04-18 18:24:16,200 - INFO - Class 3 Accuracy: 80.91%
2025-04-18 18:24:16,200 - INFO - Class 4 Accuracy: 74.67%
2025-04-18 18:24:16,241 - INFO - Saved checkpoint at epoch 19
2025-04-18 18:24:16,242 - INFO - Total samples is: <torch.utils.data.dataloader.DataLoader object at 0x0000017AB9A2A450>
2025-04-18 18:36:58,355 - INFO - Validation parameter calculation time: 0:00:00.002002
2025-04-18 18:36:58,355 - INFO - 
Epoch 20/500:
2025-04-18 18:36:58,355 - INFO - Train Loss: 0.1121, Train Acc: 96.01%
2025-04-18 18:36:58,355 - INFO - Val Loss: 0.2928, Val Acc: 90.94%
2025-04-18 18:36:58,356 - INFO - Class 0 Accuracy: 97.72%
2025-04-18 18:36:58,356 - INFO - Class 1 Accuracy: 87.61%
2025-04-18 18:36:58,357 - INFO - Class 2 Accuracy: 91.79%
2025-04-18 18:36:58,357 - INFO - Class 3 Accuracy: 69.79%
2025-04-18 18:36:58,357 - INFO - Class 4 Accuracy: 85.53%
2025-04-18 18:36:58,399 - INFO - Saved checkpoint at epoch 20
2025-04-18 18:36:58,399 - INFO - Total samples is: <torch.utils.data.dataloader.DataLoader object at 0x0000017AB9A2A450>
2025-04-18 18:49:18,695 - INFO - Validation parameter calculation time: 0:00:00.001506
2025-04-18 18:49:18,695 - INFO - 
Epoch 21/500:
2025-04-18 18:49:18,696 - INFO - Train Loss: 0.1104, Train Acc: 96.05%
2025-04-18 18:49:18,696 - INFO - Val Loss: 0.1721, Val Acc: 94.00%
2025-04-18 18:49:18,696 - INFO - Class 0 Accuracy: 96.92%
2025-04-18 18:49:18,697 - INFO - Class 1 Accuracy: 83.72%
2025-04-18 18:49:18,697 - INFO - Class 2 Accuracy: 96.45%
2025-04-18 18:49:18,697 - INFO - Class 3 Accuracy: 93.22%
2025-04-18 18:49:18,698 - INFO - Class 4 Accuracy: 73.77%
2025-04-18 18:49:18,741 - INFO - Saved best model with accuracy: 94.00%
2025-04-18 18:49:18,785 - INFO - Saved checkpoint at epoch 21
2025-04-18 18:49:18,785 - INFO - Total samples is: <torch.utils.data.dataloader.DataLoader object at 0x0000017AB9A2A450>
2025-04-18 19:01:53,947 - INFO - Validation parameter calculation time: 0:00:00.002003
2025-04-18 19:01:53,947 - INFO - 
Epoch 22/500:
2025-04-18 19:01:53,947 - INFO - Train Loss: 0.1162, Train Acc: 95.90%
2025-04-18 19:01:53,947 - INFO - Val Loss: 0.3849, Val Acc: 88.75%
2025-04-18 19:01:53,948 - INFO - Class 0 Accuracy: 97.34%
2025-04-18 19:01:53,948 - INFO - Class 1 Accuracy: 73.99%
2025-04-18 19:01:53,949 - INFO - Class 2 Accuracy: 90.06%
2025-04-18 19:01:53,949 - INFO - Class 3 Accuracy: 77.37%
2025-04-18 19:01:53,949 - INFO - Class 4 Accuracy: 63.50%
2025-04-18 19:01:53,991 - INFO - Saved checkpoint at epoch 22
2025-04-18 19:01:53,992 - INFO - Total samples is: <torch.utils.data.dataloader.DataLoader object at 0x0000017AB9A2A450>
2025-04-18 19:14:41,751 - INFO - Validation parameter calculation time: 0:00:00.001000
2025-04-18 19:14:41,752 - INFO - 
Epoch 23/500:
2025-04-18 19:14:41,752 - INFO - Train Loss: 0.1397, Train Acc: 95.02%
2025-04-18 19:14:41,752 - INFO - Val Loss: 0.2400, Val Acc: 91.44%
2025-04-18 19:14:41,753 - INFO - Class 0 Accuracy: 97.05%
2025-04-18 19:14:41,753 - INFO - Class 1 Accuracy: 87.86%
2025-04-18 19:14:41,753 - INFO - Class 2 Accuracy: 93.04%
2025-04-18 19:14:41,754 - INFO - Class 3 Accuracy: 77.02%
2025-04-18 19:14:41,754 - INFO - Class 4 Accuracy: 69.27%
2025-04-18 19:14:41,799 - INFO - Saved checkpoint at epoch 23
2025-04-18 19:14:41,799 - INFO - Total samples is: <torch.utils.data.dataloader.DataLoader object at 0x0000017AB9A2A450>
2025-04-18 19:27:27,357 - INFO - Validation parameter calculation time: 0:00:00.002000
2025-04-18 19:27:27,357 - INFO - 
Epoch 24/500:
2025-04-18 19:27:27,358 - INFO - Train Loss: 0.0976, Train Acc: 96.52%
2025-04-18 19:27:27,358 - INFO - Val Loss: 0.2709, Val Acc: 91.02%
2025-04-18 19:27:27,358 - INFO - Class 0 Accuracy: 99.09%
2025-04-18 19:27:27,358 - INFO - Class 1 Accuracy: 82.35%
2025-04-18 19:27:27,360 - INFO - Class 2 Accuracy: 90.60%
2025-04-18 19:27:27,360 - INFO - Class 3 Accuracy: 74.61%
2025-04-18 19:27:27,360 - INFO - Class 4 Accuracy: 84.84%
2025-04-18 19:27:27,402 - INFO - Saved checkpoint at epoch 24
2025-04-18 19:27:27,402 - INFO - Total samples is: <torch.utils.data.dataloader.DataLoader object at 0x0000017AB9A2A450>
2025-04-18 19:39:50,890 - INFO - Validation parameter calculation time: 0:00:00.001999
2025-04-18 19:39:50,890 - INFO - 
Epoch 25/500:
2025-04-18 19:39:50,891 - INFO - Train Loss: 0.1195, Train Acc: 95.75%
2025-04-18 19:39:50,891 - INFO - Val Loss: 0.2211, Val Acc: 92.53%
2025-04-18 19:39:50,891 - INFO - Class 0 Accuracy: 99.10%
2025-04-18 19:39:50,891 - INFO - Class 1 Accuracy: 83.14%
2025-04-18 19:39:50,892 - INFO - Class 2 Accuracy: 95.00%
2025-04-18 19:39:50,892 - INFO - Class 3 Accuracy: 79.77%
2025-04-18 19:39:50,892 - INFO - Class 4 Accuracy: 65.39%
2025-04-18 19:39:50,931 - INFO - Saved checkpoint at epoch 25
2025-04-18 19:39:50,931 - INFO - Total samples is: <torch.utils.data.dataloader.DataLoader object at 0x0000017AB9A2A450>
2025-04-18 19:52:51,054 - INFO - Validation parameter calculation time: 0:00:00.001999
2025-04-18 19:52:51,054 - INFO - 
Epoch 26/500:
2025-04-18 19:52:51,054 - INFO - Train Loss: 0.0966, Train Acc: 96.56%
2025-04-18 19:52:51,054 - INFO - Val Loss: 0.1595, Val Acc: 94.40%
2025-04-18 19:52:51,055 - INFO - Class 0 Accuracy: 98.14%
2025-04-18 19:52:51,055 - INFO - Class 1 Accuracy: 87.19%
2025-04-18 19:52:51,055 - INFO - Class 2 Accuracy: 95.97%
2025-04-18 19:52:51,056 - INFO - Class 3 Accuracy: 88.58%
2025-04-18 19:52:51,056 - INFO - Class 4 Accuracy: 79.22%
2025-04-18 19:52:51,102 - INFO - Saved best model with accuracy: 94.40%
2025-04-18 19:52:51,139 - INFO - Saved checkpoint at epoch 26
2025-04-18 19:52:51,140 - INFO - Total samples is: <torch.utils.data.dataloader.DataLoader object at 0x0000017AB9A2A450>
2025-04-18 20:05:17,026 - INFO - Validation parameter calculation time: 0:00:00.001998
2025-04-18 20:05:17,026 - INFO - 
Epoch 27/500:
2025-04-18 20:05:17,026 - INFO - Train Loss: 0.1080, Train Acc: 96.16%
2025-04-18 20:05:17,026 - INFO - Val Loss: 0.2585, Val Acc: 91.62%
2025-04-18 20:05:17,026 - INFO - Class 0 Accuracy: 97.26%
2025-04-18 20:05:17,027 - INFO - Class 1 Accuracy: 81.16%
2025-04-18 20:05:17,027 - INFO - Class 2 Accuracy: 94.39%
2025-04-18 20:05:17,027 - INFO - Class 3 Accuracy: 77.86%
2025-04-18 20:05:17,028 - INFO - Class 4 Accuracy: 81.71%
2025-04-18 20:05:17,067 - INFO - Saved checkpoint at epoch 27
2025-04-18 20:05:17,068 - INFO - Total samples is: <torch.utils.data.dataloader.DataLoader object at 0x0000017AB9A2A450>
2025-04-18 20:17:58,670 - INFO - Validation parameter calculation time: 0:00:00.002000
2025-04-18 20:17:58,671 - INFO - 
Epoch 28/500:
2025-04-18 20:17:58,671 - INFO - Train Loss: 0.1053, Train Acc: 96.24%
2025-04-18 20:17:58,671 - INFO - Val Loss: 0.2357, Val Acc: 91.81%
2025-04-18 20:17:58,671 - INFO - Class 0 Accuracy: 95.86%
2025-04-18 20:17:58,671 - INFO - Class 1 Accuracy: 88.06%
2025-04-18 20:17:58,672 - INFO - Class 2 Accuracy: 94.46%
2025-04-18 20:17:58,672 - INFO - Class 3 Accuracy: 82.35%
2025-04-18 20:17:58,672 - INFO - Class 4 Accuracy: 61.42%
2025-04-18 20:17:58,711 - INFO - Saved checkpoint at epoch 28
2025-04-18 20:17:58,712 - INFO - Total samples is: <torch.utils.data.dataloader.DataLoader object at 0x0000017AB9A2A450>
2025-04-18 20:30:45,832 - INFO - Validation parameter calculation time: 0:00:00.001998
2025-04-18 20:30:45,832 - INFO - 
Epoch 29/500:
2025-04-18 20:30:45,832 - INFO - Train Loss: 0.0945, Train Acc: 96.62%
2025-04-18 20:30:45,832 - INFO - Val Loss: 0.1913, Val Acc: 93.15%
2025-04-18 20:30:45,833 - INFO - Class 0 Accuracy: 97.91%
2025-04-18 20:30:45,833 - INFO - Class 1 Accuracy: 87.57%
2025-04-18 20:30:45,834 - INFO - Class 2 Accuracy: 95.23%
2025-04-18 20:30:45,834 - INFO - Class 3 Accuracy: 82.01%
2025-04-18 20:30:45,834 - INFO - Class 4 Accuracy: 72.63%
2025-04-18 20:30:45,874 - INFO - Saved checkpoint at epoch 29
2025-04-18 20:30:45,874 - INFO - Total samples is: <torch.utils.data.dataloader.DataLoader object at 0x0000017AB9A2A450>
2025-04-18 20:41:09,885 - INFO - Validation parameter calculation time: 0:00:00.002001
2025-04-18 20:41:09,885 - INFO - 
Epoch 30/500:
2025-04-18 20:41:09,885 - INFO - Train Loss: 0.0979, Train Acc: 96.50%
2025-04-18 20:41:09,885 - INFO - Val Loss: 0.1735, Val Acc: 93.73%
2025-04-18 20:41:09,886 - INFO - Class 0 Accuracy: 97.24%
2025-04-18 20:41:09,886 - INFO - Class 1 Accuracy: 86.13%
2025-04-18 20:41:09,886 - INFO - Class 2 Accuracy: 95.42%
2025-04-18 20:41:09,887 - INFO - Class 3 Accuracy: 86.22%
2025-04-18 20:41:09,887 - INFO - Class 4 Accuracy: 87.96%
2025-04-18 20:41:09,927 - INFO - Saved checkpoint at epoch 30
2025-04-18 20:41:09,928 - INFO - Total samples is: <torch.utils.data.dataloader.DataLoader object at 0x0000017AB9A2A450>
2025-04-18 20:50:57,423 - INFO - Validation parameter calculation time: 0:00:00.001999
2025-04-18 20:50:57,423 - INFO - 
Epoch 31/500:
2025-04-18 20:50:57,423 - INFO - Train Loss: 0.1019, Train Acc: 96.38%
2025-04-18 20:50:57,423 - INFO - Val Loss: 0.1967, Val Acc: 93.18%
2025-04-18 20:50:57,424 - INFO - Class 0 Accuracy: 98.36%
2025-04-18 20:50:57,424 - INFO - Class 1 Accuracy: 86.24%
2025-04-18 20:50:57,424 - INFO - Class 2 Accuracy: 96.07%
2025-04-18 20:50:57,425 - INFO - Class 3 Accuracy: 79.12%
2025-04-18 20:50:57,425 - INFO - Class 4 Accuracy: 75.04%
2025-04-18 20:50:57,467 - INFO - Saved checkpoint at epoch 31
2025-04-18 20:50:57,467 - INFO - Total samples is: <torch.utils.data.dataloader.DataLoader object at 0x0000017AB9A2A450>
2025-04-18 21:00:56,883 - INFO - Validation parameter calculation time: 0:00:00.000999
2025-04-18 21:00:56,884 - INFO - 
Epoch 32/500:
2025-04-18 21:00:56,884 - INFO - Train Loss: 0.0990, Train Acc: 96.46%
2025-04-18 21:00:56,884 - INFO - Val Loss: 0.3180, Val Acc: 89.75%
2025-04-18 21:00:56,884 - INFO - Class 0 Accuracy: 99.46%
2025-04-18 21:00:56,884 - INFO - Class 1 Accuracy: 85.41%
2025-04-18 21:00:56,884 - INFO - Class 2 Accuracy: 89.90%
2025-04-18 21:00:56,885 - INFO - Class 3 Accuracy: 69.47%
2025-04-18 21:00:56,885 - INFO - Class 4 Accuracy: 53.34%
2025-04-18 21:00:56,925 - INFO - Saved checkpoint at epoch 32
2025-04-18 21:00:56,925 - INFO - Total samples is: <torch.utils.data.dataloader.DataLoader object at 0x0000017AB9A2A450>
2025-04-18 21:10:56,044 - INFO - Validation parameter calculation time: 0:00:00.002509
2025-04-18 21:10:56,044 - INFO - 
Epoch 33/500:
2025-04-18 21:10:56,044 - INFO - Train Loss: 0.0768, Train Acc: 97.29%
2025-04-18 21:10:56,044 - INFO - Val Loss: 0.1560, Val Acc: 94.56%
2025-04-18 21:10:56,045 - INFO - Class 0 Accuracy: 98.94%
2025-04-18 21:10:56,045 - INFO - Class 1 Accuracy: 89.60%
2025-04-18 21:10:56,045 - INFO - Class 2 Accuracy: 96.21%
2025-04-18 21:10:56,046 - INFO - Class 3 Accuracy: 84.67%
2025-04-18 21:10:56,046 - INFO - Class 4 Accuracy: 76.69%
2025-04-18 21:10:56,091 - INFO - Saved best model with accuracy: 94.56%
2025-04-18 21:10:56,128 - INFO - Saved checkpoint at epoch 33
2025-04-18 21:10:56,129 - INFO - Total samples is: <torch.utils.data.dataloader.DataLoader object at 0x0000017AB9A2A450>
2025-04-18 21:20:57,931 - INFO - Validation parameter calculation time: 0:00:00.001999
2025-04-18 21:20:57,931 - INFO - 
Epoch 34/500:
2025-04-18 21:20:57,931 - INFO - Train Loss: 0.0631, Train Acc: 97.76%
2025-04-18 21:20:57,932 - INFO - Val Loss: 0.1555, Val Acc: 94.52%
2025-04-18 21:20:57,932 - INFO - Class 0 Accuracy: 99.06%
2025-04-18 21:20:57,932 - INFO - Class 1 Accuracy: 90.97%
2025-04-18 21:20:57,933 - INFO - Class 2 Accuracy: 95.80%
2025-04-18 21:20:57,933 - INFO - Class 3 Accuracy: 83.24%
2025-04-18 21:20:57,933 - INFO - Class 4 Accuracy: 77.71%
2025-04-18 21:20:57,976 - INFO - Saved checkpoint at epoch 34
2025-04-18 21:20:57,976 - INFO - Total samples is: <torch.utils.data.dataloader.DataLoader object at 0x0000017AB9A2A450>
2025-04-18 21:30:55,493 - INFO - Validation parameter calculation time: 0:00:00.001999
2025-04-18 21:30:55,493 - INFO - 
Epoch 35/500:
2025-04-18 21:30:55,493 - INFO - Train Loss: 0.0598, Train Acc: 97.88%
2025-04-18 21:30:55,494 - INFO - Val Loss: 0.1562, Val Acc: 94.58%
2025-04-18 21:30:55,495 - INFO - Class 0 Accuracy: 99.10%
2025-04-18 21:30:55,495 - INFO - Class 1 Accuracy: 90.54%
2025-04-18 21:30:55,495 - INFO - Class 2 Accuracy: 95.93%
2025-04-18 21:30:55,495 - INFO - Class 3 Accuracy: 84.12%
2025-04-18 21:30:55,496 - INFO - Class 4 Accuracy: 76.01%
2025-04-18 21:30:55,535 - INFO - Saved best model with accuracy: 94.58%
2025-04-18 21:30:55,579 - INFO - Saved checkpoint at epoch 35
2025-04-18 21:30:55,579 - INFO - Total samples is: <torch.utils.data.dataloader.DataLoader object at 0x0000017AB9A2A450>
2025-04-18 21:40:49,440 - INFO - Validation parameter calculation time: 0:00:00.000998
2025-04-18 21:40:49,440 - INFO - 
Epoch 36/500:
2025-04-18 21:40:49,441 - INFO - Train Loss: 0.0559, Train Acc: 98.02%
2025-04-18 21:40:49,441 - INFO - Val Loss: 0.1538, Val Acc: 94.80%
2025-04-18 21:40:49,441 - INFO - Class 0 Accuracy: 99.13%
2025-04-18 21:40:49,442 - INFO - Class 1 Accuracy: 92.00%
2025-04-18 21:40:49,442 - INFO - Class 2 Accuracy: 95.88%
2025-04-18 21:40:49,442 - INFO - Class 3 Accuracy: 83.52%
2025-04-18 21:40:49,442 - INFO - Class 4 Accuracy: 80.07%
2025-04-18 21:40:49,481 - INFO - Saved best model with accuracy: 94.80%
2025-04-18 21:40:49,519 - INFO - Saved checkpoint at epoch 36
2025-04-18 21:40:49,519 - INFO - Total samples is: <torch.utils.data.dataloader.DataLoader object at 0x0000017AB9A2A450>
2025-04-18 21:50:40,233 - INFO - Validation parameter calculation time: 0:00:00.001999
2025-04-18 21:50:40,233 - INFO - 
Epoch 37/500:
2025-04-18 21:50:40,234 - INFO - Train Loss: 0.0545, Train Acc: 98.07%
2025-04-18 21:50:40,234 - INFO - Val Loss: 0.1551, Val Acc: 94.85%
2025-04-18 21:50:40,234 - INFO - Class 0 Accuracy: 98.60%
2025-04-18 21:50:40,234 - INFO - Class 1 Accuracy: 91.40%
2025-04-18 21:50:40,234 - INFO - Class 2 Accuracy: 96.50%
2025-04-18 21:50:40,235 - INFO - Class 3 Accuracy: 84.33%
2025-04-18 21:50:40,235 - INFO - Class 4 Accuracy: 81.02%
2025-04-18 21:50:40,277 - INFO - Saved best model with accuracy: 94.85%
2025-04-18 21:50:40,314 - INFO - Saved checkpoint at epoch 37
2025-04-18 21:50:40,315 - INFO - Total samples is: <torch.utils.data.dataloader.DataLoader object at 0x0000017AB9A2A450>
2025-04-18 22:00:36,923 - INFO - Validation parameter calculation time: 0:00:00.003999
2025-04-18 22:00:36,924 - INFO - 
Epoch 38/500:
2025-04-18 22:00:36,924 - INFO - Train Loss: 0.0519, Train Acc: 98.15%
2025-04-18 22:00:36,924 - INFO - Val Loss: 0.1611, Val Acc: 94.67%
2025-04-18 22:00:36,924 - INFO - Class 0 Accuracy: 98.75%
2025-04-18 22:00:36,925 - INFO - Class 1 Accuracy: 91.75%
2025-04-18 22:00:36,925 - INFO - Class 2 Accuracy: 95.89%
2025-04-18 22:00:36,925 - INFO - Class 3 Accuracy: 84.05%
2025-04-18 22:00:36,926 - INFO - Class 4 Accuracy: 79.24%
2025-04-18 22:00:36,970 - INFO - Saved checkpoint at epoch 38
2025-04-18 22:00:36,970 - INFO - Total samples is: <torch.utils.data.dataloader.DataLoader object at 0x0000017AB9A2A450>
2025-04-18 22:10:41,218 - INFO - Validation parameter calculation time: 0:00:00.001999
2025-04-18 22:10:41,218 - INFO - 
Epoch 39/500:
2025-04-18 22:10:41,218 - INFO - Train Loss: 0.0501, Train Acc: 98.22%
2025-04-18 22:10:41,218 - INFO - Val Loss: 0.1557, Val Acc: 94.89%
2025-04-18 22:10:41,219 - INFO - Class 0 Accuracy: 98.70%
2025-04-18 22:10:41,219 - INFO - Class 1 Accuracy: 91.14%
2025-04-18 22:10:41,220 - INFO - Class 2 Accuracy: 96.71%
2025-04-18 22:10:41,220 - INFO - Class 3 Accuracy: 83.56%
2025-04-18 22:10:41,220 - INFO - Class 4 Accuracy: 83.03%
2025-04-18 22:10:41,263 - INFO - Saved best model with accuracy: 94.89%
2025-04-18 22:10:41,305 - INFO - Saved checkpoint at epoch 39
2025-04-18 22:10:41,305 - INFO - Total samples is: <torch.utils.data.dataloader.DataLoader object at 0x0000017AB9A2A450>
2025-04-18 22:20:31,608 - INFO - Validation parameter calculation time: 0:00:00.001999
2025-04-18 22:20:31,608 - INFO - 
Epoch 40/500:
2025-04-18 22:20:31,608 - INFO - Train Loss: 0.0507, Train Acc: 98.20%
2025-04-18 22:20:31,608 - INFO - Val Loss: 0.1608, Val Acc: 94.76%
2025-04-18 22:20:31,609 - INFO - Class 0 Accuracy: 98.95%
2025-04-18 22:20:31,609 - INFO - Class 1 Accuracy: 91.27%
2025-04-18 22:20:31,610 - INFO - Class 2 Accuracy: 96.20%
2025-04-18 22:20:31,610 - INFO - Class 3 Accuracy: 83.26%
2025-04-18 22:20:31,610 - INFO - Class 4 Accuracy: 81.55%
2025-04-18 22:20:31,656 - INFO - Saved checkpoint at epoch 40
2025-04-18 22:20:31,656 - INFO - Total samples is: <torch.utils.data.dataloader.DataLoader object at 0x0000017AB9A2A450>
2025-04-18 22:30:32,750 - INFO - Validation parameter calculation time: 0:00:00.001269
2025-04-18 22:30:32,750 - INFO - 
Epoch 41/500:
2025-04-18 22:30:32,750 - INFO - Train Loss: 0.0476, Train Acc: 98.31%
2025-04-18 22:30:32,750 - INFO - Val Loss: 0.1449, Val Acc: 95.16%
2025-04-18 22:30:32,752 - INFO - Class 0 Accuracy: 99.03%
2025-04-18 22:30:32,752 - INFO - Class 1 Accuracy: 91.91%
2025-04-18 22:30:32,752 - INFO - Class 2 Accuracy: 96.78%
2025-04-18 22:30:32,753 - INFO - Class 3 Accuracy: 84.13%
2025-04-18 22:30:32,753 - INFO - Class 4 Accuracy: 81.45%
2025-04-18 22:30:32,797 - INFO - Saved best model with accuracy: 95.16%
2025-04-18 22:30:32,839 - INFO - Saved checkpoint at epoch 41
2025-04-18 22:30:32,839 - INFO - Total samples is: <torch.utils.data.dataloader.DataLoader object at 0x0000017AB9A2A450>
2025-04-18 22:40:34,571 - INFO - Validation parameter calculation time: 0:00:00.002175
2025-04-18 22:40:34,571 - INFO - 
Epoch 42/500:
2025-04-18 22:40:34,571 - INFO - Train Loss: 0.0471, Train Acc: 98.32%
2025-04-18 22:40:34,571 - INFO - Val Loss: 0.1560, Val Acc: 94.82%
2025-04-18 22:40:34,572 - INFO - Class 0 Accuracy: 99.14%
2025-04-18 22:40:34,572 - INFO - Class 1 Accuracy: 91.30%
2025-04-18 22:40:34,572 - INFO - Class 2 Accuracy: 96.28%
2025-04-18 22:40:34,573 - INFO - Class 3 Accuracy: 82.71%
2025-04-18 22:40:34,573 - INFO - Class 4 Accuracy: 82.03%
2025-04-18 22:40:34,618 - INFO - Saved checkpoint at epoch 42
2025-04-18 22:40:34,618 - INFO - Total samples is: <torch.utils.data.dataloader.DataLoader object at 0x0000017AB9A2A450>
2025-04-18 22:50:46,063 - INFO - Validation parameter calculation time: 0:00:00.001999
2025-04-18 22:50:46,063 - INFO - 
Epoch 43/500:
2025-04-18 22:50:46,063 - INFO - Train Loss: 0.0475, Train Acc: 98.30%
2025-04-18 22:50:46,063 - INFO - Val Loss: 0.1991, Val Acc: 93.81%
2025-04-18 22:50:46,064 - INFO - Class 0 Accuracy: 99.11%
2025-04-18 22:50:46,064 - INFO - Class 1 Accuracy: 91.37%
2025-04-18 22:50:46,064 - INFO - Class 2 Accuracy: 95.17%
2025-04-18 22:50:46,064 - INFO - Class 3 Accuracy: 78.78%
2025-04-18 22:50:46,065 - INFO - Class 4 Accuracy: 75.95%
2025-04-18 22:50:46,106 - INFO - Saved checkpoint at epoch 43
2025-04-18 22:50:46,106 - INFO - Total samples is: <torch.utils.data.dataloader.DataLoader object at 0x0000017AB9A2A450>
2025-04-18 23:00:53,449 - INFO - Validation parameter calculation time: 0:00:00.001570
2025-04-18 23:00:53,450 - INFO - 
Epoch 44/500:
2025-04-18 23:00:53,450 - INFO - Train Loss: 0.0458, Train Acc: 98.36%
2025-04-18 23:00:53,450 - INFO - Val Loss: 0.1657, Val Acc: 94.60%
2025-04-18 23:00:53,450 - INFO - Class 0 Accuracy: 99.09%
2025-04-18 23:00:53,451 - INFO - Class 1 Accuracy: 91.98%
2025-04-18 23:00:53,451 - INFO - Class 2 Accuracy: 95.69%
2025-04-18 23:00:53,451 - INFO - Class 3 Accuracy: 83.18%
2025-04-18 23:00:53,452 - INFO - Class 4 Accuracy: 77.33%
2025-04-18 23:00:53,493 - INFO - Saved checkpoint at epoch 44
2025-04-18 23:00:53,493 - INFO - Total samples is: <torch.utils.data.dataloader.DataLoader object at 0x0000017AB9A2A450>
2025-04-18 23:11:10,498 - INFO - Validation parameter calculation time: 0:00:00.002504
2025-04-18 23:11:10,498 - INFO - 
Epoch 45/500:
2025-04-18 23:11:10,498 - INFO - Train Loss: 0.0460, Train Acc: 98.36%
2025-04-18 23:11:10,498 - INFO - Val Loss: 0.1426, Val Acc: 95.21%
2025-04-18 23:11:10,499 - INFO - Class 0 Accuracy: 98.50%
2025-04-18 23:11:10,499 - INFO - Class 1 Accuracy: 91.97%
2025-04-18 23:11:10,500 - INFO - Class 2 Accuracy: 96.88%
2025-04-18 23:11:10,500 - INFO - Class 3 Accuracy: 85.23%
2025-04-18 23:11:10,500 - INFO - Class 4 Accuracy: 84.82%
2025-04-18 23:11:10,541 - INFO - Saved best model with accuracy: 95.21%
2025-04-18 23:11:10,582 - INFO - Saved checkpoint at epoch 45
2025-04-18 23:11:10,583 - INFO - Total samples is: <torch.utils.data.dataloader.DataLoader object at 0x0000017AB9A2A450>
2025-04-18 23:21:06,543 - INFO - Validation parameter calculation time: 0:00:00.002094
2025-04-18 23:21:06,543 - INFO - 
Epoch 46/500:
2025-04-18 23:21:06,543 - INFO - Train Loss: 0.0438, Train Acc: 98.44%
2025-04-18 23:21:06,544 - INFO - Val Loss: 0.1600, Val Acc: 94.92%
2025-04-18 23:21:06,544 - INFO - Class 0 Accuracy: 98.94%
2025-04-18 23:21:06,544 - INFO - Class 1 Accuracy: 91.39%
2025-04-18 23:21:06,545 - INFO - Class 2 Accuracy: 96.55%
2025-04-18 23:21:06,545 - INFO - Class 3 Accuracy: 83.59%
2025-04-18 23:21:06,545 - INFO - Class 4 Accuracy: 81.44%
2025-04-18 23:21:06,587 - INFO - Saved checkpoint at epoch 46
2025-04-18 23:21:06,588 - INFO - Total samples is: <torch.utils.data.dataloader.DataLoader object at 0x0000017AB9A2A450>
2025-04-18 23:30:57,817 - INFO - Validation parameter calculation time: 0:00:00.007520
2025-04-18 23:30:57,818 - INFO - 
Epoch 47/500:
2025-04-18 23:30:57,818 - INFO - Train Loss: 0.0431, Train Acc: 98.46%
2025-04-18 23:30:57,818 - INFO - Val Loss: 0.1550, Val Acc: 95.09%
2025-04-18 23:30:57,819 - INFO - Class 0 Accuracy: 98.93%
2025-04-18 23:30:57,819 - INFO - Class 1 Accuracy: 91.83%
2025-04-18 23:30:57,819 - INFO - Class 2 Accuracy: 96.67%
2025-04-18 23:30:57,820 - INFO - Class 3 Accuracy: 85.14%
2025-04-18 23:30:57,820 - INFO - Class 4 Accuracy: 78.05%
2025-04-18 23:30:57,883 - INFO - Saved checkpoint at epoch 47
2025-04-18 23:30:57,883 - INFO - Total samples is: <torch.utils.data.dataloader.DataLoader object at 0x0000017AB9A2A450>
2025-04-18 23:40:50,722 - INFO - Validation parameter calculation time: 0:00:00.002507
2025-04-18 23:40:50,722 - INFO - 
Epoch 48/500:
2025-04-18 23:40:50,722 - INFO - Train Loss: 0.0424, Train Acc: 98.48%
2025-04-18 23:40:50,722 - INFO - Val Loss: 0.1596, Val Acc: 94.92%
2025-04-18 23:40:50,722 - INFO - Class 0 Accuracy: 99.10%
2025-04-18 23:40:50,723 - INFO - Class 1 Accuracy: 91.56%
2025-04-18 23:40:50,723 - INFO - Class 2 Accuracy: 96.30%
2025-04-18 23:40:50,723 - INFO - Class 3 Accuracy: 83.70%
2025-04-18 23:40:50,724 - INFO - Class 4 Accuracy: 81.02%
2025-04-18 23:40:50,763 - INFO - Saved checkpoint at epoch 48
2025-04-18 23:40:50,763 - INFO - Total samples is: <torch.utils.data.dataloader.DataLoader object at 0x0000017AB9A2A450>
2025-04-18 23:50:43,024 - INFO - Validation parameter calculation time: 0:00:00.002000
2025-04-18 23:50:43,024 - INFO - 
Epoch 49/500:
2025-04-18 23:50:43,024 - INFO - Train Loss: 0.0430, Train Acc: 98.46%
2025-04-18 23:50:43,024 - INFO - Val Loss: 0.1575, Val Acc: 94.79%
2025-04-18 23:50:43,025 - INFO - Class 0 Accuracy: 99.07%
2025-04-18 23:50:43,025 - INFO - Class 1 Accuracy: 91.78%
2025-04-18 23:50:43,025 - INFO - Class 2 Accuracy: 96.02%
2025-04-18 23:50:43,025 - INFO - Class 3 Accuracy: 85.26%
2025-04-18 23:50:43,025 - INFO - Class 4 Accuracy: 73.20%
2025-04-18 23:50:43,067 - INFO - Saved checkpoint at epoch 49
2025-04-18 23:50:43,068 - INFO - Total samples is: <torch.utils.data.dataloader.DataLoader object at 0x0000017AB9A2A450>
2025-04-19 00:00:45,425 - INFO - Validation parameter calculation time: 0:00:00.000999
2025-04-19 00:00:45,426 - INFO - 
Epoch 50/500:
2025-04-19 00:00:45,426 - INFO - Train Loss: 0.0433, Train Acc: 98.45%
2025-04-19 00:00:45,426 - INFO - Val Loss: 0.1736, Val Acc: 94.63%
2025-04-19 00:00:45,426 - INFO - Class 0 Accuracy: 98.93%
2025-04-19 00:00:45,427 - INFO - Class 1 Accuracy: 91.91%
2025-04-19 00:00:45,427 - INFO - Class 2 Accuracy: 96.46%
2025-04-19 00:00:45,427 - INFO - Class 3 Accuracy: 82.43%
2025-04-19 00:00:45,427 - INFO - Class 4 Accuracy: 75.46%
2025-04-19 00:00:45,474 - INFO - Saved checkpoint at epoch 50
2025-04-19 00:00:45,475 - INFO - Total samples is: <torch.utils.data.dataloader.DataLoader object at 0x0000017AB9A2A450>
2025-04-19 00:10:40,200 - INFO - Validation parameter calculation time: 0:00:00.002005
2025-04-19 00:10:40,200 - INFO - 
Epoch 51/500:
2025-04-19 00:10:40,200 - INFO - Train Loss: 0.0406, Train Acc: 98.55%
2025-04-19 00:10:40,200 - INFO - Val Loss: 0.1681, Val Acc: 94.78%
2025-04-19 00:10:40,200 - INFO - Class 0 Accuracy: 98.74%
2025-04-19 00:10:40,201 - INFO - Class 1 Accuracy: 92.58%
2025-04-19 00:10:40,201 - INFO - Class 2 Accuracy: 95.88%
2025-04-19 00:10:40,202 - INFO - Class 3 Accuracy: 84.77%
2025-04-19 00:10:40,202 - INFO - Class 4 Accuracy: 77.36%
2025-04-19 00:10:40,244 - INFO - Saved checkpoint at epoch 51
2025-04-19 00:10:40,245 - INFO - Total samples is: <torch.utils.data.dataloader.DataLoader object at 0x0000017AB9A2A450>
2025-04-19 00:20:32,857 - INFO - Validation parameter calculation time: 0:00:00.001502
2025-04-19 00:20:32,857 - INFO - 
Epoch 52/500:
2025-04-19 00:20:32,858 - INFO - Train Loss: 0.0399, Train Acc: 98.57%
2025-04-19 00:20:32,858 - INFO - Val Loss: 0.1535, Val Acc: 95.09%
2025-04-19 00:20:32,858 - INFO - Class 0 Accuracy: 98.91%
2025-04-19 00:20:32,859 - INFO - Class 1 Accuracy: 92.63%
2025-04-19 00:20:32,859 - INFO - Class 2 Accuracy: 96.32%
2025-04-19 00:20:32,859 - INFO - Class 3 Accuracy: 84.87%
2025-04-19 00:20:32,859 - INFO - Class 4 Accuracy: 80.35%
2025-04-19 00:20:32,900 - INFO - Saved checkpoint at epoch 52
2025-04-19 00:20:32,900 - INFO - Total samples is: <torch.utils.data.dataloader.DataLoader object at 0x0000017AB9A2A450>
2025-04-19 00:30:28,294 - INFO - Validation parameter calculation time: 0:00:00.001997
2025-04-19 00:30:28,294 - INFO - 
Epoch 53/500:
2025-04-19 00:30:28,294 - INFO - Train Loss: 0.0383, Train Acc: 98.63%
2025-04-19 00:30:28,294 - INFO - Val Loss: 0.1627, Val Acc: 94.94%
2025-04-19 00:30:28,295 - INFO - Class 0 Accuracy: 98.92%
2025-04-19 00:30:28,295 - INFO - Class 1 Accuracy: 92.56%
2025-04-19 00:30:28,295 - INFO - Class 2 Accuracy: 96.19%
2025-04-19 00:30:28,296 - INFO - Class 3 Accuracy: 84.23%
2025-04-19 00:30:28,296 - INFO - Class 4 Accuracy: 79.19%
2025-04-19 00:30:28,339 - INFO - Saved checkpoint at epoch 53
2025-04-19 00:30:28,340 - INFO - Total samples is: <torch.utils.data.dataloader.DataLoader object at 0x0000017AB9A2A450>
2025-04-19 00:40:17,064 - INFO - Validation parameter calculation time: 0:00:00.001997
2025-04-19 00:40:17,065 - INFO - 
Epoch 54/500:
2025-04-19 00:40:17,065 - INFO - Train Loss: 0.0374, Train Acc: 98.67%
2025-04-19 00:40:17,065 - INFO - Val Loss: 0.1651, Val Acc: 94.90%
2025-04-19 00:40:17,065 - INFO - Class 0 Accuracy: 98.98%
2025-04-19 00:40:17,065 - INFO - Class 1 Accuracy: 92.33%
2025-04-19 00:40:17,067 - INFO - Class 2 Accuracy: 96.23%
2025-04-19 00:40:17,067 - INFO - Class 3 Accuracy: 83.73%
2025-04-19 00:40:17,067 - INFO - Class 4 Accuracy: 79.54%
2025-04-19 00:40:17,108 - INFO - Saved checkpoint at epoch 54
2025-04-19 00:40:17,108 - INFO - Total samples is: <torch.utils.data.dataloader.DataLoader object at 0x0000017AB9A2A450>
2025-04-19 00:50:10,643 - INFO - Validation parameter calculation time: 0:00:00.002002
2025-04-19 00:50:10,643 - INFO - 
Epoch 55/500:
2025-04-19 00:50:10,643 - INFO - Train Loss: 0.0379, Train Acc: 98.64%
2025-04-19 00:50:10,643 - INFO - Val Loss: 0.1558, Val Acc: 95.07%
2025-04-19 00:50:10,644 - INFO - Class 0 Accuracy: 99.13%
2025-04-19 00:50:10,645 - INFO - Class 1 Accuracy: 92.26%
2025-04-19 00:50:10,645 - INFO - Class 2 Accuracy: 96.45%
2025-04-19 00:50:10,645 - INFO - Class 3 Accuracy: 84.11%
2025-04-19 00:50:10,646 - INFO - Class 4 Accuracy: 79.60%
2025-04-19 00:50:10,685 - INFO - Saved checkpoint at epoch 55
2025-04-19 00:50:10,685 - INFO - Total samples is: <torch.utils.data.dataloader.DataLoader object at 0x0000017AB9A2A450>
2025-04-19 00:59:59,149 - INFO - Validation parameter calculation time: 0:00:00.001000
2025-04-19 00:59:59,150 - INFO - 
Epoch 56/500:
2025-04-19 00:59:59,150 - INFO - Train Loss: 0.0376, Train Acc: 98.66%
2025-04-19 00:59:59,150 - INFO - Val Loss: 0.1623, Val Acc: 94.93%
2025-04-19 00:59:59,151 - INFO - Class 0 Accuracy: 99.05%
2025-04-19 00:59:59,151 - INFO - Class 1 Accuracy: 92.47%
2025-04-19 00:59:59,151 - INFO - Class 2 Accuracy: 95.96%
2025-04-19 00:59:59,152 - INFO - Class 3 Accuracy: 84.33%
2025-04-19 00:59:59,152 - INFO - Class 4 Accuracy: 79.51%
2025-04-19 00:59:59,193 - INFO - Saved checkpoint at epoch 56
2025-04-19 00:59:59,194 - INFO - Total samples is: <torch.utils.data.dataloader.DataLoader object at 0x0000017AB9A2A450>
2025-04-19 01:09:49,321 - INFO - Validation parameter calculation time: 0:00:00.001998
2025-04-19 01:09:49,321 - INFO - 
Epoch 57/500:
2025-04-19 01:09:49,321 - INFO - Train Loss: 0.0372, Train Acc: 98.67%
2025-04-19 01:09:49,321 - INFO - Val Loss: 0.1556, Val Acc: 94.99%
2025-04-19 01:09:49,322 - INFO - Class 0 Accuracy: 99.12%
2025-04-19 01:09:49,322 - INFO - Class 1 Accuracy: 92.40%
2025-04-19 01:09:49,322 - INFO - Class 2 Accuracy: 96.25%
2025-04-19 01:09:49,323 - INFO - Class 3 Accuracy: 83.82%
2025-04-19 01:09:49,323 - INFO - Class 4 Accuracy: 79.56%
2025-04-19 01:09:49,369 - INFO - Saved checkpoint at epoch 57
2025-04-19 01:09:49,370 - INFO - Total samples is: <torch.utils.data.dataloader.DataLoader object at 0x0000017AB9A2A450>
2025-04-19 01:19:48,752 - INFO - Validation parameter calculation time: 0:00:00.001516
2025-04-19 01:19:48,753 - INFO - 
Epoch 58/500:
2025-04-19 01:19:48,753 - INFO - Train Loss: 0.0375, Train Acc: 98.66%
2025-04-19 01:19:48,753 - INFO - Val Loss: 0.1634, Val Acc: 94.89%
2025-04-19 01:19:48,753 - INFO - Class 0 Accuracy: 99.15%
2025-04-19 01:19:48,754 - INFO - Class 1 Accuracy: 92.25%
2025-04-19 01:19:48,754 - INFO - Class 2 Accuracy: 96.08%
2025-04-19 01:19:48,754 - INFO - Class 3 Accuracy: 83.52%
2025-04-19 01:19:48,754 - INFO - Class 4 Accuracy: 79.70%
2025-04-19 01:19:48,797 - INFO - Saved checkpoint at epoch 58
2025-04-19 01:19:48,797 - INFO - Total samples is: <torch.utils.data.dataloader.DataLoader object at 0x0000017AB9A2A450>
2025-04-19 01:29:34,689 - INFO - Validation parameter calculation time: 0:00:00.010727
2025-04-19 01:29:34,691 - INFO - 
Epoch 59/500:
2025-04-19 01:29:34,691 - INFO - Train Loss: 0.0369, Train Acc: 98.68%
2025-04-19 01:29:34,691 - INFO - Val Loss: 0.1599, Val Acc: 94.98%
2025-04-19 01:29:34,693 - INFO - Class 0 Accuracy: 98.99%
2025-04-19 01:29:34,693 - INFO - Class 1 Accuracy: 92.92%
2025-04-19 01:29:34,694 - INFO - Class 2 Accuracy: 96.15%
2025-04-19 01:29:34,694 - INFO - Class 3 Accuracy: 84.10%
2025-04-19 01:29:34,695 - INFO - Class 4 Accuracy: 78.99%
2025-04-19 01:29:34,793 - INFO - Saved checkpoint at epoch 59
2025-04-19 01:29:34,794 - INFO - Total samples is: <torch.utils.data.dataloader.DataLoader object at 0x0000017AB9A2A450>
2025-04-19 01:39:04,145 - INFO - Validation parameter calculation time: 0:00:00.002816
2025-04-19 01:39:04,145 - INFO - 
Epoch 60/500:
2025-04-19 01:39:04,145 - INFO - Train Loss: 0.0370, Train Acc: 98.68%
2025-04-19 01:39:04,145 - INFO - Val Loss: 0.1636, Val Acc: 94.93%
2025-04-19 01:39:04,146 - INFO - Class 0 Accuracy: 99.02%
2025-04-19 01:39:04,146 - INFO - Class 1 Accuracy: 92.14%
2025-04-19 01:39:04,146 - INFO - Class 2 Accuracy: 96.22%
2025-04-19 01:39:04,147 - INFO - Class 3 Accuracy: 84.09%
2025-04-19 01:39:04,147 - INFO - Class 4 Accuracy: 79.35%
2025-04-19 01:39:04,189 - INFO - Saved checkpoint at epoch 60
2025-04-19 01:39:04,189 - INFO - Total samples is: <torch.utils.data.dataloader.DataLoader object at 0x0000017AB9A2A450>
2025-04-19 01:48:33,885 - INFO - Validation parameter calculation time: 0:00:00.011071
2025-04-19 01:48:33,885 - INFO - 
Epoch 61/500:
2025-04-19 01:48:33,885 - INFO - Train Loss: 0.0372, Train Acc: 98.67%
2025-04-19 01:48:33,886 - INFO - Val Loss: 0.1692, Val Acc: 94.74%
2025-04-19 01:48:33,886 - INFO - Class 0 Accuracy: 99.06%
2025-04-19 01:48:33,887 - INFO - Class 1 Accuracy: 91.90%
2025-04-19 01:48:33,887 - INFO - Class 2 Accuracy: 96.02%
2025-04-19 01:48:33,887 - INFO - Class 3 Accuracy: 83.25%
2025-04-19 01:48:33,888 - INFO - Class 4 Accuracy: 78.91%
2025-04-19 01:48:33,972 - INFO - Saved checkpoint at epoch 61
2025-04-19 01:48:33,975 - INFO - Total samples is: <torch.utils.data.dataloader.DataLoader object at 0x0000017AB9A2A450>
2025-04-19 01:58:04,548 - INFO - Validation parameter calculation time: 0:00:00.001000
2025-04-19 01:58:04,549 - INFO - 
Epoch 62/500:
2025-04-19 01:58:04,549 - INFO - Train Loss: 0.0364, Train Acc: 98.70%
2025-04-19 01:58:04,549 - INFO - Val Loss: 0.1675, Val Acc: 94.81%
2025-04-19 01:58:04,549 - INFO - Class 0 Accuracy: 99.07%
2025-04-19 01:58:04,550 - INFO - Class 1 Accuracy: 91.81%
2025-04-19 01:58:04,550 - INFO - Class 2 Accuracy: 96.12%
2025-04-19 01:58:04,551 - INFO - Class 3 Accuracy: 83.62%
2025-04-19 01:58:04,551 - INFO - Class 4 Accuracy: 78.75%
2025-04-19 01:58:04,597 - INFO - Saved checkpoint at epoch 62
2025-04-19 01:58:04,597 - INFO - Total samples is: <torch.utils.data.dataloader.DataLoader object at 0x0000017AB9A2A450>
2025-04-19 02:07:43,691 - INFO - Validation parameter calculation time: 0:00:00.002000
2025-04-19 02:07:43,691 - INFO - 
Epoch 63/500:
2025-04-19 02:07:43,691 - INFO - Train Loss: 0.0368, Train Acc: 98.68%
2025-04-19 02:07:43,691 - INFO - Val Loss: 0.1723, Val Acc: 94.76%
2025-04-19 02:07:43,692 - INFO - Class 0 Accuracy: 99.01%
2025-04-19 02:07:43,692 - INFO - Class 1 Accuracy: 92.25%
2025-04-19 02:07:43,692 - INFO - Class 2 Accuracy: 96.13%
2025-04-19 02:07:43,692 - INFO - Class 3 Accuracy: 83.20%
2025-04-19 02:07:43,692 - INFO - Class 4 Accuracy: 77.84%
2025-04-19 02:07:43,734 - INFO - Saved checkpoint at epoch 63
2025-04-19 02:07:43,735 - INFO - Total samples is: <torch.utils.data.dataloader.DataLoader object at 0x0000017AB9A2A450>
