2024-11-21 09:35:13,870 - INFO - Training configuration:
2024-11-21 09:35:13,870 - INFO - num_points: 4096
2024-11-21 09:35:13,870 - INFO - chunk_size: 4096
2024-11-21 09:35:13,870 - INFO - overlap: 2048
2024-11-21 09:35:13,870 - INFO - batch_size: 64
2024-11-21 09:35:13,870 - INFO - num_workers: 0
2024-11-21 09:35:13,870 - INFO - learning_rate: 0.001
2024-11-21 09:35:13,870 - INFO - num_classes: 5
2024-11-21 09:35:13,870 - INFO - num_epochs: 500
2024-11-21 09:35:13,870 - INFO - device: cuda
2024-11-21 09:35:13,870 - INFO - Using device: cuda
2024-11-21 09:35:13,870 - INFO - 开始预加载数据到内存...
2024-11-21 09:35:21,765 - INFO - 数据预加载完成，共 46653 个数据块
2024-11-21 09:35:21,766 - INFO - 有效标签: [0, 1, 2, 3, 4]
2024-11-21 09:35:21,807 - INFO - reading train data
2024-11-21 09:35:21,807 - INFO - 开始预加载数据到内存...
2024-11-21 09:35:22,875 - INFO - 数据预加载完成，共 3667 个数据块
2024-11-21 09:35:22,875 - INFO - 有效标签: [0, 1, 2, 3, 4]
2024-11-21 09:35:22,915 - INFO - 验证集创建完成，使用 733 个数据块 (总共 3667 个的 20.0%)
2024-11-21 09:35:22,915 - INFO - 有效标签: [0, 1, 2, 3, 4]
2024-11-21 09:35:22,915 - INFO - reading val data
2024-11-21 09:35:22,915 - INFO - Train dataset size: 46653
2024-11-21 09:35:22,915 - INFO - Val dataset size: 733
2024-11-21 09:35:23,758 - INFO - Total samples is: <torch.utils.data.dataloader.DataLoader object at 0x000002310991F2F0>
2024-11-21 09:46:36,923 - INFO - Mean IoU: 36.29%
2024-11-21 09:46:36,924 - INFO - Class 0 IoU: 30.21%
2024-11-21 09:46:36,924 - INFO - Class 1 IoU: 34.89%
2024-11-21 09:46:36,924 - INFO - Class 2 IoU: 19.95%
2024-11-21 09:46:36,924 - INFO - Class 3 IoU: 28.57%
2024-11-21 09:46:36,924 - INFO - Class 4 IoU: 67.85%
2024-11-21 09:46:36,924 - INFO - 
Epoch 1/500:
2024-11-21 09:46:36,924 - INFO - Train Loss: 0.7767, Train Acc: 71.23%
2024-11-21 09:46:36,924 - INFO - Val Loss: 0.9070, Val Acc: 61.05%
2024-11-21 09:46:36,924 - INFO - Class 0 Accuracy: 71.80%
2024-11-21 09:46:36,924 - INFO - Class 1 Accuracy: 39.47%
2024-11-21 09:46:36,924 - INFO - Class 2 Accuracy: 22.49%
2024-11-21 09:46:36,925 - INFO - Class 3 Accuracy: 79.97%
2024-11-21 09:46:36,925 - INFO - Class 4 Accuracy: 77.67%
2024-11-21 09:46:36,951 - INFO - Saved best model with accuracy: 61.05%
2024-11-21 09:46:36,977 - INFO - Total samples is: <torch.utils.data.dataloader.DataLoader object at 0x000002310991F2F0>
2024-11-21 09:57:41,774 - INFO - Mean IoU: 49.49%
2024-11-21 09:57:41,775 - INFO - Class 0 IoU: 34.85%
2024-11-21 09:57:41,775 - INFO - Class 1 IoU: 58.14%
2024-11-21 09:57:41,775 - INFO - Class 2 IoU: 45.63%
2024-11-21 09:57:41,775 - INFO - Class 3 IoU: 32.79%
2024-11-21 09:57:41,775 - INFO - Class 4 IoU: 76.06%
2024-11-21 09:57:41,776 - INFO - 
Epoch 2/500:
2024-11-21 09:57:41,776 - INFO - Train Loss: 0.6075, Train Acc: 77.66%
2024-11-21 09:57:41,776 - INFO - Val Loss: 0.7553, Val Acc: 73.23%
2024-11-21 09:57:41,776 - INFO - Class 0 Accuracy: 55.38%
2024-11-21 09:57:41,776 - INFO - Class 1 Accuracy: 65.35%
2024-11-21 09:57:41,776 - INFO - Class 2 Accuracy: 66.88%
2024-11-21 09:57:41,776 - INFO - Class 3 Accuracy: 51.89%
2024-11-21 09:57:41,776 - INFO - Class 4 Accuracy: 89.82%
2024-11-21 09:57:41,800 - INFO - Saved best model with accuracy: 73.23%
2024-11-21 09:57:41,820 - INFO - Total samples is: <torch.utils.data.dataloader.DataLoader object at 0x000002310991F2F0>
2024-11-21 10:08:43,631 - INFO - Mean IoU: 41.51%
2024-11-21 10:08:43,631 - INFO - Class 0 IoU: 32.21%
2024-11-21 10:08:43,631 - INFO - Class 1 IoU: 38.80%
2024-11-21 10:08:43,631 - INFO - Class 2 IoU: 42.25%
2024-11-21 10:08:43,631 - INFO - Class 3 IoU: 26.29%
2024-11-21 10:08:43,631 - INFO - Class 4 IoU: 68.02%
2024-11-21 10:08:43,631 - INFO - 
Epoch 3/500:
2024-11-21 10:08:43,631 - INFO - Train Loss: 0.5397, Train Acc: 80.14%
2024-11-21 10:08:43,631 - INFO - Val Loss: 0.9233, Val Acc: 64.79%
2024-11-21 10:08:43,631 - INFO - Class 0 Accuracy: 67.93%
2024-11-21 10:08:43,631 - INFO - Class 1 Accuracy: 43.75%
2024-11-21 10:08:43,632 - INFO - Class 2 Accuracy: 61.24%
2024-11-21 10:08:43,632 - INFO - Class 3 Accuracy: 45.26%
2024-11-21 10:08:43,632 - INFO - Class 4 Accuracy: 82.55%
2024-11-21 10:08:43,655 - INFO - Total samples is: <torch.utils.data.dataloader.DataLoader object at 0x000002310991F2F0>
2024-11-21 10:19:46,905 - INFO - Mean IoU: 50.90%
2024-11-21 10:19:46,906 - INFO - Class 0 IoU: 38.30%
2024-11-21 10:19:46,906 - INFO - Class 1 IoU: 57.66%
2024-11-21 10:19:46,906 - INFO - Class 2 IoU: 50.68%
2024-11-21 10:19:46,906 - INFO - Class 3 IoU: 33.46%
2024-11-21 10:19:46,906 - INFO - Class 4 IoU: 74.38%
2024-11-21 10:19:46,906 - INFO - 
Epoch 4/500:
2024-11-21 10:19:46,906 - INFO - Train Loss: 0.4995, Train Acc: 81.74%
2024-11-21 10:19:46,906 - INFO - Val Loss: 0.6955, Val Acc: 74.92%
2024-11-21 10:19:46,906 - INFO - Class 0 Accuracy: 58.00%
2024-11-21 10:19:46,906 - INFO - Class 1 Accuracy: 63.02%
2024-11-21 10:19:46,907 - INFO - Class 2 Accuracy: 74.25%
2024-11-21 10:19:46,907 - INFO - Class 3 Accuracy: 41.36%
2024-11-21 10:19:46,907 - INFO - Class 4 Accuracy: 93.11%
2024-11-21 10:19:46,929 - INFO - Saved best model with accuracy: 74.92%
2024-11-21 10:19:46,948 - INFO - Total samples is: <torch.utils.data.dataloader.DataLoader object at 0x000002310991F2F0>
2024-11-21 10:30:51,402 - INFO - Mean IoU: 52.48%
2024-11-21 10:30:51,404 - INFO - Class 0 IoU: 31.03%
2024-11-21 10:30:51,404 - INFO - Class 1 IoU: 61.57%
2024-11-21 10:30:51,404 - INFO - Class 2 IoU: 52.84%
2024-11-21 10:30:51,404 - INFO - Class 3 IoU: 41.92%
2024-11-21 10:30:51,404 - INFO - Class 4 IoU: 75.03%
2024-11-21 10:30:51,404 - INFO - 
Epoch 5/500:
2024-11-21 10:30:51,404 - INFO - Train Loss: 0.4677, Train Acc: 82.76%
2024-11-21 10:30:51,404 - INFO - Val Loss: 0.6726, Val Acc: 75.26%
2024-11-21 10:30:51,405 - INFO - Class 0 Accuracy: 40.45%
2024-11-21 10:30:51,405 - INFO - Class 1 Accuracy: 74.10%
2024-11-21 10:30:51,405 - INFO - Class 2 Accuracy: 76.10%
2024-11-21 10:30:51,405 - INFO - Class 3 Accuracy: 66.48%
2024-11-21 10:30:51,405 - INFO - Class 4 Accuracy: 88.18%
2024-11-21 10:30:51,429 - INFO - Saved best model with accuracy: 75.26%
2024-11-21 10:30:51,450 - INFO - Total samples is: <torch.utils.data.dataloader.DataLoader object at 0x000002310991F2F0>
2024-11-21 10:41:58,592 - INFO - Mean IoU: 45.72%
2024-11-21 10:41:58,592 - INFO - Class 0 IoU: 27.95%
2024-11-21 10:41:58,592 - INFO - Class 1 IoU: 54.32%
2024-11-21 10:41:58,592 - INFO - Class 2 IoU: 51.56%
2024-11-21 10:41:58,592 - INFO - Class 3 IoU: 27.80%
2024-11-21 10:41:58,592 - INFO - Class 4 IoU: 66.98%
2024-11-21 10:41:58,592 - INFO - 
Epoch 6/500:
2024-11-21 10:41:58,592 - INFO - Train Loss: 0.4444, Train Acc: 83.66%
2024-11-21 10:41:58,592 - INFO - Val Loss: 0.8084, Val Acc: 68.50%
2024-11-21 10:41:58,592 - INFO - Class 0 Accuracy: 44.01%
2024-11-21 10:41:58,593 - INFO - Class 1 Accuracy: 64.53%
2024-11-21 10:41:58,593 - INFO - Class 2 Accuracy: 66.91%
2024-11-21 10:41:58,593 - INFO - Class 3 Accuracy: 63.17%
2024-11-21 10:41:58,593 - INFO - Class 4 Accuracy: 80.29%
2024-11-21 10:41:58,622 - INFO - Total samples is: <torch.utils.data.dataloader.DataLoader object at 0x000002310991F2F0>
2024-11-21 10:53:04,259 - INFO - Mean IoU: 56.78%
2024-11-21 10:53:04,260 - INFO - Class 0 IoU: 42.89%
2024-11-21 10:53:04,260 - INFO - Class 1 IoU: 70.03%
2024-11-21 10:53:04,260 - INFO - Class 2 IoU: 55.49%
2024-11-21 10:53:04,261 - INFO - Class 3 IoU: 37.16%
2024-11-21 10:53:04,261 - INFO - Class 4 IoU: 78.33%
2024-11-21 10:53:04,261 - INFO - 
Epoch 7/500:
2024-11-21 10:53:04,261 - INFO - Train Loss: 0.4235, Train Acc: 84.43%
2024-11-21 10:53:04,261 - INFO - Val Loss: 0.5710, Val Acc: 79.54%
2024-11-21 10:53:04,261 - INFO - Class 0 Accuracy: 60.24%
2024-11-21 10:53:04,261 - INFO - Class 1 Accuracy: 76.95%
2024-11-21 10:53:04,261 - INFO - Class 2 Accuracy: 67.74%
2024-11-21 10:53:04,261 - INFO - Class 3 Accuracy: 49.66%
2024-11-21 10:53:04,261 - INFO - Class 4 Accuracy: 94.05%
2024-11-21 10:53:04,283 - INFO - Saved best model with accuracy: 79.54%
2024-11-21 10:53:04,303 - INFO - Total samples is: <torch.utils.data.dataloader.DataLoader object at 0x000002310991F2F0>
2024-11-21 11:04:10,914 - INFO - Mean IoU: 51.01%
2024-11-21 11:04:10,914 - INFO - Class 0 IoU: 39.46%
2024-11-21 11:04:10,914 - INFO - Class 1 IoU: 56.92%
2024-11-21 11:04:10,914 - INFO - Class 2 IoU: 41.98%
2024-11-21 11:04:10,915 - INFO - Class 3 IoU: 40.38%
2024-11-21 11:04:10,915 - INFO - Class 4 IoU: 76.29%
2024-11-21 11:04:10,915 - INFO - 
Epoch 8/500:
2024-11-21 11:04:10,915 - INFO - Train Loss: 0.4056, Train Acc: 85.19%
2024-11-21 11:04:10,915 - INFO - Val Loss: 0.7323, Val Acc: 75.01%
2024-11-21 11:04:10,915 - INFO - Class 0 Accuracy: 59.45%
2024-11-21 11:04:10,915 - INFO - Class 1 Accuracy: 62.92%
2024-11-21 11:04:10,916 - INFO - Class 2 Accuracy: 48.56%
2024-11-21 11:04:10,916 - INFO - Class 3 Accuracy: 65.16%
2024-11-21 11:04:10,916 - INFO - Class 4 Accuracy: 95.43%
2024-11-21 11:04:10,937 - INFO - Total samples is: <torch.utils.data.dataloader.DataLoader object at 0x000002310991F2F0>
2024-11-21 11:15:25,488 - INFO - Mean IoU: 54.43%
2024-11-21 11:15:25,489 - INFO - Class 0 IoU: 41.29%
2024-11-21 11:15:25,489 - INFO - Class 1 IoU: 61.69%
2024-11-21 11:15:25,489 - INFO - Class 2 IoU: 49.86%
2024-11-21 11:15:25,489 - INFO - Class 3 IoU: 39.29%
2024-11-21 11:15:25,490 - INFO - Class 4 IoU: 80.02%
2024-11-21 11:15:25,490 - INFO - 
Epoch 9/500:
2024-11-21 11:15:25,490 - INFO - Train Loss: 0.3859, Train Acc: 85.97%
2024-11-21 11:15:25,490 - INFO - Val Loss: 0.6717, Val Acc: 77.40%
2024-11-21 11:15:25,490 - INFO - Class 0 Accuracy: 61.48%
2024-11-21 11:15:25,490 - INFO - Class 1 Accuracy: 67.31%
2024-11-21 11:15:25,490 - INFO - Class 2 Accuracy: 71.06%
2024-11-21 11:15:25,490 - INFO - Class 3 Accuracy: 58.59%
2024-11-21 11:15:25,491 - INFO - Class 4 Accuracy: 93.56%
2024-11-21 11:15:25,513 - INFO - Total samples is: <torch.utils.data.dataloader.DataLoader object at 0x000002310991F2F0>
2024-11-21 11:29:30,563 - INFO - Mean IoU: 56.72%
2024-11-21 11:29:30,564 - INFO - Class 0 IoU: 41.48%
2024-11-21 11:29:30,564 - INFO - Class 1 IoU: 70.45%
2024-11-21 11:29:30,564 - INFO - Class 2 IoU: 58.64%
2024-11-21 11:29:30,564 - INFO - Class 3 IoU: 36.59%
2024-11-21 11:29:30,564 - INFO - Class 4 IoU: 76.46%
2024-11-21 11:29:30,564 - INFO - 
Epoch 10/500:
2024-11-21 11:29:30,564 - INFO - Train Loss: 0.3697, Train Acc: 86.58%
2024-11-21 11:29:30,564 - INFO - Val Loss: 0.5940, Val Acc: 79.26%
2024-11-21 11:29:30,565 - INFO - Class 0 Accuracy: 51.13%
2024-11-21 11:29:30,565 - INFO - Class 1 Accuracy: 77.93%
2024-11-21 11:29:30,565 - INFO - Class 2 Accuracy: 76.18%
2024-11-21 11:29:30,565 - INFO - Class 3 Accuracy: 52.43%
2024-11-21 11:29:30,565 - INFO - Class 4 Accuracy: 93.60%
2024-11-21 11:29:30,589 - INFO - Total samples is: <torch.utils.data.dataloader.DataLoader object at 0x000002310991F2F0>
2024-11-21 11:43:42,777 - INFO - Mean IoU: 53.11%
2024-11-21 11:43:42,778 - INFO - Class 0 IoU: 36.82%
2024-11-21 11:43:42,778 - INFO - Class 1 IoU: 50.48%
2024-11-21 11:43:42,778 - INFO - Class 2 IoU: 60.67%
2024-11-21 11:43:42,778 - INFO - Class 3 IoU: 45.44%
2024-11-21 11:43:42,779 - INFO - Class 4 IoU: 72.15%
2024-11-21 11:43:42,779 - INFO - 
Epoch 11/500:
2024-11-21 11:43:42,779 - INFO - Train Loss: 0.3588, Train Acc: 87.01%
2024-11-21 11:43:42,779 - INFO - Val Loss: 0.7527, Val Acc: 73.68%
2024-11-21 11:43:42,779 - INFO - Class 0 Accuracy: 56.41%
2024-11-21 11:43:42,779 - INFO - Class 1 Accuracy: 55.64%
2024-11-21 11:43:42,779 - INFO - Class 2 Accuracy: 75.60%
2024-11-21 11:43:42,779 - INFO - Class 3 Accuracy: 52.82%
2024-11-21 11:43:42,780 - INFO - Class 4 Accuracy: 95.06%
2024-11-21 11:43:42,802 - INFO - Total samples is: <torch.utils.data.dataloader.DataLoader object at 0x000002310991F2F0>
2024-11-21 11:58:02,337 - INFO - Mean IoU: 54.64%
2024-11-21 11:58:02,338 - INFO - Class 0 IoU: 33.00%
2024-11-21 11:58:02,338 - INFO - Class 1 IoU: 67.56%
2024-11-21 11:58:02,338 - INFO - Class 2 IoU: 57.35%
2024-11-21 11:58:02,338 - INFO - Class 3 IoU: 40.77%
2024-11-21 11:58:02,338 - INFO - Class 4 IoU: 74.53%
2024-11-21 11:58:02,338 - INFO - 
Epoch 12/500:
2024-11-21 11:58:02,338 - INFO - Train Loss: 0.3437, Train Acc: 87.54%
2024-11-21 11:58:02,338 - INFO - Val Loss: 0.6611, Val Acc: 77.11%
2024-11-21 11:58:02,338 - INFO - Class 0 Accuracy: 43.37%
2024-11-21 11:58:02,338 - INFO - Class 1 Accuracy: 72.97%
2024-11-21 11:58:02,339 - INFO - Class 2 Accuracy: 73.19%
2024-11-21 11:58:02,339 - INFO - Class 3 Accuracy: 62.22%
2024-11-21 11:58:02,339 - INFO - Class 4 Accuracy: 93.96%
2024-11-21 11:58:02,361 - INFO - Total samples is: <torch.utils.data.dataloader.DataLoader object at 0x000002310991F2F0>
2024-11-21 12:12:01,877 - INFO - Mean IoU: 54.63%
2024-11-21 12:12:01,879 - INFO - Class 0 IoU: 40.40%
2024-11-21 12:12:01,879 - INFO - Class 1 IoU: 53.70%
2024-11-21 12:12:01,879 - INFO - Class 2 IoU: 56.38%
2024-11-21 12:12:01,879 - INFO - Class 3 IoU: 48.38%
2024-11-21 12:12:01,879 - INFO - Class 4 IoU: 74.31%
2024-11-21 12:12:01,879 - INFO - 
Epoch 13/500:
2024-11-21 12:12:01,879 - INFO - Train Loss: 0.3353, Train Acc: 87.85%
2024-11-21 12:12:01,879 - INFO - Val Loss: 0.7392, Val Acc: 75.31%
2024-11-21 12:12:01,879 - INFO - Class 0 Accuracy: 58.74%
2024-11-21 12:12:01,880 - INFO - Class 1 Accuracy: 57.16%
2024-11-21 12:12:01,880 - INFO - Class 2 Accuracy: 84.33%
2024-11-21 12:12:01,880 - INFO - Class 3 Accuracy: 58.01%
2024-11-21 12:12:01,880 - INFO - Class 4 Accuracy: 94.62%
2024-11-21 12:12:01,901 - INFO - Total samples is: <torch.utils.data.dataloader.DataLoader object at 0x000002310991F2F0>
2024-11-21 12:26:03,370 - INFO - Mean IoU: 58.45%
2024-11-21 12:26:03,371 - INFO - Class 0 IoU: 52.47%
2024-11-21 12:26:03,371 - INFO - Class 1 IoU: 59.98%
2024-11-21 12:26:03,371 - INFO - Class 2 IoU: 54.15%
2024-11-21 12:26:03,371 - INFO - Class 3 IoU: 48.63%
2024-11-21 12:26:03,371 - INFO - Class 4 IoU: 77.02%
2024-11-21 12:26:03,371 - INFO - 
Epoch 14/500:
2024-11-21 12:26:03,372 - INFO - Train Loss: 0.3272, Train Acc: 88.10%
2024-11-21 12:26:03,372 - INFO - Val Loss: 0.6416, Val Acc: 78.58%
2024-11-21 12:26:03,372 - INFO - Class 0 Accuracy: 76.59%
2024-11-21 12:26:03,372 - INFO - Class 1 Accuracy: 64.13%
2024-11-21 12:26:03,372 - INFO - Class 2 Accuracy: 66.29%
2024-11-21 12:26:03,372 - INFO - Class 3 Accuracy: 62.21%
2024-11-21 12:26:03,372 - INFO - Class 4 Accuracy: 94.98%
2024-11-21 12:26:03,394 - INFO - Total samples is: <torch.utils.data.dataloader.DataLoader object at 0x000002310991F2F0>
2024-11-21 12:40:07,726 - INFO - Mean IoU: 54.13%
2024-11-21 12:40:07,727 - INFO - Class 0 IoU: 39.22%
2024-11-21 12:40:07,727 - INFO - Class 1 IoU: 56.93%
2024-11-21 12:40:07,727 - INFO - Class 2 IoU: 55.51%
2024-11-21 12:40:07,727 - INFO - Class 3 IoU: 38.49%
2024-11-21 12:40:07,727 - INFO - Class 4 IoU: 80.50%
2024-11-21 12:40:07,727 - INFO - 
Epoch 15/500:
2024-11-21 12:40:07,727 - INFO - Train Loss: 0.3182, Train Acc: 88.41%
2024-11-21 12:40:07,727 - INFO - Val Loss: 0.6778, Val Acc: 76.13%
2024-11-21 12:40:07,728 - INFO - Class 0 Accuracy: 54.99%
2024-11-21 12:40:07,728 - INFO - Class 1 Accuracy: 64.58%
2024-11-21 12:40:07,728 - INFO - Class 2 Accuracy: 78.52%
2024-11-21 12:40:07,728 - INFO - Class 3 Accuracy: 80.05%
2024-11-21 12:40:07,728 - INFO - Class 4 Accuracy: 89.90%
2024-11-21 12:40:07,750 - INFO - Total samples is: <torch.utils.data.dataloader.DataLoader object at 0x000002310991F2F0>
2024-11-21 12:54:25,223 - INFO - Mean IoU: 49.64%
2024-11-21 12:54:25,224 - INFO - Class 0 IoU: 30.07%
2024-11-21 12:54:25,224 - INFO - Class 1 IoU: 47.23%
2024-11-21 12:54:25,224 - INFO - Class 2 IoU: 54.76%
2024-11-21 12:54:25,224 - INFO - Class 3 IoU: 44.23%
2024-11-21 12:54:25,224 - INFO - Class 4 IoU: 71.94%
2024-11-21 12:54:25,224 - INFO - 
Epoch 16/500:
2024-11-21 12:54:25,224 - INFO - Train Loss: 0.3087, Train Acc: 88.75%
2024-11-21 12:54:25,224 - INFO - Val Loss: 0.8635, Val Acc: 71.28%
2024-11-21 12:54:25,224 - INFO - Class 0 Accuracy: 47.79%
2024-11-21 12:54:25,224 - INFO - Class 1 Accuracy: 52.57%
2024-11-21 12:54:25,224 - INFO - Class 2 Accuracy: 68.46%
2024-11-21 12:54:25,224 - INFO - Class 3 Accuracy: 63.23%
2024-11-21 12:54:25,224 - INFO - Class 4 Accuracy: 94.33%
2024-11-21 12:54:25,253 - INFO - Total samples is: <torch.utils.data.dataloader.DataLoader object at 0x000002310991F2F0>
2024-11-21 13:08:30,975 - INFO - Mean IoU: 53.09%
2024-11-21 13:08:30,976 - INFO - Class 0 IoU: 42.49%
2024-11-21 13:08:30,976 - INFO - Class 1 IoU: 65.33%
2024-11-21 13:08:30,976 - INFO - Class 2 IoU: 47.57%
2024-11-21 13:08:30,976 - INFO - Class 3 IoU: 33.38%
2024-11-21 13:08:30,976 - INFO - Class 4 IoU: 76.65%
2024-11-21 13:08:30,976 - INFO - 
Epoch 17/500:
2024-11-21 13:08:30,976 - INFO - Train Loss: 0.2997, Train Acc: 89.12%
2024-11-21 13:08:30,976 - INFO - Val Loss: 0.6455, Val Acc: 77.55%
2024-11-21 13:08:30,976 - INFO - Class 0 Accuracy: 53.95%
2024-11-21 13:08:30,976 - INFO - Class 1 Accuracy: 79.02%
2024-11-21 13:08:30,977 - INFO - Class 2 Accuracy: 66.64%
2024-11-21 13:08:30,977 - INFO - Class 3 Accuracy: 42.10%
2024-11-21 13:08:30,977 - INFO - Class 4 Accuracy: 90.73%
2024-11-21 13:08:30,999 - INFO - Total samples is: <torch.utils.data.dataloader.DataLoader object at 0x000002310991F2F0>
2024-11-21 13:22:32,736 - INFO - Mean IoU: 61.42%
2024-11-21 13:22:32,737 - INFO - Class 0 IoU: 43.99%
2024-11-21 13:22:32,737 - INFO - Class 1 IoU: 58.28%
2024-11-21 13:22:32,737 - INFO - Class 2 IoU: 63.55%
2024-11-21 13:22:32,737 - INFO - Class 3 IoU: 54.62%
2024-11-21 13:22:32,737 - INFO - Class 4 IoU: 86.64%
2024-11-21 13:22:32,737 - INFO - 
Epoch 18/500:
2024-11-21 13:22:32,737 - INFO - Train Loss: 0.2890, Train Acc: 89.51%
2024-11-21 13:22:32,737 - INFO - Val Loss: 0.5484, Val Acc: 79.98%
2024-11-21 13:22:32,738 - INFO - Class 0 Accuracy: 71.67%
2024-11-21 13:22:32,738 - INFO - Class 1 Accuracy: 63.99%
2024-11-21 13:22:32,738 - INFO - Class 2 Accuracy: 77.14%
2024-11-21 13:22:32,738 - INFO - Class 3 Accuracy: 88.34%
2024-11-21 13:22:32,739 - INFO - Class 4 Accuracy: 93.78%
2024-11-21 13:22:32,761 - INFO - Saved best model with accuracy: 79.98%
2024-11-21 13:22:32,781 - INFO - Total samples is: <torch.utils.data.dataloader.DataLoader object at 0x000002310991F2F0>
