2025-04-01 03:23:59,308 - INFO - Training configuration:
2025-04-01 03:23:59,308 - INFO - num_points: 4096
2025-04-01 03:23:59,308 - INFO - chunk_size: 4096
2025-04-01 03:23:59,308 - INFO - overlap: 1024
2025-04-01 03:23:59,308 - INFO - batch_size: 16
2025-04-01 03:23:59,308 - INFO - num_workers: 6
2025-04-01 03:23:59,308 - INFO - learning_rate: 0.001
2025-04-01 03:23:59,309 - INFO - num_classes: 5
2025-04-01 03:23:59,309 - INFO - num_epochs: 200
2025-04-01 03:23:59,309 - INFO - device: cuda
2025-04-01 03:23:59,309 - INFO - Using device: cuda
2025-04-01 03:23:59,309 - INFO - Found 7 h5 files:
2025-04-01 03:23:59,309 - INFO -   - bridge-1.h5
2025-04-01 03:23:59,309 - INFO -   - bridge-3.h5
2025-04-01 03:23:59,310 - INFO -   - bridge-4.h5
2025-04-01 03:23:59,310 - INFO -   - bridge-5.h5
2025-04-01 03:23:59,310 - INFO -   - bridge-6.h5
2025-04-01 03:23:59,310 - INFO -   - bridge-8.h5
2025-04-01 03:23:59,310 - INFO -   - bridge-9.h5
2025-04-01 03:24:02,852 - INFO - Total blocks created: 4911
2025-04-01 03:24:02,854 - INFO - Found 2 h5 files:
2025-04-01 03:24:02,855 - INFO -   - bridge-2.h5
2025-04-01 03:24:02,855 - INFO -   - bridge-7.h5
2025-04-01 03:24:07,079 - INFO - Total blocks created: 2421
2025-04-01 03:24:07,081 - INFO - reading val data
2025-04-01 03:24:07,081 - INFO - Train dataset size: 4911
2025-04-01 03:24:07,081 - INFO - Val dataset size: 2421
2025-04-01 03:24:23,225 - INFO - Class weights: tensor([3.0000, 1.0002, 1.0002, 1.0002, 0.5709])
2025-04-01 03:24:23,226 - INFO - Total samples is: <torch.utils.data.dataloader.DataLoader object at 0x0000023230517560>
2025-04-01 03:30:18,343 - INFO - Validation parameter calculation time: 0:00:00.004632
2025-04-01 03:30:18,344 - INFO - 
Epoch 1/200:
2025-04-01 03:30:18,345 - INFO - Train Loss: 0.9642, Train Acc: 81.50%
2025-04-01 03:30:18,345 - INFO - Val Loss: 4.4894, Val Acc: 77.98%
2025-04-01 03:30:18,345 - INFO - Class 0 Accuracy: 86.59%
2025-04-01 03:30:18,345 - INFO - Class 1 Accuracy: 70.31%
2025-04-01 03:30:18,346 - INFO - Class 2 Accuracy: 62.69%
2025-04-01 03:30:18,346 - INFO - Class 3 Accuracy: 81.48%
2025-04-01 03:30:18,346 - INFO - Class 4 Accuracy: 99.07%
2025-04-01 03:30:18,527 - INFO - Saved best model with accuracy: 77.98%
2025-04-01 03:30:18,618 - INFO - Saved checkpoint at epoch 1
2025-04-01 03:30:18,619 - INFO - Total samples is: <torch.utils.data.dataloader.DataLoader object at 0x0000023230517560>
2025-04-01 03:36:05,202 - INFO - Validation parameter calculation time: 0:00:00.004000
2025-04-01 03:36:05,202 - INFO - 
Epoch 2/200:
2025-04-01 03:36:05,203 - INFO - Train Loss: 0.8474, Train Acc: 93.39%
2025-04-01 03:36:05,203 - INFO - Val Loss: 5.6537, Val Acc: 84.41%
2025-04-01 03:36:05,203 - INFO - Class 0 Accuracy: 89.06%
2025-04-01 03:36:05,204 - INFO - Class 1 Accuracy: 91.27%
2025-04-01 03:36:05,204 - INFO - Class 2 Accuracy: 66.35%
2025-04-01 03:36:05,205 - INFO - Class 3 Accuracy: 73.63%
2025-04-01 03:36:05,205 - INFO - Class 4 Accuracy: 99.49%
2025-04-01 03:36:05,312 - INFO - Saved best model with accuracy: 84.41%
2025-04-01 03:36:05,403 - INFO - Saved checkpoint at epoch 2
2025-04-01 03:36:05,404 - INFO - Total samples is: <torch.utils.data.dataloader.DataLoader object at 0x0000023230517560>
2025-04-01 03:41:58,225 - INFO - Validation parameter calculation time: 0:00:00.004585
2025-04-01 03:41:58,225 - INFO - 
Epoch 3/200:
2025-04-01 03:41:58,225 - INFO - Train Loss: 0.8243, Train Acc: 95.14%
2025-04-01 03:41:58,225 - INFO - Val Loss: 4.9561, Val Acc: 79.05%
2025-04-01 03:41:58,226 - INFO - Class 0 Accuracy: 95.31%
2025-04-01 03:41:58,226 - INFO - Class 1 Accuracy: 85.95%
2025-04-01 03:41:58,227 - INFO - Class 2 Accuracy: 50.67%
2025-04-01 03:41:58,227 - INFO - Class 3 Accuracy: 70.42%
2025-04-01 03:41:58,227 - INFO - Class 4 Accuracy: 98.88%
2025-04-01 03:41:58,330 - INFO - Saved checkpoint at epoch 3
2025-04-01 03:41:58,330 - INFO - Total samples is: <torch.utils.data.dataloader.DataLoader object at 0x0000023230517560>
2025-04-01 03:47:51,474 - INFO - Validation parameter calculation time: 0:00:00.004092
2025-04-01 03:47:51,475 - INFO - 
Epoch 4/200:
2025-04-01 03:47:51,475 - INFO - Train Loss: 0.8088, Train Acc: 96.16%
2025-04-01 03:47:51,475 - INFO - Val Loss: 2.9848, Val Acc: 91.40%
2025-04-01 03:47:51,475 - INFO - Class 0 Accuracy: 95.34%
2025-04-01 03:47:51,476 - INFO - Class 1 Accuracy: 94.85%
2025-04-01 03:47:51,476 - INFO - Class 2 Accuracy: 77.46%
2025-04-01 03:47:51,477 - INFO - Class 3 Accuracy: 89.50%
2025-04-01 03:47:51,477 - INFO - Class 4 Accuracy: 99.85%
2025-04-01 03:47:51,572 - INFO - Saved best model with accuracy: 91.40%
2025-04-01 03:47:51,678 - INFO - Saved checkpoint at epoch 4
2025-04-01 03:47:51,679 - INFO - Total samples is: <torch.utils.data.dataloader.DataLoader object at 0x0000023230517560>
2025-04-01 03:53:36,833 - INFO - Validation parameter calculation time: 0:00:00.004526
2025-04-01 03:53:36,833 - INFO - 
Epoch 5/200:
2025-04-01 03:53:36,833 - INFO - Train Loss: 0.7988, Train Acc: 96.77%
2025-04-01 03:53:36,833 - INFO - Val Loss: 6.3334, Val Acc: 87.33%
2025-04-01 03:53:36,834 - INFO - Class 0 Accuracy: 94.24%
2025-04-01 03:53:36,834 - INFO - Class 1 Accuracy: 97.70%
2025-04-01 03:53:36,834 - INFO - Class 2 Accuracy: 64.91%
2025-04-01 03:53:36,835 - INFO - Class 3 Accuracy: 77.53%
2025-04-01 03:53:36,835 - INFO - Class 4 Accuracy: 99.46%
2025-04-01 03:53:36,935 - INFO - Saved checkpoint at epoch 5
2025-04-01 03:53:36,935 - INFO - Total samples is: <torch.utils.data.dataloader.DataLoader object at 0x0000023230517560>
2025-04-01 03:59:23,043 - INFO - Validation parameter calculation time: 0:00:00.004651
2025-04-01 03:59:23,043 - INFO - 
Epoch 6/200:
2025-04-01 03:59:23,043 - INFO - Train Loss: 0.7912, Train Acc: 97.09%
2025-04-01 03:59:23,044 - INFO - Val Loss: 5.5581, Val Acc: 86.91%
2025-04-01 03:59:23,044 - INFO - Class 0 Accuracy: 95.44%
2025-04-01 03:59:23,045 - INFO - Class 1 Accuracy: 94.06%
2025-04-01 03:59:23,046 - INFO - Class 2 Accuracy: 66.47%
2025-04-01 03:59:23,046 - INFO - Class 3 Accuracy: 79.29%
2025-04-01 03:59:23,046 - INFO - Class 4 Accuracy: 99.87%
2025-04-01 03:59:23,165 - INFO - Saved checkpoint at epoch 6
2025-04-01 03:59:23,166 - INFO - Total samples is: <torch.utils.data.dataloader.DataLoader object at 0x0000023230517560>
2025-04-01 04:05:09,419 - INFO - Validation parameter calculation time: 0:00:00.004519
2025-04-01 04:05:09,419 - INFO - 
Epoch 7/200:
2025-04-01 04:05:09,420 - INFO - Train Loss: 0.7865, Train Acc: 97.25%
2025-04-01 04:05:09,420 - INFO - Val Loss: 4.0189, Val Acc: 89.09%
2025-04-01 04:05:09,420 - INFO - Class 0 Accuracy: 96.31%
2025-04-01 04:05:09,421 - INFO - Class 1 Accuracy: 93.75%
2025-04-01 04:05:09,421 - INFO - Class 2 Accuracy: 73.17%
2025-04-01 04:05:09,421 - INFO - Class 3 Accuracy: 84.79%
2025-04-01 04:05:09,422 - INFO - Class 4 Accuracy: 98.93%
2025-04-01 04:05:09,517 - INFO - Saved checkpoint at epoch 7
2025-04-01 04:05:09,517 - INFO - Total samples is: <torch.utils.data.dataloader.DataLoader object at 0x0000023230517560>
2025-04-01 04:10:55,746 - INFO - Validation parameter calculation time: 0:00:00.004075
2025-04-01 04:10:55,746 - INFO - 
Epoch 8/200:
2025-04-01 04:10:55,747 - INFO - Train Loss: 0.7842, Train Acc: 97.43%
2025-04-01 04:10:55,747 - INFO - Val Loss: 4.8393, Val Acc: 93.93%
2025-04-01 04:10:55,748 - INFO - Class 0 Accuracy: 93.50%
2025-04-01 04:10:55,748 - INFO - Class 1 Accuracy: 98.97%
2025-04-01 04:10:55,749 - INFO - Class 2 Accuracy: 84.34%
2025-04-01 04:10:55,749 - INFO - Class 3 Accuracy: 89.04%
2025-04-01 04:10:55,750 - INFO - Class 4 Accuracy: 99.61%
2025-04-01 04:10:55,845 - INFO - Saved best model with accuracy: 93.93%
2025-04-01 04:10:55,938 - INFO - Saved checkpoint at epoch 8
2025-04-01 04:10:55,940 - INFO - Total samples is: <torch.utils.data.dataloader.DataLoader object at 0x0000023230517560>
2025-04-01 04:16:42,314 - INFO - Validation parameter calculation time: 0:00:00.004122
2025-04-01 04:16:42,314 - INFO - 
Epoch 9/200:
2025-04-01 04:16:42,314 - INFO - Train Loss: 0.7800, Train Acc: 97.60%
2025-04-01 04:16:42,315 - INFO - Val Loss: 6.7032, Val Acc: 90.91%
2025-04-01 04:16:42,315 - INFO - Class 0 Accuracy: 94.36%
2025-04-01 04:16:42,315 - INFO - Class 1 Accuracy: 98.07%
2025-04-01 04:16:42,316 - INFO - Class 2 Accuracy: 81.98%
2025-04-01 04:16:42,316 - INFO - Class 3 Accuracy: 77.43%
2025-04-01 04:16:42,316 - INFO - Class 4 Accuracy: 99.71%
2025-04-01 04:16:42,430 - INFO - Saved checkpoint at epoch 9
2025-04-01 04:16:42,431 - INFO - Total samples is: <torch.utils.data.dataloader.DataLoader object at 0x0000023230517560>
2025-04-01 04:22:28,005 - INFO - Validation parameter calculation time: 0:00:00.004145
2025-04-01 04:22:28,005 - INFO - 
Epoch 10/200:
2025-04-01 04:22:28,005 - INFO - Train Loss: 0.7760, Train Acc: 97.81%
2025-04-01 04:22:28,005 - INFO - Val Loss: 2.2840, Val Acc: 94.71%
2025-04-01 04:22:28,006 - INFO - Class 0 Accuracy: 92.05%
2025-04-01 04:22:28,006 - INFO - Class 1 Accuracy: 99.31%
2025-04-01 04:22:28,008 - INFO - Class 2 Accuracy: 80.92%
2025-04-01 04:22:28,008 - INFO - Class 3 Accuracy: 95.98%
2025-04-01 04:22:28,008 - INFO - Class 4 Accuracy: 99.77%
2025-04-01 04:22:28,104 - INFO - Saved best model with accuracy: 94.71%
2025-04-01 04:22:28,209 - INFO - Saved checkpoint at epoch 10
2025-04-01 04:22:28,210 - INFO - Total samples is: <torch.utils.data.dataloader.DataLoader object at 0x0000023230517560>
2025-04-01 04:28:12,889 - INFO - Validation parameter calculation time: 0:00:00.004180
2025-04-01 04:28:12,890 - INFO - 
Epoch 11/200:
2025-04-01 04:28:12,890 - INFO - Train Loss: 0.7838, Train Acc: 97.39%
2025-04-01 04:28:12,890 - INFO - Val Loss: 2.5136, Val Acc: 91.69%
2025-04-01 04:28:12,891 - INFO - Class 0 Accuracy: 93.52%
2025-04-01 04:28:12,891 - INFO - Class 1 Accuracy: 98.90%
2025-04-01 04:28:12,892 - INFO - Class 2 Accuracy: 76.32%
2025-04-01 04:28:12,892 - INFO - Class 3 Accuracy: 87.82%
2025-04-01 04:28:12,892 - INFO - Class 4 Accuracy: 97.85%
2025-04-01 04:28:13,001 - INFO - Saved checkpoint at epoch 11
2025-04-01 04:28:13,002 - INFO - Total samples is: <torch.utils.data.dataloader.DataLoader object at 0x0000023230517560>
2025-04-01 04:33:57,339 - INFO - Validation parameter calculation time: 0:00:00.004514
2025-04-01 04:33:57,339 - INFO - 
Epoch 12/200:
2025-04-01 04:33:57,340 - INFO - Train Loss: 0.7752, Train Acc: 97.83%
2025-04-01 04:33:57,340 - INFO - Val Loss: 5.7445, Val Acc: 87.04%
2025-04-01 04:33:57,340 - INFO - Class 0 Accuracy: 95.60%
2025-04-01 04:33:57,341 - INFO - Class 1 Accuracy: 91.06%
2025-04-01 04:33:57,341 - INFO - Class 2 Accuracy: 69.58%
2025-04-01 04:33:57,341 - INFO - Class 3 Accuracy: 82.12%
2025-04-01 04:33:57,342 - INFO - Class 4 Accuracy: 99.62%
2025-04-01 04:33:57,438 - INFO - Saved checkpoint at epoch 12
2025-04-01 04:33:57,439 - INFO - Total samples is: <torch.utils.data.dataloader.DataLoader object at 0x0000023230517560>
2025-04-01 04:39:41,611 - INFO - Validation parameter calculation time: 0:00:00.003509
2025-04-01 04:39:41,612 - INFO - 
Epoch 13/200:
2025-04-01 04:39:41,612 - INFO - Train Loss: 0.7735, Train Acc: 97.92%
2025-04-01 04:39:41,612 - INFO - Val Loss: 4.8163, Val Acc: 84.31%
2025-04-01 04:39:41,612 - INFO - Class 0 Accuracy: 85.99%
2025-04-01 04:39:41,613 - INFO - Class 1 Accuracy: 93.94%
2025-04-01 04:39:41,613 - INFO - Class 2 Accuracy: 49.66%
2025-04-01 04:39:41,613 - INFO - Class 3 Accuracy: 88.73%
2025-04-01 04:39:41,614 - INFO - Class 4 Accuracy: 96.96%
2025-04-01 04:39:41,722 - INFO - Saved checkpoint at epoch 13
2025-04-01 04:39:41,723 - INFO - Total samples is: <torch.utils.data.dataloader.DataLoader object at 0x0000023230517560>
2025-04-01 04:45:24,594 - INFO - Validation parameter calculation time: 0:00:00.005028
2025-04-01 04:45:24,594 - INFO - 
Epoch 14/200:
2025-04-01 04:45:24,594 - INFO - Train Loss: 0.7755, Train Acc: 97.80%
2025-04-01 04:45:24,595 - INFO - Val Loss: 10.0193, Val Acc: 57.50%
2025-04-01 04:45:24,595 - INFO - Class 0 Accuracy: 68.74%
2025-04-01 04:45:24,596 - INFO - Class 1 Accuracy: 10.52%
2025-04-01 04:45:24,596 - INFO - Class 2 Accuracy: 58.33%
2025-04-01 04:45:24,597 - INFO - Class 3 Accuracy: 87.95%
2025-04-01 04:45:24,597 - INFO - Class 4 Accuracy: 99.97%
2025-04-01 04:45:24,694 - INFO - Saved checkpoint at epoch 14
2025-04-01 04:45:24,695 - INFO - Total samples is: <torch.utils.data.dataloader.DataLoader object at 0x0000023230517560>
2025-04-01 04:51:08,977 - INFO - Validation parameter calculation time: 0:00:00.005279
2025-04-01 04:51:08,977 - INFO - 
Epoch 15/200:
2025-04-01 04:51:08,977 - INFO - Train Loss: 0.7717, Train Acc: 97.99%
2025-04-01 04:51:08,977 - INFO - Val Loss: 4.4692, Val Acc: 58.45%
2025-04-01 04:51:08,978 - INFO - Class 0 Accuracy: 59.65%
2025-04-01 04:51:08,978 - INFO - Class 1 Accuracy: 19.02%
2025-04-01 04:51:08,979 - INFO - Class 2 Accuracy: 42.74%
2025-04-01 04:51:08,979 - INFO - Class 3 Accuracy: 96.94%
2025-04-01 04:51:08,980 - INFO - Class 4 Accuracy: 99.32%
2025-04-01 04:51:09,081 - INFO - Saved checkpoint at epoch 15
2025-04-01 04:51:09,082 - INFO - Total samples is: <torch.utils.data.dataloader.DataLoader object at 0x0000023230517560>
2025-04-01 04:56:52,203 - INFO - Validation parameter calculation time: 0:00:00.004509
2025-04-01 04:56:52,203 - INFO - 
Epoch 16/200:
2025-04-01 04:56:52,204 - INFO - Train Loss: 0.7711, Train Acc: 98.02%
2025-04-01 04:56:52,204 - INFO - Val Loss: 21.6331, Val Acc: 70.54%
2025-04-01 04:56:52,204 - INFO - Class 0 Accuracy: 74.85%
2025-04-01 04:56:52,205 - INFO - Class 1 Accuracy: 51.87%
2025-04-01 04:56:52,205 - INFO - Class 2 Accuracy: 53.90%
2025-04-01 04:56:52,205 - INFO - Class 3 Accuracy: 86.23%
2025-04-01 04:56:52,206 - INFO - Class 4 Accuracy: 100.00%
2025-04-01 04:56:52,303 - INFO - Saved checkpoint at epoch 16
2025-04-01 04:56:52,304 - INFO - Total samples is: <torch.utils.data.dataloader.DataLoader object at 0x0000023230517560>
2025-04-01 05:02:36,410 - INFO - Validation parameter calculation time: 0:00:00.004998
2025-04-01 05:02:36,410 - INFO - 
Epoch 17/200:
2025-04-01 05:02:36,410 - INFO - Train Loss: 0.7654, Train Acc: 98.38%
2025-04-01 05:02:36,410 - INFO - Val Loss: 1.6388, Val Acc: 95.05%
2025-04-01 05:02:36,411 - INFO - Class 0 Accuracy: 94.76%
2025-04-01 05:02:36,411 - INFO - Class 1 Accuracy: 99.32%
2025-04-01 05:02:36,412 - INFO - Class 2 Accuracy: 85.07%
2025-04-01 05:02:36,412 - INFO - Class 3 Accuracy: 92.67%
2025-04-01 05:02:36,412 - INFO - Class 4 Accuracy: 99.92%
2025-04-01 05:02:36,507 - INFO - Saved best model with accuracy: 95.05%
2025-04-01 05:02:36,598 - INFO - Saved checkpoint at epoch 17
2025-04-01 05:02:36,600 - INFO - Total samples is: <torch.utils.data.dataloader.DataLoader object at 0x0000023230517560>
2025-04-01 05:08:19,761 - INFO - Validation parameter calculation time: 0:00:00.005005
2025-04-01 05:08:19,761 - INFO - 
Epoch 18/200:
2025-04-01 05:08:19,761 - INFO - Train Loss: 0.7639, Train Acc: 98.48%
2025-04-01 05:08:19,762 - INFO - Val Loss: 1.7077, Val Acc: 94.30%
2025-04-01 05:08:19,762 - INFO - Class 0 Accuracy: 94.70%
2025-04-01 05:08:19,763 - INFO - Class 1 Accuracy: 99.10%
2025-04-01 05:08:19,763 - INFO - Class 2 Accuracy: 84.08%
2025-04-01 05:08:19,763 - INFO - Class 3 Accuracy: 90.36%
2025-04-01 05:08:19,764 - INFO - Class 4 Accuracy: 99.85%
2025-04-01 05:08:19,862 - INFO - Saved checkpoint at epoch 18
2025-04-01 05:08:19,862 - INFO - Total samples is: <torch.utils.data.dataloader.DataLoader object at 0x0000023230517560>
2025-04-01 05:14:03,322 - INFO - Validation parameter calculation time: 0:00:00.005015
2025-04-01 05:14:03,322 - INFO - 
Epoch 19/200:
2025-04-01 05:14:03,323 - INFO - Train Loss: 0.7632, Train Acc: 98.51%
2025-04-01 05:14:03,323 - INFO - Val Loss: 1.7649, Val Acc: 94.54%
2025-04-01 05:14:03,323 - INFO - Class 0 Accuracy: 94.82%
2025-04-01 05:14:03,323 - INFO - Class 1 Accuracy: 99.14%
2025-04-01 05:14:03,324 - INFO - Class 2 Accuracy: 85.59%
2025-04-01 05:14:03,324 - INFO - Class 3 Accuracy: 89.92%
2025-04-01 05:14:03,325 - INFO - Class 4 Accuracy: 99.88%
2025-04-01 05:14:03,424 - INFO - Saved checkpoint at epoch 19
2025-04-01 05:14:03,425 - INFO - Total samples is: <torch.utils.data.dataloader.DataLoader object at 0x0000023230517560>
2025-04-01 05:19:47,239 - INFO - Validation parameter calculation time: 0:00:00.005507
2025-04-01 05:19:47,239 - INFO - 
Epoch 20/200:
2025-04-01 05:19:47,239 - INFO - Train Loss: 0.7620, Train Acc: 98.55%
2025-04-01 05:19:47,239 - INFO - Val Loss: 1.3046, Val Acc: 94.26%
2025-04-01 05:19:47,241 - INFO - Class 0 Accuracy: 95.15%
2025-04-01 05:19:47,241 - INFO - Class 1 Accuracy: 99.29%
2025-04-01 05:19:47,241 - INFO - Class 2 Accuracy: 84.73%
2025-04-01 05:19:47,242 - INFO - Class 3 Accuracy: 89.14%
2025-04-01 05:19:47,242 - INFO - Class 4 Accuracy: 99.78%
2025-04-01 05:19:47,353 - INFO - Saved checkpoint at epoch 20
2025-04-01 05:19:47,354 - INFO - Total samples is: <torch.utils.data.dataloader.DataLoader object at 0x0000023230517560>
2025-04-01 05:25:31,103 - INFO - Validation parameter calculation time: 0:00:00.004513
2025-04-01 05:25:31,104 - INFO - 
Epoch 21/200:
2025-04-01 05:25:31,104 - INFO - Train Loss: 0.7614, Train Acc: 98.56%
2025-04-01 05:25:31,104 - INFO - Val Loss: 1.6290, Val Acc: 94.39%
2025-04-01 05:25:31,105 - INFO - Class 0 Accuracy: 94.75%
2025-04-01 05:25:31,105 - INFO - Class 1 Accuracy: 99.18%
2025-04-01 05:25:31,105 - INFO - Class 2 Accuracy: 83.30%
2025-04-01 05:25:31,106 - INFO - Class 3 Accuracy: 91.36%
2025-04-01 05:25:31,107 - INFO - Class 4 Accuracy: 99.93%
2025-04-01 05:25:31,204 - INFO - Saved checkpoint at epoch 21
2025-04-01 05:25:31,204 - INFO - Total samples is: <torch.utils.data.dataloader.DataLoader object at 0x0000023230517560>
2025-04-01 05:31:14,051 - INFO - Validation parameter calculation time: 0:00:00.004577
2025-04-01 05:31:14,051 - INFO - 
Epoch 22/200:
2025-04-01 05:31:14,051 - INFO - Train Loss: 0.7615, Train Acc: 98.60%
2025-04-01 05:31:14,052 - INFO - Val Loss: 2.5747, Val Acc: 95.12%
2025-04-01 05:31:14,052 - INFO - Class 0 Accuracy: 94.44%
2025-04-01 05:31:14,052 - INFO - Class 1 Accuracy: 99.55%
2025-04-01 05:31:14,053 - INFO - Class 2 Accuracy: 86.83%
2025-04-01 05:31:14,053 - INFO - Class 3 Accuracy: 91.07%
2025-04-01 05:31:14,053 - INFO - Class 4 Accuracy: 99.82%
2025-04-01 05:31:14,165 - INFO - Saved best model with accuracy: 95.12%
2025-04-01 05:31:14,264 - INFO - Saved checkpoint at epoch 22
2025-04-01 05:31:14,265 - INFO - Total samples is: <torch.utils.data.dataloader.DataLoader object at 0x0000023230517560>
2025-04-01 05:36:58,265 - INFO - Validation parameter calculation time: 0:00:00.005000
2025-04-01 05:36:58,265 - INFO - 
Epoch 23/200:
2025-04-01 05:36:58,265 - INFO - Train Loss: 0.7613, Train Acc: 98.59%
2025-04-01 05:36:58,266 - INFO - Val Loss: 1.9612, Val Acc: 94.71%
2025-04-01 05:36:58,266 - INFO - Class 0 Accuracy: 94.88%
2025-04-01 05:36:58,266 - INFO - Class 1 Accuracy: 98.90%
2025-04-01 05:36:58,266 - INFO - Class 2 Accuracy: 86.08%
2025-04-01 05:36:58,267 - INFO - Class 3 Accuracy: 90.65%
2025-04-01 05:36:58,267 - INFO - Class 4 Accuracy: 99.88%
2025-04-01 05:36:58,363 - INFO - Saved checkpoint at epoch 23
2025-04-01 05:36:58,363 - INFO - Total samples is: <torch.utils.data.dataloader.DataLoader object at 0x0000023230517560>
2025-04-01 05:42:42,412 - INFO - Validation parameter calculation time: 0:00:00.006315
2025-04-01 05:42:42,412 - INFO - 
Epoch 24/200:
2025-04-01 05:42:42,412 - INFO - Train Loss: 0.7609, Train Acc: 98.63%
2025-04-01 05:42:42,412 - INFO - Val Loss: 2.3634, Val Acc: 95.28%
2025-04-01 05:42:42,413 - INFO - Class 0 Accuracy: 93.11%
2025-04-01 05:42:42,413 - INFO - Class 1 Accuracy: 99.63%
2025-04-01 05:42:42,413 - INFO - Class 2 Accuracy: 86.73%
2025-04-01 05:42:42,414 - INFO - Class 3 Accuracy: 92.22%
2025-04-01 05:42:42,414 - INFO - Class 4 Accuracy: 99.72%
2025-04-01 05:42:42,510 - INFO - Saved best model with accuracy: 95.28%
2025-04-01 05:42:42,607 - INFO - Saved checkpoint at epoch 24
2025-04-01 05:42:42,609 - INFO - Total samples is: <torch.utils.data.dataloader.DataLoader object at 0x0000023230517560>
2025-04-01 05:48:26,071 - INFO - Validation parameter calculation time: 0:00:00.004000
2025-04-01 05:48:26,072 - INFO - 
Epoch 25/200:
2025-04-01 05:48:26,072 - INFO - Train Loss: 0.7608, Train Acc: 98.63%
2025-04-01 05:48:26,072 - INFO - Val Loss: 1.7067, Val Acc: 95.13%
2025-04-01 05:48:26,072 - INFO - Class 0 Accuracy: 93.52%
2025-04-01 05:48:26,072 - INFO - Class 1 Accuracy: 99.32%
2025-04-01 05:48:26,074 - INFO - Class 2 Accuracy: 86.76%
2025-04-01 05:48:26,074 - INFO - Class 3 Accuracy: 91.60%
2025-04-01 05:48:26,074 - INFO - Class 4 Accuracy: 99.98%
2025-04-01 05:48:26,177 - INFO - Saved checkpoint at epoch 25
2025-04-01 05:48:26,178 - INFO - Total samples is: <torch.utils.data.dataloader.DataLoader object at 0x0000023230517560>
2025-04-01 05:54:10,142 - INFO - Validation parameter calculation time: 0:00:00.004944
2025-04-01 05:54:10,143 - INFO - 
Epoch 26/200:
2025-04-01 05:54:10,143 - INFO - Train Loss: 0.7599, Train Acc: 98.65%
2025-04-01 05:54:10,143 - INFO - Val Loss: 1.5554, Val Acc: 95.31%
2025-04-01 05:54:10,144 - INFO - Class 0 Accuracy: 93.22%
2025-04-01 05:54:10,144 - INFO - Class 1 Accuracy: 99.68%
2025-04-01 05:54:10,144 - INFO - Class 2 Accuracy: 87.48%
2025-04-01 05:54:10,144 - INFO - Class 3 Accuracy: 91.32%
2025-04-01 05:54:10,146 - INFO - Class 4 Accuracy: 99.92%
2025-04-01 05:54:10,246 - INFO - Saved best model with accuracy: 95.31%
2025-04-01 05:54:10,339 - INFO - Saved checkpoint at epoch 26
2025-04-01 05:54:10,340 - INFO - Total samples is: <torch.utils.data.dataloader.DataLoader object at 0x0000023230517560>
2025-04-01 05:59:53,046 - INFO - Validation parameter calculation time: 0:00:00.005512
2025-04-01 05:59:53,046 - INFO - 
Epoch 27/200:
2025-04-01 05:59:53,046 - INFO - Train Loss: 0.7599, Train Acc: 98.68%
2025-04-01 05:59:53,047 - INFO - Val Loss: 2.1725, Val Acc: 95.19%
2025-04-01 05:59:53,047 - INFO - Class 0 Accuracy: 94.33%
2025-04-01 05:59:53,048 - INFO - Class 1 Accuracy: 99.07%
2025-04-01 05:59:53,048 - INFO - Class 2 Accuracy: 86.07%
2025-04-01 05:59:53,048 - INFO - Class 3 Accuracy: 93.16%
2025-04-01 05:59:53,049 - INFO - Class 4 Accuracy: 99.67%
2025-04-01 05:59:53,147 - INFO - Saved checkpoint at epoch 27
2025-04-01 05:59:53,148 - INFO - Total samples is: <torch.utils.data.dataloader.DataLoader object at 0x0000023230517560>
2025-04-01 06:05:36,556 - INFO - Validation parameter calculation time: 0:00:00.004513
2025-04-01 06:05:36,556 - INFO - 
Epoch 28/200:
2025-04-01 06:05:36,556 - INFO - Train Loss: 0.7597, Train Acc: 98.68%
2025-04-01 06:05:36,556 - INFO - Val Loss: 3.3471, Val Acc: 95.27%
2025-04-01 06:05:36,557 - INFO - Class 0 Accuracy: 91.88%
2025-04-01 06:05:36,557 - INFO - Class 1 Accuracy: 99.46%
2025-04-01 06:05:36,558 - INFO - Class 2 Accuracy: 85.76%
2025-04-01 06:05:36,558 - INFO - Class 3 Accuracy: 93.56%
2025-04-01 06:05:36,558 - INFO - Class 4 Accuracy: 99.89%
2025-04-01 06:05:36,654 - INFO - Saved checkpoint at epoch 28
2025-04-01 06:05:36,654 - INFO - Total samples is: <torch.utils.data.dataloader.DataLoader object at 0x0000023230517560>
2025-04-01 06:11:19,701 - INFO - Validation parameter calculation time: 0:00:00.005998
2025-04-01 06:11:19,701 - INFO - 
Epoch 29/200:
2025-04-01 06:11:19,701 - INFO - Train Loss: 0.7597, Train Acc: 98.69%
2025-04-01 06:11:19,701 - INFO - Val Loss: 9.8625, Val Acc: 94.52%
2025-04-01 06:11:19,702 - INFO - Class 0 Accuracy: 93.34%
2025-04-01 06:11:19,702 - INFO - Class 1 Accuracy: 99.28%
2025-04-01 06:11:19,702 - INFO - Class 2 Accuracy: 84.47%
2025-04-01 06:11:19,703 - INFO - Class 3 Accuracy: 91.20%
2025-04-01 06:11:19,703 - INFO - Class 4 Accuracy: 99.73%
2025-04-01 06:11:19,812 - INFO - Saved checkpoint at epoch 29
2025-04-01 06:11:19,814 - INFO - Total samples is: <torch.utils.data.dataloader.DataLoader object at 0x0000023230517560>
2025-04-01 06:17:01,953 - INFO - Validation parameter calculation time: 0:00:00.004512
2025-04-01 06:17:01,953 - INFO - 
Epoch 30/200:
2025-04-01 06:17:01,953 - INFO - Train Loss: 0.7592, Train Acc: 98.72%
2025-04-01 06:17:01,953 - INFO - Val Loss: 5.4330, Val Acc: 95.03%
2025-04-01 06:17:01,954 - INFO - Class 0 Accuracy: 91.12%
2025-04-01 06:17:01,954 - INFO - Class 1 Accuracy: 97.96%
2025-04-01 06:17:01,955 - INFO - Class 2 Accuracy: 85.65%
2025-04-01 06:17:01,955 - INFO - Class 3 Accuracy: 95.20%
2025-04-01 06:17:01,955 - INFO - Class 4 Accuracy: 99.89%
2025-04-01 06:17:02,070 - INFO - Saved checkpoint at epoch 30
2025-04-01 06:17:02,071 - INFO - Total samples is: <torch.utils.data.dataloader.DataLoader object at 0x0000023230517560>
2025-04-01 06:22:44,500 - INFO - Validation parameter calculation time: 0:00:00.004508
2025-04-01 06:22:44,500 - INFO - 
Epoch 31/200:
2025-04-01 06:22:44,500 - INFO - Train Loss: 0.7594, Train Acc: 98.72%
2025-04-01 06:22:44,500 - INFO - Val Loss: 2.5373, Val Acc: 95.43%
2025-04-01 06:22:44,501 - INFO - Class 0 Accuracy: 92.43%
2025-04-01 06:22:44,501 - INFO - Class 1 Accuracy: 99.62%
2025-04-01 06:22:44,502 - INFO - Class 2 Accuracy: 86.25%
2025-04-01 06:22:44,502 - INFO - Class 3 Accuracy: 93.61%
2025-04-01 06:22:44,502 - INFO - Class 4 Accuracy: 99.80%
2025-04-01 06:22:44,598 - INFO - Saved best model with accuracy: 95.43%
2025-04-01 06:22:44,694 - INFO - Saved checkpoint at epoch 31
2025-04-01 06:22:44,695 - INFO - Total samples is: <torch.utils.data.dataloader.DataLoader object at 0x0000023230517560>
2025-04-01 06:28:27,745 - INFO - Validation parameter calculation time: 0:00:00.005919
2025-04-01 06:28:27,745 - INFO - 
Epoch 32/200:
2025-04-01 06:28:27,746 - INFO - Train Loss: 0.7589, Train Acc: 98.72%
2025-04-01 06:28:27,746 - INFO - Val Loss: 9.4879, Val Acc: 95.25%
2025-04-01 06:28:27,746 - INFO - Class 0 Accuracy: 93.66%
2025-04-01 06:28:27,747 - INFO - Class 1 Accuracy: 98.77%
2025-04-01 06:28:27,747 - INFO - Class 2 Accuracy: 87.49%
2025-04-01 06:28:27,747 - INFO - Class 3 Accuracy: 92.49%
2025-04-01 06:28:27,748 - INFO - Class 4 Accuracy: 99.85%
2025-04-01 06:28:27,849 - INFO - Saved checkpoint at epoch 32
2025-04-01 06:28:27,850 - INFO - Total samples is: <torch.utils.data.dataloader.DataLoader object at 0x0000023230517560>
2025-04-01 06:34:10,179 - INFO - Validation parameter calculation time: 0:00:00.004107
2025-04-01 06:34:10,180 - INFO - 
Epoch 33/200:
2025-04-01 06:34:10,180 - INFO - Train Loss: 0.7591, Train Acc: 98.73%
2025-04-01 06:34:10,180 - INFO - Val Loss: 1.7259, Val Acc: 95.06%
2025-04-01 06:34:10,180 - INFO - Class 0 Accuracy: 89.43%
2025-04-01 06:34:10,180 - INFO - Class 1 Accuracy: 99.04%
2025-04-01 06:34:10,181 - INFO - Class 2 Accuracy: 86.56%
2025-04-01 06:34:10,181 - INFO - Class 3 Accuracy: 94.05%
2025-04-01 06:34:10,182 - INFO - Class 4 Accuracy: 98.98%
2025-04-01 06:34:10,294 - INFO - Saved checkpoint at epoch 33
2025-04-01 06:34:10,295 - INFO - Total samples is: <torch.utils.data.dataloader.DataLoader object at 0x0000023230517560>
2025-04-01 06:39:53,290 - INFO - Validation parameter calculation time: 0:00:00.004519
2025-04-01 06:39:53,290 - INFO - 
Epoch 34/200:
2025-04-01 06:39:53,290 - INFO - Train Loss: 0.7578, Train Acc: 98.75%
2025-04-01 06:39:53,291 - INFO - Val Loss: 3.2539, Val Acc: 95.14%
2025-04-01 06:39:53,291 - INFO - Class 0 Accuracy: 92.92%
2025-04-01 06:39:53,292 - INFO - Class 1 Accuracy: 99.11%
2025-04-01 06:39:53,292 - INFO - Class 2 Accuracy: 85.34%
2025-04-01 06:39:53,292 - INFO - Class 3 Accuracy: 93.68%
2025-04-01 06:39:53,293 - INFO - Class 4 Accuracy: 99.89%
2025-04-01 06:39:53,392 - INFO - Saved checkpoint at epoch 34
2025-04-01 06:39:53,393 - INFO - Total samples is: <torch.utils.data.dataloader.DataLoader object at 0x0000023230517560>
2025-04-01 06:45:35,312 - INFO - Validation parameter calculation time: 0:00:00.004020
2025-04-01 06:45:35,313 - INFO - 
Epoch 35/200:
2025-04-01 06:45:35,313 - INFO - Train Loss: 0.7587, Train Acc: 98.75%
2025-04-01 06:45:35,314 - INFO - Val Loss: 3.0838, Val Acc: 93.24%
2025-04-01 06:45:35,314 - INFO - Class 0 Accuracy: 91.58%
2025-04-01 06:45:35,315 - INFO - Class 1 Accuracy: 98.77%
2025-04-01 06:45:35,315 - INFO - Class 2 Accuracy: 78.73%
2025-04-01 06:45:35,315 - INFO - Class 3 Accuracy: 92.00%
2025-04-01 06:45:35,316 - INFO - Class 4 Accuracy: 99.59%
2025-04-01 06:45:35,411 - INFO - Saved checkpoint at epoch 35
2025-04-01 06:45:35,411 - INFO - Total samples is: <torch.utils.data.dataloader.DataLoader object at 0x0000023230517560>
2025-04-01 06:51:18,506 - INFO - Validation parameter calculation time: 0:00:00.004523
2025-04-01 06:51:18,507 - INFO - 
Epoch 36/200:
2025-04-01 06:51:18,507 - INFO - Train Loss: 0.7584, Train Acc: 98.76%
2025-04-01 06:51:18,507 - INFO - Val Loss: 11.7359, Val Acc: 93.96%
2025-04-01 06:51:18,508 - INFO - Class 0 Accuracy: 92.15%
2025-04-01 06:51:18,508 - INFO - Class 1 Accuracy: 99.37%
2025-04-01 06:51:18,509 - INFO - Class 2 Accuracy: 82.26%
2025-04-01 06:51:18,509 - INFO - Class 3 Accuracy: 90.59%
2025-04-01 06:51:18,510 - INFO - Class 4 Accuracy: 99.92%
2025-04-01 06:51:18,606 - INFO - Saved checkpoint at epoch 36
2025-04-01 06:51:18,607 - INFO - Total samples is: <torch.utils.data.dataloader.DataLoader object at 0x0000023230517560>
2025-04-01 06:57:03,512 - INFO - Validation parameter calculation time: 0:00:00.004512
2025-04-01 06:57:03,512 - INFO - 
Epoch 37/200:
2025-04-01 06:57:03,512 - INFO - Train Loss: 0.7585, Train Acc: 98.77%
2025-04-01 06:57:03,512 - INFO - Val Loss: 3.6130, Val Acc: 93.75%
2025-04-01 06:57:03,513 - INFO - Class 0 Accuracy: 90.18%
2025-04-01 06:57:03,513 - INFO - Class 1 Accuracy: 97.88%
2025-04-01 06:57:03,513 - INFO - Class 2 Accuracy: 80.34%
2025-04-01 06:57:03,514 - INFO - Class 3 Accuracy: 94.56%
2025-04-01 06:57:03,514 - INFO - Class 4 Accuracy: 99.79%
2025-04-01 06:57:03,611 - INFO - Saved checkpoint at epoch 37
2025-04-01 06:57:03,612 - INFO - Total samples is: <torch.utils.data.dataloader.DataLoader object at 0x0000023230517560>
2025-04-01 07:02:47,174 - INFO - Validation parameter calculation time: 0:00:00.005000
2025-04-01 07:02:47,174 - INFO - 
Epoch 38/200:
2025-04-01 07:02:47,174 - INFO - Train Loss: 0.7572, Train Acc: 98.84%
2025-04-01 07:02:47,174 - INFO - Val Loss: 5.7140, Val Acc: 93.47%
2025-04-01 07:02:47,175 - INFO - Class 0 Accuracy: 95.29%
2025-04-01 07:02:47,175 - INFO - Class 1 Accuracy: 98.98%
2025-04-01 07:02:47,176 - INFO - Class 2 Accuracy: 82.83%
2025-04-01 07:02:47,176 - INFO - Class 3 Accuracy: 87.50%
2025-04-01 07:02:47,176 - INFO - Class 4 Accuracy: 99.84%
2025-04-01 07:02:47,273 - INFO - Saved checkpoint at epoch 38
2025-04-01 07:02:47,274 - INFO - Total samples is: <torch.utils.data.dataloader.DataLoader object at 0x0000023230517560>
2025-04-01 07:08:29,827 - INFO - Validation parameter calculation time: 0:00:00.004508
2025-04-01 07:08:29,827 - INFO - 
Epoch 39/200:
2025-04-01 07:08:29,828 - INFO - Train Loss: 0.7560, Train Acc: 98.87%
2025-04-01 07:08:29,828 - INFO - Val Loss: 7.1833, Val Acc: 94.27%
2025-04-01 07:08:29,828 - INFO - Class 0 Accuracy: 95.32%
2025-04-01 07:08:29,828 - INFO - Class 1 Accuracy: 99.20%
2025-04-01 07:08:29,828 - INFO - Class 2 Accuracy: 84.78%
2025-04-01 07:08:29,830 - INFO - Class 3 Accuracy: 89.09%
2025-04-01 07:08:29,830 - INFO - Class 4 Accuracy: 99.93%
2025-04-01 07:08:29,926 - INFO - Saved checkpoint at epoch 39
2025-04-01 07:08:29,927 - INFO - Total samples is: <torch.utils.data.dataloader.DataLoader object at 0x0000023230517560>
2025-04-01 07:14:13,487 - INFO - Validation parameter calculation time: 0:00:00.004509
2025-04-01 07:14:13,487 - INFO - 
Epoch 40/200:
2025-04-01 07:14:13,488 - INFO - Train Loss: 0.7559, Train Acc: 98.88%
2025-04-01 07:14:13,488 - INFO - Val Loss: 6.0849, Val Acc: 94.21%
2025-04-01 07:14:13,488 - INFO - Class 0 Accuracy: 95.13%
2025-04-01 07:14:13,489 - INFO - Class 1 Accuracy: 99.21%
2025-04-01 07:14:13,489 - INFO - Class 2 Accuracy: 84.85%
2025-04-01 07:14:13,489 - INFO - Class 3 Accuracy: 88.73%
2025-04-01 07:14:13,490 - INFO - Class 4 Accuracy: 99.95%
2025-04-01 07:14:13,585 - INFO - Saved checkpoint at epoch 40
2025-04-01 07:14:13,586 - INFO - Total samples is: <torch.utils.data.dataloader.DataLoader object at 0x0000023230517560>
2025-04-01 07:19:57,146 - INFO - Validation parameter calculation time: 0:00:00.004003
2025-04-01 07:19:57,147 - INFO - 
Epoch 41/200:
2025-04-01 07:19:57,147 - INFO - Train Loss: 0.7548, Train Acc: 98.87%
2025-04-01 07:19:57,147 - INFO - Val Loss: 5.6901, Val Acc: 94.31%
2025-04-01 07:19:57,148 - INFO - Class 0 Accuracy: 95.36%
2025-04-01 07:19:57,148 - INFO - Class 1 Accuracy: 99.24%
2025-04-01 07:19:57,149 - INFO - Class 2 Accuracy: 85.00%
2025-04-01 07:19:57,149 - INFO - Class 3 Accuracy: 89.03%
2025-04-01 07:19:57,149 - INFO - Class 4 Accuracy: 99.89%
2025-04-01 07:19:57,260 - INFO - Saved checkpoint at epoch 41
2025-04-01 07:19:57,262 - INFO - Total samples is: <torch.utils.data.dataloader.DataLoader object at 0x0000023230517560>
2025-04-01 07:25:40,362 - INFO - Validation parameter calculation time: 0:00:00.004518
2025-04-01 07:25:40,362 - INFO - 
Epoch 42/200:
2025-04-01 07:25:40,362 - INFO - Train Loss: 0.7560, Train Acc: 98.88%
2025-04-01 07:25:40,362 - INFO - Val Loss: 7.5679, Val Acc: 94.66%
2025-04-01 07:25:40,363 - INFO - Class 0 Accuracy: 94.93%
2025-04-01 07:25:40,363 - INFO - Class 1 Accuracy: 99.35%
2025-04-01 07:25:40,364 - INFO - Class 2 Accuracy: 86.09%
2025-04-01 07:25:40,364 - INFO - Class 3 Accuracy: 89.57%
2025-04-01 07:25:40,364 - INFO - Class 4 Accuracy: 99.95%
2025-04-01 07:25:40,480 - INFO - Saved checkpoint at epoch 42
2025-04-01 07:25:40,480 - INFO - Total samples is: <torch.utils.data.dataloader.DataLoader object at 0x0000023230517560>
2025-04-01 07:31:24,183 - INFO - Validation parameter calculation time: 0:00:00.004000
2025-04-01 07:31:24,183 - INFO - 
Epoch 43/200:
2025-04-01 07:31:24,183 - INFO - Train Loss: 0.7565, Train Acc: 98.89%
2025-04-01 07:31:24,184 - INFO - Val Loss: 5.7813, Val Acc: 94.44%
2025-04-01 07:31:24,184 - INFO - Class 0 Accuracy: 95.15%
2025-04-01 07:31:24,185 - INFO - Class 1 Accuracy: 99.22%
2025-04-01 07:31:24,185 - INFO - Class 2 Accuracy: 85.39%
2025-04-01 07:31:24,185 - INFO - Class 3 Accuracy: 89.38%
2025-04-01 07:31:24,186 - INFO - Class 4 Accuracy: 99.92%
2025-04-01 07:31:24,297 - INFO - Saved checkpoint at epoch 43
2025-04-01 07:31:24,298 - INFO - Total samples is: <torch.utils.data.dataloader.DataLoader object at 0x0000023230517560>
2025-04-01 07:37:07,968 - INFO - Validation parameter calculation time: 0:00:00.003508
2025-04-01 07:37:07,969 - INFO - 
Epoch 44/200:
2025-04-01 07:37:07,969 - INFO - Train Loss: 0.7562, Train Acc: 98.91%
2025-04-01 07:37:07,969 - INFO - Val Loss: 6.7194, Val Acc: 94.54%
2025-04-01 07:37:07,969 - INFO - Class 0 Accuracy: 95.07%
2025-04-01 07:37:07,971 - INFO - Class 1 Accuracy: 99.31%
2025-04-01 07:37:07,971 - INFO - Class 2 Accuracy: 85.56%
2025-04-01 07:37:07,972 - INFO - Class 3 Accuracy: 89.54%
2025-04-01 07:37:07,972 - INFO - Class 4 Accuracy: 99.94%
2025-04-01 07:37:08,086 - INFO - Saved checkpoint at epoch 44
2025-04-01 07:37:08,088 - INFO - Total samples is: <torch.utils.data.dataloader.DataLoader object at 0x0000023230517560>
2025-04-01 07:42:52,105 - INFO - Validation parameter calculation time: 0:00:00.004506
2025-04-01 07:42:52,105 - INFO - 
Epoch 45/200:
2025-04-01 07:42:52,106 - INFO - Train Loss: 0.7559, Train Acc: 98.89%
2025-04-01 07:42:52,106 - INFO - Val Loss: 7.9295, Val Acc: 94.54%
2025-04-01 07:42:52,106 - INFO - Class 0 Accuracy: 95.30%
2025-04-01 07:42:52,107 - INFO - Class 1 Accuracy: 99.19%
2025-04-01 07:42:52,107 - INFO - Class 2 Accuracy: 85.53%
2025-04-01 07:42:52,108 - INFO - Class 3 Accuracy: 89.72%
2025-04-01 07:42:52,109 - INFO - Class 4 Accuracy: 99.93%
2025-04-01 07:42:52,209 - INFO - Saved checkpoint at epoch 45
2025-04-01 07:42:52,209 - INFO - Total samples is: <torch.utils.data.dataloader.DataLoader object at 0x0000023230517560>
2025-04-01 07:48:35,518 - INFO - Validation parameter calculation time: 0:00:00.004524
2025-04-01 07:48:35,519 - INFO - 
Epoch 46/200:
2025-04-01 07:48:35,519 - INFO - Train Loss: 0.7553, Train Acc: 98.89%
2025-04-01 07:48:35,519 - INFO - Val Loss: 6.6497, Val Acc: 94.15%
2025-04-01 07:48:35,519 - INFO - Class 0 Accuracy: 95.59%
2025-04-01 07:48:35,520 - INFO - Class 1 Accuracy: 99.07%
2025-04-01 07:48:35,520 - INFO - Class 2 Accuracy: 84.25%
2025-04-01 07:48:35,521 - INFO - Class 3 Accuracy: 89.19%
2025-04-01 07:48:35,521 - INFO - Class 4 Accuracy: 99.92%
2025-04-01 07:48:35,619 - INFO - Saved checkpoint at epoch 46
2025-04-01 07:48:35,620 - INFO - Total samples is: <torch.utils.data.dataloader.DataLoader object at 0x0000023230517560>
2025-04-01 07:54:20,117 - INFO - Validation parameter calculation time: 0:00:00.005221
2025-04-01 07:54:20,118 - INFO - 
Epoch 47/200:
2025-04-01 07:54:20,118 - INFO - Train Loss: 0.7549, Train Acc: 98.89%
2025-04-01 07:54:20,118 - INFO - Val Loss: 7.2378, Val Acc: 94.29%
2025-04-01 07:54:20,118 - INFO - Class 0 Accuracy: 95.43%
2025-04-01 07:54:20,118 - INFO - Class 1 Accuracy: 99.09%
2025-04-01 07:54:20,120 - INFO - Class 2 Accuracy: 85.10%
2025-04-01 07:54:20,120 - INFO - Class 3 Accuracy: 89.08%
2025-04-01 07:54:20,120 - INFO - Class 4 Accuracy: 99.90%
2025-04-01 07:54:20,221 - INFO - Saved checkpoint at epoch 47
2025-04-01 07:54:20,222 - INFO - Total samples is: <torch.utils.data.dataloader.DataLoader object at 0x0000023230517560>
2025-04-01 08:00:04,090 - INFO - Validation parameter calculation time: 0:00:00.004089
2025-04-01 08:00:04,090 - INFO - 
Epoch 48/200:
2025-04-01 08:00:04,090 - INFO - Train Loss: 0.7555, Train Acc: 98.90%
2025-04-01 08:00:04,090 - INFO - Val Loss: 7.4569, Val Acc: 94.40%
2025-04-01 08:00:04,090 - INFO - Class 0 Accuracy: 95.44%
2025-04-01 08:00:04,090 - INFO - Class 1 Accuracy: 99.20%
2025-04-01 08:00:04,091 - INFO - Class 2 Accuracy: 85.21%
2025-04-01 08:00:04,091 - INFO - Class 3 Accuracy: 89.31%
2025-04-01 08:00:04,092 - INFO - Class 4 Accuracy: 99.92%
2025-04-01 08:00:04,192 - INFO - Saved checkpoint at epoch 48
2025-04-01 08:00:04,193 - INFO - Total samples is: <torch.utils.data.dataloader.DataLoader object at 0x0000023230517560>
2025-04-01 08:05:48,969 - INFO - Validation parameter calculation time: 0:00:00.004001
2025-04-01 08:05:48,969 - INFO - 
Epoch 49/200:
2025-04-01 08:05:48,969 - INFO - Train Loss: 0.7550, Train Acc: 98.89%
2025-04-01 08:05:48,970 - INFO - Val Loss: 6.7185, Val Acc: 94.43%
2025-04-01 08:05:48,971 - INFO - Class 0 Accuracy: 95.34%
2025-04-01 08:05:48,971 - INFO - Class 1 Accuracy: 99.22%
2025-04-01 08:05:48,971 - INFO - Class 2 Accuracy: 85.20%
2025-04-01 08:05:48,972 - INFO - Class 3 Accuracy: 89.41%
2025-04-01 08:05:48,972 - INFO - Class 4 Accuracy: 99.94%
2025-04-01 08:05:49,069 - INFO - Saved checkpoint at epoch 49
2025-04-01 08:05:49,070 - INFO - Total samples is: <torch.utils.data.dataloader.DataLoader object at 0x0000023230517560>
2025-04-01 08:11:32,544 - INFO - Validation parameter calculation time: 0:00:00.005012
2025-04-01 08:11:32,544 - INFO - 
Epoch 50/200:
2025-04-01 08:11:32,544 - INFO - Train Loss: 0.7557, Train Acc: 98.90%
2025-04-01 08:11:32,544 - INFO - Val Loss: 6.3743, Val Acc: 94.22%
2025-04-01 08:11:32,545 - INFO - Class 0 Accuracy: 95.35%
2025-04-01 08:11:32,545 - INFO - Class 1 Accuracy: 99.08%
2025-04-01 08:11:32,546 - INFO - Class 2 Accuracy: 84.92%
2025-04-01 08:11:32,546 - INFO - Class 3 Accuracy: 88.90%
2025-04-01 08:11:32,546 - INFO - Class 4 Accuracy: 99.93%
2025-04-01 08:11:32,643 - INFO - Saved checkpoint at epoch 50
2025-04-01 08:11:32,643 - INFO - Total samples is: <torch.utils.data.dataloader.DataLoader object at 0x0000023230517560>
2025-04-01 08:17:16,992 - INFO - Validation parameter calculation time: 0:00:00.005517
2025-04-01 08:17:16,992 - INFO - 
Epoch 51/200:
2025-04-01 08:17:16,992 - INFO - Train Loss: 0.7561, Train Acc: 98.90%
2025-04-01 08:17:16,992 - INFO - Val Loss: 4.9673, Val Acc: 93.52%
2025-04-01 08:17:16,993 - INFO - Class 0 Accuracy: 95.64%
2025-04-01 08:17:16,993 - INFO - Class 1 Accuracy: 98.74%
2025-04-01 08:17:16,993 - INFO - Class 2 Accuracy: 83.58%
2025-04-01 08:17:16,993 - INFO - Class 3 Accuracy: 87.33%
2025-04-01 08:17:16,993 - INFO - Class 4 Accuracy: 99.85%
2025-04-01 08:17:17,091 - INFO - Saved checkpoint at epoch 51
2025-04-01 08:17:17,092 - INFO - Total samples is: <torch.utils.data.dataloader.DataLoader object at 0x0000023230517560>
2025-04-01 08:23:01,072 - INFO - Validation parameter calculation time: 0:00:00.004513
2025-04-01 08:23:01,072 - INFO - 
Epoch 52/200:
2025-04-01 08:23:01,072 - INFO - Train Loss: 0.7550, Train Acc: 98.90%
2025-04-01 08:23:01,072 - INFO - Val Loss: 7.8782, Val Acc: 94.09%
2025-04-01 08:23:01,074 - INFO - Class 0 Accuracy: 95.38%
2025-04-01 08:23:01,074 - INFO - Class 1 Accuracy: 99.10%
2025-04-01 08:23:01,075 - INFO - Class 2 Accuracy: 84.37%
2025-04-01 08:23:01,075 - INFO - Class 3 Accuracy: 88.75%
2025-04-01 08:23:01,075 - INFO - Class 4 Accuracy: 99.92%
2025-04-01 08:23:01,195 - INFO - Saved checkpoint at epoch 52
2025-04-01 08:23:01,198 - INFO - Total samples is: <torch.utils.data.dataloader.DataLoader object at 0x0000023230517560>
2025-04-01 08:28:44,404 - INFO - Validation parameter calculation time: 0:00:00.004504
2025-04-01 08:28:44,404 - INFO - 
Epoch 53/200:
2025-04-01 08:28:44,404 - INFO - Train Loss: 0.7570, Train Acc: 98.91%
2025-04-01 08:28:44,404 - INFO - Val Loss: 4.3100, Val Acc: 94.07%
2025-04-01 08:28:44,405 - INFO - Class 0 Accuracy: 95.38%
2025-04-01 08:28:44,406 - INFO - Class 1 Accuracy: 99.05%
2025-04-01 08:28:44,406 - INFO - Class 2 Accuracy: 84.82%
2025-04-01 08:28:44,406 - INFO - Class 3 Accuracy: 88.37%
2025-04-01 08:28:44,407 - INFO - Class 4 Accuracy: 99.85%
2025-04-01 08:28:44,503 - INFO - Saved checkpoint at epoch 53
2025-04-01 08:28:44,503 - INFO - Total samples is: <torch.utils.data.dataloader.DataLoader object at 0x0000023230517560>
2025-04-01 08:34:27,465 - INFO - Validation parameter calculation time: 0:00:00.005004
2025-04-01 08:34:27,465 - INFO - 
Epoch 54/200:
2025-04-01 08:34:27,465 - INFO - Train Loss: 0.7550, Train Acc: 98.90%
2025-04-01 08:34:27,465 - INFO - Val Loss: 6.9500, Val Acc: 94.14%
2025-04-01 08:34:27,465 - INFO - Class 0 Accuracy: 95.39%
2025-04-01 08:34:27,466 - INFO - Class 1 Accuracy: 99.11%
2025-04-01 08:34:27,466 - INFO - Class 2 Accuracy: 84.47%
2025-04-01 08:34:27,467 - INFO - Class 3 Accuracy: 88.88%
2025-04-01 08:34:27,467 - INFO - Class 4 Accuracy: 99.92%
2025-04-01 08:34:27,566 - INFO - Saved checkpoint at epoch 54
2025-04-01 08:34:27,566 - INFO - Total samples is: <torch.utils.data.dataloader.DataLoader object at 0x0000023230517560>
2025-04-01 08:40:11,453 - INFO - Validation parameter calculation time: 0:00:00.005008
2025-04-01 08:40:11,454 - INFO - 
Epoch 55/200:
2025-04-01 08:40:11,454 - INFO - Train Loss: 0.7547, Train Acc: 98.90%
2025-04-01 08:40:11,454 - INFO - Val Loss: 6.2555, Val Acc: 93.86%
2025-04-01 08:40:11,455 - INFO - Class 0 Accuracy: 95.30%
2025-04-01 08:40:11,455 - INFO - Class 1 Accuracy: 99.10%
2025-04-01 08:40:11,455 - INFO - Class 2 Accuracy: 83.93%
2025-04-01 08:40:11,455 - INFO - Class 3 Accuracy: 88.08%
2025-04-01 08:40:11,456 - INFO - Class 4 Accuracy: 99.91%
2025-04-01 08:40:11,559 - INFO - Saved checkpoint at epoch 55
2025-04-01 08:40:11,560 - INFO - Total samples is: <torch.utils.data.dataloader.DataLoader object at 0x0000023230517560>
2025-04-01 08:45:54,743 - INFO - Validation parameter calculation time: 0:00:00.003702
2025-04-01 08:45:54,744 - INFO - 
Epoch 56/200:
2025-04-01 08:45:54,744 - INFO - Train Loss: 0.7551, Train Acc: 98.90%
2025-04-01 08:45:54,744 - INFO - Val Loss: 8.6373, Val Acc: 94.19%
2025-04-01 08:45:54,745 - INFO - Class 0 Accuracy: 95.49%
2025-04-01 08:45:54,745 - INFO - Class 1 Accuracy: 99.10%
2025-04-01 08:45:54,745 - INFO - Class 2 Accuracy: 84.42%
2025-04-01 08:45:54,746 - INFO - Class 3 Accuracy: 89.17%
2025-04-01 08:45:54,746 - INFO - Class 4 Accuracy: 99.94%
2025-04-01 08:45:54,861 - INFO - Saved checkpoint at epoch 56
2025-04-01 08:45:54,862 - INFO - Total samples is: <torch.utils.data.dataloader.DataLoader object at 0x0000023230517560>
2025-04-01 08:51:38,955 - INFO - Validation parameter calculation time: 0:00:00.004507
2025-04-01 08:51:38,955 - INFO - 
Epoch 57/200:
2025-04-01 08:51:38,955 - INFO - Train Loss: 0.7555, Train Acc: 98.89%
2025-04-01 08:51:38,956 - INFO - Val Loss: 6.3455, Val Acc: 93.85%
2025-04-01 08:51:38,956 - INFO - Class 0 Accuracy: 95.68%
2025-04-01 08:51:38,956 - INFO - Class 1 Accuracy: 98.78%
2025-04-01 08:51:38,956 - INFO - Class 2 Accuracy: 83.99%
2025-04-01 08:51:38,958 - INFO - Class 3 Accuracy: 88.43%
2025-04-01 08:51:38,958 - INFO - Class 4 Accuracy: 99.90%
2025-04-01 08:51:39,055 - INFO - Saved checkpoint at epoch 57
2025-04-01 08:51:39,055 - INFO - Total samples is: <torch.utils.data.dataloader.DataLoader object at 0x0000023230517560>
2025-04-01 08:57:22,591 - INFO - Validation parameter calculation time: 0:00:00.004519
2025-04-01 08:57:22,591 - INFO - 
Epoch 58/200:
2025-04-01 08:57:22,591 - INFO - Train Loss: 0.7556, Train Acc: 98.90%
2025-04-01 08:57:22,591 - INFO - Val Loss: 7.0256, Val Acc: 92.53%
2025-04-01 08:57:22,593 - INFO - Class 0 Accuracy: 95.83%
2025-04-01 08:57:22,593 - INFO - Class 1 Accuracy: 98.29%
2025-04-01 08:57:22,594 - INFO - Class 2 Accuracy: 81.04%
2025-04-01 08:57:22,594 - INFO - Class 3 Accuracy: 85.69%
2025-04-01 08:57:22,595 - INFO - Class 4 Accuracy: 99.76%
2025-04-01 08:57:22,694 - INFO - Saved checkpoint at epoch 58
2025-04-01 08:57:22,695 - INFO - Total samples is: <torch.utils.data.dataloader.DataLoader object at 0x0000023230517560>
2025-04-01 09:03:06,782 - INFO - Validation parameter calculation time: 0:00:00.004503
2025-04-01 09:03:06,782 - INFO - 
Epoch 59/200:
2025-04-01 09:03:06,782 - INFO - Train Loss: 0.7557, Train Acc: 98.90%
2025-04-01 09:03:06,782 - INFO - Val Loss: 7.6845, Val Acc: 94.15%
2025-04-01 09:03:06,783 - INFO - Class 0 Accuracy: 95.49%
2025-04-01 09:03:06,783 - INFO - Class 1 Accuracy: 99.13%
2025-04-01 09:03:06,783 - INFO - Class 2 Accuracy: 84.25%
2025-04-01 09:03:06,783 - INFO - Class 3 Accuracy: 89.13%
2025-04-01 09:03:06,784 - INFO - Class 4 Accuracy: 99.92%
2025-04-01 09:03:06,879 - INFO - Saved checkpoint at epoch 59
2025-04-01 09:03:06,880 - INFO - Total samples is: <torch.utils.data.dataloader.DataLoader object at 0x0000023230517560>
2025-04-01 09:08:50,458 - INFO - Validation parameter calculation time: 0:00:00.003999
2025-04-01 09:08:50,458 - INFO - 
Epoch 60/200:
2025-04-01 09:08:50,458 - INFO - Train Loss: 0.7552, Train Acc: 98.89%
2025-04-01 09:08:50,459 - INFO - Val Loss: 6.3867, Val Acc: 94.07%
2025-04-01 09:08:50,459 - INFO - Class 0 Accuracy: 95.36%
2025-04-01 09:08:50,460 - INFO - Class 1 Accuracy: 99.02%
2025-04-01 09:08:50,460 - INFO - Class 2 Accuracy: 84.66%
2025-04-01 09:08:50,460 - INFO - Class 3 Accuracy: 88.54%
2025-04-01 09:08:50,461 - INFO - Class 4 Accuracy: 99.89%
2025-04-01 09:08:50,560 - INFO - Saved checkpoint at epoch 60
2025-04-01 09:08:50,560 - INFO - Total samples is: <torch.utils.data.dataloader.DataLoader object at 0x0000023230517560>
2025-04-01 09:14:34,912 - INFO - Validation parameter calculation time: 0:00:00.004999
2025-04-01 09:14:34,912 - INFO - 
Epoch 61/200:
2025-04-01 09:14:34,912 - INFO - Train Loss: 0.7564, Train Acc: 98.90%
2025-04-01 09:14:34,912 - INFO - Val Loss: 6.8667, Val Acc: 94.23%
2025-04-01 09:14:34,913 - INFO - Class 0 Accuracy: 95.39%
2025-04-01 09:14:34,913 - INFO - Class 1 Accuracy: 99.14%
2025-04-01 09:14:34,914 - INFO - Class 2 Accuracy: 84.75%
2025-04-01 09:14:34,914 - INFO - Class 3 Accuracy: 89.04%
2025-04-01 09:14:34,915 - INFO - Class 4 Accuracy: 99.90%
2025-04-01 09:14:35,015 - INFO - Saved checkpoint at epoch 61
2025-04-01 09:14:35,016 - INFO - Total samples is: <torch.utils.data.dataloader.DataLoader object at 0x0000023230517560>
2025-04-01 09:20:18,280 - INFO - Validation parameter calculation time: 0:00:00.004512
2025-04-01 09:20:18,281 - INFO - 
Epoch 62/200:
2025-04-01 09:20:18,281 - INFO - Train Loss: 0.7564, Train Acc: 98.91%
2025-04-01 09:20:18,281 - INFO - Val Loss: 5.4669, Val Acc: 94.01%
2025-04-01 09:20:18,282 - INFO - Class 0 Accuracy: 95.37%
2025-04-01 09:20:18,282 - INFO - Class 1 Accuracy: 99.09%
2025-04-01 09:20:18,282 - INFO - Class 2 Accuracy: 84.48%
2025-04-01 09:20:18,283 - INFO - Class 3 Accuracy: 88.31%
2025-04-01 09:20:18,283 - INFO - Class 4 Accuracy: 99.89%
2025-04-01 09:20:18,380 - INFO - Saved checkpoint at epoch 62
2025-04-01 09:20:18,381 - INFO - Total samples is: <torch.utils.data.dataloader.DataLoader object at 0x0000023230517560>
2025-04-01 09:26:02,259 - INFO - Validation parameter calculation time: 0:00:00.004005
2025-04-01 09:26:02,260 - INFO - 
Epoch 63/200:
2025-04-01 09:26:02,260 - INFO - Train Loss: 0.7562, Train Acc: 98.90%
2025-04-01 09:26:02,260 - INFO - Val Loss: 8.4131, Val Acc: 94.25%
2025-04-01 09:26:02,260 - INFO - Class 0 Accuracy: 95.34%
2025-04-01 09:26:02,260 - INFO - Class 1 Accuracy: 99.10%
2025-04-01 09:26:02,261 - INFO - Class 2 Accuracy: 84.80%
2025-04-01 09:26:02,261 - INFO - Class 3 Accuracy: 89.11%
2025-04-01 09:26:02,261 - INFO - Class 4 Accuracy: 99.94%
2025-04-01 09:26:02,359 - INFO - Saved checkpoint at epoch 63
2025-04-01 09:26:02,360 - INFO - Total samples is: <torch.utils.data.dataloader.DataLoader object at 0x0000023230517560>
2025-04-01 09:31:46,216 - INFO - Validation parameter calculation time: 0:00:00.004005
2025-04-01 09:31:46,216 - INFO - 
Epoch 64/200:
2025-04-01 09:31:46,216 - INFO - Train Loss: 0.7557, Train Acc: 98.90%
2025-04-01 09:31:46,218 - INFO - Val Loss: 5.6646, Val Acc: 93.94%
2025-04-01 09:31:46,218 - INFO - Class 0 Accuracy: 95.39%
2025-04-01 09:31:46,218 - INFO - Class 1 Accuracy: 99.03%
2025-04-01 09:31:46,219 - INFO - Class 2 Accuracy: 84.30%
2025-04-01 09:31:46,219 - INFO - Class 3 Accuracy: 88.20%
2025-04-01 09:31:46,219 - INFO - Class 4 Accuracy: 99.92%
2025-04-01 09:31:46,315 - INFO - Saved checkpoint at epoch 64
2025-04-01 09:31:46,316 - INFO - Total samples is: <torch.utils.data.dataloader.DataLoader object at 0x0000023230517560>
2025-04-01 09:37:30,785 - INFO - Validation parameter calculation time: 0:00:00.004524
2025-04-01 09:37:30,785 - INFO - 
Epoch 65/200:
2025-04-01 09:37:30,785 - INFO - Train Loss: 0.7558, Train Acc: 98.90%
2025-04-01 09:37:30,785 - INFO - Val Loss: 5.4900, Val Acc: 94.24%
2025-04-01 09:37:30,786 - INFO - Class 0 Accuracy: 95.20%
2025-04-01 09:37:30,786 - INFO - Class 1 Accuracy: 99.24%
2025-04-01 09:37:30,787 - INFO - Class 2 Accuracy: 84.90%
2025-04-01 09:37:30,787 - INFO - Class 3 Accuracy: 88.80%
2025-04-01 09:37:30,788 - INFO - Class 4 Accuracy: 99.92%
2025-04-01 09:37:30,885 - INFO - Saved checkpoint at epoch 65
2025-04-01 09:37:30,886 - INFO - Total samples is: <torch.utils.data.dataloader.DataLoader object at 0x0000023230517560>
2025-04-01 09:43:12,608 - INFO - Validation parameter calculation time: 0:00:00.005023
2025-04-01 09:43:12,608 - INFO - 
Epoch 66/200:
2025-04-01 09:43:12,608 - INFO - Train Loss: 0.7556, Train Acc: 98.90%
2025-04-01 09:43:12,608 - INFO - Val Loss: 5.0296, Val Acc: 94.20%
2025-04-01 09:43:12,609 - INFO - Class 0 Accuracy: 95.26%
2025-04-01 09:43:12,609 - INFO - Class 1 Accuracy: 99.11%
2025-04-01 09:43:12,609 - INFO - Class 2 Accuracy: 84.83%
2025-04-01 09:43:12,610 - INFO - Class 3 Accuracy: 88.84%
2025-04-01 09:43:12,610 - INFO - Class 4 Accuracy: 99.95%
2025-04-01 09:43:12,705 - INFO - Saved checkpoint at epoch 66
2025-04-01 09:43:12,706 - INFO - Total samples is: <torch.utils.data.dataloader.DataLoader object at 0x0000023230517560>
2025-04-01 09:48:56,851 - INFO - Validation parameter calculation time: 0:00:00.004036
2025-04-01 09:48:56,851 - INFO - 
Epoch 67/200:
2025-04-01 09:48:56,852 - INFO - Train Loss: 0.7563, Train Acc: 98.91%
2025-04-01 09:48:56,852 - INFO - Val Loss: 5.4033, Val Acc: 94.37%
2025-04-01 09:48:56,852 - INFO - Class 0 Accuracy: 95.21%
2025-04-01 09:48:56,853 - INFO - Class 1 Accuracy: 99.21%
2025-04-01 09:48:56,853 - INFO - Class 2 Accuracy: 85.41%
2025-04-01 09:48:56,854 - INFO - Class 3 Accuracy: 88.99%
2025-04-01 09:48:56,854 - INFO - Class 4 Accuracy: 99.92%
2025-04-01 09:48:56,956 - INFO - Saved checkpoint at epoch 67
2025-04-01 09:48:56,959 - INFO - Total samples is: <torch.utils.data.dataloader.DataLoader object at 0x0000023230517560>
2025-04-01 09:54:40,334 - INFO - Validation parameter calculation time: 0:00:00.003999
2025-04-01 09:54:40,335 - INFO - 
Epoch 68/200:
2025-04-01 09:54:40,335 - INFO - Train Loss: 0.7556, Train Acc: 98.90%
2025-04-01 09:54:40,335 - INFO - Val Loss: 5.5496, Val Acc: 93.67%
2025-04-01 09:54:40,335 - INFO - Class 0 Accuracy: 95.39%
2025-04-01 09:54:40,335 - INFO - Class 1 Accuracy: 99.04%
2025-04-01 09:54:40,336 - INFO - Class 2 Accuracy: 83.26%
2025-04-01 09:54:40,336 - INFO - Class 3 Accuracy: 87.83%
2025-04-01 09:54:40,337 - INFO - Class 4 Accuracy: 99.94%
2025-04-01 09:54:40,434 - INFO - Saved checkpoint at epoch 68
2025-04-01 09:54:40,435 - INFO - Total samples is: <torch.utils.data.dataloader.DataLoader object at 0x0000023230517560>
2025-04-01 10:00:23,489 - INFO - Validation parameter calculation time: 0:00:00.005001
2025-04-01 10:00:23,489 - INFO - 
Epoch 69/200:
2025-04-01 10:00:23,489 - INFO - Train Loss: 0.7578, Train Acc: 98.90%
2025-04-01 10:00:23,489 - INFO - Val Loss: 7.9019, Val Acc: 93.96%
2025-04-01 10:00:23,490 - INFO - Class 0 Accuracy: 95.36%
2025-04-01 10:00:23,490 - INFO - Class 1 Accuracy: 99.06%
2025-04-01 10:00:23,491 - INFO - Class 2 Accuracy: 84.21%
2025-04-01 10:00:23,491 - INFO - Class 3 Accuracy: 88.31%
2025-04-01 10:00:23,491 - INFO - Class 4 Accuracy: 99.93%
2025-04-01 10:00:23,593 - INFO - Saved checkpoint at epoch 69
2025-04-01 10:00:23,595 - INFO - Total samples is: <torch.utils.data.dataloader.DataLoader object at 0x0000023230517560>
2025-04-01 10:06:07,135 - INFO - Validation parameter calculation time: 0:00:00.003507
2025-04-01 10:06:07,135 - INFO - 
Epoch 70/200:
2025-04-01 10:06:07,135 - INFO - Train Loss: 0.7557, Train Acc: 98.90%
2025-04-01 10:06:07,137 - INFO - Val Loss: 5.5423, Val Acc: 93.89%
2025-04-01 10:06:07,137 - INFO - Class 0 Accuracy: 95.22%
2025-04-01 10:06:07,137 - INFO - Class 1 Accuracy: 99.05%
2025-04-01 10:06:07,137 - INFO - Class 2 Accuracy: 84.23%
2025-04-01 10:06:07,138 - INFO - Class 3 Accuracy: 88.02%
2025-04-01 10:06:07,138 - INFO - Class 4 Accuracy: 99.91%
2025-04-01 10:06:07,236 - INFO - Saved checkpoint at epoch 70
2025-04-01 10:06:07,238 - INFO - Total samples is: <torch.utils.data.dataloader.DataLoader object at 0x0000023230517560>
2025-04-01 10:11:50,298 - INFO - Validation parameter calculation time: 0:00:00.004517
2025-04-01 10:11:50,298 - INFO - 
Epoch 71/200:
2025-04-01 10:11:50,298 - INFO - Train Loss: 0.7559, Train Acc: 98.90%
2025-04-01 10:11:50,298 - INFO - Val Loss: 6.1491, Val Acc: 94.17%
2025-04-01 10:11:50,298 - INFO - Class 0 Accuracy: 95.30%
2025-04-01 10:11:50,300 - INFO - Class 1 Accuracy: 99.15%
2025-04-01 10:11:50,300 - INFO - Class 2 Accuracy: 84.91%
2025-04-01 10:11:50,301 - INFO - Class 3 Accuracy: 88.60%
2025-04-01 10:11:50,301 - INFO - Class 4 Accuracy: 99.90%
2025-04-01 10:11:50,403 - INFO - Saved checkpoint at epoch 71
2025-04-01 10:11:50,404 - INFO - Total samples is: <torch.utils.data.dataloader.DataLoader object at 0x0000023230517560>
2025-04-01 10:17:33,895 - INFO - Validation parameter calculation time: 0:00:00.005021
2025-04-01 10:17:33,895 - INFO - 
Epoch 72/200:
2025-04-01 10:17:33,895 - INFO - Train Loss: 0.7563, Train Acc: 98.90%
2025-04-01 10:17:33,895 - INFO - Val Loss: 5.4021, Val Acc: 94.65%
2025-04-01 10:17:33,896 - INFO - Class 0 Accuracy: 95.09%
2025-04-01 10:17:33,896 - INFO - Class 1 Accuracy: 99.29%
2025-04-01 10:17:33,896 - INFO - Class 2 Accuracy: 86.24%
2025-04-01 10:17:33,896 - INFO - Class 3 Accuracy: 89.42%
2025-04-01 10:17:33,897 - INFO - Class 4 Accuracy: 99.93%
2025-04-01 10:17:33,994 - INFO - Saved checkpoint at epoch 72
2025-04-01 10:17:33,995 - INFO - Total samples is: <torch.utils.data.dataloader.DataLoader object at 0x0000023230517560>
2025-04-01 10:23:16,185 - INFO - Validation parameter calculation time: 0:00:00.003999
2025-04-01 10:23:16,185 - INFO - 
Epoch 73/200:
2025-04-01 10:23:16,185 - INFO - Train Loss: 0.7566, Train Acc: 98.91%
2025-04-01 10:23:16,185 - INFO - Val Loss: 4.2398, Val Acc: 94.23%
2025-04-01 10:23:16,186 - INFO - Class 0 Accuracy: 95.13%
2025-04-01 10:23:16,186 - INFO - Class 1 Accuracy: 99.19%
2025-04-01 10:23:16,187 - INFO - Class 2 Accuracy: 85.29%
2025-04-01 10:23:16,187 - INFO - Class 3 Accuracy: 88.47%
2025-04-01 10:23:16,188 - INFO - Class 4 Accuracy: 99.91%
2025-04-01 10:23:16,304 - INFO - Saved checkpoint at epoch 73
2025-04-01 10:23:16,305 - INFO - Total samples is: <torch.utils.data.dataloader.DataLoader object at 0x0000023230517560>
2025-04-01 10:28:59,675 - INFO - Validation parameter calculation time: 0:00:00.003999
2025-04-01 10:28:59,676 - INFO - 
Epoch 74/200:
2025-04-01 10:28:59,676 - INFO - Train Loss: 0.7554, Train Acc: 98.89%
2025-04-01 10:28:59,676 - INFO - Val Loss: 4.7749, Val Acc: 94.34%
2025-04-01 10:28:59,677 - INFO - Class 0 Accuracy: 95.21%
2025-04-01 10:28:59,677 - INFO - Class 1 Accuracy: 99.17%
2025-04-01 10:28:59,677 - INFO - Class 2 Accuracy: 85.12%
2025-04-01 10:28:59,677 - INFO - Class 3 Accuracy: 89.15%
2025-04-01 10:28:59,677 - INFO - Class 4 Accuracy: 99.94%
2025-04-01 10:28:59,788 - INFO - Saved checkpoint at epoch 74
2025-04-01 10:28:59,789 - INFO - Total samples is: <torch.utils.data.dataloader.DataLoader object at 0x0000023230517560>
2025-04-01 10:34:44,361 - INFO - Validation parameter calculation time: 0:00:00.004965
2025-04-01 10:34:44,362 - INFO - 
Epoch 75/200:
2025-04-01 10:34:44,362 - INFO - Train Loss: 0.7549, Train Acc: 98.90%
2025-04-01 10:34:44,362 - INFO - Val Loss: 8.1286, Val Acc: 94.56%
2025-04-01 10:34:44,363 - INFO - Class 0 Accuracy: 95.19%
2025-04-01 10:34:44,363 - INFO - Class 1 Accuracy: 99.33%
2025-04-01 10:34:44,363 - INFO - Class 2 Accuracy: 85.46%
2025-04-01 10:34:44,363 - INFO - Class 3 Accuracy: 89.67%
2025-04-01 10:34:44,365 - INFO - Class 4 Accuracy: 99.94%
2025-04-01 10:34:44,461 - INFO - Saved checkpoint at epoch 75
2025-04-01 10:34:44,463 - INFO - Total samples is: <torch.utils.data.dataloader.DataLoader object at 0x0000023230517560>
2025-04-01 10:40:28,393 - INFO - Validation parameter calculation time: 0:00:00.005003
2025-04-01 10:40:28,393 - INFO - 
Epoch 76/200:
2025-04-01 10:40:28,394 - INFO - Train Loss: 0.7556, Train Acc: 98.90%
2025-04-01 10:40:28,394 - INFO - Val Loss: 7.0368, Val Acc: 93.32%
2025-04-01 10:40:28,394 - INFO - Class 0 Accuracy: 95.60%
2025-04-01 10:40:28,395 - INFO - Class 1 Accuracy: 98.60%
2025-04-01 10:40:28,395 - INFO - Class 2 Accuracy: 83.06%
2025-04-01 10:40:28,395 - INFO - Class 3 Accuracy: 87.07%
2025-04-01 10:40:28,395 - INFO - Class 4 Accuracy: 99.85%
2025-04-01 10:40:28,499 - INFO - Saved checkpoint at epoch 76
2025-04-01 10:40:28,500 - INFO - Total samples is: <torch.utils.data.dataloader.DataLoader object at 0x0000023230517560>
2025-04-01 10:46:12,018 - INFO - Validation parameter calculation time: 0:00:00.005511
2025-04-01 10:46:12,018 - INFO - 
Epoch 77/200:
2025-04-01 10:46:12,018 - INFO - Train Loss: 0.7565, Train Acc: 98.90%
2025-04-01 10:46:12,018 - INFO - Val Loss: 6.9451, Val Acc: 94.42%
2025-04-01 10:46:12,019 - INFO - Class 0 Accuracy: 95.38%
2025-04-01 10:46:12,019 - INFO - Class 1 Accuracy: 99.19%
2025-04-01 10:46:12,020 - INFO - Class 2 Accuracy: 85.17%
2025-04-01 10:46:12,020 - INFO - Class 3 Accuracy: 89.47%
2025-04-01 10:46:12,020 - INFO - Class 4 Accuracy: 99.93%
2025-04-01 10:46:12,118 - INFO - Saved checkpoint at epoch 77
2025-04-01 10:46:12,118 - INFO - Total samples is: <torch.utils.data.dataloader.DataLoader object at 0x0000023230517560>
2025-04-01 10:51:55,390 - INFO - Validation parameter calculation time: 0:00:00.004506
2025-04-01 10:51:55,391 - INFO - 
Epoch 78/200:
2025-04-01 10:51:55,391 - INFO - Train Loss: 0.7563, Train Acc: 98.89%
2025-04-01 10:51:55,391 - INFO - Val Loss: 4.1781, Val Acc: 93.70%
2025-04-01 10:51:55,391 - INFO - Class 0 Accuracy: 95.10%
2025-04-01 10:51:55,391 - INFO - Class 1 Accuracy: 99.18%
2025-04-01 10:51:55,392 - INFO - Class 2 Accuracy: 83.76%
2025-04-01 10:51:55,392 - INFO - Class 3 Accuracy: 87.33%
2025-04-01 10:51:55,392 - INFO - Class 4 Accuracy: 99.93%
2025-04-01 10:51:55,488 - INFO - Saved checkpoint at epoch 78
2025-04-01 10:51:55,489 - INFO - Total samples is: <torch.utils.data.dataloader.DataLoader object at 0x0000023230517560>
2025-04-01 10:57:38,406 - INFO - Validation parameter calculation time: 0:00:00.004024
2025-04-01 10:57:38,406 - INFO - 
Epoch 79/200:
2025-04-01 10:57:38,406 - INFO - Train Loss: 0.7561, Train Acc: 98.90%
2025-04-01 10:57:38,407 - INFO - Val Loss: 5.5503, Val Acc: 94.16%
2025-04-01 10:57:38,407 - INFO - Class 0 Accuracy: 95.01%
2025-04-01 10:57:38,408 - INFO - Class 1 Accuracy: 99.13%
2025-04-01 10:57:38,408 - INFO - Class 2 Accuracy: 85.19%
2025-04-01 10:57:38,408 - INFO - Class 3 Accuracy: 88.32%
2025-04-01 10:57:38,409 - INFO - Class 4 Accuracy: 99.93%
2025-04-01 10:57:38,505 - INFO - Saved checkpoint at epoch 79
2025-04-01 10:57:38,505 - INFO - Total samples is: <torch.utils.data.dataloader.DataLoader object at 0x0000023230517560>
2025-04-01 11:03:21,741 - INFO - Validation parameter calculation time: 0:00:00.005002
2025-04-01 11:03:21,741 - INFO - 
Epoch 80/200:
2025-04-01 11:03:21,741 - INFO - Train Loss: 0.7558, Train Acc: 98.90%
2025-04-01 11:03:21,741 - INFO - Val Loss: 8.9120, Val Acc: 94.45%
2025-04-01 11:03:21,742 - INFO - Class 0 Accuracy: 95.23%
2025-04-01 11:03:21,742 - INFO - Class 1 Accuracy: 99.32%
2025-04-01 11:03:21,743 - INFO - Class 2 Accuracy: 84.93%
2025-04-01 11:03:21,743 - INFO - Class 3 Accuracy: 89.66%
2025-04-01 11:03:21,744 - INFO - Class 4 Accuracy: 99.94%
2025-04-01 11:03:21,841 - INFO - Saved checkpoint at epoch 80
2025-04-01 11:03:21,841 - INFO - Total samples is: <torch.utils.data.dataloader.DataLoader object at 0x0000023230517560>
2025-04-01 11:09:04,831 - INFO - Validation parameter calculation time: 0:00:00.005004
2025-04-01 11:09:04,831 - INFO - 
Epoch 81/200:
2025-04-01 11:09:04,831 - INFO - Train Loss: 0.7566, Train Acc: 98.91%
2025-04-01 11:09:04,831 - INFO - Val Loss: 8.8920, Val Acc: 94.37%
2025-04-01 11:09:04,832 - INFO - Class 0 Accuracy: 95.03%
2025-04-01 11:09:04,833 - INFO - Class 1 Accuracy: 99.18%
2025-04-01 11:09:04,833 - INFO - Class 2 Accuracy: 85.49%
2025-04-01 11:09:04,833 - INFO - Class 3 Accuracy: 88.96%
2025-04-01 11:09:04,834 - INFO - Class 4 Accuracy: 99.93%
2025-04-01 11:09:04,930 - INFO - Saved checkpoint at epoch 81
2025-04-01 11:09:04,931 - INFO - Total samples is: <torch.utils.data.dataloader.DataLoader object at 0x0000023230517560>
2025-04-01 11:14:49,070 - INFO - Validation parameter calculation time: 0:00:00.003998
2025-04-01 11:14:49,071 - INFO - 
Epoch 82/200:
2025-04-01 11:14:49,071 - INFO - Train Loss: 0.7549, Train Acc: 98.90%
2025-04-01 11:14:49,071 - INFO - Val Loss: 6.3709, Val Acc: 94.13%
2025-04-01 11:14:49,071 - INFO - Class 0 Accuracy: 95.49%
2025-04-01 11:14:49,072 - INFO - Class 1 Accuracy: 99.01%
2025-04-01 11:14:49,072 - INFO - Class 2 Accuracy: 84.77%
2025-04-01 11:14:49,072 - INFO - Class 3 Accuracy: 88.70%
2025-04-01 11:14:49,073 - INFO - Class 4 Accuracy: 99.90%
2025-04-01 11:14:49,175 - INFO - Saved checkpoint at epoch 82
2025-04-01 11:14:49,177 - INFO - Total samples is: <torch.utils.data.dataloader.DataLoader object at 0x0000023230517560>
2025-04-01 11:20:32,695 - INFO - Validation parameter calculation time: 0:00:00.004298
2025-04-01 11:20:32,696 - INFO - 
Epoch 83/200:
2025-04-01 11:20:32,696 - INFO - Train Loss: 0.7562, Train Acc: 98.90%
2025-04-01 11:20:32,696 - INFO - Val Loss: 6.5764, Val Acc: 94.14%
2025-04-01 11:20:32,697 - INFO - Class 0 Accuracy: 95.49%
2025-04-01 11:20:32,697 - INFO - Class 1 Accuracy: 99.03%
2025-04-01 11:20:32,697 - INFO - Class 2 Accuracy: 84.57%
2025-04-01 11:20:32,698 - INFO - Class 3 Accuracy: 88.89%
2025-04-01 11:20:32,698 - INFO - Class 4 Accuracy: 99.91%
2025-04-01 11:20:32,796 - INFO - Saved checkpoint at epoch 83
2025-04-01 11:20:32,797 - INFO - Total samples is: <torch.utils.data.dataloader.DataLoader object at 0x0000023230517560>
2025-04-01 11:26:16,312 - INFO - Validation parameter calculation time: 0:00:00.002998
2025-04-01 11:26:16,312 - INFO - 
Epoch 84/200:
2025-04-01 11:26:16,314 - INFO - Train Loss: 0.7558, Train Acc: 98.90%
2025-04-01 11:26:16,314 - INFO - Val Loss: 6.8215, Val Acc: 94.13%
2025-04-01 11:26:16,314 - INFO - Class 0 Accuracy: 95.47%
2025-04-01 11:26:16,315 - INFO - Class 1 Accuracy: 99.10%
2025-04-01 11:26:16,315 - INFO - Class 2 Accuracy: 84.57%
2025-04-01 11:26:16,316 - INFO - Class 3 Accuracy: 88.73%
2025-04-01 11:26:16,316 - INFO - Class 4 Accuracy: 99.91%
2025-04-01 11:26:16,418 - INFO - Saved checkpoint at epoch 84
2025-04-01 11:26:16,419 - INFO - Total samples is: <torch.utils.data.dataloader.DataLoader object at 0x0000023230517560>
2025-04-01 11:32:00,555 - INFO - Validation parameter calculation time: 0:00:00.003998
2025-04-01 11:32:00,555 - INFO - 
Epoch 85/200:
2025-04-01 11:32:00,555 - INFO - Train Loss: 0.7560, Train Acc: 98.90%
2025-04-01 11:32:00,557 - INFO - Val Loss: 6.2741, Val Acc: 94.22%
2025-04-01 11:32:00,557 - INFO - Class 0 Accuracy: 95.32%
2025-04-01 11:32:00,557 - INFO - Class 1 Accuracy: 99.14%
2025-04-01 11:32:00,557 - INFO - Class 2 Accuracy: 84.86%
2025-04-01 11:32:00,557 - INFO - Class 3 Accuracy: 88.86%
2025-04-01 11:32:00,557 - INFO - Class 4 Accuracy: 99.93%
2025-04-01 11:32:00,656 - INFO - Saved checkpoint at epoch 85
2025-04-01 11:32:00,656 - INFO - Total samples is: <torch.utils.data.dataloader.DataLoader object at 0x0000023230517560>
2025-04-01 11:37:44,489 - INFO - Validation parameter calculation time: 0:00:00.003999
2025-04-01 11:37:44,490 - INFO - 
Epoch 86/200:
2025-04-01 11:37:44,490 - INFO - Train Loss: 0.7556, Train Acc: 98.91%
2025-04-01 11:37:44,490 - INFO - Val Loss: 7.2566, Val Acc: 94.52%
2025-04-01 11:37:44,491 - INFO - Class 0 Accuracy: 95.15%
2025-04-01 11:37:44,491 - INFO - Class 1 Accuracy: 99.31%
2025-04-01 11:37:44,491 - INFO - Class 2 Accuracy: 85.55%
2025-04-01 11:37:44,491 - INFO - Class 3 Accuracy: 89.41%
2025-04-01 11:37:44,491 - INFO - Class 4 Accuracy: 99.93%
2025-04-01 11:37:44,591 - INFO - Saved checkpoint at epoch 86
2025-04-01 11:37:44,592 - INFO - Total samples is: <torch.utils.data.dataloader.DataLoader object at 0x0000023230517560>
2025-04-01 11:43:28,492 - INFO - Validation parameter calculation time: 0:00:00.004035
2025-04-01 11:43:28,493 - INFO - 
Epoch 87/200:
2025-04-01 11:43:28,493 - INFO - Train Loss: 0.7553, Train Acc: 98.89%
2025-04-01 11:43:28,493 - INFO - Val Loss: 4.7539, Val Acc: 93.72%
2025-04-01 11:43:28,493 - INFO - Class 0 Accuracy: 95.51%
2025-04-01 11:43:28,494 - INFO - Class 1 Accuracy: 98.91%
2025-04-01 11:43:28,494 - INFO - Class 2 Accuracy: 83.78%
2025-04-01 11:43:28,494 - INFO - Class 3 Accuracy: 87.83%
2025-04-01 11:43:28,494 - INFO - Class 4 Accuracy: 99.86%
2025-04-01 11:43:28,608 - INFO - Saved checkpoint at epoch 87
2025-04-01 11:43:28,608 - INFO - Total samples is: <torch.utils.data.dataloader.DataLoader object at 0x0000023230517560>
2025-04-01 11:49:12,556 - INFO - Validation parameter calculation time: 0:00:00.005099
2025-04-01 11:49:12,556 - INFO - 
Epoch 88/200:
2025-04-01 11:49:12,556 - INFO - Train Loss: 0.7554, Train Acc: 98.90%
2025-04-01 11:49:12,557 - INFO - Val Loss: 5.5639, Val Acc: 91.99%
2025-04-01 11:49:12,557 - INFO - Class 0 Accuracy: 95.83%
2025-04-01 11:49:12,557 - INFO - Class 1 Accuracy: 98.40%
2025-04-01 11:49:12,558 - INFO - Class 2 Accuracy: 80.28%
2025-04-01 11:49:12,558 - INFO - Class 3 Accuracy: 83.75%
2025-04-01 11:49:12,559 - INFO - Class 4 Accuracy: 99.58%
2025-04-01 11:49:12,656 - INFO - Saved checkpoint at epoch 88
2025-04-01 11:49:12,656 - INFO - Total samples is: <torch.utils.data.dataloader.DataLoader object at 0x0000023230517560>
2025-04-01 11:54:57,559 - INFO - Validation parameter calculation time: 0:00:00.003607
2025-04-01 11:54:57,560 - INFO - 
Epoch 89/200:
2025-04-01 11:54:57,560 - INFO - Train Loss: 0.7564, Train Acc: 98.91%
2025-04-01 11:54:57,560 - INFO - Val Loss: 6.6314, Val Acc: 94.29%
2025-04-01 11:54:57,561 - INFO - Class 0 Accuracy: 95.29%
2025-04-01 11:54:57,561 - INFO - Class 1 Accuracy: 99.15%
2025-04-01 11:54:57,561 - INFO - Class 2 Accuracy: 84.99%
2025-04-01 11:54:57,562 - INFO - Class 3 Accuracy: 89.07%
2025-04-01 11:54:57,562 - INFO - Class 4 Accuracy: 99.92%
2025-04-01 11:54:57,657 - INFO - Saved checkpoint at epoch 89
2025-04-01 11:54:57,658 - INFO - Total samples is: <torch.utils.data.dataloader.DataLoader object at 0x0000023230517560>
2025-04-01 12:00:42,904 - INFO - Validation parameter calculation time: 0:00:00.005522
2025-04-01 12:00:42,905 - INFO - 
Epoch 90/200:
2025-04-01 12:00:42,905 - INFO - Train Loss: 0.7565, Train Acc: 98.90%
2025-04-01 12:00:42,905 - INFO - Val Loss: 7.2376, Val Acc: 94.37%
2025-04-01 12:00:42,905 - INFO - Class 0 Accuracy: 95.31%
2025-04-01 12:00:42,906 - INFO - Class 1 Accuracy: 99.18%
2025-04-01 12:00:42,906 - INFO - Class 2 Accuracy: 85.26%
2025-04-01 12:00:42,906 - INFO - Class 3 Accuracy: 89.19%
2025-04-01 12:00:42,907 - INFO - Class 4 Accuracy: 99.91%
2025-04-01 12:00:43,005 - INFO - Saved checkpoint at epoch 90
2025-04-01 12:00:43,005 - INFO - Total samples is: <torch.utils.data.dataloader.DataLoader object at 0x0000023230517560>
2025-04-01 12:06:27,667 - INFO - Validation parameter calculation time: 0:00:00.004577
2025-04-01 12:06:27,668 - INFO - 
Epoch 91/200:
2025-04-01 12:06:27,668 - INFO - Train Loss: 0.7557, Train Acc: 98.90%
2025-04-01 12:06:27,668 - INFO - Val Loss: 6.3795, Val Acc: 94.22%
2025-04-01 12:06:27,668 - INFO - Class 0 Accuracy: 95.30%
2025-04-01 12:06:27,669 - INFO - Class 1 Accuracy: 99.25%
2025-04-01 12:06:27,669 - INFO - Class 2 Accuracy: 84.39%
2025-04-01 12:06:27,670 - INFO - Class 3 Accuracy: 89.12%
2025-04-01 12:06:27,670 - INFO - Class 4 Accuracy: 99.95%
2025-04-01 12:06:27,772 - INFO - Saved checkpoint at epoch 91
2025-04-01 12:06:27,772 - INFO - Total samples is: <torch.utils.data.dataloader.DataLoader object at 0x0000023230517560>
2025-04-01 12:12:11,871 - INFO - Validation parameter calculation time: 0:00:00.005035
2025-04-01 12:12:11,871 - INFO - 
Epoch 92/200:
2025-04-01 12:12:11,871 - INFO - Train Loss: 0.7552, Train Acc: 98.90%
2025-04-01 12:12:11,871 - INFO - Val Loss: 6.7052, Val Acc: 93.82%
2025-04-01 12:12:11,872 - INFO - Class 0 Accuracy: 95.45%
2025-04-01 12:12:11,872 - INFO - Class 1 Accuracy: 99.02%
2025-04-01 12:12:11,873 - INFO - Class 2 Accuracy: 83.74%
2025-04-01 12:12:11,873 - INFO - Class 3 Accuracy: 88.15%
2025-04-01 12:12:11,874 - INFO - Class 4 Accuracy: 99.93%
2025-04-01 12:12:11,981 - INFO - Saved checkpoint at epoch 92
2025-04-01 12:12:11,982 - INFO - Total samples is: <torch.utils.data.dataloader.DataLoader object at 0x0000023230517560>
2025-04-01 12:17:55,732 - INFO - Validation parameter calculation time: 0:00:00.003517
2025-04-01 12:17:55,733 - INFO - 
Epoch 93/200:
2025-04-01 12:17:55,733 - INFO - Train Loss: 0.7565, Train Acc: 98.90%
2025-04-01 12:17:55,734 - INFO - Val Loss: 7.3089, Val Acc: 94.44%
2025-04-01 12:17:55,734 - INFO - Class 0 Accuracy: 95.38%
2025-04-01 12:17:55,734 - INFO - Class 1 Accuracy: 99.22%
2025-04-01 12:17:55,736 - INFO - Class 2 Accuracy: 84.91%
2025-04-01 12:17:55,736 - INFO - Class 3 Accuracy: 89.75%
2025-04-01 12:17:55,737 - INFO - Class 4 Accuracy: 99.94%
2025-04-01 12:17:55,835 - INFO - Saved checkpoint at epoch 93
2025-04-01 12:17:55,835 - INFO - Total samples is: <torch.utils.data.dataloader.DataLoader object at 0x0000023230517560>
2025-04-01 12:23:41,364 - INFO - Validation parameter calculation time: 0:00:00.003999
2025-04-01 12:23:41,365 - INFO - 
Epoch 94/200:
2025-04-01 12:23:41,365 - INFO - Train Loss: 0.7563, Train Acc: 98.90%
2025-04-01 12:23:41,365 - INFO - Val Loss: 6.6691, Val Acc: 94.66%
2025-04-01 12:23:41,366 - INFO - Class 0 Accuracy: 95.14%
2025-04-01 12:23:41,366 - INFO - Class 1 Accuracy: 99.33%
2025-04-01 12:23:41,366 - INFO - Class 2 Accuracy: 85.96%
2025-04-01 12:23:41,367 - INFO - Class 3 Accuracy: 89.67%
2025-04-01 12:23:41,367 - INFO - Class 4 Accuracy: 99.93%
2025-04-01 12:23:41,462 - INFO - Saved checkpoint at epoch 94
2025-04-01 12:23:41,462 - INFO - Total samples is: <torch.utils.data.dataloader.DataLoader object at 0x0000023230517560>
2025-04-01 12:29:25,711 - INFO - Validation parameter calculation time: 0:00:00.005002
2025-04-01 12:29:25,711 - INFO - 
Epoch 95/200:
2025-04-01 12:29:25,711 - INFO - Train Loss: 0.7563, Train Acc: 98.90%
2025-04-01 12:29:25,711 - INFO - Val Loss: 6.3605, Val Acc: 94.32%
2025-04-01 12:29:25,712 - INFO - Class 0 Accuracy: 95.36%
2025-04-01 12:29:25,712 - INFO - Class 1 Accuracy: 99.20%
2025-04-01 12:29:25,712 - INFO - Class 2 Accuracy: 84.96%
2025-04-01 12:29:25,713 - INFO - Class 3 Accuracy: 89.14%
2025-04-01 12:29:25,713 - INFO - Class 4 Accuracy: 99.91%
2025-04-01 12:29:25,816 - INFO - Saved checkpoint at epoch 95
2025-04-01 12:29:25,817 - INFO - Total samples is: <torch.utils.data.dataloader.DataLoader object at 0x0000023230517560>
2025-04-01 12:35:11,558 - INFO - Validation parameter calculation time: 0:00:00.004449
2025-04-01 12:35:11,558 - INFO - 
Epoch 96/200:
2025-04-01 12:35:11,558 - INFO - Train Loss: 0.7550, Train Acc: 98.90%
2025-04-01 12:35:11,559 - INFO - Val Loss: 6.9583, Val Acc: 93.94%
2025-04-01 12:35:11,559 - INFO - Class 0 Accuracy: 95.42%
2025-04-01 12:35:11,559 - INFO - Class 1 Accuracy: 99.14%
2025-04-01 12:35:11,560 - INFO - Class 2 Accuracy: 83.87%
2025-04-01 12:35:11,560 - INFO - Class 3 Accuracy: 88.44%
2025-04-01 12:35:11,560 - INFO - Class 4 Accuracy: 99.93%
2025-04-01 12:35:11,657 - INFO - Saved checkpoint at epoch 96
2025-04-01 12:35:11,658 - INFO - Total samples is: <torch.utils.data.dataloader.DataLoader object at 0x0000023230517560>
2025-04-01 12:40:56,417 - INFO - Validation parameter calculation time: 0:00:00.004505
2025-04-01 12:40:56,417 - INFO - 
Epoch 97/200:
2025-04-01 12:40:56,417 - INFO - Train Loss: 0.7564, Train Acc: 98.90%
2025-04-01 12:40:56,417 - INFO - Val Loss: 8.1372, Val Acc: 94.42%
2025-04-01 12:40:56,418 - INFO - Class 0 Accuracy: 95.35%
2025-04-01 12:40:56,419 - INFO - Class 1 Accuracy: 99.26%
2025-04-01 12:40:56,419 - INFO - Class 2 Accuracy: 84.88%
2025-04-01 12:40:56,419 - INFO - Class 3 Accuracy: 89.61%
2025-04-01 12:40:56,420 - INFO - Class 4 Accuracy: 99.94%
2025-04-01 12:40:56,515 - INFO - Saved checkpoint at epoch 97
2025-04-01 12:40:56,516 - INFO - Total samples is: <torch.utils.data.dataloader.DataLoader object at 0x0000023230517560>
2025-04-01 12:46:40,964 - INFO - Validation parameter calculation time: 0:00:00.004001
2025-04-01 12:46:40,965 - INFO - 
Epoch 98/200:
2025-04-01 12:46:40,965 - INFO - Train Loss: 0.7565, Train Acc: 98.89%
2025-04-01 12:46:40,965 - INFO - Val Loss: 4.2331, Val Acc: 93.54%
2025-04-01 12:46:40,966 - INFO - Class 0 Accuracy: 95.49%
2025-04-01 12:46:40,966 - INFO - Class 1 Accuracy: 98.82%
2025-04-01 12:46:40,966 - INFO - Class 2 Accuracy: 83.58%
2025-04-01 12:46:40,967 - INFO - Class 3 Accuracy: 87.24%
2025-04-01 12:46:40,967 - INFO - Class 4 Accuracy: 99.89%
2025-04-01 12:46:41,063 - INFO - Saved checkpoint at epoch 98
2025-04-01 12:46:41,064 - INFO - Total samples is: <torch.utils.data.dataloader.DataLoader object at 0x0000023230517560>
2025-04-01 12:52:25,504 - INFO - Validation parameter calculation time: 0:00:00.005002
2025-04-01 12:52:25,504 - INFO - 
Epoch 99/200:
2025-04-01 12:52:25,504 - INFO - Train Loss: 0.7565, Train Acc: 98.90%
2025-04-01 12:52:25,505 - INFO - Val Loss: 6.8270, Val Acc: 94.24%
2025-04-01 12:52:25,505 - INFO - Class 0 Accuracy: 95.42%
2025-04-01 12:52:25,505 - INFO - Class 1 Accuracy: 99.13%
2025-04-01 12:52:25,506 - INFO - Class 2 Accuracy: 84.75%
2025-04-01 12:52:25,506 - INFO - Class 3 Accuracy: 89.08%
2025-04-01 12:52:25,506 - INFO - Class 4 Accuracy: 99.92%
2025-04-01 12:52:25,602 - INFO - Saved checkpoint at epoch 99
2025-04-01 12:52:25,603 - INFO - Total samples is: <torch.utils.data.dataloader.DataLoader object at 0x0000023230517560>
2025-04-01 12:58:10,343 - INFO - Validation parameter calculation time: 0:00:00.005069
2025-04-01 12:58:10,343 - INFO - 
Epoch 100/200:
2025-04-01 12:58:10,343 - INFO - Train Loss: 0.7560, Train Acc: 98.91%
2025-04-01 12:58:10,344 - INFO - Val Loss: 4.9745, Val Acc: 93.63%
2025-04-01 12:58:10,345 - INFO - Class 0 Accuracy: 95.49%
2025-04-01 12:58:10,345 - INFO - Class 1 Accuracy: 98.92%
2025-04-01 12:58:10,346 - INFO - Class 2 Accuracy: 83.49%
2025-04-01 12:58:10,346 - INFO - Class 3 Accuracy: 87.61%
2025-04-01 12:58:10,346 - INFO - Class 4 Accuracy: 99.91%
2025-04-01 12:58:10,456 - INFO - Saved checkpoint at epoch 100
2025-04-01 12:58:10,457 - INFO - Total samples is: <torch.utils.data.dataloader.DataLoader object at 0x0000023230517560>
2025-04-01 13:03:54,994 - INFO - Validation parameter calculation time: 0:00:00.004524
2025-04-01 13:03:54,995 - INFO - 
Epoch 101/200:
2025-04-01 13:03:54,995 - INFO - Train Loss: 0.7563, Train Acc: 98.90%
2025-04-01 13:03:54,995 - INFO - Val Loss: 7.2904, Val Acc: 94.15%
2025-04-01 13:03:54,996 - INFO - Class 0 Accuracy: 95.53%
2025-04-01 13:03:54,996 - INFO - Class 1 Accuracy: 99.01%
2025-04-01 13:03:54,996 - INFO - Class 2 Accuracy: 84.54%
2025-04-01 13:03:54,996 - INFO - Class 3 Accuracy: 89.04%
2025-04-01 13:03:54,997 - INFO - Class 4 Accuracy: 99.89%
2025-04-01 13:03:55,093 - INFO - Saved checkpoint at epoch 101
2025-04-01 13:03:55,094 - INFO - Total samples is: <torch.utils.data.dataloader.DataLoader object at 0x0000023230517560>
2025-04-01 13:09:40,860 - INFO - Validation parameter calculation time: 0:00:00.005585
2025-04-01 13:09:40,860 - INFO - 
Epoch 102/200:
2025-04-01 13:09:40,861 - INFO - Train Loss: 0.7565, Train Acc: 98.90%
2025-04-01 13:09:40,862 - INFO - Val Loss: 8.1700, Val Acc: 94.55%
2025-04-01 13:09:40,862 - INFO - Class 0 Accuracy: 95.27%
2025-04-01 13:09:40,862 - INFO - Class 1 Accuracy: 99.30%
2025-04-01 13:09:40,863 - INFO - Class 2 Accuracy: 85.48%
2025-04-01 13:09:40,863 - INFO - Class 3 Accuracy: 89.61%
2025-04-01 13:09:40,864 - INFO - Class 4 Accuracy: 99.93%
2025-04-01 13:09:40,959 - INFO - Saved checkpoint at epoch 102
2025-04-01 13:09:40,960 - INFO - Total samples is: <torch.utils.data.dataloader.DataLoader object at 0x0000023230517560>
2025-04-01 13:15:26,021 - INFO - Validation parameter calculation time: 0:00:00.004336
2025-04-01 13:15:26,022 - INFO - 
Epoch 103/200:
2025-04-01 13:15:26,022 - INFO - Train Loss: 0.7559, Train Acc: 98.90%
2025-04-01 13:15:26,022 - INFO - Val Loss: 4.9352, Val Acc: 93.18%
2025-04-01 13:15:26,022 - INFO - Class 0 Accuracy: 95.40%
2025-04-01 13:15:26,022 - INFO - Class 1 Accuracy: 98.83%
2025-04-01 13:15:26,023 - INFO - Class 2 Accuracy: 82.78%
2025-04-01 13:15:26,023 - INFO - Class 3 Accuracy: 86.23%
2025-04-01 13:15:26,024 - INFO - Class 4 Accuracy: 99.90%
2025-04-01 13:15:26,135 - INFO - Saved checkpoint at epoch 103
2025-04-01 13:15:26,136 - INFO - Total samples is: <torch.utils.data.dataloader.DataLoader object at 0x0000023230517560>
2025-04-01 13:21:10,595 - INFO - Validation parameter calculation time: 0:00:00.004515
2025-04-01 13:21:10,595 - INFO - 
Epoch 104/200:
2025-04-01 13:21:10,595 - INFO - Train Loss: 0.7557, Train Acc: 98.91%
2025-04-01 13:21:10,596 - INFO - Val Loss: 5.8534, Val Acc: 94.21%
2025-04-01 13:21:10,597 - INFO - Class 0 Accuracy: 95.34%
2025-04-01 13:21:10,597 - INFO - Class 1 Accuracy: 99.16%
2025-04-01 13:21:10,598 - INFO - Class 2 Accuracy: 84.68%
2025-04-01 13:21:10,598 - INFO - Class 3 Accuracy: 88.95%
2025-04-01 13:21:10,598 - INFO - Class 4 Accuracy: 99.93%
2025-04-01 13:21:10,698 - INFO - Saved checkpoint at epoch 104
2025-04-01 13:21:10,699 - INFO - Total samples is: <torch.utils.data.dataloader.DataLoader object at 0x0000023230517560>
2025-04-01 13:27:07,582 - INFO - Validation parameter calculation time: 0:00:00.004127
2025-04-01 13:27:07,583 - INFO - 
Epoch 105/200:
2025-04-01 13:27:07,583 - INFO - Train Loss: 0.7552, Train Acc: 98.90%
2025-04-01 13:27:07,583 - INFO - Val Loss: 6.0929, Val Acc: 94.30%
2025-04-01 13:27:07,583 - INFO - Class 0 Accuracy: 95.29%
2025-04-01 13:27:07,584 - INFO - Class 1 Accuracy: 99.27%
2025-04-01 13:27:07,584 - INFO - Class 2 Accuracy: 84.80%
2025-04-01 13:27:07,584 - INFO - Class 3 Accuracy: 89.11%
2025-04-01 13:27:07,585 - INFO - Class 4 Accuracy: 99.93%
2025-04-01 13:27:07,682 - INFO - Saved checkpoint at epoch 105
2025-04-01 13:27:07,682 - INFO - Total samples is: <torch.utils.data.dataloader.DataLoader object at 0x0000023230517560>
2025-04-01 13:33:05,975 - INFO - Validation parameter calculation time: 0:00:00.004829
2025-04-01 13:33:05,975 - INFO - 
Epoch 106/200:
2025-04-01 13:33:05,975 - INFO - Train Loss: 0.7566, Train Acc: 98.90%
2025-04-01 13:33:05,975 - INFO - Val Loss: 7.8602, Val Acc: 94.32%
2025-04-01 13:33:05,976 - INFO - Class 0 Accuracy: 95.30%
2025-04-01 13:33:05,976 - INFO - Class 1 Accuracy: 99.23%
2025-04-01 13:33:05,976 - INFO - Class 2 Accuracy: 84.93%
2025-04-01 13:33:05,977 - INFO - Class 3 Accuracy: 89.16%
2025-04-01 13:33:05,978 - INFO - Class 4 Accuracy: 99.92%
2025-04-01 13:33:06,081 - INFO - Saved checkpoint at epoch 106
2025-04-01 13:33:06,082 - INFO - Total samples is: <torch.utils.data.dataloader.DataLoader object at 0x0000023230517560>
2025-04-01 13:39:03,095 - INFO - Validation parameter calculation time: 0:00:00.005524
2025-04-01 13:39:03,095 - INFO - 
Epoch 107/200:
2025-04-01 13:39:03,096 - INFO - Train Loss: 0.7559, Train Acc: 98.90%
2025-04-01 13:39:03,096 - INFO - Val Loss: 5.2825, Val Acc: 93.49%
2025-04-01 13:39:03,097 - INFO - Class 0 Accuracy: 95.49%
2025-04-01 13:39:03,097 - INFO - Class 1 Accuracy: 98.86%
2025-04-01 13:39:03,097 - INFO - Class 2 Accuracy: 83.39%
2025-04-01 13:39:03,098 - INFO - Class 3 Accuracy: 87.13%
2025-04-01 13:39:03,098 - INFO - Class 4 Accuracy: 99.88%
2025-04-01 13:39:03,211 - INFO - Saved checkpoint at epoch 107
2025-04-01 13:39:03,211 - INFO - Total samples is: <torch.utils.data.dataloader.DataLoader object at 0x0000023230517560>
2025-04-01 13:45:01,106 - INFO - Validation parameter calculation time: 0:00:00.004567
2025-04-01 13:45:01,106 - INFO - 
Epoch 108/200:
2025-04-01 13:45:01,106 - INFO - Train Loss: 0.7560, Train Acc: 98.90%
2025-04-01 13:45:01,106 - INFO - Val Loss: 5.0408, Val Acc: 93.62%
2025-04-01 13:45:01,107 - INFO - Class 0 Accuracy: 95.53%
2025-04-01 13:45:01,107 - INFO - Class 1 Accuracy: 98.95%
2025-04-01 13:45:01,107 - INFO - Class 2 Accuracy: 83.55%
2025-04-01 13:45:01,108 - INFO - Class 3 Accuracy: 87.54%
2025-04-01 13:45:01,108 - INFO - Class 4 Accuracy: 99.85%
2025-04-01 13:45:01,207 - INFO - Saved checkpoint at epoch 108
2025-04-01 13:45:01,208 - INFO - Total samples is: <torch.utils.data.dataloader.DataLoader object at 0x0000023230517560>
