2024-11-22 00:38:58,659 - INFO - Training configuration:
2024-11-22 00:38:58,660 - INFO - num_points: 4096
2024-11-22 00:38:58,660 - INFO - chunk_size: 4096
2024-11-22 00:38:58,660 - INFO - overlap: 1024
2024-11-22 00:38:58,660 - INFO - batch_size: 64
2024-11-22 00:38:58,660 - INFO - num_workers: 0
2024-11-22 00:38:58,660 - INFO - learning_rate: 0.001
2024-11-22 00:38:58,660 - INFO - num_classes: 5
2024-11-22 00:38:58,660 - INFO - num_epochs: 500
2024-11-22 00:38:58,660 - INFO - device: cuda
2024-11-22 00:38:58,660 - INFO - Using device: cuda
2024-11-22 00:38:58,660 - INFO - 开始预加载数据到内存...
2024-11-22 00:51:52,608 - INFO - reading train data
2024-11-22 00:51:52,609 - INFO - 开始预加载数据到内存...
2024-11-22 00:52:34,882 - INFO - reading val data
2024-11-22 00:52:34,882 - INFO - Train dataset size: 31302
2024-11-22 00:52:34,882 - INFO - Val dataset size: 1142
2024-11-22 00:52:37,263 - INFO - Total samples is: <torch.utils.data.dataloader.DataLoader object at 0x000001A889739B20>
2024-11-22 01:05:07,183 - INFO - Mean IoU: 63.92%
2024-11-22 01:05:07,184 - INFO - Class 0 IoU: 28.41%
2024-11-22 01:05:07,184 - INFO - Class 1 IoU: 74.46%
2024-11-22 01:05:07,184 - INFO - Class 2 IoU: 50.14%
2024-11-22 01:05:07,184 - INFO - Class 3 IoU: 84.85%
2024-11-22 01:05:07,184 - INFO - Class 4 IoU: 81.75%
2024-11-22 01:05:07,184 - INFO - 
Epoch 1/500:
2024-11-22 01:05:07,184 - INFO - Train Loss: 0.4311, Train Acc: 84.43%
2024-11-22 01:05:07,184 - INFO - Val Loss: 0.3793, Val Acc: 84.76%
2024-11-22 01:05:07,184 - INFO - Class 0 Accuracy: 37.79%
2024-11-22 01:05:07,184 - INFO - Class 1 Accuracy: 77.52%
2024-11-22 01:05:07,184 - INFO - Class 2 Accuracy: 85.49%
2024-11-22 01:05:07,185 - INFO - Class 3 Accuracy: 88.42%
2024-11-22 01:05:07,185 - INFO - Class 4 Accuracy: 90.53%
2024-11-22 01:05:07,215 - INFO - Saved best model with accuracy: 84.76%
2024-11-22 01:05:07,243 - INFO - Total samples is: <torch.utils.data.dataloader.DataLoader object at 0x000001A889739B20>
2024-11-22 01:17:34,832 - INFO - Mean IoU: 69.07%
2024-11-22 01:17:34,834 - INFO - Class 0 IoU: 38.33%
2024-11-22 01:17:34,834 - INFO - Class 1 IoU: 76.80%
2024-11-22 01:17:34,834 - INFO - Class 2 IoU: 59.29%
2024-11-22 01:17:34,834 - INFO - Class 3 IoU: 88.87%
2024-11-22 01:17:34,834 - INFO - Class 4 IoU: 82.05%
2024-11-22 01:17:34,834 - INFO - 
Epoch 2/500:
2024-11-22 01:17:34,834 - INFO - Train Loss: 0.2656, Train Acc: 90.55%
2024-11-22 01:17:34,834 - INFO - Val Loss: 0.3959, Val Acc: 85.88%
2024-11-22 01:17:34,835 - INFO - Class 0 Accuracy: 74.49%
2024-11-22 01:17:34,835 - INFO - Class 1 Accuracy: 77.43%
2024-11-22 01:17:34,835 - INFO - Class 2 Accuracy: 85.68%
2024-11-22 01:17:34,835 - INFO - Class 3 Accuracy: 89.77%
2024-11-22 01:17:34,835 - INFO - Class 4 Accuracy: 89.31%
2024-11-22 01:17:34,866 - INFO - Saved best model with accuracy: 85.88%
2024-11-22 01:17:34,894 - INFO - Total samples is: <torch.utils.data.dataloader.DataLoader object at 0x000001A889739B20>
2024-11-22 01:30:05,285 - INFO - Mean IoU: 46.01%
2024-11-22 01:30:05,287 - INFO - Class 0 IoU: 11.25%
2024-11-22 01:30:05,287 - INFO - Class 1 IoU: 78.24%
2024-11-22 01:30:05,287 - INFO - Class 2 IoU: 53.25%
2024-11-22 01:30:05,287 - INFO - Class 3 IoU: 11.07%
2024-11-22 01:30:05,287 - INFO - Class 4 IoU: 76.25%
2024-11-22 01:30:05,287 - INFO - 
Epoch 3/500:
2024-11-22 01:30:05,287 - INFO - Train Loss: 0.2247, Train Acc: 92.21%
2024-11-22 01:30:05,287 - INFO - Val Loss: 0.7502, Val Acc: 81.11%
2024-11-22 01:30:05,288 - INFO - Class 0 Accuracy: 14.22%
2024-11-22 01:30:05,288 - INFO - Class 1 Accuracy: 79.63%
2024-11-22 01:30:05,288 - INFO - Class 2 Accuracy: 94.16%
2024-11-22 01:30:05,288 - INFO - Class 3 Accuracy: 11.08%
2024-11-22 01:30:05,289 - INFO - Class 4 Accuracy: 89.70%
2024-11-22 01:30:05,319 - INFO - Total samples is: <torch.utils.data.dataloader.DataLoader object at 0x000001A889739B20>
2024-11-22 01:42:38,820 - INFO - Mean IoU: 59.77%
2024-11-22 01:42:38,821 - INFO - Class 0 IoU: 29.87%
2024-11-22 01:42:38,821 - INFO - Class 1 IoU: 55.23%
2024-11-22 01:42:38,821 - INFO - Class 2 IoU: 46.08%
2024-11-22 01:42:38,821 - INFO - Class 3 IoU: 91.03%
2024-11-22 01:42:38,822 - INFO - Class 4 IoU: 76.64%
2024-11-22 01:42:38,822 - INFO - 
Epoch 4/500:
2024-11-22 01:42:38,822 - INFO - Train Loss: 0.1892, Train Acc: 93.41%
2024-11-22 01:42:38,822 - INFO - Val Loss: 0.6738, Val Acc: 79.44%
2024-11-22 01:42:38,822 - INFO - Class 0 Accuracy: 59.64%
2024-11-22 01:42:38,822 - INFO - Class 1 Accuracy: 56.04%
2024-11-22 01:42:38,822 - INFO - Class 2 Accuracy: 85.81%
2024-11-22 01:42:38,822 - INFO - Class 3 Accuracy: 94.82%
2024-11-22 01:42:38,823 - INFO - Class 4 Accuracy: 86.55%
2024-11-22 01:42:38,854 - INFO - Total samples is: <torch.utils.data.dataloader.DataLoader object at 0x000001A889739B20>
2024-11-22 01:55:05,644 - INFO - Mean IoU: 62.42%
2024-11-22 01:55:05,645 - INFO - Class 0 IoU: 24.41%
2024-11-22 01:55:05,645 - INFO - Class 1 IoU: 63.07%
2024-11-22 01:55:05,645 - INFO - Class 2 IoU: 51.43%
2024-11-22 01:55:05,645 - INFO - Class 3 IoU: 91.70%
2024-11-22 01:55:05,645 - INFO - Class 4 IoU: 81.47%
2024-11-22 01:55:05,645 - INFO - 
Epoch 5/500:
2024-11-22 01:55:05,645 - INFO - Train Loss: 0.1744, Train Acc: 93.87%
2024-11-22 01:55:05,645 - INFO - Val Loss: 0.5949, Val Acc: 82.29%
2024-11-22 01:55:05,645 - INFO - Class 0 Accuracy: 52.39%
2024-11-22 01:55:05,646 - INFO - Class 1 Accuracy: 64.28%
2024-11-22 01:55:05,646 - INFO - Class 2 Accuracy: 88.30%
2024-11-22 01:55:05,646 - INFO - Class 3 Accuracy: 95.08%
2024-11-22 01:55:05,646 - INFO - Class 4 Accuracy: 88.75%
2024-11-22 01:55:05,677 - INFO - Total samples is: <torch.utils.data.dataloader.DataLoader object at 0x000001A889739B20>
2024-11-22 02:07:35,498 - INFO - Mean IoU: 69.08%
2024-11-22 02:07:35,499 - INFO - Class 0 IoU: 22.36%
2024-11-22 02:07:35,500 - INFO - Class 1 IoU: 88.45%
2024-11-22 02:07:35,500 - INFO - Class 2 IoU: 60.62%
2024-11-22 02:07:35,500 - INFO - Class 3 IoU: 88.85%
2024-11-22 02:07:35,500 - INFO - Class 4 IoU: 85.10%
2024-11-22 02:07:35,500 - INFO - 
Epoch 6/500:
2024-11-22 02:07:35,500 - INFO - Train Loss: 0.1491, Train Acc: 94.77%
2024-11-22 02:07:35,500 - INFO - Val Loss: 0.3017, Val Acc: 88.66%
2024-11-22 02:07:35,501 - INFO - Class 0 Accuracy: 29.34%
2024-11-22 02:07:35,501 - INFO - Class 1 Accuracy: 91.57%
2024-11-22 02:07:35,501 - INFO - Class 2 Accuracy: 86.14%
2024-11-22 02:07:35,501 - INFO - Class 3 Accuracy: 96.62%
2024-11-22 02:07:35,501 - INFO - Class 4 Accuracy: 92.21%
2024-11-22 02:07:35,532 - INFO - Saved best model with accuracy: 88.66%
2024-11-22 02:07:35,564 - INFO - Total samples is: <torch.utils.data.dataloader.DataLoader object at 0x000001A889739B20>
2024-11-22 02:20:00,772 - INFO - Mean IoU: 66.13%
2024-11-22 02:20:00,772 - INFO - Class 0 IoU: 27.65%
2024-11-22 02:20:00,772 - INFO - Class 1 IoU: 83.22%
2024-11-22 02:20:00,772 - INFO - Class 2 IoU: 54.05%
2024-11-22 02:20:00,772 - INFO - Class 3 IoU: 86.70%
2024-11-22 02:20:00,772 - INFO - Class 4 IoU: 79.02%
2024-11-22 02:20:00,772 - INFO - 
Epoch 7/500:
2024-11-22 02:20:00,774 - INFO - Train Loss: 0.1425, Train Acc: 95.06%
2024-11-22 02:20:00,774 - INFO - Val Loss: 0.4732, Val Acc: 84.12%
2024-11-22 02:20:00,774 - INFO - Class 0 Accuracy: 57.54%
2024-11-22 02:20:00,774 - INFO - Class 1 Accuracy: 84.94%
2024-11-22 02:20:00,774 - INFO - Class 2 Accuracy: 85.53%
2024-11-22 02:20:00,774 - INFO - Class 3 Accuracy: 90.42%
2024-11-22 02:20:00,774 - INFO - Class 4 Accuracy: 85.42%
2024-11-22 02:20:00,804 - INFO - Total samples is: <torch.utils.data.dataloader.DataLoader object at 0x000001A889739B20>
2024-11-22 02:32:31,384 - INFO - Mean IoU: 58.59%
2024-11-22 02:32:31,386 - INFO - Class 0 IoU: 18.12%
2024-11-22 02:32:31,386 - INFO - Class 1 IoU: 64.93%
2024-11-22 02:32:31,386 - INFO - Class 2 IoU: 45.09%
2024-11-22 02:32:31,386 - INFO - Class 3 IoU: 88.50%
2024-11-22 02:32:31,387 - INFO - Class 4 IoU: 76.33%
2024-11-22 02:32:31,387 - INFO - 
Epoch 8/500:
2024-11-22 02:32:31,387 - INFO - Train Loss: 0.1304, Train Acc: 95.53%
2024-11-22 02:32:31,387 - INFO - Val Loss: 0.6774, Val Acc: 80.14%
2024-11-22 02:32:31,387 - INFO - Class 0 Accuracy: 27.65%
2024-11-22 02:32:31,387 - INFO - Class 1 Accuracy: 66.03%
2024-11-22 02:32:31,387 - INFO - Class 2 Accuracy: 91.86%
2024-11-22 02:32:31,387 - INFO - Class 3 Accuracy: 93.82%
2024-11-22 02:32:31,387 - INFO - Class 4 Accuracy: 86.24%
2024-11-22 02:32:31,419 - INFO - Total samples is: <torch.utils.data.dataloader.DataLoader object at 0x000001A889739B20>
2024-11-22 02:44:56,067 - INFO - Mean IoU: 54.45%
2024-11-22 02:44:56,069 - INFO - Class 0 IoU: 5.02%
2024-11-22 02:44:56,069 - INFO - Class 1 IoU: 58.75%
2024-11-22 02:44:56,069 - INFO - Class 2 IoU: 58.86%
2024-11-22 02:44:56,069 - INFO - Class 3 IoU: 69.28%
2024-11-22 02:44:56,069 - INFO - Class 4 IoU: 80.37%
2024-11-22 02:44:56,069 - INFO - 
Epoch 9/500:
2024-11-22 02:44:56,069 - INFO - Train Loss: 0.1391, Train Acc: 95.21%
2024-11-22 02:44:56,069 - INFO - Val Loss: 0.6953, Val Acc: 81.81%
2024-11-22 02:44:56,069 - INFO - Class 0 Accuracy: 8.53%
2024-11-22 02:44:56,069 - INFO - Class 1 Accuracy: 59.41%
2024-11-22 02:44:56,069 - INFO - Class 2 Accuracy: 73.88%
2024-11-22 02:44:56,070 - INFO - Class 3 Accuracy: 69.57%
2024-11-22 02:44:56,070 - INFO - Class 4 Accuracy: 96.52%
2024-11-22 02:44:56,103 - INFO - Total samples is: <torch.utils.data.dataloader.DataLoader object at 0x000001A889739B20>
2024-11-22 02:57:28,207 - INFO - Mean IoU: 65.01%
2024-11-22 02:57:28,208 - INFO - Class 0 IoU: 24.92%
2024-11-22 02:57:28,208 - INFO - Class 1 IoU: 79.23%
2024-11-22 02:57:28,208 - INFO - Class 2 IoU: 56.65%
2024-11-22 02:57:28,208 - INFO - Class 3 IoU: 82.09%
2024-11-22 02:57:28,208 - INFO - Class 4 IoU: 82.17%
2024-11-22 02:57:28,208 - INFO - 
Epoch 10/500:
2024-11-22 02:57:28,208 - INFO - Train Loss: 0.1214, Train Acc: 95.82%
2024-11-22 02:57:28,208 - INFO - Val Loss: 0.5182, Val Acc: 84.84%
2024-11-22 02:57:28,209 - INFO - Class 0 Accuracy: 51.83%
2024-11-22 02:57:28,209 - INFO - Class 1 Accuracy: 80.56%
2024-11-22 02:57:28,209 - INFO - Class 2 Accuracy: 90.23%
2024-11-22 02:57:28,209 - INFO - Class 3 Accuracy: 83.06%
2024-11-22 02:57:28,209 - INFO - Class 4 Accuracy: 88.17%
2024-11-22 02:57:28,240 - INFO - Total samples is: <torch.utils.data.dataloader.DataLoader object at 0x000001A889739B20>
2024-11-22 03:09:55,387 - INFO - Mean IoU: 61.65%
2024-11-22 03:09:55,387 - INFO - Class 0 IoU: 18.40%
2024-11-22 03:09:55,388 - INFO - Class 1 IoU: 78.97%
2024-11-22 03:09:55,388 - INFO - Class 2 IoU: 59.06%
2024-11-22 03:09:55,388 - INFO - Class 3 IoU: 67.98%
2024-11-22 03:09:55,388 - INFO - Class 4 IoU: 83.82%
2024-11-22 03:09:55,388 - INFO - 
Epoch 11/500:
2024-11-22 03:09:55,388 - INFO - Train Loss: 0.1114, Train Acc: 96.15%
2024-11-22 03:09:55,388 - INFO - Val Loss: 0.5227, Val Acc: 85.96%
2024-11-22 03:09:55,388 - INFO - Class 0 Accuracy: 29.60%
2024-11-22 03:09:55,388 - INFO - Class 1 Accuracy: 81.03%
2024-11-22 03:09:55,389 - INFO - Class 2 Accuracy: 83.52%
2024-11-22 03:09:55,389 - INFO - Class 3 Accuracy: 68.43%
2024-11-22 03:09:55,389 - INFO - Class 4 Accuracy: 93.41%
2024-11-22 03:09:55,420 - INFO - Total samples is: <torch.utils.data.dataloader.DataLoader object at 0x000001A889739B20>
2024-11-22 03:22:24,185 - INFO - Mean IoU: 59.17%
2024-11-22 03:22:24,186 - INFO - Class 0 IoU: 21.34%
2024-11-22 03:22:24,187 - INFO - Class 1 IoU: 56.38%
2024-11-22 03:22:24,187 - INFO - Class 2 IoU: 53.00%
2024-11-22 03:22:24,187 - INFO - Class 3 IoU: 91.30%
2024-11-22 03:22:24,187 - INFO - Class 4 IoU: 73.84%
2024-11-22 03:22:24,187 - INFO - 
Epoch 12/500:
2024-11-22 03:22:24,187 - INFO - Train Loss: 0.1047, Train Acc: 96.32%
2024-11-22 03:22:24,187 - INFO - Val Loss: 0.9300, Val Acc: 75.67%
2024-11-22 03:22:24,187 - INFO - Class 0 Accuracy: 86.12%
2024-11-22 03:22:24,187 - INFO - Class 1 Accuracy: 57.30%
2024-11-22 03:22:24,187 - INFO - Class 2 Accuracy: 85.88%
2024-11-22 03:22:24,187 - INFO - Class 3 Accuracy: 92.74%
2024-11-22 03:22:24,188 - INFO - Class 4 Accuracy: 78.28%
2024-11-22 03:22:24,218 - INFO - Total samples is: <torch.utils.data.dataloader.DataLoader object at 0x000001A889739B20>
2024-11-22 03:37:54,797 - INFO - Mean IoU: 65.38%
2024-11-22 03:37:54,798 - INFO - Class 0 IoU: 30.18%
2024-11-22 03:37:54,798 - INFO - Class 1 IoU: 72.97%
2024-11-22 03:37:54,798 - INFO - Class 2 IoU: 53.11%
2024-11-22 03:37:54,799 - INFO - Class 3 IoU: 89.17%
2024-11-22 03:37:54,799 - INFO - Class 4 IoU: 81.49%
2024-11-22 03:37:54,799 - INFO - 
Epoch 13/500:
2024-11-22 03:37:54,799 - INFO - Train Loss: 0.0940, Train Acc: 96.70%
2024-11-22 03:37:54,799 - INFO - Val Loss: 0.5541, Val Acc: 83.41%
2024-11-22 03:37:54,799 - INFO - Class 0 Accuracy: 76.06%
2024-11-22 03:37:54,799 - INFO - Class 1 Accuracy: 74.03%
2024-11-22 03:37:54,799 - INFO - Class 2 Accuracy: 81.32%
2024-11-22 03:37:54,799 - INFO - Class 3 Accuracy: 89.79%
2024-11-22 03:37:54,800 - INFO - Class 4 Accuracy: 87.03%
2024-11-22 03:37:54,830 - INFO - Total samples is: <torch.utils.data.dataloader.DataLoader object at 0x000001A889739B20>
2024-11-22 03:53:59,002 - INFO - Mean IoU: 59.93%
2024-11-22 03:53:59,004 - INFO - Class 0 IoU: 14.58%
2024-11-22 03:53:59,004 - INFO - Class 1 IoU: 60.40%
2024-11-22 03:53:59,004 - INFO - Class 2 IoU: 56.93%
2024-11-22 03:53:59,004 - INFO - Class 3 IoU: 86.89%
2024-11-22 03:53:59,004 - INFO - Class 4 IoU: 80.83%
2024-11-22 03:53:59,004 - INFO - 
Epoch 14/500:
2024-11-22 03:53:59,005 - INFO - Train Loss: 0.0933, Train Acc: 96.79%
2024-11-22 03:53:59,005 - INFO - Val Loss: 0.6236, Val Acc: 82.26%
2024-11-22 03:53:59,005 - INFO - Class 0 Accuracy: 27.37%
2024-11-22 03:53:59,005 - INFO - Class 1 Accuracy: 61.16%
2024-11-22 03:53:59,005 - INFO - Class 2 Accuracy: 86.78%
2024-11-22 03:53:59,006 - INFO - Class 3 Accuracy: 87.83%
2024-11-22 03:53:59,006 - INFO - Class 4 Accuracy: 92.30%
2024-11-22 03:53:59,036 - INFO - Total samples is: <torch.utils.data.dataloader.DataLoader object at 0x000001A889739B20>
2024-11-22 04:10:03,498 - INFO - Mean IoU: 59.43%
2024-11-22 04:10:03,500 - INFO - Class 0 IoU: 25.11%
2024-11-22 04:10:03,501 - INFO - Class 1 IoU: 54.86%
2024-11-22 04:10:03,501 - INFO - Class 2 IoU: 65.88%
2024-11-22 04:10:03,501 - INFO - Class 3 IoU: 70.69%
2024-11-22 04:10:03,501 - INFO - Class 4 IoU: 80.61%
2024-11-22 04:10:03,501 - INFO - 
Epoch 15/500:
2024-11-22 04:10:03,501 - INFO - Train Loss: 0.0874, Train Acc: 96.97%
2024-11-22 04:10:03,501 - INFO - Val Loss: 0.6697, Val Acc: 80.68%
2024-11-22 04:10:03,502 - INFO - Class 0 Accuracy: 77.26%
2024-11-22 04:10:03,502 - INFO - Class 1 Accuracy: 55.35%
2024-11-22 04:10:03,502 - INFO - Class 2 Accuracy: 81.52%
2024-11-22 04:10:03,502 - INFO - Class 3 Accuracy: 71.07%
2024-11-22 04:10:03,502 - INFO - Class 4 Accuracy: 89.59%
2024-11-22 04:10:03,534 - INFO - Total samples is: <torch.utils.data.dataloader.DataLoader object at 0x000001A889739B20>
2024-11-22 04:25:56,671 - INFO - Mean IoU: 63.83%
2024-11-22 04:25:56,672 - INFO - Class 0 IoU: 19.89%
2024-11-22 04:25:56,672 - INFO - Class 1 IoU: 75.75%
2024-11-22 04:25:56,672 - INFO - Class 2 IoU: 61.41%
2024-11-22 04:25:56,672 - INFO - Class 3 IoU: 78.36%
2024-11-22 04:25:56,674 - INFO - Class 4 IoU: 83.73%
2024-11-22 04:25:56,674 - INFO - 
Epoch 16/500:
2024-11-22 04:25:56,674 - INFO - Train Loss: 0.0928, Train Acc: 96.79%
2024-11-22 04:25:56,674 - INFO - Val Loss: 0.5217, Val Acc: 86.03%
2024-11-22 04:25:56,674 - INFO - Class 0 Accuracy: 32.38%
2024-11-22 04:25:56,674 - INFO - Class 1 Accuracy: 76.99%
2024-11-22 04:25:56,674 - INFO - Class 2 Accuracy: 84.65%
2024-11-22 04:25:56,674 - INFO - Class 3 Accuracy: 78.65%
2024-11-22 04:25:56,674 - INFO - Class 4 Accuracy: 93.75%
2024-11-22 04:25:56,706 - INFO - Total samples is: <torch.utils.data.dataloader.DataLoader object at 0x000001A889739B20>
2024-11-22 04:42:14,208 - INFO - Mean IoU: 67.35%
2024-11-22 04:42:14,210 - INFO - Class 0 IoU: 33.29%
2024-11-22 04:42:14,210 - INFO - Class 1 IoU: 71.00%
2024-11-22 04:42:14,211 - INFO - Class 2 IoU: 55.08%
2024-11-22 04:42:14,211 - INFO - Class 3 IoU: 94.08%
2024-11-22 04:42:14,211 - INFO - Class 4 IoU: 83.32%
2024-11-22 04:42:14,211 - INFO - 
Epoch 17/500:
2024-11-22 04:42:14,211 - INFO - Train Loss: 0.1188, Train Acc: 95.97%
2024-11-22 04:42:14,211 - INFO - Val Loss: 0.4896, Val Acc: 85.17%
2024-11-22 04:42:14,212 - INFO - Class 0 Accuracy: 64.23%
2024-11-22 04:42:14,212 - INFO - Class 1 Accuracy: 73.37%
2024-11-22 04:42:14,212 - INFO - Class 2 Accuracy: 86.73%
2024-11-22 04:42:14,212 - INFO - Class 3 Accuracy: 96.12%
2024-11-22 04:42:14,212 - INFO - Class 4 Accuracy: 89.63%
2024-11-22 04:42:14,242 - INFO - Total samples is: <torch.utils.data.dataloader.DataLoader object at 0x000001A889739B20>
2024-11-22 04:58:14,476 - INFO - Mean IoU: 66.16%
2024-11-22 04:58:14,478 - INFO - Class 0 IoU: 31.56%
2024-11-22 04:58:14,478 - INFO - Class 1 IoU: 69.41%
2024-11-22 04:58:14,478 - INFO - Class 2 IoU: 56.77%
2024-11-22 04:58:14,478 - INFO - Class 3 IoU: 91.69%
2024-11-22 04:58:14,478 - INFO - Class 4 IoU: 81.39%
2024-11-22 04:58:14,479 - INFO - 
Epoch 18/500:
2024-11-22 04:58:14,479 - INFO - Train Loss: 0.0778, Train Acc: 97.32%
2024-11-22 04:58:14,479 - INFO - Val Loss: 0.6755, Val Acc: 83.29%
2024-11-22 04:58:14,479 - INFO - Class 0 Accuracy: 80.67%
2024-11-22 04:58:14,479 - INFO - Class 1 Accuracy: 74.96%
2024-11-22 04:58:14,479 - INFO - Class 2 Accuracy: 89.51%
2024-11-22 04:58:14,479 - INFO - Class 3 Accuracy: 93.73%
2024-11-22 04:58:14,479 - INFO - Class 4 Accuracy: 84.65%
2024-11-22 04:58:14,510 - INFO - Total samples is: <torch.utils.data.dataloader.DataLoader object at 0x000001A889739B20>
2024-11-22 05:13:54,490 - INFO - Mean IoU: 63.72%
2024-11-22 05:13:54,491 - INFO - Class 0 IoU: 28.60%
2024-11-22 05:13:54,492 - INFO - Class 1 IoU: 63.96%
2024-11-22 05:13:54,492 - INFO - Class 2 IoU: 55.45%
2024-11-22 05:13:54,492 - INFO - Class 3 IoU: 89.49%
2024-11-22 05:13:54,492 - INFO - Class 4 IoU: 81.07%
2024-11-22 05:13:54,492 - INFO - 
Epoch 19/500:
2024-11-22 05:13:54,492 - INFO - Train Loss: 0.0830, Train Acc: 97.13%
2024-11-22 05:13:54,492 - INFO - Val Loss: 0.6180, Val Acc: 82.66%
2024-11-22 05:13:54,492 - INFO - Class 0 Accuracy: 65.43%
2024-11-22 05:13:54,493 - INFO - Class 1 Accuracy: 64.68%
2024-11-22 05:13:54,493 - INFO - Class 2 Accuracy: 90.05%
2024-11-22 05:13:54,493 - INFO - Class 3 Accuracy: 90.55%
2024-11-22 05:13:54,493 - INFO - Class 4 Accuracy: 88.27%
2024-11-22 05:13:54,523 - INFO - Total samples is: <torch.utils.data.dataloader.DataLoader object at 0x000001A889739B20>
2024-11-22 05:27:21,247 - INFO - Mean IoU: 68.49%
2024-11-22 05:27:21,248 - INFO - Class 0 IoU: 24.63%
2024-11-22 05:27:21,249 - INFO - Class 1 IoU: 73.19%
2024-11-22 05:27:21,249 - INFO - Class 2 IoU: 65.24%
2024-11-22 05:27:21,249 - INFO - Class 3 IoU: 91.94%
2024-11-22 05:27:21,249 - INFO - Class 4 IoU: 87.48%
2024-11-22 05:27:21,249 - INFO - 
Epoch 20/500:
2024-11-22 05:27:21,249 - INFO - Train Loss: 0.0719, Train Acc: 97.47%
2024-11-22 05:27:21,249 - INFO - Val Loss: 0.4920, Val Acc: 87.43%
2024-11-22 05:27:21,250 - INFO - Class 0 Accuracy: 46.90%
2024-11-22 05:27:21,250 - INFO - Class 1 Accuracy: 77.10%
2024-11-22 05:27:21,250 - INFO - Class 2 Accuracy: 82.68%
2024-11-22 05:27:21,250 - INFO - Class 3 Accuracy: 92.77%
2024-11-22 05:27:21,250 - INFO - Class 4 Accuracy: 94.20%
2024-11-22 05:27:21,280 - INFO - Total samples is: <torch.utils.data.dataloader.DataLoader object at 0x000001A889739B20>
2024-11-22 05:39:51,174 - INFO - Mean IoU: 62.34%
2024-11-22 05:39:51,176 - INFO - Class 0 IoU: 30.10%
2024-11-22 05:39:51,176 - INFO - Class 1 IoU: 75.39%
2024-11-22 05:39:51,176 - INFO - Class 2 IoU: 62.36%
2024-11-22 05:39:51,176 - INFO - Class 3 IoU: 62.12%
2024-11-22 05:39:51,176 - INFO - Class 4 IoU: 81.72%
2024-11-22 05:39:51,177 - INFO - 
Epoch 21/500:
2024-11-22 05:39:51,177 - INFO - Train Loss: 0.0751, Train Acc: 97.42%
2024-11-22 05:39:51,177 - INFO - Val Loss: 0.5598, Val Acc: 84.23%
2024-11-22 05:39:51,177 - INFO - Class 0 Accuracy: 64.61%
2024-11-22 05:39:51,177 - INFO - Class 1 Accuracy: 77.21%
2024-11-22 05:39:51,177 - INFO - Class 2 Accuracy: 84.12%
2024-11-22 05:39:51,177 - INFO - Class 3 Accuracy: 97.20%
2024-11-22 05:39:51,177 - INFO - Class 4 Accuracy: 87.28%
2024-11-22 05:39:51,217 - INFO - Total samples is: <torch.utils.data.dataloader.DataLoader object at 0x000001A889739B20>
2024-11-22 05:52:24,380 - INFO - Mean IoU: 67.74%
2024-11-22 05:52:24,381 - INFO - Class 0 IoU: 22.19%
2024-11-22 05:52:24,381 - INFO - Class 1 IoU: 83.09%
2024-11-22 05:52:24,382 - INFO - Class 2 IoU: 58.51%
2024-11-22 05:52:24,382 - INFO - Class 3 IoU: 90.46%
2024-11-22 05:52:24,382 - INFO - Class 4 IoU: 84.47%
2024-11-22 05:52:24,382 - INFO - 
Epoch 22/500:
2024-11-22 05:52:24,382 - INFO - Train Loss: 0.0845, Train Acc: 97.18%
2024-11-22 05:52:24,382 - INFO - Val Loss: 0.4423, Val Acc: 87.58%
2024-11-22 05:52:24,382 - INFO - Class 0 Accuracy: 30.27%
2024-11-22 05:52:24,382 - INFO - Class 1 Accuracy: 86.72%
2024-11-22 05:52:24,382 - INFO - Class 2 Accuracy: 86.78%
2024-11-22 05:52:24,382 - INFO - Class 3 Accuracy: 91.83%
2024-11-22 05:52:24,382 - INFO - Class 4 Accuracy: 92.17%
2024-11-22 05:52:24,419 - INFO - Total samples is: <torch.utils.data.dataloader.DataLoader object at 0x000001A889739B20>
2024-11-22 06:04:52,492 - INFO - Mean IoU: 63.74%
2024-11-22 06:04:52,493 - INFO - Class 0 IoU: 13.61%
2024-11-22 06:04:52,493 - INFO - Class 1 IoU: 69.09%
2024-11-22 06:04:52,493 - INFO - Class 2 IoU: 63.30%
2024-11-22 06:04:52,494 - INFO - Class 3 IoU: 87.03%
2024-11-22 06:04:52,494 - INFO - Class 4 IoU: 85.65%
2024-11-22 06:04:52,494 - INFO - 
Epoch 23/500:
2024-11-22 06:04:52,494 - INFO - Train Loss: 0.0673, Train Acc: 97.69%
2024-11-22 06:04:52,494 - INFO - Val Loss: 0.5861, Val Acc: 85.27%
2024-11-22 06:04:52,494 - INFO - Class 0 Accuracy: 27.59%
2024-11-22 06:04:52,495 - INFO - Class 1 Accuracy: 71.97%
2024-11-22 06:04:52,495 - INFO - Class 2 Accuracy: 85.31%
2024-11-22 06:04:52,495 - INFO - Class 3 Accuracy: 87.56%
2024-11-22 06:04:52,495 - INFO - Class 4 Accuracy: 93.86%
2024-11-22 06:04:52,532 - INFO - Total samples is: <torch.utils.data.dataloader.DataLoader object at 0x000001A889739B20>
2024-11-22 06:17:23,761 - INFO - Mean IoU: 56.21%
2024-11-22 06:17:23,762 - INFO - Class 0 IoU: 14.58%
2024-11-22 06:17:23,762 - INFO - Class 1 IoU: 62.31%
2024-11-22 06:17:23,763 - INFO - Class 2 IoU: 48.30%
2024-11-22 06:17:23,763 - INFO - Class 3 IoU: 79.86%
2024-11-22 06:17:23,763 - INFO - Class 4 IoU: 75.98%
2024-11-22 06:17:23,763 - INFO - 
Epoch 24/500:
2024-11-22 06:17:23,763 - INFO - Train Loss: 0.0652, Train Acc: 97.75%
2024-11-22 06:17:23,763 - INFO - Val Loss: 0.9901, Val Acc: 79.22%
2024-11-22 06:17:23,763 - INFO - Class 0 Accuracy: 27.33%
2024-11-22 06:17:23,763 - INFO - Class 1 Accuracy: 63.57%
2024-11-22 06:17:23,764 - INFO - Class 2 Accuracy: 92.30%
2024-11-22 06:17:23,764 - INFO - Class 3 Accuracy: 80.43%
2024-11-22 06:17:23,764 - INFO - Class 4 Accuracy: 86.39%
2024-11-22 06:17:23,795 - INFO - Total samples is: <torch.utils.data.dataloader.DataLoader object at 0x000001A889739B20>
2024-11-22 06:29:54,275 - INFO - Mean IoU: 69.10%
2024-11-22 06:29:54,277 - INFO - Class 0 IoU: 40.64%
2024-11-22 06:29:54,277 - INFO - Class 1 IoU: 77.66%
2024-11-22 06:29:54,277 - INFO - Class 2 IoU: 51.66%
2024-11-22 06:29:54,277 - INFO - Class 3 IoU: 91.99%
2024-11-22 06:29:54,277 - INFO - Class 4 IoU: 83.55%
2024-11-22 06:29:54,278 - INFO - 
Epoch 25/500:
2024-11-22 06:29:54,278 - INFO - Train Loss: 0.0747, Train Acc: 97.38%
2024-11-22 06:29:54,278 - INFO - Val Loss: 0.5474, Val Acc: 85.96%
2024-11-22 06:29:54,278 - INFO - Class 0 Accuracy: 74.20%
2024-11-22 06:29:54,278 - INFO - Class 1 Accuracy: 82.48%
2024-11-22 06:29:54,278 - INFO - Class 2 Accuracy: 87.07%
2024-11-22 06:29:54,278 - INFO - Class 3 Accuracy: 92.87%
2024-11-22 06:29:54,279 - INFO - Class 4 Accuracy: 87.46%
2024-11-22 06:29:54,309 - INFO - Total samples is: <torch.utils.data.dataloader.DataLoader object at 0x000001A889739B20>
2024-11-22 06:42:23,099 - INFO - Mean IoU: 70.39%
2024-11-22 06:42:23,101 - INFO - Class 0 IoU: 37.55%
2024-11-22 06:42:23,101 - INFO - Class 1 IoU: 77.97%
2024-11-22 06:42:23,101 - INFO - Class 2 IoU: 64.63%
2024-11-22 06:42:23,101 - INFO - Class 3 IoU: 86.55%
2024-11-22 06:42:23,101 - INFO - Class 4 IoU: 85.24%
2024-11-22 06:42:23,101 - INFO - 
Epoch 26/500:
2024-11-22 06:42:23,101 - INFO - Train Loss: 0.0603, Train Acc: 97.90%
2024-11-22 06:42:23,101 - INFO - Val Loss: 0.4750, Val Acc: 87.98%
2024-11-22 06:42:23,102 - INFO - Class 0 Accuracy: 61.10%
2024-11-22 06:42:23,102 - INFO - Class 1 Accuracy: 81.05%
2024-11-22 06:42:23,102 - INFO - Class 2 Accuracy: 85.07%
2024-11-22 06:42:23,102 - INFO - Class 3 Accuracy: 87.33%
2024-11-22 06:42:23,103 - INFO - Class 4 Accuracy: 92.74%
2024-11-22 06:42:23,140 - INFO - Total samples is: <torch.utils.data.dataloader.DataLoader object at 0x000001A889739B20>
2024-11-22 06:54:52,385 - INFO - Mean IoU: 69.90%
2024-11-22 06:54:52,386 - INFO - Class 0 IoU: 35.88%
2024-11-22 06:54:52,387 - INFO - Class 1 IoU: 84.18%
2024-11-22 06:54:52,387 - INFO - Class 2 IoU: 57.87%
2024-11-22 06:54:52,387 - INFO - Class 3 IoU: 89.46%
2024-11-22 06:54:52,387 - INFO - Class 4 IoU: 82.10%
2024-11-22 06:54:52,387 - INFO - 
Epoch 27/500:
2024-11-22 06:54:52,387 - INFO - Train Loss: 0.0606, Train Acc: 97.88%
2024-11-22 06:54:52,387 - INFO - Val Loss: 0.4012, Val Acc: 86.77%
2024-11-22 06:54:52,387 - INFO - Class 0 Accuracy: 59.77%
2024-11-22 06:54:52,387 - INFO - Class 1 Accuracy: 90.10%
2024-11-22 06:54:52,387 - INFO - Class 2 Accuracy: 87.65%
2024-11-22 06:54:52,387 - INFO - Class 3 Accuracy: 94.35%
2024-11-22 06:54:52,388 - INFO - Class 4 Accuracy: 87.29%
2024-11-22 06:54:52,418 - INFO - Total samples is: <torch.utils.data.dataloader.DataLoader object at 0x000001A889739B20>
2024-11-22 07:07:21,375 - INFO - Mean IoU: 65.15%
2024-11-22 07:07:21,377 - INFO - Class 0 IoU: 29.63%
2024-11-22 07:07:21,377 - INFO - Class 1 IoU: 59.97%
2024-11-22 07:07:21,377 - INFO - Class 2 IoU: 61.02%
2024-11-22 07:07:21,377 - INFO - Class 3 IoU: 91.52%
2024-11-22 07:07:21,377 - INFO - Class 4 IoU: 83.63%
2024-11-22 07:07:21,378 - INFO - 
Epoch 28/500:
2024-11-22 07:07:21,378 - INFO - Train Loss: 0.0682, Train Acc: 97.62%
2024-11-22 07:07:21,378 - INFO - Val Loss: 0.6769, Val Acc: 83.54%
2024-11-22 07:07:21,378 - INFO - Class 0 Accuracy: 74.34%
2024-11-22 07:07:21,378 - INFO - Class 1 Accuracy: 60.64%
2024-11-22 07:07:21,378 - INFO - Class 2 Accuracy: 88.24%
2024-11-22 07:07:21,378 - INFO - Class 3 Accuracy: 94.27%
2024-11-22 07:07:21,378 - INFO - Class 4 Accuracy: 90.28%
2024-11-22 07:07:21,408 - INFO - Total samples is: <torch.utils.data.dataloader.DataLoader object at 0x000001A889739B20>
2024-11-22 07:19:48,822 - INFO - Mean IoU: 64.05%
2024-11-22 07:19:48,824 - INFO - Class 0 IoU: 25.26%
2024-11-22 07:19:48,824 - INFO - Class 1 IoU: 59.20%
2024-11-22 07:19:48,825 - INFO - Class 2 IoU: 62.89%
2024-11-22 07:19:48,825 - INFO - Class 3 IoU: 91.97%
2024-11-22 07:19:48,825 - INFO - Class 4 IoU: 80.94%
2024-11-22 07:19:48,825 - INFO - 
Epoch 29/500:
2024-11-22 07:19:48,825 - INFO - Train Loss: 0.0549, Train Acc: 98.10%
2024-11-22 07:19:48,825 - INFO - Val Loss: 0.7638, Val Acc: 82.53%
2024-11-22 07:19:48,825 - INFO - Class 0 Accuracy: 60.68%
2024-11-22 07:19:48,825 - INFO - Class 1 Accuracy: 59.97%
2024-11-22 07:19:48,826 - INFO - Class 2 Accuracy: 84.34%
2024-11-22 07:19:48,826 - INFO - Class 3 Accuracy: 94.17%
2024-11-22 07:19:48,826 - INFO - Class 4 Accuracy: 90.49%
2024-11-22 07:19:48,856 - INFO - Total samples is: <torch.utils.data.dataloader.DataLoader object at 0x000001A889739B20>
2024-11-22 07:32:18,784 - INFO - Mean IoU: 67.42%
2024-11-22 07:32:18,785 - INFO - Class 0 IoU: 32.94%
2024-11-22 07:32:18,786 - INFO - Class 1 IoU: 73.43%
2024-11-22 07:32:18,786 - INFO - Class 2 IoU: 56.12%
2024-11-22 07:32:18,786 - INFO - Class 3 IoU: 91.34%
2024-11-22 07:32:18,786 - INFO - Class 4 IoU: 83.27%
2024-11-22 07:32:18,786 - INFO - 
Epoch 30/500:
2024-11-22 07:32:18,786 - INFO - Train Loss: 0.0608, Train Acc: 97.96%
2024-11-22 07:32:18,786 - INFO - Val Loss: 0.6622, Val Acc: 85.77%
2024-11-22 07:32:18,786 - INFO - Class 0 Accuracy: 56.42%
2024-11-22 07:32:18,787 - INFO - Class 1 Accuracy: 74.50%
2024-11-22 07:32:18,787 - INFO - Class 2 Accuracy: 86.77%
2024-11-22 07:32:18,787 - INFO - Class 3 Accuracy: 94.33%
2024-11-22 07:32:18,787 - INFO - Class 4 Accuracy: 90.97%
2024-11-22 07:32:18,818 - INFO - Total samples is: <torch.utils.data.dataloader.DataLoader object at 0x000001A889739B20>
2024-11-22 07:44:46,761 - INFO - Mean IoU: 67.59%
2024-11-22 07:44:46,763 - INFO - Class 0 IoU: 35.41%
2024-11-22 07:44:46,763 - INFO - Class 1 IoU: 73.28%
2024-11-22 07:44:46,763 - INFO - Class 2 IoU: 55.99%
2024-11-22 07:44:46,764 - INFO - Class 3 IoU: 90.11%
2024-11-22 07:44:46,764 - INFO - Class 4 IoU: 83.14%
2024-11-22 07:44:46,764 - INFO - 
Epoch 31/500:
2024-11-22 07:44:46,764 - INFO - Train Loss: 0.0668, Train Acc: 97.72%
2024-11-22 07:44:46,764 - INFO - Val Loss: 0.5542, Val Acc: 85.54%
2024-11-22 07:44:46,764 - INFO - Class 0 Accuracy: 63.78%
2024-11-22 07:44:46,764 - INFO - Class 1 Accuracy: 75.72%
2024-11-22 07:44:46,764 - INFO - Class 2 Accuracy: 89.84%
2024-11-22 07:44:46,764 - INFO - Class 3 Accuracy: 96.71%
2024-11-22 07:44:46,765 - INFO - Class 4 Accuracy: 89.11%
2024-11-22 07:44:46,796 - INFO - Total samples is: <torch.utils.data.dataloader.DataLoader object at 0x000001A889739B20>
2024-11-22 07:57:15,380 - INFO - Mean IoU: 66.78%
2024-11-22 07:57:15,381 - INFO - Class 0 IoU: 22.15%
2024-11-22 07:57:15,382 - INFO - Class 1 IoU: 72.73%
2024-11-22 07:57:15,382 - INFO - Class 2 IoU: 58.82%
2024-11-22 07:57:15,382 - INFO - Class 3 IoU: 94.06%
2024-11-22 07:57:15,382 - INFO - Class 4 IoU: 86.12%
2024-11-22 07:57:15,382 - INFO - 
Epoch 32/500:
2024-11-22 07:57:15,382 - INFO - Train Loss: 0.0583, Train Acc: 97.97%
2024-11-22 07:57:15,382 - INFO - Val Loss: 0.5756, Val Acc: 86.51%
2024-11-22 07:57:15,383 - INFO - Class 0 Accuracy: 38.99%
2024-11-22 07:57:15,383 - INFO - Class 1 Accuracy: 74.05%
2024-11-22 07:57:15,383 - INFO - Class 2 Accuracy: 87.41%
2024-11-22 07:57:15,383 - INFO - Class 3 Accuracy: 96.16%
2024-11-22 07:57:15,383 - INFO - Class 4 Accuracy: 93.43%
2024-11-22 07:57:15,423 - INFO - Total samples is: <torch.utils.data.dataloader.DataLoader object at 0x000001A889739B20>
2024-11-22 08:09:42,144 - INFO - Mean IoU: 61.27%
2024-11-22 08:09:42,145 - INFO - Class 0 IoU: 33.57%
2024-11-22 08:09:42,145 - INFO - Class 1 IoU: 70.83%
2024-11-22 08:09:42,145 - INFO - Class 2 IoU: 55.01%
2024-11-22 08:09:42,145 - INFO - Class 3 IoU: 68.78%
2024-11-22 08:09:42,145 - INFO - Class 4 IoU: 78.14%
2024-11-22 08:09:42,145 - INFO - 
Epoch 33/500:
2024-11-22 08:09:42,146 - INFO - Train Loss: 0.0531, Train Acc: 98.18%
2024-11-22 08:09:42,146 - INFO - Val Loss: 0.6683, Val Acc: 81.97%
2024-11-22 08:09:42,146 - INFO - Class 0 Accuracy: 74.84%
2024-11-22 08:09:42,146 - INFO - Class 1 Accuracy: 77.67%
2024-11-22 08:09:42,146 - INFO - Class 2 Accuracy: 91.22%
2024-11-22 08:09:42,146 - INFO - Class 3 Accuracy: 97.24%
2024-11-22 08:09:42,147 - INFO - Class 4 Accuracy: 81.62%
2024-11-22 08:09:42,179 - INFO - Total samples is: <torch.utils.data.dataloader.DataLoader object at 0x000001A889739B20>
2024-11-22 08:22:11,855 - INFO - Mean IoU: 66.41%
2024-11-22 08:22:11,857 - INFO - Class 0 IoU: 22.81%
2024-11-22 08:22:11,857 - INFO - Class 1 IoU: 73.03%
2024-11-22 08:22:11,857 - INFO - Class 2 IoU: 64.30%
2024-11-22 08:22:11,857 - INFO - Class 3 IoU: 87.86%
2024-11-22 08:22:11,857 - INFO - Class 4 IoU: 84.04%
2024-11-22 08:22:11,858 - INFO - 
Epoch 34/500:
2024-11-22 08:22:11,858 - INFO - Train Loss: 0.0749, Train Acc: 97.49%
2024-11-22 08:22:11,858 - INFO - Val Loss: 0.5508, Val Acc: 86.37%
2024-11-22 08:22:11,858 - INFO - Class 0 Accuracy: 36.88%
2024-11-22 08:22:11,858 - INFO - Class 1 Accuracy: 73.77%
2024-11-22 08:22:11,858 - INFO - Class 2 Accuracy: 89.53%
2024-11-22 08:22:11,858 - INFO - Class 3 Accuracy: 88.93%
2024-11-22 08:22:11,858 - INFO - Class 4 Accuracy: 93.66%
2024-11-22 08:22:11,890 - INFO - Total samples is: <torch.utils.data.dataloader.DataLoader object at 0x000001A889739B20>
2024-11-22 08:34:39,089 - INFO - Mean IoU: 63.89%
2024-11-22 08:34:39,090 - INFO - Class 0 IoU: 22.44%
2024-11-22 08:34:39,090 - INFO - Class 1 IoU: 64.84%
2024-11-22 08:34:39,090 - INFO - Class 2 IoU: 63.88%
2024-11-22 08:34:39,091 - INFO - Class 3 IoU: 86.59%
2024-11-22 08:34:39,091 - INFO - Class 4 IoU: 81.69%
2024-11-22 08:34:39,091 - INFO - 
Epoch 35/500:
2024-11-22 08:34:39,091 - INFO - Train Loss: 0.0548, Train Acc: 98.11%
2024-11-22 08:34:39,091 - INFO - Val Loss: 0.7802, Val Acc: 84.13%
2024-11-22 08:34:39,091 - INFO - Class 0 Accuracy: 41.52%
2024-11-22 08:34:39,091 - INFO - Class 1 Accuracy: 65.43%
2024-11-22 08:34:39,091 - INFO - Class 2 Accuracy: 90.30%
2024-11-22 08:34:39,091 - INFO - Class 3 Accuracy: 87.16%
2024-11-22 08:34:39,092 - INFO - Class 4 Accuracy: 92.34%
2024-11-22 08:34:39,124 - INFO - Total samples is: <torch.utils.data.dataloader.DataLoader object at 0x000001A889739B20>
2024-11-22 08:47:08,157 - INFO - Mean IoU: 59.63%
2024-11-22 08:47:08,159 - INFO - Class 0 IoU: 21.40%
2024-11-22 08:47:08,159 - INFO - Class 1 IoU: 53.19%
2024-11-22 08:47:08,159 - INFO - Class 2 IoU: 62.76%
2024-11-22 08:47:08,159 - INFO - Class 3 IoU: 77.76%
2024-11-22 08:47:08,159 - INFO - Class 4 IoU: 83.06%
2024-11-22 08:47:08,159 - INFO - 
Epoch 36/500:
2024-11-22 08:47:08,159 - INFO - Train Loss: 0.0641, Train Acc: 97.78%
2024-11-22 08:47:08,159 - INFO - Val Loss: 0.9794, Val Acc: 82.29%
2024-11-22 08:47:08,160 - INFO - Class 0 Accuracy: 49.49%
2024-11-22 08:47:08,160 - INFO - Class 1 Accuracy: 53.96%
2024-11-22 08:47:08,160 - INFO - Class 2 Accuracy: 85.27%
2024-11-22 08:47:08,160 - INFO - Class 3 Accuracy: 78.12%
2024-11-22 08:47:08,160 - INFO - Class 4 Accuracy: 93.77%
2024-11-22 08:47:08,192 - INFO - Total samples is: <torch.utils.data.dataloader.DataLoader object at 0x000001A889739B20>
2024-11-22 08:59:37,350 - INFO - Mean IoU: 68.55%
2024-11-22 08:59:37,351 - INFO - Class 0 IoU: 31.95%
2024-11-22 08:59:37,351 - INFO - Class 1 IoU: 75.58%
2024-11-22 08:59:37,351 - INFO - Class 2 IoU: 59.62%
2024-11-22 08:59:37,352 - INFO - Class 3 IoU: 92.24%
2024-11-22 08:59:37,352 - INFO - Class 4 IoU: 83.36%
2024-11-22 08:59:37,352 - INFO - 
Epoch 37/500:
2024-11-22 08:59:37,352 - INFO - Train Loss: 0.0568, Train Acc: 98.08%
2024-11-22 08:59:37,352 - INFO - Val Loss: 0.5296, Val Acc: 86.04%
2024-11-22 08:59:37,352 - INFO - Class 0 Accuracy: 61.04%
2024-11-22 08:59:37,352 - INFO - Class 1 Accuracy: 78.96%
2024-11-22 08:59:37,352 - INFO - Class 2 Accuracy: 86.83%
2024-11-22 08:59:37,352 - INFO - Class 3 Accuracy: 93.83%
2024-11-22 08:59:37,352 - INFO - Class 4 Accuracy: 89.65%
2024-11-22 08:59:37,383 - INFO - Total samples is: <torch.utils.data.dataloader.DataLoader object at 0x000001A889739B20>
2024-11-22 09:12:06,946 - INFO - Mean IoU: 67.73%
2024-11-22 09:12:06,948 - INFO - Class 0 IoU: 24.45%
2024-11-22 09:12:06,948 - INFO - Class 1 IoU: 73.37%
2024-11-22 09:12:06,948 - INFO - Class 2 IoU: 61.51%
2024-11-22 09:12:06,948 - INFO - Class 3 IoU: 92.86%
2024-11-22 09:12:06,949 - INFO - Class 4 IoU: 86.48%
2024-11-22 09:12:06,949 - INFO - 
Epoch 38/500:
2024-11-22 09:12:06,949 - INFO - Train Loss: 0.0732, Train Acc: 97.51%
2024-11-22 09:12:06,949 - INFO - Val Loss: 0.5374, Val Acc: 86.65%
2024-11-22 09:12:06,949 - INFO - Class 0 Accuracy: 48.80%
2024-11-22 09:12:06,949 - INFO - Class 1 Accuracy: 75.04%
2024-11-22 09:12:06,949 - INFO - Class 2 Accuracy: 86.95%
2024-11-22 09:12:06,949 - INFO - Class 3 Accuracy: 94.09%
2024-11-22 09:12:06,949 - INFO - Class 4 Accuracy: 92.76%
2024-11-22 09:12:06,981 - INFO - Total samples is: <torch.utils.data.dataloader.DataLoader object at 0x000001A889739B20>
2024-11-22 09:26:34,683 - INFO - Mean IoU: 66.43%
2024-11-22 09:26:34,683 - INFO - Class 0 IoU: 23.49%
2024-11-22 09:26:34,684 - INFO - Class 1 IoU: 66.26%
2024-11-22 09:26:34,684 - INFO - Class 2 IoU: 63.14%
2024-11-22 09:26:34,684 - INFO - Class 3 IoU: 93.92%
2024-11-22 09:26:34,684 - INFO - Class 4 IoU: 85.37%
2024-11-22 09:26:34,684 - INFO - 
Epoch 39/500:
2024-11-22 09:26:34,685 - INFO - Train Loss: 0.0594, Train Acc: 98.00%
2024-11-22 09:26:34,685 - INFO - Val Loss: 0.6227, Val Acc: 85.55%
2024-11-22 09:26:34,685 - INFO - Class 0 Accuracy: 47.40%
2024-11-22 09:26:34,685 - INFO - Class 1 Accuracy: 67.24%
2024-11-22 09:26:34,685 - INFO - Class 2 Accuracy: 87.06%
2024-11-22 09:26:34,685 - INFO - Class 3 Accuracy: 95.55%
2024-11-22 09:26:34,686 - INFO - Class 4 Accuracy: 93.52%
2024-11-22 09:26:34,714 - INFO - Total samples is: <torch.utils.data.dataloader.DataLoader object at 0x000001A889739B20>
2024-11-22 09:40:00,637 - INFO - Mean IoU: 68.70%
2024-11-22 09:40:00,638 - INFO - Class 0 IoU: 34.45%
2024-11-22 09:40:00,638 - INFO - Class 1 IoU: 74.70%
2024-11-22 09:40:00,638 - INFO - Class 2 IoU: 58.01%
2024-11-22 09:40:00,638 - INFO - Class 3 IoU: 92.97%
2024-11-22 09:40:00,638 - INFO - Class 4 IoU: 83.37%
2024-11-22 09:40:00,638 - INFO - 
Epoch 40/500:
2024-11-22 09:40:00,638 - INFO - Train Loss: 0.0456, Train Acc: 98.40%
2024-11-22 09:40:00,638 - INFO - Val Loss: 0.6667, Val Acc: 86.02%
2024-11-22 09:40:00,638 - INFO - Class 0 Accuracy: 65.08%
2024-11-22 09:40:00,638 - INFO - Class 1 Accuracy: 76.92%
2024-11-22 09:40:00,639 - INFO - Class 2 Accuracy: 86.85%
2024-11-22 09:40:00,639 - INFO - Class 3 Accuracy: 94.77%
2024-11-22 09:40:00,639 - INFO - Class 4 Accuracy: 89.82%
2024-11-22 09:40:00,671 - INFO - Total samples is: <torch.utils.data.dataloader.DataLoader object at 0x000001A889739B20>
2024-11-22 09:53:52,104 - INFO - Mean IoU: 69.73%
2024-11-22 09:53:52,106 - INFO - Class 0 IoU: 32.07%
2024-11-22 09:53:52,106 - INFO - Class 1 IoU: 72.84%
2024-11-22 09:53:52,106 - INFO - Class 2 IoU: 64.07%
2024-11-22 09:53:52,106 - INFO - Class 3 IoU: 93.24%
2024-11-22 09:53:52,106 - INFO - Class 4 IoU: 86.45%
2024-11-22 09:53:52,106 - INFO - 
Epoch 41/500:
2024-11-22 09:53:52,106 - INFO - Train Loss: 0.0423, Train Acc: 98.51%
2024-11-22 09:53:52,106 - INFO - Val Loss: 0.5661, Val Acc: 86.99%
2024-11-22 09:53:52,106 - INFO - Class 0 Accuracy: 67.82%
2024-11-22 09:53:52,106 - INFO - Class 1 Accuracy: 74.10%
2024-11-22 09:53:52,107 - INFO - Class 2 Accuracy: 87.56%
2024-11-22 09:53:52,107 - INFO - Class 3 Accuracy: 95.14%
2024-11-22 09:53:52,107 - INFO - Class 4 Accuracy: 92.03%
2024-11-22 09:53:52,139 - INFO - Total samples is: <torch.utils.data.dataloader.DataLoader object at 0x000001A889739B20>
2024-11-22 10:07:23,996 - INFO - Mean IoU: 68.84%
2024-11-22 10:07:23,998 - INFO - Class 0 IoU: 27.47%
2024-11-22 10:07:23,998 - INFO - Class 1 IoU: 74.63%
2024-11-22 10:07:23,998 - INFO - Class 2 IoU: 64.86%
2024-11-22 10:07:23,998 - INFO - Class 3 IoU: 90.64%
2024-11-22 10:07:23,998 - INFO - Class 4 IoU: 86.59%
2024-11-22 10:07:23,999 - INFO - 
Epoch 42/500:
2024-11-22 10:07:23,999 - INFO - Train Loss: 0.0473, Train Acc: 98.34%
2024-11-22 10:07:23,999 - INFO - Val Loss: 0.5121, Val Acc: 87.26%
2024-11-22 10:07:23,999 - INFO - Class 0 Accuracy: 54.00%
2024-11-22 10:07:23,999 - INFO - Class 1 Accuracy: 75.75%
2024-11-22 10:07:23,999 - INFO - Class 2 Accuracy: 87.86%
2024-11-22 10:07:23,999 - INFO - Class 3 Accuracy: 92.90%
2024-11-22 10:07:24,000 - INFO - Class 4 Accuracy: 93.07%
2024-11-22 10:07:24,031 - INFO - Total samples is: <torch.utils.data.dataloader.DataLoader object at 0x000001A889739B20>
2024-11-22 10:21:06,428 - INFO - Mean IoU: 68.14%
2024-11-22 10:21:06,429 - INFO - Class 0 IoU: 30.21%
2024-11-22 10:21:06,429 - INFO - Class 1 IoU: 66.35%
2024-11-22 10:21:06,429 - INFO - Class 2 IoU: 66.36%
2024-11-22 10:21:06,430 - INFO - Class 3 IoU: 92.30%
2024-11-22 10:21:06,430 - INFO - Class 4 IoU: 85.46%
2024-11-22 10:21:06,430 - INFO - 
Epoch 43/500:
2024-11-22 10:21:06,430 - INFO - Train Loss: 0.0412, Train Acc: 98.53%
2024-11-22 10:21:06,430 - INFO - Val Loss: 0.6067, Val Acc: 86.23%
2024-11-22 10:21:06,430 - INFO - Class 0 Accuracy: 60.46%
2024-11-22 10:21:06,430 - INFO - Class 1 Accuracy: 67.14%
2024-11-22 10:21:06,430 - INFO - Class 2 Accuracy: 84.50%
2024-11-22 10:21:06,430 - INFO - Class 3 Accuracy: 93.04%
2024-11-22 10:21:06,431 - INFO - Class 4 Accuracy: 94.14%
2024-11-22 10:21:06,462 - INFO - Total samples is: <torch.utils.data.dataloader.DataLoader object at 0x000001A889739B20>
2024-11-22 10:34:44,577 - INFO - Mean IoU: 67.73%
2024-11-22 10:34:44,578 - INFO - Class 0 IoU: 31.43%
2024-11-22 10:34:44,578 - INFO - Class 1 IoU: 73.89%
2024-11-22 10:34:44,578 - INFO - Class 2 IoU: 59.53%
2024-11-22 10:34:44,578 - INFO - Class 3 IoU: 89.36%
2024-11-22 10:34:44,578 - INFO - Class 4 IoU: 84.42%
2024-11-22 10:34:44,578 - INFO - 
Epoch 44/500:
2024-11-22 10:34:44,578 - INFO - Train Loss: 0.0482, Train Acc: 98.32%
2024-11-22 10:34:44,578 - INFO - Val Loss: 0.6028, Val Acc: 86.43%
2024-11-22 10:34:44,579 - INFO - Class 0 Accuracy: 54.16%
2024-11-22 10:34:44,579 - INFO - Class 1 Accuracy: 74.51%
2024-11-22 10:34:44,579 - INFO - Class 2 Accuracy: 89.47%
2024-11-22 10:34:44,579 - INFO - Class 3 Accuracy: 90.28%
2024-11-22 10:34:44,579 - INFO - Class 4 Accuracy: 92.08%
2024-11-22 10:34:44,609 - INFO - Total samples is: <torch.utils.data.dataloader.DataLoader object at 0x000001A889739B20>
2024-11-22 10:49:16,376 - INFO - Mean IoU: 67.93%
2024-11-22 10:49:16,377 - INFO - Class 0 IoU: 31.20%
2024-11-22 10:49:16,377 - INFO - Class 1 IoU: 72.68%
2024-11-22 10:49:16,377 - INFO - Class 2 IoU: 66.45%
2024-11-22 10:49:16,379 - INFO - Class 3 IoU: 87.95%
2024-11-22 10:49:16,379 - INFO - Class 4 IoU: 81.37%
2024-11-22 10:49:16,379 - INFO - 
Epoch 45/500:
2024-11-22 10:49:16,379 - INFO - Train Loss: 0.0490, Train Acc: 98.38%
2024-11-22 10:49:16,379 - INFO - Val Loss: 0.5655, Val Acc: 84.67%
2024-11-22 10:49:16,379 - INFO - Class 0 Accuracy: 75.99%
2024-11-22 10:49:16,379 - INFO - Class 1 Accuracy: 73.75%
2024-11-22 10:49:16,379 - INFO - Class 2 Accuracy: 80.24%
2024-11-22 10:49:16,380 - INFO - Class 3 Accuracy: 96.24%
2024-11-22 10:49:16,380 - INFO - Class 4 Accuracy: 88.84%
2024-11-22 10:49:16,410 - INFO - Total samples is: <torch.utils.data.dataloader.DataLoader object at 0x000001A889739B20>
2024-11-22 11:05:13,029 - INFO - Mean IoU: 68.41%
2024-11-22 11:05:13,030 - INFO - Class 0 IoU: 31.31%
2024-11-22 11:05:13,030 - INFO - Class 1 IoU: 70.50%
2024-11-22 11:05:13,030 - INFO - Class 2 IoU: 61.07%
2024-11-22 11:05:13,030 - INFO - Class 3 IoU: 93.36%
2024-11-22 11:05:13,031 - INFO - Class 4 IoU: 85.78%
2024-11-22 11:05:13,031 - INFO - 
Epoch 46/500:
2024-11-22 11:05:13,031 - INFO - Train Loss: 0.0570, Train Acc: 98.03%
2024-11-22 11:05:13,031 - INFO - Val Loss: 0.5522, Val Acc: 86.36%
2024-11-22 11:05:13,031 - INFO - Class 0 Accuracy: 63.13%
2024-11-22 11:05:13,031 - INFO - Class 1 Accuracy: 71.56%
2024-11-22 11:05:13,031 - INFO - Class 2 Accuracy: 87.23%
2024-11-22 11:05:13,031 - INFO - Class 3 Accuracy: 95.45%
2024-11-22 11:05:13,032 - INFO - Class 4 Accuracy: 92.21%
2024-11-22 11:05:13,067 - INFO - Total samples is: <torch.utils.data.dataloader.DataLoader object at 0x000001A889739B20>
2024-11-22 11:18:15,031 - INFO - Mean IoU: 68.42%
2024-11-22 11:18:15,032 - INFO - Class 0 IoU: 27.27%
2024-11-22 11:18:15,032 - INFO - Class 1 IoU: 72.12%
2024-11-22 11:18:15,032 - INFO - Class 2 IoU: 64.08%
2024-11-22 11:18:15,032 - INFO - Class 3 IoU: 92.11%
2024-11-22 11:18:15,032 - INFO - Class 4 IoU: 86.53%
2024-11-22 11:18:15,032 - INFO - 
Epoch 47/500:
2024-11-22 11:18:15,032 - INFO - Train Loss: 0.0416, Train Acc: 98.55%
2024-11-22 11:18:15,032 - INFO - Val Loss: 0.6522, Val Acc: 87.13%
2024-11-22 11:18:15,032 - INFO - Class 0 Accuracy: 50.84%
2024-11-22 11:18:15,032 - INFO - Class 1 Accuracy: 72.98%
2024-11-22 11:18:15,033 - INFO - Class 2 Accuracy: 85.11%
2024-11-22 11:18:15,033 - INFO - Class 3 Accuracy: 93.00%
2024-11-22 11:18:15,033 - INFO - Class 4 Accuracy: 94.37%
2024-11-22 11:18:15,063 - INFO - Total samples is: <torch.utils.data.dataloader.DataLoader object at 0x000001A889739B20>
2024-11-22 11:30:53,735 - INFO - Mean IoU: 67.61%
2024-11-22 11:30:53,736 - INFO - Class 0 IoU: 33.07%
2024-11-22 11:30:53,736 - INFO - Class 1 IoU: 74.03%
2024-11-22 11:30:53,736 - INFO - Class 2 IoU: 61.63%
2024-11-22 11:30:53,737 - INFO - Class 3 IoU: 84.95%
2024-11-22 11:30:53,737 - INFO - Class 4 IoU: 84.36%
2024-11-22 11:30:53,737 - INFO - 
Epoch 48/500:
2024-11-22 11:30:53,737 - INFO - Train Loss: 0.0418, Train Acc: 98.55%
2024-11-22 11:30:53,737 - INFO - Val Loss: 0.6301, Val Acc: 86.86%
2024-11-22 11:30:53,737 - INFO - Class 0 Accuracy: 51.62%
2024-11-22 11:30:53,737 - INFO - Class 1 Accuracy: 75.08%
2024-11-22 11:30:53,737 - INFO - Class 2 Accuracy: 85.54%
2024-11-22 11:30:53,737 - INFO - Class 3 Accuracy: 86.05%
2024-11-22 11:30:53,737 - INFO - Class 4 Accuracy: 93.63%
2024-11-22 11:30:53,769 - INFO - Total samples is: <torch.utils.data.dataloader.DataLoader object at 0x000001A889739B20>
2024-11-22 11:43:25,613 - INFO - Mean IoU: 67.36%
2024-11-22 11:43:25,614 - INFO - Class 0 IoU: 30.32%
2024-11-22 11:43:25,614 - INFO - Class 1 IoU: 69.33%
2024-11-22 11:43:25,615 - INFO - Class 2 IoU: 60.75%
2024-11-22 11:43:25,615 - INFO - Class 3 IoU: 91.74%
2024-11-22 11:43:25,615 - INFO - Class 4 IoU: 84.68%
2024-11-22 11:43:25,615 - INFO - 
Epoch 49/500:
2024-11-22 11:43:25,615 - INFO - Train Loss: 0.0428, Train Acc: 98.51%
2024-11-22 11:43:25,615 - INFO - Val Loss: 0.5742, Val Acc: 85.69%
2024-11-22 11:43:25,615 - INFO - Class 0 Accuracy: 61.09%
2024-11-22 11:43:25,616 - INFO - Class 1 Accuracy: 70.59%
2024-11-22 11:43:25,616 - INFO - Class 2 Accuracy: 86.38%
2024-11-22 11:43:25,616 - INFO - Class 3 Accuracy: 95.51%
2024-11-22 11:43:25,616 - INFO - Class 4 Accuracy: 91.78%
2024-11-22 11:43:25,651 - INFO - Total samples is: <torch.utils.data.dataloader.DataLoader object at 0x000001A889739B20>
2024-11-22 11:55:58,935 - INFO - Mean IoU: 64.01%
2024-11-22 11:55:58,937 - INFO - Class 0 IoU: 22.11%
2024-11-22 11:55:58,937 - INFO - Class 1 IoU: 68.82%
2024-11-22 11:55:58,937 - INFO - Class 2 IoU: 56.03%
2024-11-22 11:55:58,937 - INFO - Class 3 IoU: 91.31%
2024-11-22 11:55:58,938 - INFO - Class 4 IoU: 81.77%
2024-11-22 11:55:58,938 - INFO - 
Epoch 50/500:
2024-11-22 11:55:58,938 - INFO - Train Loss: 0.0545, Train Acc: 98.20%
2024-11-22 11:55:58,938 - INFO - Val Loss: 0.9228, Val Acc: 83.70%
2024-11-22 11:55:58,938 - INFO - Class 0 Accuracy: 44.58%
2024-11-22 11:55:58,938 - INFO - Class 1 Accuracy: 71.60%
2024-11-22 11:55:58,938 - INFO - Class 2 Accuracy: 87.35%
2024-11-22 11:55:58,938 - INFO - Class 3 Accuracy: 92.69%
2024-11-22 11:55:58,938 - INFO - Class 4 Accuracy: 89.45%
2024-11-22 11:55:58,970 - INFO - Total samples is: <torch.utils.data.dataloader.DataLoader object at 0x000001A889739B20>
2024-11-22 12:10:42,409 - INFO - Mean IoU: 68.10%
2024-11-22 12:10:42,411 - INFO - Class 0 IoU: 34.63%
2024-11-22 12:10:42,411 - INFO - Class 1 IoU: 66.84%
2024-11-22 12:10:42,411 - INFO - Class 2 IoU: 61.95%
2024-11-22 12:10:42,411 - INFO - Class 3 IoU: 92.28%
2024-11-22 12:10:42,411 - INFO - Class 4 IoU: 84.80%
2024-11-22 12:10:42,412 - INFO - 
Epoch 51/500:
2024-11-22 12:10:42,412 - INFO - Train Loss: 0.0524, Train Acc: 98.24%
2024-11-22 12:10:42,412 - INFO - Val Loss: 0.6618, Val Acc: 85.83%
2024-11-22 12:10:42,412 - INFO - Class 0 Accuracy: 71.61%
2024-11-22 12:10:42,412 - INFO - Class 1 Accuracy: 67.63%
2024-11-22 12:10:42,412 - INFO - Class 2 Accuracy: 85.19%
2024-11-22 12:10:42,412 - INFO - Class 3 Accuracy: 94.80%
2024-11-22 12:10:42,412 - INFO - Class 4 Accuracy: 92.24%
2024-11-22 12:10:42,443 - INFO - Total samples is: <torch.utils.data.dataloader.DataLoader object at 0x000001A889739B20>
2024-11-22 12:26:53,740 - INFO - Mean IoU: 69.28%
2024-11-22 12:26:53,741 - INFO - Class 0 IoU: 36.19%
2024-11-22 12:26:53,741 - INFO - Class 1 IoU: 74.95%
2024-11-22 12:26:53,741 - INFO - Class 2 IoU: 58.19%
2024-11-22 12:26:53,742 - INFO - Class 3 IoU: 92.52%
2024-11-22 12:26:53,742 - INFO - Class 4 IoU: 84.54%
2024-11-22 12:26:53,742 - INFO - 
Epoch 52/500:
2024-11-22 12:26:53,742 - INFO - Train Loss: 0.0396, Train Acc: 98.60%
2024-11-22 12:26:53,742 - INFO - Val Loss: 0.5956, Val Acc: 86.67%
2024-11-22 12:26:53,742 - INFO - Class 0 Accuracy: 65.86%
2024-11-22 12:26:53,742 - INFO - Class 1 Accuracy: 76.80%
2024-11-22 12:26:53,742 - INFO - Class 2 Accuracy: 86.65%
2024-11-22 12:26:53,742 - INFO - Class 3 Accuracy: 95.09%
2024-11-22 12:26:53,742 - INFO - Class 4 Accuracy: 90.85%
2024-11-22 12:26:53,773 - INFO - Total samples is: <torch.utils.data.dataloader.DataLoader object at 0x000001A889739B20>
2024-11-22 12:43:17,491 - INFO - Mean IoU: 65.61%
2024-11-22 12:43:17,492 - INFO - Class 0 IoU: 31.38%
2024-11-22 12:43:17,492 - INFO - Class 1 IoU: 72.71%
2024-11-22 12:43:17,493 - INFO - Class 2 IoU: 56.52%
2024-11-22 12:43:17,493 - INFO - Class 3 IoU: 85.04%
2024-11-22 12:43:17,493 - INFO - Class 4 IoU: 82.41%
2024-11-22 12:43:17,493 - INFO - 
Epoch 53/500:
2024-11-22 12:43:17,493 - INFO - Train Loss: 0.0435, Train Acc: 98.52%
2024-11-22 12:43:17,493 - INFO - Val Loss: 0.6169, Val Acc: 84.86%
2024-11-22 12:43:17,493 - INFO - Class 0 Accuracy: 59.33%
2024-11-22 12:43:17,494 - INFO - Class 1 Accuracy: 74.98%
2024-11-22 12:43:17,494 - INFO - Class 2 Accuracy: 87.84%
2024-11-22 12:43:17,494 - INFO - Class 3 Accuracy: 93.75%
2024-11-22 12:43:17,494 - INFO - Class 4 Accuracy: 89.09%
2024-11-22 12:43:17,525 - INFO - Total samples is: <torch.utils.data.dataloader.DataLoader object at 0x000001A889739B20>
2024-11-22 12:59:53,249 - INFO - Mean IoU: 66.63%
2024-11-22 12:59:53,250 - INFO - Class 0 IoU: 25.91%
2024-11-22 12:59:53,251 - INFO - Class 1 IoU: 70.07%
2024-11-22 12:59:53,251 - INFO - Class 2 IoU: 59.49%
2024-11-22 12:59:53,251 - INFO - Class 3 IoU: 93.47%
2024-11-22 12:59:53,251 - INFO - Class 4 IoU: 84.18%
2024-11-22 12:59:53,251 - INFO - 
Epoch 54/500:
2024-11-22 12:59:53,251 - INFO - Train Loss: 0.0651, Train Acc: 97.78%
2024-11-22 12:59:53,251 - INFO - Val Loss: 0.7010, Val Acc: 85.59%
2024-11-22 12:59:53,252 - INFO - Class 0 Accuracy: 47.97%
2024-11-22 12:59:53,252 - INFO - Class 1 Accuracy: 71.13%
2024-11-22 12:59:53,252 - INFO - Class 2 Accuracy: 88.39%
2024-11-22 12:59:53,252 - INFO - Class 3 Accuracy: 94.60%
2024-11-22 12:59:53,252 - INFO - Class 4 Accuracy: 92.13%
2024-11-22 12:59:53,282 - INFO - Total samples is: <torch.utils.data.dataloader.DataLoader object at 0x000001A889739B20>
2024-11-22 13:15:52,768 - INFO - Mean IoU: 65.46%
2024-11-22 13:15:52,769 - INFO - Class 0 IoU: 28.28%
2024-11-22 13:15:52,769 - INFO - Class 1 IoU: 61.96%
2024-11-22 13:15:52,769 - INFO - Class 2 IoU: 61.33%
2024-11-22 13:15:52,769 - INFO - Class 3 IoU: 91.52%
2024-11-22 13:15:52,769 - INFO - Class 4 IoU: 84.23%
2024-11-22 13:15:52,769 - INFO - 
Epoch 55/500:
2024-11-22 13:15:52,770 - INFO - Train Loss: 0.0427, Train Acc: 98.52%
2024-11-22 13:15:52,770 - INFO - Val Loss: 0.6686, Val Acc: 84.51%
2024-11-22 13:15:52,770 - INFO - Class 0 Accuracy: 60.81%
2024-11-22 13:15:52,770 - INFO - Class 1 Accuracy: 62.77%
2024-11-22 13:15:52,770 - INFO - Class 2 Accuracy: 85.82%
2024-11-22 13:15:52,770 - INFO - Class 3 Accuracy: 95.66%
2024-11-22 13:15:52,770 - INFO - Class 4 Accuracy: 92.43%
2024-11-22 13:15:52,803 - INFO - Total samples is: <torch.utils.data.dataloader.DataLoader object at 0x000001A889739B20>
2024-11-22 13:31:31,191 - INFO - Mean IoU: 68.12%
2024-11-22 13:31:31,191 - INFO - Class 0 IoU: 25.40%
2024-11-22 13:31:31,191 - INFO - Class 1 IoU: 74.05%
2024-11-22 13:31:31,193 - INFO - Class 2 IoU: 64.10%
2024-11-22 13:31:31,193 - INFO - Class 3 IoU: 91.04%
2024-11-22 13:31:31,193 - INFO - Class 4 IoU: 85.99%
2024-11-22 13:31:31,193 - INFO - 
Epoch 56/500:
2024-11-22 13:31:31,193 - INFO - Train Loss: 0.0364, Train Acc: 98.71%
2024-11-22 13:31:31,193 - INFO - Val Loss: 0.5837, Val Acc: 87.23%
2024-11-22 13:31:31,193 - INFO - Class 0 Accuracy: 43.62%
2024-11-22 13:31:31,193 - INFO - Class 1 Accuracy: 75.33%
2024-11-22 13:31:31,193 - INFO - Class 2 Accuracy: 86.40%
2024-11-22 13:31:31,194 - INFO - Class 3 Accuracy: 94.10%
2024-11-22 13:31:31,194 - INFO - Class 4 Accuracy: 94.11%
2024-11-22 13:31:31,227 - INFO - Total samples is: <torch.utils.data.dataloader.DataLoader object at 0x000001A889739B20>
2024-11-22 13:46:52,988 - INFO - Mean IoU: 67.83%
2024-11-22 13:46:52,990 - INFO - Class 0 IoU: 25.64%
2024-11-22 13:46:52,990 - INFO - Class 1 IoU: 76.48%
2024-11-22 13:46:52,991 - INFO - Class 2 IoU: 59.64%
2024-11-22 13:46:52,991 - INFO - Class 3 IoU: 92.24%
2024-11-22 13:46:52,991 - INFO - Class 4 IoU: 85.13%
2024-11-22 13:46:52,991 - INFO - 
Epoch 57/500:
2024-11-22 13:46:52,991 - INFO - Train Loss: 0.0383, Train Acc: 98.65%
2024-11-22 13:46:52,991 - INFO - Val Loss: 0.6430, Val Acc: 86.81%
2024-11-22 13:46:52,991 - INFO - Class 0 Accuracy: 43.37%
2024-11-22 13:46:52,991 - INFO - Class 1 Accuracy: 77.65%
2024-11-22 13:46:52,992 - INFO - Class 2 Accuracy: 90.92%
2024-11-22 13:46:52,992 - INFO - Class 3 Accuracy: 92.80%
2024-11-22 13:46:52,992 - INFO - Class 4 Accuracy: 92.15%
2024-11-22 13:46:53,038 - INFO - Total samples is: <torch.utils.data.dataloader.DataLoader object at 0x000001A889739B20>
2024-11-22 14:02:07,411 - INFO - Mean IoU: 66.41%
2024-11-22 14:02:07,413 - INFO - Class 0 IoU: 25.06%
2024-11-22 14:02:07,414 - INFO - Class 1 IoU: 71.90%
2024-11-22 14:02:07,414 - INFO - Class 2 IoU: 61.04%
2024-11-22 14:02:07,414 - INFO - Class 3 IoU: 90.86%
2024-11-22 14:02:07,414 - INFO - Class 4 IoU: 83.16%
2024-11-22 14:02:07,414 - INFO - 
Epoch 58/500:
2024-11-22 14:02:07,414 - INFO - Train Loss: 0.0373, Train Acc: 98.69%
2024-11-22 14:02:07,414 - INFO - Val Loss: 0.8292, Val Acc: 85.23%
2024-11-22 14:02:07,414 - INFO - Class 0 Accuracy: 48.65%
2024-11-22 14:02:07,414 - INFO - Class 1 Accuracy: 73.28%
2024-11-22 14:02:07,414 - INFO - Class 2 Accuracy: 89.28%
2024-11-22 14:02:07,414 - INFO - Class 3 Accuracy: 91.89%
2024-11-22 14:02:07,414 - INFO - Class 4 Accuracy: 90.97%
2024-11-22 14:02:07,445 - INFO - Total samples is: <torch.utils.data.dataloader.DataLoader object at 0x000001A889739B20>
2024-11-22 14:16:45,388 - INFO - Mean IoU: 68.38%
2024-11-22 14:16:45,389 - INFO - Class 0 IoU: 28.04%
2024-11-22 14:16:45,389 - INFO - Class 1 IoU: 69.12%
2024-11-22 14:16:45,389 - INFO - Class 2 IoU: 64.63%
2024-11-22 14:16:45,389 - INFO - Class 3 IoU: 93.94%
2024-11-22 14:16:45,390 - INFO - Class 4 IoU: 86.20%
2024-11-22 14:16:45,390 - INFO - 
Epoch 59/500:
2024-11-22 14:16:45,390 - INFO - Train Loss: 0.0489, Train Acc: 98.36%
2024-11-22 14:16:45,390 - INFO - Val Loss: 0.6818, Val Acc: 86.42%
2024-11-22 14:16:45,390 - INFO - Class 0 Accuracy: 58.40%
2024-11-22 14:16:45,390 - INFO - Class 1 Accuracy: 70.22%
2024-11-22 14:16:45,390 - INFO - Class 2 Accuracy: 86.90%
2024-11-22 14:16:45,390 - INFO - Class 3 Accuracy: 94.83%
2024-11-22 14:16:45,391 - INFO - Class 4 Accuracy: 93.18%
2024-11-22 14:16:45,420 - INFO - Total samples is: <torch.utils.data.dataloader.DataLoader object at 0x000001A889739B20>
2024-11-22 14:30:30,126 - INFO - Mean IoU: 45.19%
2024-11-22 14:30:30,128 - INFO - Class 0 IoU: 17.38%
2024-11-22 14:30:30,128 - INFO - Class 1 IoU: 52.36%
2024-11-22 14:30:30,129 - INFO - Class 2 IoU: 59.74%
2024-11-22 14:30:30,129 - INFO - Class 3 IoU: 17.99%
2024-11-22 14:30:30,129 - INFO - Class 4 IoU: 78.48%
2024-11-22 14:30:30,129 - INFO - 
Epoch 60/500:
2024-11-22 14:30:30,129 - INFO - Train Loss: 0.0454, Train Acc: 98.65%
2024-11-22 14:30:30,129 - INFO - Val Loss: 1.3032, Val Acc: 78.47%
2024-11-22 14:30:30,129 - INFO - Class 0 Accuracy: 39.66%
2024-11-22 14:30:30,129 - INFO - Class 1 Accuracy: 53.17%
2024-11-22 14:30:30,129 - INFO - Class 2 Accuracy: 87.17%
2024-11-22 14:30:30,129 - INFO - Class 3 Accuracy: 18.05%
2024-11-22 14:30:30,130 - INFO - Class 4 Accuracy: 92.53%
2024-11-22 14:30:30,160 - INFO - Total samples is: <torch.utils.data.dataloader.DataLoader object at 0x000001A889739B20>
2024-11-22 14:44:34,562 - INFO - Mean IoU: 68.97%
2024-11-22 14:44:34,564 - INFO - Class 0 IoU: 33.20%
2024-11-22 14:44:34,564 - INFO - Class 1 IoU: 72.23%
2024-11-22 14:44:34,565 - INFO - Class 2 IoU: 62.01%
2024-11-22 14:44:34,565 - INFO - Class 3 IoU: 92.29%
2024-11-22 14:44:34,565 - INFO - Class 4 IoU: 85.14%
2024-11-22 14:44:34,565 - INFO - 
Epoch 61/500:
2024-11-22 14:44:34,565 - INFO - Train Loss: 0.0654, Train Acc: 97.84%
2024-11-22 14:44:34,565 - INFO - Val Loss: 0.5710, Val Acc: 86.42%
2024-11-22 14:44:34,565 - INFO - Class 0 Accuracy: 65.92%
2024-11-22 14:44:34,565 - INFO - Class 1 Accuracy: 77.68%
2024-11-22 14:44:34,566 - INFO - Class 2 Accuracy: 88.97%
2024-11-22 14:44:34,566 - INFO - Class 3 Accuracy: 93.43%
2024-11-22 14:44:34,566 - INFO - Class 4 Accuracy: 89.99%
2024-11-22 14:44:34,609 - INFO - Total samples is: <torch.utils.data.dataloader.DataLoader object at 0x000001A889739B20>
2024-11-22 14:58:48,202 - INFO - Mean IoU: 66.68%
2024-11-22 14:58:48,203 - INFO - Class 0 IoU: 31.33%
2024-11-22 14:58:48,204 - INFO - Class 1 IoU: 71.27%
2024-11-22 14:58:48,204 - INFO - Class 2 IoU: 63.81%
2024-11-22 14:58:48,204 - INFO - Class 3 IoU: 81.82%
2024-11-22 14:58:48,204 - INFO - Class 4 IoU: 85.17%
2024-11-22 14:58:48,204 - INFO - 
Epoch 62/500:
2024-11-22 14:58:48,204 - INFO - Train Loss: 0.0352, Train Acc: 98.76%
2024-11-22 14:58:48,204 - INFO - Val Loss: 0.6590, Val Acc: 86.28%
2024-11-22 14:58:48,204 - INFO - Class 0 Accuracy: 61.48%
2024-11-22 14:58:48,204 - INFO - Class 1 Accuracy: 72.50%
2024-11-22 14:58:48,204 - INFO - Class 2 Accuracy: 88.77%
2024-11-22 14:58:48,204 - INFO - Class 3 Accuracy: 83.13%
2024-11-22 14:58:48,204 - INFO - Class 4 Accuracy: 92.49%
2024-11-22 14:58:48,236 - INFO - Total samples is: <torch.utils.data.dataloader.DataLoader object at 0x000001A889739B20>
2024-11-22 15:13:00,578 - INFO - Mean IoU: 68.90%
2024-11-22 15:13:00,578 - INFO - Class 0 IoU: 35.16%
2024-11-22 15:13:00,578 - INFO - Class 1 IoU: 72.57%
2024-11-22 15:13:00,578 - INFO - Class 2 IoU: 61.46%
2024-11-22 15:13:00,578 - INFO - Class 3 IoU: 91.10%
2024-11-22 15:13:00,580 - INFO - Class 4 IoU: 84.23%
2024-11-22 15:13:00,580 - INFO - 
Epoch 63/500:
2024-11-22 15:13:00,580 - INFO - Train Loss: 0.0346, Train Acc: 98.77%
2024-11-22 15:13:00,580 - INFO - Val Loss: 0.5882, Val Acc: 86.10%
2024-11-22 15:13:00,580 - INFO - Class 0 Accuracy: 72.47%
2024-11-22 15:13:00,580 - INFO - Class 1 Accuracy: 73.74%
2024-11-22 15:13:00,580 - INFO - Class 2 Accuracy: 85.06%
2024-11-22 15:13:00,580 - INFO - Class 3 Accuracy: 95.36%
2024-11-22 15:13:00,581 - INFO - Class 4 Accuracy: 90.80%
2024-11-22 15:13:00,613 - INFO - Total samples is: <torch.utils.data.dataloader.DataLoader object at 0x000001A889739B20>
2024-11-22 15:27:25,782 - INFO - Mean IoU: 69.18%
2024-11-22 15:27:25,785 - INFO - Class 0 IoU: 30.40%
2024-11-22 15:27:25,785 - INFO - Class 1 IoU: 74.07%
2024-11-22 15:27:25,785 - INFO - Class 2 IoU: 65.74%
2024-11-22 15:27:25,785 - INFO - Class 3 IoU: 90.84%
2024-11-22 15:27:25,785 - INFO - Class 4 IoU: 84.83%
2024-11-22 15:27:25,785 - INFO - 
Epoch 64/500:
2024-11-22 15:27:25,785 - INFO - Train Loss: 0.0388, Train Acc: 98.64%
2024-11-22 15:27:25,785 - INFO - Val Loss: 0.5756, Val Acc: 87.25%
2024-11-22 15:27:25,786 - INFO - Class 0 Accuracy: 50.42%
2024-11-22 15:27:25,786 - INFO - Class 1 Accuracy: 74.77%
2024-11-22 15:27:25,786 - INFO - Class 2 Accuracy: 87.35%
2024-11-22 15:27:25,786 - INFO - Class 3 Accuracy: 91.89%
2024-11-22 15:27:25,786 - INFO - Class 4 Accuracy: 93.79%
2024-11-22 15:27:25,879 - INFO - Total samples is: <torch.utils.data.dataloader.DataLoader object at 0x000001A889739B20>
2024-11-22 15:42:09,859 - INFO - Mean IoU: 70.11%
2024-11-22 15:42:09,860 - INFO - Class 0 IoU: 31.77%
2024-11-22 15:42:09,860 - INFO - Class 1 IoU: 73.62%
2024-11-22 15:42:09,860 - INFO - Class 2 IoU: 65.56%
2024-11-22 15:42:09,860 - INFO - Class 3 IoU: 93.32%
2024-11-22 15:42:09,860 - INFO - Class 4 IoU: 86.31%
2024-11-22 15:42:09,860 - INFO - 
Epoch 65/500:
2024-11-22 15:42:09,860 - INFO - Train Loss: 0.0307, Train Acc: 98.90%
2024-11-22 15:42:09,860 - INFO - Val Loss: 0.6173, Val Acc: 87.76%
2024-11-22 15:42:09,861 - INFO - Class 0 Accuracy: 54.48%
2024-11-22 15:42:09,861 - INFO - Class 1 Accuracy: 74.87%
2024-11-22 15:42:09,861 - INFO - Class 2 Accuracy: 88.54%
2024-11-22 15:42:09,861 - INFO - Class 3 Accuracy: 94.44%
2024-11-22 15:42:09,861 - INFO - Class 4 Accuracy: 93.89%
2024-11-22 15:42:09,893 - INFO - Total samples is: <torch.utils.data.dataloader.DataLoader object at 0x000001A889739B20>
2024-11-22 15:56:41,072 - INFO - Mean IoU: 71.57%
2024-11-22 15:56:41,074 - INFO - Class 0 IoU: 37.07%
2024-11-22 15:56:41,074 - INFO - Class 1 IoU: 76.26%
2024-11-22 15:56:41,075 - INFO - Class 2 IoU: 66.80%
2024-11-22 15:56:41,075 - INFO - Class 3 IoU: 91.43%
2024-11-22 15:56:41,075 - INFO - Class 4 IoU: 86.30%
2024-11-22 15:56:41,075 - INFO - 
Epoch 66/500:
2024-11-22 15:56:41,075 - INFO - Train Loss: 0.0328, Train Acc: 98.83%
2024-11-22 15:56:41,075 - INFO - Val Loss: 0.5034, Val Acc: 88.33%
2024-11-22 15:56:41,076 - INFO - Class 0 Accuracy: 62.69%
2024-11-22 15:56:41,076 - INFO - Class 1 Accuracy: 77.56%
2024-11-22 15:56:41,076 - INFO - Class 2 Accuracy: 87.06%
2024-11-22 15:56:41,076 - INFO - Class 3 Accuracy: 96.21%
2024-11-22 15:56:41,076 - INFO - Class 4 Accuracy: 93.47%
2024-11-22 15:56:41,108 - INFO - Total samples is: <torch.utils.data.dataloader.DataLoader object at 0x000001A889739B20>
