2024-11-21 19:12:13,240 - INFO - Training configuration:
2024-11-21 19:12:13,240 - INFO - num_points: 4096
2024-11-21 19:12:13,240 - INFO - chunk_size: 4096
2024-11-21 19:12:13,240 - INFO - overlap: 1024
2024-11-21 19:12:13,240 - INFO - batch_size: 64
2024-11-21 19:12:13,240 - INFO - num_workers: 0
2024-11-21 19:12:13,240 - INFO - learning_rate: 0.001
2024-11-21 19:12:13,240 - INFO - num_classes: 5
2024-11-21 19:12:13,241 - INFO - num_epochs: 500
2024-11-21 19:12:13,241 - INFO - device: cuda
2024-11-21 19:12:13,241 - INFO - Using device: cuda
2024-11-21 19:12:13,241 - INFO - 开始预加载数据到内存...
2024-11-21 19:12:22,953 - INFO - 数据预加载完成，共 31103 个数据块
2024-11-21 19:12:22,954 - INFO - 有效标签: [0, 1, 2, 3, 4]
2024-11-21 19:12:22,993 - INFO - reading train data
2024-11-21 19:12:22,993 - INFO - 开始预加载数据到内存...
2024-11-21 19:12:24,502 - INFO - 数据预加载完成，共 3667 个数据块
2024-11-21 19:12:24,503 - INFO - 有效标签: [0, 1, 2, 3, 4]
2024-11-21 19:12:24,551 - INFO - 验证集创建完成，使用 733 个数据块 (总共 3667 个的 20.0%)
2024-11-21 19:12:24,551 - INFO - 有效标签: [0, 1, 2, 3, 4]
2024-11-21 19:12:24,551 - INFO - reading val data
2024-11-21 19:12:24,551 - INFO - Train dataset size: 31103
2024-11-21 19:12:24,551 - INFO - Val dataset size: 733
2024-11-21 19:12:25,304 - INFO - Total samples is: <torch.utils.data.dataloader.DataLoader object at 0x000002A7AD512AE0>
