2024-11-18 21:23:15,224 - INFO - Training configuration:
2024-11-18 21:23:15,224 - INFO - num_points: 4096
2024-11-18 21:23:15,224 - INFO - chunk_size: 8192
2024-11-18 21:23:15,224 - INFO - overlap: 2048
2024-11-18 21:23:15,224 - INFO - batch_size: 48
2024-11-18 21:23:15,225 - INFO - num_workers: 12
2024-11-18 21:23:15,225 - INFO - learning_rate: 0.001
2024-11-18 21:23:15,225 - INFO - num_epochs: 500
2024-11-18 21:23:15,225 - INFO - device: cuda
2024-11-18 21:23:15,225 - INFO - Using device: cuda
2024-11-18 21:23:17,902 - INFO - Train dataset size: 17608
2024-11-18 21:23:17,902 - INFO - Val dataset size: 3649
2024-11-18 21:41:16,097 - INFO - Total samples is: <torch.utils.data.dataloader.DataLoader object at 0x0000018D2AD10D70>
2024-11-18 22:35:33,185 - INFO - Mean IoU: 30.57%
2024-11-18 22:35:33,186 - INFO - Class 0 IoU: 34.64%
2024-11-18 22:35:33,186 - INFO - Class 1 IoU: 34.43%
2024-11-18 22:35:33,186 - INFO - Class 2 IoU: 36.64%
2024-11-18 22:35:33,186 - INFO - Class 3 IoU: 20.98%
2024-11-18 22:35:33,186 - INFO - Class 4 IoU: 26.13%
2024-11-18 22:35:33,186 - INFO - 
Epoch 1/500:
2024-11-18 22:35:33,187 - INFO - Train Loss: 1.1538, Train Acc: 43.16%
2024-11-18 22:35:33,187 - INFO - Val Loss: 1.0980, Val Acc: 47.10%
2024-11-18 22:35:33,187 - INFO - Class 0 Accuracy: 73.04%
2024-11-18 22:35:33,187 - INFO - Class 1 Accuracy: 36.60%
2024-11-18 22:35:33,187 - INFO - Class 2 Accuracy: 88.16%
2024-11-18 22:35:33,187 - INFO - Class 3 Accuracy: 70.51%
2024-11-18 22:35:33,188 - INFO - Class 4 Accuracy: 34.11%
2024-11-18 22:35:33,285 - INFO - Saved best model with accuracy: 47.10%
2024-11-18 22:35:33,382 - INFO - Total samples is: <torch.utils.data.dataloader.DataLoader object at 0x0000018D2AD10D70>
2024-11-18 23:26:07,067 - INFO - Mean IoU: 47.36%
2024-11-18 23:26:07,067 - INFO - Class 0 IoU: 43.42%
2024-11-18 23:26:07,067 - INFO - Class 1 IoU: 50.23%
2024-11-18 23:26:07,068 - INFO - Class 2 IoU: 54.69%
2024-11-18 23:26:07,068 - INFO - Class 3 IoU: 30.03%
2024-11-18 23:26:07,068 - INFO - Class 4 IoU: 58.41%
2024-11-18 23:26:07,068 - INFO - 
Epoch 2/500:
2024-11-18 23:26:07,068 - INFO - Train Loss: 0.8328, Train Acc: 60.79%
2024-11-18 23:26:07,068 - INFO - Val Loss: 0.8776, Val Acc: 68.46%
2024-11-18 23:26:07,068 - INFO - Class 0 Accuracy: 65.70%
2024-11-18 23:26:07,068 - INFO - Class 1 Accuracy: 54.60%
2024-11-18 23:26:07,068 - INFO - Class 2 Accuracy: 67.66%
2024-11-18 23:26:07,070 - INFO - Class 3 Accuracy: 81.33%
2024-11-18 23:26:07,070 - INFO - Class 4 Accuracy: 77.59%
2024-11-18 23:26:07,168 - INFO - Saved best model with accuracy: 68.46%
2024-11-18 23:26:07,266 - INFO - Total samples is: <torch.utils.data.dataloader.DataLoader object at 0x0000018D2AD10D70>
2024-11-19 00:15:29,296 - INFO - Mean IoU: 38.76%
2024-11-19 00:15:29,297 - INFO - Class 0 IoU: 34.72%
2024-11-19 00:15:29,297 - INFO - Class 1 IoU: 54.59%
2024-11-19 00:15:29,297 - INFO - Class 2 IoU: 46.96%
2024-11-19 00:15:29,297 - INFO - Class 3 IoU: 15.78%
2024-11-19 00:15:29,297 - INFO - Class 4 IoU: 41.74%
2024-11-19 00:15:29,297 - INFO - 
Epoch 3/500:
2024-11-19 00:15:29,297 - INFO - Train Loss: 0.7170, Train Acc: 66.83%
2024-11-19 00:15:29,297 - INFO - Val Loss: 1.0208, Val Acc: 58.22%
2024-11-19 00:15:29,298 - INFO - Class 0 Accuracy: 53.28%
2024-11-19 00:15:29,298 - INFO - Class 1 Accuracy: 60.08%
2024-11-19 00:15:29,298 - INFO - Class 2 Accuracy: 81.12%
2024-11-19 00:15:29,298 - INFO - Class 3 Accuracy: 93.86%
2024-11-19 00:15:29,298 - INFO - Class 4 Accuracy: 49.34%
2024-11-19 00:15:29,461 - INFO - Total samples is: <torch.utils.data.dataloader.DataLoader object at 0x0000018D2AD10D70>
2024-11-19 01:04:18,525 - INFO - Mean IoU: 54.50%
2024-11-19 01:04:18,532 - INFO - Class 0 IoU: 57.93%
2024-11-19 01:04:18,533 - INFO - Class 1 IoU: 59.52%
2024-11-19 01:04:18,533 - INFO - Class 2 IoU: 59.49%
2024-11-19 01:04:18,533 - INFO - Class 3 IoU: 30.72%
2024-11-19 01:04:18,533 - INFO - Class 4 IoU: 64.86%
2024-11-19 01:04:18,533 - INFO - 
Epoch 4/500:
2024-11-19 01:04:18,533 - INFO - Train Loss: 0.6283, Train Acc: 70.91%
2024-11-19 01:04:18,533 - INFO - Val Loss: 0.6778, Val Acc: 74.79%
2024-11-19 01:04:18,534 - INFO - Class 0 Accuracy: 80.33%
2024-11-19 01:04:18,534 - INFO - Class 1 Accuracy: 63.99%
2024-11-19 01:04:18,534 - INFO - Class 2 Accuracy: 84.06%
2024-11-19 01:04:18,534 - INFO - Class 3 Accuracy: 84.81%
2024-11-19 01:04:18,534 - INFO - Class 4 Accuracy: 76.73%
2024-11-19 01:04:18,622 - INFO - Saved best model with accuracy: 74.79%
2024-11-19 01:04:18,710 - INFO - Total samples is: <torch.utils.data.dataloader.DataLoader object at 0x0000018D2AD10D70>
2024-11-19 01:54:37,270 - INFO - Mean IoU: 50.94%
2024-11-19 01:54:37,271 - INFO - Class 0 IoU: 52.00%
2024-11-19 01:54:37,271 - INFO - Class 1 IoU: 56.51%
2024-11-19 01:54:37,271 - INFO - Class 2 IoU: 53.26%
2024-11-19 01:54:37,271 - INFO - Class 3 IoU: 30.43%
2024-11-19 01:54:37,272 - INFO - Class 4 IoU: 62.48%
2024-11-19 01:54:37,272 - INFO - 
Epoch 5/500:
2024-11-19 01:54:37,272 - INFO - Train Loss: 0.5643, Train Acc: 73.95%
2024-11-19 01:54:37,272 - INFO - Val Loss: 0.7550, Val Acc: 72.16%
2024-11-19 01:54:37,272 - INFO - Class 0 Accuracy: 87.31%
2024-11-19 01:54:37,272 - INFO - Class 1 Accuracy: 65.94%
2024-11-19 01:54:37,272 - INFO - Class 2 Accuracy: 58.73%
2024-11-19 01:54:37,272 - INFO - Class 3 Accuracy: 72.88%
2024-11-19 01:54:37,272 - INFO - Class 4 Accuracy: 74.13%
2024-11-19 01:54:37,353 - INFO - Total samples is: <torch.utils.data.dataloader.DataLoader object at 0x0000018D2AD10D70>
2024-11-19 02:39:49,797 - INFO - Mean IoU: 54.36%
2024-11-19 02:39:49,807 - INFO - Class 0 IoU: 60.82%
2024-11-19 02:39:49,808 - INFO - Class 1 IoU: 65.58%
2024-11-19 02:39:49,808 - INFO - Class 2 IoU: 42.09%
2024-11-19 02:39:49,808 - INFO - Class 3 IoU: 42.07%
2024-11-19 02:39:49,808 - INFO - Class 4 IoU: 61.25%
2024-11-19 02:39:49,808 - INFO - 
Epoch 6/500:
2024-11-19 02:39:49,808 - INFO - Train Loss: 0.5384, Train Acc: 75.49%
2024-11-19 02:39:49,808 - INFO - Val Loss: 0.6497, Val Acc: 72.69%
2024-11-19 02:39:49,808 - INFO - Class 0 Accuracy: 78.96%
2024-11-19 02:39:49,809 - INFO - Class 1 Accuracy: 72.26%
2024-11-19 02:39:49,809 - INFO - Class 2 Accuracy: 94.59%
2024-11-19 02:39:49,809 - INFO - Class 3 Accuracy: 86.67%
2024-11-19 02:39:49,809 - INFO - Class 4 Accuracy: 65.67%
2024-11-19 02:39:49,885 - INFO - Total samples is: <torch.utils.data.dataloader.DataLoader object at 0x0000018D2AD10D70>
2024-11-19 03:24:20,984 - INFO - Mean IoU: 59.96%
2024-11-19 03:24:20,985 - INFO - Class 0 IoU: 57.18%
2024-11-19 03:24:20,985 - INFO - Class 1 IoU: 69.13%
2024-11-19 03:24:20,985 - INFO - Class 2 IoU: 62.82%
2024-11-19 03:24:20,986 - INFO - Class 3 IoU: 42.80%
2024-11-19 03:24:20,986 - INFO - Class 4 IoU: 67.89%
2024-11-19 03:24:20,986 - INFO - 
Epoch 7/500:
2024-11-19 03:24:20,986 - INFO - Train Loss: 0.4824, Train Acc: 78.07%
2024-11-19 03:24:20,986 - INFO - Val Loss: 0.5492, Val Acc: 78.66%
2024-11-19 03:24:20,986 - INFO - Class 0 Accuracy: 86.32%
2024-11-19 03:24:20,986 - INFO - Class 1 Accuracy: 74.91%
2024-11-19 03:24:20,986 - INFO - Class 2 Accuracy: 89.93%
2024-11-19 03:24:20,987 - INFO - Class 3 Accuracy: 80.29%
2024-11-19 03:24:20,987 - INFO - Class 4 Accuracy: 75.21%
2024-11-19 03:24:21,061 - INFO - Saved best model with accuracy: 78.66%
2024-11-19 03:24:21,135 - INFO - Total samples is: <torch.utils.data.dataloader.DataLoader object at 0x0000018D2AD10D70>
2024-11-19 04:13:17,782 - INFO - Mean IoU: 62.88%
2024-11-19 04:13:17,782 - INFO - Class 0 IoU: 57.43%
2024-11-19 04:13:17,782 - INFO - Class 1 IoU: 68.78%
2024-11-19 04:13:17,782 - INFO - Class 2 IoU: 61.46%
2024-11-19 04:13:17,784 - INFO - Class 3 IoU: 55.11%
2024-11-19 04:13:17,784 - INFO - Class 4 IoU: 71.65%
2024-11-19 04:13:17,784 - INFO - 
Epoch 8/500:
2024-11-19 04:13:17,784 - INFO - Train Loss: 0.4643, Train Acc: 78.41%
2024-11-19 04:13:17,784 - INFO - Val Loss: 0.5327, Val Acc: 80.11%
2024-11-19 04:13:17,784 - INFO - Class 0 Accuracy: 79.49%
2024-11-19 04:13:17,784 - INFO - Class 1 Accuracy: 73.96%
2024-11-19 04:13:17,784 - INFO - Class 2 Accuracy: 91.74%
2024-11-19 04:13:17,784 - INFO - Class 3 Accuracy: 84.83%
2024-11-19 04:13:17,785 - INFO - Class 4 Accuracy: 80.98%
2024-11-19 04:13:17,869 - INFO - Saved best model with accuracy: 80.11%
2024-11-19 04:13:17,956 - INFO - Total samples is: <torch.utils.data.dataloader.DataLoader object at 0x0000018D2AD10D70>
2024-11-19 04:59:01,877 - INFO - Mean IoU: 61.65%
2024-11-19 04:59:01,878 - INFO - Class 0 IoU: 61.05%
2024-11-19 04:59:01,878 - INFO - Class 1 IoU: 63.06%
2024-11-19 04:59:01,878 - INFO - Class 2 IoU: 63.71%
2024-11-19 04:59:01,878 - INFO - Class 3 IoU: 53.65%
2024-11-19 04:59:01,878 - INFO - Class 4 IoU: 66.79%
2024-11-19 04:59:01,878 - INFO - 
Epoch 9/500:
2024-11-19 04:59:01,878 - INFO - Train Loss: 0.4134, Train Acc: 81.28%
2024-11-19 04:59:01,878 - INFO - Val Loss: 0.6058, Val Acc: 78.36%
2024-11-19 04:59:01,879 - INFO - Class 0 Accuracy: 82.67%
2024-11-19 04:59:01,879 - INFO - Class 1 Accuracy: 67.62%
2024-11-19 04:59:01,879 - INFO - Class 2 Accuracy: 85.89%
2024-11-19 04:59:01,879 - INFO - Class 3 Accuracy: 78.00%
2024-11-19 04:59:01,879 - INFO - Class 4 Accuracy: 82.00%
2024-11-19 04:59:01,967 - INFO - Total samples is: <torch.utils.data.dataloader.DataLoader object at 0x0000018D2AD10D70>
2024-11-19 05:45:00,848 - INFO - Mean IoU: 56.84%
2024-11-19 05:45:00,849 - INFO - Class 0 IoU: 47.69%
2024-11-19 05:45:00,849 - INFO - Class 1 IoU: 61.34%
2024-11-19 05:45:00,849 - INFO - Class 2 IoU: 68.33%
2024-11-19 05:45:00,849 - INFO - Class 3 IoU: 42.20%
2024-11-19 05:45:00,849 - INFO - Class 4 IoU: 64.62%
2024-11-19 05:45:00,850 - INFO - 
Epoch 10/500:
2024-11-19 05:45:00,850 - INFO - Train Loss: 0.3929, Train Acc: 82.56%
2024-11-19 05:45:00,850 - INFO - Val Loss: 0.6718, Val Acc: 75.03%
2024-11-19 05:45:00,850 - INFO - Class 0 Accuracy: 82.47%
2024-11-19 05:45:00,850 - INFO - Class 1 Accuracy: 64.33%
2024-11-19 05:45:00,850 - INFO - Class 2 Accuracy: 87.28%
2024-11-19 05:45:00,850 - INFO - Class 3 Accuracy: 91.61%
2024-11-19 05:45:00,850 - INFO - Class 4 Accuracy: 75.04%
2024-11-19 05:45:00,944 - INFO - Total samples is: <torch.utils.data.dataloader.DataLoader object at 0x0000018D2AD10D70>
2024-11-19 06:34:00,481 - INFO - Mean IoU: 64.04%
2024-11-19 06:34:00,481 - INFO - Class 0 IoU: 63.51%
2024-11-19 06:34:00,481 - INFO - Class 1 IoU: 65.32%
2024-11-19 06:34:00,481 - INFO - Class 2 IoU: 66.14%
2024-11-19 06:34:00,481 - INFO - Class 3 IoU: 53.40%
2024-11-19 06:34:00,481 - INFO - Class 4 IoU: 71.83%
2024-11-19 06:34:00,481 - INFO - 
Epoch 11/500:
2024-11-19 06:34:00,481 - INFO - Train Loss: 0.3716, Train Acc: 83.33%
2024-11-19 06:34:00,482 - INFO - Val Loss: 0.4934, Val Acc: 80.69%
2024-11-19 06:34:00,482 - INFO - Class 0 Accuracy: 87.18%
2024-11-19 06:34:00,482 - INFO - Class 1 Accuracy: 68.95%
2024-11-19 06:34:00,482 - INFO - Class 2 Accuracy: 90.55%
2024-11-19 06:34:00,482 - INFO - Class 3 Accuracy: 85.57%
2024-11-19 06:34:00,482 - INFO - Class 4 Accuracy: 83.40%
2024-11-19 06:34:00,587 - INFO - Saved best model with accuracy: 80.69%
2024-11-19 06:34:00,692 - INFO - Total samples is: <torch.utils.data.dataloader.DataLoader object at 0x0000018D2AD10D70>
2024-11-19 07:23:33,123 - INFO - Mean IoU: 59.49%
2024-11-19 07:23:33,123 - INFO - Class 0 IoU: 58.50%
2024-11-19 07:23:33,123 - INFO - Class 1 IoU: 67.39%
2024-11-19 07:23:33,123 - INFO - Class 2 IoU: 64.32%
2024-11-19 07:23:33,125 - INFO - Class 3 IoU: 41.18%
2024-11-19 07:23:33,125 - INFO - Class 4 IoU: 66.07%
2024-11-19 07:23:33,125 - INFO - 
Epoch 12/500:
2024-11-19 07:23:33,125 - INFO - Train Loss: 0.3461, Train Acc: 84.31%
2024-11-19 07:23:33,125 - INFO - Val Loss: 0.5548, Val Acc: 77.93%
2024-11-19 07:23:33,125 - INFO - Class 0 Accuracy: 83.24%
2024-11-19 07:23:33,125 - INFO - Class 1 Accuracy: 71.06%
2024-11-19 07:23:33,125 - INFO - Class 2 Accuracy: 94.67%
2024-11-19 07:23:33,125 - INFO - Class 3 Accuracy: 91.56%
2024-11-19 07:23:33,126 - INFO - Class 4 Accuracy: 75.16%
2024-11-19 07:23:33,213 - INFO - Total samples is: <torch.utils.data.dataloader.DataLoader object at 0x0000018D2AD10D70>
2024-11-19 08:07:59,795 - INFO - Mean IoU: 66.78%
2024-11-19 08:07:59,807 - INFO - Class 0 IoU: 56.88%
2024-11-19 08:07:59,808 - INFO - Class 1 IoU: 71.28%
2024-11-19 08:07:59,808 - INFO - Class 2 IoU: 70.33%
2024-11-19 08:07:59,808 - INFO - Class 3 IoU: 59.25%
2024-11-19 08:07:59,808 - INFO - Class 4 IoU: 76.14%
2024-11-19 08:07:59,808 - INFO - 
Epoch 13/500:
2024-11-19 08:07:59,808 - INFO - Train Loss: 0.3308, Train Acc: 85.30%
2024-11-19 08:07:59,808 - INFO - Val Loss: 0.4665, Val Acc: 82.90%
2024-11-19 08:07:59,808 - INFO - Class 0 Accuracy: 74.26%
2024-11-19 08:07:59,808 - INFO - Class 1 Accuracy: 76.31%
2024-11-19 08:07:59,809 - INFO - Class 2 Accuracy: 89.21%
2024-11-19 08:07:59,809 - INFO - Class 3 Accuracy: 84.12%
2024-11-19 08:07:59,809 - INFO - Class 4 Accuracy: 88.23%
2024-11-19 08:07:59,885 - INFO - Saved best model with accuracy: 82.90%
2024-11-19 08:07:59,958 - INFO - Total samples is: <torch.utils.data.dataloader.DataLoader object at 0x0000018D2AD10D70>
2024-11-19 08:59:41,260 - INFO - Mean IoU: 62.55%
2024-11-19 08:59:41,260 - INFO - Class 0 IoU: 59.54%
2024-11-19 08:59:41,260 - INFO - Class 1 IoU: 57.75%
2024-11-19 08:59:41,261 - INFO - Class 2 IoU: 69.91%
2024-11-19 08:59:41,261 - INFO - Class 3 IoU: 58.64%
2024-11-19 08:59:41,261 - INFO - Class 4 IoU: 66.90%
2024-11-19 08:59:41,261 - INFO - 
Epoch 14/500:
2024-11-19 08:59:41,261 - INFO - Train Loss: 0.3062, Train Acc: 86.35%
2024-11-19 08:59:41,261 - INFO - Val Loss: 0.6289, Val Acc: 77.86%
2024-11-19 08:59:41,261 - INFO - Class 0 Accuracy: 85.12%
2024-11-19 08:59:41,261 - INFO - Class 1 Accuracy: 59.55%
2024-11-19 08:59:41,261 - INFO - Class 2 Accuracy: 87.06%
2024-11-19 08:59:41,262 - INFO - Class 3 Accuracy: 90.13%
2024-11-19 08:59:41,262 - INFO - Class 4 Accuracy: 84.45%
2024-11-19 08:59:41,341 - INFO - Total samples is: <torch.utils.data.dataloader.DataLoader object at 0x0000018D2AD10D70>
2024-11-19 09:44:21,788 - INFO - Mean IoU: 69.60%
2024-11-19 09:44:21,788 - INFO - Class 0 IoU: 62.33%
2024-11-19 09:44:21,788 - INFO - Class 1 IoU: 69.47%
2024-11-19 09:44:21,789 - INFO - Class 2 IoU: 71.92%
2024-11-19 09:44:21,789 - INFO - Class 3 IoU: 70.54%
2024-11-19 09:44:21,789 - INFO - Class 4 IoU: 73.74%
2024-11-19 09:44:21,789 - INFO - 
Epoch 15/500:
2024-11-19 09:44:21,789 - INFO - Train Loss: 0.2921, Train Acc: 86.96%
2024-11-19 09:44:21,789 - INFO - Val Loss: 0.5007, Val Acc: 82.96%
2024-11-19 09:44:21,789 - INFO - Class 0 Accuracy: 78.46%
2024-11-19 09:44:21,789 - INFO - Class 1 Accuracy: 73.20%
2024-11-19 09:44:21,789 - INFO - Class 2 Accuracy: 89.15%
2024-11-19 09:44:21,790 - INFO - Class 3 Accuracy: 87.70%
2024-11-19 09:44:21,790 - INFO - Class 4 Accuracy: 88.91%
2024-11-19 09:44:21,877 - INFO - Saved best model with accuracy: 82.96%
2024-11-19 09:44:21,960 - INFO - Total samples is: <torch.utils.data.dataloader.DataLoader object at 0x0000018D2AD10D70>
2024-11-19 10:36:43,582 - INFO - Mean IoU: 65.74%
2024-11-19 10:36:43,582 - INFO - Class 0 IoU: 60.15%
2024-11-19 10:36:43,582 - INFO - Class 1 IoU: 68.87%
2024-11-19 10:36:43,583 - INFO - Class 2 IoU: 64.34%
2024-11-19 10:36:43,583 - INFO - Class 3 IoU: 63.98%
2024-11-19 10:36:43,583 - INFO - Class 4 IoU: 71.37%
2024-11-19 10:36:43,583 - INFO - 
Epoch 16/500:
2024-11-19 10:36:43,583 - INFO - Train Loss: 0.2719, Train Acc: 87.62%
2024-11-19 10:36:43,583 - INFO - Val Loss: 0.5103, Val Acc: 80.98%
2024-11-19 10:36:43,583 - INFO - Class 0 Accuracy: 84.98%
2024-11-19 10:36:43,584 - INFO - Class 1 Accuracy: 73.00%
2024-11-19 10:36:43,584 - INFO - Class 2 Accuracy: 92.27%
2024-11-19 10:36:43,584 - INFO - Class 3 Accuracy: 83.87%
2024-11-19 10:36:43,584 - INFO - Class 4 Accuracy: 81.69%
2024-11-19 10:36:43,749 - INFO - Total samples is: <torch.utils.data.dataloader.DataLoader object at 0x0000018D2AD10D70>
2024-11-19 11:26:41,929 - INFO - Mean IoU: 64.97%
2024-11-19 11:26:41,932 - INFO - Class 0 IoU: 56.72%
2024-11-19 11:26:41,932 - INFO - Class 1 IoU: 62.46%
2024-11-19 11:26:41,932 - INFO - Class 2 IoU: 71.77%
2024-11-19 11:26:41,933 - INFO - Class 3 IoU: 64.37%
2024-11-19 11:26:41,933 - INFO - Class 4 IoU: 69.54%
2024-11-19 11:26:41,933 - INFO - 
Epoch 17/500:
2024-11-19 11:26:41,933 - INFO - Train Loss: 0.2613, Train Acc: 88.07%
2024-11-19 11:26:41,933 - INFO - Val Loss: 0.5802, Val Acc: 79.44%
2024-11-19 11:26:41,933 - INFO - Class 0 Accuracy: 84.45%
2024-11-19 11:26:41,933 - INFO - Class 1 Accuracy: 65.33%
2024-11-19 11:26:41,934 - INFO - Class 2 Accuracy: 87.41%
2024-11-19 11:26:41,934 - INFO - Class 3 Accuracy: 87.90%
2024-11-19 11:26:41,934 - INFO - Class 4 Accuracy: 84.46%
2024-11-19 11:26:42,034 - INFO - Total samples is: <torch.utils.data.dataloader.DataLoader object at 0x0000018D2AD10D70>
2024-11-19 12:12:38,953 - INFO - Mean IoU: 68.26%
2024-11-19 12:12:38,953 - INFO - Class 0 IoU: 62.18%
2024-11-19 12:12:38,953 - INFO - Class 1 IoU: 65.62%
2024-11-19 12:12:38,953 - INFO - Class 2 IoU: 72.15%
2024-11-19 12:12:38,953 - INFO - Class 3 IoU: 67.85%
2024-11-19 12:12:38,953 - INFO - Class 4 IoU: 73.50%
2024-11-19 12:12:38,953 - INFO - 
Epoch 18/500:
2024-11-19 12:12:38,953 - INFO - Train Loss: 0.2480, Train Acc: 88.91%
2024-11-19 12:12:38,953 - INFO - Val Loss: 0.4849, Val Acc: 82.01%
2024-11-19 12:12:38,955 - INFO - Class 0 Accuracy: 86.97%
2024-11-19 12:12:38,955 - INFO - Class 1 Accuracy: 68.94%
2024-11-19 12:12:38,955 - INFO - Class 2 Accuracy: 91.43%
2024-11-19 12:12:38,955 - INFO - Class 3 Accuracy: 88.28%
2024-11-19 12:12:38,955 - INFO - Class 4 Accuracy: 86.21%
2024-11-19 12:12:39,047 - INFO - Total samples is: <torch.utils.data.dataloader.DataLoader object at 0x0000018D2AD10D70>
2024-11-19 12:57:56,042 - INFO - Mean IoU: 66.81%
2024-11-19 12:57:56,042 - INFO - Class 0 IoU: 63.74%
2024-11-19 12:57:56,043 - INFO - Class 1 IoU: 64.74%
2024-11-19 12:57:56,043 - INFO - Class 2 IoU: 71.30%
2024-11-19 12:57:56,043 - INFO - Class 3 IoU: 63.04%
2024-11-19 12:57:56,043 - INFO - Class 4 IoU: 71.23%
2024-11-19 12:57:56,043 - INFO - 
Epoch 19/500:
2024-11-19 12:57:56,043 - INFO - Train Loss: 0.2295, Train Acc: 89.49%
2024-11-19 12:57:56,043 - INFO - Val Loss: 0.5537, Val Acc: 81.23%
2024-11-19 12:57:56,044 - INFO - Class 0 Accuracy: 85.38%
2024-11-19 12:57:56,044 - INFO - Class 1 Accuracy: 67.91%
2024-11-19 12:57:56,044 - INFO - Class 2 Accuracy: 85.53%
2024-11-19 12:57:56,044 - INFO - Class 3 Accuracy: 84.12%
2024-11-19 12:57:56,045 - INFO - Class 4 Accuracy: 87.36%
2024-11-19 12:57:56,134 - INFO - Total samples is: <torch.utils.data.dataloader.DataLoader object at 0x0000018D2AD10D70>
2024-11-19 13:42:21,201 - INFO - Mean IoU: 67.09%
2024-11-19 13:42:21,202 - INFO - Class 0 IoU: 63.83%
2024-11-19 13:42:21,202 - INFO - Class 1 IoU: 65.71%
2024-11-19 13:42:21,202 - INFO - Class 2 IoU: 72.53%
2024-11-19 13:42:21,202 - INFO - Class 3 IoU: 61.83%
2024-11-19 13:42:21,202 - INFO - Class 4 IoU: 71.56%
2024-11-19 13:42:21,202 - INFO - 
Epoch 20/500:
2024-11-19 13:42:21,202 - INFO - Train Loss: 0.2259, Train Acc: 90.03%
2024-11-19 13:42:21,202 - INFO - Val Loss: 0.5458, Val Acc: 81.54%
2024-11-19 13:42:21,203 - INFO - Class 0 Accuracy: 86.79%
2024-11-19 13:42:21,203 - INFO - Class 1 Accuracy: 68.55%
2024-11-19 13:42:21,203 - INFO - Class 2 Accuracy: 87.13%
2024-11-19 13:42:21,203 - INFO - Class 3 Accuracy: 89.20%
2024-11-19 13:42:21,203 - INFO - Class 4 Accuracy: 86.40%
2024-11-19 13:42:21,284 - INFO - Total samples is: <torch.utils.data.dataloader.DataLoader object at 0x0000018D2AD10D70>
2024-11-19 14:34:03,282 - INFO - Mean IoU: 69.10%
2024-11-19 14:34:03,282 - INFO - Class 0 IoU: 63.85%
2024-11-19 14:34:03,283 - INFO - Class 1 IoU: 67.88%
2024-11-19 14:34:03,283 - INFO - Class 2 IoU: 71.35%
2024-11-19 14:34:03,283 - INFO - Class 3 IoU: 68.33%
2024-11-19 14:34:03,283 - INFO - Class 4 IoU: 74.09%
2024-11-19 14:34:03,283 - INFO - 
Epoch 21/500:
2024-11-19 14:34:03,283 - INFO - Train Loss: 0.2149, Train Acc: 90.33%
2024-11-19 14:34:03,283 - INFO - Val Loss: 0.5016, Val Acc: 82.75%
2024-11-19 14:34:03,283 - INFO - Class 0 Accuracy: 87.45%
2024-11-19 14:34:03,284 - INFO - Class 1 Accuracy: 71.31%
2024-11-19 14:34:03,285 - INFO - Class 2 Accuracy: 89.06%
2024-11-19 14:34:03,285 - INFO - Class 3 Accuracy: 87.27%
2024-11-19 14:34:03,285 - INFO - Class 4 Accuracy: 86.80%
2024-11-19 14:34:03,376 - INFO - Total samples is: <torch.utils.data.dataloader.DataLoader object at 0x0000018D2AD10D70>
2024-11-19 15:21:16,874 - INFO - Mean IoU: 67.28%
2024-11-19 15:21:16,875 - INFO - Class 0 IoU: 62.31%
2024-11-19 15:21:16,875 - INFO - Class 1 IoU: 65.78%
2024-11-19 15:21:16,875 - INFO - Class 2 IoU: 72.93%
2024-11-19 15:21:16,876 - INFO - Class 3 IoU: 63.53%
2024-11-19 15:21:16,876 - INFO - Class 4 IoU: 71.85%
2024-11-19 15:21:16,876 - INFO - 
Epoch 22/500:
2024-11-19 15:21:16,876 - INFO - Train Loss: 0.2068, Train Acc: 90.63%
2024-11-19 15:21:16,876 - INFO - Val Loss: 0.5385, Val Acc: 81.52%
2024-11-19 15:21:16,876 - INFO - Class 0 Accuracy: 87.69%
2024-11-19 15:21:16,876 - INFO - Class 1 Accuracy: 68.58%
2024-11-19 15:21:16,876 - INFO - Class 2 Accuracy: 88.84%
2024-11-19 15:21:16,876 - INFO - Class 3 Accuracy: 88.22%
2024-11-19 15:21:16,877 - INFO - Class 4 Accuracy: 85.69%
2024-11-19 15:21:16,980 - INFO - Total samples is: <torch.utils.data.dataloader.DataLoader object at 0x0000018D2AD10D70>
2024-11-19 16:09:15,532 - INFO - Mean IoU: 68.76%
2024-11-19 16:09:15,532 - INFO - Class 0 IoU: 65.77%
2024-11-19 16:09:15,533 - INFO - Class 1 IoU: 65.51%
2024-11-19 16:09:15,533 - INFO - Class 2 IoU: 73.15%
2024-11-19 16:09:15,533 - INFO - Class 3 IoU: 66.38%
2024-11-19 16:09:15,533 - INFO - Class 4 IoU: 72.99%
2024-11-19 16:09:15,533 - INFO - 
Epoch 23/500:
2024-11-19 16:09:15,533 - INFO - Train Loss: 0.1956, Train Acc: 90.96%
2024-11-19 16:09:15,533 - INFO - Val Loss: 0.5281, Val Acc: 82.37%
2024-11-19 16:09:15,533 - INFO - Class 0 Accuracy: 83.31%
2024-11-19 16:09:15,533 - INFO - Class 1 Accuracy: 68.28%
2024-11-19 16:09:15,535 - INFO - Class 2 Accuracy: 88.13%
2024-11-19 16:09:15,535 - INFO - Class 3 Accuracy: 88.47%
2024-11-19 16:09:15,535 - INFO - Class 4 Accuracy: 89.55%
2024-11-19 16:09:15,613 - INFO - Total samples is: <torch.utils.data.dataloader.DataLoader object at 0x0000018D2AD10D70>
2024-11-19 16:58:03,874 - INFO - Mean IoU: 68.80%
2024-11-19 16:58:03,875 - INFO - Class 0 IoU: 63.85%
2024-11-19 16:58:03,875 - INFO - Class 1 IoU: 69.31%
2024-11-19 16:58:03,875 - INFO - Class 2 IoU: 72.14%
2024-11-19 16:58:03,875 - INFO - Class 3 IoU: 65.33%
2024-11-19 16:58:03,875 - INFO - Class 4 IoU: 73.36%
2024-11-19 16:58:03,875 - INFO - 
Epoch 24/500:
2024-11-19 16:58:03,875 - INFO - Train Loss: 0.1940, Train Acc: 91.02%
2024-11-19 16:58:03,875 - INFO - Val Loss: 0.4933, Val Acc: 82.78%
2024-11-19 16:58:03,875 - INFO - Class 0 Accuracy: 86.18%
2024-11-19 16:58:03,876 - INFO - Class 1 Accuracy: 72.76%
2024-11-19 16:58:03,876 - INFO - Class 2 Accuracy: 88.04%
2024-11-19 16:58:03,876 - INFO - Class 3 Accuracy: 88.77%
2024-11-19 16:58:03,876 - INFO - Class 4 Accuracy: 86.43%
2024-11-19 16:58:03,957 - INFO - Total samples is: <torch.utils.data.dataloader.DataLoader object at 0x0000018D2AD10D70>
2024-11-19 17:48:36,711 - INFO - Mean IoU: 69.09%
2024-11-19 17:48:36,712 - INFO - Class 0 IoU: 64.35%
2024-11-19 17:48:36,712 - INFO - Class 1 IoU: 66.35%
2024-11-19 17:48:36,712 - INFO - Class 2 IoU: 73.38%
2024-11-19 17:48:36,712 - INFO - Class 3 IoU: 68.02%
2024-11-19 17:48:36,712 - INFO - Class 4 IoU: 73.38%
2024-11-19 17:48:36,712 - INFO - 
Epoch 25/500:
2024-11-19 17:48:36,712 - INFO - Train Loss: 0.1935, Train Acc: 91.12%
2024-11-19 17:48:36,713 - INFO - Val Loss: 0.5050, Val Acc: 82.49%
2024-11-19 17:48:36,713 - INFO - Class 0 Accuracy: 86.13%
2024-11-19 17:48:36,713 - INFO - Class 1 Accuracy: 69.42%
2024-11-19 17:48:36,713 - INFO - Class 2 Accuracy: 88.11%
2024-11-19 17:48:36,714 - INFO - Class 3 Accuracy: 88.58%
2024-11-19 17:48:36,714 - INFO - Class 4 Accuracy: 88.10%
2024-11-19 17:48:36,792 - INFO - Total samples is: <torch.utils.data.dataloader.DataLoader object at 0x0000018D2AD10D70>
2024-11-19 18:39:23,448 - INFO - Mean IoU: 50.73%
2024-11-19 18:39:23,459 - INFO - Class 0 IoU: 43.31%
2024-11-19 18:39:23,459 - INFO - Class 1 IoU: 61.16%
2024-11-19 18:39:23,460 - INFO - Class 2 IoU: 61.49%
2024-11-19 18:39:23,460 - INFO - Class 3 IoU: 28.85%
2024-11-19 18:39:23,460 - INFO - Class 4 IoU: 58.83%
2024-11-19 18:39:23,460 - INFO - 
Epoch 26/500:
2024-11-19 18:39:23,460 - INFO - Train Loss: 0.3918, Train Acc: 82.99%
2024-11-19 18:39:23,460 - INFO - Val Loss: 0.8779, Val Acc: 71.07%
2024-11-19 18:39:23,460 - INFO - Class 0 Accuracy: 67.43%
2024-11-19 18:39:23,460 - INFO - Class 1 Accuracy: 65.12%
2024-11-19 18:39:23,460 - INFO - Class 2 Accuracy: 79.14%
2024-11-19 18:39:23,460 - INFO - Class 3 Accuracy: 89.31%
2024-11-19 18:39:23,460 - INFO - Class 4 Accuracy: 72.19%
2024-11-19 18:39:23,562 - INFO - Total samples is: <torch.utils.data.dataloader.DataLoader object at 0x0000018D2AD10D70>
