2024-11-20 20:35:05,466 - INFO - Training configuration:
2024-11-20 20:35:05,466 - INFO - num_points: 4096
2024-11-20 20:35:05,466 - INFO - chunk_size: 4096
2024-11-20 20:35:05,466 - INFO - overlap: 2048
2024-11-20 20:35:05,466 - INFO - batch_size: 64
2024-11-20 20:35:05,466 - INFO - num_workers: 12
2024-11-20 20:35:05,466 - INFO - learning_rate: 0.001
2024-11-20 20:35:05,466 - INFO - num_classes: 5
2024-11-20 20:35:05,466 - INFO - num_epochs: 500
2024-11-20 20:35:05,466 - INFO - device: cuda
2024-11-20 20:35:05,466 - INFO - Using device: cuda
2024-11-20 20:35:05,466 - INFO - 开始预加载数据到内存...
2024-11-20 20:35:05,539 - INFO - Training configuration:
2024-11-20 20:35:05,539 - INFO - num_points: 4096
2024-11-20 20:35:05,540 - INFO - chunk_size: 4096
2024-11-20 20:35:05,540 - INFO - overlap: 2048
2024-11-20 20:35:05,540 - INFO - batch_size: 64
2024-11-20 20:35:05,540 - INFO - num_workers: 12
2024-11-20 20:35:05,540 - INFO - learning_rate: 0.001
2024-11-20 20:35:05,540 - INFO - num_classes: 5
2024-11-20 20:35:05,540 - INFO - num_epochs: 500
2024-11-20 20:35:05,540 - INFO - device: cuda
2024-11-20 20:35:05,540 - INFO - Using device: cuda
2024-11-20 20:35:05,540 - INFO - 开始预加载数据到内存...
2024-11-20 20:35:33,595 - INFO - 数据预加载完成，共 98890 个数据块
2024-11-20 20:35:33,595 - INFO - 有效标签: [0, 1, 2, 3, 4]
2024-11-20 20:35:33,596 - INFO - reading train data
2024-11-20 20:35:33,596 - INFO - 开始预加载数据到内存...
2024-11-20 20:35:34,356 - INFO - 数据预加载完成，共 98890 个数据块
2024-11-20 20:35:34,356 - INFO - 有效标签: [0, 1, 2, 3, 4]
2024-11-20 20:35:34,358 - INFO - reading train data
2024-11-20 20:35:34,358 - INFO - 开始预加载数据到内存...
2024-11-20 20:35:36,996 - INFO - 数据预加载完成，共 4729 个数据块
2024-11-20 20:35:36,996 - INFO - 有效标签: [0, 1, 2, 3, 4]
2024-11-20 20:35:37,038 - INFO - 验证集创建完成，使用 945 个数据块 (总共 4729 个的 20.0%)
2024-11-20 20:35:37,039 - INFO - 有效标签: [0, 1, 2, 3, 4]
2024-11-20 20:35:37,039 - INFO - reading val data
2024-11-20 20:35:37,039 - INFO - Train dataset size: 98890
2024-11-20 20:35:37,039 - INFO - Val dataset size: 945
2024-11-20 20:35:37,639 - INFO - 数据预加载完成，共 4729 个数据块
2024-11-20 20:35:37,640 - INFO - 有效标签: [0, 1, 2, 3, 4]
2024-11-20 20:35:37,683 - INFO - 验证集创建完成，使用 945 个数据块 (总共 4729 个的 20.0%)
2024-11-20 20:35:37,683 - INFO - 有效标签: [0, 1, 2, 3, 4]
2024-11-20 20:35:37,683 - INFO - reading val data
2024-11-20 20:35:37,683 - INFO - Train dataset size: 98890
2024-11-20 20:35:37,684 - INFO - Val dataset size: 945
2024-11-20 20:35:37,908 - INFO - Total samples is: <torch.utils.data.dataloader.DataLoader object at 0x000002A826544650>
2024-11-20 20:35:38,457 - INFO - Total samples is: <torch.utils.data.dataloader.DataLoader object at 0x000001B935110FE0>
