2024-11-20 23:16:21,957 - INFO - Training configuration:
2024-11-20 23:16:21,957 - INFO - num_points: 4096
2024-11-20 23:16:21,957 - INFO - chunk_size: 4096
2024-11-20 23:16:21,957 - INFO - overlap: 2048
2024-11-20 23:16:21,957 - INFO - batch_size: 48
2024-11-20 23:16:21,957 - INFO - num_workers: 0
2024-11-20 23:16:21,957 - INFO - learning_rate: 0.001
2024-11-20 23:16:21,957 - INFO - num_classes: 5
2024-11-20 23:16:21,958 - INFO - num_epochs: 500
2024-11-20 23:16:21,958 - INFO - device: cuda
2024-11-20 23:16:21,958 - INFO - Using device: cuda
2024-11-20 23:16:21,958 - INFO - 开始预加载数据到内存...
2024-11-20 23:17:15,016 - INFO - 数据预加载完成，共 85264 个数据块
2024-11-20 23:17:15,016 - INFO - 有效标签: [0, 1, 2, 3, 4]
2024-11-20 23:17:15,018 - INFO - reading train data
2024-11-20 23:17:15,018 - INFO - 开始预加载数据到内存...
2024-11-20 23:17:20,369 - INFO - 数据预加载完成，共 4729 个数据块
2024-11-20 23:17:20,370 - INFO - 有效标签: [0, 1, 2, 3, 4]
2024-11-20 23:17:20,427 - INFO - 验证集创建完成，使用 945 个数据块 (总共 4729 个的 20.0%)
2024-11-20 23:17:20,427 - INFO - 有效标签: [0, 1, 2, 3, 4]
2024-11-20 23:17:20,427 - INFO - reading val data
2024-11-20 23:17:20,427 - INFO - Train dataset size: 85264
2024-11-20 23:17:20,427 - INFO - Val dataset size: 945
2024-11-20 23:17:22,097 - INFO - Total samples is: <torch.utils.data.dataloader.DataLoader object at 0x000001B60C2A3740>
