2024-12-08 23:23:30,540 - INFO - Training configuration:
2024-12-08 23:23:30,542 - INFO - num_points: 4096
2024-12-08 23:23:30,542 - INFO - chunk_size: 4096
2024-12-08 23:23:30,542 - INFO - overlap: 1024
2024-12-08 23:23:30,542 - INFO - batch_size: 16
2024-12-08 23:23:30,542 - INFO - num_workers: 0
2024-12-08 23:23:30,542 - INFO - learning_rate: 0.001
2024-12-08 23:23:30,542 - INFO - num_classes: 5
2024-12-08 23:23:30,542 - INFO - num_epochs: 500
2024-12-08 23:23:30,542 - INFO - device: cuda
2024-12-08 23:23:30,542 - INFO - Using device: cuda
2024-12-08 23:23:30,544 - INFO - Loading dataset from cache: data/fukushima/org/train//cache\dataset_cache_points4096_size1.0_rate0.2_transformTrue_hash9fcf1b57.pt
2024-12-08 23:27:25,104 - INFO - Successfully loaded 19490 blocks from cache
2024-12-08 23:27:25,105 - INFO - reading train data
2024-12-08 23:27:25,106 - INFO - Loading dataset from cache: data/fukushima/org/val//cache\dataset_cache_points4096_size1.0_rate0.3_transformFalse_hash6525dc81.pt
2024-12-08 23:30:29,659 - INFO - Successfully loaded 4062 blocks from cache
2024-12-08 23:30:29,659 - INFO - reading val data
2024-12-08 23:30:29,660 - INFO - Train dataset size: 19490
2024-12-08 23:30:29,660 - INFO - Val dataset size: 4062
2024-12-08 23:30:31,395 - INFO - Total samples is: <torch.utils.data.dataloader.DataLoader object at 0x000002BA1DC0D3D0>
2024-12-08 23:50:26,056 - INFO - Validation parameter calculation time: 0:00:00.006542
2024-12-08 23:50:26,057 - INFO - 
Epoch 1/500:
2024-12-08 23:50:26,057 - INFO - Train Loss: 0.5413, Train Acc: 79.32%
2024-12-08 23:50:26,057 - INFO - Val Loss: 0.7058, Val Acc: 76.69%
2024-12-08 23:50:26,058 - INFO - Class 0 Accuracy: 65.27%
2024-12-08 23:50:26,058 - INFO - Class 1 Accuracy: 64.14%
2024-12-08 23:50:26,059 - INFO - Class 2 Accuracy: 71.97%
2024-12-08 23:50:26,060 - INFO - Class 3 Accuracy: 82.94%
2024-12-08 23:50:26,060 - INFO - Class 4 Accuracy: 93.81%
2024-12-08 23:50:26,172 - INFO - Saved best model with accuracy: 76.69%
2024-12-08 23:50:26,317 - INFO - Saved checkpoint at epoch 1
2024-12-08 23:50:26,318 - INFO - Total samples is: <torch.utils.data.dataloader.DataLoader object at 0x000002BA1DC0D3D0>
2024-12-09 00:06:49,853 - INFO - Validation parameter calculation time: 0:00:00.006028
2024-12-09 00:06:49,853 - INFO - 
Epoch 2/500:
2024-12-09 00:06:49,853 - INFO - Train Loss: 0.3699, Train Acc: 86.16%
2024-12-09 00:06:49,853 - INFO - Val Loss: 0.3708, Val Acc: 86.15%
2024-12-09 00:06:49,854 - INFO - Class 0 Accuracy: 73.60%
2024-12-09 00:06:49,854 - INFO - Class 1 Accuracy: 84.60%
2024-12-09 00:06:49,855 - INFO - Class 2 Accuracy: 80.98%
2024-12-09 00:06:49,855 - INFO - Class 3 Accuracy: 86.66%
2024-12-09 00:06:49,855 - INFO - Class 4 Accuracy: 94.22%
2024-12-09 00:06:49,953 - INFO - Saved best model with accuracy: 86.15%
2024-12-09 00:06:50,040 - INFO - Saved checkpoint at epoch 2
2024-12-09 00:06:50,042 - INFO - Total samples is: <torch.utils.data.dataloader.DataLoader object at 0x000002BA1DC0D3D0>
2024-12-09 00:31:04,969 - INFO - Validation parameter calculation time: 0:00:00.008505
2024-12-09 00:31:04,969 - INFO - 
Epoch 3/500:
2024-12-09 00:31:04,969 - INFO - Train Loss: 0.2973, Train Acc: 88.89%
2024-12-09 00:31:04,969 - INFO - Val Loss: 0.3917, Val Acc: 85.89%
2024-12-09 00:31:04,971 - INFO - Class 0 Accuracy: 84.55%
2024-12-09 00:31:04,971 - INFO - Class 1 Accuracy: 89.23%
2024-12-09 00:31:04,971 - INFO - Class 2 Accuracy: 82.92%
2024-12-09 00:31:04,972 - INFO - Class 3 Accuracy: 90.57%
2024-12-09 00:31:04,973 - INFO - Class 4 Accuracy: 83.93%
2024-12-09 00:31:05,070 - INFO - Saved checkpoint at epoch 3
2024-12-09 00:31:05,072 - INFO - Total samples is: <torch.utils.data.dataloader.DataLoader object at 0x000002BA1DC0D3D0>
2024-12-09 00:54:29,886 - INFO - Validation parameter calculation time: 0:00:00.007533
2024-12-09 00:54:29,887 - INFO - 
Epoch 4/500:
2024-12-09 00:54:29,887 - INFO - Train Loss: 0.2985, Train Acc: 88.77%
2024-12-09 00:54:29,887 - INFO - Val Loss: 0.9381, Val Acc: 70.72%
2024-12-09 00:54:29,888 - INFO - Class 0 Accuracy: 88.62%
2024-12-09 00:54:29,889 - INFO - Class 1 Accuracy: 54.35%
2024-12-09 00:54:29,890 - INFO - Class 2 Accuracy: 56.35%
2024-12-09 00:54:29,891 - INFO - Class 3 Accuracy: 72.98%
2024-12-09 00:54:29,891 - INFO - Class 4 Accuracy: 84.27%
2024-12-09 00:54:30,066 - INFO - Saved checkpoint at epoch 4
2024-12-09 00:54:30,068 - INFO - Total samples is: <torch.utils.data.dataloader.DataLoader object at 0x000002BA1DC0D3D0>
2024-12-09 01:16:37,360 - INFO - Validation parameter calculation time: 0:00:00.010018
2024-12-09 01:16:37,361 - INFO - 
Epoch 5/500:
2024-12-09 01:16:37,361 - INFO - Train Loss: 0.2580, Train Acc: 90.33%
2024-12-09 01:16:37,361 - INFO - Val Loss: 0.4400, Val Acc: 83.15%
2024-12-09 01:16:37,362 - INFO - Class 0 Accuracy: 59.22%
2024-12-09 01:16:37,362 - INFO - Class 1 Accuracy: 92.11%
2024-12-09 01:16:37,363 - INFO - Class 2 Accuracy: 93.20%
2024-12-09 01:16:37,364 - INFO - Class 3 Accuracy: 79.23%
2024-12-09 01:16:37,364 - INFO - Class 4 Accuracy: 80.58%
2024-12-09 01:16:37,456 - INFO - Saved checkpoint at epoch 5
2024-12-09 01:16:37,457 - INFO - Total samples is: <torch.utils.data.dataloader.DataLoader object at 0x000002BA1DC0D3D0>
2024-12-09 01:38:54,296 - INFO - Validation parameter calculation time: 0:00:00.006526
2024-12-09 01:38:54,298 - INFO - 
Epoch 6/500:
2024-12-09 01:38:54,298 - INFO - Train Loss: 0.2499, Train Acc: 90.69%
2024-12-09 01:38:54,298 - INFO - Val Loss: 0.3516, Val Acc: 87.26%
2024-12-09 01:38:54,299 - INFO - Class 0 Accuracy: 76.56%
2024-12-09 01:38:54,300 - INFO - Class 1 Accuracy: 90.47%
2024-12-09 01:38:54,300 - INFO - Class 2 Accuracy: 82.81%
2024-12-09 01:38:54,301 - INFO - Class 3 Accuracy: 86.28%
2024-12-09 01:38:54,302 - INFO - Class 4 Accuracy: 90.09%
2024-12-09 01:38:54,486 - INFO - Saved best model with accuracy: 87.26%
2024-12-09 01:38:54,649 - INFO - Saved checkpoint at epoch 6
2024-12-09 01:38:54,651 - INFO - Total samples is: <torch.utils.data.dataloader.DataLoader object at 0x000002BA1DC0D3D0>
2024-12-09 02:01:34,986 - INFO - Validation parameter calculation time: 0:00:00.010026
2024-12-09 02:01:34,987 - INFO - 
Epoch 7/500:
2024-12-09 02:01:34,987 - INFO - Train Loss: 0.2410, Train Acc: 90.98%
2024-12-09 02:01:34,987 - INFO - Val Loss: 0.3512, Val Acc: 87.05%
2024-12-09 02:01:34,988 - INFO - Class 0 Accuracy: 69.41%
2024-12-09 02:01:34,988 - INFO - Class 1 Accuracy: 87.64%
2024-12-09 02:01:34,989 - INFO - Class 2 Accuracy: 79.71%
2024-12-09 02:01:34,989 - INFO - Class 3 Accuracy: 86.87%
2024-12-09 02:01:34,989 - INFO - Class 4 Accuracy: 95.90%
2024-12-09 02:01:35,097 - INFO - Saved checkpoint at epoch 7
2024-12-09 02:01:35,098 - INFO - Total samples is: <torch.utils.data.dataloader.DataLoader object at 0x000002BA1DC0D3D0>
2024-12-09 02:24:02,509 - INFO - Validation parameter calculation time: 0:00:00.007564
2024-12-09 02:24:02,511 - INFO - 
Epoch 8/500:
2024-12-09 02:24:02,511 - INFO - Train Loss: 0.2293, Train Acc: 91.40%
2024-12-09 02:24:02,511 - INFO - Val Loss: 0.3158, Val Acc: 89.03%
2024-12-09 02:24:02,512 - INFO - Class 0 Accuracy: 78.40%
2024-12-09 02:24:02,513 - INFO - Class 1 Accuracy: 91.26%
2024-12-09 02:24:02,513 - INFO - Class 2 Accuracy: 86.94%
2024-12-09 02:24:02,514 - INFO - Class 3 Accuracy: 87.52%
2024-12-09 02:24:02,514 - INFO - Class 4 Accuracy: 91.89%
2024-12-09 02:24:02,714 - INFO - Saved best model with accuracy: 89.03%
2024-12-09 02:24:02,899 - INFO - Saved checkpoint at epoch 8
2024-12-09 02:24:02,901 - INFO - Total samples is: <torch.utils.data.dataloader.DataLoader object at 0x000002BA1DC0D3D0>
2024-12-09 02:46:25,130 - INFO - Validation parameter calculation time: 0:00:00.009518
2024-12-09 02:46:25,130 - INFO - 
Epoch 9/500:
2024-12-09 02:46:25,130 - INFO - Train Loss: 0.2328, Train Acc: 91.36%
2024-12-09 02:46:25,130 - INFO - Val Loss: 0.4049, Val Acc: 85.96%
2024-12-09 02:46:25,132 - INFO - Class 0 Accuracy: 74.49%
2024-12-09 02:46:25,132 - INFO - Class 1 Accuracy: 87.42%
2024-12-09 02:46:25,132 - INFO - Class 2 Accuracy: 68.49%
2024-12-09 02:46:25,133 - INFO - Class 3 Accuracy: 87.50%
2024-12-09 02:46:25,133 - INFO - Class 4 Accuracy: 95.24%
2024-12-09 02:46:25,228 - INFO - Saved checkpoint at epoch 9
2024-12-09 02:46:25,229 - INFO - Total samples is: <torch.utils.data.dataloader.DataLoader object at 0x000002BA1DC0D3D0>
2024-12-09 03:08:47,845 - INFO - Validation parameter calculation time: 0:00:00.006598
2024-12-09 03:08:47,846 - INFO - 
Epoch 10/500:
2024-12-09 03:08:47,847 - INFO - Train Loss: 0.2169, Train Acc: 91.83%
2024-12-09 03:08:47,847 - INFO - Val Loss: 0.3350, Val Acc: 88.09%
2024-12-09 03:08:47,848 - INFO - Class 0 Accuracy: 80.91%
2024-12-09 03:08:47,849 - INFO - Class 1 Accuracy: 83.93%
2024-12-09 03:08:47,849 - INFO - Class 2 Accuracy: 87.52%
2024-12-09 03:08:47,850 - INFO - Class 3 Accuracy: 86.87%
2024-12-09 03:08:47,851 - INFO - Class 4 Accuracy: 95.02%
2024-12-09 03:08:48,058 - INFO - Saved checkpoint at epoch 10
2024-12-09 03:08:48,059 - INFO - Total samples is: <torch.utils.data.dataloader.DataLoader object at 0x000002BA1DC0D3D0>
2024-12-09 03:31:10,109 - INFO - Validation parameter calculation time: 0:00:00.007556
2024-12-09 03:31:10,110 - INFO - 
Epoch 11/500:
2024-12-09 03:31:10,110 - INFO - Train Loss: 0.2142, Train Acc: 92.12%
2024-12-09 03:31:10,110 - INFO - Val Loss: 0.3207, Val Acc: 88.74%
2024-12-09 03:31:10,111 - INFO - Class 0 Accuracy: 72.32%
2024-12-09 03:31:10,111 - INFO - Class 1 Accuracy: 89.36%
2024-12-09 03:31:10,112 - INFO - Class 2 Accuracy: 86.24%
2024-12-09 03:31:10,112 - INFO - Class 3 Accuracy: 86.10%
2024-12-09 03:31:10,113 - INFO - Class 4 Accuracy: 95.57%
2024-12-09 03:31:10,229 - INFO - Saved checkpoint at epoch 11
2024-12-09 03:31:10,231 - INFO - Total samples is: <torch.utils.data.dataloader.DataLoader object at 0x000002BA1DC0D3D0>
2024-12-09 03:53:37,388 - INFO - Validation parameter calculation time: 0:00:00.009927
2024-12-09 03:53:37,389 - INFO - 
Epoch 12/500:
2024-12-09 03:53:37,389 - INFO - Train Loss: 0.2054, Train Acc: 92.36%
2024-12-09 03:53:37,389 - INFO - Val Loss: 0.3245, Val Acc: 88.77%
2024-12-09 03:53:37,390 - INFO - Class 0 Accuracy: 91.56%
2024-12-09 03:53:37,391 - INFO - Class 1 Accuracy: 86.62%
2024-12-09 03:53:37,392 - INFO - Class 2 Accuracy: 90.17%
2024-12-09 03:53:37,392 - INFO - Class 3 Accuracy: 87.09%
2024-12-09 03:53:37,393 - INFO - Class 4 Accuracy: 89.37%
2024-12-09 03:53:37,506 - INFO - Saved checkpoint at epoch 12
2024-12-09 03:53:37,507 - INFO - Total samples is: <torch.utils.data.dataloader.DataLoader object at 0x000002BA1DC0D3D0>
2024-12-09 04:15:57,568 - INFO - Validation parameter calculation time: 0:00:00.009516
2024-12-09 04:15:57,568 - INFO - 
Epoch 13/500:
2024-12-09 04:15:57,568 - INFO - Train Loss: 0.2032, Train Acc: 92.44%
2024-12-09 04:15:57,568 - INFO - Val Loss: 0.2835, Val Acc: 89.85%
2024-12-09 04:15:57,570 - INFO - Class 0 Accuracy: 76.20%
2024-12-09 04:15:57,570 - INFO - Class 1 Accuracy: 88.84%
2024-12-09 04:15:57,570 - INFO - Class 2 Accuracy: 89.25%
2024-12-09 04:15:57,571 - INFO - Class 3 Accuracy: 88.60%
2024-12-09 04:15:57,571 - INFO - Class 4 Accuracy: 96.30%
2024-12-09 04:15:57,669 - INFO - Saved best model with accuracy: 89.85%
2024-12-09 04:15:57,857 - INFO - Saved checkpoint at epoch 13
2024-12-09 04:15:57,858 - INFO - Total samples is: <torch.utils.data.dataloader.DataLoader object at 0x000002BA1DC0D3D0>
2024-12-09 04:38:19,374 - INFO - Validation parameter calculation time: 0:00:00.009018
2024-12-09 04:38:19,374 - INFO - 
Epoch 14/500:
2024-12-09 04:38:19,374 - INFO - Train Loss: 0.1963, Train Acc: 92.71%
2024-12-09 04:38:19,374 - INFO - Val Loss: 0.2864, Val Acc: 89.58%
2024-12-09 04:38:19,377 - INFO - Class 0 Accuracy: 85.26%
2024-12-09 04:38:19,377 - INFO - Class 1 Accuracy: 89.22%
2024-12-09 04:38:19,377 - INFO - Class 2 Accuracy: 88.77%
2024-12-09 04:38:19,377 - INFO - Class 3 Accuracy: 84.74%
2024-12-09 04:38:19,378 - INFO - Class 4 Accuracy: 92.34%
2024-12-09 04:38:19,472 - INFO - Saved checkpoint at epoch 14
2024-12-09 04:38:19,474 - INFO - Total samples is: <torch.utils.data.dataloader.DataLoader object at 0x000002BA1DC0D3D0>
2024-12-09 05:00:41,484 - INFO - Validation parameter calculation time: 0:00:00.006547
2024-12-09 05:00:41,484 - INFO - 
Epoch 15/500:
2024-12-09 05:00:41,484 - INFO - Train Loss: 0.1952, Train Acc: 92.77%
2024-12-09 05:00:41,484 - INFO - Val Loss: 0.3412, Val Acc: 88.56%
2024-12-09 05:00:41,485 - INFO - Class 0 Accuracy: 86.98%
2024-12-09 05:00:41,485 - INFO - Class 1 Accuracy: 83.28%
2024-12-09 05:00:41,485 - INFO - Class 2 Accuracy: 86.30%
2024-12-09 05:00:41,486 - INFO - Class 3 Accuracy: 93.96%
2024-12-09 05:00:41,486 - INFO - Class 4 Accuracy: 94.39%
2024-12-09 05:00:41,691 - INFO - Saved checkpoint at epoch 15
2024-12-09 05:00:41,693 - INFO - Total samples is: <torch.utils.data.dataloader.DataLoader object at 0x000002BA1DC0D3D0>
2024-12-09 05:23:04,983 - INFO - Validation parameter calculation time: 0:00:00.009415
2024-12-09 05:23:04,983 - INFO - 
Epoch 16/500:
2024-12-09 05:23:04,984 - INFO - Train Loss: 0.1928, Train Acc: 92.84%
2024-12-09 05:23:04,984 - INFO - Val Loss: 0.2927, Val Acc: 89.58%
2024-12-09 05:23:04,985 - INFO - Class 0 Accuracy: 82.97%
2024-12-09 05:23:04,986 - INFO - Class 1 Accuracy: 87.39%
2024-12-09 05:23:04,986 - INFO - Class 2 Accuracy: 86.95%
2024-12-09 05:23:04,986 - INFO - Class 3 Accuracy: 94.21%
2024-12-09 05:23:04,987 - INFO - Class 4 Accuracy: 94.63%
2024-12-09 05:23:05,085 - INFO - Saved checkpoint at epoch 16
2024-12-09 05:23:05,086 - INFO - Total samples is: <torch.utils.data.dataloader.DataLoader object at 0x000002BA1DC0D3D0>
2024-12-09 05:45:23,324 - INFO - Validation parameter calculation time: 0:00:00.009539
2024-12-09 05:45:23,325 - INFO - 
Epoch 17/500:
2024-12-09 05:45:23,325 - INFO - Train Loss: 0.1866, Train Acc: 93.07%
2024-12-09 05:45:23,325 - INFO - Val Loss: 0.2683, Val Acc: 90.76%
2024-12-09 05:45:23,326 - INFO - Class 0 Accuracy: 82.24%
2024-12-09 05:45:23,327 - INFO - Class 1 Accuracy: 92.06%
2024-12-09 05:45:23,328 - INFO - Class 2 Accuracy: 85.35%
2024-12-09 05:45:23,328 - INFO - Class 3 Accuracy: 87.12%
2024-12-09 05:45:23,330 - INFO - Class 4 Accuracy: 95.14%
2024-12-09 05:45:23,435 - INFO - Saved best model with accuracy: 90.76%
2024-12-09 05:45:23,655 - INFO - Saved checkpoint at epoch 17
2024-12-09 05:45:23,656 - INFO - Total samples is: <torch.utils.data.dataloader.DataLoader object at 0x000002BA1DC0D3D0>
2024-12-09 06:07:50,307 - INFO - Validation parameter calculation time: 0:00:00.009512
2024-12-09 06:07:50,307 - INFO - 
Epoch 18/500:
2024-12-09 06:07:50,307 - INFO - Train Loss: 0.1843, Train Acc: 93.10%
2024-12-09 06:07:50,307 - INFO - Val Loss: 0.2807, Val Acc: 90.49%
2024-12-09 06:07:50,309 - INFO - Class 0 Accuracy: 83.74%
2024-12-09 06:07:50,309 - INFO - Class 1 Accuracy: 90.82%
2024-12-09 06:07:50,310 - INFO - Class 2 Accuracy: 89.05%
2024-12-09 06:07:50,310 - INFO - Class 3 Accuracy: 88.37%
2024-12-09 06:07:50,311 - INFO - Class 4 Accuracy: 93.51%
2024-12-09 06:07:50,407 - INFO - Saved checkpoint at epoch 18
2024-12-09 06:07:50,408 - INFO - Total samples is: <torch.utils.data.dataloader.DataLoader object at 0x000002BA1DC0D3D0>
2024-12-09 06:30:11,807 - INFO - Validation parameter calculation time: 0:00:00.010016
2024-12-09 06:30:11,807 - INFO - 
Epoch 19/500:
2024-12-09 06:30:11,807 - INFO - Train Loss: 0.1815, Train Acc: 93.21%
2024-12-09 06:30:11,807 - INFO - Val Loss: 0.4308, Val Acc: 85.77%
2024-12-09 06:30:11,809 - INFO - Class 0 Accuracy: 62.86%
2024-12-09 06:30:11,809 - INFO - Class 1 Accuracy: 84.22%
2024-12-09 06:30:11,809 - INFO - Class 2 Accuracy: 82.33%
2024-12-09 06:30:11,810 - INFO - Class 3 Accuracy: 81.68%
2024-12-09 06:30:11,810 - INFO - Class 4 Accuracy: 97.55%
2024-12-09 06:30:11,913 - INFO - Saved checkpoint at epoch 19
2024-12-09 06:30:11,914 - INFO - Total samples is: <torch.utils.data.dataloader.DataLoader object at 0x000002BA1DC0D3D0>
2024-12-09 06:52:31,513 - INFO - Validation parameter calculation time: 0:00:00.010627
2024-12-09 06:52:31,513 - INFO - 
Epoch 20/500:
2024-12-09 06:52:31,513 - INFO - Train Loss: 0.1818, Train Acc: 93.27%
2024-12-09 06:52:31,513 - INFO - Val Loss: 0.2590, Val Acc: 91.21%
2024-12-09 06:52:31,514 - INFO - Class 0 Accuracy: 87.76%
2024-12-09 06:52:31,516 - INFO - Class 1 Accuracy: 89.98%
2024-12-09 06:52:31,517 - INFO - Class 2 Accuracy: 86.85%
2024-12-09 06:52:31,517 - INFO - Class 3 Accuracy: 92.99%
2024-12-09 06:52:31,517 - INFO - Class 4 Accuracy: 95.10%
2024-12-09 06:52:31,923 - INFO - Saved best model with accuracy: 91.21%
2024-12-09 06:52:32,096 - INFO - Saved checkpoint at epoch 20
2024-12-09 06:52:32,097 - INFO - Total samples is: <torch.utils.data.dataloader.DataLoader object at 0x000002BA1DC0D3D0>
2024-12-09 07:14:55,921 - INFO - Validation parameter calculation time: 0:00:00.009508
2024-12-09 07:14:55,921 - INFO - 
Epoch 21/500:
2024-12-09 07:14:55,921 - INFO - Train Loss: 0.1779, Train Acc: 93.46%
2024-12-09 07:14:55,921 - INFO - Val Loss: 0.4817, Val Acc: 85.05%
2024-12-09 07:14:55,923 - INFO - Class 0 Accuracy: 88.64%
2024-12-09 07:14:55,923 - INFO - Class 1 Accuracy: 74.22%
2024-12-09 07:14:55,923 - INFO - Class 2 Accuracy: 86.58%
2024-12-09 07:14:55,924 - INFO - Class 3 Accuracy: 91.25%
2024-12-09 07:14:55,924 - INFO - Class 4 Accuracy: 92.58%
2024-12-09 07:14:56,025 - INFO - Saved checkpoint at epoch 21
2024-12-09 07:14:56,026 - INFO - Total samples is: <torch.utils.data.dataloader.DataLoader object at 0x000002BA1DC0D3D0>
2024-12-09 07:37:15,122 - INFO - Validation parameter calculation time: 0:00:00.010114
2024-12-09 07:37:15,122 - INFO - 
Epoch 22/500:
2024-12-09 07:37:15,122 - INFO - Train Loss: 0.1776, Train Acc: 93.41%
2024-12-09 07:37:15,122 - INFO - Val Loss: 0.2643, Val Acc: 90.37%
2024-12-09 07:37:15,123 - INFO - Class 0 Accuracy: 87.86%
2024-12-09 07:37:15,123 - INFO - Class 1 Accuracy: 90.91%
2024-12-09 07:37:15,124 - INFO - Class 2 Accuracy: 90.85%
2024-12-09 07:37:15,124 - INFO - Class 3 Accuracy: 90.87%
2024-12-09 07:37:15,124 - INFO - Class 4 Accuracy: 90.60%
2024-12-09 07:37:15,403 - INFO - Saved checkpoint at epoch 22
2024-12-09 07:37:15,405 - INFO - Total samples is: <torch.utils.data.dataloader.DataLoader object at 0x000002BA1DC0D3D0>
2024-12-09 07:59:40,775 - INFO - Validation parameter calculation time: 0:00:00.011628
2024-12-09 07:59:40,776 - INFO - 
Epoch 23/500:
2024-12-09 07:59:40,776 - INFO - Train Loss: 0.1838, Train Acc: 93.12%
2024-12-09 07:59:40,776 - INFO - Val Loss: 0.2785, Val Acc: 90.03%
2024-12-09 07:59:40,777 - INFO - Class 0 Accuracy: 80.86%
2024-12-09 07:59:40,779 - INFO - Class 1 Accuracy: 88.39%
2024-12-09 07:59:40,780 - INFO - Class 2 Accuracy: 90.37%
2024-12-09 07:59:40,780 - INFO - Class 3 Accuracy: 92.16%
2024-12-09 07:59:40,781 - INFO - Class 4 Accuracy: 94.68%
2024-12-09 07:59:40,941 - INFO - Saved checkpoint at epoch 23
2024-12-09 07:59:40,943 - INFO - Total samples is: <torch.utils.data.dataloader.DataLoader object at 0x000002BA1DC0D3D0>
2024-12-09 08:22:38,762 - INFO - Validation parameter calculation time: 0:00:00.015091
2024-12-09 08:22:38,763 - INFO - 
Epoch 24/500:
2024-12-09 08:22:38,763 - INFO - Train Loss: 0.1732, Train Acc: 93.61%
2024-12-09 08:22:38,763 - INFO - Val Loss: 0.3632, Val Acc: 87.98%
2024-12-09 08:22:38,764 - INFO - Class 0 Accuracy: 89.07%
2024-12-09 08:22:38,765 - INFO - Class 1 Accuracy: 81.08%
2024-12-09 08:22:38,765 - INFO - Class 2 Accuracy: 88.98%
2024-12-09 08:22:38,766 - INFO - Class 3 Accuracy: 88.82%
2024-12-09 08:22:38,766 - INFO - Class 4 Accuracy: 93.54%
2024-12-09 08:22:38,871 - INFO - Saved checkpoint at epoch 24
2024-12-09 08:22:38,872 - INFO - Total samples is: <torch.utils.data.dataloader.DataLoader object at 0x000002BA1DC0D3D0>
2024-12-09 08:44:37,871 - INFO - Validation parameter calculation time: 0:00:00.008116
2024-12-09 08:44:37,872 - INFO - 
Epoch 25/500:
2024-12-09 08:44:37,872 - INFO - Train Loss: 0.1717, Train Acc: 93.63%
2024-12-09 08:44:37,873 - INFO - Val Loss: 0.3078, Val Acc: 88.69%
2024-12-09 08:44:37,873 - INFO - Class 0 Accuracy: 77.35%
2024-12-09 08:44:37,874 - INFO - Class 1 Accuracy: 87.49%
2024-12-09 08:44:37,875 - INFO - Class 2 Accuracy: 84.20%
2024-12-09 08:44:37,876 - INFO - Class 3 Accuracy: 79.29%
2024-12-09 08:44:37,877 - INFO - Class 4 Accuracy: 96.69%
2024-12-09 08:44:38,081 - INFO - Saved checkpoint at epoch 25
2024-12-09 08:44:38,083 - INFO - Total samples is: <torch.utils.data.dataloader.DataLoader object at 0x000002BA1DC0D3D0>
2024-12-09 09:07:01,491 - INFO - Validation parameter calculation time: 0:00:00.008060
2024-12-09 09:07:01,492 - INFO - 
Epoch 26/500:
2024-12-09 09:07:01,492 - INFO - Train Loss: 0.1741, Train Acc: 93.51%
2024-12-09 09:07:01,492 - INFO - Val Loss: 0.3218, Val Acc: 89.59%
2024-12-09 09:07:01,493 - INFO - Class 0 Accuracy: 85.02%
2024-12-09 09:07:01,494 - INFO - Class 1 Accuracy: 86.19%
2024-12-09 09:07:01,494 - INFO - Class 2 Accuracy: 86.43%
2024-12-09 09:07:01,495 - INFO - Class 3 Accuracy: 90.62%
2024-12-09 09:07:01,496 - INFO - Class 4 Accuracy: 95.56%
2024-12-09 09:07:01,668 - INFO - Saved checkpoint at epoch 26
2024-12-09 09:07:01,670 - INFO - Total samples is: <torch.utils.data.dataloader.DataLoader object at 0x000002BA1DC0D3D0>
2024-12-09 09:29:31,942 - INFO - Validation parameter calculation time: 0:00:00.009522
2024-12-09 09:29:31,942 - INFO - 
Epoch 27/500:
2024-12-09 09:29:31,942 - INFO - Train Loss: 0.1447, Train Acc: 94.65%
2024-12-09 09:29:31,942 - INFO - Val Loss: 0.2416, Val Acc: 91.77%
2024-12-09 09:29:31,944 - INFO - Class 0 Accuracy: 85.30%
2024-12-09 09:29:31,945 - INFO - Class 1 Accuracy: 91.13%
2024-12-09 09:29:31,945 - INFO - Class 2 Accuracy: 89.23%
2024-12-09 09:29:31,945 - INFO - Class 3 Accuracy: 94.06%
2024-12-09 09:29:31,946 - INFO - Class 4 Accuracy: 95.54%
2024-12-09 09:29:32,042 - INFO - Saved best model with accuracy: 91.77%
2024-12-09 09:29:32,249 - INFO - Saved checkpoint at epoch 27
2024-12-09 09:29:32,250 - INFO - Total samples is: <torch.utils.data.dataloader.DataLoader object at 0x000002BA1DC0D3D0>
2024-12-09 09:51:56,367 - INFO - Validation parameter calculation time: 0:00:00.011209
2024-12-09 09:51:56,368 - INFO - 
Epoch 28/500:
2024-12-09 09:51:56,368 - INFO - Train Loss: 0.1368, Train Acc: 94.94%
2024-12-09 09:51:56,368 - INFO - Val Loss: 0.2501, Val Acc: 91.65%
2024-12-09 09:51:56,369 - INFO - Class 0 Accuracy: 89.94%
2024-12-09 09:51:56,370 - INFO - Class 1 Accuracy: 90.58%
2024-12-09 09:51:56,370 - INFO - Class 2 Accuracy: 89.02%
2024-12-09 09:51:56,371 - INFO - Class 3 Accuracy: 92.68%
2024-12-09 09:51:56,371 - INFO - Class 4 Accuracy: 94.19%
2024-12-09 09:51:56,495 - INFO - Saved checkpoint at epoch 28
2024-12-09 09:51:56,497 - INFO - Total samples is: <torch.utils.data.dataloader.DataLoader object at 0x000002BA1DC0D3D0>
2024-12-09 10:14:20,648 - INFO - Validation parameter calculation time: 0:00:00.012076
2024-12-09 10:14:20,649 - INFO - 
Epoch 29/500:
2024-12-09 10:14:20,649 - INFO - Train Loss: 0.1334, Train Acc: 95.06%
2024-12-09 10:14:20,649 - INFO - Val Loss: 0.2296, Val Acc: 92.35%
2024-12-09 10:14:20,650 - INFO - Class 0 Accuracy: 88.58%
2024-12-09 10:14:20,651 - INFO - Class 1 Accuracy: 92.85%
2024-12-09 10:14:20,651 - INFO - Class 2 Accuracy: 88.61%
2024-12-09 10:14:20,652 - INFO - Class 3 Accuracy: 93.17%
2024-12-09 10:14:20,652 - INFO - Class 4 Accuracy: 94.61%
2024-12-09 10:14:20,842 - INFO - Saved best model with accuracy: 92.35%
2024-12-09 10:14:21,126 - INFO - Saved checkpoint at epoch 29
2024-12-09 10:14:21,128 - INFO - Total samples is: <torch.utils.data.dataloader.DataLoader object at 0x000002BA1DC0D3D0>
2024-12-09 10:36:39,249 - INFO - Validation parameter calculation time: 0:00:00.008562
2024-12-09 10:36:39,250 - INFO - 
Epoch 30/500:
2024-12-09 10:36:39,250 - INFO - Train Loss: 0.1323, Train Acc: 95.10%
2024-12-09 10:36:39,250 - INFO - Val Loss: 0.2406, Val Acc: 92.20%
2024-12-09 10:36:39,252 - INFO - Class 0 Accuracy: 89.23%
2024-12-09 10:36:39,253 - INFO - Class 1 Accuracy: 92.33%
2024-12-09 10:36:39,253 - INFO - Class 2 Accuracy: 88.38%
2024-12-09 10:36:39,254 - INFO - Class 3 Accuracy: 93.92%
2024-12-09 10:36:39,254 - INFO - Class 4 Accuracy: 94.45%
2024-12-09 10:36:39,462 - INFO - Saved checkpoint at epoch 30
2024-12-09 10:36:39,465 - INFO - Total samples is: <torch.utils.data.dataloader.DataLoader object at 0x000002BA1DC0D3D0>
2024-12-09 10:59:05,526 - INFO - Validation parameter calculation time: 0:00:00.010614
2024-12-09 10:59:05,526 - INFO - 
Epoch 31/500:
2024-12-09 10:59:05,526 - INFO - Train Loss: 0.1295, Train Acc: 95.18%
2024-12-09 10:59:05,526 - INFO - Val Loss: 0.2446, Val Acc: 91.93%
2024-12-09 10:59:05,527 - INFO - Class 0 Accuracy: 89.20%
2024-12-09 10:59:05,528 - INFO - Class 1 Accuracy: 91.22%
2024-12-09 10:59:05,529 - INFO - Class 2 Accuracy: 88.91%
2024-12-09 10:59:05,529 - INFO - Class 3 Accuracy: 93.02%
2024-12-09 10:59:05,529 - INFO - Class 4 Accuracy: 94.63%
2024-12-09 10:59:05,785 - INFO - Saved checkpoint at epoch 31
2024-12-09 10:59:05,786 - INFO - Total samples is: <torch.utils.data.dataloader.DataLoader object at 0x000002BA1DC0D3D0>
2024-12-09 11:21:32,082 - INFO - Validation parameter calculation time: 0:00:00.009043
2024-12-09 11:21:32,082 - INFO - 
Epoch 32/500:
2024-12-09 11:21:32,082 - INFO - Train Loss: 0.1274, Train Acc: 95.25%
2024-12-09 11:21:32,082 - INFO - Val Loss: 0.2638, Val Acc: 91.36%
2024-12-09 11:21:32,085 - INFO - Class 0 Accuracy: 89.00%
2024-12-09 11:21:32,085 - INFO - Class 1 Accuracy: 90.29%
2024-12-09 11:21:32,085 - INFO - Class 2 Accuracy: 87.05%
2024-12-09 11:21:32,086 - INFO - Class 3 Accuracy: 93.00%
2024-12-09 11:21:32,086 - INFO - Class 4 Accuracy: 94.71%
2024-12-09 11:21:32,180 - INFO - Saved checkpoint at epoch 32
2024-12-09 11:21:32,181 - INFO - Total samples is: <torch.utils.data.dataloader.DataLoader object at 0x000002BA1DC0D3D0>
2024-12-09 11:43:59,178 - INFO - Validation parameter calculation time: 0:00:00.008796
2024-12-09 11:43:59,178 - INFO - 
Epoch 33/500:
2024-12-09 11:43:59,178 - INFO - Train Loss: 0.1262, Train Acc: 95.31%
2024-12-09 11:43:59,178 - INFO - Val Loss: 0.2566, Val Acc: 91.55%
2024-12-09 11:43:59,180 - INFO - Class 0 Accuracy: 87.08%
2024-12-09 11:43:59,180 - INFO - Class 1 Accuracy: 90.77%
2024-12-09 11:43:59,181 - INFO - Class 2 Accuracy: 86.78%
2024-12-09 11:43:59,181 - INFO - Class 3 Accuracy: 93.18%
2024-12-09 11:43:59,181 - INFO - Class 4 Accuracy: 95.59%
2024-12-09 11:43:59,287 - INFO - Saved checkpoint at epoch 33
2024-12-09 11:43:59,288 - INFO - Total samples is: <torch.utils.data.dataloader.DataLoader object at 0x000002BA1DC0D3D0>
2024-12-09 12:06:25,261 - INFO - Validation parameter calculation time: 0:00:00.010008
2024-12-09 12:06:25,261 - INFO - 
Epoch 34/500:
2024-12-09 12:06:25,261 - INFO - Train Loss: 0.1253, Train Acc: 95.32%
2024-12-09 12:06:25,262 - INFO - Val Loss: 0.2648, Val Acc: 91.48%
2024-12-09 12:06:25,264 - INFO - Class 0 Accuracy: 89.04%
2024-12-09 12:06:25,264 - INFO - Class 1 Accuracy: 90.38%
2024-12-09 12:06:25,265 - INFO - Class 2 Accuracy: 87.59%
2024-12-09 12:06:25,265 - INFO - Class 3 Accuracy: 93.88%
2024-12-09 12:06:25,265 - INFO - Class 4 Accuracy: 94.66%
2024-12-09 12:06:25,425 - INFO - Saved checkpoint at epoch 34
2024-12-09 12:06:25,426 - INFO - Total samples is: <torch.utils.data.dataloader.DataLoader object at 0x000002BA1DC0D3D0>
2024-12-09 12:28:53,928 - INFO - Validation parameter calculation time: 0:00:00.007570
2024-12-09 12:28:53,930 - INFO - 
Epoch 35/500:
2024-12-09 12:28:53,930 - INFO - Train Loss: 0.1243, Train Acc: 95.35%
2024-12-09 12:28:53,930 - INFO - Val Loss: 0.2638, Val Acc: 91.65%
2024-12-09 12:28:53,931 - INFO - Class 0 Accuracy: 86.17%
2024-12-09 12:28:53,932 - INFO - Class 1 Accuracy: 90.27%
2024-12-09 12:28:53,932 - INFO - Class 2 Accuracy: 88.38%
2024-12-09 12:28:53,933 - INFO - Class 3 Accuracy: 93.61%
2024-12-09 12:28:53,934 - INFO - Class 4 Accuracy: 96.04%
2024-12-09 12:28:54,141 - INFO - Saved checkpoint at epoch 35
2024-12-09 12:28:54,142 - INFO - Total samples is: <torch.utils.data.dataloader.DataLoader object at 0x000002BA1DC0D3D0>
2024-12-09 12:51:21,831 - INFO - Validation parameter calculation time: 0:00:00.010413
2024-12-09 12:51:21,832 - INFO - 
Epoch 36/500:
2024-12-09 12:51:21,832 - INFO - Train Loss: 0.1207, Train Acc: 95.51%
2024-12-09 12:51:21,832 - INFO - Val Loss: 0.3067, Val Acc: 90.30%
2024-12-09 12:51:21,833 - INFO - Class 0 Accuracy: 88.33%
2024-12-09 12:51:21,833 - INFO - Class 1 Accuracy: 87.33%
2024-12-09 12:51:21,833 - INFO - Class 2 Accuracy: 87.07%
2024-12-09 12:51:21,835 - INFO - Class 3 Accuracy: 93.60%
2024-12-09 12:51:21,835 - INFO - Class 4 Accuracy: 94.68%
2024-12-09 12:51:21,942 - INFO - Saved checkpoint at epoch 36
2024-12-09 12:51:21,943 - INFO - Total samples is: <torch.utils.data.dataloader.DataLoader object at 0x000002BA1DC0D3D0>
2024-12-09 13:09:28,959 - INFO - Validation parameter calculation time: 0:00:00.006509
2024-12-09 13:09:28,960 - INFO - 
Epoch 37/500:
2024-12-09 13:09:28,960 - INFO - Train Loss: 0.1199, Train Acc: 95.56%
2024-12-09 13:09:28,960 - INFO - Val Loss: 0.2604, Val Acc: 91.45%
2024-12-09 13:09:28,960 - INFO - Class 0 Accuracy: 86.43%
2024-12-09 13:09:28,961 - INFO - Class 1 Accuracy: 90.54%
2024-12-09 13:09:28,961 - INFO - Class 2 Accuracy: 87.75%
2024-12-09 13:09:28,962 - INFO - Class 3 Accuracy: 93.47%
2024-12-09 13:09:28,963 - INFO - Class 4 Accuracy: 95.38%
2024-12-09 13:09:29,082 - INFO - Saved checkpoint at epoch 37
2024-12-09 13:09:29,083 - INFO - Total samples is: <torch.utils.data.dataloader.DataLoader object at 0x000002BA1DC0D3D0>
2024-12-09 13:24:26,075 - INFO - Validation parameter calculation time: 0:00:00.007003
2024-12-09 13:24:26,076 - INFO - 
Epoch 38/500:
2024-12-09 13:24:26,076 - INFO - Train Loss: 0.1207, Train Acc: 95.53%
2024-12-09 13:24:26,076 - INFO - Val Loss: 0.2403, Val Acc: 92.16%
2024-12-09 13:24:26,076 - INFO - Class 0 Accuracy: 86.80%
2024-12-09 13:24:26,077 - INFO - Class 1 Accuracy: 91.51%
2024-12-09 13:24:26,077 - INFO - Class 2 Accuracy: 89.12%
2024-12-09 13:24:26,077 - INFO - Class 3 Accuracy: 93.94%
2024-12-09 13:24:26,078 - INFO - Class 4 Accuracy: 95.75%
2024-12-09 13:24:26,190 - INFO - Saved checkpoint at epoch 38
2024-12-09 13:24:26,192 - INFO - Total samples is: <torch.utils.data.dataloader.DataLoader object at 0x000002BA1DC0D3D0>
2024-12-09 13:39:18,374 - INFO - Validation parameter calculation time: 0:00:00.006511
2024-12-09 13:39:18,375 - INFO - 
Epoch 39/500:
2024-12-09 13:39:18,375 - INFO - Train Loss: 0.1197, Train Acc: 95.55%
2024-12-09 13:39:18,375 - INFO - Val Loss: 0.2632, Val Acc: 91.48%
2024-12-09 13:39:18,376 - INFO - Class 0 Accuracy: 88.49%
2024-12-09 13:39:18,376 - INFO - Class 1 Accuracy: 89.73%
2024-12-09 13:39:18,376 - INFO - Class 2 Accuracy: 88.76%
2024-12-09 13:39:18,377 - INFO - Class 3 Accuracy: 94.18%
2024-12-09 13:39:18,377 - INFO - Class 4 Accuracy: 94.99%
2024-12-09 13:39:18,490 - INFO - Saved checkpoint at epoch 39
2024-12-09 13:39:18,491 - INFO - Total samples is: <torch.utils.data.dataloader.DataLoader object at 0x000002BA1DC0D3D0>
2024-12-09 13:54:05,827 - INFO - Validation parameter calculation time: 0:00:00.007013
2024-12-09 13:54:05,827 - INFO - 
Epoch 40/500:
2024-12-09 13:54:05,827 - INFO - Train Loss: 0.1193, Train Acc: 95.54%
2024-12-09 13:54:05,827 - INFO - Val Loss: 0.2771, Val Acc: 91.22%
2024-12-09 13:54:05,828 - INFO - Class 0 Accuracy: 87.89%
2024-12-09 13:54:05,829 - INFO - Class 1 Accuracy: 89.61%
2024-12-09 13:54:05,829 - INFO - Class 2 Accuracy: 87.87%
2024-12-09 13:54:05,830 - INFO - Class 3 Accuracy: 93.58%
2024-12-09 13:54:05,830 - INFO - Class 4 Accuracy: 95.00%
2024-12-09 13:54:05,946 - INFO - Saved checkpoint at epoch 40
2024-12-09 13:54:05,948 - INFO - Total samples is: <torch.utils.data.dataloader.DataLoader object at 0x000002BA1DC0D3D0>
2024-12-09 14:08:55,478 - INFO - Validation parameter calculation time: 0:00:00.007289
2024-12-09 14:08:55,478 - INFO - 
Epoch 41/500:
2024-12-09 14:08:55,479 - INFO - Train Loss: 0.1197, Train Acc: 95.53%
2024-12-09 14:08:55,479 - INFO - Val Loss: 0.2565, Val Acc: 91.84%
2024-12-09 14:08:55,480 - INFO - Class 0 Accuracy: 87.99%
2024-12-09 14:08:55,480 - INFO - Class 1 Accuracy: 90.75%
2024-12-09 14:08:55,481 - INFO - Class 2 Accuracy: 88.67%
2024-12-09 14:08:55,482 - INFO - Class 3 Accuracy: 93.32%
2024-12-09 14:08:55,482 - INFO - Class 4 Accuracy: 95.33%
2024-12-09 14:08:55,612 - INFO - Saved checkpoint at epoch 41
2024-12-09 14:08:55,613 - INFO - Total samples is: <torch.utils.data.dataloader.DataLoader object at 0x000002BA1DC0D3D0>
2024-12-09 14:23:41,196 - INFO - Validation parameter calculation time: 0:00:00.007078
2024-12-09 14:23:41,196 - INFO - 
Epoch 42/500:
2024-12-09 14:23:41,196 - INFO - Train Loss: 0.1193, Train Acc: 95.54%
2024-12-09 14:23:41,196 - INFO - Val Loss: 0.2814, Val Acc: 90.88%
2024-12-09 14:23:41,197 - INFO - Class 0 Accuracy: 90.31%
2024-12-09 14:23:41,198 - INFO - Class 1 Accuracy: 89.67%
2024-12-09 14:23:41,198 - INFO - Class 2 Accuracy: 85.67%
2024-12-09 14:23:41,198 - INFO - Class 3 Accuracy: 92.65%
2024-12-09 14:23:41,198 - INFO - Class 4 Accuracy: 93.99%
2024-12-09 14:23:41,325 - INFO - Saved checkpoint at epoch 42
2024-12-09 14:23:41,327 - INFO - Total samples is: <torch.utils.data.dataloader.DataLoader object at 0x000002BA1DC0D3D0>
2024-12-09 14:38:27,271 - INFO - Validation parameter calculation time: 0:00:00.006525
2024-12-09 14:38:27,272 - INFO - 
Epoch 43/500:
2024-12-09 14:38:27,272 - INFO - Train Loss: 0.1185, Train Acc: 95.59%
2024-12-09 14:38:27,272 - INFO - Val Loss: 0.3178, Val Acc: 89.84%
2024-12-09 14:38:27,272 - INFO - Class 0 Accuracy: 89.77%
2024-12-09 14:38:27,273 - INFO - Class 1 Accuracy: 86.96%
2024-12-09 14:38:27,273 - INFO - Class 2 Accuracy: 85.54%
2024-12-09 14:38:27,274 - INFO - Class 3 Accuracy: 92.28%
2024-12-09 14:38:27,274 - INFO - Class 4 Accuracy: 93.89%
2024-12-09 14:38:27,388 - INFO - Saved checkpoint at epoch 43
2024-12-09 14:38:27,390 - INFO - Total samples is: <torch.utils.data.dataloader.DataLoader object at 0x000002BA1DC0D3D0>
2024-12-09 14:53:13,772 - INFO - Validation parameter calculation time: 0:00:00.006728
2024-12-09 14:53:13,772 - INFO - 
Epoch 44/500:
2024-12-09 14:53:13,772 - INFO - Train Loss: 0.1182, Train Acc: 95.60%
2024-12-09 14:53:13,773 - INFO - Val Loss: 0.2952, Val Acc: 90.64%
2024-12-09 14:53:13,773 - INFO - Class 0 Accuracy: 88.98%
2024-12-09 14:53:13,773 - INFO - Class 1 Accuracy: 87.88%
2024-12-09 14:53:13,774 - INFO - Class 2 Accuracy: 86.84%
2024-12-09 14:53:13,774 - INFO - Class 3 Accuracy: 92.98%
2024-12-09 14:53:13,775 - INFO - Class 4 Accuracy: 95.02%
2024-12-09 14:53:13,902 - INFO - Saved checkpoint at epoch 44
2024-12-09 14:53:13,903 - INFO - Total samples is: <torch.utils.data.dataloader.DataLoader object at 0x000002BA1DC0D3D0>
2024-12-09 15:08:08,445 - INFO - Validation parameter calculation time: 0:00:00.007035
2024-12-09 15:08:08,446 - INFO - 
Epoch 45/500:
2024-12-09 15:08:08,446 - INFO - Train Loss: 0.1191, Train Acc: 95.54%
2024-12-09 15:08:08,446 - INFO - Val Loss: 0.2420, Val Acc: 92.07%
2024-12-09 15:08:08,447 - INFO - Class 0 Accuracy: 86.61%
2024-12-09 15:08:08,448 - INFO - Class 1 Accuracy: 91.09%
2024-12-09 15:08:08,449 - INFO - Class 2 Accuracy: 89.41%
2024-12-09 15:08:08,449 - INFO - Class 3 Accuracy: 93.89%
2024-12-09 15:08:08,450 - INFO - Class 4 Accuracy: 95.86%
2024-12-09 15:08:08,555 - INFO - Saved checkpoint at epoch 45
2024-12-09 15:08:08,556 - INFO - Total samples is: <torch.utils.data.dataloader.DataLoader object at 0x000002BA1DC0D3D0>
2024-12-09 15:22:52,480 - INFO - Validation parameter calculation time: 0:00:00.006558
2024-12-09 15:22:52,480 - INFO - 
Epoch 46/500:
2024-12-09 15:22:52,480 - INFO - Train Loss: 0.1182, Train Acc: 95.60%
2024-12-09 15:22:52,480 - INFO - Val Loss: 0.2698, Val Acc: 91.41%
2024-12-09 15:22:52,481 - INFO - Class 0 Accuracy: 88.45%
2024-12-09 15:22:52,482 - INFO - Class 1 Accuracy: 89.99%
2024-12-09 15:22:52,482 - INFO - Class 2 Accuracy: 87.14%
2024-12-09 15:22:52,483 - INFO - Class 3 Accuracy: 93.20%
2024-12-09 15:22:52,483 - INFO - Class 4 Accuracy: 95.25%
2024-12-09 15:22:52,586 - INFO - Saved checkpoint at epoch 46
2024-12-09 15:22:52,587 - INFO - Total samples is: <torch.utils.data.dataloader.DataLoader object at 0x000002BA1DC0D3D0>
2024-12-09 15:38:03,319 - INFO - Validation parameter calculation time: 0:00:00.007017
2024-12-09 15:38:03,319 - INFO - 
Epoch 47/500:
2024-12-09 15:38:03,319 - INFO - Train Loss: 0.1183, Train Acc: 95.60%
2024-12-09 15:38:03,320 - INFO - Val Loss: 0.2618, Val Acc: 91.53%
2024-12-09 15:38:03,321 - INFO - Class 0 Accuracy: 87.65%
2024-12-09 15:38:03,321 - INFO - Class 1 Accuracy: 89.99%
2024-12-09 15:38:03,321 - INFO - Class 2 Accuracy: 88.20%
2024-12-09 15:38:03,322 - INFO - Class 3 Accuracy: 93.59%
2024-12-09 15:38:03,322 - INFO - Class 4 Accuracy: 95.48%
2024-12-09 15:38:03,429 - INFO - Saved checkpoint at epoch 47
2024-12-09 15:38:03,430 - INFO - Total samples is: <torch.utils.data.dataloader.DataLoader object at 0x000002BA1DC0D3D0>
2024-12-09 15:52:58,371 - INFO - Validation parameter calculation time: 0:00:00.006524
2024-12-09 15:52:58,371 - INFO - 
Epoch 48/500:
2024-12-09 15:52:58,373 - INFO - Train Loss: 0.1198, Train Acc: 95.55%
2024-12-09 15:52:58,373 - INFO - Val Loss: 0.2933, Val Acc: 90.85%
2024-12-09 15:52:58,373 - INFO - Class 0 Accuracy: 87.96%
2024-12-09 15:52:58,374 - INFO - Class 1 Accuracy: 89.07%
2024-12-09 15:52:58,374 - INFO - Class 2 Accuracy: 86.32%
2024-12-09 15:52:58,375 - INFO - Class 3 Accuracy: 94.22%
2024-12-09 15:52:58,375 - INFO - Class 4 Accuracy: 94.95%
2024-12-09 15:52:58,488 - INFO - Saved checkpoint at epoch 48
2024-12-09 15:52:58,489 - INFO - Total samples is: <torch.utils.data.dataloader.DataLoader object at 0x000002BA1DC0D3D0>
2024-12-09 16:07:52,730 - INFO - Validation parameter calculation time: 0:00:00.007142
2024-12-09 16:07:52,730 - INFO - 
Epoch 49/500:
2024-12-09 16:07:52,730 - INFO - Train Loss: 0.1183, Train Acc: 95.58%
2024-12-09 16:07:52,731 - INFO - Val Loss: 0.2625, Val Acc: 91.55%
2024-12-09 16:07:52,731 - INFO - Class 0 Accuracy: 86.97%
2024-12-09 16:07:52,732 - INFO - Class 1 Accuracy: 90.35%
2024-12-09 16:07:52,732 - INFO - Class 2 Accuracy: 87.75%
2024-12-09 16:07:52,733 - INFO - Class 3 Accuracy: 93.68%
2024-12-09 16:07:52,733 - INFO - Class 4 Accuracy: 95.60%
2024-12-09 16:07:52,837 - INFO - Saved checkpoint at epoch 49
2024-12-09 16:07:52,837 - INFO - Total samples is: <torch.utils.data.dataloader.DataLoader object at 0x000002BA1DC0D3D0>
2024-12-09 16:22:34,748 - INFO - Validation parameter calculation time: 0:00:00.007010
2024-12-09 16:22:34,748 - INFO - 
Epoch 50/500:
2024-12-09 16:22:34,748 - INFO - Train Loss: 0.1194, Train Acc: 95.54%
2024-12-09 16:22:34,748 - INFO - Val Loss: 0.2750, Val Acc: 91.13%
2024-12-09 16:22:34,749 - INFO - Class 0 Accuracy: 86.87%
2024-12-09 16:22:34,750 - INFO - Class 1 Accuracy: 89.57%
2024-12-09 16:22:34,751 - INFO - Class 2 Accuracy: 87.45%
2024-12-09 16:22:34,751 - INFO - Class 3 Accuracy: 93.64%
2024-12-09 16:22:34,751 - INFO - Class 4 Accuracy: 95.31%
2024-12-09 16:22:34,857 - INFO - Saved checkpoint at epoch 50
2024-12-09 16:22:34,858 - INFO - Total samples is: <torch.utils.data.dataloader.DataLoader object at 0x000002BA1DC0D3D0>
2024-12-09 16:37:25,507 - INFO - Validation parameter calculation time: 0:00:00.006583
2024-12-09 16:37:25,508 - INFO - 
Epoch 51/500:
2024-12-09 16:37:25,508 - INFO - Train Loss: 0.1188, Train Acc: 95.58%
2024-12-09 16:37:25,508 - INFO - Val Loss: 0.3012, Val Acc: 90.53%
2024-12-09 16:37:25,509 - INFO - Class 0 Accuracy: 87.94%
2024-12-09 16:37:25,509 - INFO - Class 1 Accuracy: 87.33%
2024-12-09 16:37:25,509 - INFO - Class 2 Accuracy: 87.47%
2024-12-09 16:37:25,510 - INFO - Class 3 Accuracy: 94.01%
2024-12-09 16:37:25,511 - INFO - Class 4 Accuracy: 95.29%
2024-12-09 16:37:25,626 - INFO - Saved checkpoint at epoch 51
2024-12-09 16:37:25,627 - INFO - Total samples is: <torch.utils.data.dataloader.DataLoader object at 0x000002BA1DC0D3D0>
2024-12-09 16:52:17,689 - INFO - Validation parameter calculation time: 0:00:00.007099
2024-12-09 16:52:17,689 - INFO - 
Epoch 52/500:
2024-12-09 16:52:17,689 - INFO - Train Loss: 0.1193, Train Acc: 95.57%
2024-12-09 16:52:17,689 - INFO - Val Loss: 0.2962, Val Acc: 90.61%
2024-12-09 16:52:17,690 - INFO - Class 0 Accuracy: 88.91%
2024-12-09 16:52:17,690 - INFO - Class 1 Accuracy: 88.40%
2024-12-09 16:52:17,690 - INFO - Class 2 Accuracy: 86.33%
2024-12-09 16:52:17,691 - INFO - Class 3 Accuracy: 93.60%
2024-12-09 16:52:17,691 - INFO - Class 4 Accuracy: 94.61%
2024-12-09 16:52:17,796 - INFO - Saved checkpoint at epoch 52
2024-12-09 16:52:17,797 - INFO - Total samples is: <torch.utils.data.dataloader.DataLoader object at 0x000002BA1DC0D3D0>
2024-12-09 17:07:05,456 - INFO - Validation parameter calculation time: 0:00:00.006583
2024-12-09 17:07:05,457 - INFO - 
Epoch 53/500:
2024-12-09 17:07:05,457 - INFO - Train Loss: 0.1197, Train Acc: 95.56%
2024-12-09 17:07:05,457 - INFO - Val Loss: 0.2941, Val Acc: 90.89%
2024-12-09 17:07:05,457 - INFO - Class 0 Accuracy: 88.03%
2024-12-09 17:07:05,458 - INFO - Class 1 Accuracy: 88.91%
2024-12-09 17:07:05,458 - INFO - Class 2 Accuracy: 86.27%
2024-12-09 17:07:05,459 - INFO - Class 3 Accuracy: 93.60%
2024-12-09 17:07:05,459 - INFO - Class 4 Accuracy: 95.25%
2024-12-09 17:07:05,576 - INFO - Saved checkpoint at epoch 53
2024-12-09 17:07:05,577 - INFO - Total samples is: <torch.utils.data.dataloader.DataLoader object at 0x000002BA1DC0D3D0>
2024-12-09 17:21:55,703 - INFO - Validation parameter calculation time: 0:00:00.006187
2024-12-09 17:21:55,704 - INFO - 
Epoch 54/500:
2024-12-09 17:21:55,704 - INFO - Train Loss: 0.1183, Train Acc: 95.57%
2024-12-09 17:21:55,704 - INFO - Val Loss: 0.2647, Val Acc: 91.47%
2024-12-09 17:21:55,705 - INFO - Class 0 Accuracy: 88.72%
2024-12-09 17:21:55,705 - INFO - Class 1 Accuracy: 89.81%
2024-12-09 17:21:55,706 - INFO - Class 2 Accuracy: 88.23%
2024-12-09 17:21:55,706 - INFO - Class 3 Accuracy: 94.04%
2024-12-09 17:21:55,707 - INFO - Class 4 Accuracy: 95.01%
2024-12-09 17:21:55,812 - INFO - Saved checkpoint at epoch 54
2024-12-09 17:21:55,814 - INFO - Total samples is: <torch.utils.data.dataloader.DataLoader object at 0x000002BA1DC0D3D0>
2024-12-09 17:36:36,075 - INFO - Validation parameter calculation time: 0:00:00.007015
2024-12-09 17:36:36,075 - INFO - 
Epoch 55/500:
2024-12-09 17:36:36,075 - INFO - Train Loss: 0.1183, Train Acc: 95.59%
2024-12-09 17:36:36,075 - INFO - Val Loss: 0.2505, Val Acc: 91.90%
2024-12-09 17:36:36,076 - INFO - Class 0 Accuracy: 89.22%
2024-12-09 17:36:36,076 - INFO - Class 1 Accuracy: 90.31%
2024-12-09 17:36:36,078 - INFO - Class 2 Accuracy: 90.05%
2024-12-09 17:36:36,078 - INFO - Class 3 Accuracy: 93.79%
2024-12-09 17:36:36,079 - INFO - Class 4 Accuracy: 94.89%
2024-12-09 17:36:36,196 - INFO - Saved checkpoint at epoch 55
2024-12-09 17:36:36,197 - INFO - Total samples is: <torch.utils.data.dataloader.DataLoader object at 0x000002BA1DC0D3D0>
2024-12-09 17:51:28,082 - INFO - Validation parameter calculation time: 0:00:00.006528
2024-12-09 17:51:28,083 - INFO - 
Epoch 56/500:
2024-12-09 17:51:28,083 - INFO - Train Loss: 0.1184, Train Acc: 95.62%
2024-12-09 17:51:28,083 - INFO - Val Loss: 0.3053, Val Acc: 90.45%
2024-12-09 17:51:28,084 - INFO - Class 0 Accuracy: 89.01%
2024-12-09 17:51:28,084 - INFO - Class 1 Accuracy: 87.71%
2024-12-09 17:51:28,085 - INFO - Class 2 Accuracy: 86.51%
2024-12-09 17:51:28,086 - INFO - Class 3 Accuracy: 93.83%
2024-12-09 17:51:28,086 - INFO - Class 4 Accuracy: 94.68%
2024-12-09 17:51:28,191 - INFO - Saved checkpoint at epoch 56
2024-12-09 17:51:28,193 - INFO - Total samples is: <torch.utils.data.dataloader.DataLoader object at 0x000002BA1DC0D3D0>
2024-12-09 18:06:19,439 - INFO - Validation parameter calculation time: 0:00:00.006531
2024-12-09 18:06:19,440 - INFO - 
Epoch 57/500:
2024-12-09 18:06:19,440 - INFO - Train Loss: 0.1210, Train Acc: 95.58%
2024-12-09 18:06:19,440 - INFO - Val Loss: 0.3401, Val Acc: 90.04%
2024-12-09 18:06:19,441 - INFO - Class 0 Accuracy: 89.51%
2024-12-09 18:06:19,441 - INFO - Class 1 Accuracy: 85.76%
2024-12-09 18:06:19,442 - INFO - Class 2 Accuracy: 87.42%
2024-12-09 18:06:19,442 - INFO - Class 3 Accuracy: 94.34%
2024-12-09 18:06:19,442 - INFO - Class 4 Accuracy: 94.78%
2024-12-09 18:06:19,543 - INFO - Saved checkpoint at epoch 57
2024-12-09 18:06:19,544 - INFO - Total samples is: <torch.utils.data.dataloader.DataLoader object at 0x000002BA1DC0D3D0>
2024-12-09 18:20:59,921 - INFO - Validation parameter calculation time: 0:00:00.007134
2024-12-09 18:20:59,921 - INFO - 
Epoch 58/500:
2024-12-09 18:20:59,921 - INFO - Train Loss: 0.1187, Train Acc: 95.58%
2024-12-09 18:20:59,921 - INFO - Val Loss: 0.2833, Val Acc: 91.00%
2024-12-09 18:20:59,921 - INFO - Class 0 Accuracy: 88.89%
2024-12-09 18:20:59,922 - INFO - Class 1 Accuracy: 89.26%
2024-12-09 18:20:59,923 - INFO - Class 2 Accuracy: 86.88%
2024-12-09 18:20:59,924 - INFO - Class 3 Accuracy: 93.11%
2024-12-09 18:20:59,924 - INFO - Class 4 Accuracy: 94.75%
2024-12-09 18:21:00,039 - INFO - Saved checkpoint at epoch 58
2024-12-09 18:21:00,040 - INFO - Total samples is: <torch.utils.data.dataloader.DataLoader object at 0x000002BA1DC0D3D0>
2024-12-09 18:35:42,379 - INFO - Validation parameter calculation time: 0:00:00.006551
2024-12-09 18:35:42,379 - INFO - 
Epoch 59/500:
2024-12-09 18:35:42,379 - INFO - Train Loss: 0.1185, Train Acc: 95.59%
2024-12-09 18:35:42,379 - INFO - Val Loss: 0.2554, Val Acc: 91.79%
2024-12-09 18:35:42,380 - INFO - Class 0 Accuracy: 87.02%
2024-12-09 18:35:42,380 - INFO - Class 1 Accuracy: 90.35%
2024-12-09 18:35:42,380 - INFO - Class 2 Accuracy: 89.28%
2024-12-09 18:35:42,381 - INFO - Class 3 Accuracy: 92.98%
2024-12-09 18:35:42,381 - INFO - Class 4 Accuracy: 95.77%
2024-12-09 18:35:42,499 - INFO - Saved checkpoint at epoch 59
2024-12-09 18:35:42,500 - INFO - Total samples is: <torch.utils.data.dataloader.DataLoader object at 0x000002BA1DC0D3D0>
2024-12-09 18:50:29,351 - INFO - Validation parameter calculation time: 0:00:00.006572
2024-12-09 18:50:29,352 - INFO - 
Epoch 60/500:
2024-12-09 18:50:29,352 - INFO - Train Loss: 0.1180, Train Acc: 95.61%
2024-12-09 18:50:29,352 - INFO - Val Loss: 0.2481, Val Acc: 91.97%
2024-12-09 18:50:29,353 - INFO - Class 0 Accuracy: 88.39%
2024-12-09 18:50:29,354 - INFO - Class 1 Accuracy: 90.78%
2024-12-09 18:50:29,355 - INFO - Class 2 Accuracy: 89.11%
2024-12-09 18:50:29,355 - INFO - Class 3 Accuracy: 93.73%
2024-12-09 18:50:29,356 - INFO - Class 4 Accuracy: 95.32%
2024-12-09 18:50:29,455 - INFO - Saved checkpoint at epoch 60
2024-12-09 18:50:29,457 - INFO - Total samples is: <torch.utils.data.dataloader.DataLoader object at 0x000002BA1DC0D3D0>
2024-12-09 19:05:26,638 - INFO - Validation parameter calculation time: 0:00:00.007600
2024-12-09 19:05:26,639 - INFO - 
Epoch 61/500:
2024-12-09 19:05:26,639 - INFO - Train Loss: 0.1185, Train Acc: 95.60%
2024-12-09 19:05:26,639 - INFO - Val Loss: 0.2831, Val Acc: 91.01%
2024-12-09 19:05:26,639 - INFO - Class 0 Accuracy: 87.41%
2024-12-09 19:05:26,640 - INFO - Class 1 Accuracy: 89.31%
2024-12-09 19:05:26,640 - INFO - Class 2 Accuracy: 87.19%
2024-12-09 19:05:26,641 - INFO - Class 3 Accuracy: 93.95%
2024-12-09 19:05:26,641 - INFO - Class 4 Accuracy: 95.08%
2024-12-09 19:05:26,797 - INFO - Saved checkpoint at epoch 61
2024-12-09 19:05:26,798 - INFO - Total samples is: <torch.utils.data.dataloader.DataLoader object at 0x000002BA1DC0D3D0>
2024-12-09 19:20:26,521 - INFO - Validation parameter calculation time: 0:00:00.006182
2024-12-09 19:20:26,522 - INFO - 
Epoch 62/500:
2024-12-09 19:20:26,522 - INFO - Train Loss: 0.1189, Train Acc: 95.57%
2024-12-09 19:20:26,522 - INFO - Val Loss: 0.2643, Val Acc: 91.60%
2024-12-09 19:20:26,523 - INFO - Class 0 Accuracy: 88.74%
2024-12-09 19:20:26,524 - INFO - Class 1 Accuracy: 90.12%
2024-12-09 19:20:26,524 - INFO - Class 2 Accuracy: 88.28%
2024-12-09 19:20:26,525 - INFO - Class 3 Accuracy: 93.13%
2024-12-09 19:20:26,525 - INFO - Class 4 Accuracy: 95.16%
2024-12-09 19:20:26,731 - INFO - Saved checkpoint at epoch 62
2024-12-09 19:20:26,732 - INFO - Total samples is: <torch.utils.data.dataloader.DataLoader object at 0x000002BA1DC0D3D0>
2024-12-09 19:35:38,538 - INFO - Validation parameter calculation time: 0:00:00.006761
2024-12-09 19:35:38,539 - INFO - 
Epoch 63/500:
2024-12-09 19:35:38,539 - INFO - Train Loss: 0.1211, Train Acc: 95.54%
2024-12-09 19:35:38,539 - INFO - Val Loss: 0.3367, Val Acc: 89.49%
2024-12-09 19:35:38,540 - INFO - Class 0 Accuracy: 85.34%
2024-12-09 19:35:38,541 - INFO - Class 1 Accuracy: 86.03%
2024-12-09 19:35:38,542 - INFO - Class 2 Accuracy: 85.24%
2024-12-09 19:35:38,542 - INFO - Class 3 Accuracy: 93.38%
2024-12-09 19:35:38,543 - INFO - Class 4 Accuracy: 95.46%
2024-12-09 19:35:38,691 - INFO - Saved checkpoint at epoch 63
2024-12-09 19:35:38,692 - INFO - Total samples is: <torch.utils.data.dataloader.DataLoader object at 0x000002BA1DC0D3D0>
2024-12-09 19:51:02,831 - INFO - Validation parameter calculation time: 0:00:00.007138
2024-12-09 19:51:02,832 - INFO - 
Epoch 64/500:
2024-12-09 19:51:02,832 - INFO - Train Loss: 0.1224, Train Acc: 95.53%
2024-12-09 19:51:02,832 - INFO - Val Loss: 0.2981, Val Acc: 90.76%
2024-12-09 19:51:02,833 - INFO - Class 0 Accuracy: 86.13%
2024-12-09 19:51:02,833 - INFO - Class 1 Accuracy: 88.86%
2024-12-09 19:51:02,834 - INFO - Class 2 Accuracy: 86.27%
2024-12-09 19:51:02,835 - INFO - Class 3 Accuracy: 93.37%
2024-12-09 19:51:02,836 - INFO - Class 4 Accuracy: 95.70%
2024-12-09 19:51:02,971 - INFO - Saved checkpoint at epoch 64
2024-12-09 19:51:02,972 - INFO - Total samples is: <torch.utils.data.dataloader.DataLoader object at 0x000002BA1DC0D3D0>
<<<<<<< Updated upstream
2024-12-09 20:05:47,830 - INFO - Validation parameter calculation time: 0:00:00.006523
2024-12-09 20:05:47,831 - INFO - 
Epoch 65/500:
2024-12-09 20:05:47,831 - INFO - Train Loss: 0.1184, Train Acc: 95.57%
2024-12-09 20:05:47,831 - INFO - Val Loss: 0.2638, Val Acc: 91.37%
2024-12-09 20:05:47,831 - ERROR - Training failed with exception:
Traceback (most recent call last):
  File "D:\Work\Pointcloud-WL\Pointcloud-bridge\Highway_bridge\train_MulSca_BriStruNet.py", line 377, in <module>
    train()
  File "D:\Work\Pointcloud-WL\Pointcloud-bridge\Highway_bridge\train_MulSca_BriStruNet.py", line 270, in train
    writer.add_scalar('Loss/train', train_loss.avg, epoch)
  File "C:\Users\cy519\anaconda3\envs\pytorch\Lib\site-packages\torch\utils\tensorboard\writer.py", line 381, in add_scalar
    self._get_file_writer().add_summary(summary, global_step, walltime)
  File "C:\Users\cy519\anaconda3\envs\pytorch\Lib\site-packages\torch\utils\tensorboard\writer.py", line 115, in add_summary
    self.add_event(event, global_step, walltime)
  File "C:\Users\cy519\anaconda3\envs\pytorch\Lib\site-packages\torch\utils\tensorboard\writer.py", line 99, in add_event
    self.event_writer.add_event(event)
  File "C:\Users\cy519\anaconda3\envs\pytorch\Lib\site-packages\tensorboard\summary\writer\event_file_writer.py", line 117, in add_event
    self._async_writer.write(event.SerializeToString())
  File "C:\Users\cy519\anaconda3\envs\pytorch\Lib\site-packages\tensorboard\summary\writer\event_file_writer.py", line 171, in write
    self._check_worker_status()
  File "C:\Users\cy519\anaconda3\envs\pytorch\Lib\site-packages\tensorboard\summary\writer\event_file_writer.py", line 212, in _check_worker_status
    raise exception
  File "C:\Users\cy519\anaconda3\envs\pytorch\Lib\threading.py", line 1073, in _bootstrap_inner
    self.run()
  File "C:\Users\cy519\anaconda3\envs\pytorch\Lib\site-packages\tensorboard\summary\writer\event_file_writer.py", line 244, in run
    self._run()
  File "C:\Users\cy519\anaconda3\envs\pytorch\Lib\site-packages\tensorboard\summary\writer\event_file_writer.py", line 275, in _run
    self._record_writer.write(data)
  File "C:\Users\cy519\anaconda3\envs\pytorch\Lib\site-packages\tensorboard\summary\writer\record_writer.py", line 40, in write
    self._writer.write(header + header_crc + data + footer_crc)
  File "C:\Users\cy519\anaconda3\envs\pytorch\Lib\site-packages\tensorboard\compat\tensorflow_stub\io\gfile.py", line 775, in write
    self.fs.append(self.filename, file_content, self.binary_mode)
  File "C:\Users\cy519\anaconda3\envs\pytorch\Lib\site-packages\tensorboard\compat\tensorflow_stub\io\gfile.py", line 167, in append
    self._write(filename, file_content, "ab" if binary_mode else "a")
  File "C:\Users\cy519\anaconda3\envs\pytorch\Lib\site-packages\tensorboard\compat\tensorflow_stub\io\gfile.py", line 171, in _write
    with io.open(filename, mode, encoding=encoding) as f:
         ^^^^^^^^^^^^^^^^^^^^^^^^^^^^^^^^^^^^^^^^^^
FileNotFoundError: [Errno 2] No such file or directory: b'experiments\\exp_12082323_brimulti_MultiSA_org\\tensorboard\\events.out.tfevents.1733667810.i-con-Yu.23508.0'
=======
>>>>>>> Stashed changes
