2024-11-20 22:52:54,564 - INFO - Training configuration:
2024-11-20 22:52:54,564 - INFO - num_points: 4096
2024-11-20 22:52:54,564 - INFO - chunk_size: 4096
2024-11-20 22:52:54,564 - INFO - overlap: 2048
2024-11-20 22:52:54,564 - INFO - batch_size: 48
2024-11-20 22:52:54,564 - INFO - num_workers: 2
2024-11-20 22:52:54,565 - INFO - learning_rate: 0.001
2024-11-20 22:52:54,565 - INFO - num_classes: 5
2024-11-20 22:52:54,565 - INFO - num_epochs: 500
2024-11-20 22:52:54,565 - INFO - device: cuda
2024-11-20 22:52:54,565 - INFO - Using device: cuda
2024-11-20 22:52:54,566 - INFO - 开始预加载数据到内存...
2024-11-20 22:53:22,643 - INFO - 数据预加载完成，共 85264 个数据块
2024-11-20 22:53:22,643 - INFO - 有效标签: [0, 1, 2, 3, 4]
2024-11-20 22:53:22,646 - INFO - reading train data
2024-11-20 22:53:22,646 - INFO - 开始预加载数据到内存...
2024-11-20 22:53:24,934 - INFO - 数据预加载完成，共 4729 个数据块
2024-11-20 22:53:24,934 - INFO - 有效标签: [0, 1, 2, 3, 4]
2024-11-20 22:53:24,996 - INFO - 验证集创建完成，使用 945 个数据块 (总共 4729 个的 20.0%)
2024-11-20 22:53:24,996 - INFO - 有效标签: [0, 1, 2, 3, 4]
2024-11-20 22:53:24,996 - INFO - reading val data
2024-11-20 22:53:24,996 - INFO - Train dataset size: 85264
2024-11-20 22:53:24,997 - INFO - Val dataset size: 945
2024-11-20 22:53:26,552 - INFO - Total samples is: <torch.utils.data.dataloader.DataLoader object at 0x000001DBDE02F920>
