2024-11-26 13:41:10,747 - INFO - Training configuration:
2024-11-26 13:41:10,747 - INFO - num_points: 4096
2024-11-26 13:41:10,747 - INFO - chunk_size: 4096
2024-11-26 13:41:10,747 - INFO - overlap: 1024
2024-11-26 13:41:10,747 - INFO - batch_size: 32
2024-11-26 13:41:10,747 - INFO - num_workers: 0
2024-11-26 13:41:10,747 - INFO - learning_rate: 0.001
2024-11-26 13:41:10,747 - INFO - num_classes: 5
2024-11-26 13:41:10,747 - INFO - num_epochs: 500
2024-11-26 13:41:10,747 - INFO - device: cuda
2024-11-26 13:41:10,747 - INFO - Using device: cuda
2024-11-26 13:41:10,747 - INFO - Found 60 las files:
2024-11-26 13:41:10,749 - INFO - Processing b1-sec-3.las
2024-11-26 13:41:10,749 - INFO - Loading data/fukushima/org/train/b1-sec-3.las
2024-11-26 13:41:10,805 - INFO - Loaded 2089257 points from b1-sec-3.las
2024-11-26 13:41:10,940 - INFO - Total points: 2089257, Iterations: 102
2024-11-26 13:41:15,407 - INFO - Created 204 blocks
2024-11-26 13:41:15,408 - INFO - Processing b2-sec-4.las
2024-11-26 13:41:15,408 - INFO - Loading data/fukushima/org/train/b2-sec-4.las
2024-11-26 13:41:15,484 - INFO - Loaded 2747352 points from b2-sec-4.las
2024-11-26 13:41:15,487 - INFO - Total points: 2747352, Iterations: 134
2024-11-26 13:41:22,106 - INFO - Created 268 blocks
2024-11-26 13:41:22,106 - INFO - Processing b3-sec-1.las
2024-11-26 13:41:22,106 - INFO - Loading data/fukushima/org/train/b3-sec-1.las
2024-11-26 13:41:22,203 - INFO - Loaded 3588690 points from b3-sec-1.las
2024-11-26 13:41:22,209 - INFO - Total points: 3588690, Iterations: 175
2024-11-26 13:41:47,156 - INFO - Training configuration:
2024-11-26 13:41:47,156 - INFO - num_points: 4096
2024-11-26 13:41:47,156 - INFO - chunk_size: 4096
2024-11-26 13:41:47,156 - INFO - overlap: 1024
2024-11-26 13:41:47,156 - INFO - batch_size: 32
2024-11-26 13:41:47,156 - INFO - num_workers: 0
2024-11-26 13:41:47,156 - INFO - learning_rate: 0.001
2024-11-26 13:41:47,156 - INFO - num_classes: 5
2024-11-26 13:41:47,156 - INFO - num_epochs: 500
2024-11-26 13:41:47,156 - INFO - device: cuda
2024-11-26 13:41:47,156 - INFO - Using device: cuda
2024-11-26 13:41:47,156 - INFO - Found 60 las files:
2024-11-26 13:41:47,158 - INFO - Processing b1-sec-3.las
2024-11-26 13:41:47,158 - INFO - Loading data/fukushima/org/train/b1-sec-3.las
2024-11-26 13:41:47,221 - INFO - Loaded 2089257 points from b1-sec-3.las
2024-11-26 13:41:47,354 - INFO - Total points: 2089257, Iterations: 102
2024-11-26 13:41:56,951 - INFO - Training configuration:
2024-11-26 13:41:56,951 - INFO - num_points: 4096
2024-11-26 13:41:56,951 - INFO - chunk_size: 4096
2024-11-26 13:41:56,951 - INFO - overlap: 1024
2024-11-26 13:41:56,951 - INFO - batch_size: 32
2024-11-26 13:41:56,951 - INFO - num_workers: 0
2024-11-26 13:41:56,951 - INFO - learning_rate: 0.001
2024-11-26 13:41:56,951 - INFO - num_classes: 5
2024-11-26 13:41:56,951 - INFO - num_epochs: 500
2024-11-26 13:41:56,951 - INFO - device: cuda
2024-11-26 13:41:56,951 - INFO - Using device: cuda
2024-11-26 13:41:56,951 - INFO - Found 60 las files:
2024-11-26 13:41:56,953 - INFO - Processing b1-sec-3.las
2024-11-26 13:41:56,953 - INFO - Loading data/fukushima/org/train/b1-sec-3.las
2024-11-26 13:41:57,011 - INFO - Loaded 2089257 points from b1-sec-3.las
2024-11-26 13:41:57,153 - INFO - Total points: 2089257, Iterations: 102
