2025-04-02 15:41:35,951 - INFO - Training configuration:
2025-04-02 15:41:35,952 - INFO - num_points: 4096
2025-04-02 15:41:35,952 - INFO - chunk_size: 4096
2025-04-02 15:41:35,952 - INFO - overlap: 1024
2025-04-02 15:41:35,952 - INFO - batch_size: 16
2025-04-02 15:41:35,953 - INFO - num_workers: 6
2025-04-02 15:41:35,953 - INFO - learning_rate: 0.001
2025-04-02 15:41:35,953 - INFO - num_classes: 5
2025-04-02 15:41:35,953 - INFO - num_epochs: 200
2025-04-02 15:41:35,953 - INFO - device: cuda
2025-04-02 15:41:35,953 - INFO - Using device: cuda
2025-04-02 15:41:35,954 - INFO - Found 8 h5 files:
2025-04-02 15:41:35,954 - INFO -   - b6-sec-8.h5
2025-04-02 15:41:35,954 - INFO -   - b9-sec-2.h5
2025-04-02 15:41:35,956 - INFO -   - bridge-1.h5
2025-04-02 15:41:35,961 - INFO -   - bridge-3.h5
2025-04-02 15:41:35,961 - INFO -   - bridge-4.h5
2025-04-02 15:41:35,962 - INFO -   - bridge-5.h5
2025-04-02 15:41:35,962 - INFO -   - bridge-7.h5
2025-04-02 15:41:35,962 - INFO -   - bridge-8.h5
2025-04-02 16:12:21,913 - INFO - Total blocks created: 4388
2025-04-02 16:12:21,918 - INFO - Found 2 h5 files:
2025-04-02 16:12:21,918 - INFO -   - bridge-6.h5
2025-04-02 16:12:21,919 - INFO -   - bridge-9.h5
2025-04-02 17:49:51,217 - INFO - Total blocks created: 3787
2025-04-02 17:49:51,220 - INFO - reading val data
2025-04-02 17:49:51,230 - INFO - Train dataset size: 4388
2025-04-02 17:49:51,230 - INFO - Val dataset size: 3787
2025-04-02 17:50:13,965 - INFO - Class weights: tensor([3.0000, 1.0002, 1.0002, 1.0002, 0.5709])
2025-04-02 17:50:13,966 - INFO - Total samples is: <torch.utils.data.dataloader.DataLoader object at 0x000001F62288BE60>
2025-04-02 17:57:27,922 - INFO - Validation parameter calculation time: 0:00:00.008542
2025-04-02 17:57:27,923 - INFO - 
Epoch 1/200:
2025-04-02 17:57:27,924 - INFO - Train Loss: 0.9509, Train Acc: 84.55%
2025-04-02 17:57:27,924 - INFO - Val Loss: 1.2276, Val Acc: 70.35%
2025-04-02 17:57:27,925 - INFO - Class 0 Accuracy: 60.60%
2025-04-02 17:57:27,926 - INFO - Class 1 Accuracy: 65.63%
2025-04-02 17:57:27,927 - INFO - Class 2 Accuracy: 52.61%
2025-04-02 17:57:27,929 - INFO - Class 3 Accuracy: 66.83%
2025-04-02 17:57:27,930 - INFO - Class 4 Accuracy: 86.56%
2025-04-02 17:57:28,271 - INFO - Saved best model with accuracy: 70.35%
2025-04-02 17:57:28,393 - INFO - Saved checkpoint at epoch 1
2025-04-02 17:57:28,395 - INFO - Total samples is: <torch.utils.data.dataloader.DataLoader object at 0x000001F62288BE60>
2025-04-02 18:04:52,557 - INFO - Validation parameter calculation time: 0:00:00.009152
2025-04-02 18:04:52,557 - INFO - 
Epoch 2/200:
2025-04-02 18:04:52,557 - INFO - Train Loss: 0.8371, Train Acc: 94.11%
2025-04-02 18:04:52,557 - INFO - Val Loss: 1.1289, Val Acc: 80.09%
2025-04-02 18:04:52,559 - INFO - Class 0 Accuracy: 85.60%
2025-04-02 18:04:52,560 - INFO - Class 1 Accuracy: 78.05%
2025-04-02 18:04:52,560 - INFO - Class 2 Accuracy: 55.65%
2025-04-02 18:04:52,561 - INFO - Class 3 Accuracy: 86.70%
2025-04-02 18:04:52,561 - INFO - Class 4 Accuracy: 90.64%
2025-04-02 18:04:52,737 - INFO - Saved best model with accuracy: 80.09%
2025-04-02 18:04:52,881 - INFO - Saved checkpoint at epoch 2
2025-04-02 18:04:52,882 - INFO - Total samples is: <torch.utils.data.dataloader.DataLoader object at 0x000001F62288BE60>
2025-04-02 18:12:07,131 - INFO - Validation parameter calculation time: 0:00:00.009139
2025-04-02 18:12:07,132 - INFO - 
Epoch 3/200:
2025-04-02 18:12:07,132 - INFO - Train Loss: 0.8089, Train Acc: 96.14%
2025-04-02 18:12:07,132 - INFO - Val Loss: 1.1526, Val Acc: 82.36%
2025-04-02 18:12:07,134 - INFO - Class 0 Accuracy: 69.45%
2025-04-02 18:12:07,135 - INFO - Class 1 Accuracy: 94.17%
2025-04-02 18:12:07,135 - INFO - Class 2 Accuracy: 55.43%
2025-04-02 18:12:07,136 - INFO - Class 3 Accuracy: 94.24%
2025-04-02 18:12:07,136 - INFO - Class 4 Accuracy: 86.04%
2025-04-02 18:12:07,303 - INFO - Saved best model with accuracy: 82.36%
2025-04-02 18:12:07,451 - INFO - Saved checkpoint at epoch 3
2025-04-02 18:12:07,453 - INFO - Total samples is: <torch.utils.data.dataloader.DataLoader object at 0x000001F62288BE60>
2025-04-02 18:19:45,870 - INFO - Validation parameter calculation time: 0:00:00.013591
2025-04-02 18:19:45,871 - INFO - 
Epoch 4/200:
2025-04-02 18:19:45,872 - INFO - Train Loss: 0.7977, Train Acc: 97.01%
2025-04-02 18:19:45,872 - INFO - Val Loss: 1.0639, Val Acc: 83.47%
2025-04-02 18:19:45,873 - INFO - Class 0 Accuracy: 83.04%
2025-04-02 18:19:45,873 - INFO - Class 1 Accuracy: 77.60%
2025-04-02 18:19:45,873 - INFO - Class 2 Accuracy: 57.59%
2025-04-02 18:19:45,875 - INFO - Class 3 Accuracy: 91.43%
2025-04-02 18:19:45,875 - INFO - Class 4 Accuracy: 97.12%
2025-04-02 18:19:46,051 - INFO - Saved best model with accuracy: 83.47%
2025-04-02 18:19:46,201 - INFO - Saved checkpoint at epoch 4
2025-04-02 18:19:46,202 - INFO - Total samples is: <torch.utils.data.dataloader.DataLoader object at 0x000001F62288BE60>
2025-04-02 18:27:10,579 - INFO - Validation parameter calculation time: 0:00:00.008049
2025-04-02 18:27:10,580 - INFO - 
Epoch 5/200:
2025-04-02 18:27:10,581 - INFO - Train Loss: 0.7904, Train Acc: 97.40%
2025-04-02 18:27:10,582 - INFO - Val Loss: 1.0142, Val Acc: 88.01%
2025-04-02 18:27:10,584 - INFO - Class 0 Accuracy: 71.90%
2025-04-02 18:27:10,585 - INFO - Class 1 Accuracy: 89.19%
2025-04-02 18:27:10,586 - INFO - Class 2 Accuracy: 71.82%
2025-04-02 18:27:10,587 - INFO - Class 3 Accuracy: 91.24%
2025-04-02 18:27:10,588 - INFO - Class 4 Accuracy: 97.03%
2025-04-02 18:27:10,754 - INFO - Saved best model with accuracy: 88.01%
2025-04-02 18:27:10,891 - INFO - Saved checkpoint at epoch 5
2025-04-02 18:27:10,892 - INFO - Total samples is: <torch.utils.data.dataloader.DataLoader object at 0x000001F62288BE60>
2025-04-02 18:34:28,150 - INFO - Validation parameter calculation time: 0:00:00.008566
2025-04-02 18:34:28,151 - INFO - 
Epoch 6/200:
2025-04-02 18:34:28,152 - INFO - Train Loss: 0.7872, Train Acc: 97.54%
2025-04-02 18:34:28,152 - INFO - Val Loss: 1.0279, Val Acc: 87.49%
2025-04-02 18:34:28,154 - INFO - Class 0 Accuracy: 77.79%
2025-04-02 18:34:28,155 - INFO - Class 1 Accuracy: 86.66%
2025-04-02 18:34:28,155 - INFO - Class 2 Accuracy: 66.61%
2025-04-02 18:34:28,155 - INFO - Class 3 Accuracy: 94.60%
2025-04-02 18:34:28,156 - INFO - Class 4 Accuracy: 97.22%
2025-04-02 18:34:28,331 - INFO - Saved checkpoint at epoch 6
2025-04-02 18:34:28,332 - INFO - Total samples is: <torch.utils.data.dataloader.DataLoader object at 0x000001F62288BE60>
2025-04-02 18:41:46,586 - INFO - Validation parameter calculation time: 0:00:00.013319
2025-04-02 18:41:46,586 - INFO - 
Epoch 7/200:
2025-04-02 18:41:46,587 - INFO - Train Loss: 0.7820, Train Acc: 97.70%
2025-04-02 18:41:46,587 - INFO - Val Loss: 0.9745, Val Acc: 86.06%
2025-04-02 18:41:46,588 - INFO - Class 0 Accuracy: 82.08%
2025-04-02 18:41:46,588 - INFO - Class 1 Accuracy: 85.95%
2025-04-02 18:41:46,590 - INFO - Class 2 Accuracy: 66.39%
2025-04-02 18:41:46,603 - INFO - Class 3 Accuracy: 85.20%
2025-04-02 18:41:46,603 - INFO - Class 4 Accuracy: 98.43%
2025-04-02 18:41:46,761 - INFO - Saved checkpoint at epoch 7
2025-04-02 18:41:46,762 - INFO - Total samples is: <torch.utils.data.dataloader.DataLoader object at 0x000001F62288BE60>
2025-04-02 18:49:00,867 - INFO - Validation parameter calculation time: 0:00:00.008568
2025-04-02 18:49:00,867 - INFO - 
Epoch 8/200:
2025-04-02 18:49:00,868 - INFO - Train Loss: 0.7817, Train Acc: 97.73%
2025-04-02 18:49:00,868 - INFO - Val Loss: 0.9336, Val Acc: 90.77%
2025-04-02 18:49:00,869 - INFO - Class 0 Accuracy: 74.44%
2025-04-02 18:49:00,870 - INFO - Class 1 Accuracy: 89.15%
2025-04-02 18:49:00,870 - INFO - Class 2 Accuracy: 77.63%
2025-04-02 18:49:00,871 - INFO - Class 3 Accuracy: 95.17%
2025-04-02 18:49:00,871 - INFO - Class 4 Accuracy: 99.02%
2025-04-02 18:49:01,036 - INFO - Saved best model with accuracy: 90.77%
2025-04-02 18:49:01,199 - INFO - Saved checkpoint at epoch 8
2025-04-02 18:49:01,201 - INFO - Total samples is: <torch.utils.data.dataloader.DataLoader object at 0x000001F62288BE60>
2025-04-02 18:56:12,311 - INFO - Validation parameter calculation time: 0:00:00.008604
2025-04-02 18:56:12,312 - INFO - 
Epoch 9/200:
2025-04-02 18:56:12,312 - INFO - Train Loss: 0.7760, Train Acc: 97.95%
2025-04-02 18:56:12,313 - INFO - Val Loss: 0.9617, Val Acc: 89.18%
2025-04-02 18:56:12,315 - INFO - Class 0 Accuracy: 79.19%
2025-04-02 18:56:12,315 - INFO - Class 1 Accuracy: 87.44%
2025-04-02 18:56:12,316 - INFO - Class 2 Accuracy: 73.22%
2025-04-02 18:56:12,316 - INFO - Class 3 Accuracy: 92.99%
2025-04-02 18:56:12,318 - INFO - Class 4 Accuracy: 98.53%
2025-04-02 18:56:12,513 - INFO - Saved checkpoint at epoch 9
2025-04-02 18:56:12,514 - INFO - Total samples is: <torch.utils.data.dataloader.DataLoader object at 0x000001F62288BE60>
2025-04-02 19:03:32,769 - INFO - Validation parameter calculation time: 0:00:00.009038
2025-04-02 19:03:32,770 - INFO - 
Epoch 10/200:
2025-04-02 19:03:32,770 - INFO - Train Loss: 0.7743, Train Acc: 97.98%
2025-04-02 19:03:32,771 - INFO - Val Loss: 0.9822, Val Acc: 70.16%
2025-04-02 19:03:32,771 - INFO - Class 0 Accuracy: 51.15%
2025-04-02 19:03:32,772 - INFO - Class 1 Accuracy: 89.01%
2025-04-02 19:03:32,772 - INFO - Class 2 Accuracy: 40.06%
2025-04-02 19:03:32,773 - INFO - Class 3 Accuracy: 35.15%
2025-04-02 19:03:32,774 - INFO - Class 4 Accuracy: 99.28%
2025-04-02 19:03:32,937 - INFO - Saved checkpoint at epoch 10
2025-04-02 19:03:32,938 - INFO - Total samples is: <torch.utils.data.dataloader.DataLoader object at 0x000001F62288BE60>
2025-04-02 19:10:51,723 - INFO - Validation parameter calculation time: 0:00:00.007577
2025-04-02 19:10:51,724 - INFO - 
Epoch 11/200:
2025-04-02 19:10:51,724 - INFO - Train Loss: 0.7770, Train Acc: 97.78%
2025-04-02 19:10:51,724 - INFO - Val Loss: 0.9917, Val Acc: 90.16%
2025-04-02 19:10:51,726 - INFO - Class 0 Accuracy: 62.08%
2025-04-02 19:10:51,726 - INFO - Class 1 Accuracy: 91.85%
2025-04-02 19:10:51,727 - INFO - Class 2 Accuracy: 73.94%
2025-04-02 19:10:51,727 - INFO - Class 3 Accuracy: 97.24%
2025-04-02 19:10:51,728 - INFO - Class 4 Accuracy: 98.41%
2025-04-02 19:10:51,891 - INFO - Saved checkpoint at epoch 11
2025-04-02 19:10:51,893 - INFO - Total samples is: <torch.utils.data.dataloader.DataLoader object at 0x000001F62288BE60>
2025-04-02 19:18:06,179 - INFO - Validation parameter calculation time: 0:00:00.008588
2025-04-02 19:18:06,180 - INFO - 
Epoch 12/200:
2025-04-02 19:18:06,181 - INFO - Train Loss: 0.7696, Train Acc: 98.11%
2025-04-02 19:18:06,181 - INFO - Val Loss: 1.0726, Val Acc: 86.36%
2025-04-02 19:18:06,184 - INFO - Class 0 Accuracy: 44.67%
2025-04-02 19:18:06,184 - INFO - Class 1 Accuracy: 91.74%
2025-04-02 19:18:06,184 - INFO - Class 2 Accuracy: 63.53%
2025-04-02 19:18:06,186 - INFO - Class 3 Accuracy: 99.08%
2025-04-02 19:18:06,188 - INFO - Class 4 Accuracy: 95.00%
2025-04-02 19:18:06,330 - INFO - Saved checkpoint at epoch 12
2025-04-02 19:18:06,332 - INFO - Total samples is: <torch.utils.data.dataloader.DataLoader object at 0x000001F62288BE60>
2025-04-02 19:25:27,864 - INFO - Validation parameter calculation time: 0:00:00.007016
2025-04-02 19:25:27,865 - INFO - 
Epoch 13/200:
2025-04-02 19:25:27,865 - INFO - Train Loss: 0.7727, Train Acc: 97.97%
2025-04-02 19:25:27,865 - INFO - Val Loss: 0.9777, Val Acc: 81.02%
2025-04-02 19:25:27,865 - INFO - Class 0 Accuracy: 10.40%
2025-04-02 19:25:27,866 - INFO - Class 1 Accuracy: 98.77%
2025-04-02 19:25:27,867 - INFO - Class 2 Accuracy: 82.51%
2025-04-02 19:25:27,867 - INFO - Class 3 Accuracy: 55.24%
2025-04-02 19:25:27,868 - INFO - Class 4 Accuracy: 94.81%
2025-04-02 19:25:28,539 - INFO - Saved checkpoint at epoch 13
2025-04-02 19:25:28,541 - INFO - Total samples is: <torch.utils.data.dataloader.DataLoader object at 0x000001F62288BE60>
2025-04-02 19:32:38,830 - INFO - Validation parameter calculation time: 0:00:00.008053
2025-04-02 19:32:38,831 - INFO - 
Epoch 14/200:
2025-04-02 19:32:38,831 - INFO - Train Loss: 0.7682, Train Acc: 98.14%
2025-04-02 19:32:38,831 - INFO - Val Loss: 1.9256, Val Acc: 41.87%
2025-04-02 19:32:38,831 - INFO - Class 0 Accuracy: 0.00%
2025-04-02 19:32:38,832 - INFO - Class 1 Accuracy: 0.00%
2025-04-02 19:32:38,832 - INFO - Class 2 Accuracy: 34.19%
2025-04-02 19:32:38,833 - INFO - Class 3 Accuracy: 0.00%
2025-04-02 19:32:38,834 - INFO - Class 4 Accuracy: 100.00%
2025-04-02 19:32:38,985 - INFO - Saved checkpoint at epoch 14
2025-04-02 19:32:38,985 - INFO - Total samples is: <torch.utils.data.dataloader.DataLoader object at 0x000001F62288BE60>
2025-04-02 19:39:49,768 - INFO - Validation parameter calculation time: 0:00:00.006181
2025-04-02 19:39:49,770 - INFO - 
Epoch 15/200:
2025-04-02 19:39:49,770 - INFO - Train Loss: 0.7589, Train Acc: 98.52%
2025-04-02 19:39:49,770 - INFO - Val Loss: 0.9904, Val Acc: 90.90%
2025-04-02 19:39:49,771 - INFO - Class 0 Accuracy: 59.37%
2025-04-02 19:39:49,772 - INFO - Class 1 Accuracy: 94.85%
2025-04-02 19:39:49,772 - INFO - Class 2 Accuracy: 78.61%
2025-04-02 19:39:49,772 - INFO - Class 3 Accuracy: 96.42%
2025-04-02 19:39:49,773 - INFO - Class 4 Accuracy: 97.01%
2025-04-02 19:39:49,912 - INFO - Saved best model with accuracy: 90.90%
2025-04-02 19:39:50,072 - INFO - Saved checkpoint at epoch 15
2025-04-02 19:39:50,072 - INFO - Total samples is: <torch.utils.data.dataloader.DataLoader object at 0x000001F62288BE60>
2025-04-02 19:46:54,028 - INFO - Validation parameter calculation time: 0:00:00.009225
2025-04-02 19:46:54,028 - INFO - 
Epoch 16/200:
2025-04-02 19:46:54,029 - INFO - Train Loss: 0.7577, Train Acc: 98.60%
2025-04-02 19:46:54,029 - INFO - Val Loss: 0.9848, Val Acc: 91.28%
2025-04-02 19:46:54,030 - INFO - Class 0 Accuracy: 60.36%
2025-04-02 19:46:54,031 - INFO - Class 1 Accuracy: 94.13%
2025-04-02 19:46:54,032 - INFO - Class 2 Accuracy: 80.83%
2025-04-02 19:46:54,032 - INFO - Class 3 Accuracy: 97.31%
2025-04-02 19:46:54,032 - INFO - Class 4 Accuracy: 96.58%
2025-04-02 19:46:54,182 - INFO - Saved best model with accuracy: 91.28%
2025-04-02 19:46:54,331 - INFO - Saved checkpoint at epoch 16
2025-04-02 19:46:54,333 - INFO - Total samples is: <torch.utils.data.dataloader.DataLoader object at 0x000001F62288BE60>
2025-04-02 19:53:56,207 - INFO - Validation parameter calculation time: 0:00:00.009567
2025-04-02 19:53:56,209 - INFO - 
Epoch 17/200:
2025-04-02 19:53:56,209 - INFO - Train Loss: 0.7580, Train Acc: 98.62%
2025-04-02 19:53:56,209 - INFO - Val Loss: 1.0090, Val Acc: 89.48%
2025-04-02 19:53:56,210 - INFO - Class 0 Accuracy: 63.50%
2025-04-02 19:53:56,210 - INFO - Class 1 Accuracy: 91.60%
2025-04-02 19:53:56,211 - INFO - Class 2 Accuracy: 76.23%
2025-04-02 19:53:56,211 - INFO - Class 3 Accuracy: 96.90%
2025-04-02 19:53:56,212 - INFO - Class 4 Accuracy: 95.29%
2025-04-02 19:53:56,363 - INFO - Saved checkpoint at epoch 17
2025-04-02 19:53:56,364 - INFO - Total samples is: <torch.utils.data.dataloader.DataLoader object at 0x000001F62288BE60>
2025-04-02 20:00:58,086 - INFO - Validation parameter calculation time: 0:00:00.007719
2025-04-02 20:00:58,086 - INFO - 
Epoch 18/200:
2025-04-02 20:00:58,086 - INFO - Train Loss: 0.7566, Train Acc: 98.64%
2025-04-02 20:00:58,087 - INFO - Val Loss: 0.9500, Val Acc: 92.19%
2025-04-02 20:00:58,087 - INFO - Class 0 Accuracy: 73.89%
2025-04-02 20:00:58,088 - INFO - Class 1 Accuracy: 91.94%
2025-04-02 20:00:58,088 - INFO - Class 2 Accuracy: 87.90%
2025-04-02 20:00:58,088 - INFO - Class 3 Accuracy: 93.98%
2025-04-02 20:00:58,088 - INFO - Class 4 Accuracy: 96.36%
2025-04-02 20:00:58,257 - INFO - Saved best model with accuracy: 92.19%
2025-04-02 20:00:58,416 - INFO - Saved checkpoint at epoch 18
2025-04-02 20:00:58,417 - INFO - Total samples is: <torch.utils.data.dataloader.DataLoader object at 0x000001F62288BE60>
2025-04-02 20:08:00,004 - INFO - Validation parameter calculation time: 0:00:00.009022
2025-04-02 20:08:00,005 - INFO - 
Epoch 19/200:
2025-04-02 20:08:00,006 - INFO - Train Loss: 0.7568, Train Acc: 98.66%
2025-04-02 20:08:00,006 - INFO - Val Loss: 0.9303, Val Acc: 92.27%
2025-04-02 20:08:00,007 - INFO - Class 0 Accuracy: 72.34%
2025-04-02 20:08:00,008 - INFO - Class 1 Accuracy: 94.03%
2025-04-02 20:08:00,008 - INFO - Class 2 Accuracy: 84.50%
2025-04-02 20:08:00,009 - INFO - Class 3 Accuracy: 94.13%
2025-04-02 20:08:00,009 - INFO - Class 4 Accuracy: 97.49%
2025-04-02 20:08:00,160 - INFO - Saved best model with accuracy: 92.27%
2025-04-02 20:08:00,288 - INFO - Saved checkpoint at epoch 19
2025-04-02 20:08:00,289 - INFO - Total samples is: <torch.utils.data.dataloader.DataLoader object at 0x000001F62288BE60>
2025-04-02 20:15:02,828 - INFO - Validation parameter calculation time: 0:00:00.007056
2025-04-02 20:15:02,829 - INFO - 
Epoch 20/200:
2025-04-02 20:15:02,829 - INFO - Train Loss: 0.7550, Train Acc: 98.67%
2025-04-02 20:15:02,830 - INFO - Val Loss: 1.1351, Val Acc: 75.80%
2025-04-02 20:15:02,830 - INFO - Class 0 Accuracy: 10.06%
2025-04-02 20:15:02,831 - INFO - Class 1 Accuracy: 82.20%
2025-04-02 20:15:02,832 - INFO - Class 2 Accuracy: 82.35%
2025-04-02 20:15:02,832 - INFO - Class 3 Accuracy: 98.07%
2025-04-02 20:15:02,833 - INFO - Class 4 Accuracy: 65.06%
2025-04-02 20:15:02,979 - INFO - Saved checkpoint at epoch 20
2025-04-02 20:15:02,980 - INFO - Total samples is: <torch.utils.data.dataloader.DataLoader object at 0x000001F62288BE60>
2025-04-02 20:22:04,212 - INFO - Validation parameter calculation time: 0:00:00.008068
2025-04-02 20:22:04,212 - INFO - 
Epoch 21/200:
2025-04-02 20:22:04,213 - INFO - Train Loss: 0.7553, Train Acc: 98.70%
2025-04-02 20:22:04,213 - INFO - Val Loss: 1.0555, Val Acc: 86.38%
2025-04-02 20:22:04,214 - INFO - Class 0 Accuracy: 80.92%
2025-04-02 20:22:04,214 - INFO - Class 1 Accuracy: 79.72%
2025-04-02 20:22:04,215 - INFO - Class 2 Accuracy: 66.92%
2025-04-02 20:22:04,215 - INFO - Class 3 Accuracy: 91.58%
2025-04-02 20:22:04,216 - INFO - Class 4 Accuracy: 99.11%
2025-04-02 20:22:04,373 - INFO - Saved checkpoint at epoch 21
2025-04-02 20:22:04,374 - INFO - Total samples is: <torch.utils.data.dataloader.DataLoader object at 0x000001F62288BE60>
2025-04-02 20:29:06,002 - INFO - Validation parameter calculation time: 0:00:00.007576
2025-04-02 20:29:06,004 - INFO - 
Epoch 22/200:
2025-04-02 20:29:06,004 - INFO - Train Loss: 0.7561, Train Acc: 98.72%
2025-04-02 20:29:06,004 - INFO - Val Loss: 1.0767, Val Acc: 89.06%
2025-04-02 20:29:06,005 - INFO - Class 0 Accuracy: 83.02%
2025-04-02 20:29:06,005 - INFO - Class 1 Accuracy: 79.25%
2025-04-02 20:29:06,006 - INFO - Class 2 Accuracy: 76.99%
2025-04-02 20:29:06,006 - INFO - Class 3 Accuracy: 97.27%
2025-04-02 20:29:06,007 - INFO - Class 4 Accuracy: 97.72%
2025-04-02 20:29:06,158 - INFO - Saved checkpoint at epoch 22
2025-04-02 20:29:06,159 - INFO - Total samples is: <torch.utils.data.dataloader.DataLoader object at 0x000001F62288BE60>
2025-04-02 20:36:08,214 - INFO - Validation parameter calculation time: 0:00:00.007030
2025-04-02 20:36:08,216 - INFO - 
Epoch 23/200:
2025-04-02 20:36:08,216 - INFO - Train Loss: 0.7545, Train Acc: 98.72%
2025-04-02 20:36:08,217 - INFO - Val Loss: 1.0952, Val Acc: 88.53%
2025-04-02 20:36:08,217 - INFO - Class 0 Accuracy: 77.61%
2025-04-02 20:36:08,218 - INFO - Class 1 Accuracy: 75.76%
2025-04-02 20:36:08,218 - INFO - Class 2 Accuracy: 76.46%
2025-04-02 20:36:08,219 - INFO - Class 3 Accuracy: 98.35%
2025-04-02 20:36:08,219 - INFO - Class 4 Accuracy: 98.65%
2025-04-02 20:36:08,395 - INFO - Saved checkpoint at epoch 23
2025-04-02 20:36:08,396 - INFO - Total samples is: <torch.utils.data.dataloader.DataLoader object at 0x000001F62288BE60>
2025-04-02 20:43:10,624 - INFO - Validation parameter calculation time: 0:00:00.008088
2025-04-02 20:43:10,624 - INFO - 
Epoch 24/200:
2025-04-02 20:43:10,624 - INFO - Train Loss: 0.7543, Train Acc: 98.73%
2025-04-02 20:43:10,624 - INFO - Val Loss: 1.0514, Val Acc: 88.05%
2025-04-02 20:43:10,625 - INFO - Class 0 Accuracy: 80.81%
2025-04-02 20:43:10,625 - INFO - Class 1 Accuracy: 78.14%
2025-04-02 20:43:10,626 - INFO - Class 2 Accuracy: 77.12%
2025-04-02 20:43:10,626 - INFO - Class 3 Accuracy: 93.71%
2025-04-02 20:43:10,627 - INFO - Class 4 Accuracy: 97.74%
2025-04-02 20:43:10,785 - INFO - Saved checkpoint at epoch 24
2025-04-02 20:43:10,786 - INFO - Total samples is: <torch.utils.data.dataloader.DataLoader object at 0x000001F62288BE60>
2025-04-02 20:50:13,377 - INFO - Validation parameter calculation time: 0:00:00.008015
2025-04-02 20:50:13,378 - INFO - 
Epoch 25/200:
2025-04-02 20:50:13,378 - INFO - Train Loss: 0.7533, Train Acc: 98.71%
2025-04-02 20:50:13,379 - INFO - Val Loss: 1.3695, Val Acc: 73.43%
2025-04-02 20:50:13,380 - INFO - Class 0 Accuracy: 83.45%
2025-04-02 20:50:13,382 - INFO - Class 1 Accuracy: 69.41%
2025-04-02 20:50:13,382 - INFO - Class 2 Accuracy: 33.87%
2025-04-02 20:50:13,382 - INFO - Class 3 Accuracy: 88.34%
2025-04-02 20:50:13,383 - INFO - Class 4 Accuracy: 88.39%
2025-04-02 20:50:13,545 - INFO - Saved checkpoint at epoch 25
2025-04-02 20:50:13,546 - INFO - Total samples is: <torch.utils.data.dataloader.DataLoader object at 0x000001F62288BE60>
2025-04-02 20:57:15,367 - INFO - Validation parameter calculation time: 0:00:00.010052
2025-04-02 20:57:15,367 - INFO - 
Epoch 26/200:
2025-04-02 20:57:15,367 - INFO - Train Loss: 0.7533, Train Acc: 98.81%
2025-04-02 20:57:15,368 - INFO - Val Loss: 1.0006, Val Acc: 90.50%
2025-04-02 20:57:15,369 - INFO - Class 0 Accuracy: 80.88%
2025-04-02 20:57:15,369 - INFO - Class 1 Accuracy: 82.51%
2025-04-02 20:57:15,370 - INFO - Class 2 Accuracy: 81.47%
2025-04-02 20:57:15,370 - INFO - Class 3 Accuracy: 95.78%
2025-04-02 20:57:15,370 - INFO - Class 4 Accuracy: 98.58%
2025-04-02 20:57:15,510 - INFO - Saved checkpoint at epoch 26
2025-04-02 20:57:15,512 - INFO - Total samples is: <torch.utils.data.dataloader.DataLoader object at 0x000001F62288BE60>
2025-04-02 21:04:17,159 - INFO - Validation parameter calculation time: 0:00:00.007787
2025-04-02 21:04:17,159 - INFO - 
Epoch 27/200:
2025-04-02 21:04:17,160 - INFO - Train Loss: 0.7523, Train Acc: 98.83%
2025-04-02 21:04:17,161 - INFO - Val Loss: 1.0100, Val Acc: 89.82%
2025-04-02 21:04:17,162 - INFO - Class 0 Accuracy: 80.85%
2025-04-02 21:04:17,163 - INFO - Class 1 Accuracy: 85.14%
2025-04-02 21:04:17,164 - INFO - Class 2 Accuracy: 75.05%
2025-04-02 21:04:17,165 - INFO - Class 3 Accuracy: 96.65%
2025-04-02 21:04:17,165 - INFO - Class 4 Accuracy: 98.32%
2025-04-02 21:04:17,306 - INFO - Saved checkpoint at epoch 27
2025-04-02 21:04:17,307 - INFO - Total samples is: <torch.utils.data.dataloader.DataLoader object at 0x000001F62288BE60>
2025-04-02 21:11:19,956 - INFO - Validation parameter calculation time: 0:00:00.008259
2025-04-02 21:11:19,957 - INFO - 
Epoch 28/200:
2025-04-02 21:11:19,957 - INFO - Train Loss: 0.7532, Train Acc: 98.83%
2025-04-02 21:11:19,957 - INFO - Val Loss: 1.0082, Val Acc: 89.93%
2025-04-02 21:11:19,960 - INFO - Class 0 Accuracy: 81.21%
2025-04-02 21:11:19,961 - INFO - Class 1 Accuracy: 83.90%
2025-04-02 21:11:19,962 - INFO - Class 2 Accuracy: 76.20%
2025-04-02 21:11:19,964 - INFO - Class 3 Accuracy: 96.62%
2025-04-02 21:11:19,964 - INFO - Class 4 Accuracy: 98.65%
2025-04-02 21:11:20,108 - INFO - Saved checkpoint at epoch 28
2025-04-02 21:11:20,110 - INFO - Total samples is: <torch.utils.data.dataloader.DataLoader object at 0x000001F62288BE60>
2025-04-02 21:18:31,756 - INFO - Validation parameter calculation time: 0:00:00.007552
2025-04-02 21:18:31,756 - INFO - 
Epoch 29/200:
2025-04-02 21:18:31,757 - INFO - Train Loss: 0.7523, Train Acc: 98.83%
2025-04-02 21:18:31,757 - INFO - Val Loss: 1.0396, Val Acc: 89.83%
2025-04-02 21:18:31,758 - INFO - Class 0 Accuracy: 81.15%
2025-04-02 21:18:31,758 - INFO - Class 1 Accuracy: 82.06%
2025-04-02 21:18:31,758 - INFO - Class 2 Accuracy: 77.39%
2025-04-02 21:18:31,759 - INFO - Class 3 Accuracy: 96.96%
2025-04-02 21:18:31,759 - INFO - Class 4 Accuracy: 98.53%
2025-04-02 21:18:31,933 - INFO - Saved checkpoint at epoch 29
2025-04-02 21:18:31,935 - INFO - Total samples is: <torch.utils.data.dataloader.DataLoader object at 0x000001F62288BE60>
2025-04-02 21:25:37,514 - INFO - Validation parameter calculation time: 0:00:00.007527
2025-04-02 21:25:37,514 - INFO - 
Epoch 30/200:
2025-04-02 21:25:37,514 - INFO - Train Loss: 0.7529, Train Acc: 98.85%
2025-04-02 21:25:37,516 - INFO - Val Loss: 0.9932, Val Acc: 90.49%
2025-04-02 21:25:37,517 - INFO - Class 0 Accuracy: 83.40%
2025-04-02 21:25:37,517 - INFO - Class 1 Accuracy: 82.67%
2025-04-02 21:25:37,517 - INFO - Class 2 Accuracy: 80.35%
2025-04-02 21:25:37,518 - INFO - Class 3 Accuracy: 96.13%
2025-04-02 21:25:37,518 - INFO - Class 4 Accuracy: 98.54%
2025-04-02 21:25:37,688 - INFO - Saved checkpoint at epoch 30
2025-04-02 21:25:37,689 - INFO - Total samples is: <torch.utils.data.dataloader.DataLoader object at 0x000001F62288BE60>
2025-04-02 21:32:37,926 - INFO - Validation parameter calculation time: 0:00:00.010193
2025-04-02 21:32:37,927 - INFO - 
Epoch 31/200:
2025-04-02 21:32:37,927 - INFO - Train Loss: 0.7523, Train Acc: 98.84%
2025-04-02 21:32:37,927 - INFO - Val Loss: 0.9786, Val Acc: 90.97%
2025-04-02 21:32:37,929 - INFO - Class 0 Accuracy: 82.23%
2025-04-02 21:32:37,931 - INFO - Class 1 Accuracy: 83.49%
2025-04-02 21:32:37,932 - INFO - Class 2 Accuracy: 82.22%
2025-04-02 21:32:37,933 - INFO - Class 3 Accuracy: 95.84%
2025-04-02 21:32:37,934 - INFO - Class 4 Accuracy: 98.72%
2025-04-02 21:32:38,084 - INFO - Saved checkpoint at epoch 31
2025-04-02 21:32:38,086 - INFO - Total samples is: <torch.utils.data.dataloader.DataLoader object at 0x000001F62288BE60>
2025-04-02 21:39:42,987 - INFO - Validation parameter calculation time: 0:00:00.010039
2025-04-02 21:39:42,987 - INFO - 
Epoch 32/200:
2025-04-02 21:39:42,988 - INFO - Train Loss: 0.7527, Train Acc: 98.86%
2025-04-02 21:39:42,989 - INFO - Val Loss: 0.9989, Val Acc: 90.46%
2025-04-02 21:39:42,989 - INFO - Class 0 Accuracy: 82.69%
2025-04-02 21:39:42,990 - INFO - Class 1 Accuracy: 86.43%
2025-04-02 21:39:42,990 - INFO - Class 2 Accuracy: 76.84%
2025-04-02 21:39:42,990 - INFO - Class 3 Accuracy: 96.18%
2025-04-02 21:39:42,991 - INFO - Class 4 Accuracy: 98.38%
2025-04-02 21:39:43,130 - INFO - Saved checkpoint at epoch 32
2025-04-02 21:39:43,132 - INFO - Total samples is: <torch.utils.data.dataloader.DataLoader object at 0x000001F62288BE60>
2025-04-02 21:46:45,687 - INFO - Validation parameter calculation time: 0:00:00.008234
2025-04-02 21:46:45,687 - INFO - 
Epoch 33/200:
2025-04-02 21:46:45,688 - INFO - Train Loss: 0.7531, Train Acc: 98.86%
2025-04-02 21:46:45,688 - INFO - Val Loss: 0.9683, Val Acc: 90.87%
2025-04-02 21:46:45,689 - INFO - Class 0 Accuracy: 79.24%
2025-04-02 21:46:45,689 - INFO - Class 1 Accuracy: 88.43%
2025-04-02 21:46:45,690 - INFO - Class 2 Accuracy: 77.27%
2025-04-02 21:46:45,690 - INFO - Class 3 Accuracy: 96.43%
2025-04-02 21:46:45,690 - INFO - Class 4 Accuracy: 98.51%
2025-04-02 21:46:45,851 - INFO - Saved checkpoint at epoch 33
2025-04-02 21:46:45,851 - INFO - Total samples is: <torch.utils.data.dataloader.DataLoader object at 0x000001F62288BE60>
2025-04-02 21:53:47,207 - INFO - Validation parameter calculation time: 0:00:00.008364
2025-04-02 21:53:47,208 - INFO - 
Epoch 34/200:
2025-04-02 21:53:47,208 - INFO - Train Loss: 0.7520, Train Acc: 98.85%
2025-04-02 21:53:47,208 - INFO - Val Loss: 1.0303, Val Acc: 89.43%
2025-04-02 21:53:47,208 - INFO - Class 0 Accuracy: 82.21%
2025-04-02 21:53:47,209 - INFO - Class 1 Accuracy: 85.83%
2025-04-02 21:53:47,209 - INFO - Class 2 Accuracy: 71.40%
2025-04-02 21:53:47,210 - INFO - Class 3 Accuracy: 97.13%
2025-04-02 21:53:47,211 - INFO - Class 4 Accuracy: 98.42%
2025-04-02 21:53:47,375 - INFO - Saved checkpoint at epoch 34
2025-04-02 21:53:47,376 - INFO - Total samples is: <torch.utils.data.dataloader.DataLoader object at 0x000001F62288BE60>
2025-04-02 22:00:46,445 - INFO - Validation parameter calculation time: 0:00:00.008033
2025-04-02 22:00:46,446 - INFO - 
Epoch 35/200:
2025-04-02 22:00:46,446 - INFO - Train Loss: 0.7528, Train Acc: 98.86%
2025-04-02 22:00:46,447 - INFO - Val Loss: 1.0094, Val Acc: 89.77%
2025-04-02 22:00:46,448 - INFO - Class 0 Accuracy: 80.46%
2025-04-02 22:00:46,449 - INFO - Class 1 Accuracy: 87.69%
2025-04-02 22:00:46,450 - INFO - Class 2 Accuracy: 71.46%
2025-04-02 22:00:46,450 - INFO - Class 3 Accuracy: 97.10%
2025-04-02 22:00:46,451 - INFO - Class 4 Accuracy: 98.55%
2025-04-02 22:00:46,600 - INFO - Saved checkpoint at epoch 35
2025-04-02 22:00:46,602 - INFO - Total samples is: <torch.utils.data.dataloader.DataLoader object at 0x000001F62288BE60>
2025-04-02 22:07:48,801 - INFO - Validation parameter calculation time: 0:00:00.008059
2025-04-02 22:07:48,801 - INFO - 
Epoch 36/200:
2025-04-02 22:07:48,801 - INFO - Train Loss: 0.7513, Train Acc: 98.86%
2025-04-02 22:07:48,802 - INFO - Val Loss: 1.0071, Val Acc: 89.98%
2025-04-02 22:07:48,802 - INFO - Class 0 Accuracy: 80.05%
2025-04-02 22:07:48,802 - INFO - Class 1 Accuracy: 86.35%
2025-04-02 22:07:48,804 - INFO - Class 2 Accuracy: 75.19%
2025-04-02 22:07:48,804 - INFO - Class 3 Accuracy: 95.91%
2025-04-02 22:07:48,805 - INFO - Class 4 Accuracy: 98.54%
2025-04-02 22:07:48,964 - INFO - Saved checkpoint at epoch 36
2025-04-02 22:07:48,965 - INFO - Total samples is: <torch.utils.data.dataloader.DataLoader object at 0x000001F62288BE60>
2025-04-02 22:14:51,680 - INFO - Validation parameter calculation time: 0:00:00.007029
2025-04-02 22:14:51,681 - INFO - 
Epoch 37/200:
2025-04-02 22:14:51,681 - INFO - Train Loss: 0.7517, Train Acc: 98.86%
2025-04-02 22:14:51,681 - INFO - Val Loss: 1.0280, Val Acc: 88.09%
2025-04-02 22:14:51,683 - INFO - Class 0 Accuracy: 77.53%
2025-04-02 22:14:51,684 - INFO - Class 1 Accuracy: 88.88%
2025-04-02 22:14:51,684 - INFO - Class 2 Accuracy: 62.41%
2025-04-02 22:14:51,684 - INFO - Class 3 Accuracy: 96.95%
2025-04-02 22:14:51,685 - INFO - Class 4 Accuracy: 98.75%
2025-04-02 22:14:51,865 - INFO - Saved checkpoint at epoch 37
2025-04-02 22:14:51,867 - INFO - Total samples is: <torch.utils.data.dataloader.DataLoader object at 0x000001F62288BE60>
2025-04-02 22:21:51,169 - INFO - Validation parameter calculation time: 0:00:00.008527
2025-04-02 22:21:51,169 - INFO - 
Epoch 38/200:
2025-04-02 22:21:51,170 - INFO - Train Loss: 0.7510, Train Acc: 98.85%
2025-04-02 22:21:51,170 - INFO - Val Loss: 0.9763, Val Acc: 90.33%
2025-04-02 22:21:51,171 - INFO - Class 0 Accuracy: 79.38%
2025-04-02 22:21:51,171 - INFO - Class 1 Accuracy: 88.68%
2025-04-02 22:21:51,172 - INFO - Class 2 Accuracy: 74.26%
2025-04-02 22:21:51,173 - INFO - Class 3 Accuracy: 95.96%
2025-04-02 22:21:51,174 - INFO - Class 4 Accuracy: 98.79%
2025-04-02 22:21:51,349 - INFO - Saved checkpoint at epoch 38
2025-04-02 22:21:51,351 - INFO - Total samples is: <torch.utils.data.dataloader.DataLoader object at 0x000001F62288BE60>
2025-04-02 22:28:51,297 - INFO - Validation parameter calculation time: 0:00:00.012181
2025-04-02 22:28:51,298 - INFO - 
Epoch 39/200:
2025-04-02 22:28:51,299 - INFO - Train Loss: 0.7529, Train Acc: 98.85%
2025-04-02 22:28:51,299 - INFO - Val Loss: 0.9670, Val Acc: 91.01%
2025-04-02 22:28:51,300 - INFO - Class 0 Accuracy: 82.11%
2025-04-02 22:28:51,301 - INFO - Class 1 Accuracy: 87.15%
2025-04-02 22:28:51,301 - INFO - Class 2 Accuracy: 78.35%
2025-04-02 22:28:51,302 - INFO - Class 3 Accuracy: 96.18%
2025-04-02 22:28:51,302 - INFO - Class 4 Accuracy: 98.77%
2025-04-02 22:28:51,471 - INFO - Saved checkpoint at epoch 39
2025-04-02 22:28:51,472 - INFO - Total samples is: <torch.utils.data.dataloader.DataLoader object at 0x000001F62288BE60>
2025-04-02 22:35:52,611 - INFO - Validation parameter calculation time: 0:00:00.009041
2025-04-02 22:35:52,611 - INFO - 
Epoch 40/200:
2025-04-02 22:35:52,611 - INFO - Train Loss: 0.7525, Train Acc: 98.87%
2025-04-02 22:35:52,612 - INFO - Val Loss: 0.9907, Val Acc: 90.45%
2025-04-02 22:35:52,612 - INFO - Class 0 Accuracy: 82.00%
2025-04-02 22:35:52,613 - INFO - Class 1 Accuracy: 86.78%
2025-04-02 22:35:52,614 - INFO - Class 2 Accuracy: 76.24%
2025-04-02 22:35:52,614 - INFO - Class 3 Accuracy: 96.18%
2025-04-02 22:35:52,616 - INFO - Class 4 Accuracy: 98.58%
2025-04-02 22:35:52,778 - INFO - Saved checkpoint at epoch 40
2025-04-02 22:35:52,779 - INFO - Total samples is: <torch.utils.data.dataloader.DataLoader object at 0x000001F62288BE60>
2025-04-02 22:42:52,523 - INFO - Validation parameter calculation time: 0:00:00.008171
2025-04-02 22:42:52,524 - INFO - 
Epoch 41/200:
2025-04-02 22:42:52,525 - INFO - Train Loss: 0.7524, Train Acc: 98.86%
2025-04-02 22:42:52,525 - INFO - Val Loss: 1.0027, Val Acc: 90.09%
2025-04-02 22:42:52,525 - INFO - Class 0 Accuracy: 81.52%
2025-04-02 22:42:52,526 - INFO - Class 1 Accuracy: 85.87%
2025-04-02 22:42:52,527 - INFO - Class 2 Accuracy: 75.39%
2025-04-02 22:42:52,527 - INFO - Class 3 Accuracy: 96.09%
2025-04-02 22:42:52,528 - INFO - Class 4 Accuracy: 98.70%
2025-04-02 22:42:52,693 - INFO - Saved checkpoint at epoch 41
2025-04-02 22:42:52,695 - INFO - Total samples is: <torch.utils.data.dataloader.DataLoader object at 0x000001F62288BE60>
2025-04-02 22:49:52,581 - INFO - Validation parameter calculation time: 0:00:00.008543
2025-04-02 22:49:52,581 - INFO - 
Epoch 42/200:
2025-04-02 22:49:52,581 - INFO - Train Loss: 0.7521, Train Acc: 98.85%
2025-04-02 22:49:52,581 - INFO - Val Loss: 0.9800, Val Acc: 90.62%
2025-04-02 22:49:52,583 - INFO - Class 0 Accuracy: 80.97%
2025-04-02 22:49:52,583 - INFO - Class 1 Accuracy: 86.36%
2025-04-02 22:49:52,583 - INFO - Class 2 Accuracy: 77.64%
2025-04-02 22:49:52,584 - INFO - Class 3 Accuracy: 96.31%
2025-04-02 22:49:52,584 - INFO - Class 4 Accuracy: 98.60%
2025-04-02 22:49:52,751 - INFO - Saved checkpoint at epoch 42
2025-04-02 22:49:52,751 - INFO - Total samples is: <torch.utils.data.dataloader.DataLoader object at 0x000001F62288BE60>
2025-04-02 22:56:52,431 - INFO - Validation parameter calculation time: 0:00:00.007525
2025-04-02 22:56:52,432 - INFO - 
Epoch 43/200:
2025-04-02 22:56:52,432 - INFO - Train Loss: 0.7511, Train Acc: 98.86%
2025-04-02 22:56:52,433 - INFO - Val Loss: 0.9754, Val Acc: 90.85%
2025-04-02 22:56:52,433 - INFO - Class 0 Accuracy: 82.30%
2025-04-02 22:56:52,433 - INFO - Class 1 Accuracy: 85.50%
2025-04-02 22:56:52,434 - INFO - Class 2 Accuracy: 79.65%
2025-04-02 22:56:52,435 - INFO - Class 3 Accuracy: 95.98%
2025-04-02 22:56:52,435 - INFO - Class 4 Accuracy: 98.59%
2025-04-02 22:56:52,590 - INFO - Saved checkpoint at epoch 43
2025-04-02 22:56:52,594 - INFO - Total samples is: <torch.utils.data.dataloader.DataLoader object at 0x000001F62288BE60>
2025-04-02 23:03:52,240 - INFO - Validation parameter calculation time: 0:00:00.007027
2025-04-02 23:03:52,240 - INFO - 
Epoch 44/200:
2025-04-02 23:03:52,240 - INFO - Train Loss: 0.7526, Train Acc: 98.85%
2025-04-02 23:03:52,241 - INFO - Val Loss: 0.9361, Val Acc: 92.38%
2025-04-02 23:03:52,242 - INFO - Class 0 Accuracy: 82.56%
2025-04-02 23:03:52,243 - INFO - Class 1 Accuracy: 84.03%
2025-04-02 23:03:52,245 - INFO - Class 2 Accuracy: 87.50%
2025-04-02 23:03:52,246 - INFO - Class 3 Accuracy: 96.54%
2025-04-02 23:03:52,247 - INFO - Class 4 Accuracy: 98.94%
2025-04-02 23:03:52,423 - INFO - Saved best model with accuracy: 92.38%
2025-04-02 23:03:52,554 - INFO - Saved checkpoint at epoch 44
2025-04-02 23:03:52,556 - INFO - Total samples is: <torch.utils.data.dataloader.DataLoader object at 0x000001F62288BE60>
2025-04-02 23:10:52,607 - INFO - Validation parameter calculation time: 0:00:00.007536
2025-04-02 23:10:52,608 - INFO - 
Epoch 45/200:
2025-04-02 23:10:52,608 - INFO - Train Loss: 0.7536, Train Acc: 98.87%
2025-04-02 23:10:52,608 - INFO - Val Loss: 1.0283, Val Acc: 88.46%
2025-04-02 23:10:52,609 - INFO - Class 0 Accuracy: 78.64%
2025-04-02 23:10:52,610 - INFO - Class 1 Accuracy: 89.88%
2025-04-02 23:10:52,610 - INFO - Class 2 Accuracy: 62.92%
2025-04-02 23:10:52,611 - INFO - Class 3 Accuracy: 97.25%
2025-04-02 23:10:52,611 - INFO - Class 4 Accuracy: 98.62%
2025-04-02 23:10:52,778 - INFO - Saved checkpoint at epoch 45
2025-04-02 23:10:52,779 - INFO - Total samples is: <torch.utils.data.dataloader.DataLoader object at 0x000001F62288BE60>
2025-04-02 23:17:59,313 - INFO - Validation parameter calculation time: 0:00:00.011076
2025-04-02 23:17:59,314 - INFO - 
Epoch 46/200:
2025-04-02 23:17:59,314 - INFO - Train Loss: 0.7514, Train Acc: 98.86%
2025-04-02 23:17:59,314 - INFO - Val Loss: 0.9896, Val Acc: 90.04%
2025-04-02 23:17:59,316 - INFO - Class 0 Accuracy: 80.30%
2025-04-02 23:17:59,317 - INFO - Class 1 Accuracy: 89.35%
2025-04-02 23:17:59,317 - INFO - Class 2 Accuracy: 71.10%
2025-04-02 23:17:59,317 - INFO - Class 3 Accuracy: 96.91%
2025-04-02 23:17:59,318 - INFO - Class 4 Accuracy: 98.72%
2025-04-02 23:17:59,511 - INFO - Saved checkpoint at epoch 46
2025-04-02 23:17:59,512 - INFO - Total samples is: <torch.utils.data.dataloader.DataLoader object at 0x000001F62288BE60>
2025-04-02 23:25:02,353 - INFO - Validation parameter calculation time: 0:00:00.009544
2025-04-02 23:25:02,353 - INFO - 
Epoch 47/200:
2025-04-02 23:25:02,353 - INFO - Train Loss: 0.7524, Train Acc: 98.86%
2025-04-02 23:25:02,353 - INFO - Val Loss: 1.0254, Val Acc: 89.37%
2025-04-02 23:25:02,354 - INFO - Class 0 Accuracy: 81.40%
2025-04-02 23:25:02,354 - INFO - Class 1 Accuracy: 86.39%
2025-04-02 23:25:02,354 - INFO - Class 2 Accuracy: 71.21%
2025-04-02 23:25:02,355 - INFO - Class 3 Accuracy: 96.72%
2025-04-02 23:25:02,355 - INFO - Class 4 Accuracy: 98.37%
2025-04-02 23:25:02,466 - INFO - Saved checkpoint at epoch 47
2025-04-02 23:25:02,467 - INFO - Total samples is: <torch.utils.data.dataloader.DataLoader object at 0x000001F62288BE60>
2025-04-02 23:31:32,345 - INFO - Validation parameter calculation time: 0:00:00.007149
2025-04-02 23:31:32,346 - INFO - 
Epoch 48/200:
2025-04-02 23:31:32,346 - INFO - Train Loss: 0.7515, Train Acc: 98.86%
2025-04-02 23:31:32,346 - INFO - Val Loss: 1.0219, Val Acc: 89.30%
2025-04-02 23:31:32,347 - INFO - Class 0 Accuracy: 81.19%
2025-04-02 23:31:32,347 - INFO - Class 1 Accuracy: 87.29%
2025-04-02 23:31:32,348 - INFO - Class 2 Accuracy: 69.74%
2025-04-02 23:31:32,348 - INFO - Class 3 Accuracy: 96.70%
2025-04-02 23:31:32,349 - INFO - Class 4 Accuracy: 98.55%
2025-04-02 23:31:32,459 - INFO - Saved checkpoint at epoch 48
2025-04-02 23:31:32,459 - INFO - Total samples is: <torch.utils.data.dataloader.DataLoader object at 0x000001F62288BE60>
2025-04-02 23:38:01,876 - INFO - Validation parameter calculation time: 0:00:00.007505
2025-04-02 23:38:01,877 - INFO - 
Epoch 49/200:
2025-04-02 23:38:01,877 - INFO - Train Loss: 0.7517, Train Acc: 98.86%
2025-04-02 23:38:01,878 - INFO - Val Loss: 1.0235, Val Acc: 89.47%
2025-04-02 23:38:01,879 - INFO - Class 0 Accuracy: 82.08%
2025-04-02 23:38:01,879 - INFO - Class 1 Accuracy: 87.73%
2025-04-02 23:38:01,879 - INFO - Class 2 Accuracy: 70.47%
2025-04-02 23:38:01,880 - INFO - Class 3 Accuracy: 96.33%
2025-04-02 23:38:01,880 - INFO - Class 4 Accuracy: 98.45%
2025-04-02 23:38:01,999 - INFO - Saved checkpoint at epoch 49
2025-04-02 23:38:02,000 - INFO - Total samples is: <torch.utils.data.dataloader.DataLoader object at 0x000001F62288BE60>
2025-04-02 23:44:31,799 - INFO - Validation parameter calculation time: 0:00:00.007176
2025-04-02 23:44:31,799 - INFO - 
Epoch 50/200:
2025-04-02 23:44:31,799 - INFO - Train Loss: 0.7517, Train Acc: 98.86%
2025-04-02 23:44:31,800 - INFO - Val Loss: 1.0104, Val Acc: 89.19%
2025-04-02 23:44:31,800 - INFO - Class 0 Accuracy: 78.29%
2025-04-02 23:44:31,801 - INFO - Class 1 Accuracy: 88.89%
2025-04-02 23:44:31,801 - INFO - Class 2 Accuracy: 67.62%
2025-04-02 23:44:31,801 - INFO - Class 3 Accuracy: 97.17%
2025-04-02 23:44:31,802 - INFO - Class 4 Accuracy: 98.68%
2025-04-02 23:44:31,906 - INFO - Saved checkpoint at epoch 50
2025-04-02 23:44:31,906 - INFO - Total samples is: <torch.utils.data.dataloader.DataLoader object at 0x000001F62288BE60>
2025-04-02 23:51:02,443 - INFO - Validation parameter calculation time: 0:00:00.007098
2025-04-02 23:51:02,443 - INFO - 
Epoch 51/200:
2025-04-02 23:51:02,443 - INFO - Train Loss: 0.7515, Train Acc: 98.87%
2025-04-02 23:51:02,444 - INFO - Val Loss: 0.9877, Val Acc: 90.66%
2025-04-02 23:51:02,444 - INFO - Class 0 Accuracy: 82.88%
2025-04-02 23:51:02,444 - INFO - Class 1 Accuracy: 85.13%
2025-04-02 23:51:02,445 - INFO - Class 2 Accuracy: 78.61%
2025-04-02 23:51:02,445 - INFO - Class 3 Accuracy: 96.20%
2025-04-02 23:51:02,445 - INFO - Class 4 Accuracy: 98.63%
2025-04-02 23:51:02,552 - INFO - Saved checkpoint at epoch 51
2025-04-02 23:51:02,553 - INFO - Total samples is: <torch.utils.data.dataloader.DataLoader object at 0x000001F62288BE60>
2025-04-02 23:57:34,039 - INFO - Validation parameter calculation time: 0:00:00.010546
2025-04-02 23:57:34,039 - INFO - 
Epoch 52/200:
2025-04-02 23:57:34,039 - INFO - Train Loss: 0.7516, Train Acc: 98.85%
2025-04-02 23:57:34,039 - INFO - Val Loss: 1.0024, Val Acc: 89.83%
2025-04-02 23:57:34,040 - INFO - Class 0 Accuracy: 80.80%
2025-04-02 23:57:34,040 - INFO - Class 1 Accuracy: 87.57%
2025-04-02 23:57:34,041 - INFO - Class 2 Accuracy: 72.46%
2025-04-02 23:57:34,042 - INFO - Class 3 Accuracy: 96.44%
2025-04-02 23:57:34,042 - INFO - Class 4 Accuracy: 98.57%
2025-04-02 23:57:34,144 - INFO - Saved checkpoint at epoch 52
2025-04-02 23:57:34,145 - INFO - Total samples is: <torch.utils.data.dataloader.DataLoader object at 0x000001F62288BE60>
2025-04-03 00:04:05,408 - INFO - Validation parameter calculation time: 0:00:00.007109
2025-04-03 00:04:05,409 - INFO - 
Epoch 53/200:
2025-04-03 00:04:05,409 - INFO - Train Loss: 0.7510, Train Acc: 98.86%
2025-04-03 00:04:05,409 - INFO - Val Loss: 0.9856, Val Acc: 90.65%
2025-04-03 00:04:05,410 - INFO - Class 0 Accuracy: 83.42%
2025-04-03 00:04:05,410 - INFO - Class 1 Accuracy: 86.38%
2025-04-03 00:04:05,410 - INFO - Class 2 Accuracy: 77.13%
2025-04-03 00:04:05,411 - INFO - Class 3 Accuracy: 96.46%
2025-04-03 00:04:05,412 - INFO - Class 4 Accuracy: 98.53%
2025-04-03 00:04:05,515 - INFO - Saved checkpoint at epoch 53
2025-04-03 00:04:05,516 - INFO - Total samples is: <torch.utils.data.dataloader.DataLoader object at 0x000001F62288BE60>
2025-04-03 00:10:35,433 - INFO - Validation parameter calculation time: 0:00:00.007142
2025-04-03 00:10:35,434 - INFO - 
Epoch 54/200:
2025-04-03 00:10:35,434 - INFO - Train Loss: 0.7521, Train Acc: 98.86%
2025-04-03 00:10:35,434 - INFO - Val Loss: 0.9965, Val Acc: 90.30%
2025-04-03 00:10:35,434 - INFO - Class 0 Accuracy: 83.07%
2025-04-03 00:10:35,435 - INFO - Class 1 Accuracy: 86.54%
2025-04-03 00:10:35,436 - INFO - Class 2 Accuracy: 75.12%
2025-04-03 00:10:35,436 - INFO - Class 3 Accuracy: 96.65%
2025-04-03 00:10:35,436 - INFO - Class 4 Accuracy: 98.52%
2025-04-03 00:10:35,545 - INFO - Saved checkpoint at epoch 54
2025-04-03 00:10:35,545 - INFO - Total samples is: <torch.utils.data.dataloader.DataLoader object at 0x000001F62288BE60>
2025-04-03 00:17:06,610 - INFO - Validation parameter calculation time: 0:00:00.006166
2025-04-03 00:17:06,610 - INFO - 
Epoch 55/200:
2025-04-03 00:17:06,610 - INFO - Train Loss: 0.7521, Train Acc: 98.86%
2025-04-03 00:17:06,610 - INFO - Val Loss: 0.9934, Val Acc: 90.26%
2025-04-03 00:17:06,612 - INFO - Class 0 Accuracy: 80.86%
2025-04-03 00:17:06,612 - INFO - Class 1 Accuracy: 86.15%
2025-04-03 00:17:06,613 - INFO - Class 2 Accuracy: 76.41%
2025-04-03 00:17:06,613 - INFO - Class 3 Accuracy: 95.94%
2025-04-03 00:17:06,613 - INFO - Class 4 Accuracy: 98.62%
2025-04-03 00:17:06,724 - INFO - Saved checkpoint at epoch 55
2025-04-03 00:17:06,725 - INFO - Total samples is: <torch.utils.data.dataloader.DataLoader object at 0x000001F62288BE60>
2025-04-03 00:23:36,347 - INFO - Validation parameter calculation time: 0:00:00.007011
2025-04-03 00:23:36,347 - INFO - 
Epoch 56/200:
2025-04-03 00:23:36,350 - INFO - Train Loss: 0.7530, Train Acc: 98.87%
2025-04-03 00:23:36,350 - INFO - Val Loss: 0.9872, Val Acc: 90.62%
2025-04-03 00:23:37,018 - INFO - Class 0 Accuracy: 82.87%
2025-04-03 00:23:38,242 - INFO - Class 1 Accuracy: 86.18%
2025-04-03 00:23:38,249 - INFO - Class 2 Accuracy: 77.11%
2025-04-03 00:23:38,249 - INFO - Class 3 Accuracy: 96.50%
2025-04-03 00:23:38,250 - INFO - Class 4 Accuracy: 98.63%
2025-04-03 00:23:42,282 - INFO - Saved checkpoint at epoch 56
2025-04-03 00:23:42,283 - INFO - Total samples is: <torch.utils.data.dataloader.DataLoader object at 0x000001F62288BE60>
2025-04-03 00:30:06,208 - INFO - Validation parameter calculation time: 0:00:00.006510
2025-04-03 00:30:06,208 - INFO - 
Epoch 57/200:
2025-04-03 00:30:06,209 - INFO - Train Loss: 0.7515, Train Acc: 98.86%
2025-04-03 00:30:06,209 - INFO - Val Loss: 0.9489, Val Acc: 91.76%
2025-04-03 00:30:06,209 - INFO - Class 0 Accuracy: 81.98%
2025-04-03 00:30:06,210 - INFO - Class 1 Accuracy: 85.66%
2025-04-03 00:30:06,210 - INFO - Class 2 Accuracy: 83.15%
2025-04-03 00:30:06,210 - INFO - Class 3 Accuracy: 96.43%
2025-04-03 00:30:06,211 - INFO - Class 4 Accuracy: 98.89%
2025-04-03 00:30:06,309 - INFO - Saved checkpoint at epoch 57
2025-04-03 00:30:06,311 - INFO - Total samples is: <torch.utils.data.dataloader.DataLoader object at 0x000001F62288BE60>
2025-04-03 00:36:11,908 - INFO - Validation parameter calculation time: 0:00:00.006514
2025-04-03 00:36:11,908 - INFO - 
Epoch 58/200:
2025-04-03 00:36:11,909 - INFO - Train Loss: 0.7524, Train Acc: 98.87%
2025-04-03 00:36:11,909 - INFO - Val Loss: 1.0221, Val Acc: 89.00%
2025-04-03 00:36:11,910 - INFO - Class 0 Accuracy: 78.99%
2025-04-03 00:36:11,910 - INFO - Class 1 Accuracy: 88.07%
2025-04-03 00:36:11,911 - INFO - Class 2 Accuracy: 67.35%
2025-04-03 00:36:11,911 - INFO - Class 3 Accuracy: 97.06%
2025-04-03 00:36:11,911 - INFO - Class 4 Accuracy: 98.71%
2025-04-03 00:36:12,009 - INFO - Saved checkpoint at epoch 58
2025-04-03 00:36:12,010 - INFO - Total samples is: <torch.utils.data.dataloader.DataLoader object at 0x000001F62288BE60>
2025-04-03 00:42:18,053 - INFO - Validation parameter calculation time: 0:00:00.007005
2025-04-03 00:42:18,054 - INFO - 
Epoch 59/200:
2025-04-03 00:42:18,054 - INFO - Train Loss: 0.7519, Train Acc: 98.86%
2025-04-03 00:42:18,054 - INFO - Val Loss: 0.9920, Val Acc: 90.11%
2025-04-03 00:42:18,055 - INFO - Class 0 Accuracy: 80.83%
2025-04-03 00:42:18,056 - INFO - Class 1 Accuracy: 87.57%
2025-04-03 00:42:18,056 - INFO - Class 2 Accuracy: 73.57%
2025-04-03 00:42:18,056 - INFO - Class 3 Accuracy: 96.64%
2025-04-03 00:42:18,057 - INFO - Class 4 Accuracy: 98.59%
2025-04-03 00:42:18,154 - INFO - Saved checkpoint at epoch 59
2025-04-03 00:42:18,155 - INFO - Total samples is: <torch.utils.data.dataloader.DataLoader object at 0x000001F62288BE60>
2025-04-03 00:48:24,654 - INFO - Validation parameter calculation time: 0:00:00.007065
2025-04-03 00:48:24,654 - INFO - 
Epoch 60/200:
2025-04-03 00:48:24,654 - INFO - Train Loss: 0.7526, Train Acc: 98.86%
2025-04-03 00:48:24,654 - INFO - Val Loss: 0.9735, Val Acc: 91.10%
2025-04-03 00:48:24,655 - INFO - Class 0 Accuracy: 84.11%
2025-04-03 00:48:24,655 - INFO - Class 1 Accuracy: 83.43%
2025-04-03 00:48:24,655 - INFO - Class 2 Accuracy: 81.99%
2025-04-03 00:48:24,655 - INFO - Class 3 Accuracy: 96.31%
2025-04-03 00:48:24,656 - INFO - Class 4 Accuracy: 98.69%
2025-04-03 00:48:24,754 - INFO - Saved checkpoint at epoch 60
2025-04-03 00:48:24,754 - INFO - Total samples is: <torch.utils.data.dataloader.DataLoader object at 0x000001F62288BE60>
2025-04-03 00:54:30,477 - INFO - Validation parameter calculation time: 0:00:00.006516
2025-04-03 00:54:30,477 - INFO - 
Epoch 61/200:
2025-04-03 00:54:30,477 - INFO - Train Loss: 0.7523, Train Acc: 98.86%
2025-04-03 00:54:30,478 - INFO - Val Loss: 1.0125, Val Acc: 89.27%
2025-04-03 00:54:30,478 - INFO - Class 0 Accuracy: 79.27%
2025-04-03 00:54:30,479 - INFO - Class 1 Accuracy: 87.36%
2025-04-03 00:54:30,479 - INFO - Class 2 Accuracy: 69.61%
2025-04-03 00:54:30,479 - INFO - Class 3 Accuracy: 96.81%
2025-04-03 00:54:30,480 - INFO - Class 4 Accuracy: 98.71%
2025-04-03 00:54:30,578 - INFO - Saved checkpoint at epoch 61
2025-04-03 00:54:30,578 - INFO - Total samples is: <torch.utils.data.dataloader.DataLoader object at 0x000001F62288BE60>
2025-04-03 01:00:36,251 - INFO - Validation parameter calculation time: 0:00:00.007101
2025-04-03 01:00:36,252 - INFO - 
Epoch 62/200:
2025-04-03 01:00:36,252 - INFO - Train Loss: 0.7510, Train Acc: 98.85%
2025-04-03 01:00:36,252 - INFO - Val Loss: 0.9843, Val Acc: 90.51%
2025-04-03 01:00:36,252 - INFO - Class 0 Accuracy: 82.51%
2025-04-03 01:00:36,253 - INFO - Class 1 Accuracy: 87.42%
2025-04-03 01:00:36,253 - INFO - Class 2 Accuracy: 75.86%
2025-04-03 01:00:36,253 - INFO - Class 3 Accuracy: 96.36%
2025-04-03 01:00:36,254 - INFO - Class 4 Accuracy: 98.46%
2025-04-03 01:00:36,350 - INFO - Saved checkpoint at epoch 62
2025-04-03 01:00:36,351 - INFO - Total samples is: <torch.utils.data.dataloader.DataLoader object at 0x000001F62288BE60>
2025-04-03 01:06:40,895 - INFO - Validation parameter calculation time: 0:00:00.007660
2025-04-03 01:06:40,895 - INFO - 
Epoch 63/200:
2025-04-03 01:06:40,896 - INFO - Train Loss: 0.7521, Train Acc: 98.85%
2025-04-03 01:06:40,896 - INFO - Val Loss: 1.0217, Val Acc: 89.67%
2025-04-03 01:06:40,897 - INFO - Class 0 Accuracy: 82.85%
2025-04-03 01:06:40,897 - INFO - Class 1 Accuracy: 86.83%
2025-04-03 01:06:40,898 - INFO - Class 2 Accuracy: 71.12%
2025-04-03 01:06:40,898 - INFO - Class 3 Accuracy: 97.21%
2025-04-03 01:06:40,899 - INFO - Class 4 Accuracy: 98.55%
2025-04-03 01:06:41,006 - INFO - Saved checkpoint at epoch 63
2025-04-03 01:06:41,007 - INFO - Total samples is: <torch.utils.data.dataloader.DataLoader object at 0x000001F62288BE60>
2025-04-03 01:12:48,124 - INFO - Validation parameter calculation time: 0:00:00.007020
2025-04-03 01:12:48,125 - INFO - 
Epoch 64/200:
2025-04-03 01:12:48,125 - INFO - Train Loss: 0.7515, Train Acc: 98.87%
2025-04-03 01:12:48,125 - INFO - Val Loss: 0.9745, Val Acc: 90.76%
2025-04-03 01:12:48,126 - INFO - Class 0 Accuracy: 82.14%
2025-04-03 01:12:48,126 - INFO - Class 1 Accuracy: 87.72%
2025-04-03 01:12:48,127 - INFO - Class 2 Accuracy: 76.81%
2025-04-03 01:12:48,127 - INFO - Class 3 Accuracy: 96.36%
2025-04-03 01:12:48,128 - INFO - Class 4 Accuracy: 98.50%
2025-04-03 01:12:48,231 - INFO - Saved checkpoint at epoch 64
2025-04-03 01:12:48,231 - INFO - Total samples is: <torch.utils.data.dataloader.DataLoader object at 0x000001F62288BE60>
2025-04-03 01:18:53,626 - INFO - Validation parameter calculation time: 0:00:00.007019
2025-04-03 01:18:53,627 - INFO - 
Epoch 65/200:
2025-04-03 01:18:53,627 - INFO - Train Loss: 0.7513, Train Acc: 98.86%
2025-04-03 01:18:53,627 - INFO - Val Loss: 0.9690, Val Acc: 90.90%
2025-04-03 01:18:53,627 - INFO - Class 0 Accuracy: 81.71%
2025-04-03 01:18:53,628 - INFO - Class 1 Accuracy: 87.17%
2025-04-03 01:18:53,629 - INFO - Class 2 Accuracy: 77.73%
2025-04-03 01:18:53,629 - INFO - Class 3 Accuracy: 96.38%
2025-04-03 01:18:53,629 - INFO - Class 4 Accuracy: 98.74%
2025-04-03 01:18:53,728 - INFO - Saved checkpoint at epoch 65
2025-04-03 01:18:53,729 - INFO - Total samples is: <torch.utils.data.dataloader.DataLoader object at 0x000001F62288BE60>
2025-04-03 01:24:59,086 - INFO - Validation parameter calculation time: 0:00:00.007000
2025-04-03 01:24:59,086 - INFO - 
Epoch 66/200:
2025-04-03 01:24:59,086 - INFO - Train Loss: 0.7528, Train Acc: 98.86%
2025-04-03 01:24:59,086 - INFO - Val Loss: 1.0144, Val Acc: 89.77%
2025-04-03 01:24:59,087 - INFO - Class 0 Accuracy: 82.07%
2025-04-03 01:24:59,087 - INFO - Class 1 Accuracy: 86.23%
2025-04-03 01:24:59,087 - INFO - Class 2 Accuracy: 72.79%
2025-04-03 01:24:59,088 - INFO - Class 3 Accuracy: 96.85%
2025-04-03 01:24:59,088 - INFO - Class 4 Accuracy: 98.55%
2025-04-03 01:24:59,185 - INFO - Saved checkpoint at epoch 66
2025-04-03 01:24:59,186 - INFO - Total samples is: <torch.utils.data.dataloader.DataLoader object at 0x000001F62288BE60>
2025-04-03 01:31:03,282 - INFO - Validation parameter calculation time: 0:00:00.007001
2025-04-03 01:31:03,282 - INFO - 
Epoch 67/200:
2025-04-03 01:31:03,282 - INFO - Train Loss: 0.7518, Train Acc: 98.85%
2025-04-03 01:31:03,282 - INFO - Val Loss: 1.0018, Val Acc: 90.13%
2025-04-03 01:31:03,283 - INFO - Class 0 Accuracy: 82.09%
2025-04-03 01:31:03,283 - INFO - Class 1 Accuracy: 87.96%
2025-04-03 01:31:03,283 - INFO - Class 2 Accuracy: 72.95%
2025-04-03 01:31:03,284 - INFO - Class 3 Accuracy: 96.95%
2025-04-03 01:31:03,284 - INFO - Class 4 Accuracy: 98.42%
2025-04-03 01:31:03,389 - INFO - Saved checkpoint at epoch 67
2025-04-03 01:31:03,389 - INFO - Total samples is: <torch.utils.data.dataloader.DataLoader object at 0x000001F62288BE60>
2025-04-03 01:37:09,442 - INFO - Validation parameter calculation time: 0:00:00.007191
2025-04-03 01:37:09,443 - INFO - 
Epoch 68/200:
2025-04-03 01:37:09,443 - INFO - Train Loss: 0.7530, Train Acc: 98.86%
2025-04-03 01:37:09,443 - INFO - Val Loss: 1.0032, Val Acc: 90.10%
2025-04-03 01:37:09,444 - INFO - Class 0 Accuracy: 82.08%
2025-04-03 01:37:09,444 - INFO - Class 1 Accuracy: 86.23%
2025-04-03 01:37:09,444 - INFO - Class 2 Accuracy: 74.39%
2025-04-03 01:37:09,445 - INFO - Class 3 Accuracy: 96.57%
2025-04-03 01:37:09,445 - INFO - Class 4 Accuracy: 98.74%
2025-04-03 01:37:09,542 - INFO - Saved checkpoint at epoch 68
2025-04-03 01:37:09,543 - INFO - Total samples is: <torch.utils.data.dataloader.DataLoader object at 0x000001F62288BE60>
2025-04-03 01:43:15,012 - INFO - Validation parameter calculation time: 0:00:00.007010
2025-04-03 01:43:15,012 - INFO - 
Epoch 69/200:
2025-04-03 01:43:15,012 - INFO - Train Loss: 0.7525, Train Acc: 98.87%
2025-04-03 01:43:15,012 - INFO - Val Loss: 1.0033, Val Acc: 90.37%
2025-04-03 01:43:15,013 - INFO - Class 0 Accuracy: 83.76%
2025-04-03 01:43:15,013 - INFO - Class 1 Accuracy: 85.12%
2025-04-03 01:43:15,013 - INFO - Class 2 Accuracy: 76.95%
2025-04-03 01:43:15,014 - INFO - Class 3 Accuracy: 96.63%
2025-04-03 01:43:15,014 - INFO - Class 4 Accuracy: 98.40%
2025-04-03 01:43:15,220 - INFO - Saved checkpoint at epoch 69
2025-04-03 01:43:15,221 - INFO - Total samples is: <torch.utils.data.dataloader.DataLoader object at 0x000001F62288BE60>
2025-04-03 01:49:21,404 - INFO - Validation parameter calculation time: 0:00:00.007507
2025-04-03 01:49:21,405 - INFO - 
Epoch 70/200:
2025-04-03 01:49:21,405 - INFO - Train Loss: 0.7513, Train Acc: 98.86%
2025-04-03 01:49:21,405 - INFO - Val Loss: 1.0417, Val Acc: 88.19%
2025-04-03 01:49:21,405 - INFO - Class 0 Accuracy: 79.60%
2025-04-03 01:49:21,406 - INFO - Class 1 Accuracy: 87.48%
2025-04-03 01:49:21,406 - INFO - Class 2 Accuracy: 64.25%
2025-04-03 01:49:21,406 - INFO - Class 3 Accuracy: 96.84%
2025-04-03 01:49:21,407 - INFO - Class 4 Accuracy: 98.55%
2025-04-03 01:49:21,505 - INFO - Saved checkpoint at epoch 70
2025-04-03 01:49:21,505 - INFO - Total samples is: <torch.utils.data.dataloader.DataLoader object at 0x000001F62288BE60>
2025-04-03 01:55:28,561 - INFO - Validation parameter calculation time: 0:00:00.007000
2025-04-03 01:55:28,561 - INFO - 
Epoch 71/200:
2025-04-03 01:55:28,561 - INFO - Train Loss: 0.7520, Train Acc: 98.86%
2025-04-03 01:55:28,562 - INFO - Val Loss: 0.9722, Val Acc: 91.06%
2025-04-03 01:55:28,562 - INFO - Class 0 Accuracy: 82.91%
2025-04-03 01:55:28,562 - INFO - Class 1 Accuracy: 85.03%
2025-04-03 01:55:28,564 - INFO - Class 2 Accuracy: 80.42%
2025-04-03 01:55:28,564 - INFO - Class 3 Accuracy: 96.29%
2025-04-03 01:55:28,564 - INFO - Class 4 Accuracy: 98.76%
2025-04-03 01:55:28,709 - INFO - Saved checkpoint at epoch 71
2025-04-03 01:55:28,710 - INFO - Total samples is: <torch.utils.data.dataloader.DataLoader object at 0x000001F62288BE60>
2025-04-03 02:01:33,869 - INFO - Validation parameter calculation time: 0:00:00.007014
2025-04-03 02:01:33,869 - INFO - 
Epoch 72/200:
2025-04-03 02:01:33,869 - INFO - Train Loss: 0.7529, Train Acc: 98.86%
2025-04-03 02:01:33,869 - INFO - Val Loss: 0.9928, Val Acc: 90.35%
2025-04-03 02:01:33,869 - INFO - Class 0 Accuracy: 81.32%
2025-04-03 02:01:33,870 - INFO - Class 1 Accuracy: 85.24%
2025-04-03 02:01:33,870 - INFO - Class 2 Accuracy: 77.27%
2025-04-03 02:01:33,870 - INFO - Class 3 Accuracy: 96.24%
2025-04-03 02:01:33,871 - INFO - Class 4 Accuracy: 98.66%
2025-04-03 02:01:33,971 - INFO - Saved checkpoint at epoch 72
2025-04-03 02:01:33,972 - INFO - Total samples is: <torch.utils.data.dataloader.DataLoader object at 0x000001F62288BE60>
2025-04-03 02:07:38,378 - INFO - Validation parameter calculation time: 0:00:00.006501
2025-04-03 02:07:38,378 - INFO - 
Epoch 73/200:
2025-04-03 02:07:38,379 - INFO - Train Loss: 0.7509, Train Acc: 98.86%
2025-04-03 02:07:38,379 - INFO - Val Loss: 0.9969, Val Acc: 90.07%
2025-04-03 02:07:38,379 - INFO - Class 0 Accuracy: 81.37%
2025-04-03 02:07:38,379 - INFO - Class 1 Accuracy: 88.55%
2025-04-03 02:07:38,381 - INFO - Class 2 Accuracy: 72.57%
2025-04-03 02:07:38,381 - INFO - Class 3 Accuracy: 96.54%
2025-04-03 02:07:38,381 - INFO - Class 4 Accuracy: 98.50%
2025-04-03 02:07:38,487 - INFO - Saved checkpoint at epoch 73
2025-04-03 02:07:38,488 - INFO - Total samples is: <torch.utils.data.dataloader.DataLoader object at 0x000001F62288BE60>
2025-04-03 02:13:43,827 - INFO - Validation parameter calculation time: 0:00:00.007021
2025-04-03 02:13:43,827 - INFO - 
Epoch 74/200:
2025-04-03 02:13:43,827 - INFO - Train Loss: 0.7514, Train Acc: 98.85%
2025-04-03 02:13:43,828 - INFO - Val Loss: 1.0068, Val Acc: 90.15%
2025-04-03 02:13:43,828 - INFO - Class 0 Accuracy: 82.81%
2025-04-03 02:13:43,829 - INFO - Class 1 Accuracy: 87.24%
2025-04-03 02:13:43,830 - INFO - Class 2 Accuracy: 74.34%
2025-04-03 02:13:43,830 - INFO - Class 3 Accuracy: 96.36%
2025-04-03 02:13:43,830 - INFO - Class 4 Accuracy: 98.34%
2025-04-03 02:13:43,934 - INFO - Saved checkpoint at epoch 74
2025-04-03 02:13:43,934 - INFO - Total samples is: <torch.utils.data.dataloader.DataLoader object at 0x000001F62288BE60>
