2024-12-05 18:17:03,240 - INFO - Training configuration:
2024-12-05 18:17:03,241 - INFO - num_points: 4096
2024-12-05 18:17:03,241 - INFO - chunk_size: 4096
2024-12-05 18:17:03,241 - INFO - overlap: 1024
2024-12-05 18:17:03,241 - INFO - batch_size: 16
2024-12-05 18:17:03,241 - INFO - num_workers: 0
2024-12-05 18:17:03,241 - INFO - learning_rate: 0.001
2024-12-05 18:17:03,241 - INFO - num_classes: 5
2024-12-05 18:17:03,241 - INFO - num_epochs: 500
2024-12-05 18:17:03,241 - INFO - device: cuda
2024-12-05 18:17:03,241 - INFO - Using device: cuda
2024-12-05 18:17:03,243 - INFO - No cache found. Processing dataset...
2024-12-05 18:17:03,244 - INFO - Found 52 las files:
2024-12-05 18:17:03,244 - INFO -   - b1-sec-3.las
2024-12-05 18:17:03,244 - INFO -   - b2-sec-4.las
2024-12-05 18:17:03,244 - INFO -   - b3-sec-1.las
2024-12-05 18:17:03,244 - INFO -   - b3-sec-2.las
2024-12-05 18:17:03,244 - INFO -   - b3-sec-3.las
2024-12-05 18:17:03,244 - INFO -   - b3-sec-4.las
2024-12-05 18:17:03,244 - INFO -   - b3-sec-5.las
2024-12-05 18:17:03,244 - INFO -   - b3-sec-6.las
2024-12-05 18:17:03,244 - INFO -   - b3-sec-7.las
2024-12-05 18:17:03,245 - INFO -   - b4-sec-1.las
2024-12-05 18:17:03,245 - INFO -   - b4-sec-2.las
2024-12-05 18:17:03,245 - INFO -   - b4-sec-3.las
2024-12-05 18:17:03,245 - INFO -   - b4-sec-4.las
2024-12-05 18:17:03,245 - INFO -   - b4-sec-5.las
2024-12-05 18:17:03,245 - INFO -   - b4-sec-6.las
2024-12-05 18:17:03,245 - INFO -   - b4-sec-7.las
2024-12-05 18:17:03,245 - INFO -   - b5-sec-1.las
2024-12-05 18:17:03,245 - INFO -   - b5-sec-2.las
2024-12-05 18:17:03,245 - INFO -   - b5-sec-3.las
2024-12-05 18:17:03,245 - INFO -   - b5-sec-4.las
2024-12-05 18:17:03,245 - INFO -   - b5-sec-5.las
2024-12-05 18:17:03,245 - INFO -   - b5-sec-6.las
2024-12-05 18:17:03,245 - INFO -   - b6-sec-1.las
2024-12-05 18:17:03,245 - INFO -   - b6-sec-10.las
2024-12-05 18:17:03,245 - INFO -   - b6-sec-11.las
2024-12-05 18:17:03,245 - INFO -   - b6-sec-2.las
2024-12-05 18:17:03,245 - INFO -   - b6-sec-3.las
2024-12-05 18:17:03,245 - INFO -   - b6-sec-4.las
2024-12-05 18:17:03,245 - INFO -   - b6-sec-5.las
2024-12-05 18:17:03,246 - INFO -   - b6-sec-6.las
2024-12-05 18:17:03,246 - INFO -   - b6-sec-7.las
2024-12-05 18:17:03,246 - INFO -   - b6-sec-8.las
2024-12-05 18:17:03,246 - INFO -   - b6-sec-9.las
2024-12-05 18:17:03,246 - INFO -   - b8-sec-1.las
2024-12-05 18:17:03,246 - INFO -   - b8-sec-10.las
2024-12-05 18:17:03,246 - INFO -   - b8-sec-2.las
2024-12-05 18:17:03,246 - INFO -   - b8-sec-3.las
2024-12-05 18:17:03,246 - INFO -   - b8-sec-4.las
2024-12-05 18:17:03,246 - INFO -   - b8-sec-5.las
2024-12-05 18:17:03,246 - INFO -   - b8-sec-6.las
2024-12-05 18:17:03,246 - INFO -   - b8-sec-7.las
2024-12-05 18:17:03,246 - INFO -   - b8-sec-8.las
2024-12-05 18:17:03,246 - INFO -   - b8-sec-9.las
2024-12-05 18:17:03,246 - INFO -   - b9-sec-1.las
2024-12-05 18:17:03,246 - INFO -   - b9-sec-10.las
2024-12-05 18:17:03,246 - INFO -   - b9-sec-2.las
2024-12-05 18:17:03,246 - INFO -   - b9-sec-3.las
2024-12-05 18:17:03,246 - INFO -   - b9-sec-4.las
2024-12-05 18:17:03,246 - INFO -   - b9-sec-5.las
2024-12-05 18:17:03,247 - INFO -   - b9-sec-6.las
2024-12-05 18:17:03,247 - INFO -   - b9-sec-7.las
2024-12-05 18:17:03,247 - INFO -   - b9-sec-8.las
2024-12-05 18:17:03,247 - INFO - Processing b1-sec-3.las
2024-12-05 18:17:03,247 - INFO - Loading data/fukushima/org/train/b1-sec-3.las
2024-12-05 18:17:03,609 - INFO - Loaded 2089257 points from b1-sec-3.las
2024-12-05 18:17:03,914 - INFO - Total points: 2089257, Iterations: 102
2024-12-05 18:17:09,220 - INFO - Created 204 blocks
2024-12-05 18:17:09,221 - INFO - Processing b2-sec-4.las
2024-12-05 18:17:09,222 - INFO - Loading data/fukushima/org/train/b2-sec-4.las
2024-12-05 18:17:09,672 - INFO - Loaded 2747352 points from b2-sec-4.las
2024-12-05 18:17:09,722 - INFO - Total points: 2747352, Iterations: 134
2024-12-05 18:17:17,564 - INFO - Created 268 blocks
2024-12-05 18:17:17,565 - INFO - Processing b3-sec-1.las
2024-12-05 18:17:17,565 - INFO - Loading data/fukushima/org/train/b3-sec-1.las
2024-12-05 18:17:17,669 - INFO - Loaded 3588690 points from b3-sec-1.las
2024-12-05 18:17:17,737 - INFO - Total points: 3588690, Iterations: 175
2024-12-05 18:17:30,624 - INFO - Created 344 blocks
2024-12-05 18:17:30,624 - INFO - Processing b3-sec-2.las
2024-12-05 18:17:30,625 - INFO - Loading data/fukushima/org/train/b3-sec-2.las
2024-12-05 18:17:30,800 - INFO - Loaded 6417920 points from b3-sec-2.las
2024-12-05 18:17:30,951 - INFO - Total points: 6417920, Iterations: 313
2024-12-05 18:18:21,170 - INFO - Created 626 blocks
2024-12-05 18:18:21,171 - INFO - Processing b3-sec-3.las
2024-12-05 18:18:21,171 - INFO - Loading data/fukushima/org/train/b3-sec-3.las
2024-12-05 18:18:22,207 - INFO - Loaded 6044219 points from b3-sec-3.las
2024-12-05 18:18:22,356 - INFO - Total points: 6044219, Iterations: 295
2024-12-05 18:19:09,287 - INFO - Created 590 blocks
2024-12-05 18:19:09,288 - INFO - Processing b3-sec-4.las
2024-12-05 18:19:09,288 - INFO - Loading data/fukushima/org/train/b3-sec-4.las
2024-12-05 18:19:10,339 - INFO - Loaded 6468557 points from b3-sec-4.las
2024-12-05 18:19:10,469 - INFO - Total points: 6468557, Iterations: 315
2024-12-05 18:20:08,139 - INFO - Created 630 blocks
2024-12-05 18:20:08,139 - INFO - Processing b3-sec-5.las
2024-12-05 18:20:08,139 - INFO - Loading data/fukushima/org/train/b3-sec-5.las
2024-12-05 18:20:09,183 - INFO - Loaded 5510570 points from b3-sec-5.las
2024-12-05 18:20:09,436 - INFO - Total points: 5510570, Iterations: 269
2024-12-05 18:20:46,719 - INFO - Created 537 blocks
2024-12-05 18:20:46,719 - INFO - Processing b3-sec-6.las
2024-12-05 18:20:46,719 - INFO - Loading data/fukushima/org/train/b3-sec-6.las
2024-12-05 18:20:46,878 - INFO - Loaded 782998 points from b3-sec-6.las
2024-12-05 18:20:46,898 - INFO - Total points: 782998, Iterations: 38
2024-12-05 18:20:47,566 - INFO - Created 76 blocks
2024-12-05 18:20:47,567 - INFO - Processing b3-sec-7.las
2024-12-05 18:20:47,567 - INFO - Loading data/fukushima/org/train/b3-sec-7.las
2024-12-05 18:20:48,064 - INFO - Loaded 2977107 points from b3-sec-7.las
2024-12-05 18:20:48,120 - INFO - Total points: 2977107, Iterations: 145
2024-12-05 18:20:56,884 - INFO - Created 285 blocks
2024-12-05 18:20:56,885 - INFO - Processing b4-sec-1.las
2024-12-05 18:20:56,885 - INFO - Loading data/fukushima/org/train/b4-sec-1.las
2024-12-05 18:20:57,374 - INFO - Loaded 2940412 points from b4-sec-1.las
2024-12-05 18:20:57,430 - INFO - Total points: 2940412, Iterations: 143
2024-12-05 18:21:06,861 - INFO - Created 283 blocks
2024-12-05 18:21:06,861 - INFO - Processing b4-sec-2.las
2024-12-05 18:21:06,862 - INFO - Loading data/fukushima/org/train/b4-sec-2.las
2024-12-05 18:21:07,747 - INFO - Loaded 5488366 points from b4-sec-2.las
2024-12-05 18:21:07,849 - INFO - Total points: 5488366, Iterations: 267
2024-12-05 18:21:41,948 - INFO - Created 534 blocks
2024-12-05 18:21:41,948 - INFO - Processing b4-sec-3.las
2024-12-05 18:21:41,948 - INFO - Loading data/fukushima/org/train/b4-sec-3.las
2024-12-05 18:21:42,767 - INFO - Loaded 5007760 points from b4-sec-3.las
2024-12-05 18:21:42,869 - INFO - Total points: 5007760, Iterations: 244
2024-12-05 18:22:11,956 - INFO - Created 488 blocks
2024-12-05 18:22:11,957 - INFO - Processing b4-sec-4.las
2024-12-05 18:22:11,957 - INFO - Loading data/fukushima/org/train/b4-sec-4.las
2024-12-05 18:22:12,769 - INFO - Loaded 4768525 points from b4-sec-4.las
2024-12-05 18:22:12,860 - INFO - Total points: 4768525, Iterations: 232
2024-12-05 18:22:38,595 - INFO - Created 463 blocks
2024-12-05 18:22:38,596 - INFO - Processing b4-sec-5.las
2024-12-05 18:22:38,596 - INFO - Loading data/fukushima/org/train/b4-sec-5.las
2024-12-05 18:22:38,968 - INFO - Loaded 1236681 points from b4-sec-5.las
2024-12-05 18:22:38,998 - INFO - Total points: 1236681, Iterations: 60
2024-12-05 18:22:40,575 - INFO - Created 120 blocks
2024-12-05 18:22:40,576 - INFO - Processing b4-sec-6.las
2024-12-05 18:22:40,576 - INFO - Loading data/fukushima/org/train/b4-sec-6.las
2024-12-05 18:22:40,776 - INFO - Loaded 1105262 points from b4-sec-6.las
2024-12-05 18:22:40,798 - INFO - Total points: 1105262, Iterations: 53
2024-12-05 18:22:41,970 - INFO - Created 105 blocks
2024-12-05 18:22:41,970 - INFO - Processing b4-sec-7.las
2024-12-05 18:22:41,971 - INFO - Loading data/fukushima/org/train/b4-sec-7.las
2024-12-05 18:22:42,388 - INFO - Loaded 2450481 points from b4-sec-7.las
2024-12-05 18:22:42,434 - INFO - Total points: 2450481, Iterations: 119
2024-12-05 18:22:48,110 - INFO - Created 238 blocks
2024-12-05 18:22:48,111 - INFO - Processing b5-sec-1.las
2024-12-05 18:22:48,111 - INFO - Loading data/fukushima/org/train/b5-sec-1.las
2024-12-05 18:22:48,822 - INFO - Loaded 2882767 points from b5-sec-1.las
2024-12-05 18:22:48,879 - INFO - Total points: 2882767, Iterations: 140
2024-12-05 18:22:56,885 - INFO - Created 275 blocks
2024-12-05 18:22:56,885 - INFO - Processing b5-sec-2.las
2024-12-05 18:22:56,885 - INFO - Loading data/fukushima/org/train/b5-sec-2.las
2024-12-05 18:22:57,225 - INFO - Loaded 1940238 points from b5-sec-2.las
2024-12-05 18:22:57,265 - INFO - Total points: 1940238, Iterations: 94
2024-12-05 18:23:00,861 - INFO - Created 186 blocks
2024-12-05 18:23:00,862 - INFO - Processing b5-sec-3.las
2024-12-05 18:23:00,862 - INFO - Loading data/fukushima/org/train/b5-sec-3.las
2024-12-05 18:23:01,390 - INFO - Loaded 3200932 points from b5-sec-3.las
2024-12-05 18:23:01,451 - INFO - Total points: 3200932, Iterations: 156
2024-12-05 18:23:11,284 - INFO - Created 307 blocks
2024-12-05 18:23:11,286 - INFO - Processing b5-sec-4.las
2024-12-05 18:23:11,286 - INFO - Loading data/fukushima/org/train/b5-sec-4.las
2024-12-05 18:23:11,778 - INFO - Loaded 3009024 points from b5-sec-4.las
2024-12-05 18:23:11,838 - INFO - Total points: 3009024, Iterations: 146
2024-12-05 18:23:20,839 - INFO - Created 283 blocks
2024-12-05 18:23:20,840 - INFO - Processing b5-sec-5.las
2024-12-05 18:23:20,840 - INFO - Loading data/fukushima/org/train/b5-sec-5.las
2024-12-05 18:23:21,284 - INFO - Loaded 2722650 points from b5-sec-5.las
2024-12-05 18:23:21,343 - INFO - Total points: 2722650, Iterations: 132
2024-12-05 18:23:28,930 - INFO - Created 251 blocks
2024-12-05 18:23:28,931 - INFO - Processing b5-sec-6.las
2024-12-05 18:23:28,931 - INFO - Loading data/fukushima/org/train/b5-sec-6.las
2024-12-05 18:23:29,482 - INFO - Loaded 3443527 points from b5-sec-6.las
2024-12-05 18:23:29,546 - INFO - Total points: 3443527, Iterations: 168
2024-12-05 18:23:41,746 - INFO - Created 328 blocks
2024-12-05 18:23:41,747 - INFO - Processing b6-sec-1.las
2024-12-05 18:23:41,747 - INFO - Loading data/fukushima/org/train/b6-sec-1.las
2024-12-05 18:23:42,785 - INFO - Loaded 5066592 points from b6-sec-1.las
2024-12-05 18:23:42,896 - INFO - Total points: 5066592, Iterations: 247
2024-12-05 18:24:12,980 - INFO - Created 489 blocks
2024-12-05 18:24:12,981 - INFO - Processing b6-sec-10.las
2024-12-05 18:24:12,981 - INFO - Loading data/fukushima/org/train/b6-sec-10.las
2024-12-05 18:24:13,251 - INFO - Loaded 1497501 points from b6-sec-10.las
2024-12-05 18:24:13,286 - INFO - Total points: 1497501, Iterations: 73
2024-12-05 18:24:15,450 - INFO - Created 146 blocks
2024-12-05 18:24:15,451 - INFO - Processing b6-sec-11.las
2024-12-05 18:24:15,451 - INFO - Loading data/fukushima/org/train/b6-sec-11.las
2024-12-05 18:24:15,512 - INFO - Loaded 316558 points from b6-sec-11.las
2024-12-05 18:24:15,521 - INFO - Total points: 316558, Iterations: 15
2024-12-05 18:24:15,742 - INFO - Created 28 blocks
2024-12-05 18:24:15,743 - INFO - Processing b6-sec-2.las
2024-12-05 18:24:15,743 - INFO - Loading data/fukushima/org/train/b6-sec-2.las
2024-12-05 18:24:16,967 - INFO - Loaded 7596534 points from b6-sec-2.las
2024-12-05 18:24:17,114 - INFO - Total points: 7596534, Iterations: 370
2024-12-05 18:25:43,438 - INFO - Created 738 blocks
2024-12-05 18:25:43,439 - INFO - Processing b6-sec-3.las
2024-12-05 18:25:43,439 - INFO - Loading data/fukushima/org/train/b6-sec-3.las
2024-12-05 18:25:44,170 - INFO - Loaded 4067268 points from b6-sec-3.las
2024-12-05 18:25:44,269 - INFO - Total points: 4067268, Iterations: 198
2024-12-05 18:26:02,723 - INFO - Created 395 blocks
2024-12-05 18:26:02,723 - INFO - Processing b6-sec-4.las
2024-12-05 18:26:02,723 - INFO - Loading data/fukushima/org/train/b6-sec-4.las
2024-12-05 18:26:03,335 - INFO - Loaded 2695891 points from b6-sec-4.las
2024-12-05 18:26:03,420 - INFO - Total points: 2695891, Iterations: 131
2024-12-05 18:26:11,730 - INFO - Created 262 blocks
2024-12-05 18:26:11,731 - INFO - Processing b6-sec-5.las
2024-12-05 18:26:11,731 - INFO - Loading data/fukushima/org/train/b6-sec-5.las
2024-12-05 18:26:13,031 - INFO - Loaded 6608209 points from b6-sec-5.las
2024-12-05 18:26:13,306 - INFO - Total points: 6608209, Iterations: 322
2024-12-05 18:27:13,124 - INFO - Created 643 blocks
2024-12-05 18:27:13,124 - INFO - Processing b6-sec-6.las
2024-12-05 18:27:13,124 - INFO - Loading data/fukushima/org/train/b6-sec-6.las
2024-12-05 18:27:13,311 - INFO - Loaded 976920 points from b6-sec-6.las
2024-12-05 18:27:13,338 - INFO - Total points: 976920, Iterations: 47
2024-12-05 18:27:14,314 - INFO - Created 93 blocks
2024-12-05 18:27:14,315 - INFO - Processing b6-sec-7.las
2024-12-05 18:27:14,315 - INFO - Loading data/fukushima/org/train/b6-sec-7.las
2024-12-05 18:27:14,885 - INFO - Loaded 3458878 points from b6-sec-7.las
2024-12-05 18:27:14,968 - INFO - Total points: 3458878, Iterations: 168
2024-12-05 18:27:28,531 - INFO - Created 334 blocks
2024-12-05 18:27:28,532 - INFO - Processing b6-sec-8.las
2024-12-05 18:27:28,533 - INFO - Loading data/fukushima/org/train/b6-sec-8.las
2024-12-05 18:27:28,815 - INFO - Loaded 1537172 points from b6-sec-8.las
2024-12-05 18:27:28,855 - INFO - Total points: 1537172, Iterations: 75
2024-12-05 18:27:31,720 - INFO - Created 150 blocks
2024-12-05 18:27:31,720 - INFO - Processing b6-sec-9.las
2024-12-05 18:27:31,721 - INFO - Loading data/fukushima/org/train/b6-sec-9.las
2024-12-05 18:27:32,512 - INFO - Loaded 4624499 points from b6-sec-9.las
2024-12-05 18:27:32,609 - INFO - Total points: 4624499, Iterations: 225
2024-12-05 18:27:59,824 - INFO - Created 450 blocks
2024-12-05 18:27:59,824 - INFO - Processing b8-sec-1.las
2024-12-05 18:27:59,824 - INFO - Loading data/fukushima/org/train/b8-sec-1.las
2024-12-05 18:28:00,182 - INFO - Loaded 1309571 points from b8-sec-1.las
2024-12-05 18:28:00,229 - INFO - Total points: 1309571, Iterations: 63
2024-12-05 18:28:02,102 - INFO - Created 124 blocks
2024-12-05 18:28:02,103 - INFO - Processing b8-sec-10.las
2024-12-05 18:28:02,103 - INFO - Loading data/fukushima/org/train/b8-sec-10.las
2024-12-05 18:28:02,798 - INFO - Loaded 3527857 points from b8-sec-10.las
2024-12-05 18:28:02,869 - INFO - Total points: 3527857, Iterations: 172
2024-12-05 18:28:16,244 - INFO - Created 344 blocks
2024-12-05 18:28:16,245 - INFO - Processing b8-sec-2.las
2024-12-05 18:28:16,245 - INFO - Loading data/fukushima/org/train/b8-sec-2.las
2024-12-05 18:28:16,878 - INFO - Loaded 3682779 points from b8-sec-2.las
2024-12-05 18:28:16,957 - INFO - Total points: 3682779, Iterations: 179
2024-12-05 18:28:31,155 - INFO - Created 358 blocks
2024-12-05 18:28:31,155 - INFO - Processing b8-sec-3.las
2024-12-05 18:28:31,155 - INFO - Loading data/fukushima/org/train/b8-sec-3.las
2024-12-05 18:28:32,295 - INFO - Loaded 6054963 points from b8-sec-3.las
2024-12-05 18:28:32,420 - INFO - Total points: 6054963, Iterations: 295
2024-12-05 18:29:17,691 - INFO - Created 590 blocks
2024-12-05 18:29:17,692 - INFO - Processing b8-sec-4.las
2024-12-05 18:29:17,692 - INFO - Loading data/fukushima/org/train/b8-sec-4.las
2024-12-05 18:29:18,178 - INFO - Loaded 2780263 points from b8-sec-4.las
2024-12-05 18:29:18,246 - INFO - Total points: 2780263, Iterations: 135
2024-12-05 18:29:27,193 - INFO - Created 270 blocks
2024-12-05 18:29:27,194 - INFO - Processing b8-sec-5.las
2024-12-05 18:29:27,194 - INFO - Loading data/fukushima/org/train/b8-sec-5.las
2024-12-05 18:29:27,562 - INFO - Loaded 2179716 points from b8-sec-5.las
2024-12-05 18:29:27,611 - INFO - Total points: 2179716, Iterations: 106
2024-12-05 18:29:32,023 - INFO - Created 211 blocks
2024-12-05 18:29:32,024 - INFO - Processing b8-sec-6.las
2024-12-05 18:29:32,024 - INFO - Loading data/fukushima/org/train/b8-sec-6.las
2024-12-05 18:29:32,521 - INFO - Loaded 1485631 points from b8-sec-6.las
2024-12-05 18:29:32,556 - INFO - Total points: 1485631, Iterations: 72
2024-12-05 18:29:35,021 - INFO - Created 144 blocks
2024-12-05 18:29:35,022 - INFO - Processing b8-sec-7.las
2024-12-05 18:29:35,022 - INFO - Loading data/fukushima/org/train/b8-sec-7.las
2024-12-05 18:29:35,412 - INFO - Loaded 2361554 points from b8-sec-7.las
2024-12-05 18:29:35,463 - INFO - Total points: 2361554, Iterations: 115
2024-12-05 18:29:41,441 - INFO - Created 230 blocks
2024-12-05 18:29:41,442 - INFO - Processing b8-sec-8.las
2024-12-05 18:29:41,442 - INFO - Loading data/fukushima/org/train/b8-sec-8.las
2024-12-05 18:29:42,810 - INFO - Loaded 3557242 points from b8-sec-8.las
2024-12-05 18:29:42,884 - INFO - Total points: 3557242, Iterations: 173
2024-12-05 18:29:57,978 - INFO - Created 346 blocks
2024-12-05 18:29:57,979 - INFO - Processing b8-sec-9.las
2024-12-05 18:29:57,979 - INFO - Loading data/fukushima/org/train/b8-sec-9.las
2024-12-05 18:29:58,374 - INFO - Loaded 2377497 points from b8-sec-9.las
2024-12-05 18:29:58,427 - INFO - Total points: 2377497, Iterations: 116
2024-12-05 18:30:05,290 - INFO - Created 231 blocks
2024-12-05 18:30:05,292 - INFO - Processing b9-sec-1.las
2024-12-05 18:30:05,292 - INFO - Loading data/fukushima/org/train/b9-sec-1.las
2024-12-05 18:30:05,812 - INFO - Loaded 2209816 points from b9-sec-1.las
2024-12-05 18:30:05,862 - INFO - Total points: 2209816, Iterations: 107
2024-12-05 18:30:10,635 - INFO - Created 212 blocks
2024-12-05 18:30:10,636 - INFO - Processing b9-sec-10.las
2024-12-05 18:30:10,636 - INFO - Loading data/fukushima/org/train/b9-sec-10.las
2024-12-05 18:30:11,712 - INFO - Loaded 4982371 points from b9-sec-10.las
2024-12-05 18:30:11,818 - INFO - Total points: 4982371, Iterations: 243
2024-12-05 18:30:41,590 - INFO - Created 486 blocks
2024-12-05 18:30:41,591 - INFO - Processing b9-sec-2.las
2024-12-05 18:30:41,591 - INFO - Loading data/fukushima/org/train/b9-sec-2.las
2024-12-05 18:30:43,649 - INFO - Loaded 11516294 points from b9-sec-2.las
2024-12-05 18:30:43,970 - INFO - Total points: 11516294, Iterations: 562
2024-12-05 18:34:24,411 - INFO - Created 1122 blocks
2024-12-05 18:34:24,412 - INFO - Processing b9-sec-3.las
2024-12-05 18:34:24,413 - INFO - Loading data/fukushima/org/train/b9-sec-3.las
2024-12-05 18:34:26,967 - INFO - Loaded 15632265 points from b9-sec-3.las
2024-12-05 18:34:27,298 - INFO - Total points: 15632265, Iterations: 763
2024-12-05 18:41:01,748 - INFO - Created 1524 blocks
2024-12-05 18:41:01,749 - INFO - Processing b9-sec-4.las
2024-12-05 18:41:01,749 - INFO - Loading data/fukushima/org/train/b9-sec-4.las
2024-12-05 18:41:03,112 - INFO - Loaded 8339903 points from b9-sec-4.las
2024-12-05 18:41:03,280 - INFO - Total points: 8339903, Iterations: 407
2024-12-05 18:42:26,807 - INFO - Created 811 blocks
2024-12-05 18:42:26,808 - INFO - Processing b9-sec-5.las
2024-12-05 18:42:26,809 - INFO - Loading data/fukushima/org/train/b9-sec-5.las
2024-12-05 18:42:27,035 - INFO - Loaded 1185858 points from b9-sec-5.las
2024-12-05 18:42:27,069 - INFO - Total points: 1185858, Iterations: 57
2024-12-05 18:42:28,610 - INFO - Created 111 blocks
2024-12-05 18:42:28,611 - INFO - Processing b9-sec-6.las
2024-12-05 18:42:28,611 - INFO - Loading data/fukushima/org/train/b9-sec-6.las
2024-12-05 18:42:29,693 - INFO - Loaded 6597349 points from b9-sec-6.las
2024-12-05 18:42:29,816 - INFO - Total points: 6597349, Iterations: 322
2024-12-05 18:43:17,012 - INFO - Created 644 blocks
2024-12-05 18:43:17,013 - INFO - Processing b9-sec-7.las
2024-12-05 18:43:17,013 - INFO - Loading data/fukushima/org/train/b9-sec-7.las
2024-12-05 18:43:17,876 - INFO - Loaded 5352815 points from b9-sec-7.las
2024-12-05 18:43:17,983 - INFO - Total points: 5352815, Iterations: 261
2024-12-05 18:43:46,497 - INFO - Created 522 blocks
2024-12-05 18:43:46,498 - INFO - Processing b9-sec-8.las
2024-12-05 18:43:46,498 - INFO - Loading data/fukushima/org/train/b9-sec-8.las
2024-12-05 18:43:46,627 - INFO - Loaded 647179 points from b9-sec-8.las
2024-12-05 18:43:46,643 - INFO - Total points: 647179, Iterations: 31
2024-12-05 18:43:47,180 - INFO - Created 61 blocks
2024-12-05 18:43:47,182 - INFO - Total blocks created: 19490
2024-12-05 18:43:47,182 - INFO - Saving cache to: data/fukushima/org/train//cache\dataset_cache_points4096_size1.0_rate0.2_transformTrue_hash9fcf1b57.pt
2024-12-05 18:55:25,049 - INFO - Cache saved with 19490 blocks
2024-12-05 18:55:25,052 - INFO - reading train data
2024-12-05 18:55:25,053 - INFO - No cache found. Processing dataset...
2024-12-05 18:55:25,054 - INFO - Found 12 las files:
2024-12-05 18:55:25,054 - INFO -   - b1-sec-1.las
2024-12-05 18:55:25,054 - INFO -   - b1-sec-2.las
2024-12-05 18:55:25,054 - INFO -   - b1-sec-4.las
2024-12-05 18:55:25,054 - INFO -   - b1-sec-5.las
2024-12-05 18:55:25,054 - INFO -   - b2-sec-1.las
2024-12-05 18:55:25,054 - INFO -   - b2-sec-2.las
2024-12-05 18:55:25,054 - INFO -   - b2-sec-4.las
2024-12-05 18:55:25,054 - INFO -   - b2-sec-5.las
2024-12-05 18:55:25,054 - INFO -   - b2-sec-6.las
2024-12-05 18:55:25,054 - INFO -   - b7-sec-1.las
2024-12-05 18:55:25,054 - INFO -   - b7-sec-3.las
2024-12-05 18:55:25,054 - INFO -   - b7-sec-4.las
2024-12-05 18:55:25,055 - INFO - Processing b1-sec-1.las
2024-12-05 18:55:25,055 - INFO - Loading data/fukushima/org/val/b1-sec-1.las
2024-12-05 18:55:25,265 - INFO - Loaded 985322 points from b1-sec-1.las
2024-12-05 18:55:25,288 - INFO - Total points: 985322, Iterations: 72
2024-12-05 18:55:27,421 - INFO - Created 144 blocks
2024-12-05 18:55:27,423 - INFO - Processing b1-sec-2.las
2024-12-05 18:55:27,423 - INFO - Loading data/fukushima/org/val/b1-sec-2.las
2024-12-05 18:55:27,730 - INFO - Loaded 1809764 points from b1-sec-2.las
2024-12-05 18:55:27,770 - INFO - Total points: 1809764, Iterations: 132
2024-12-05 18:55:33,114 - INFO - Created 264 blocks
2024-12-05 18:55:33,115 - INFO - Processing b1-sec-4.las
2024-12-05 18:55:33,115 - INFO - Loading data/fukushima/org/val/b1-sec-4.las
2024-12-05 18:55:33,412 - INFO - Loaded 1060372 points from b1-sec-4.las
2024-12-05 18:55:33,445 - INFO - Total points: 1060372, Iterations: 77
2024-12-05 18:55:35,473 - INFO - Created 154 blocks
2024-12-05 18:55:35,474 - INFO - Processing b1-sec-5.las
2024-12-05 18:55:35,474 - INFO - Loading data/fukushima/org/val/b1-sec-5.las
2024-12-05 18:55:35,755 - INFO - Loaded 1637720 points from b1-sec-5.las
2024-12-05 18:55:35,789 - INFO - Total points: 1637720, Iterations: 119
2024-12-05 18:55:40,313 - INFO - Created 238 blocks
2024-12-05 18:55:40,315 - INFO - Processing b2-sec-1.las
2024-12-05 18:55:40,315 - INFO - Loading data/fukushima/org/val/b2-sec-1.las
2024-12-05 18:55:40,364 - INFO - Loaded 1624940 points from b2-sec-1.las
2024-12-05 18:55:40,620 - INFO - Total points: 1624940, Iterations: 119
2024-12-05 18:55:44,861 - INFO - Created 234 blocks
2024-12-05 18:55:44,861 - INFO - Processing b2-sec-2.las
2024-12-05 18:55:44,861 - INFO - Loading data/fukushima/org/val/b2-sec-2.las
2024-12-05 18:55:44,940 - INFO - Loaded 2170234 points from b2-sec-2.las
2024-12-05 18:55:44,982 - INFO - Total points: 2170234, Iterations: 158
2024-12-05 18:55:52,178 - INFO - Created 316 blocks
2024-12-05 18:55:52,179 - INFO - Processing b2-sec-4.las
2024-12-05 18:55:52,179 - INFO - Loading data/fukushima/org/val/b2-sec-4.las
2024-12-05 18:55:52,262 - INFO - Loaded 2747352 points from b2-sec-4.las
2024-12-05 18:55:52,318 - INFO - Total points: 2747352, Iterations: 201
2024-12-05 18:56:03,759 - INFO - Created 402 blocks
2024-12-05 18:56:03,760 - INFO - Processing b2-sec-5.las
2024-12-05 18:56:03,760 - INFO - Loading data/fukushima/org/val/b2-sec-5.las
2024-12-05 18:56:03,778 - INFO - Loaded 469428 points from b2-sec-5.las
2024-12-05 18:56:03,791 - INFO - Total points: 469428, Iterations: 34
2024-12-05 18:56:04,527 - INFO - Created 68 blocks
2024-12-05 18:56:04,528 - INFO - Processing b2-sec-6.las
2024-12-05 18:56:04,528 - INFO - Loading data/fukushima/org/val/b2-sec-6.las
2024-12-05 18:56:04,573 - INFO - Loaded 1463705 points from b2-sec-6.las
2024-12-05 18:56:04,602 - INFO - Total points: 1463705, Iterations: 107
2024-12-05 18:56:08,174 - INFO - Created 214 blocks
2024-12-05 18:56:08,175 - INFO - Processing b7-sec-1.las
2024-12-05 18:56:08,175 - INFO - Loading data/fukushima/org/val/b7-sec-1.las
2024-12-05 18:56:08,849 - INFO - Loaded 4053707 points from b7-sec-1.las
2024-12-05 18:56:08,930 - INFO - Total points: 4053707, Iterations: 296
2024-12-05 18:56:31,605 - INFO - Created 592 blocks
2024-12-05 18:56:31,606 - INFO - Processing b7-sec-3.las
2024-12-05 18:56:31,606 - INFO - Loading data/fukushima/org/val/b7-sec-3.las
2024-12-05 18:56:32,568 - INFO - Loaded 5897809 points from b7-sec-3.las
2024-12-05 18:56:32,685 - INFO - Total points: 5897809, Iterations: 431
2024-12-05 18:57:24,195 - INFO - Created 862 blocks
2024-12-05 18:57:24,196 - INFO - Processing b7-sec-4.las
2024-12-05 18:57:24,196 - INFO - Loading data/fukushima/org/val/b7-sec-4.las
2024-12-05 18:57:25,064 - INFO - Loaded 3928801 points from b7-sec-4.las
2024-12-05 18:57:25,144 - INFO - Total points: 3928801, Iterations: 287
2024-12-05 18:57:47,251 - INFO - Created 574 blocks
2024-12-05 18:57:47,253 - INFO - Total blocks created: 4062
2024-12-05 18:57:47,257 - INFO - Saving cache to: data/fukushima/org/val//cache\dataset_cache_points4096_size1.0_rate0.3_transformFalse_hash6525dc81.pt
2024-12-05 18:59:10,882 - INFO - Cache saved with 4062 blocks
2024-12-05 18:59:10,884 - INFO - reading val data
2024-12-05 18:59:10,885 - INFO - Train dataset size: 19490
2024-12-05 18:59:10,885 - INFO - Val dataset size: 4062
2024-12-05 18:59:12,037 - INFO - Total samples is: <torch.utils.data.dataloader.DataLoader object at 0x000001FAA3BE3800>
2024-12-05 19:15:11,167 - INFO - Validation parameter calculation time: 0:00:00.007051
2024-12-05 19:15:11,168 - INFO - 
Epoch 1/500:
2024-12-05 19:15:11,168 - INFO - Train Loss: 0.5507, Train Acc: 79.09%
2024-12-05 19:15:11,168 - INFO - Val Loss: 0.8334, Val Acc: 70.28%
2024-12-05 19:15:11,169 - INFO - Class 0 Accuracy: 51.87%
2024-12-05 19:15:11,169 - INFO - Class 1 Accuracy: 53.57%
2024-12-05 19:15:11,170 - INFO - Class 2 Accuracy: 66.06%
2024-12-05 19:15:11,170 - INFO - Class 3 Accuracy: 49.26%
2024-12-05 19:15:11,171 - INFO - Class 4 Accuracy: 96.43%
2024-12-05 19:15:11,237 - INFO - Saved best model with accuracy: 70.28%
2024-12-05 19:15:11,299 - INFO - Saved checkpoint at epoch 1
2024-12-05 19:15:11,300 - INFO - Total samples is: <torch.utils.data.dataloader.DataLoader object at 0x000001FAA3BE3800>
2024-12-05 19:31:11,713 - INFO - Validation parameter calculation time: 0:00:00.007864
2024-12-05 19:31:11,713 - INFO - 
Epoch 2/500:
2024-12-05 19:31:11,713 - INFO - Train Loss: 0.3294, Train Acc: 87.67%
2024-12-05 19:31:11,713 - INFO - Val Loss: 0.4317, Val Acc: 83.81%
2024-12-05 19:31:11,714 - INFO - Class 0 Accuracy: 54.50%
2024-12-05 19:31:11,714 - INFO - Class 1 Accuracy: 79.17%
2024-12-05 19:31:11,714 - INFO - Class 2 Accuracy: 91.56%
2024-12-05 19:31:11,715 - INFO - Class 3 Accuracy: 82.78%
2024-12-05 19:31:11,715 - INFO - Class 4 Accuracy: 96.47%
2024-12-05 19:31:11,783 - INFO - Saved best model with accuracy: 83.81%
2024-12-05 19:31:11,848 - INFO - Saved checkpoint at epoch 2
2024-12-05 19:31:11,851 - INFO - Total samples is: <torch.utils.data.dataloader.DataLoader object at 0x000001FAA3BE3800>
2024-12-05 19:47:12,482 - INFO - Validation parameter calculation time: 0:00:00.006047
2024-12-05 19:47:12,482 - INFO - 
Epoch 3/500:
2024-12-05 19:47:12,482 - INFO - Train Loss: 0.2779, Train Acc: 89.50%
2024-12-05 19:47:12,482 - INFO - Val Loss: 0.5836, Val Acc: 80.88%
2024-12-05 19:47:12,484 - INFO - Class 0 Accuracy: 83.93%
2024-12-05 19:47:12,485 - INFO - Class 1 Accuracy: 65.47%
2024-12-05 19:47:12,485 - INFO - Class 2 Accuracy: 86.92%
2024-12-05 19:47:12,485 - INFO - Class 3 Accuracy: 81.31%
2024-12-05 19:47:12,486 - INFO - Class 4 Accuracy: 91.76%
2024-12-05 19:47:12,557 - INFO - Saved checkpoint at epoch 3
2024-12-05 19:47:12,558 - INFO - Total samples is: <torch.utils.data.dataloader.DataLoader object at 0x000001FAA3BE3800>
2024-12-05 20:03:13,666 - INFO - Validation parameter calculation time: 0:00:00.006895
2024-12-05 20:03:13,666 - INFO - 
Epoch 4/500:
2024-12-05 20:03:13,666 - INFO - Train Loss: 0.2647, Train Acc: 90.01%
2024-12-05 20:03:13,666 - INFO - Val Loss: 0.3366, Val Acc: 87.47%
2024-12-05 20:03:13,667 - INFO - Class 0 Accuracy: 63.33%
2024-12-05 20:03:13,667 - INFO - Class 1 Accuracy: 90.81%
2024-12-05 20:03:13,668 - INFO - Class 2 Accuracy: 85.93%
2024-12-05 20:03:13,668 - INFO - Class 3 Accuracy: 76.61%
2024-12-05 20:03:13,669 - INFO - Class 4 Accuracy: 95.15%
2024-12-05 20:03:13,736 - INFO - Saved best model with accuracy: 87.47%
2024-12-05 20:03:13,801 - INFO - Saved checkpoint at epoch 4
2024-12-05 20:03:13,801 - INFO - Total samples is: <torch.utils.data.dataloader.DataLoader object at 0x000001FAA3BE3800>
2024-12-05 20:19:13,485 - INFO - Validation parameter calculation time: 0:00:00.006102
2024-12-05 20:19:13,486 - INFO - 
Epoch 5/500:
2024-12-05 20:19:13,486 - INFO - Train Loss: 0.2500, Train Acc: 90.62%
2024-12-05 20:19:13,486 - INFO - Val Loss: 0.3178, Val Acc: 87.96%
2024-12-05 20:19:13,487 - INFO - Class 0 Accuracy: 78.18%
2024-12-05 20:19:13,488 - INFO - Class 1 Accuracy: 85.99%
2024-12-05 20:19:13,488 - INFO - Class 2 Accuracy: 85.90%
2024-12-05 20:19:13,489 - INFO - Class 3 Accuracy: 92.49%
2024-12-05 20:19:13,489 - INFO - Class 4 Accuracy: 93.79%
2024-12-05 20:19:13,563 - INFO - Saved best model with accuracy: 87.96%
2024-12-05 20:19:13,629 - INFO - Saved checkpoint at epoch 5
2024-12-05 20:19:13,630 - INFO - Total samples is: <torch.utils.data.dataloader.DataLoader object at 0x000001FAA3BE3800>
2024-12-05 20:35:13,756 - INFO - Validation parameter calculation time: 0:00:00.006570
2024-12-05 20:35:13,757 - INFO - 
Epoch 6/500:
2024-12-05 20:35:13,757 - INFO - Train Loss: 0.2347, Train Acc: 91.11%
2024-12-05 20:35:13,757 - INFO - Val Loss: 0.3608, Val Acc: 86.86%
2024-12-05 20:35:13,757 - INFO - Class 0 Accuracy: 75.84%
2024-12-05 20:35:13,758 - INFO - Class 1 Accuracy: 81.57%
2024-12-05 20:35:13,758 - INFO - Class 2 Accuracy: 86.91%
2024-12-05 20:35:13,759 - INFO - Class 3 Accuracy: 91.49%
2024-12-05 20:35:13,759 - INFO - Class 4 Accuracy: 95.47%
2024-12-05 20:35:13,828 - INFO - Saved checkpoint at epoch 6
2024-12-05 20:35:13,830 - INFO - Total samples is: <torch.utils.data.dataloader.DataLoader object at 0x000001FAA3BE3800>
2024-12-05 20:51:15,100 - INFO - Validation parameter calculation time: 0:00:00.006024
2024-12-05 20:51:15,100 - INFO - 
Epoch 7/500:
2024-12-05 20:51:15,100 - INFO - Train Loss: 0.2257, Train Acc: 91.54%
2024-12-05 20:51:15,100 - INFO - Val Loss: 0.4314, Val Acc: 83.98%
2024-12-05 20:51:15,100 - INFO - Class 0 Accuracy: 60.18%
2024-12-05 20:51:15,101 - INFO - Class 1 Accuracy: 92.51%
2024-12-05 20:51:15,101 - INFO - Class 2 Accuracy: 72.79%
2024-12-05 20:51:15,102 - INFO - Class 3 Accuracy: 86.01%
2024-12-05 20:51:15,102 - INFO - Class 4 Accuracy: 89.01%
2024-12-05 20:51:15,175 - INFO - Saved checkpoint at epoch 7
2024-12-05 20:51:15,177 - INFO - Total samples is: <torch.utils.data.dataloader.DataLoader object at 0x000001FAA3BE3800>
2024-12-05 21:07:17,562 - INFO - Validation parameter calculation time: 0:00:00.006026
2024-12-05 21:07:17,563 - INFO - 
Epoch 8/500:
2024-12-05 21:07:17,563 - INFO - Train Loss: 0.2246, Train Acc: 91.65%
2024-12-05 21:07:17,563 - INFO - Val Loss: 0.2696, Val Acc: 90.51%
2024-12-05 21:07:17,563 - INFO - Class 0 Accuracy: 79.01%
2024-12-05 21:07:17,564 - INFO - Class 1 Accuracy: 94.52%
2024-12-05 21:07:17,564 - INFO - Class 2 Accuracy: 88.14%
2024-12-05 21:07:17,564 - INFO - Class 3 Accuracy: 83.97%
2024-12-05 21:07:17,565 - INFO - Class 4 Accuracy: 92.67%
2024-12-05 21:07:17,635 - INFO - Saved best model with accuracy: 90.51%
2024-12-05 21:07:17,709 - INFO - Saved checkpoint at epoch 8
2024-12-05 21:07:17,711 - INFO - Total samples is: <torch.utils.data.dataloader.DataLoader object at 0x000001FAA3BE3800>
2024-12-05 21:23:19,893 - INFO - Validation parameter calculation time: 0:00:00.006519
2024-12-05 21:23:19,895 - INFO - 
Epoch 9/500:
2024-12-05 21:23:19,895 - INFO - Train Loss: 0.2122, Train Acc: 91.96%
2024-12-05 21:23:19,895 - INFO - Val Loss: 0.3690, Val Acc: 87.01%
2024-12-05 21:23:19,896 - INFO - Class 0 Accuracy: 73.76%
2024-12-05 21:23:19,897 - INFO - Class 1 Accuracy: 82.49%
2024-12-05 21:23:19,898 - INFO - Class 2 Accuracy: 88.17%
2024-12-05 21:23:19,898 - INFO - Class 3 Accuracy: 91.13%
2024-12-05 21:23:19,899 - INFO - Class 4 Accuracy: 95.41%
2024-12-05 21:23:19,985 - INFO - Saved checkpoint at epoch 9
2024-12-05 21:23:19,987 - INFO - Total samples is: <torch.utils.data.dataloader.DataLoader object at 0x000001FAA3BE3800>
2024-12-05 21:39:22,008 - INFO - Validation parameter calculation time: 0:00:00.006012
2024-12-05 21:39:22,008 - INFO - 
Epoch 10/500:
2024-12-05 21:39:22,008 - INFO - Train Loss: 0.2106, Train Acc: 92.10%
2024-12-05 21:39:22,008 - INFO - Val Loss: 0.3221, Val Acc: 88.61%
2024-12-05 21:39:22,010 - INFO - Class 0 Accuracy: 87.46%
2024-12-05 21:39:22,010 - INFO - Class 1 Accuracy: 84.08%
2024-12-05 21:39:22,011 - INFO - Class 2 Accuracy: 89.83%
2024-12-05 21:39:22,012 - INFO - Class 3 Accuracy: 86.77%
2024-12-05 21:39:22,012 - INFO - Class 4 Accuracy: 92.98%
2024-12-05 21:39:22,082 - INFO - Saved checkpoint at epoch 10
2024-12-05 21:39:22,083 - INFO - Total samples is: <torch.utils.data.dataloader.DataLoader object at 0x000001FAA3BE3800>
2024-12-05 21:55:24,776 - INFO - Validation parameter calculation time: 0:00:00.007022
2024-12-05 21:55:24,776 - INFO - 
Epoch 11/500:
2024-12-05 21:55:24,776 - INFO - Train Loss: 0.2076, Train Acc: 92.22%
2024-12-05 21:55:24,776 - INFO - Val Loss: 0.3109, Val Acc: 89.12%
2024-12-05 21:55:24,777 - INFO - Class 0 Accuracy: 83.51%
2024-12-05 21:55:24,777 - INFO - Class 1 Accuracy: 86.75%
2024-12-05 21:55:24,778 - INFO - Class 2 Accuracy: 86.94%
2024-12-05 21:55:24,778 - INFO - Class 3 Accuracy: 91.38%
2024-12-05 21:55:24,779 - INFO - Class 4 Accuracy: 94.04%
2024-12-05 21:55:24,850 - INFO - Saved checkpoint at epoch 11
2024-12-05 21:55:24,852 - INFO - Total samples is: <torch.utils.data.dataloader.DataLoader object at 0x000001FAA3BE3800>
2024-12-05 22:11:26,053 - INFO - Validation parameter calculation time: 0:00:00.006528
2024-12-05 22:11:26,054 - INFO - 
Epoch 12/500:
2024-12-05 22:11:26,054 - INFO - Train Loss: 0.2026, Train Acc: 92.35%
2024-12-05 22:11:26,054 - INFO - Val Loss: 0.2558, Val Acc: 90.95%
2024-12-05 22:11:26,054 - INFO - Class 0 Accuracy: 77.74%
2024-12-05 22:11:26,055 - INFO - Class 1 Accuracy: 94.99%
2024-12-05 22:11:26,055 - INFO - Class 2 Accuracy: 84.27%
2024-12-05 22:11:26,055 - INFO - Class 3 Accuracy: 81.61%
2024-12-05 22:11:26,056 - INFO - Class 4 Accuracy: 95.60%
2024-12-05 22:11:26,125 - INFO - Saved best model with accuracy: 90.95%
2024-12-05 22:11:26,214 - INFO - Saved checkpoint at epoch 12
2024-12-05 22:11:26,214 - INFO - Total samples is: <torch.utils.data.dataloader.DataLoader object at 0x000001FAA3BE3800>
2024-12-05 22:27:27,182 - INFO - Validation parameter calculation time: 0:00:00.006927
2024-12-05 22:27:27,183 - INFO - 
Epoch 13/500:
2024-12-05 22:27:27,183 - INFO - Train Loss: 0.1968, Train Acc: 92.58%
2024-12-05 22:27:27,183 - INFO - Val Loss: 0.3019, Val Acc: 88.97%
2024-12-05 22:27:27,184 - INFO - Class 0 Accuracy: 79.07%
2024-12-05 22:27:27,185 - INFO - Class 1 Accuracy: 93.50%
2024-12-05 22:27:27,185 - INFO - Class 2 Accuracy: 86.06%
2024-12-05 22:27:27,186 - INFO - Class 3 Accuracy: 79.70%
2024-12-05 22:27:27,186 - INFO - Class 4 Accuracy: 90.54%
2024-12-05 22:27:27,258 - INFO - Saved checkpoint at epoch 13
2024-12-05 22:27:27,259 - INFO - Total samples is: <torch.utils.data.dataloader.DataLoader object at 0x000001FAA3BE3800>
2024-12-05 22:43:29,684 - INFO - Validation parameter calculation time: 0:00:00.006521
2024-12-05 22:43:29,684 - INFO - 
Epoch 14/500:
2024-12-05 22:43:29,685 - INFO - Train Loss: 0.1998, Train Acc: 92.54%
2024-12-05 22:43:29,685 - INFO - Val Loss: 0.3884, Val Acc: 87.27%
2024-12-05 22:43:29,685 - INFO - Class 0 Accuracy: 82.93%
2024-12-05 22:43:29,686 - INFO - Class 1 Accuracy: 80.18%
2024-12-05 22:43:29,686 - INFO - Class 2 Accuracy: 87.40%
2024-12-05 22:43:29,687 - INFO - Class 3 Accuracy: 88.09%
2024-12-05 22:43:29,687 - INFO - Class 4 Accuracy: 95.37%
2024-12-05 22:43:29,765 - INFO - Saved checkpoint at epoch 14
2024-12-05 22:43:29,765 - INFO - Total samples is: <torch.utils.data.dataloader.DataLoader object at 0x000001FAA3BE3800>
2024-12-05 22:59:32,371 - INFO - Validation parameter calculation time: 0:00:00.007049
2024-12-05 22:59:32,371 - INFO - 
Epoch 15/500:
2024-12-05 22:59:32,372 - INFO - Train Loss: 0.1847, Train Acc: 93.10%
2024-12-05 22:59:32,372 - INFO - Val Loss: 0.2701, Val Acc: 90.33%
2024-12-05 22:59:32,372 - INFO - Class 0 Accuracy: 84.75%
2024-12-05 22:59:32,373 - INFO - Class 1 Accuracy: 91.13%
2024-12-05 22:59:32,373 - INFO - Class 2 Accuracy: 83.88%
2024-12-05 22:59:32,374 - INFO - Class 3 Accuracy: 87.88%
2024-12-05 22:59:32,374 - INFO - Class 4 Accuracy: 94.33%
2024-12-05 22:59:32,453 - INFO - Saved checkpoint at epoch 15
2024-12-05 22:59:32,453 - INFO - Total samples is: <torch.utils.data.dataloader.DataLoader object at 0x000001FAA3BE3800>
2024-12-05 23:15:42,999 - INFO - Validation parameter calculation time: 0:00:00.006031
2024-12-05 23:15:43,000 - INFO - 
Epoch 16/500:
2024-12-05 23:15:43,000 - INFO - Train Loss: 0.1865, Train Acc: 93.06%
2024-12-05 23:15:43,000 - INFO - Val Loss: 0.3081, Val Acc: 88.75%
2024-12-05 23:15:43,001 - INFO - Class 0 Accuracy: 76.27%
2024-12-05 23:15:43,001 - INFO - Class 1 Accuracy: 87.35%
2024-12-05 23:15:43,002 - INFO - Class 2 Accuracy: 86.70%
2024-12-05 23:15:43,003 - INFO - Class 3 Accuracy: 88.00%
2024-12-05 23:15:43,003 - INFO - Class 4 Accuracy: 95.63%
2024-12-05 23:15:43,077 - INFO - Saved checkpoint at epoch 16
2024-12-05 23:15:43,078 - INFO - Total samples is: <torch.utils.data.dataloader.DataLoader object at 0x000001FAA3BE3800>
2024-12-05 23:32:05,946 - INFO - Validation parameter calculation time: 0:00:00.006032
2024-12-05 23:32:05,946 - INFO - 
Epoch 17/500:
2024-12-05 23:32:05,946 - INFO - Train Loss: 0.1837, Train Acc: 93.12%
2024-12-05 23:32:05,946 - INFO - Val Loss: 0.3202, Val Acc: 88.58%
2024-12-05 23:32:05,947 - INFO - Class 0 Accuracy: 90.37%
2024-12-05 23:32:05,947 - INFO - Class 1 Accuracy: 88.33%
2024-12-05 23:32:05,948 - INFO - Class 2 Accuracy: 82.13%
2024-12-05 23:32:05,949 - INFO - Class 3 Accuracy: 90.45%
2024-12-05 23:32:05,950 - INFO - Class 4 Accuracy: 90.34%
2024-12-05 23:32:06,032 - INFO - Saved checkpoint at epoch 17
2024-12-05 23:32:06,032 - INFO - Total samples is: <torch.utils.data.dataloader.DataLoader object at 0x000001FAA3BE3800>
2024-12-05 23:48:08,475 - INFO - Validation parameter calculation time: 0:00:00.006015
2024-12-05 23:48:08,475 - INFO - 
Epoch 18/500:
2024-12-05 23:48:08,475 - INFO - Train Loss: 0.1783, Train Acc: 93.35%
2024-12-05 23:48:08,475 - INFO - Val Loss: 0.3000, Val Acc: 89.30%
2024-12-05 23:48:08,476 - INFO - Class 0 Accuracy: 71.10%
2024-12-05 23:48:08,476 - INFO - Class 1 Accuracy: 91.72%
2024-12-05 23:48:08,477 - INFO - Class 2 Accuracy: 84.37%
2024-12-05 23:48:08,477 - INFO - Class 3 Accuracy: 87.97%
2024-12-05 23:48:08,478 - INFO - Class 4 Accuracy: 95.91%
2024-12-05 23:48:08,553 - INFO - Saved checkpoint at epoch 18
2024-12-05 23:48:08,554 - INFO - Total samples is: <torch.utils.data.dataloader.DataLoader object at 0x000001FAA3BE3800>
2024-12-06 00:04:09,817 - INFO - Validation parameter calculation time: 0:00:00.006569
2024-12-06 00:04:09,818 - INFO - 
Epoch 19/500:
2024-12-06 00:04:09,818 - INFO - Train Loss: 0.1450, Train Acc: 94.55%
2024-12-06 00:04:09,818 - INFO - Val Loss: 0.3138, Val Acc: 89.02%
2024-12-06 00:04:09,818 - INFO - Class 0 Accuracy: 92.05%
2024-12-06 00:04:09,819 - INFO - Class 1 Accuracy: 85.14%
2024-12-06 00:04:09,819 - INFO - Class 2 Accuracy: 87.08%
2024-12-06 00:04:09,820 - INFO - Class 3 Accuracy: 88.42%
2024-12-06 00:04:09,820 - INFO - Class 4 Accuracy: 92.28%
2024-12-06 00:04:09,891 - INFO - Saved checkpoint at epoch 19
2024-12-06 00:04:09,892 - INFO - Total samples is: <torch.utils.data.dataloader.DataLoader object at 0x000001FAA3BE3800>
2024-12-06 00:20:19,766 - INFO - Validation parameter calculation time: 0:00:00.006628
2024-12-06 00:20:19,767 - INFO - 
Epoch 20/500:
2024-12-06 00:20:19,767 - INFO - Train Loss: 0.1366, Train Acc: 94.87%
2024-12-06 00:20:19,767 - INFO - Val Loss: 0.2415, Val Acc: 91.50%
2024-12-06 00:20:19,767 - INFO - Class 0 Accuracy: 85.05%
2024-12-06 00:20:19,768 - INFO - Class 1 Accuracy: 92.12%
2024-12-06 00:20:19,768 - INFO - Class 2 Accuracy: 88.00%
2024-12-06 00:20:19,769 - INFO - Class 3 Accuracy: 91.52%
2024-12-06 00:20:19,770 - INFO - Class 4 Accuracy: 94.67%
2024-12-06 00:20:19,846 - INFO - Saved best model with accuracy: 91.50%
2024-12-06 00:20:19,914 - INFO - Saved checkpoint at epoch 20
2024-12-06 00:20:19,916 - INFO - Total samples is: <torch.utils.data.dataloader.DataLoader object at 0x000001FAA3BE3800>
2024-12-06 00:37:14,617 - INFO - Validation parameter calculation time: 0:00:00.006505
2024-12-06 00:37:14,617 - INFO - 
Epoch 21/500:
2024-12-06 00:37:14,617 - INFO - Train Loss: 0.1341, Train Acc: 95.01%
2024-12-06 00:37:14,618 - INFO - Val Loss: 0.2349, Val Acc: 92.05%
2024-12-06 00:37:14,619 - INFO - Class 0 Accuracy: 86.92%
2024-12-06 00:37:14,619 - INFO - Class 1 Accuracy: 92.47%
2024-12-06 00:37:14,620 - INFO - Class 2 Accuracy: 87.47%
2024-12-06 00:37:14,620 - INFO - Class 3 Accuracy: 90.50%
2024-12-06 00:37:14,621 - INFO - Class 4 Accuracy: 95.45%
2024-12-06 00:37:14,691 - INFO - Saved best model with accuracy: 92.05%
2024-12-06 00:37:14,761 - INFO - Saved checkpoint at epoch 21
2024-12-06 00:37:14,763 - INFO - Total samples is: <torch.utils.data.dataloader.DataLoader object at 0x000001FAA3BE3800>
2024-12-06 00:53:32,617 - INFO - Validation parameter calculation time: 0:00:00.006513
2024-12-06 00:53:32,617 - INFO - 
Epoch 22/500:
2024-12-06 00:53:32,617 - INFO - Train Loss: 0.1311, Train Acc: 95.10%
2024-12-06 00:53:32,617 - INFO - Val Loss: 0.2274, Val Acc: 92.14%
2024-12-06 00:53:32,618 - INFO - Class 0 Accuracy: 87.06%
2024-12-06 00:53:32,618 - INFO - Class 1 Accuracy: 93.23%
2024-12-06 00:53:32,619 - INFO - Class 2 Accuracy: 87.34%
2024-12-06 00:53:32,619 - INFO - Class 3 Accuracy: 91.54%
2024-12-06 00:53:32,620 - INFO - Class 4 Accuracy: 94.89%
2024-12-06 00:53:32,687 - INFO - Saved best model with accuracy: 92.14%
2024-12-06 00:53:32,751 - INFO - Saved checkpoint at epoch 22
2024-12-06 00:53:32,753 - INFO - Total samples is: <torch.utils.data.dataloader.DataLoader object at 0x000001FAA3BE3800>
2024-12-06 01:09:33,680 - INFO - Validation parameter calculation time: 0:00:00.006513
2024-12-06 01:09:33,681 - INFO - 
Epoch 23/500:
2024-12-06 01:09:33,681 - INFO - Train Loss: 0.1267, Train Acc: 95.26%
2024-12-06 01:09:33,681 - INFO - Val Loss: 0.2374, Val Acc: 91.93%
2024-12-06 01:09:33,682 - INFO - Class 0 Accuracy: 89.11%
2024-12-06 01:09:33,682 - INFO - Class 1 Accuracy: 92.25%
2024-12-06 01:09:33,683 - INFO - Class 2 Accuracy: 88.52%
2024-12-06 01:09:33,683 - INFO - Class 3 Accuracy: 90.37%
2024-12-06 01:09:33,684 - INFO - Class 4 Accuracy: 94.13%
2024-12-06 01:09:33,751 - INFO - Saved checkpoint at epoch 23
2024-12-06 01:09:33,753 - INFO - Total samples is: <torch.utils.data.dataloader.DataLoader object at 0x000001FAA3BE3800>
2024-12-06 01:25:34,936 - INFO - Validation parameter calculation time: 0:00:00.007018
2024-12-06 01:25:34,936 - INFO - 
Epoch 24/500:
2024-12-06 01:25:34,936 - INFO - Train Loss: 0.1275, Train Acc: 95.24%
2024-12-06 01:25:34,936 - INFO - Val Loss: 0.2797, Val Acc: 90.78%
2024-12-06 01:25:34,936 - INFO - Class 0 Accuracy: 91.46%
2024-12-06 01:25:34,937 - INFO - Class 1 Accuracy: 88.56%
2024-12-06 01:25:34,938 - INFO - Class 2 Accuracy: 86.74%
2024-12-06 01:25:34,938 - INFO - Class 3 Accuracy: 92.98%
2024-12-06 01:25:34,939 - INFO - Class 4 Accuracy: 93.85%
2024-12-06 01:25:35,007 - INFO - Saved checkpoint at epoch 24
2024-12-06 01:25:35,009 - INFO - Total samples is: <torch.utils.data.dataloader.DataLoader object at 0x000001FAA3BE3800>
2024-12-06 01:41:36,474 - INFO - Validation parameter calculation time: 0:00:00.006508
2024-12-06 01:41:36,474 - INFO - 
Epoch 25/500:
2024-12-06 01:41:36,474 - INFO - Train Loss: 0.1238, Train Acc: 95.37%
2024-12-06 01:41:36,474 - INFO - Val Loss: 0.2388, Val Acc: 91.85%
2024-12-06 01:41:36,475 - INFO - Class 0 Accuracy: 89.08%
2024-12-06 01:41:36,476 - INFO - Class 1 Accuracy: 92.02%
2024-12-06 01:41:36,477 - INFO - Class 2 Accuracy: 87.30%
2024-12-06 01:41:36,477 - INFO - Class 3 Accuracy: 92.20%
2024-12-06 01:41:36,477 - INFO - Class 4 Accuracy: 94.39%
2024-12-06 01:41:36,546 - INFO - Saved checkpoint at epoch 25
2024-12-06 01:41:36,547 - INFO - Total samples is: <torch.utils.data.dataloader.DataLoader object at 0x000001FAA3BE3800>
2024-12-06 01:57:38,676 - INFO - Validation parameter calculation time: 0:00:00.006554
2024-12-06 01:57:38,676 - INFO - 
Epoch 26/500:
2024-12-06 01:57:38,676 - INFO - Train Loss: 0.1213, Train Acc: 95.48%
2024-12-06 01:57:38,676 - INFO - Val Loss: 0.2823, Val Acc: 90.80%
2024-12-06 01:57:38,677 - INFO - Class 0 Accuracy: 89.61%
2024-12-06 01:57:38,678 - INFO - Class 1 Accuracy: 89.06%
2024-12-06 01:57:38,678 - INFO - Class 2 Accuracy: 86.09%
2024-12-06 01:57:38,679 - INFO - Class 3 Accuracy: 92.27%
2024-12-06 01:57:38,679 - INFO - Class 4 Accuracy: 94.46%
2024-12-06 01:57:38,759 - INFO - Saved checkpoint at epoch 26
2024-12-06 01:57:38,760 - INFO - Total samples is: <torch.utils.data.dataloader.DataLoader object at 0x000001FAA3BE3800>
2024-12-06 02:13:40,113 - INFO - Validation parameter calculation time: 0:00:00.007142
2024-12-06 02:13:40,114 - INFO - 
Epoch 27/500:
2024-12-06 02:13:40,114 - INFO - Train Loss: 0.1217, Train Acc: 95.46%
2024-12-06 02:13:40,114 - INFO - Val Loss: 0.3590, Val Acc: 88.21%
2024-12-06 02:13:40,114 - INFO - Class 0 Accuracy: 91.88%
2024-12-06 02:13:40,115 - INFO - Class 1 Accuracy: 85.20%
2024-12-06 02:13:40,116 - INFO - Class 2 Accuracy: 81.98%
2024-12-06 02:13:40,116 - INFO - Class 3 Accuracy: 90.81%
2024-12-06 02:13:40,117 - INFO - Class 4 Accuracy: 91.67%
2024-12-06 02:13:40,201 - INFO - Saved checkpoint at epoch 27
2024-12-06 02:13:40,201 - INFO - Total samples is: <torch.utils.data.dataloader.DataLoader object at 0x000001FAA3BE3800>
2024-12-06 02:29:41,437 - INFO - Validation parameter calculation time: 0:00:00.006518
2024-12-06 02:29:41,437 - INFO - 
Epoch 28/500:
2024-12-06 02:29:41,437 - INFO - Train Loss: 0.1215, Train Acc: 95.49%
2024-12-06 02:29:41,437 - INFO - Val Loss: 0.2592, Val Acc: 91.47%
2024-12-06 02:29:41,438 - INFO - Class 0 Accuracy: 89.55%
2024-12-06 02:29:41,439 - INFO - Class 1 Accuracy: 92.45%
2024-12-06 02:29:41,439 - INFO - Class 2 Accuracy: 82.79%
2024-12-06 02:29:41,440 - INFO - Class 3 Accuracy: 91.45%
2024-12-06 02:29:41,440 - INFO - Class 4 Accuracy: 94.51%
2024-12-06 02:29:41,509 - INFO - Saved checkpoint at epoch 28
2024-12-06 02:29:41,510 - INFO - Total samples is: <torch.utils.data.dataloader.DataLoader object at 0x000001FAA3BE3800>
2024-12-06 02:45:42,291 - INFO - Validation parameter calculation time: 0:00:00.007332
2024-12-06 02:45:42,291 - INFO - 
Epoch 29/500:
2024-12-06 02:45:42,291 - INFO - Train Loss: 0.1162, Train Acc: 95.67%
2024-12-06 02:45:42,291 - INFO - Val Loss: 0.2389, Val Acc: 91.97%
2024-12-06 02:45:42,292 - INFO - Class 0 Accuracy: 88.24%
2024-12-06 02:45:42,292 - INFO - Class 1 Accuracy: 92.40%
2024-12-06 02:45:42,292 - INFO - Class 2 Accuracy: 88.31%
2024-12-06 02:45:42,293 - INFO - Class 3 Accuracy: 92.08%
2024-12-06 02:45:42,293 - INFO - Class 4 Accuracy: 94.33%
2024-12-06 02:45:42,365 - INFO - Saved checkpoint at epoch 29
2024-12-06 02:45:42,366 - INFO - Total samples is: <torch.utils.data.dataloader.DataLoader object at 0x000001FAA3BE3800>
2024-12-06 03:01:43,864 - INFO - Validation parameter calculation time: 0:00:00.006518
2024-12-06 03:01:43,865 - INFO - 
Epoch 30/500:
2024-12-06 03:01:43,865 - INFO - Train Loss: 0.1157, Train Acc: 95.68%
2024-12-06 03:01:43,865 - INFO - Val Loss: 0.2425, Val Acc: 91.78%
2024-12-06 03:01:43,865 - INFO - Class 0 Accuracy: 86.78%
2024-12-06 03:01:43,866 - INFO - Class 1 Accuracy: 92.46%
2024-12-06 03:01:43,866 - INFO - Class 2 Accuracy: 86.87%
2024-12-06 03:01:43,867 - INFO - Class 3 Accuracy: 91.91%
2024-12-06 03:01:43,867 - INFO - Class 4 Accuracy: 94.84%
2024-12-06 03:01:43,939 - INFO - Saved checkpoint at epoch 30
2024-12-06 03:01:43,940 - INFO - Total samples is: <torch.utils.data.dataloader.DataLoader object at 0x000001FAA3BE3800>
2024-12-06 03:17:45,660 - INFO - Validation parameter calculation time: 0:00:00.006507
2024-12-06 03:17:45,660 - INFO - 
Epoch 31/500:
2024-12-06 03:17:45,660 - INFO - Train Loss: 0.1148, Train Acc: 95.70%
2024-12-06 03:17:45,660 - INFO - Val Loss: 0.2696, Val Acc: 91.15%
2024-12-06 03:17:45,661 - INFO - Class 0 Accuracy: 89.04%
2024-12-06 03:17:45,661 - INFO - Class 1 Accuracy: 90.20%
2024-12-06 03:17:45,662 - INFO - Class 2 Accuracy: 87.24%
2024-12-06 03:17:45,662 - INFO - Class 3 Accuracy: 91.05%
2024-12-06 03:17:45,663 - INFO - Class 4 Accuracy: 94.29%
2024-12-06 03:17:45,735 - INFO - Saved checkpoint at epoch 31
2024-12-06 03:17:45,735 - INFO - Total samples is: <torch.utils.data.dataloader.DataLoader object at 0x000001FAA3BE3800>
2024-12-06 03:33:47,836 - INFO - Validation parameter calculation time: 0:00:00.006040
2024-12-06 03:33:47,837 - INFO - 
Epoch 32/500:
2024-12-06 03:33:47,837 - INFO - Train Loss: 0.1145, Train Acc: 95.75%
2024-12-06 03:33:47,837 - INFO - Val Loss: 0.2321, Val Acc: 92.11%
2024-12-06 03:33:47,837 - INFO - Class 0 Accuracy: 85.66%
2024-12-06 03:33:47,838 - INFO - Class 1 Accuracy: 93.38%
2024-12-06 03:33:47,838 - INFO - Class 2 Accuracy: 88.37%
2024-12-06 03:33:47,839 - INFO - Class 3 Accuracy: 92.01%
2024-12-06 03:33:47,840 - INFO - Class 4 Accuracy: 94.78%
2024-12-06 03:33:47,919 - INFO - Saved checkpoint at epoch 32
2024-12-06 03:33:47,919 - INFO - Total samples is: <torch.utils.data.dataloader.DataLoader object at 0x000001FAA3BE3800>
2024-12-06 03:49:48,633 - INFO - Validation parameter calculation time: 0:00:00.006645
2024-12-06 03:49:48,633 - INFO - 
Epoch 33/500:
2024-12-06 03:49:48,633 - INFO - Train Loss: 0.1139, Train Acc: 95.74%
2024-12-06 03:49:48,633 - INFO - Val Loss: 0.2381, Val Acc: 91.89%
2024-12-06 03:49:48,634 - INFO - Class 0 Accuracy: 87.18%
2024-12-06 03:49:48,634 - INFO - Class 1 Accuracy: 92.56%
2024-12-06 03:49:48,635 - INFO - Class 2 Accuracy: 88.77%
2024-12-06 03:49:48,635 - INFO - Class 3 Accuracy: 91.30%
2024-12-06 03:49:48,635 - INFO - Class 4 Accuracy: 94.25%
2024-12-06 03:49:48,704 - INFO - Saved checkpoint at epoch 33
2024-12-06 03:49:48,705 - INFO - Total samples is: <torch.utils.data.dataloader.DataLoader object at 0x000001FAA3BE3800>
2024-12-06 04:05:49,279 - INFO - Validation parameter calculation time: 0:00:00.007038
2024-12-06 04:05:49,279 - INFO - 
Epoch 34/500:
2024-12-06 04:05:49,279 - INFO - Train Loss: 0.1141, Train Acc: 95.72%
2024-12-06 04:05:49,279 - INFO - Val Loss: 0.2535, Val Acc: 91.57%
2024-12-06 04:05:49,280 - INFO - Class 0 Accuracy: 89.30%
2024-12-06 04:05:49,280 - INFO - Class 1 Accuracy: 91.62%
2024-12-06 04:05:49,281 - INFO - Class 2 Accuracy: 86.84%
2024-12-06 04:05:49,281 - INFO - Class 3 Accuracy: 91.70%
2024-12-06 04:05:49,281 - INFO - Class 4 Accuracy: 94.13%
2024-12-06 04:05:49,351 - INFO - Saved checkpoint at epoch 34
2024-12-06 04:05:49,352 - INFO - Total samples is: <torch.utils.data.dataloader.DataLoader object at 0x000001FAA3BE3800>
2024-12-06 04:21:50,279 - INFO - Validation parameter calculation time: 0:00:00.006508
2024-12-06 04:21:50,280 - INFO - 
Epoch 35/500:
2024-12-06 04:21:50,280 - INFO - Train Loss: 0.1133, Train Acc: 95.76%
2024-12-06 04:21:50,280 - INFO - Val Loss: 0.2549, Val Acc: 91.67%
2024-12-06 04:21:50,281 - INFO - Class 0 Accuracy: 86.48%
2024-12-06 04:21:50,281 - INFO - Class 1 Accuracy: 91.57%
2024-12-06 04:21:50,282 - INFO - Class 2 Accuracy: 87.56%
2024-12-06 04:21:50,282 - INFO - Class 3 Accuracy: 92.09%
2024-12-06 04:21:50,283 - INFO - Class 4 Accuracy: 95.22%
2024-12-06 04:21:50,350 - INFO - Saved checkpoint at epoch 35
2024-12-06 04:21:50,351 - INFO - Total samples is: <torch.utils.data.dataloader.DataLoader object at 0x000001FAA3BE3800>
2024-12-06 04:37:53,633 - INFO - Validation parameter calculation time: 0:00:00.007012
2024-12-06 04:37:53,633 - INFO - 
Epoch 36/500:
2024-12-06 04:37:53,633 - INFO - Train Loss: 0.1144, Train Acc: 95.73%
2024-12-06 04:37:53,633 - INFO - Val Loss: 0.2940, Val Acc: 90.54%
2024-12-06 04:37:53,634 - INFO - Class 0 Accuracy: 91.09%
2024-12-06 04:37:53,635 - INFO - Class 1 Accuracy: 88.60%
2024-12-06 04:37:53,635 - INFO - Class 2 Accuracy: 86.68%
2024-12-06 04:37:53,636 - INFO - Class 3 Accuracy: 92.47%
2024-12-06 04:37:53,636 - INFO - Class 4 Accuracy: 93.39%
2024-12-06 04:37:53,705 - INFO - Saved checkpoint at epoch 36
2024-12-06 04:37:53,707 - INFO - Total samples is: <torch.utils.data.dataloader.DataLoader object at 0x000001FAA3BE3800>
2024-12-06 04:53:54,454 - INFO - Validation parameter calculation time: 0:00:00.007036
2024-12-06 04:53:54,454 - INFO - 
Epoch 37/500:
2024-12-06 04:53:54,454 - INFO - Train Loss: 0.1131, Train Acc: 95.79%
2024-12-06 04:53:54,454 - INFO - Val Loss: 0.2447, Val Acc: 91.86%
2024-12-06 04:53:54,455 - INFO - Class 0 Accuracy: 90.03%
2024-12-06 04:53:54,456 - INFO - Class 1 Accuracy: 92.05%
2024-12-06 04:53:54,457 - INFO - Class 2 Accuracy: 87.15%
2024-12-06 04:53:54,457 - INFO - Class 3 Accuracy: 92.31%
2024-12-06 04:53:54,458 - INFO - Class 4 Accuracy: 94.08%
2024-12-06 04:53:54,538 - INFO - Saved checkpoint at epoch 37
2024-12-06 04:53:54,540 - INFO - Total samples is: <torch.utils.data.dataloader.DataLoader object at 0x000001FAA3BE3800>
2024-12-06 05:09:58,321 - INFO - Validation parameter calculation time: 0:00:00.006511
2024-12-06 05:09:58,321 - INFO - 
Epoch 38/500:
2024-12-06 05:09:58,321 - INFO - Train Loss: 0.1147, Train Acc: 95.75%
2024-12-06 05:09:58,321 - INFO - Val Loss: 0.3304, Val Acc: 89.75%
2024-12-06 05:09:58,322 - INFO - Class 0 Accuracy: 89.66%
2024-12-06 05:09:58,323 - INFO - Class 1 Accuracy: 86.80%
2024-12-06 05:09:58,323 - INFO - Class 2 Accuracy: 85.14%
2024-12-06 05:09:58,324 - INFO - Class 3 Accuracy: 91.18%
2024-12-06 05:09:58,324 - INFO - Class 4 Accuracy: 94.10%
2024-12-06 05:09:58,407 - INFO - Saved checkpoint at epoch 38
2024-12-06 05:09:58,408 - INFO - Total samples is: <torch.utils.data.dataloader.DataLoader object at 0x000001FAA3BE3800>
2024-12-06 05:25:59,057 - INFO - Validation parameter calculation time: 0:00:00.007025
2024-12-06 05:25:59,057 - INFO - 
Epoch 39/500:
2024-12-06 05:25:59,057 - INFO - Train Loss: 0.1175, Train Acc: 95.69%
2024-12-06 05:25:59,057 - INFO - Val Loss: 0.3671, Val Acc: 88.94%
2024-12-06 05:25:59,058 - INFO - Class 0 Accuracy: 90.18%
2024-12-06 05:25:59,058 - INFO - Class 1 Accuracy: 85.22%
2024-12-06 05:25:59,059 - INFO - Class 2 Accuracy: 84.87%
2024-12-06 05:25:59,059 - INFO - Class 3 Accuracy: 91.26%
2024-12-06 05:25:59,060 - INFO - Class 4 Accuracy: 93.20%
2024-12-06 05:25:59,206 - INFO - Saved checkpoint at epoch 39
2024-12-06 05:25:59,208 - INFO - Total samples is: <torch.utils.data.dataloader.DataLoader object at 0x000001FAA3BE3800>
2024-12-06 05:41:55,787 - INFO - Validation parameter calculation time: 0:00:00.007027
2024-12-06 05:41:55,788 - INFO - 
Epoch 40/500:
2024-12-06 05:41:55,788 - INFO - Train Loss: 0.1148, Train Acc: 95.74%
2024-12-06 05:41:55,788 - INFO - Val Loss: 0.2825, Val Acc: 90.90%
2024-12-06 05:41:55,788 - INFO - Class 0 Accuracy: 90.76%
2024-12-06 05:41:55,789 - INFO - Class 1 Accuracy: 90.56%
2024-12-06 05:41:55,789 - INFO - Class 2 Accuracy: 85.43%
2024-12-06 05:41:55,790 - INFO - Class 3 Accuracy: 91.10%
2024-12-06 05:41:55,791 - INFO - Class 4 Accuracy: 93.29%
2024-12-06 05:41:55,872 - INFO - Saved checkpoint at epoch 40
2024-12-06 05:41:55,872 - INFO - Total samples is: <torch.utils.data.dataloader.DataLoader object at 0x000001FAA3BE3800>
2024-12-06 05:57:58,078 - INFO - Validation parameter calculation time: 0:00:00.006602
2024-12-06 05:57:58,078 - INFO - 
Epoch 41/500:
2024-12-06 05:57:58,078 - INFO - Train Loss: 0.1117, Train Acc: 95.83%
2024-12-06 05:57:58,078 - INFO - Val Loss: 0.2336, Val Acc: 92.22%
2024-12-06 05:57:58,079 - INFO - Class 0 Accuracy: 86.14%
2024-12-06 05:57:58,079 - INFO - Class 1 Accuracy: 93.33%
2024-12-06 05:57:58,080 - INFO - Class 2 Accuracy: 87.50%
2024-12-06 05:57:58,080 - INFO - Class 3 Accuracy: 91.99%
2024-12-06 05:57:58,080 - INFO - Class 4 Accuracy: 95.27%
2024-12-06 05:57:58,152 - INFO - Saved best model with accuracy: 92.22%
2024-12-06 05:57:58,222 - INFO - Saved checkpoint at epoch 41
2024-12-06 05:57:58,223 - INFO - Total samples is: <torch.utils.data.dataloader.DataLoader object at 0x000001FAA3BE3800>
2024-12-06 06:13:58,902 - INFO - Validation parameter calculation time: 0:00:00.006522
2024-12-06 06:13:58,902 - INFO - 
Epoch 42/500:
2024-12-06 06:13:58,902 - INFO - Train Loss: 0.1136, Train Acc: 95.77%
2024-12-06 06:13:58,902 - INFO - Val Loss: 0.3505, Val Acc: 88.73%
2024-12-06 06:13:58,903 - INFO - Class 0 Accuracy: 91.50%
2024-12-06 06:13:58,904 - INFO - Class 1 Accuracy: 85.65%
2024-12-06 06:13:58,904 - INFO - Class 2 Accuracy: 81.75%
2024-12-06 06:13:58,905 - INFO - Class 3 Accuracy: 93.05%
2024-12-06 06:13:58,905 - INFO - Class 4 Accuracy: 92.70%
2024-12-06 06:13:58,978 - INFO - Saved checkpoint at epoch 42
2024-12-06 06:13:58,978 - INFO - Total samples is: <torch.utils.data.dataloader.DataLoader object at 0x000001FAA3BE3800>
2024-12-06 06:30:01,552 - INFO - Validation parameter calculation time: 0:00:00.007054
2024-12-06 06:30:01,553 - INFO - 
Epoch 43/500:
2024-12-06 06:30:01,553 - INFO - Train Loss: 0.1125, Train Acc: 95.80%
2024-12-06 06:30:01,553 - INFO - Val Loss: 0.2834, Val Acc: 90.74%
2024-12-06 06:30:01,554 - INFO - Class 0 Accuracy: 90.13%
2024-12-06 06:30:01,555 - INFO - Class 1 Accuracy: 89.58%
2024-12-06 06:30:01,555 - INFO - Class 2 Accuracy: 85.74%
2024-12-06 06:30:01,556 - INFO - Class 3 Accuracy: 91.77%
2024-12-06 06:30:01,556 - INFO - Class 4 Accuracy: 93.82%
2024-12-06 06:30:01,625 - INFO - Saved checkpoint at epoch 43
2024-12-06 06:30:01,625 - INFO - Total samples is: <torch.utils.data.dataloader.DataLoader object at 0x000001FAA3BE3800>
2024-12-06 06:46:02,609 - INFO - Validation parameter calculation time: 0:00:00.007059
2024-12-06 06:46:02,609 - INFO - 
Epoch 44/500:
2024-12-06 06:46:02,609 - INFO - Train Loss: 0.1128, Train Acc: 95.77%
2024-12-06 06:46:02,609 - INFO - Val Loss: 0.2554, Val Acc: 91.56%
2024-12-06 06:46:02,610 - INFO - Class 0 Accuracy: 88.47%
2024-12-06 06:46:02,610 - INFO - Class 1 Accuracy: 91.80%
2024-12-06 06:46:02,610 - INFO - Class 2 Accuracy: 85.87%
2024-12-06 06:46:02,611 - INFO - Class 3 Accuracy: 92.27%
2024-12-06 06:46:02,612 - INFO - Class 4 Accuracy: 94.54%
2024-12-06 06:46:02,681 - INFO - Saved checkpoint at epoch 44
2024-12-06 06:46:02,682 - INFO - Total samples is: <torch.utils.data.dataloader.DataLoader object at 0x000001FAA3BE3800>
2024-12-06 07:02:03,737 - INFO - Validation parameter calculation time: 0:00:00.006020
2024-12-06 07:02:03,738 - INFO - 
Epoch 45/500:
2024-12-06 07:02:03,738 - INFO - Train Loss: 0.1126, Train Acc: 95.79%
2024-12-06 07:02:03,738 - INFO - Val Loss: 0.2917, Val Acc: 90.55%
2024-12-06 07:02:03,739 - INFO - Class 0 Accuracy: 89.40%
2024-12-06 07:02:03,740 - INFO - Class 1 Accuracy: 88.99%
2024-12-06 07:02:03,740 - INFO - Class 2 Accuracy: 85.64%
2024-12-06 07:02:03,740 - INFO - Class 3 Accuracy: 91.47%
2024-12-06 07:02:03,741 - INFO - Class 4 Accuracy: 94.16%
2024-12-06 07:02:03,808 - INFO - Saved checkpoint at epoch 45
2024-12-06 07:02:03,810 - INFO - Total samples is: <torch.utils.data.dataloader.DataLoader object at 0x000001FAA3BE3800>
2024-12-06 07:18:05,237 - INFO - Validation parameter calculation time: 0:00:00.007033
2024-12-06 07:18:05,237 - INFO - 
Epoch 46/500:
2024-12-06 07:18:05,237 - INFO - Train Loss: 0.1128, Train Acc: 95.79%
2024-12-06 07:18:05,237 - INFO - Val Loss: 0.2389, Val Acc: 92.03%
2024-12-06 07:18:05,238 - INFO - Class 0 Accuracy: 88.03%
2024-12-06 07:18:05,239 - INFO - Class 1 Accuracy: 92.67%
2024-12-06 07:18:05,239 - INFO - Class 2 Accuracy: 87.42%
2024-12-06 07:18:05,240 - INFO - Class 3 Accuracy: 91.79%
2024-12-06 07:18:05,241 - INFO - Class 4 Accuracy: 94.70%
2024-12-06 07:18:05,321 - INFO - Saved checkpoint at epoch 46
2024-12-06 07:18:05,322 - INFO - Total samples is: <torch.utils.data.dataloader.DataLoader object at 0x000001FAA3BE3800>
2024-12-06 07:34:07,219 - INFO - Validation parameter calculation time: 0:00:00.006526
2024-12-06 07:34:07,220 - INFO - 
Epoch 47/500:
2024-12-06 07:34:07,220 - INFO - Train Loss: 0.1126, Train Acc: 95.78%
2024-12-06 07:34:07,220 - INFO - Val Loss: 0.2460, Val Acc: 91.83%
2024-12-06 07:34:07,221 - INFO - Class 0 Accuracy: 87.60%
2024-12-06 07:34:07,221 - INFO - Class 1 Accuracy: 91.81%
2024-12-06 07:34:07,221 - INFO - Class 2 Accuracy: 87.54%
2024-12-06 07:34:07,222 - INFO - Class 3 Accuracy: 92.97%
2024-12-06 07:34:07,223 - INFO - Class 4 Accuracy: 94.91%
2024-12-06 07:34:07,291 - INFO - Saved checkpoint at epoch 47
2024-12-06 07:34:07,292 - INFO - Total samples is: <torch.utils.data.dataloader.DataLoader object at 0x000001FAA3BE3800>
2024-12-06 07:50:11,083 - INFO - Validation parameter calculation time: 0:00:00.007262
2024-12-06 07:50:11,083 - INFO - 
Epoch 48/500:
2024-12-06 07:50:11,083 - INFO - Train Loss: 0.1130, Train Acc: 95.77%
2024-12-06 07:50:11,083 - INFO - Val Loss: 0.2504, Val Acc: 91.77%
2024-12-06 07:50:11,084 - INFO - Class 0 Accuracy: 88.66%
2024-12-06 07:50:11,085 - INFO - Class 1 Accuracy: 92.03%
2024-12-06 07:50:11,085 - INFO - Class 2 Accuracy: 86.63%
2024-12-06 07:50:11,086 - INFO - Class 3 Accuracy: 91.54%
2024-12-06 07:50:11,086 - INFO - Class 4 Accuracy: 94.65%
2024-12-06 07:50:11,155 - INFO - Saved checkpoint at epoch 48
2024-12-06 07:50:11,156 - INFO - Total samples is: <torch.utils.data.dataloader.DataLoader object at 0x000001FAA3BE3800>
2024-12-06 08:06:12,867 - INFO - Validation parameter calculation time: 0:00:00.007516
2024-12-06 08:06:12,867 - INFO - 
Epoch 49/500:
2024-12-06 08:06:12,867 - INFO - Train Loss: 0.1128, Train Acc: 95.78%
2024-12-06 08:06:12,867 - INFO - Val Loss: 0.2567, Val Acc: 91.49%
2024-12-06 08:06:12,868 - INFO - Class 0 Accuracy: 87.97%
2024-12-06 08:06:12,868 - INFO - Class 1 Accuracy: 91.11%
2024-12-06 08:06:12,869 - INFO - Class 2 Accuracy: 86.90%
2024-12-06 08:06:12,869 - INFO - Class 3 Accuracy: 91.36%
2024-12-06 08:06:12,870 - INFO - Class 4 Accuracy: 94.89%
2024-12-06 08:06:12,945 - INFO - Saved checkpoint at epoch 49
2024-12-06 08:06:12,946 - INFO - Total samples is: <torch.utils.data.dataloader.DataLoader object at 0x000001FAA3BE3800>
2024-12-06 08:22:15,536 - INFO - Validation parameter calculation time: 0:00:00.006524
2024-12-06 08:22:15,537 - INFO - 
Epoch 50/500:
2024-12-06 08:22:15,537 - INFO - Train Loss: 0.1157, Train Acc: 95.72%
2024-12-06 08:22:15,537 - INFO - Val Loss: 0.3144, Val Acc: 89.88%
2024-12-06 08:22:15,537 - INFO - Class 0 Accuracy: 92.58%
2024-12-06 08:22:15,538 - INFO - Class 1 Accuracy: 87.70%
2024-12-06 08:22:15,538 - INFO - Class 2 Accuracy: 87.35%
2024-12-06 08:22:15,539 - INFO - Class 3 Accuracy: 92.62%
2024-12-06 08:22:15,539 - INFO - Class 4 Accuracy: 91.55%
2024-12-06 08:22:15,608 - INFO - Saved checkpoint at epoch 50
2024-12-06 08:22:15,609 - INFO - Total samples is: <torch.utils.data.dataloader.DataLoader object at 0x000001FAA3BE3800>
2024-12-06 08:38:19,360 - INFO - Validation parameter calculation time: 0:00:00.006663
2024-12-06 08:38:19,360 - INFO - 
Epoch 51/500:
2024-12-06 08:38:19,360 - INFO - Train Loss: 0.1124, Train Acc: 95.79%
2024-12-06 08:38:19,360 - INFO - Val Loss: 0.3339, Val Acc: 89.23%
2024-12-06 08:38:19,361 - INFO - Class 0 Accuracy: 90.86%
2024-12-06 08:38:19,361 - INFO - Class 1 Accuracy: 86.84%
2024-12-06 08:38:19,362 - INFO - Class 2 Accuracy: 82.62%
2024-12-06 08:38:19,363 - INFO - Class 3 Accuracy: 91.18%
2024-12-06 08:38:19,363 - INFO - Class 4 Accuracy: 93.08%
2024-12-06 08:38:19,445 - INFO - Saved checkpoint at epoch 51
2024-12-06 08:38:19,446 - INFO - Total samples is: <torch.utils.data.dataloader.DataLoader object at 0x000001FAA3BE3800>
2024-12-06 08:54:21,245 - INFO - Validation parameter calculation time: 0:00:00.007024
2024-12-06 08:54:21,245 - INFO - 
Epoch 52/500:
2024-12-06 08:54:21,245 - INFO - Train Loss: 0.1139, Train Acc: 95.75%
2024-12-06 08:54:21,245 - INFO - Val Loss: 0.3222, Val Acc: 89.75%
2024-12-06 08:54:21,246 - INFO - Class 0 Accuracy: 91.83%
2024-12-06 08:54:21,247 - INFO - Class 1 Accuracy: 87.09%
2024-12-06 08:54:21,247 - INFO - Class 2 Accuracy: 85.58%
2024-12-06 08:54:21,247 - INFO - Class 3 Accuracy: 92.36%
2024-12-06 08:54:21,248 - INFO - Class 4 Accuracy: 92.73%
2024-12-06 08:54:21,316 - INFO - Saved checkpoint at epoch 52
2024-12-06 08:54:21,317 - INFO - Total samples is: <torch.utils.data.dataloader.DataLoader object at 0x000001FAA3BE3800>
2024-12-06 09:10:23,941 - INFO - Validation parameter calculation time: 0:00:00.006633
2024-12-06 09:10:23,942 - INFO - 
Epoch 53/500:
2024-12-06 09:10:23,942 - INFO - Train Loss: 0.1134, Train Acc: 95.75%
2024-12-06 09:10:23,942 - INFO - Val Loss: 0.3483, Val Acc: 88.69%
2024-12-06 09:10:23,942 - INFO - Class 0 Accuracy: 91.78%
2024-12-06 09:10:23,943 - INFO - Class 1 Accuracy: 85.35%
2024-12-06 09:10:23,944 - INFO - Class 2 Accuracy: 83.44%
2024-12-06 09:10:23,944 - INFO - Class 3 Accuracy: 90.65%
2024-12-06 09:10:23,945 - INFO - Class 4 Accuracy: 92.37%
2024-12-06 09:10:24,018 - INFO - Saved checkpoint at epoch 53
2024-12-06 09:10:24,019 - INFO - Total samples is: <torch.utils.data.dataloader.DataLoader object at 0x000001FAA3BE3800>
2024-12-06 09:26:27,717 - INFO - Validation parameter calculation time: 0:00:00.008525
2024-12-06 09:26:27,718 - INFO - 
Epoch 54/500:
2024-12-06 09:26:27,718 - INFO - Train Loss: 0.1127, Train Acc: 95.78%
2024-12-06 09:26:27,718 - INFO - Val Loss: 0.2535, Val Acc: 91.56%
2024-12-06 09:26:27,719 - INFO - Class 0 Accuracy: 89.95%
2024-12-06 09:26:27,719 - INFO - Class 1 Accuracy: 91.48%
2024-12-06 09:26:27,720 - INFO - Class 2 Accuracy: 87.20%
2024-12-06 09:26:27,720 - INFO - Class 3 Accuracy: 91.32%
2024-12-06 09:26:27,720 - INFO - Class 4 Accuracy: 93.88%
2024-12-06 09:26:27,794 - INFO - Saved checkpoint at epoch 54
2024-12-06 09:26:27,795 - INFO - Total samples is: <torch.utils.data.dataloader.DataLoader object at 0x000001FAA3BE3800>
2024-12-06 09:42:29,211 - INFO - Validation parameter calculation time: 0:00:00.006105
2024-12-06 09:42:29,212 - INFO - 
Epoch 55/500:
2024-12-06 09:42:29,212 - INFO - Train Loss: 0.1123, Train Acc: 95.81%
2024-12-06 09:42:29,212 - INFO - Val Loss: 0.2457, Val Acc: 91.81%
2024-12-06 09:42:29,212 - INFO - Class 0 Accuracy: 88.70%
2024-12-06 09:42:29,213 - INFO - Class 1 Accuracy: 92.04%
2024-12-06 09:42:29,213 - INFO - Class 2 Accuracy: 87.31%
2024-12-06 09:42:29,213 - INFO - Class 3 Accuracy: 92.27%
2024-12-06 09:42:29,214 - INFO - Class 4 Accuracy: 94.39%
2024-12-06 09:42:29,283 - INFO - Saved checkpoint at epoch 55
2024-12-06 09:42:29,283 - INFO - Total samples is: <torch.utils.data.dataloader.DataLoader object at 0x000001FAA3BE3800>
2024-12-06 09:58:29,720 - INFO - Validation parameter calculation time: 0:00:00.006533
2024-12-06 09:58:29,721 - INFO - 
Epoch 56/500:
2024-12-06 09:58:29,721 - INFO - Train Loss: 0.1155, Train Acc: 95.74%
2024-12-06 09:58:29,721 - INFO - Val Loss: 0.3042, Val Acc: 90.30%
2024-12-06 09:58:29,722 - INFO - Class 0 Accuracy: 89.27%
2024-12-06 09:58:29,722 - INFO - Class 1 Accuracy: 88.92%
2024-12-06 09:58:29,723 - INFO - Class 2 Accuracy: 85.36%
2024-12-06 09:58:29,723 - INFO - Class 3 Accuracy: 91.11%
2024-12-06 09:58:29,724 - INFO - Class 4 Accuracy: 93.72%
2024-12-06 09:58:29,792 - INFO - Saved checkpoint at epoch 56
2024-12-06 09:58:29,793 - INFO - Total samples is: <torch.utils.data.dataloader.DataLoader object at 0x000001FAA3BE3800>
2024-12-06 10:14:28,317 - INFO - Validation parameter calculation time: 0:00:00.006639
2024-12-06 10:14:28,318 - INFO - 
Epoch 57/500:
2024-12-06 10:14:28,318 - INFO - Train Loss: 0.1146, Train Acc: 95.76%
2024-12-06 10:14:28,318 - INFO - Val Loss: 0.3166, Val Acc: 90.06%
2024-12-06 10:14:28,318 - INFO - Class 0 Accuracy: 92.12%
2024-12-06 10:14:28,319 - INFO - Class 1 Accuracy: 87.75%
2024-12-06 10:14:28,319 - INFO - Class 2 Accuracy: 85.61%
2024-12-06 10:14:28,320 - INFO - Class 3 Accuracy: 92.06%
2024-12-06 10:14:28,320 - INFO - Class 4 Accuracy: 92.89%
2024-12-06 10:14:28,456 - INFO - Saved checkpoint at epoch 57
2024-12-06 10:14:28,457 - INFO - Total samples is: <torch.utils.data.dataloader.DataLoader object at 0x000001FAA3BE3800>
2024-12-06 10:30:29,530 - INFO - Validation parameter calculation time: 0:00:00.007019
2024-12-06 10:30:29,530 - INFO - 
Epoch 58/500:
2024-12-06 10:30:29,530 - INFO - Train Loss: 0.1133, Train Acc: 95.76%
2024-12-06 10:30:29,530 - INFO - Val Loss: 0.2717, Val Acc: 91.12%
2024-12-06 10:30:29,531 - INFO - Class 0 Accuracy: 89.50%
2024-12-06 10:30:29,531 - INFO - Class 1 Accuracy: 89.88%
2024-12-06 10:30:29,532 - INFO - Class 2 Accuracy: 87.39%
2024-12-06 10:30:29,533 - INFO - Class 3 Accuracy: 91.20%
2024-12-06 10:30:29,533 - INFO - Class 4 Accuracy: 94.26%
2024-12-06 10:30:29,604 - INFO - Saved checkpoint at epoch 58
2024-12-06 10:30:29,605 - INFO - Total samples is: <torch.utils.data.dataloader.DataLoader object at 0x000001FAA3BE3800>
2024-12-06 10:46:49,406 - INFO - Validation parameter calculation time: 0:00:00.006515
2024-12-06 10:46:49,406 - INFO - 
Epoch 59/500:
2024-12-06 10:46:49,406 - INFO - Train Loss: 0.1129, Train Acc: 95.80%
2024-12-06 10:46:49,406 - INFO - Val Loss: 0.2531, Val Acc: 91.66%
2024-12-06 10:46:49,407 - INFO - Class 0 Accuracy: 89.61%
2024-12-06 10:46:49,407 - INFO - Class 1 Accuracy: 91.95%
2024-12-06 10:46:49,408 - INFO - Class 2 Accuracy: 86.54%
2024-12-06 10:46:49,408 - INFO - Class 3 Accuracy: 92.56%
2024-12-06 10:46:49,409 - INFO - Class 4 Accuracy: 93.98%
2024-12-06 10:46:49,480 - INFO - Saved checkpoint at epoch 59
2024-12-06 10:46:49,481 - INFO - Total samples is: <torch.utils.data.dataloader.DataLoader object at 0x000001FAA3BE3800>
2024-12-06 11:03:03,026 - INFO - Validation parameter calculation time: 0:00:00.007252
2024-12-06 11:03:03,027 - INFO - 
Epoch 60/500:
2024-12-06 11:03:03,027 - INFO - Train Loss: 0.1164, Train Acc: 95.73%
2024-12-06 11:03:03,027 - INFO - Val Loss: 0.3365, Val Acc: 89.46%
2024-12-06 11:03:03,027 - INFO - Class 0 Accuracy: 91.67%
2024-12-06 11:03:03,028 - INFO - Class 1 Accuracy: 86.90%
2024-12-06 11:03:03,028 - INFO - Class 2 Accuracy: 83.08%
2024-12-06 11:03:03,029 - INFO - Class 3 Accuracy: 92.30%
2024-12-06 11:03:03,029 - INFO - Class 4 Accuracy: 93.07%
2024-12-06 11:03:03,106 - INFO - Saved checkpoint at epoch 60
2024-12-06 11:03:03,107 - INFO - Total samples is: <torch.utils.data.dataloader.DataLoader object at 0x000001FAA3BE3800>
2024-12-06 11:19:06,244 - INFO - Validation parameter calculation time: 0:00:00.007017
2024-12-06 11:19:06,244 - INFO - 
Epoch 61/500:
2024-12-06 11:19:06,244 - INFO - Train Loss: 0.1127, Train Acc: 95.78%
2024-12-06 11:19:06,244 - INFO - Val Loss: 0.2404, Val Acc: 91.92%
2024-12-06 11:19:06,244 - INFO - Class 0 Accuracy: 86.52%
2024-12-06 11:19:06,245 - INFO - Class 1 Accuracy: 92.12%
2024-12-06 11:19:06,246 - INFO - Class 2 Accuracy: 88.21%
2024-12-06 11:19:06,246 - INFO - Class 3 Accuracy: 92.35%
2024-12-06 11:19:06,246 - INFO - Class 4 Accuracy: 95.11%
2024-12-06 11:19:06,319 - INFO - Saved checkpoint at epoch 61
2024-12-06 11:19:06,320 - INFO - Total samples is: <torch.utils.data.dataloader.DataLoader object at 0x000001FAA3BE3800>
2024-12-06 11:35:29,636 - INFO - Validation parameter calculation time: 0:00:00.006509
2024-12-06 11:35:29,637 - INFO - 
Epoch 62/500:
2024-12-06 11:35:29,637 - INFO - Train Loss: 0.1127, Train Acc: 95.81%
2024-12-06 11:35:29,637 - INFO - Val Loss: 0.2463, Val Acc: 91.86%
2024-12-06 11:35:29,638 - INFO - Class 0 Accuracy: 86.94%
2024-12-06 11:35:29,638 - INFO - Class 1 Accuracy: 92.18%
2024-12-06 11:35:29,639 - INFO - Class 2 Accuracy: 88.17%
2024-12-06 11:35:29,640 - INFO - Class 3 Accuracy: 92.14%
2024-12-06 11:35:29,640 - INFO - Class 4 Accuracy: 94.76%
2024-12-06 11:35:29,716 - INFO - Saved checkpoint at epoch 62
2024-12-06 11:35:29,718 - INFO - Total samples is: <torch.utils.data.dataloader.DataLoader object at 0x000001FAA3BE3800>
2024-12-06 11:52:22,550 - INFO - Validation parameter calculation time: 0:00:00.006437
2024-12-06 11:52:22,550 - INFO - 
Epoch 63/500:
2024-12-06 11:52:22,550 - INFO - Train Loss: 0.1131, Train Acc: 95.79%
2024-12-06 11:52:22,550 - INFO - Val Loss: 0.3280, Val Acc: 89.37%
2024-12-06 11:52:22,551 - INFO - Class 0 Accuracy: 91.71%
2024-12-06 11:52:22,552 - INFO - Class 1 Accuracy: 86.95%
2024-12-06 11:52:22,553 - INFO - Class 2 Accuracy: 84.40%
2024-12-06 11:52:22,553 - INFO - Class 3 Accuracy: 93.16%
2024-12-06 11:52:22,553 - INFO - Class 4 Accuracy: 92.20%
2024-12-06 11:52:22,629 - INFO - Saved checkpoint at epoch 63
2024-12-06 11:52:22,629 - INFO - Total samples is: <torch.utils.data.dataloader.DataLoader object at 0x000001FAA3BE3800>
2024-12-06 12:09:02,923 - INFO - Validation parameter calculation time: 0:00:00.008014
2024-12-06 12:09:02,923 - INFO - 
Epoch 64/500:
2024-12-06 12:09:02,923 - INFO - Train Loss: 0.1126, Train Acc: 95.79%
2024-12-06 12:09:02,923 - INFO - Val Loss: 0.2603, Val Acc: 91.35%
2024-12-06 12:09:02,924 - INFO - Class 0 Accuracy: 87.97%
2024-12-06 12:09:02,924 - INFO - Class 1 Accuracy: 90.80%
2024-12-06 12:09:02,925 - INFO - Class 2 Accuracy: 86.47%
2024-12-06 12:09:02,926 - INFO - Class 3 Accuracy: 92.38%
2024-12-06 12:09:02,927 - INFO - Class 4 Accuracy: 94.85%
2024-12-06 12:09:03,006 - INFO - Saved checkpoint at epoch 64
2024-12-06 12:09:03,007 - INFO - Total samples is: <torch.utils.data.dataloader.DataLoader object at 0x000001FAA3BE3800>
2024-12-06 12:25:48,039 - INFO - Validation parameter calculation time: 0:00:00.007022
2024-12-06 12:25:48,040 - INFO - 
Epoch 65/500:
2024-12-06 12:25:48,040 - INFO - Train Loss: 0.1129, Train Acc: 95.78%
2024-12-06 12:25:48,040 - INFO - Val Loss: 0.2832, Val Acc: 90.64%
2024-12-06 12:25:48,040 - INFO - Class 0 Accuracy: 90.54%
2024-12-06 12:25:48,041 - INFO - Class 1 Accuracy: 89.37%
2024-12-06 12:25:48,041 - INFO - Class 2 Accuracy: 85.80%
2024-12-06 12:25:48,042 - INFO - Class 3 Accuracy: 92.29%
2024-12-06 12:25:48,042 - INFO - Class 4 Accuracy: 93.50%
2024-12-06 12:25:48,115 - INFO - Saved checkpoint at epoch 65
2024-12-06 12:25:48,116 - INFO - Total samples is: <torch.utils.data.dataloader.DataLoader object at 0x000001FAA3BE3800>
2024-12-06 12:42:34,317 - INFO - Validation parameter calculation time: 0:00:00.005631
2024-12-06 12:42:34,319 - INFO - 
Epoch 66/500:
2024-12-06 12:42:34,319 - INFO - Train Loss: 0.1146, Train Acc: 95.78%
2024-12-06 12:42:34,319 - INFO - Val Loss: 0.2556, Val Acc: 91.66%
2024-12-06 12:42:34,319 - INFO - Class 0 Accuracy: 88.24%
2024-12-06 12:42:34,320 - INFO - Class 1 Accuracy: 91.36%
2024-12-06 12:42:34,320 - INFO - Class 2 Accuracy: 87.82%
2024-12-06 12:42:34,321 - INFO - Class 3 Accuracy: 91.57%
2024-12-06 12:42:34,321 - INFO - Class 4 Accuracy: 94.68%
2024-12-06 12:42:34,407 - INFO - Saved checkpoint at epoch 66
2024-12-06 12:42:34,409 - INFO - Total samples is: <torch.utils.data.dataloader.DataLoader object at 0x000001FAA3BE3800>
