2024-10-27 22:41:33,495 - INFO - Using device: cuda
2024-10-27 22:41:33,688 - INFO - Model loaded successfully
2024-10-27 22:41:33,689 - INFO - 开始验证数据集...
2024-10-27 22:41:39,936 - INFO - 数据集验证完成
2024-10-27 22:41:39,942 - INFO - 在 data/train 中找到 30 个.las文件
2024-10-27 22:41:39,957 - INFO - 数据集中的有效标签: [0, 1, 2, 3, 4, 5, 6, 7, 12, 18]
2024-10-27 22:41:39,959 - INFO - Processing file: data\test\No-14-sec-13.las
2024-10-27 22:41:40,001 - ERROR - Error processing data\test\No-14-sec-13.las: Dimension out of range (expected to be in range of [-2, 1], but got 2)
2024-10-27 22:41:40,002 - INFO - Processing file: data\test\No-14-sec-24.las
2024-10-27 22:41:40,037 - ERROR - Error processing data\test\No-14-sec-24.las: Dimension out of range (expected to be in range of [-2, 1], but got 2)
2024-10-27 22:41:40,037 - INFO - Processing file: data\test\No-14-sec-3.las
2024-10-27 22:41:40,494 - ERROR - Error processing data\test\No-14-sec-3.las: Dimension out of range (expected to be in range of [-2, 1], but got 2)
2024-10-27 22:41:40,495 - INFO - Processing file: data\test\No-14-sec-8.las
2024-10-27 22:41:40,799 - ERROR - Error processing data\test\No-14-sec-8.las: Dimension out of range (expected to be in range of [-2, 1], but got 2)
2024-10-27 22:41:40,800 - INFO - Processing file: data\test\No-5-sec-11.las
2024-10-27 22:41:42,356 - ERROR - Error processing data\test\No-5-sec-11.las: Dimension out of range (expected to be in range of [-2, 1], but got 2)
2024-10-27 22:41:42,357 - INFO - Processing file: data\test\No-8-sec-6.las
2024-10-27 22:41:42,789 - ERROR - Error processing data\test\No-8-sec-6.las: Dimension out of range (expected to be in range of [-2, 1], but got 2)
2024-10-27 22:41:59,914 - INFO - Using device: cuda
2024-10-27 22:42:00,121 - INFO - Model loaded successfully
2024-10-27 22:42:00,122 - INFO - 开始验证数据集...
2024-10-27 22:42:04,635 - INFO - 数据集验证完成
2024-10-27 22:42:04,639 - INFO - 在 data/train 中找到 30 个.las文件
2024-10-27 22:42:04,639 - INFO - 数据集中的有效标签: [0, 1, 2, 3, 4, 5, 6, 7, 12, 18]
2024-10-27 22:42:04,643 - INFO - Processing file: data\test\No-14-sec-13.las
2024-10-27 22:42:04,676 - ERROR - Error processing data\test\No-14-sec-13.las: Dimension out of range (expected to be in range of [-2, 1], but got 2)
2024-10-27 22:42:04,677 - INFO - Processing file: data\test\No-14-sec-24.las
2024-10-27 22:42:04,716 - ERROR - Error processing data\test\No-14-sec-24.las: Dimension out of range (expected to be in range of [-2, 1], but got 2)
2024-10-27 22:42:04,717 - INFO - Processing file: data\test\No-14-sec-3.las
2024-10-27 22:42:05,157 - ERROR - Error processing data\test\No-14-sec-3.las: Dimension out of range (expected to be in range of [-2, 1], but got 2)
2024-10-27 22:42:05,159 - INFO - Processing file: data\test\No-14-sec-8.las
2024-10-27 22:42:05,477 - ERROR - Error processing data\test\No-14-sec-8.las: Dimension out of range (expected to be in range of [-2, 1], but got 2)
2024-10-27 22:42:05,478 - INFO - Processing file: data\test\No-5-sec-11.las
2024-10-27 22:42:06,946 - ERROR - Error processing data\test\No-5-sec-11.las: Dimension out of range (expected to be in range of [-2, 1], but got 2)
2024-10-27 22:42:06,948 - INFO - Processing file: data\test\No-8-sec-6.las
2024-10-27 22:42:07,347 - ERROR - Error processing data\test\No-8-sec-6.las: Dimension out of range (expected to be in range of [-2, 1], but got 2)
2024-10-27 22:44:17,942 - INFO - Using device: cuda
2024-10-27 22:44:18,152 - INFO - Model loaded successfully
2024-10-27 22:44:18,153 - INFO - 开始验证数据集...
2024-10-27 22:44:22,288 - INFO - 数据集验证完成
2024-10-27 22:44:22,293 - INFO - 在 data/train 中找到 30 个.las文件
2024-10-27 22:44:22,293 - INFO - 数据集中的有效标签: [0, 1, 2, 3, 4, 5, 6, 7, 12, 18]
2024-10-27 22:44:22,296 - INFO - Processing file: data\test\No-14-sec-13.las
2024-10-27 22:44:22,342 - ERROR - Error processing data\test\No-14-sec-13.las: Dimension out of range (expected to be in range of [-2, 1], but got 2)
2024-10-27 22:44:22,342 - INFO - Processing file: data\test\No-14-sec-24.las
2024-10-27 22:44:22,378 - ERROR - Error processing data\test\No-14-sec-24.las: Dimension out of range (expected to be in range of [-2, 1], but got 2)
2024-10-27 22:44:22,383 - INFO - Processing file: data\test\No-14-sec-3.las
2024-10-27 22:44:22,785 - ERROR - Error processing data\test\No-14-sec-3.las: Dimension out of range (expected to be in range of [-2, 1], but got 2)
2024-10-27 22:44:22,785 - INFO - Processing file: data\test\No-14-sec-8.las
2024-10-27 22:44:23,057 - ERROR - Error processing data\test\No-14-sec-8.las: Dimension out of range (expected to be in range of [-2, 1], but got 2)
2024-10-27 22:44:23,057 - INFO - Processing file: data\test\No-5-sec-11.las
2024-10-27 22:44:24,258 - ERROR - Error processing data\test\No-5-sec-11.las: Dimension out of range (expected to be in range of [-2, 1], but got 2)
2024-10-27 22:44:24,258 - INFO - Processing file: data\test\No-8-sec-6.las
2024-10-27 22:50:04,010 - INFO - Using device: cuda
2024-10-27 22:50:04,205 - INFO - Model loaded successfully
2024-10-27 22:50:04,208 - INFO - Processing file: data\test\No-14-sec-13.las
2024-10-27 22:50:58,518 - ERROR - Error processing data\test\No-14-sec-13.las: all the input array dimensions except for the concatenation axis must match exactly, but along dimension 1, the array at index 0 has size 4096 and the array at index 76 has size 3442
2024-10-27 22:50:58,519 - INFO - Processing file: data\test\No-14-sec-24.las
2024-10-27 22:52:01,117 - ERROR - Error processing data\test\No-14-sec-24.las: all the input array dimensions except for the concatenation axis must match exactly, but along dimension 1, the array at index 0 has size 4096 and the array at index 88 has size 2740
2024-10-27 22:52:01,118 - INFO - Processing file: data\test\No-14-sec-3.las
2024-10-27 22:52:43,676 - INFO - Using device: cuda
2024-10-27 22:52:43,897 - INFO - Model loaded successfully
2024-10-27 22:52:43,900 - INFO - Processing file: data\test\No-14-sec-13.las
2024-10-27 22:53:37,076 - ERROR - Error processing data\test\No-14-sec-13.las: operands could not be broadcast together with shapes (314738,) (77,4096) 
2024-10-27 22:53:37,078 - INFO - Processing file: data\test\No-14-sec-24.las
2024-10-27 22:54:27,901 - INFO - Using device: cuda
2024-10-27 22:54:28,132 - INFO - Model loaded successfully
2024-10-27 22:54:28,136 - INFO - Processing file: data\test\No-14-sec-13.las
2024-10-27 22:54:31,654 - INFO - Successfully processed and saved: data\predictions\predicted_No-14-sec-13.las
2024-10-27 22:54:31,655 - INFO - Processing file: data\test\No-14-sec-24.las
2024-10-27 22:54:44,322 - INFO - Successfully processed and saved: data\predictions\predicted_No-14-sec-24.las
2024-10-27 22:54:44,323 - INFO - Processing file: data\test\No-14-sec-3.las
2024-10-27 22:54:56,631 - ERROR - Error processing data\test\No-14-sec-3.las: CUDA out of memory. Tried to allocate 38.17 GiB. GPU 0 has a total capacity of 22.49 GiB of which 17.35 GiB is free. Of the allocated memory 2.68 GiB is allocated by PyTorch, and 1.20 GiB is reserved by PyTorch but unallocated. If reserved but unallocated memory is large try setting PYTORCH_CUDA_ALLOC_CONF=expandable_segments:True to avoid fragmentation.  See documentation for Memory Management  (https://pytorch.org/docs/stable/notes/cuda.html#environment-variables)
2024-10-27 22:54:56,644 - INFO - Processing file: data\test\No-14-sec-8.las
2024-10-27 22:55:09,202 - ERROR - Error processing data\test\No-14-sec-8.las: CUDA out of memory. Tried to allocate 11.65 GiB. GPU 0 has a total capacity of 22.49 GiB of which 0 bytes is free. Of the allocated memory 24.93 GiB is allocated by PyTorch, and 2.17 GiB is reserved by PyTorch but unallocated. If reserved but unallocated memory is large try setting PYTORCH_CUDA_ALLOC_CONF=expandable_segments:True to avoid fragmentation.  See documentation for Memory Management  (https://pytorch.org/docs/stable/notes/cuda.html#environment-variables)
2024-10-27 22:55:09,209 - INFO - Processing file: data\test\No-5-sec-11.las
2024-10-27 22:55:20,205 - ERROR - Error processing data\test\No-5-sec-11.las: CUDA out of memory. Tried to allocate 112.22 GiB. GPU 0 has a total capacity of 22.49 GiB of which 0 bytes is free. Of the allocated memory 7.81 GiB is allocated by PyTorch, and 16.74 GiB is reserved by PyTorch but unallocated. If reserved but unallocated memory is large try setting PYTORCH_CUDA_ALLOC_CONF=expandable_segments:True to avoid fragmentation.  See documentation for Memory Management  (https://pytorch.org/docs/stable/notes/cuda.html#environment-variables)
2024-10-27 22:55:20,243 - INFO - Processing file: data\test\No-8-sec-6.las
2024-10-27 22:55:27,449 - ERROR - Error processing data\test\No-8-sec-6.las: CUDA out of memory. Tried to allocate 27.28 GiB. GPU 0 has a total capacity of 22.49 GiB of which 0 bytes is free. Of the allocated memory 1.92 GiB is allocated by PyTorch, and 22.63 GiB is reserved by PyTorch but unallocated. If reserved but unallocated memory is large try setting PYTORCH_CUDA_ALLOC_CONF=expandable_segments:True to avoid fragmentation.  See documentation for Memory Management  (https://pytorch.org/docs/stable/notes/cuda.html#environment-variables)
2024-10-27 22:57:53,123 - INFO - Using device: cuda
2024-10-27 22:57:53,358 - INFO - Model loaded successfully
2024-10-27 22:57:53,361 - INFO - Processing file: data\test\No-14-sec-13.las
2024-10-27 22:57:56,969 - INFO - Successfully processed and saved: data\predictions\predicted_No-14-sec-13.las
2024-10-27 22:57:56,969 - INFO - Processing file: data\test\No-14-sec-24.las
2024-10-27 22:58:08,508 - INFO - Successfully processed and saved: data\predictions\predicted_No-14-sec-24.las
2024-10-27 22:58:08,509 - INFO - Processing file: data\test\No-14-sec-3.las
2024-10-27 22:58:20,613 - ERROR - Error processing data\test\No-14-sec-3.las: CUDA out of memory. Tried to allocate 38.17 GiB. GPU 0 has a total capacity of 22.49 GiB of which 17.35 GiB is free. Of the allocated memory 2.68 GiB is allocated by PyTorch, and 1.20 GiB is reserved by PyTorch but unallocated. If reserved but unallocated memory is large try setting PYTORCH_CUDA_ALLOC_CONF=expandable_segments:True to avoid fragmentation.  See documentation for Memory Management  (https://pytorch.org/docs/stable/notes/cuda.html#environment-variables)
2024-10-27 22:58:20,627 - INFO - Processing file: data\test\No-14-sec-8.las
2024-10-27 22:58:28,317 - ERROR - Error processing data\test\No-14-sec-8.las: CUDA out of memory. Tried to allocate 11.65 GiB. GPU 0 has a total capacity of 22.49 GiB of which 0 bytes is free. Of the allocated memory 24.93 GiB is allocated by PyTorch, and 2.17 GiB is reserved by PyTorch but unallocated. If reserved but unallocated memory is large try setting PYTORCH_CUDA_ALLOC_CONF=expandable_segments:True to avoid fragmentation.  See documentation for Memory Management  (https://pytorch.org/docs/stable/notes/cuda.html#environment-variables)
2024-10-27 22:58:28,323 - INFO - Processing file: data\test\No-5-sec-11.las
2024-10-27 22:58:39,147 - ERROR - Error processing data\test\No-5-sec-11.las: CUDA out of memory. Tried to allocate 112.22 GiB. GPU 0 has a total capacity of 22.49 GiB of which 0 bytes is free. Of the allocated memory 7.81 GiB is allocated by PyTorch, and 16.74 GiB is reserved by PyTorch but unallocated. If reserved but unallocated memory is large try setting PYTORCH_CUDA_ALLOC_CONF=expandable_segments:True to avoid fragmentation.  See documentation for Memory Management  (https://pytorch.org/docs/stable/notes/cuda.html#environment-variables)
2024-10-27 22:58:39,181 - INFO - Processing file: data\test\No-8-sec-6.las
2024-10-27 22:58:50,292 - ERROR - Error processing data\test\No-8-sec-6.las: CUDA out of memory. Tried to allocate 27.28 GiB. GPU 0 has a total capacity of 22.49 GiB of which 0 bytes is free. Of the allocated memory 1.92 GiB is allocated by PyTorch, and 22.63 GiB is reserved by PyTorch but unallocated. If reserved but unallocated memory is large try setting PYTORCH_CUDA_ALLOC_CONF=expandable_segments:True to avoid fragmentation.  See documentation for Memory Management  (https://pytorch.org/docs/stable/notes/cuda.html#environment-variables)
2024-10-27 23:04:25,470 - INFO - Using device: cuda
2024-10-27 23:04:25,702 - INFO - Model loaded successfully
2024-10-27 23:04:25,703 - INFO - Processing data\test\No-14-sec-13.las
2024-10-27 23:08:09,355 - INFO - Using device: cuda
2024-10-27 23:08:09,457 - ERROR - Error: [Errno 22] Invalid argument: 'experiments\\exp_20241027_193536\x08est_model.pth'
2024-10-27 23:08:22,120 - INFO - Using device: cuda
2024-10-27 23:08:22,298 - INFO - Model loaded successfully
2024-10-27 23:08:22,298 - INFO - Reading point cloud from data/test
2024-10-27 23:08:22,298 - ERROR - Error: [Errno 13] Permission denied: 'data/test'
