2024-12-24 02:49:22,385 - INFO - Training configuration:
2024-12-24 02:49:22,386 - INFO - num_points: 4096
2024-12-24 02:49:22,386 - INFO - chunk_size: 4096
2024-12-24 02:49:22,386 - INFO - overlap: 1024
2024-12-24 02:49:22,386 - INFO - batch_size: 16
2024-12-24 02:49:22,386 - INFO - num_workers: 0
2024-12-24 02:49:22,387 - INFO - learning_rate: 0.001
2024-12-24 02:49:22,387 - INFO - num_classes: 5
2024-12-24 02:49:22,387 - INFO - num_epochs: 500
2024-12-24 02:49:22,387 - INFO - device: cuda
2024-12-24 02:49:22,387 - INFO - Using device: cuda
2024-12-24 02:49:22,387 - INFO - Loading dataset from cache: ../data/CB/all/train//cache\dataset_cache_points4096_size1.0_rate0.4_transformTrue_hash8af339da.pt
2024-12-24 02:51:22,617 - INFO - Successfully loaded 11988 blocks from cache
2024-12-24 02:51:22,620 - INFO - Loading dataset from cache: ../data/CB/all/val//cache\dataset_cache_points4096_size1.0_rate0.4_transformFalse_hashc8b72f08.pt
2024-12-24 02:54:17,085 - INFO - Successfully loaded 6563 blocks from cache
2024-12-24 02:54:17,086 - INFO - reading val data
2024-12-24 02:54:17,086 - INFO - Train dataset size: 11988
2024-12-24 02:54:17,087 - INFO - Val dataset size: 6563
2024-12-24 02:54:19,370 - INFO - Total samples is: <torch.utils.data.dataloader.DataLoader object at 0x000002379909B1A0>
2024-12-24 03:10:26,419 - INFO - Validation parameter calculation time: 0:00:00.019534
2024-12-24 03:10:26,419 - INFO - 
Epoch 1/500:
2024-12-24 03:10:26,420 - INFO - Train Loss: 0.2108, Train Acc: 92.40%
2024-12-24 03:10:26,420 - INFO - Val Loss: 0.3585, Val Acc: 88.93%
2024-12-24 03:10:26,420 - INFO - Class 0 Accuracy: 99.39%
2024-12-24 03:10:26,421 - INFO - Class 1 Accuracy: 72.04%
2024-12-24 03:10:26,421 - INFO - Class 2 Accuracy: 86.02%
2024-12-24 03:10:26,422 - INFO - Class 3 Accuracy: 74.50%
2024-12-24 03:10:26,422 - INFO - Class 4 Accuracy: 35.94%
2024-12-24 03:10:26,514 - INFO - Saved best model with accuracy: 88.93%
2024-12-24 03:10:26,715 - INFO - Saved checkpoint at epoch 1
2024-12-24 03:10:26,717 - INFO - Total samples is: <torch.utils.data.dataloader.DataLoader object at 0x000002379909B1A0>
2024-12-24 03:26:30,425 - INFO - Validation parameter calculation time: 0:00:00.014688
2024-12-24 03:26:30,426 - INFO - 
Epoch 2/500:
2024-12-24 03:26:30,426 - INFO - Train Loss: 0.1239, Train Acc: 95.43%
2024-12-24 03:26:30,426 - INFO - Val Loss: 0.1820, Val Acc: 93.37%
2024-12-24 03:26:30,426 - INFO - Class 0 Accuracy: 98.36%
2024-12-24 03:26:30,427 - INFO - Class 1 Accuracy: 89.74%
2024-12-24 03:26:30,428 - INFO - Class 2 Accuracy: 92.20%
2024-12-24 03:26:30,428 - INFO - Class 3 Accuracy: 83.41%
2024-12-24 03:26:30,429 - INFO - Class 4 Accuracy: 71.26%
2024-12-24 03:26:30,577 - INFO - Saved best model with accuracy: 93.37%
2024-12-24 03:26:30,851 - INFO - Saved checkpoint at epoch 2
2024-12-24 03:26:30,854 - INFO - Total samples is: <torch.utils.data.dataloader.DataLoader object at 0x000002379909B1A0>
2024-12-24 03:42:32,601 - INFO - Validation parameter calculation time: 0:00:00.020636
2024-12-24 03:42:32,602 - INFO - 
Epoch 3/500:
2024-12-24 03:42:32,602 - INFO - Train Loss: 0.1149, Train Acc: 95.74%
2024-12-24 03:42:32,602 - INFO - Val Loss: 0.2378, Val Acc: 92.45%
2024-12-24 03:42:32,602 - INFO - Class 0 Accuracy: 98.74%
2024-12-24 03:42:32,603 - INFO - Class 1 Accuracy: 94.91%
2024-12-24 03:42:32,604 - INFO - Class 2 Accuracy: 91.41%
2024-12-24 03:42:32,604 - INFO - Class 3 Accuracy: 77.14%
2024-12-24 03:42:32,604 - INFO - Class 4 Accuracy: 59.05%
2024-12-24 03:42:32,711 - INFO - Saved checkpoint at epoch 3
2024-12-24 03:42:32,712 - INFO - Total samples is: <torch.utils.data.dataloader.DataLoader object at 0x000002379909B1A0>
2024-12-24 03:58:34,337 - INFO - Validation parameter calculation time: 0:00:00.018630
2024-12-24 03:58:34,337 - INFO - 
Epoch 4/500:
2024-12-24 03:58:34,337 - INFO - Train Loss: 0.1106, Train Acc: 95.88%
2024-12-24 03:58:34,337 - INFO - Val Loss: 0.2826, Val Acc: 90.60%
2024-12-24 03:58:34,338 - INFO - Class 0 Accuracy: 98.93%
2024-12-24 03:58:34,339 - INFO - Class 1 Accuracy: 81.82%
2024-12-24 03:58:34,340 - INFO - Class 2 Accuracy: 82.75%
2024-12-24 03:58:34,340 - INFO - Class 3 Accuracy: 81.25%
2024-12-24 03:58:34,341 - INFO - Class 4 Accuracy: 70.48%
2024-12-24 03:58:34,449 - INFO - Saved checkpoint at epoch 4
2024-12-24 03:58:34,449 - INFO - Total samples is: <torch.utils.data.dataloader.DataLoader object at 0x000002379909B1A0>
2024-12-24 04:14:32,430 - INFO - Validation parameter calculation time: 0:00:00.020582
2024-12-24 04:14:32,431 - INFO - 
Epoch 5/500:
2024-12-24 04:14:32,431 - INFO - Train Loss: 0.1080, Train Acc: 95.97%
2024-12-24 04:14:32,431 - INFO - Val Loss: 0.5661, Val Acc: 86.81%
2024-12-24 04:14:32,435 - INFO - Class 0 Accuracy: 99.07%
2024-12-24 04:14:32,440 - INFO - Class 1 Accuracy: 17.23%
2024-12-24 04:14:32,440 - INFO - Class 2 Accuracy: 87.88%
2024-12-24 04:14:32,441 - INFO - Class 3 Accuracy: 74.33%
2024-12-24 04:14:32,441 - INFO - Class 4 Accuracy: 74.98%
2024-12-24 04:14:32,546 - INFO - Saved checkpoint at epoch 5
2024-12-24 04:14:32,547 - INFO - Total samples is: <torch.utils.data.dataloader.DataLoader object at 0x000002379909B1A0>
2024-12-24 04:30:38,115 - INFO - Validation parameter calculation time: 0:00:00.021366
2024-12-24 04:30:38,116 - INFO - 
Epoch 6/500:
2024-12-24 04:30:38,116 - INFO - Train Loss: 0.1055, Train Acc: 96.05%
2024-12-24 04:30:38,116 - INFO - Val Loss: 0.5187, Val Acc: 85.81%
2024-12-24 04:30:38,117 - INFO - Class 0 Accuracy: 98.04%
2024-12-24 04:30:38,117 - INFO - Class 1 Accuracy: 24.80%
2024-12-24 04:30:38,117 - INFO - Class 2 Accuracy: 84.14%
2024-12-24 04:30:38,118 - INFO - Class 3 Accuracy: 79.39%
2024-12-24 04:30:38,118 - INFO - Class 4 Accuracy: 49.50%
2024-12-24 04:30:38,245 - INFO - Saved checkpoint at epoch 6
2024-12-24 04:30:38,251 - INFO - Total samples is: <torch.utils.data.dataloader.DataLoader object at 0x000002379909B1A0>
2024-12-24 04:46:16,095 - INFO - Validation parameter calculation time: 0:00:00.018578
2024-12-24 04:46:16,096 - INFO - 
Epoch 7/500:
2024-12-24 04:46:16,096 - INFO - Train Loss: 0.1040, Train Acc: 96.09%
2024-12-24 04:46:16,096 - INFO - Val Loss: 0.3739, Val Acc: 89.47%
2024-12-24 04:46:16,096 - INFO - Class 0 Accuracy: 98.75%
2024-12-24 04:46:16,097 - INFO - Class 1 Accuracy: 88.70%
2024-12-24 04:46:16,098 - INFO - Class 2 Accuracy: 85.05%
2024-12-24 04:46:16,098 - INFO - Class 3 Accuracy: 73.62%
2024-12-24 04:46:16,099 - INFO - Class 4 Accuracy: 40.54%
2024-12-24 04:46:16,199 - INFO - Saved checkpoint at epoch 7
2024-12-24 04:46:16,200 - INFO - Total samples is: <torch.utils.data.dataloader.DataLoader object at 0x000002379909B1A0>
2024-12-24 05:01:26,974 - INFO - Validation parameter calculation time: 0:00:00.018632
2024-12-24 05:01:26,975 - INFO - 
Epoch 8/500:
2024-12-24 05:01:26,975 - INFO - Train Loss: 0.1035, Train Acc: 96.11%
2024-12-24 05:01:26,975 - INFO - Val Loss: 0.6964, Val Acc: 83.55%
2024-12-24 05:01:26,976 - INFO - Class 0 Accuracy: 99.37%
2024-12-24 05:01:26,976 - INFO - Class 1 Accuracy: 30.14%
2024-12-24 05:01:26,977 - INFO - Class 2 Accuracy: 84.59%
2024-12-24 05:01:26,977 - INFO - Class 3 Accuracy: 58.44%
2024-12-24 05:01:26,978 - INFO - Class 4 Accuracy: 35.93%
2024-12-24 05:01:27,077 - INFO - Saved checkpoint at epoch 8
2024-12-24 05:01:27,079 - INFO - Total samples is: <torch.utils.data.dataloader.DataLoader object at 0x000002379909B1A0>
2024-12-24 05:16:38,971 - INFO - Validation parameter calculation time: 0:00:00.019088
2024-12-24 05:16:38,971 - INFO - 
Epoch 9/500:
2024-12-24 05:16:38,971 - INFO - Train Loss: 0.0954, Train Acc: 96.38%
2024-12-24 05:16:38,971 - INFO - Val Loss: 0.1980, Val Acc: 93.75%
2024-12-24 05:16:38,975 - INFO - Class 0 Accuracy: 98.99%
2024-12-24 05:16:38,975 - INFO - Class 1 Accuracy: 94.99%
2024-12-24 05:16:38,976 - INFO - Class 2 Accuracy: 92.33%
2024-12-24 05:16:38,976 - INFO - Class 3 Accuracy: 81.76%
2024-12-24 05:16:38,977 - INFO - Class 4 Accuracy: 68.38%
2024-12-24 05:16:39,120 - INFO - Saved best model with accuracy: 93.75%
2024-12-24 05:16:39,403 - INFO - Saved checkpoint at epoch 9
2024-12-24 05:16:39,406 - INFO - Total samples is: <torch.utils.data.dataloader.DataLoader object at 0x000002379909B1A0>
2024-12-24 05:31:45,505 - INFO - Validation parameter calculation time: 0:00:00.018164
2024-12-24 05:31:45,506 - INFO - 
Epoch 10/500:
2024-12-24 05:31:45,506 - INFO - Train Loss: 0.0937, Train Acc: 96.43%
2024-12-24 05:31:45,506 - INFO - Val Loss: 0.1968, Val Acc: 93.74%
2024-12-24 05:31:45,506 - INFO - Class 0 Accuracy: 98.98%
2024-12-24 05:31:45,507 - INFO - Class 1 Accuracy: 94.87%
2024-12-24 05:31:45,508 - INFO - Class 2 Accuracy: 92.44%
2024-12-24 05:31:45,508 - INFO - Class 3 Accuracy: 81.23%
2024-12-24 05:31:45,509 - INFO - Class 4 Accuracy: 70.14%
2024-12-24 05:31:45,607 - INFO - Saved checkpoint at epoch 10
2024-12-24 05:31:45,608 - INFO - Total samples is: <torch.utils.data.dataloader.DataLoader object at 0x000002379909B1A0>
2024-12-24 05:47:05,163 - INFO - Validation parameter calculation time: 0:00:00.019435
2024-12-24 05:47:05,163 - INFO - 
Epoch 11/500:
2024-12-24 05:47:05,163 - INFO - Train Loss: 0.0929, Train Acc: 96.46%
2024-12-24 05:47:05,164 - INFO - Val Loss: 0.1929, Val Acc: 93.73%
2024-12-24 05:47:05,164 - INFO - Class 0 Accuracy: 98.76%
2024-12-24 05:47:05,165 - INFO - Class 1 Accuracy: 96.07%
2024-12-24 05:47:05,166 - INFO - Class 2 Accuracy: 92.82%
2024-12-24 05:47:05,167 - INFO - Class 3 Accuracy: 80.98%
2024-12-24 05:47:05,168 - INFO - Class 4 Accuracy: 69.35%
2024-12-24 05:47:05,416 - INFO - Saved checkpoint at epoch 11
2024-12-24 05:47:05,418 - INFO - Total samples is: <torch.utils.data.dataloader.DataLoader object at 0x000002379909B1A0>
2024-12-24 06:08:23,706 - INFO - Validation parameter calculation time: 0:00:00.022878
2024-12-24 06:08:23,706 - INFO - 
Epoch 12/500:
2024-12-24 06:08:23,706 - INFO - Train Loss: 0.0925, Train Acc: 96.46%
2024-12-24 06:08:23,706 - INFO - Val Loss: 0.2053, Val Acc: 93.66%
2024-12-24 06:08:23,708 - INFO - Class 0 Accuracy: 98.77%
2024-12-24 06:08:23,708 - INFO - Class 1 Accuracy: 95.83%
2024-12-24 06:08:23,709 - INFO - Class 2 Accuracy: 93.26%
2024-12-24 06:08:23,710 - INFO - Class 3 Accuracy: 79.92%
2024-12-24 06:08:23,711 - INFO - Class 4 Accuracy: 68.61%
2024-12-24 06:08:23,822 - INFO - Saved checkpoint at epoch 12
2024-12-24 06:08:23,824 - INFO - Total samples is: <torch.utils.data.dataloader.DataLoader object at 0x000002379909B1A0>
2024-12-24 06:27:56,133 - INFO - Validation parameter calculation time: 0:00:00.018508
2024-12-24 06:27:56,134 - INFO - 
Epoch 13/500:
2024-12-24 06:27:56,135 - INFO - Train Loss: 0.0917, Train Acc: 96.49%
2024-12-24 06:27:56,135 - INFO - Val Loss: 0.1992, Val Acc: 93.87%
2024-12-24 06:27:56,136 - INFO - Class 0 Accuracy: 98.90%
2024-12-24 06:27:56,136 - INFO - Class 1 Accuracy: 95.42%
2024-12-24 06:27:56,137 - INFO - Class 2 Accuracy: 93.40%
2024-12-24 06:27:56,137 - INFO - Class 3 Accuracy: 80.79%
2024-12-24 06:27:56,137 - INFO - Class 4 Accuracy: 69.02%
2024-12-24 06:27:56,236 - INFO - Saved best model with accuracy: 93.87%
2024-12-24 06:27:56,546 - INFO - Saved checkpoint at epoch 13
2024-12-24 06:27:56,549 - INFO - Total samples is: <torch.utils.data.dataloader.DataLoader object at 0x000002379909B1A0>
2024-12-24 06:45:36,264 - INFO - Validation parameter calculation time: 0:00:00.012107
2024-12-24 06:45:36,264 - INFO - 
Epoch 14/500:
2024-12-24 06:45:36,265 - INFO - Train Loss: 0.0914, Train Acc: 96.50%
2024-12-24 06:45:36,265 - INFO - Val Loss: 0.2029, Val Acc: 93.76%
2024-12-24 06:45:36,266 - INFO - Class 0 Accuracy: 98.87%
2024-12-24 06:45:36,267 - INFO - Class 1 Accuracy: 95.70%
2024-12-24 06:45:36,268 - INFO - Class 2 Accuracy: 93.26%
2024-12-24 06:45:36,269 - INFO - Class 3 Accuracy: 80.62%
2024-12-24 06:45:36,269 - INFO - Class 4 Accuracy: 67.43%
2024-12-24 06:45:36,761 - INFO - Saved checkpoint at epoch 14
2024-12-24 06:45:36,772 - INFO - Total samples is: <torch.utils.data.dataloader.DataLoader object at 0x000002379909B1A0>
2024-12-24 07:01:35,810 - INFO - Validation parameter calculation time: 0:00:00.019096
2024-12-24 07:01:35,811 - INFO - 
Epoch 15/500:
2024-12-24 07:01:35,811 - INFO - Train Loss: 0.0909, Train Acc: 96.51%
2024-12-24 07:01:35,811 - INFO - Val Loss: 0.1919, Val Acc: 93.96%
2024-12-24 07:01:35,811 - INFO - Class 0 Accuracy: 98.67%
2024-12-24 07:01:35,812 - INFO - Class 1 Accuracy: 96.25%
2024-12-24 07:01:35,812 - INFO - Class 2 Accuracy: 93.48%
2024-12-24 07:01:35,813 - INFO - Class 3 Accuracy: 80.60%
2024-12-24 07:01:35,814 - INFO - Class 4 Accuracy: 74.52%
2024-12-24 07:01:35,911 - INFO - Saved best model with accuracy: 93.96%
2024-12-24 07:01:36,088 - INFO - Saved checkpoint at epoch 15
2024-12-24 07:01:36,090 - INFO - Total samples is: <torch.utils.data.dataloader.DataLoader object at 0x000002379909B1A0>
2024-12-24 07:16:43,485 - INFO - Validation parameter calculation time: 0:00:00.019038
2024-12-24 07:16:43,485 - INFO - 
Epoch 16/500:
2024-12-24 07:16:43,485 - INFO - Train Loss: 0.0904, Train Acc: 96.53%
2024-12-24 07:16:43,485 - INFO - Val Loss: 0.2114, Val Acc: 93.74%
2024-12-24 07:16:43,486 - INFO - Class 0 Accuracy: 98.71%
2024-12-24 07:16:43,487 - INFO - Class 1 Accuracy: 95.75%
2024-12-24 07:16:43,487 - INFO - Class 2 Accuracy: 93.57%
2024-12-24 07:16:43,488 - INFO - Class 3 Accuracy: 80.41%
2024-12-24 07:16:43,488 - INFO - Class 4 Accuracy: 68.04%
2024-12-24 07:16:43,676 - INFO - Saved checkpoint at epoch 16
2024-12-24 07:16:43,677 - INFO - Total samples is: <torch.utils.data.dataloader.DataLoader object at 0x000002379909B1A0>
2024-12-24 07:31:52,110 - INFO - Validation parameter calculation time: 0:00:00.018101
2024-12-24 07:31:52,112 - INFO - 
Epoch 17/500:
2024-12-24 07:31:52,112 - INFO - Train Loss: 0.0900, Train Acc: 96.54%
2024-12-24 07:31:52,112 - INFO - Val Loss: 0.2332, Val Acc: 93.33%
2024-12-24 07:31:52,113 - INFO - Class 0 Accuracy: 98.95%
2024-12-24 07:31:52,113 - INFO - Class 1 Accuracy: 95.61%
2024-12-24 07:31:52,114 - INFO - Class 2 Accuracy: 91.83%
2024-12-24 07:31:52,115 - INFO - Class 3 Accuracy: 80.61%
2024-12-24 07:31:52,115 - INFO - Class 4 Accuracy: 63.29%
2024-12-24 07:31:52,219 - INFO - Saved checkpoint at epoch 17
2024-12-24 07:31:52,220 - INFO - Total samples is: <torch.utils.data.dataloader.DataLoader object at 0x000002379909B1A0>
2024-12-24 07:47:04,588 - INFO - Validation parameter calculation time: 0:00:00.014846
2024-12-24 07:47:04,589 - INFO - 
Epoch 18/500:
2024-12-24 07:47:04,589 - INFO - Train Loss: 0.0898, Train Acc: 96.54%
2024-12-24 07:47:04,589 - INFO - Val Loss: 0.1480, Val Acc: 94.73%
2024-12-24 07:47:04,590 - INFO - Class 0 Accuracy: 98.66%
2024-12-24 07:47:04,591 - INFO - Class 1 Accuracy: 94.97%
2024-12-24 07:47:04,591 - INFO - Class 2 Accuracy: 94.29%
2024-12-24 07:47:04,592 - INFO - Class 3 Accuracy: 84.38%
2024-12-24 07:47:04,593 - INFO - Class 4 Accuracy: 78.65%
2024-12-24 07:47:04,708 - INFO - Saved best model with accuracy: 94.73%
2024-12-24 07:47:04,902 - INFO - Saved checkpoint at epoch 18
2024-12-24 07:47:04,903 - INFO - Total samples is: <torch.utils.data.dataloader.DataLoader object at 0x000002379909B1A0>
2024-12-24 08:02:15,295 - INFO - Validation parameter calculation time: 0:00:00.018530
2024-12-24 08:02:15,295 - INFO - 
Epoch 19/500:
2024-12-24 08:02:15,296 - INFO - Train Loss: 0.0896, Train Acc: 96.55%
2024-12-24 08:02:15,296 - INFO - Val Loss: 0.1679, Val Acc: 93.93%
2024-12-24 08:02:15,296 - INFO - Class 0 Accuracy: 98.75%
2024-12-24 08:02:15,297 - INFO - Class 1 Accuracy: 94.57%
2024-12-24 08:02:15,297 - INFO - Class 2 Accuracy: 91.67%
2024-12-24 08:02:15,298 - INFO - Class 3 Accuracy: 82.29%
2024-12-24 08:02:15,299 - INFO - Class 4 Accuracy: 81.63%
2024-12-24 08:02:15,411 - INFO - Saved checkpoint at epoch 19
2024-12-24 08:02:15,413 - INFO - Total samples is: <torch.utils.data.dataloader.DataLoader object at 0x000002379909B1A0>
2024-12-24 08:17:24,509 - INFO - Validation parameter calculation time: 0:00:00.018583
2024-12-24 08:17:24,511 - INFO - 
Epoch 20/500:
2024-12-24 08:17:24,511 - INFO - Train Loss: 0.0893, Train Acc: 96.56%
2024-12-24 08:17:24,511 - INFO - Val Loss: 0.1700, Val Acc: 94.13%
2024-12-24 08:17:24,511 - INFO - Class 0 Accuracy: 98.92%
2024-12-24 08:17:24,512 - INFO - Class 1 Accuracy: 90.36%
2024-12-24 08:17:24,512 - INFO - Class 2 Accuracy: 93.54%
2024-12-24 08:17:24,513 - INFO - Class 3 Accuracy: 83.27%
2024-12-24 08:17:24,513 - INFO - Class 4 Accuracy: 75.44%
2024-12-24 08:17:24,612 - INFO - Saved checkpoint at epoch 20
2024-12-24 08:17:24,614 - INFO - Total samples is: <torch.utils.data.dataloader.DataLoader object at 0x000002379909B1A0>
2024-12-24 08:32:32,097 - INFO - Validation parameter calculation time: 0:00:00.019569
2024-12-24 08:32:32,098 - INFO - 
Epoch 21/500:
2024-12-24 08:32:32,098 - INFO - Train Loss: 0.0891, Train Acc: 96.56%
2024-12-24 08:32:32,098 - INFO - Val Loss: 0.2185, Val Acc: 93.16%
2024-12-24 08:32:32,099 - INFO - Class 0 Accuracy: 99.18%
2024-12-24 08:32:32,099 - INFO - Class 1 Accuracy: 91.57%
2024-12-24 08:32:32,100 - INFO - Class 2 Accuracy: 91.06%
2024-12-24 08:32:32,100 - INFO - Class 3 Accuracy: 79.50%
2024-12-24 08:32:32,101 - INFO - Class 4 Accuracy: 73.28%
2024-12-24 08:32:32,379 - INFO - Saved checkpoint at epoch 21
2024-12-24 08:32:32,381 - INFO - Total samples is: <torch.utils.data.dataloader.DataLoader object at 0x000002379909B1A0>
2024-12-24 08:47:45,092 - INFO - Validation parameter calculation time: 0:00:00.019424
2024-12-24 08:47:45,092 - INFO - 
Epoch 22/500:
2024-12-24 08:47:45,092 - INFO - Train Loss: 0.0888, Train Acc: 96.57%
2024-12-24 08:47:45,092 - INFO - Val Loss: 0.1852, Val Acc: 93.75%
2024-12-24 08:47:45,093 - INFO - Class 0 Accuracy: 99.09%
2024-12-24 08:47:45,093 - INFO - Class 1 Accuracy: 91.28%
2024-12-24 08:47:45,094 - INFO - Class 2 Accuracy: 92.11%
2024-12-24 08:47:45,094 - INFO - Class 3 Accuracy: 82.54%
2024-12-24 08:47:45,094 - INFO - Class 4 Accuracy: 72.67%
2024-12-24 08:47:45,224 - INFO - Saved checkpoint at epoch 22
2024-12-24 08:47:45,226 - INFO - Total samples is: <torch.utils.data.dataloader.DataLoader object at 0x000002379909B1A0>
2024-12-24 09:02:56,341 - INFO - Validation parameter calculation time: 0:00:00.015056
2024-12-24 09:02:56,342 - INFO - 
Epoch 23/500:
2024-12-24 09:02:56,342 - INFO - Train Loss: 0.0885, Train Acc: 96.58%
2024-12-24 09:02:56,342 - INFO - Val Loss: 0.2448, Val Acc: 93.11%
2024-12-24 09:02:56,343 - INFO - Class 0 Accuracy: 99.11%
2024-12-24 09:02:56,345 - INFO - Class 1 Accuracy: 94.37%
2024-12-24 09:02:56,345 - INFO - Class 2 Accuracy: 91.15%
2024-12-24 09:02:56,346 - INFO - Class 3 Accuracy: 79.26%
2024-12-24 09:02:56,347 - INFO - Class 4 Accuracy: 67.48%
2024-12-24 09:02:56,545 - INFO - Saved checkpoint at epoch 23
2024-12-24 09:02:56,547 - INFO - Total samples is: <torch.utils.data.dataloader.DataLoader object at 0x000002379909B1A0>
2024-12-24 09:18:08,503 - INFO - Validation parameter calculation time: 0:00:00.020598
2024-12-24 09:18:08,504 - INFO - 
Epoch 24/500:
2024-12-24 09:18:08,504 - INFO - Train Loss: 0.0882, Train Acc: 96.59%
2024-12-24 09:18:08,504 - INFO - Val Loss: 0.1896, Val Acc: 93.59%
2024-12-24 09:18:08,505 - INFO - Class 0 Accuracy: 98.93%
2024-12-24 09:18:08,505 - INFO - Class 1 Accuracy: 94.48%
2024-12-24 09:18:08,506 - INFO - Class 2 Accuracy: 91.45%
2024-12-24 09:18:08,506 - INFO - Class 3 Accuracy: 81.84%
2024-12-24 09:18:08,507 - INFO - Class 4 Accuracy: 71.53%
2024-12-24 09:18:08,606 - INFO - Saved checkpoint at epoch 24
2024-12-24 09:18:08,608 - INFO - Total samples is: <torch.utils.data.dataloader.DataLoader object at 0x000002379909B1A0>
2024-12-24 09:33:18,781 - INFO - Validation parameter calculation time: 0:00:00.019034
2024-12-24 09:33:18,781 - INFO - 
Epoch 25/500:
2024-12-24 09:33:18,781 - INFO - Train Loss: 0.0867, Train Acc: 96.64%
2024-12-24 09:33:18,781 - INFO - Val Loss: 0.2067, Val Acc: 93.80%
2024-12-24 09:33:18,782 - INFO - Class 0 Accuracy: 98.81%
2024-12-24 09:33:18,783 - INFO - Class 1 Accuracy: 95.79%
2024-12-24 09:33:18,784 - INFO - Class 2 Accuracy: 93.17%
2024-12-24 09:33:18,784 - INFO - Class 3 Accuracy: 80.58%
2024-12-24 09:33:18,785 - INFO - Class 4 Accuracy: 70.24%
2024-12-24 09:33:18,908 - INFO - Saved checkpoint at epoch 25
2024-12-24 09:33:18,910 - INFO - Total samples is: <torch.utils.data.dataloader.DataLoader object at 0x000002379909B1A0>
2024-12-24 09:48:31,582 - INFO - Validation parameter calculation time: 0:00:00.018262
2024-12-24 09:48:31,583 - INFO - 
Epoch 26/500:
2024-12-24 09:48:31,583 - INFO - Train Loss: 0.0864, Train Acc: 96.65%
2024-12-24 09:48:31,583 - INFO - Val Loss: 0.2079, Val Acc: 93.83%
2024-12-24 09:48:31,584 - INFO - Class 0 Accuracy: 98.85%
2024-12-24 09:48:31,585 - INFO - Class 1 Accuracy: 95.79%
2024-12-24 09:48:31,585 - INFO - Class 2 Accuracy: 93.11%
2024-12-24 09:48:31,586 - INFO - Class 3 Accuracy: 80.86%
2024-12-24 09:48:31,586 - INFO - Class 4 Accuracy: 69.82%
2024-12-24 09:48:31,684 - INFO - Saved checkpoint at epoch 26
2024-12-24 09:48:31,685 - INFO - Total samples is: <torch.utils.data.dataloader.DataLoader object at 0x000002379909B1A0>
2024-12-24 10:03:41,042 - INFO - Validation parameter calculation time: 0:00:00.018984
2024-12-24 10:03:41,042 - INFO - 
Epoch 27/500:
2024-12-24 10:03:41,042 - INFO - Train Loss: 0.0862, Train Acc: 96.66%
2024-12-24 10:03:41,042 - INFO - Val Loss: 0.2126, Val Acc: 93.76%
2024-12-24 10:03:41,043 - INFO - Class 0 Accuracy: 98.90%
2024-12-24 10:03:41,043 - INFO - Class 1 Accuracy: 95.87%
2024-12-24 10:03:41,044 - INFO - Class 2 Accuracy: 92.79%
2024-12-24 10:03:41,045 - INFO - Class 3 Accuracy: 80.84%
2024-12-24 10:03:41,045 - INFO - Class 4 Accuracy: 69.19%
2024-12-24 10:03:41,142 - INFO - Saved checkpoint at epoch 27
2024-12-24 10:03:41,143 - INFO - Total samples is: <torch.utils.data.dataloader.DataLoader object at 0x000002379909B1A0>
2024-12-24 10:18:48,448 - INFO - Validation parameter calculation time: 0:00:00.018091
2024-12-24 10:18:48,448 - INFO - 
Epoch 28/500:
2024-12-24 10:18:48,448 - INFO - Train Loss: 0.0861, Train Acc: 96.66%
2024-12-24 10:18:48,448 - INFO - Val Loss: 0.1932, Val Acc: 94.11%
2024-12-24 10:18:48,449 - INFO - Class 0 Accuracy: 98.78%
2024-12-24 10:18:48,450 - INFO - Class 1 Accuracy: 96.02%
2024-12-24 10:18:48,450 - INFO - Class 2 Accuracy: 93.45%
2024-12-24 10:18:48,451 - INFO - Class 3 Accuracy: 81.73%
2024-12-24 10:18:48,451 - INFO - Class 4 Accuracy: 73.11%
2024-12-24 10:18:48,547 - INFO - Saved checkpoint at epoch 28
2024-12-24 10:18:48,549 - INFO - Total samples is: <torch.utils.data.dataloader.DataLoader object at 0x000002379909B1A0>
2024-12-24 10:33:58,562 - INFO - Validation parameter calculation time: 0:00:00.013638
2024-12-24 10:33:58,563 - INFO - 
Epoch 29/500:
2024-12-24 10:33:58,563 - INFO - Train Loss: 0.0860, Train Acc: 96.67%
2024-12-24 10:33:58,564 - INFO - Val Loss: 0.1997, Val Acc: 94.02%
2024-12-24 10:33:58,565 - INFO - Class 0 Accuracy: 98.85%
2024-12-24 10:33:58,566 - INFO - Class 1 Accuracy: 95.81%
2024-12-24 10:33:58,567 - INFO - Class 2 Accuracy: 93.32%
2024-12-24 10:33:58,567 - INFO - Class 3 Accuracy: 81.59%
2024-12-24 10:33:58,568 - INFO - Class 4 Accuracy: 71.02%
2024-12-24 10:33:58,732 - INFO - Saved checkpoint at epoch 29
2024-12-24 10:33:58,734 - INFO - Total samples is: <torch.utils.data.dataloader.DataLoader object at 0x000002379909B1A0>
2024-12-24 10:49:08,008 - INFO - Validation parameter calculation time: 0:00:00.019341
2024-12-24 10:49:08,009 - INFO - 
Epoch 30/500:
2024-12-24 10:49:08,009 - INFO - Train Loss: 0.0859, Train Acc: 96.67%
2024-12-24 10:49:08,009 - INFO - Val Loss: 0.2033, Val Acc: 93.94%
2024-12-24 10:49:08,011 - INFO - Class 0 Accuracy: 98.84%
2024-12-24 10:49:08,012 - INFO - Class 1 Accuracy: 95.79%
2024-12-24 10:49:08,012 - INFO - Class 2 Accuracy: 93.38%
2024-12-24 10:49:08,013 - INFO - Class 3 Accuracy: 80.98%
2024-12-24 10:49:08,013 - INFO - Class 4 Accuracy: 71.00%
2024-12-24 10:49:08,373 - INFO - Saved checkpoint at epoch 30
2024-12-24 10:49:08,382 - INFO - Total samples is: <torch.utils.data.dataloader.DataLoader object at 0x000002379909B1A0>
2024-12-24 11:04:20,148 - INFO - Validation parameter calculation time: 0:00:00.018902
2024-12-24 11:04:20,148 - INFO - 
Epoch 31/500:
2024-12-24 11:04:20,148 - INFO - Train Loss: 0.0857, Train Acc: 96.67%
2024-12-24 11:04:20,148 - INFO - Val Loss: 0.2075, Val Acc: 93.91%
2024-12-24 11:04:20,149 - INFO - Class 0 Accuracy: 98.84%
2024-12-24 11:04:20,149 - INFO - Class 1 Accuracy: 95.85%
2024-12-24 11:04:20,150 - INFO - Class 2 Accuracy: 93.40%
2024-12-24 11:04:20,150 - INFO - Class 3 Accuracy: 80.77%
2024-12-24 11:04:20,150 - INFO - Class 4 Accuracy: 70.50%
2024-12-24 11:04:20,251 - INFO - Saved checkpoint at epoch 31
2024-12-24 11:04:20,252 - INFO - Total samples is: <torch.utils.data.dataloader.DataLoader object at 0x000002379909B1A0>
2024-12-24 11:19:28,042 - INFO - Validation parameter calculation time: 0:00:00.013564
2024-12-24 11:19:28,043 - INFO - 
Epoch 32/500:
2024-12-24 11:19:28,043 - INFO - Train Loss: 0.0856, Train Acc: 96.68%
2024-12-24 11:19:28,043 - INFO - Val Loss: 0.2039, Val Acc: 93.96%
2024-12-24 11:19:28,044 - INFO - Class 0 Accuracy: 98.81%
2024-12-24 11:19:28,045 - INFO - Class 1 Accuracy: 95.93%
2024-12-24 11:19:28,046 - INFO - Class 2 Accuracy: 93.42%
2024-12-24 11:19:28,047 - INFO - Class 3 Accuracy: 81.13%
2024-12-24 11:19:28,048 - INFO - Class 4 Accuracy: 70.72%
2024-12-24 11:19:28,224 - INFO - Saved checkpoint at epoch 32
2024-12-24 11:19:28,226 - INFO - Total samples is: <torch.utils.data.dataloader.DataLoader object at 0x000002379909B1A0>
2024-12-24 11:34:39,285 - INFO - Validation parameter calculation time: 0:00:00.019146
2024-12-24 11:34:39,286 - INFO - 
Epoch 33/500:
2024-12-24 11:34:39,286 - INFO - Train Loss: 0.0856, Train Acc: 96.68%
2024-12-24 11:34:39,286 - INFO - Val Loss: 0.2036, Val Acc: 93.96%
2024-12-24 11:34:39,287 - INFO - Class 0 Accuracy: 98.82%
2024-12-24 11:34:39,287 - INFO - Class 1 Accuracy: 95.94%
2024-12-24 11:34:39,288 - INFO - Class 2 Accuracy: 93.38%
2024-12-24 11:34:39,288 - INFO - Class 3 Accuracy: 81.13%
2024-12-24 11:34:39,289 - INFO - Class 4 Accuracy: 70.92%
2024-12-24 11:34:39,390 - INFO - Saved checkpoint at epoch 33
2024-12-24 11:34:39,391 - INFO - Total samples is: <torch.utils.data.dataloader.DataLoader object at 0x000002379909B1A0>
2024-12-24 11:49:46,041 - INFO - Validation parameter calculation time: 0:00:00.018099
2024-12-24 11:49:46,042 - INFO - 
Epoch 34/500:
2024-12-24 11:49:46,042 - INFO - Train Loss: 0.0856, Train Acc: 96.68%
2024-12-24 11:49:46,042 - INFO - Val Loss: 0.2031, Val Acc: 93.98%
2024-12-24 11:49:46,043 - INFO - Class 0 Accuracy: 98.79%
2024-12-24 11:49:46,043 - INFO - Class 1 Accuracy: 95.99%
2024-12-24 11:49:46,044 - INFO - Class 2 Accuracy: 93.40%
2024-12-24 11:49:46,044 - INFO - Class 3 Accuracy: 81.23%
2024-12-24 11:49:46,045 - INFO - Class 4 Accuracy: 71.19%
2024-12-24 11:49:46,141 - INFO - Saved checkpoint at epoch 34
2024-12-24 11:49:46,143 - INFO - Total samples is: <torch.utils.data.dataloader.DataLoader object at 0x000002379909B1A0>
2024-12-24 12:04:50,640 - INFO - Validation parameter calculation time: 0:00:00.021184
2024-12-24 12:04:50,641 - INFO - 
Epoch 35/500:
2024-12-24 12:04:50,641 - INFO - Train Loss: 0.0856, Train Acc: 96.68%
2024-12-24 12:04:50,641 - INFO - Val Loss: 0.2070, Val Acc: 93.96%
2024-12-24 12:04:50,641 - INFO - Class 0 Accuracy: 98.81%
2024-12-24 12:04:50,642 - INFO - Class 1 Accuracy: 95.80%
2024-12-24 12:04:50,642 - INFO - Class 2 Accuracy: 93.51%
2024-12-24 12:04:50,643 - INFO - Class 3 Accuracy: 80.92%
2024-12-24 12:04:50,644 - INFO - Class 4 Accuracy: 71.15%
2024-12-24 12:04:50,751 - INFO - Saved checkpoint at epoch 35
2024-12-24 12:04:50,753 - INFO - Total samples is: <torch.utils.data.dataloader.DataLoader object at 0x000002379909B1A0>
2024-12-24 12:20:02,822 - INFO - Validation parameter calculation time: 0:00:00.019133
2024-12-24 12:20:02,823 - INFO - 
Epoch 36/500:
2024-12-24 12:20:02,823 - INFO - Train Loss: 0.0855, Train Acc: 96.68%
2024-12-24 12:20:02,823 - INFO - Val Loss: 0.2074, Val Acc: 93.95%
2024-12-24 12:20:02,823 - INFO - Class 0 Accuracy: 98.85%
2024-12-24 12:20:02,824 - INFO - Class 1 Accuracy: 95.84%
2024-12-24 12:20:02,824 - INFO - Class 2 Accuracy: 93.36%
2024-12-24 12:20:02,825 - INFO - Class 3 Accuracy: 81.12%
2024-12-24 12:20:02,825 - INFO - Class 4 Accuracy: 70.37%
2024-12-24 12:20:02,922 - INFO - Saved checkpoint at epoch 36
2024-12-24 12:20:02,924 - INFO - Total samples is: <torch.utils.data.dataloader.DataLoader object at 0x000002379909B1A0>
2024-12-24 12:34:47,635 - INFO - Validation parameter calculation time: 0:00:00.013128
2024-12-24 12:34:47,636 - INFO - 
Epoch 37/500:
2024-12-24 12:34:47,636 - INFO - Train Loss: 0.0856, Train Acc: 96.68%
2024-12-24 12:34:47,636 - INFO - Val Loss: 0.2063, Val Acc: 93.96%
2024-12-24 12:34:47,637 - INFO - Class 0 Accuracy: 98.85%
2024-12-24 12:34:47,638 - INFO - Class 1 Accuracy: 95.87%
2024-12-24 12:34:47,638 - INFO - Class 2 Accuracy: 93.28%
2024-12-24 12:34:47,639 - INFO - Class 3 Accuracy: 81.21%
2024-12-24 12:34:47,639 - INFO - Class 4 Accuracy: 70.71%
2024-12-24 12:34:47,763 - INFO - Saved checkpoint at epoch 37
2024-12-24 12:34:47,765 - INFO - Total samples is: <torch.utils.data.dataloader.DataLoader object at 0x000002379909B1A0>
2024-12-24 12:50:07,574 - INFO - Validation parameter calculation time: 0:00:00.019121
2024-12-24 12:50:07,575 - INFO - 
Epoch 38/500:
2024-12-24 12:50:07,575 - INFO - Train Loss: 0.0855, Train Acc: 96.68%
2024-12-24 12:50:07,575 - INFO - Val Loss: 0.2076, Val Acc: 93.93%
2024-12-24 12:50:07,575 - INFO - Class 0 Accuracy: 98.79%
2024-12-24 12:50:07,576 - INFO - Class 1 Accuracy: 95.91%
2024-12-24 12:50:07,577 - INFO - Class 2 Accuracy: 93.47%
2024-12-24 12:50:07,577 - INFO - Class 3 Accuracy: 80.91%
2024-12-24 12:50:07,578 - INFO - Class 4 Accuracy: 70.79%
2024-12-24 12:50:07,676 - INFO - Saved checkpoint at epoch 38
2024-12-24 12:50:07,677 - INFO - Total samples is: <torch.utils.data.dataloader.DataLoader object at 0x000002379909B1A0>
2024-12-24 13:05:17,501 - INFO - Validation parameter calculation time: 0:00:00.018948
2024-12-24 13:05:17,501 - INFO - 
Epoch 39/500:
2024-12-24 13:05:17,501 - INFO - Train Loss: 0.0856, Train Acc: 96.68%
2024-12-24 13:05:17,501 - INFO - Val Loss: 0.2053, Val Acc: 94.00%
2024-12-24 13:05:17,501 - INFO - Class 0 Accuracy: 98.77%
2024-12-24 13:05:17,502 - INFO - Class 1 Accuracy: 96.09%
2024-12-24 13:05:17,502 - INFO - Class 2 Accuracy: 93.41%
2024-12-24 13:05:17,503 - INFO - Class 3 Accuracy: 81.33%
2024-12-24 13:05:17,504 - INFO - Class 4 Accuracy: 71.59%
2024-12-24 13:05:17,603 - INFO - Saved checkpoint at epoch 39
2024-12-24 13:05:17,605 - INFO - Total samples is: <torch.utils.data.dataloader.DataLoader object at 0x000002379909B1A0>
2024-12-24 13:20:25,471 - INFO - Validation parameter calculation time: 0:00:00.019100
2024-12-24 13:20:25,472 - INFO - 
Epoch 40/500:
2024-12-24 13:20:25,472 - INFO - Train Loss: 0.0855, Train Acc: 96.68%
2024-12-24 13:20:25,472 - INFO - Val Loss: 0.2048, Val Acc: 93.95%
2024-12-24 13:20:25,473 - INFO - Class 0 Accuracy: 98.82%
2024-12-24 13:20:25,473 - INFO - Class 1 Accuracy: 95.88%
2024-12-24 13:20:25,474 - INFO - Class 2 Accuracy: 93.41%
2024-12-24 13:20:25,474 - INFO - Class 3 Accuracy: 81.05%
2024-12-24 13:20:25,474 - INFO - Class 4 Accuracy: 70.94%
2024-12-24 13:20:25,570 - INFO - Saved checkpoint at epoch 40
2024-12-24 13:20:25,572 - INFO - Total samples is: <torch.utils.data.dataloader.DataLoader object at 0x000002379909B1A0>
2024-12-24 13:35:35,152 - INFO - Validation parameter calculation time: 0:00:00.019606
2024-12-24 13:35:35,152 - INFO - 
Epoch 41/500:
2024-12-24 13:35:35,152 - INFO - Train Loss: 0.0855, Train Acc: 96.68%
2024-12-24 13:35:35,152 - INFO - Val Loss: 0.2055, Val Acc: 93.94%
2024-12-24 13:35:35,153 - INFO - Class 0 Accuracy: 98.85%
2024-12-24 13:35:35,153 - INFO - Class 1 Accuracy: 95.77%
2024-12-24 13:35:35,154 - INFO - Class 2 Accuracy: 93.26%
2024-12-24 13:35:35,154 - INFO - Class 3 Accuracy: 81.16%
2024-12-24 13:35:35,154 - INFO - Class 4 Accuracy: 70.70%
2024-12-24 13:35:35,295 - INFO - Saved checkpoint at epoch 41
2024-12-24 13:35:35,296 - INFO - Total samples is: <torch.utils.data.dataloader.DataLoader object at 0x000002379909B1A0>
2024-12-24 13:53:10,170 - INFO - Validation parameter calculation time: 0:00:00.024937
2024-12-24 13:53:10,170 - INFO - 
Epoch 42/500:
2024-12-24 13:53:10,170 - INFO - Train Loss: 0.0855, Train Acc: 96.68%
2024-12-24 13:53:10,170 - INFO - Val Loss: 0.2062, Val Acc: 93.95%
2024-12-24 13:53:10,171 - INFO - Class 0 Accuracy: 98.85%
2024-12-24 13:53:10,171 - INFO - Class 1 Accuracy: 95.75%
2024-12-24 13:53:10,172 - INFO - Class 2 Accuracy: 93.31%
2024-12-24 13:53:10,172 - INFO - Class 3 Accuracy: 81.08%
2024-12-24 13:53:10,173 - INFO - Class 4 Accuracy: 71.14%
2024-12-24 13:53:10,277 - INFO - Saved checkpoint at epoch 42
2024-12-24 13:53:10,278 - INFO - Total samples is: <torch.utils.data.dataloader.DataLoader object at 0x000002379909B1A0>
2024-12-24 14:15:58,439 - INFO - Validation parameter calculation time: 0:00:00.021585
2024-12-24 14:15:58,440 - INFO - 
Epoch 43/500:
2024-12-24 14:15:58,440 - INFO - Train Loss: 0.0856, Train Acc: 96.68%
2024-12-24 14:15:58,440 - INFO - Val Loss: 0.2075, Val Acc: 93.90%
2024-12-24 14:15:58,441 - INFO - Class 0 Accuracy: 98.85%
2024-12-24 14:15:58,441 - INFO - Class 1 Accuracy: 95.82%
2024-12-24 14:15:58,442 - INFO - Class 2 Accuracy: 93.27%
2024-12-24 14:15:58,442 - INFO - Class 3 Accuracy: 80.97%
2024-12-24 14:15:58,443 - INFO - Class 4 Accuracy: 70.24%
2024-12-24 14:15:58,549 - INFO - Saved checkpoint at epoch 43
2024-12-24 14:15:58,550 - INFO - Total samples is: <torch.utils.data.dataloader.DataLoader object at 0x000002379909B1A0>
2024-12-24 14:33:49,639 - INFO - Validation parameter calculation time: 0:00:00.018601
2024-12-24 14:33:49,639 - INFO - 
Epoch 44/500:
2024-12-24 14:33:49,639 - INFO - Train Loss: 0.0856, Train Acc: 96.68%
2024-12-24 14:33:49,639 - INFO - Val Loss: 0.2064, Val Acc: 93.96%
2024-12-24 14:33:49,640 - INFO - Class 0 Accuracy: 98.84%
2024-12-24 14:33:49,640 - INFO - Class 1 Accuracy: 95.85%
2024-12-24 14:33:49,641 - INFO - Class 2 Accuracy: 93.39%
2024-12-24 14:33:49,642 - INFO - Class 3 Accuracy: 81.07%
2024-12-24 14:33:49,642 - INFO - Class 4 Accuracy: 70.80%
2024-12-24 14:33:49,738 - INFO - Saved checkpoint at epoch 44
2024-12-24 14:33:49,739 - INFO - Total samples is: <torch.utils.data.dataloader.DataLoader object at 0x000002379909B1A0>
2024-12-24 14:51:36,533 - INFO - Validation parameter calculation time: 0:00:00.019037
2024-12-24 14:51:36,533 - INFO - 
Epoch 45/500:
2024-12-24 14:51:36,533 - INFO - Train Loss: 0.0856, Train Acc: 96.68%
2024-12-24 14:51:36,533 - INFO - Val Loss: 0.2055, Val Acc: 93.99%
2024-12-24 14:51:36,534 - INFO - Class 0 Accuracy: 98.80%
2024-12-24 14:51:36,534 - INFO - Class 1 Accuracy: 95.97%
2024-12-24 14:51:36,535 - INFO - Class 2 Accuracy: 93.52%
2024-12-24 14:51:36,535 - INFO - Class 3 Accuracy: 81.12%
2024-12-24 14:51:36,535 - INFO - Class 4 Accuracy: 71.22%
2024-12-24 14:51:36,630 - INFO - Saved checkpoint at epoch 45
2024-12-24 14:51:36,631 - INFO - Total samples is: <torch.utils.data.dataloader.DataLoader object at 0x000002379909B1A0>
2024-12-24 15:07:03,029 - INFO - Validation parameter calculation time: 0:00:00.019206
2024-12-24 15:07:03,029 - INFO - 
Epoch 46/500:
2024-12-24 15:07:03,030 - INFO - Train Loss: 0.0856, Train Acc: 96.68%
2024-12-24 15:07:03,030 - INFO - Val Loss: 0.2065, Val Acc: 93.97%
2024-12-24 15:07:03,031 - INFO - Class 0 Accuracy: 98.82%
2024-12-24 15:07:03,032 - INFO - Class 1 Accuracy: 95.75%
2024-12-24 15:07:03,033 - INFO - Class 2 Accuracy: 93.54%
2024-12-24 15:07:03,033 - INFO - Class 3 Accuracy: 80.96%
2024-12-24 15:07:03,034 - INFO - Class 4 Accuracy: 71.11%
2024-12-24 15:07:03,349 - INFO - Saved checkpoint at epoch 46
2024-12-24 15:07:03,351 - INFO - Total samples is: <torch.utils.data.dataloader.DataLoader object at 0x000002379909B1A0>
2024-12-24 15:22:15,244 - INFO - Validation parameter calculation time: 0:00:00.018531
2024-12-24 15:22:15,244 - INFO - 
Epoch 47/500:
2024-12-24 15:22:15,246 - INFO - Train Loss: 0.0856, Train Acc: 96.68%
2024-12-24 15:22:15,246 - INFO - Val Loss: 0.2072, Val Acc: 93.94%
2024-12-24 15:22:15,246 - INFO - Class 0 Accuracy: 98.81%
2024-12-24 15:22:15,247 - INFO - Class 1 Accuracy: 95.99%
2024-12-24 15:22:15,248 - INFO - Class 2 Accuracy: 93.32%
2024-12-24 15:22:15,248 - INFO - Class 3 Accuracy: 81.10%
2024-12-24 15:22:15,248 - INFO - Class 4 Accuracy: 70.97%
2024-12-24 15:22:15,372 - INFO - Saved checkpoint at epoch 47
2024-12-24 15:22:15,374 - INFO - Total samples is: <torch.utils.data.dataloader.DataLoader object at 0x000002379909B1A0>
2024-12-24 15:37:26,920 - INFO - Validation parameter calculation time: 0:00:00.018485
2024-12-24 15:37:26,921 - INFO - 
Epoch 48/500:
2024-12-24 15:37:26,921 - INFO - Train Loss: 0.0855, Train Acc: 96.68%
2024-12-24 15:37:26,921 - INFO - Val Loss: 0.2064, Val Acc: 93.95%
2024-12-24 15:37:26,921 - INFO - Class 0 Accuracy: 98.83%
2024-12-24 15:37:26,922 - INFO - Class 1 Accuracy: 95.90%
2024-12-24 15:37:26,922 - INFO - Class 2 Accuracy: 93.33%
2024-12-24 15:37:26,923 - INFO - Class 3 Accuracy: 81.11%
2024-12-24 15:37:26,923 - INFO - Class 4 Accuracy: 70.90%
2024-12-24 15:37:27,023 - INFO - Saved checkpoint at epoch 48
2024-12-24 15:37:27,025 - INFO - Total samples is: <torch.utils.data.dataloader.DataLoader object at 0x000002379909B1A0>
2024-12-24 15:52:34,907 - INFO - Validation parameter calculation time: 0:00:00.018527
2024-12-24 15:52:34,908 - INFO - 
Epoch 49/500:
2024-12-24 15:52:34,908 - INFO - Train Loss: 0.0856, Train Acc: 96.68%
2024-12-24 15:52:34,908 - INFO - Val Loss: 0.2032, Val Acc: 93.98%
2024-12-24 15:52:34,909 - INFO - Class 0 Accuracy: 98.82%
2024-12-24 15:52:34,909 - INFO - Class 1 Accuracy: 95.86%
2024-12-24 15:52:34,910 - INFO - Class 2 Accuracy: 93.43%
2024-12-24 15:52:34,910 - INFO - Class 3 Accuracy: 81.14%
2024-12-24 15:52:34,911 - INFO - Class 4 Accuracy: 71.15%
2024-12-24 15:52:35,007 - INFO - Saved checkpoint at epoch 49
2024-12-24 15:52:35,009 - INFO - Total samples is: <torch.utils.data.dataloader.DataLoader object at 0x000002379909B1A0>
2024-12-24 16:07:45,594 - INFO - Validation parameter calculation time: 0:00:00.018493
2024-12-24 16:07:45,595 - INFO - 
Epoch 50/500:
2024-12-24 16:07:45,595 - INFO - Train Loss: 0.0855, Train Acc: 96.68%
2024-12-24 16:07:45,595 - INFO - Val Loss: 0.2042, Val Acc: 93.96%
2024-12-24 16:07:45,596 - INFO - Class 0 Accuracy: 98.85%
2024-12-24 16:07:45,597 - INFO - Class 1 Accuracy: 95.77%
2024-12-24 16:07:45,597 - INFO - Class 2 Accuracy: 93.35%
2024-12-24 16:07:45,597 - INFO - Class 3 Accuracy: 81.20%
2024-12-24 16:07:45,597 - INFO - Class 4 Accuracy: 70.82%
2024-12-24 16:07:45,720 - INFO - Saved checkpoint at epoch 50
2024-12-24 16:07:45,721 - INFO - Total samples is: <torch.utils.data.dataloader.DataLoader object at 0x000002379909B1A0>
2024-12-24 16:22:53,943 - INFO - Validation parameter calculation time: 0:00:00.019112
2024-12-24 16:22:53,943 - INFO - 
Epoch 51/500:
2024-12-24 16:22:53,943 - INFO - Train Loss: 0.0855, Train Acc: 96.68%
2024-12-24 16:22:53,943 - INFO - Val Loss: 0.2036, Val Acc: 93.96%
2024-12-24 16:22:53,943 - INFO - Class 0 Accuracy: 98.84%
2024-12-24 16:22:53,944 - INFO - Class 1 Accuracy: 95.94%
2024-12-24 16:22:53,944 - INFO - Class 2 Accuracy: 93.31%
2024-12-24 16:22:53,945 - INFO - Class 3 Accuracy: 81.18%
2024-12-24 16:22:53,945 - INFO - Class 4 Accuracy: 70.83%
2024-12-24 16:22:54,042 - INFO - Saved checkpoint at epoch 51
2024-12-24 16:22:54,043 - INFO - Total samples is: <torch.utils.data.dataloader.DataLoader object at 0x000002379909B1A0>
2024-12-24 16:38:04,501 - INFO - Validation parameter calculation time: 0:00:00.018549
2024-12-24 16:38:04,501 - INFO - 
Epoch 52/500:
2024-12-24 16:38:04,502 - INFO - Train Loss: 0.0856, Train Acc: 96.68%
2024-12-24 16:38:04,502 - INFO - Val Loss: 0.2068, Val Acc: 93.98%
2024-12-24 16:38:04,502 - INFO - Class 0 Accuracy: 98.81%
2024-12-24 16:38:04,503 - INFO - Class 1 Accuracy: 95.83%
2024-12-24 16:38:04,503 - INFO - Class 2 Accuracy: 93.49%
2024-12-24 16:38:04,504 - INFO - Class 3 Accuracy: 81.09%
2024-12-24 16:38:04,504 - INFO - Class 4 Accuracy: 71.18%
2024-12-24 16:38:04,604 - INFO - Saved checkpoint at epoch 52
2024-12-24 16:38:04,606 - INFO - Total samples is: <torch.utils.data.dataloader.DataLoader object at 0x000002379909B1A0>
2024-12-24 16:53:14,090 - INFO - Validation parameter calculation time: 0:00:00.019184
2024-12-24 16:53:14,091 - INFO - 
Epoch 53/500:
2024-12-24 16:53:14,091 - INFO - Train Loss: 0.0855, Train Acc: 96.68%
2024-12-24 16:53:14,091 - INFO - Val Loss: 0.2065, Val Acc: 93.95%
2024-12-24 16:53:14,091 - INFO - Class 0 Accuracy: 98.81%
2024-12-24 16:53:14,092 - INFO - Class 1 Accuracy: 95.90%
2024-12-24 16:53:14,092 - INFO - Class 2 Accuracy: 93.43%
2024-12-24 16:53:14,093 - INFO - Class 3 Accuracy: 81.01%
2024-12-24 16:53:14,093 - INFO - Class 4 Accuracy: 70.79%
2024-12-24 16:53:14,190 - INFO - Saved checkpoint at epoch 53
2024-12-24 16:53:14,191 - INFO - Total samples is: <torch.utils.data.dataloader.DataLoader object at 0x000002379909B1A0>
2024-12-24 17:11:19,782 - INFO - Validation parameter calculation time: 0:00:00.022847
2024-12-24 17:11:19,783 - INFO - 
Epoch 54/500:
2024-12-24 17:11:19,783 - INFO - Train Loss: 0.0856, Train Acc: 96.68%
2024-12-24 17:11:19,783 - INFO - Val Loss: 0.2053, Val Acc: 93.94%
2024-12-24 17:11:19,783 - INFO - Class 0 Accuracy: 98.82%
2024-12-24 17:11:19,783 - INFO - Class 1 Accuracy: 95.85%
2024-12-24 17:11:19,784 - INFO - Class 2 Accuracy: 93.26%
2024-12-24 17:11:19,785 - INFO - Class 3 Accuracy: 81.18%
2024-12-24 17:11:19,786 - INFO - Class 4 Accuracy: 71.10%
2024-12-24 17:11:19,947 - INFO - Saved checkpoint at epoch 54
2024-12-24 17:11:19,949 - INFO - Total samples is: <torch.utils.data.dataloader.DataLoader object at 0x000002379909B1A0>
2024-12-24 17:32:42,086 - INFO - Validation parameter calculation time: 0:00:00.018024
2024-12-24 17:32:42,087 - INFO - 
Epoch 55/500:
2024-12-24 17:32:42,087 - INFO - Train Loss: 0.0856, Train Acc: 96.68%
2024-12-24 17:32:42,087 - INFO - Val Loss: 0.2073, Val Acc: 93.97%
2024-12-24 17:32:42,088 - INFO - Class 0 Accuracy: 98.82%
2024-12-24 17:32:42,089 - INFO - Class 1 Accuracy: 95.89%
2024-12-24 17:32:42,089 - INFO - Class 2 Accuracy: 93.39%
2024-12-24 17:32:42,089 - INFO - Class 3 Accuracy: 81.10%
2024-12-24 17:32:42,090 - INFO - Class 4 Accuracy: 71.31%
2024-12-24 17:32:42,190 - INFO - Saved checkpoint at epoch 55
2024-12-24 17:32:42,191 - INFO - Total samples is: <torch.utils.data.dataloader.DataLoader object at 0x000002379909B1A0>
2024-12-24 17:50:11,782 - INFO - Validation parameter calculation time: 0:00:00.014611
2024-12-24 17:50:11,783 - INFO - 
Epoch 56/500:
2024-12-24 17:50:11,783 - INFO - Train Loss: 0.0856, Train Acc: 96.68%
2024-12-24 17:50:11,784 - INFO - Val Loss: 0.2074, Val Acc: 93.92%
2024-12-24 17:50:11,785 - INFO - Class 0 Accuracy: 98.84%
2024-12-24 17:50:11,786 - INFO - Class 1 Accuracy: 95.84%
2024-12-24 17:50:11,788 - INFO - Class 2 Accuracy: 93.34%
2024-12-24 17:50:11,789 - INFO - Class 3 Accuracy: 80.98%
2024-12-24 17:50:11,789 - INFO - Class 4 Accuracy: 70.49%
2024-12-24 17:50:11,925 - INFO - Saved checkpoint at epoch 56
2024-12-24 17:50:11,926 - INFO - Total samples is: <torch.utils.data.dataloader.DataLoader object at 0x000002379909B1A0>
2024-12-24 18:07:25,585 - INFO - Validation parameter calculation time: 0:00:00.013612
2024-12-24 18:07:25,585 - INFO - 
Epoch 57/500:
2024-12-24 18:07:25,586 - INFO - Train Loss: 0.0856, Train Acc: 96.68%
2024-12-24 18:07:25,586 - INFO - Val Loss: 0.2095, Val Acc: 93.88%
2024-12-24 18:07:25,587 - INFO - Class 0 Accuracy: 98.84%
2024-12-24 18:07:25,588 - INFO - Class 1 Accuracy: 95.92%
2024-12-24 18:07:25,588 - INFO - Class 2 Accuracy: 93.22%
2024-12-24 18:07:25,589 - INFO - Class 3 Accuracy: 80.85%
2024-12-24 18:07:25,589 - INFO - Class 4 Accuracy: 70.43%
2024-12-24 18:07:25,755 - INFO - Saved checkpoint at epoch 57
2024-12-24 18:07:25,757 - INFO - Total samples is: <torch.utils.data.dataloader.DataLoader object at 0x000002379909B1A0>
2024-12-24 18:22:36,954 - INFO - Validation parameter calculation time: 0:00:00.019426
2024-12-24 18:22:36,954 - INFO - 
Epoch 58/500:
2024-12-24 18:22:36,954 - INFO - Train Loss: 0.0855, Train Acc: 96.68%
2024-12-24 18:22:36,954 - INFO - Val Loss: 0.2034, Val Acc: 93.98%
2024-12-24 18:22:36,956 - INFO - Class 0 Accuracy: 98.84%
2024-12-24 18:22:36,957 - INFO - Class 1 Accuracy: 95.90%
2024-12-24 18:22:36,957 - INFO - Class 2 Accuracy: 93.27%
2024-12-24 18:22:36,959 - INFO - Class 3 Accuracy: 81.29%
2024-12-24 18:22:36,959 - INFO - Class 4 Accuracy: 71.45%
2024-12-24 18:22:37,061 - INFO - Saved checkpoint at epoch 58
2024-12-24 18:22:37,062 - INFO - Total samples is: <torch.utils.data.dataloader.DataLoader object at 0x000002379909B1A0>
2024-12-24 18:37:44,905 - INFO - Validation parameter calculation time: 0:00:00.013169
2024-12-24 18:37:44,907 - INFO - 
Epoch 59/500:
2024-12-24 18:37:44,907 - INFO - Train Loss: 0.0856, Train Acc: 96.68%
2024-12-24 18:37:44,907 - INFO - Val Loss: 0.2082, Val Acc: 93.92%
2024-12-24 18:37:44,908 - INFO - Class 0 Accuracy: 98.83%
2024-12-24 18:37:44,909 - INFO - Class 1 Accuracy: 95.95%
2024-12-24 18:37:44,910 - INFO - Class 2 Accuracy: 93.27%
2024-12-24 18:37:44,910 - INFO - Class 3 Accuracy: 81.05%
2024-12-24 18:37:44,911 - INFO - Class 4 Accuracy: 70.56%
2024-12-24 18:37:45,069 - INFO - Saved checkpoint at epoch 59
2024-12-24 18:37:45,072 - INFO - Total samples is: <torch.utils.data.dataloader.DataLoader object at 0x000002379909B1A0>
2024-12-24 18:52:48,505 - INFO - Validation parameter calculation time: 0:00:00.019108
2024-12-24 18:52:48,505 - INFO - 
Epoch 60/500:
2024-12-24 18:52:48,505 - INFO - Train Loss: 0.0856, Train Acc: 96.68%
2024-12-24 18:52:48,505 - INFO - Val Loss: 0.2053, Val Acc: 93.92%
2024-12-24 18:52:48,505 - INFO - Class 0 Accuracy: 98.81%
2024-12-24 18:52:48,506 - INFO - Class 1 Accuracy: 95.89%
2024-12-24 18:52:48,507 - INFO - Class 2 Accuracy: 93.25%
2024-12-24 18:52:48,507 - INFO - Class 3 Accuracy: 81.18%
2024-12-24 18:52:48,508 - INFO - Class 4 Accuracy: 70.75%
2024-12-24 18:52:48,611 - INFO - Saved checkpoint at epoch 60
2024-12-24 18:52:48,612 - INFO - Total samples is: <torch.utils.data.dataloader.DataLoader object at 0x000002379909B1A0>
2024-12-24 19:07:50,030 - INFO - Validation parameter calculation time: 0:00:00.018887
2024-12-24 19:07:50,031 - INFO - 
Epoch 61/500:
2024-12-24 19:07:50,031 - INFO - Train Loss: 0.0855, Train Acc: 96.68%
2024-12-24 19:07:50,031 - INFO - Val Loss: 0.2045, Val Acc: 93.98%
2024-12-24 19:07:50,031 - INFO - Class 0 Accuracy: 98.82%
2024-12-24 19:07:50,032 - INFO - Class 1 Accuracy: 95.86%
2024-12-24 19:07:50,032 - INFO - Class 2 Accuracy: 93.45%
2024-12-24 19:07:50,033 - INFO - Class 3 Accuracy: 81.14%
2024-12-24 19:07:50,033 - INFO - Class 4 Accuracy: 71.24%
2024-12-24 19:07:50,130 - INFO - Saved checkpoint at epoch 61
2024-12-24 19:07:50,131 - INFO - Total samples is: <torch.utils.data.dataloader.DataLoader object at 0x000002379909B1A0>
2024-12-24 19:22:44,304 - INFO - Validation parameter calculation time: 0:00:00.012083
2024-12-24 19:22:44,305 - INFO - 
Epoch 62/500:
2024-12-24 19:22:44,305 - INFO - Train Loss: 0.0856, Train Acc: 96.68%
2024-12-24 19:22:44,305 - INFO - Val Loss: 0.2059, Val Acc: 93.94%
2024-12-24 19:22:44,306 - INFO - Class 0 Accuracy: 98.83%
2024-12-24 19:22:44,306 - INFO - Class 1 Accuracy: 95.79%
2024-12-24 19:22:44,307 - INFO - Class 2 Accuracy: 93.33%
2024-12-24 19:22:44,307 - INFO - Class 3 Accuracy: 81.08%
2024-12-24 19:22:44,308 - INFO - Class 4 Accuracy: 70.78%
2024-12-24 19:22:44,432 - INFO - Saved checkpoint at epoch 62
2024-12-24 19:22:44,434 - INFO - Total samples is: <torch.utils.data.dataloader.DataLoader object at 0x000002379909B1A0>
2024-12-24 19:37:56,986 - INFO - Validation parameter calculation time: 0:00:00.013203
2024-12-24 19:37:56,987 - INFO - 
Epoch 63/500:
2024-12-24 19:37:56,987 - INFO - Train Loss: 0.0856, Train Acc: 96.68%
2024-12-24 19:37:56,987 - INFO - Val Loss: 0.2077, Val Acc: 93.94%
2024-12-24 19:37:56,988 - INFO - Class 0 Accuracy: 98.84%
2024-12-24 19:37:56,989 - INFO - Class 1 Accuracy: 95.81%
2024-12-24 19:37:56,990 - INFO - Class 2 Accuracy: 93.39%
2024-12-24 19:37:56,990 - INFO - Class 3 Accuracy: 81.01%
2024-12-24 19:37:56,991 - INFO - Class 4 Accuracy: 70.71%
2024-12-24 19:37:57,142 - INFO - Saved checkpoint at epoch 63
2024-12-24 19:37:57,144 - INFO - Total samples is: <torch.utils.data.dataloader.DataLoader object at 0x000002379909B1A0>
2024-12-24 19:53:07,705 - INFO - Validation parameter calculation time: 0:00:00.018580
2024-12-24 19:53:07,705 - INFO - 
Epoch 64/500:
2024-12-24 19:53:07,705 - INFO - Train Loss: 0.0856, Train Acc: 96.68%
2024-12-24 19:53:07,705 - INFO - Val Loss: 0.2071, Val Acc: 93.90%
2024-12-24 19:53:07,706 - INFO - Class 0 Accuracy: 98.84%
2024-12-24 19:53:07,707 - INFO - Class 1 Accuracy: 95.87%
2024-12-24 19:53:07,707 - INFO - Class 2 Accuracy: 93.23%
2024-12-24 19:53:07,707 - INFO - Class 3 Accuracy: 80.98%
2024-12-24 19:53:07,708 - INFO - Class 4 Accuracy: 70.55%
2024-12-24 19:53:07,935 - INFO - Saved checkpoint at epoch 64
2024-12-24 19:53:07,935 - INFO - Total samples is: <torch.utils.data.dataloader.DataLoader object at 0x000002379909B1A0>
2024-12-24 20:08:17,051 - INFO - Validation parameter calculation time: 0:00:00.018391
2024-12-24 20:08:17,052 - INFO - 
Epoch 65/500:
2024-12-24 20:08:17,052 - INFO - Train Loss: 0.0856, Train Acc: 96.68%
2024-12-24 20:08:17,052 - INFO - Val Loss: 0.2074, Val Acc: 93.94%
2024-12-24 20:08:17,053 - INFO - Class 0 Accuracy: 98.86%
2024-12-24 20:08:17,053 - INFO - Class 1 Accuracy: 95.87%
2024-12-24 20:08:17,054 - INFO - Class 2 Accuracy: 93.33%
2024-12-24 20:08:17,054 - INFO - Class 3 Accuracy: 81.09%
2024-12-24 20:08:17,054 - INFO - Class 4 Accuracy: 70.43%
2024-12-24 20:08:17,205 - INFO - Saved checkpoint at epoch 65
2024-12-24 20:08:17,206 - INFO - Total samples is: <torch.utils.data.dataloader.DataLoader object at 0x000002379909B1A0>
2024-12-24 20:23:25,576 - INFO - Validation parameter calculation time: 0:00:00.018847
2024-12-24 20:23:25,576 - INFO - 
Epoch 66/500:
2024-12-24 20:23:25,577 - INFO - Train Loss: 0.0855, Train Acc: 96.68%
2024-12-24 20:23:25,577 - INFO - Val Loss: 0.2080, Val Acc: 93.89%
2024-12-24 20:23:25,577 - INFO - Class 0 Accuracy: 98.84%
2024-12-24 20:23:25,578 - INFO - Class 1 Accuracy: 96.01%
2024-12-24 20:23:25,578 - INFO - Class 2 Accuracy: 93.08%
2024-12-24 20:23:25,579 - INFO - Class 3 Accuracy: 81.18%
2024-12-24 20:23:25,579 - INFO - Class 4 Accuracy: 70.06%
2024-12-24 20:23:25,677 - INFO - Saved checkpoint at epoch 66
2024-12-24 20:23:25,678 - INFO - Total samples is: <torch.utils.data.dataloader.DataLoader object at 0x000002379909B1A0>
2024-12-24 20:38:35,981 - INFO - Validation parameter calculation time: 0:00:00.013180
2024-12-24 20:38:35,982 - INFO - 
Epoch 67/500:
2024-12-24 20:38:35,982 - INFO - Train Loss: 0.0856, Train Acc: 96.68%
2024-12-24 20:38:35,982 - INFO - Val Loss: 0.2081, Val Acc: 93.94%
2024-12-24 20:38:35,983 - INFO - Class 0 Accuracy: 98.81%
2024-12-24 20:38:35,984 - INFO - Class 1 Accuracy: 95.98%
2024-12-24 20:38:35,985 - INFO - Class 2 Accuracy: 93.42%
2024-12-24 20:38:35,985 - INFO - Class 3 Accuracy: 81.01%
2024-12-24 20:38:35,986 - INFO - Class 4 Accuracy: 70.77%
2024-12-24 20:38:36,148 - INFO - Saved checkpoint at epoch 67
2024-12-24 20:38:36,150 - INFO - Total samples is: <torch.utils.data.dataloader.DataLoader object at 0x000002379909B1A0>
2024-12-24 20:53:47,035 - INFO - Validation parameter calculation time: 0:00:00.018577
2024-12-24 20:53:47,036 - INFO - 
Epoch 68/500:
2024-12-24 20:53:47,036 - INFO - Train Loss: 0.0856, Train Acc: 96.68%
2024-12-24 20:53:47,036 - INFO - Val Loss: 0.2067, Val Acc: 93.93%
2024-12-24 20:53:47,036 - INFO - Class 0 Accuracy: 98.85%
2024-12-24 20:53:47,037 - INFO - Class 1 Accuracy: 95.88%
2024-12-24 20:53:47,037 - INFO - Class 2 Accuracy: 93.21%
2024-12-24 20:53:47,038 - INFO - Class 3 Accuracy: 81.19%
2024-12-24 20:53:47,038 - INFO - Class 4 Accuracy: 70.54%
2024-12-24 20:53:47,223 - INFO - Saved checkpoint at epoch 68
2024-12-24 20:53:47,225 - INFO - Total samples is: <torch.utils.data.dataloader.DataLoader object at 0x000002379909B1A0>
2024-12-24 21:08:56,284 - INFO - Validation parameter calculation time: 0:00:00.013282
2024-12-24 21:08:56,285 - INFO - 
Epoch 69/500:
2024-12-24 21:08:56,285 - INFO - Train Loss: 0.0857, Train Acc: 96.67%
2024-12-24 21:08:56,285 - INFO - Val Loss: 0.2062, Val Acc: 93.92%
2024-12-24 21:08:56,286 - INFO - Class 0 Accuracy: 98.85%
2024-12-24 21:08:56,286 - INFO - Class 1 Accuracy: 95.76%
2024-12-24 21:08:56,287 - INFO - Class 2 Accuracy: 93.31%
2024-12-24 21:08:56,288 - INFO - Class 3 Accuracy: 81.00%
2024-12-24 21:08:56,288 - INFO - Class 4 Accuracy: 70.60%
2024-12-24 21:08:56,453 - INFO - Saved checkpoint at epoch 69
2024-12-24 21:08:56,456 - INFO - Total samples is: <torch.utils.data.dataloader.DataLoader object at 0x000002379909B1A0>
2024-12-24 21:24:05,112 - INFO - Validation parameter calculation time: 0:00:00.018816
2024-12-24 21:24:05,113 - INFO - 
Epoch 70/500:
2024-12-24 21:24:05,113 - INFO - Train Loss: 0.0856, Train Acc: 96.68%
2024-12-24 21:24:05,113 - INFO - Val Loss: 0.2091, Val Acc: 93.90%
2024-12-24 21:24:05,113 - INFO - Class 0 Accuracy: 98.86%
2024-12-24 21:24:05,114 - INFO - Class 1 Accuracy: 95.91%
2024-12-24 21:24:05,115 - INFO - Class 2 Accuracy: 93.24%
2024-12-24 21:24:05,115 - INFO - Class 3 Accuracy: 81.00%
2024-12-24 21:24:05,116 - INFO - Class 4 Accuracy: 70.09%
2024-12-24 21:24:05,212 - INFO - Saved checkpoint at epoch 70
2024-12-24 21:24:05,213 - INFO - Total samples is: <torch.utils.data.dataloader.DataLoader object at 0x000002379909B1A0>
2024-12-24 21:39:12,239 - INFO - Validation parameter calculation time: 0:00:00.019556
2024-12-24 21:39:12,239 - INFO - 
Epoch 71/500:
2024-12-24 21:39:12,239 - INFO - Train Loss: 0.0856, Train Acc: 96.68%
2024-12-24 21:39:12,239 - INFO - Val Loss: 0.2103, Val Acc: 93.89%
2024-12-24 21:39:12,240 - INFO - Class 0 Accuracy: 98.83%
2024-12-24 21:39:12,243 - INFO - Class 1 Accuracy: 95.75%
2024-12-24 21:39:12,245 - INFO - Class 2 Accuracy: 93.27%
2024-12-24 21:39:12,247 - INFO - Class 3 Accuracy: 80.99%
2024-12-24 21:39:12,250 - INFO - Class 4 Accuracy: 70.35%
2024-12-24 21:39:12,513 - INFO - Saved checkpoint at epoch 71
2024-12-24 21:39:12,514 - INFO - Total samples is: <torch.utils.data.dataloader.DataLoader object at 0x000002379909B1A0>
2024-12-24 21:54:19,520 - INFO - Validation parameter calculation time: 0:00:00.018017
2024-12-24 21:54:19,521 - INFO - 
Epoch 72/500:
2024-12-24 21:54:19,521 - INFO - Train Loss: 0.0856, Train Acc: 96.68%
2024-12-24 21:54:19,521 - INFO - Val Loss: 0.2075, Val Acc: 93.92%
2024-12-24 21:54:19,522 - INFO - Class 0 Accuracy: 98.84%
2024-12-24 21:54:19,522 - INFO - Class 1 Accuracy: 95.91%
2024-12-24 21:54:19,523 - INFO - Class 2 Accuracy: 93.34%
2024-12-24 21:54:19,523 - INFO - Class 3 Accuracy: 80.96%
2024-12-24 21:54:19,524 - INFO - Class 4 Accuracy: 70.34%
2024-12-24 21:54:19,623 - INFO - Saved checkpoint at epoch 72
2024-12-24 21:54:19,624 - INFO - Total samples is: <torch.utils.data.dataloader.DataLoader object at 0x000002379909B1A0>
2024-12-24 22:09:29,844 - INFO - Validation parameter calculation time: 0:00:00.018034
2024-12-24 22:09:29,844 - INFO - 
Epoch 73/500:
2024-12-24 22:09:29,846 - INFO - Train Loss: 0.0855, Train Acc: 96.68%
2024-12-24 22:09:29,846 - INFO - Val Loss: 0.2088, Val Acc: 93.90%
2024-12-24 22:09:29,846 - INFO - Class 0 Accuracy: 98.86%
2024-12-24 22:09:29,847 - INFO - Class 1 Accuracy: 95.94%
2024-12-24 22:09:29,847 - INFO - Class 2 Accuracy: 93.17%
2024-12-24 22:09:29,848 - INFO - Class 3 Accuracy: 81.03%
2024-12-24 22:09:29,848 - INFO - Class 4 Accuracy: 70.23%
2024-12-24 22:09:29,969 - INFO - Saved checkpoint at epoch 73
2024-12-24 22:09:29,970 - INFO - Total samples is: <torch.utils.data.dataloader.DataLoader object at 0x000002379909B1A0>
2024-12-24 22:24:38,884 - INFO - Validation parameter calculation time: 0:00:00.019059
2024-12-24 22:24:38,884 - INFO - 
Epoch 74/500:
2024-12-24 22:24:38,884 - INFO - Train Loss: 0.0855, Train Acc: 96.68%
2024-12-24 22:24:38,885 - INFO - Val Loss: 0.2066, Val Acc: 93.92%
2024-12-24 22:24:38,885 - INFO - Class 0 Accuracy: 98.83%
2024-12-24 22:24:38,886 - INFO - Class 1 Accuracy: 95.90%
2024-12-24 22:24:38,887 - INFO - Class 2 Accuracy: 93.34%
2024-12-24 22:24:38,887 - INFO - Class 3 Accuracy: 81.02%
2024-12-24 22:24:38,887 - INFO - Class 4 Accuracy: 70.40%
2024-12-24 22:24:38,983 - INFO - Saved checkpoint at epoch 74
2024-12-24 22:24:38,984 - INFO - Total samples is: <torch.utils.data.dataloader.DataLoader object at 0x000002379909B1A0>
2024-12-24 22:39:49,209 - INFO - Validation parameter calculation time: 0:00:00.018627
2024-12-24 22:39:49,209 - INFO - 
Epoch 75/500:
2024-12-24 22:39:49,210 - INFO - Train Loss: 0.0856, Train Acc: 96.68%
2024-12-24 22:39:49,210 - INFO - Val Loss: 0.2046, Val Acc: 93.97%
2024-12-24 22:39:49,211 - INFO - Class 0 Accuracy: 98.82%
2024-12-24 22:39:49,211 - INFO - Class 1 Accuracy: 95.94%
2024-12-24 22:39:49,211 - INFO - Class 2 Accuracy: 93.39%
2024-12-24 22:39:49,212 - INFO - Class 3 Accuracy: 81.17%
2024-12-24 22:39:49,212 - INFO - Class 4 Accuracy: 70.93%
2024-12-24 22:39:49,312 - INFO - Saved checkpoint at epoch 75
2024-12-24 22:39:49,313 - INFO - Total samples is: <torch.utils.data.dataloader.DataLoader object at 0x000002379909B1A0>
2024-12-24 22:55:00,030 - INFO - Validation parameter calculation time: 0:00:00.013553
2024-12-24 22:55:00,031 - INFO - 
Epoch 76/500:
2024-12-24 22:55:00,031 - INFO - Train Loss: 0.0855, Train Acc: 96.68%
2024-12-24 22:55:00,031 - INFO - Val Loss: 0.2056, Val Acc: 93.93%
2024-12-24 22:55:00,032 - INFO - Class 0 Accuracy: 98.84%
2024-12-24 22:55:00,033 - INFO - Class 1 Accuracy: 95.75%
2024-12-24 22:55:00,034 - INFO - Class 2 Accuracy: 93.33%
2024-12-24 22:55:00,034 - INFO - Class 3 Accuracy: 81.12%
2024-12-24 22:55:00,034 - INFO - Class 4 Accuracy: 70.57%
2024-12-24 22:55:00,186 - INFO - Saved checkpoint at epoch 76
2024-12-24 22:55:00,187 - INFO - Total samples is: <torch.utils.data.dataloader.DataLoader object at 0x000002379909B1A0>
2024-12-24 23:10:08,768 - INFO - Validation parameter calculation time: 0:00:00.013148
2024-12-24 23:10:08,769 - INFO - 
Epoch 77/500:
2024-12-24 23:10:08,769 - INFO - Train Loss: 0.0855, Train Acc: 96.68%
2024-12-24 23:10:08,769 - INFO - Val Loss: 0.2065, Val Acc: 93.95%
2024-12-24 23:10:08,770 - INFO - Class 0 Accuracy: 98.82%
2024-12-24 23:10:08,770 - INFO - Class 1 Accuracy: 96.02%
2024-12-24 23:10:08,771 - INFO - Class 2 Accuracy: 93.29%
2024-12-24 23:10:08,772 - INFO - Class 3 Accuracy: 81.12%
2024-12-24 23:10:08,772 - INFO - Class 4 Accuracy: 71.14%
2024-12-24 23:10:08,933 - INFO - Saved checkpoint at epoch 77
2024-12-24 23:10:08,935 - INFO - Total samples is: <torch.utils.data.dataloader.DataLoader object at 0x000002379909B1A0>
2024-12-24 23:25:19,416 - INFO - Validation parameter calculation time: 0:00:00.019242
2024-12-24 23:25:19,417 - INFO - 
Epoch 78/500:
2024-12-24 23:25:19,417 - INFO - Train Loss: 0.0856, Train Acc: 96.68%
2024-12-24 23:25:19,417 - INFO - Val Loss: 0.2062, Val Acc: 93.94%
2024-12-24 23:25:19,418 - INFO - Class 0 Accuracy: 98.85%
2024-12-24 23:25:19,419 - INFO - Class 1 Accuracy: 95.92%
2024-12-24 23:25:19,421 - INFO - Class 2 Accuracy: 93.28%
2024-12-24 23:25:19,422 - INFO - Class 3 Accuracy: 81.15%
2024-12-24 23:25:19,422 - INFO - Class 4 Accuracy: 70.48%
2024-12-24 23:25:19,518 - INFO - Saved checkpoint at epoch 78
2024-12-24 23:25:19,519 - INFO - Total samples is: <torch.utils.data.dataloader.DataLoader object at 0x000002379909B1A0>
2024-12-24 23:40:28,312 - INFO - Validation parameter calculation time: 0:00:00.019568
2024-12-24 23:40:28,313 - INFO - 
Epoch 79/500:
2024-12-24 23:40:28,314 - INFO - Train Loss: 0.0856, Train Acc: 96.68%
2024-12-24 23:40:28,314 - INFO - Val Loss: 0.2085, Val Acc: 93.95%
2024-12-24 23:40:28,315 - INFO - Class 0 Accuracy: 98.81%
2024-12-24 23:40:28,315 - INFO - Class 1 Accuracy: 95.96%
2024-12-24 23:40:28,316 - INFO - Class 2 Accuracy: 93.44%
2024-12-24 23:40:28,317 - INFO - Class 3 Accuracy: 81.00%
2024-12-24 23:40:28,318 - INFO - Class 4 Accuracy: 70.69%
2024-12-24 23:40:28,484 - INFO - Saved checkpoint at epoch 79
2024-12-24 23:40:28,486 - INFO - Total samples is: <torch.utils.data.dataloader.DataLoader object at 0x000002379909B1A0>
2024-12-24 23:55:40,132 - INFO - Validation parameter calculation time: 0:00:00.019625
2024-12-24 23:55:40,132 - INFO - 
Epoch 80/500:
2024-12-24 23:55:40,132 - INFO - Train Loss: 0.0856, Train Acc: 96.68%
2024-12-24 23:55:40,132 - INFO - Val Loss: 0.2089, Val Acc: 93.90%
2024-12-24 23:55:40,133 - INFO - Class 0 Accuracy: 98.83%
2024-12-24 23:55:40,133 - INFO - Class 1 Accuracy: 96.06%
2024-12-24 23:55:40,134 - INFO - Class 2 Accuracy: 93.17%
2024-12-24 23:55:40,134 - INFO - Class 3 Accuracy: 81.06%
2024-12-24 23:55:40,135 - INFO - Class 4 Accuracy: 70.48%
2024-12-24 23:55:40,262 - INFO - Saved checkpoint at epoch 80
2024-12-24 23:55:40,264 - INFO - Total samples is: <torch.utils.data.dataloader.DataLoader object at 0x000002379909B1A0>
2024-12-25 00:10:47,526 - INFO - Validation parameter calculation time: 0:00:00.018680
2024-12-25 00:10:47,527 - INFO - 
Epoch 81/500:
2024-12-25 00:10:47,527 - INFO - Train Loss: 0.0856, Train Acc: 96.68%
2024-12-25 00:10:47,527 - INFO - Val Loss: 0.2063, Val Acc: 93.96%
2024-12-25 00:10:47,527 - INFO - Class 0 Accuracy: 98.81%
2024-12-25 00:10:47,528 - INFO - Class 1 Accuracy: 95.98%
2024-12-25 00:10:47,528 - INFO - Class 2 Accuracy: 93.25%
2024-12-25 00:10:47,529 - INFO - Class 3 Accuracy: 81.23%
2024-12-25 00:10:47,531 - INFO - Class 4 Accuracy: 71.36%
2024-12-25 00:10:47,765 - INFO - Saved checkpoint at epoch 81
2024-12-25 00:10:47,768 - INFO - Total samples is: <torch.utils.data.dataloader.DataLoader object at 0x000002379909B1A0>
2024-12-25 00:25:55,184 - INFO - Validation parameter calculation time: 0:00:00.019484
2024-12-25 00:25:55,184 - INFO - 
Epoch 82/500:
2024-12-25 00:25:55,184 - INFO - Train Loss: 0.0856, Train Acc: 96.67%
2024-12-25 00:25:55,184 - INFO - Val Loss: 0.2056, Val Acc: 93.96%
2024-12-25 00:25:55,185 - INFO - Class 0 Accuracy: 98.82%
2024-12-25 00:25:55,185 - INFO - Class 1 Accuracy: 95.94%
2024-12-25 00:25:55,186 - INFO - Class 2 Accuracy: 93.36%
2024-12-25 00:25:55,186 - INFO - Class 3 Accuracy: 81.19%
2024-12-25 00:25:55,186 - INFO - Class 4 Accuracy: 71.02%
2024-12-25 00:25:55,282 - INFO - Saved checkpoint at epoch 82
2024-12-25 00:25:55,283 - INFO - Total samples is: <torch.utils.data.dataloader.DataLoader object at 0x000002379909B1A0>
2024-12-25 00:41:03,606 - INFO - Validation parameter calculation time: 0:00:00.019083
2024-12-25 00:41:03,606 - INFO - 
Epoch 83/500:
2024-12-25 00:41:03,606 - INFO - Train Loss: 0.0855, Train Acc: 96.68%
2024-12-25 00:41:03,606 - INFO - Val Loss: 0.2070, Val Acc: 93.93%
2024-12-25 00:41:03,607 - INFO - Class 0 Accuracy: 98.83%
2024-12-25 00:41:03,607 - INFO - Class 1 Accuracy: 95.87%
2024-12-25 00:41:03,607 - INFO - Class 2 Accuracy: 93.37%
2024-12-25 00:41:03,608 - INFO - Class 3 Accuracy: 81.00%
2024-12-25 00:41:03,609 - INFO - Class 4 Accuracy: 70.76%
2024-12-25 00:41:03,711 - INFO - Saved checkpoint at epoch 83
2024-12-25 00:41:03,713 - INFO - Total samples is: <torch.utils.data.dataloader.DataLoader object at 0x000002379909B1A0>
2024-12-25 00:56:10,806 - INFO - Validation parameter calculation time: 0:00:00.020401
2024-12-25 00:56:10,806 - INFO - 
Epoch 84/500:
2024-12-25 00:56:10,806 - INFO - Train Loss: 0.0856, Train Acc: 96.68%
2024-12-25 00:56:10,806 - INFO - Val Loss: 0.2100, Val Acc: 93.90%
2024-12-25 00:56:10,808 - INFO - Class 0 Accuracy: 98.85%
2024-12-25 00:56:10,808 - INFO - Class 1 Accuracy: 95.82%
2024-12-25 00:56:10,809 - INFO - Class 2 Accuracy: 93.37%
2024-12-25 00:56:10,810 - INFO - Class 3 Accuracy: 80.83%
2024-12-25 00:56:10,810 - INFO - Class 4 Accuracy: 70.25%
2024-12-25 00:56:10,927 - INFO - Saved checkpoint at epoch 84
2024-12-25 00:56:10,929 - INFO - Total samples is: <torch.utils.data.dataloader.DataLoader object at 0x000002379909B1A0>
2024-12-25 01:11:17,182 - INFO - Validation parameter calculation time: 0:00:00.018516
2024-12-25 01:11:17,182 - INFO - 
Epoch 85/500:
2024-12-25 01:11:17,182 - INFO - Train Loss: 0.0856, Train Acc: 96.68%
2024-12-25 01:11:17,183 - INFO - Val Loss: 0.2051, Val Acc: 93.98%
2024-12-25 01:11:17,184 - INFO - Class 0 Accuracy: 98.82%
2024-12-25 01:11:17,184 - INFO - Class 1 Accuracy: 95.89%
2024-12-25 01:11:17,184 - INFO - Class 2 Accuracy: 93.41%
2024-12-25 01:11:17,184 - INFO - Class 3 Accuracy: 81.18%
2024-12-25 01:11:17,185 - INFO - Class 4 Accuracy: 71.09%
2024-12-25 01:11:17,573 - INFO - Saved checkpoint at epoch 85
2024-12-25 01:11:17,575 - INFO - Total samples is: <torch.utils.data.dataloader.DataLoader object at 0x000002379909B1A0>
2024-12-25 01:26:22,118 - INFO - Validation parameter calculation time: 0:00:00.018537
2024-12-25 01:26:22,119 - INFO - 
Epoch 86/500:
2024-12-25 01:26:22,119 - INFO - Train Loss: 0.0855, Train Acc: 96.68%
2024-12-25 01:26:22,119 - INFO - Val Loss: 0.2060, Val Acc: 93.94%
2024-12-25 01:26:22,119 - INFO - Class 0 Accuracy: 98.83%
2024-12-25 01:26:22,120 - INFO - Class 1 Accuracy: 95.90%
2024-12-25 01:26:22,121 - INFO - Class 2 Accuracy: 93.35%
2024-12-25 01:26:22,121 - INFO - Class 3 Accuracy: 81.07%
2024-12-25 01:26:22,122 - INFO - Class 4 Accuracy: 70.91%
2024-12-25 01:26:22,218 - INFO - Saved checkpoint at epoch 86
2024-12-25 01:26:22,220 - INFO - Total samples is: <torch.utils.data.dataloader.DataLoader object at 0x000002379909B1A0>
2024-12-25 01:41:29,798 - INFO - Validation parameter calculation time: 0:00:00.018617
2024-12-25 01:41:29,799 - INFO - 
Epoch 87/500:
2024-12-25 01:41:29,799 - INFO - Train Loss: 0.0855, Train Acc: 96.68%
2024-12-25 01:41:29,799 - INFO - Val Loss: 0.2079, Val Acc: 93.94%
2024-12-25 01:41:29,800 - INFO - Class 0 Accuracy: 98.85%
2024-12-25 01:41:29,800 - INFO - Class 1 Accuracy: 95.77%
2024-12-25 01:41:29,801 - INFO - Class 2 Accuracy: 93.36%
2024-12-25 01:41:29,802 - INFO - Class 3 Accuracy: 81.02%
2024-12-25 01:41:29,802 - INFO - Class 4 Accuracy: 70.72%
2024-12-25 01:41:29,905 - INFO - Saved checkpoint at epoch 87
2024-12-25 01:41:29,906 - INFO - Total samples is: <torch.utils.data.dataloader.DataLoader object at 0x000002379909B1A0>
2024-12-25 02:03:33,133 - INFO - Validation parameter calculation time: 0:00:00.024385
2024-12-25 02:03:33,134 - INFO - 
Epoch 88/500:
2024-12-25 02:03:33,134 - INFO - Train Loss: 0.0855, Train Acc: 96.68%
2024-12-25 02:03:33,134 - INFO - Val Loss: 0.2064, Val Acc: 93.96%
2024-12-25 02:03:33,135 - INFO - Class 0 Accuracy: 98.83%
2024-12-25 02:03:33,135 - INFO - Class 1 Accuracy: 95.89%
2024-12-25 02:03:33,136 - INFO - Class 2 Accuracy: 93.43%
2024-12-25 02:03:33,137 - INFO - Class 3 Accuracy: 81.06%
2024-12-25 02:03:33,138 - INFO - Class 4 Accuracy: 70.84%
2024-12-25 02:03:33,243 - INFO - Saved checkpoint at epoch 88
2024-12-25 02:03:33,244 - INFO - Total samples is: <torch.utils.data.dataloader.DataLoader object at 0x000002379909B1A0>
2024-12-25 02:23:26,266 - INFO - Validation parameter calculation time: 0:00:00.018676
2024-12-25 02:23:26,266 - INFO - 
Epoch 89/500:
2024-12-25 02:23:26,266 - INFO - Train Loss: 0.0856, Train Acc: 96.68%
2024-12-25 02:23:26,266 - INFO - Val Loss: 0.2066, Val Acc: 93.93%
2024-12-25 02:23:26,267 - INFO - Class 0 Accuracy: 98.82%
2024-12-25 02:23:26,267 - INFO - Class 1 Accuracy: 95.91%
2024-12-25 02:23:26,268 - INFO - Class 2 Accuracy: 93.36%
2024-12-25 02:23:26,268 - INFO - Class 3 Accuracy: 81.00%
2024-12-25 02:23:26,268 - INFO - Class 4 Accuracy: 70.77%
2024-12-25 02:23:26,365 - INFO - Saved checkpoint at epoch 89
2024-12-25 02:23:26,366 - INFO - Total samples is: <torch.utils.data.dataloader.DataLoader object at 0x000002379909B1A0>
2024-12-25 02:41:49,374 - INFO - Validation parameter calculation time: 0:00:00.021747
2024-12-25 02:41:49,374 - INFO - 
Epoch 90/500:
2024-12-25 02:41:49,374 - INFO - Train Loss: 0.0856, Train Acc: 96.68%
2024-12-25 02:41:49,374 - INFO - Val Loss: 0.2073, Val Acc: 93.96%
2024-12-25 02:41:49,376 - INFO - Class 0 Accuracy: 98.84%
2024-12-25 02:41:49,378 - INFO - Class 1 Accuracy: 95.81%
2024-12-25 02:41:49,378 - INFO - Class 2 Accuracy: 93.40%
2024-12-25 02:41:49,378 - INFO - Class 3 Accuracy: 81.05%
2024-12-25 02:41:49,379 - INFO - Class 4 Accuracy: 70.91%
2024-12-25 02:41:49,573 - INFO - Saved checkpoint at epoch 90
2024-12-25 02:41:49,574 - INFO - Total samples is: <torch.utils.data.dataloader.DataLoader object at 0x000002379909B1A0>
2024-12-25 02:58:16,592 - INFO - Validation parameter calculation time: 0:00:00.021383
2024-12-25 02:58:16,593 - INFO - 
Epoch 91/500:
2024-12-25 02:58:16,593 - INFO - Train Loss: 0.0856, Train Acc: 96.68%
2024-12-25 02:58:16,593 - INFO - Val Loss: 0.2050, Val Acc: 93.99%
2024-12-25 02:58:16,593 - INFO - Class 0 Accuracy: 98.82%
2024-12-25 02:58:16,594 - INFO - Class 1 Accuracy: 95.98%
2024-12-25 02:58:16,594 - INFO - Class 2 Accuracy: 93.42%
2024-12-25 02:58:16,594 - INFO - Class 3 Accuracy: 81.17%
2024-12-25 02:58:16,594 - INFO - Class 4 Accuracy: 71.27%
2024-12-25 02:58:16,781 - INFO - Saved checkpoint at epoch 91
2024-12-25 02:58:16,782 - INFO - Total samples is: <torch.utils.data.dataloader.DataLoader object at 0x000002379909B1A0>
