2024-12-11 09:30:50,226 - INFO - Training configuration:
2024-12-11 09:30:50,226 - INFO - num_points: 4096
2024-12-11 09:30:50,226 - INFO - chunk_size: 4096
2024-12-11 09:30:50,226 - INFO - overlap: 1024
2024-12-11 09:30:50,226 - INFO - batch_size: 16
2024-12-11 09:30:50,226 - INFO - num_workers: 0
2024-12-11 09:30:50,227 - INFO - learning_rate: 0.001
2024-12-11 09:30:50,227 - INFO - num_classes: 5
2024-12-11 09:30:50,227 - INFO - num_epochs: 500
2024-12-11 09:30:50,227 - INFO - device: cuda
2024-12-11 09:30:50,227 - INFO - Using device: cuda
2024-12-11 09:30:50,229 - INFO - Loading dataset from cache: ../data/CB/section/train//cache\dataset_cache_points4096_size1.0_rate0.4_transformTrue_hash7cfce2e7.pt
2024-12-11 10:19:09,023 - INFO - Successfully loaded 49117 blocks from cache
2024-12-11 10:19:09,043 - INFO - Loading dataset from cache: ../data/CB/section/val//cache\dataset_cache_points4096_size1.0_rate0.4_transformFalse_hash953a0685.pt
2024-12-11 11:03:41,266 - INFO - Successfully loaded 7984 blocks from cache
2024-12-11 11:03:41,267 - INFO - reading val data
2024-12-11 11:03:41,267 - INFO - Train dataset size: 49117
2024-12-11 11:03:41,267 - INFO - Val dataset size: 7984
2024-12-11 11:03:46,466 - INFO - Total samples is: <torch.utils.data.dataloader.DataLoader object at 0x000002BC12502B10>
2024-12-11 11:39:31,827 - INFO - Validation parameter calculation time: 0:00:00.015060
2024-12-11 11:39:31,827 - INFO - 
Epoch 1/500:
2024-12-11 11:39:31,827 - INFO - Train Loss: 0.3745, Train Acc: 86.62%
2024-12-11 11:39:31,827 - INFO - Val Loss: 0.3188, Val Acc: 88.93%
2024-12-11 11:39:31,828 - INFO - Class 0 Accuracy: 93.80%
2024-12-11 11:39:31,828 - INFO - Class 1 Accuracy: 91.22%
2024-12-11 11:39:31,829 - INFO - Class 2 Accuracy: 85.53%
2024-12-11 11:39:31,829 - INFO - Class 3 Accuracy: 84.20%
2024-12-11 11:39:31,830 - INFO - Class 4 Accuracy: 67.60%
2024-12-11 11:39:32,060 - INFO - Saved best model with accuracy: 88.93%
2024-12-11 11:39:32,262 - INFO - Saved checkpoint at epoch 1
2024-12-11 11:39:32,263 - INFO - Total samples is: <torch.utils.data.dataloader.DataLoader object at 0x000002BC12502B10>
2024-12-11 12:14:49,314 - INFO - Validation parameter calculation time: 0:00:00.014636
2024-12-11 12:14:49,314 - INFO - 
Epoch 2/500:
2024-12-11 12:14:49,314 - INFO - Train Loss: 0.2048, Train Acc: 92.89%
2024-12-11 12:14:49,314 - INFO - Val Loss: 0.4169, Val Acc: 85.95%
2024-12-11 12:14:49,315 - INFO - Class 0 Accuracy: 97.37%
2024-12-11 12:14:49,316 - INFO - Class 1 Accuracy: 80.70%
2024-12-11 12:14:49,316 - INFO - Class 2 Accuracy: 71.75%
2024-12-11 12:14:49,317 - INFO - Class 3 Accuracy: 80.89%
2024-12-11 12:14:49,317 - INFO - Class 4 Accuracy: 78.71%
2024-12-11 12:14:49,548 - INFO - Saved checkpoint at epoch 2
2024-12-11 12:14:49,549 - INFO - Total samples is: <torch.utils.data.dataloader.DataLoader object at 0x000002BC12502B10>
2024-12-11 12:50:14,698 - INFO - Validation parameter calculation time: 0:00:00.013825
2024-12-11 12:50:14,699 - INFO - 
Epoch 3/500:
2024-12-11 12:50:14,699 - INFO - Train Loss: 0.1758, Train Acc: 93.87%
2024-12-11 12:50:14,699 - INFO - Val Loss: 0.3279, Val Acc: 89.77%
2024-12-11 12:50:14,699 - INFO - Class 0 Accuracy: 96.97%
2024-12-11 12:50:14,700 - INFO - Class 1 Accuracy: 93.83%
2024-12-11 12:50:14,700 - INFO - Class 2 Accuracy: 78.26%
2024-12-11 12:50:14,701 - INFO - Class 3 Accuracy: 91.35%
2024-12-11 12:50:14,702 - INFO - Class 4 Accuracy: 81.96%
2024-12-11 12:50:14,934 - INFO - Saved best model with accuracy: 89.77%
2024-12-11 12:50:15,229 - INFO - Saved checkpoint at epoch 3
2024-12-11 12:50:15,230 - INFO - Total samples is: <torch.utils.data.dataloader.DataLoader object at 0x000002BC12502B10>
2024-12-11 13:25:37,800 - INFO - Validation parameter calculation time: 0:00:00.014133
2024-12-11 13:25:37,800 - INFO - 
Epoch 4/500:
2024-12-11 13:25:37,800 - INFO - Train Loss: 0.1576, Train Acc: 94.52%
2024-12-11 13:25:37,800 - INFO - Val Loss: 0.3873, Val Acc: 87.65%
2024-12-11 13:25:37,801 - INFO - Class 0 Accuracy: 94.69%
2024-12-11 13:25:37,801 - INFO - Class 1 Accuracy: 85.10%
2024-12-11 13:25:37,802 - INFO - Class 2 Accuracy: 77.40%
2024-12-11 13:25:37,802 - INFO - Class 3 Accuracy: 92.58%
2024-12-11 13:25:37,803 - INFO - Class 4 Accuracy: 70.57%
2024-12-11 13:25:38,029 - INFO - Saved checkpoint at epoch 4
2024-12-11 13:25:38,030 - INFO - Total samples is: <torch.utils.data.dataloader.DataLoader object at 0x000002BC12502B10>
2024-12-11 14:00:52,033 - INFO - Validation parameter calculation time: 0:00:00.014026
2024-12-11 14:00:52,033 - INFO - 
Epoch 5/500:
2024-12-11 14:00:52,033 - INFO - Train Loss: 0.1402, Train Acc: 95.17%
2024-12-11 14:00:52,033 - INFO - Val Loss: 0.5431, Val Acc: 84.37%
2024-12-11 14:00:52,034 - INFO - Class 0 Accuracy: 89.60%
2024-12-11 14:00:52,034 - INFO - Class 1 Accuracy: 87.83%
2024-12-11 14:00:52,035 - INFO - Class 2 Accuracy: 77.17%
2024-12-11 14:00:52,035 - INFO - Class 3 Accuracy: 85.27%
2024-12-11 14:00:52,035 - INFO - Class 4 Accuracy: 69.92%
2024-12-11 14:00:52,232 - INFO - Saved checkpoint at epoch 5
2024-12-11 14:00:52,233 - INFO - Total samples is: <torch.utils.data.dataloader.DataLoader object at 0x000002BC12502B10>
2024-12-11 14:36:34,908 - INFO - Validation parameter calculation time: 0:00:00.014202
2024-12-11 14:36:34,908 - INFO - 
Epoch 6/500:
2024-12-11 14:36:34,908 - INFO - Train Loss: 0.1307, Train Acc: 95.49%
2024-12-11 14:36:34,908 - INFO - Val Loss: 0.4909, Val Acc: 85.34%
2024-12-11 14:36:34,909 - INFO - Class 0 Accuracy: 98.02%
2024-12-11 14:36:34,909 - INFO - Class 1 Accuracy: 79.87%
2024-12-11 14:36:34,910 - INFO - Class 2 Accuracy: 66.03%
2024-12-11 14:36:34,911 - INFO - Class 3 Accuracy: 86.51%
2024-12-11 14:36:34,911 - INFO - Class 4 Accuracy: 84.28%
2024-12-11 14:36:35,238 - INFO - Saved checkpoint at epoch 6
2024-12-11 14:36:35,240 - INFO - Total samples is: <torch.utils.data.dataloader.DataLoader object at 0x000002BC12502B10>
2024-12-11 15:12:24,487 - INFO - Validation parameter calculation time: 0:00:00.013542
2024-12-11 15:12:24,487 - INFO - 
Epoch 7/500:
2024-12-11 15:12:24,487 - INFO - Train Loss: 0.1230, Train Acc: 95.70%
2024-12-11 15:12:24,487 - INFO - Val Loss: 0.5103, Val Acc: 84.47%
2024-12-11 15:12:24,488 - INFO - Class 0 Accuracy: 97.09%
2024-12-11 15:12:24,488 - INFO - Class 1 Accuracy: 83.35%
2024-12-11 15:12:24,489 - INFO - Class 2 Accuracy: 66.15%
2024-12-11 15:12:24,490 - INFO - Class 3 Accuracy: 82.86%
2024-12-11 15:12:24,490 - INFO - Class 4 Accuracy: 79.32%
2024-12-11 15:12:24,781 - INFO - Saved checkpoint at epoch 7
2024-12-11 15:12:24,782 - INFO - Total samples is: <torch.utils.data.dataloader.DataLoader object at 0x000002BC12502B10>
2024-12-11 15:48:10,308 - INFO - Validation parameter calculation time: 0:00:00.015119
2024-12-11 15:48:10,308 - INFO - 
Epoch 8/500:
2024-12-11 15:48:10,308 - INFO - Train Loss: 0.1184, Train Acc: 95.92%
2024-12-11 15:48:10,308 - INFO - Val Loss: 1.1661, Val Acc: 69.13%
2024-12-11 15:48:10,309 - INFO - Class 0 Accuracy: 99.33%
2024-12-11 15:48:10,309 - INFO - Class 1 Accuracy: 21.28%
2024-12-11 15:48:10,310 - INFO - Class 2 Accuracy: 43.83%
2024-12-11 15:48:10,310 - INFO - Class 3 Accuracy: 40.74%
2024-12-11 15:48:10,310 - INFO - Class 4 Accuracy: 40.42%
2024-12-11 15:48:10,579 - INFO - Saved checkpoint at epoch 8
2024-12-11 15:48:10,581 - INFO - Total samples is: <torch.utils.data.dataloader.DataLoader object at 0x000002BC12502B10>
2024-12-11 16:32:12,305 - INFO - Validation parameter calculation time: 0:00:00.023544
2024-12-11 16:32:12,306 - INFO - 
Epoch 9/500:
2024-12-11 16:32:12,306 - INFO - Train Loss: 0.1143, Train Acc: 95.97%
2024-12-11 16:32:12,306 - INFO - Val Loss: 0.3809, Val Acc: 87.85%
2024-12-11 16:32:12,307 - INFO - Class 0 Accuracy: 96.43%
2024-12-11 16:32:12,308 - INFO - Class 1 Accuracy: 80.55%
2024-12-11 16:32:12,309 - INFO - Class 2 Accuracy: 77.62%
2024-12-11 16:32:12,309 - INFO - Class 3 Accuracy: 84.34%
2024-12-11 16:32:12,309 - INFO - Class 4 Accuracy: 82.10%
2024-12-11 16:32:12,636 - INFO - Saved checkpoint at epoch 9
2024-12-11 16:32:12,637 - INFO - Total samples is: <torch.utils.data.dataloader.DataLoader object at 0x000002BC12502B10>
2024-12-11 17:14:38,935 - INFO - Validation parameter calculation time: 0:00:00.015505
2024-12-11 17:14:38,949 - INFO - 
Epoch 10/500:
2024-12-11 17:14:38,949 - INFO - Train Loss: 0.0812, Train Acc: 97.17%
2024-12-11 17:14:38,949 - INFO - Val Loss: 0.2841, Val Acc: 91.08%
2024-12-11 17:14:38,950 - INFO - Class 0 Accuracy: 96.06%
2024-12-11 17:14:38,951 - INFO - Class 1 Accuracy: 91.19%
2024-12-11 17:14:38,952 - INFO - Class 2 Accuracy: 83.06%
2024-12-11 17:14:38,953 - INFO - Class 3 Accuracy: 93.67%
2024-12-11 17:14:38,953 - INFO - Class 4 Accuracy: 84.98%
2024-12-11 17:14:39,246 - INFO - Saved best model with accuracy: 91.08%
2024-12-11 17:14:39,522 - INFO - Saved checkpoint at epoch 10
2024-12-11 17:14:39,524 - INFO - Total samples is: <torch.utils.data.dataloader.DataLoader object at 0x000002BC12502B10>
2024-12-11 17:52:30,676 - INFO - Validation parameter calculation time: 0:00:00.013597
2024-12-11 17:52:30,677 - INFO - 
Epoch 11/500:
2024-12-11 17:52:30,677 - INFO - Train Loss: 0.0741, Train Acc: 97.38%
2024-12-11 17:52:30,677 - INFO - Val Loss: 0.3149, Val Acc: 91.20%
2024-12-11 17:52:30,678 - INFO - Class 0 Accuracy: 97.23%
2024-12-11 17:52:30,678 - INFO - Class 1 Accuracy: 90.38%
2024-12-11 17:52:30,678 - INFO - Class 2 Accuracy: 81.92%
2024-12-11 17:52:30,679 - INFO - Class 3 Accuracy: 93.42%
2024-12-11 17:52:30,679 - INFO - Class 4 Accuracy: 84.33%
2024-12-11 17:52:36,804 - INFO - Saved best model with accuracy: 91.20%
2024-12-11 17:52:38,699 - INFO - Saved checkpoint at epoch 11
2024-12-11 17:52:38,701 - INFO - Total samples is: <torch.utils.data.dataloader.DataLoader object at 0x000002BC12502B10>
2024-12-11 18:39:57,636 - INFO - Validation parameter calculation time: 0:00:00.015085
2024-12-11 18:39:57,637 - INFO - 
Epoch 12/500:
2024-12-11 18:39:57,637 - INFO - Train Loss: 0.0702, Train Acc: 97.50%
2024-12-11 18:39:57,637 - INFO - Val Loss: 0.3307, Val Acc: 91.00%
2024-12-11 18:39:57,637 - INFO - Class 0 Accuracy: 96.76%
2024-12-11 18:39:57,638 - INFO - Class 1 Accuracy: 95.96%
2024-12-11 18:39:57,638 - INFO - Class 2 Accuracy: 81.53%
2024-12-11 18:39:57,639 - INFO - Class 3 Accuracy: 93.87%
2024-12-11 18:39:57,639 - INFO - Class 4 Accuracy: 80.19%
2024-12-11 18:39:58,989 - INFO - Saved checkpoint at epoch 12
2024-12-11 18:39:58,990 - INFO - Total samples is: <torch.utils.data.dataloader.DataLoader object at 0x000002BC12502B10>
2024-12-11 19:22:50,106 - INFO - Validation parameter calculation time: 0:00:00.014011
2024-12-11 19:22:50,106 - INFO - 
Epoch 13/500:
2024-12-11 19:22:50,106 - INFO - Train Loss: 0.0675, Train Acc: 97.59%
2024-12-11 19:22:50,106 - INFO - Val Loss: 0.2803, Val Acc: 91.73%
2024-12-11 19:22:50,107 - INFO - Class 0 Accuracy: 96.85%
2024-12-11 19:22:50,108 - INFO - Class 1 Accuracy: 92.27%
2024-12-11 19:22:50,108 - INFO - Class 2 Accuracy: 83.38%
2024-12-11 19:22:50,109 - INFO - Class 3 Accuracy: 93.67%
2024-12-11 19:22:50,109 - INFO - Class 4 Accuracy: 88.05%
2024-12-11 19:22:51,026 - INFO - Saved best model with accuracy: 91.73%
2024-12-11 19:22:52,912 - INFO - Saved checkpoint at epoch 13
2024-12-11 19:22:52,913 - INFO - Total samples is: <torch.utils.data.dataloader.DataLoader object at 0x000002BC12502B10>
2024-12-11 20:03:28,037 - INFO - Validation parameter calculation time: 0:00:00.013607
2024-12-11 20:03:28,037 - INFO - 
Epoch 14/500:
2024-12-11 20:03:28,037 - INFO - Train Loss: 0.0657, Train Acc: 97.66%
2024-12-11 20:03:28,037 - INFO - Val Loss: 0.3207, Val Acc: 91.28%
2024-12-11 20:03:28,038 - INFO - Class 0 Accuracy: 96.70%
2024-12-11 20:03:28,038 - INFO - Class 1 Accuracy: 93.49%
2024-12-11 20:03:28,039 - INFO - Class 2 Accuracy: 82.19%
2024-12-11 20:03:28,039 - INFO - Class 3 Accuracy: 93.96%
2024-12-11 20:03:28,039 - INFO - Class 4 Accuracy: 85.42%
2024-12-11 20:03:29,737 - INFO - Saved checkpoint at epoch 14
2024-12-11 20:03:29,738 - INFO - Total samples is: <torch.utils.data.dataloader.DataLoader object at 0x000002BC12502B10>
2024-12-11 20:39:04,058 - INFO - Validation parameter calculation time: 0:00:00.014115
2024-12-11 20:39:04,059 - INFO - 
Epoch 15/500:
2024-12-11 20:39:04,059 - INFO - Train Loss: 0.0639, Train Acc: 97.72%
2024-12-11 20:39:04,059 - INFO - Val Loss: 0.2864, Val Acc: 92.23%
2024-12-11 20:39:04,059 - INFO - Class 0 Accuracy: 97.35%
2024-12-11 20:39:04,059 - INFO - Class 1 Accuracy: 95.49%
2024-12-11 20:39:04,060 - INFO - Class 2 Accuracy: 84.03%
2024-12-11 20:39:04,060 - INFO - Class 3 Accuracy: 93.60%
2024-12-11 20:39:04,060 - INFO - Class 4 Accuracy: 85.54%
2024-12-11 20:39:04,315 - INFO - Saved best model with accuracy: 92.23%
2024-12-11 20:39:04,608 - INFO - Saved checkpoint at epoch 15
2024-12-11 20:39:04,609 - INFO - Total samples is: <torch.utils.data.dataloader.DataLoader object at 0x000002BC12502B10>
2024-12-11 21:14:12,917 - INFO - Validation parameter calculation time: 0:00:00.014116
2024-12-11 21:14:12,918 - INFO - 
Epoch 16/500:
2024-12-11 21:14:12,918 - INFO - Train Loss: 0.0636, Train Acc: 97.75%
2024-12-11 21:14:12,918 - INFO - Val Loss: 0.2849, Val Acc: 92.33%
2024-12-11 21:14:12,918 - INFO - Class 0 Accuracy: 97.01%
2024-12-11 21:14:12,919 - INFO - Class 1 Accuracy: 96.20%
2024-12-11 21:14:12,920 - INFO - Class 2 Accuracy: 85.17%
2024-12-11 21:14:12,920 - INFO - Class 3 Accuracy: 93.25%
2024-12-11 21:14:12,921 - INFO - Class 4 Accuracy: 83.53%
2024-12-11 21:14:13,262 - INFO - Saved best model with accuracy: 92.33%
2024-12-11 21:14:13,548 - INFO - Saved checkpoint at epoch 16
2024-12-11 21:14:13,550 - INFO - Total samples is: <torch.utils.data.dataloader.DataLoader object at 0x000002BC12502B10>
2024-12-11 21:49:18,323 - INFO - Validation parameter calculation time: 0:00:00.014027
2024-12-11 21:49:18,324 - INFO - 
Epoch 17/500:
2024-12-11 21:49:18,324 - INFO - Train Loss: 0.0616, Train Acc: 97.80%
2024-12-11 21:49:18,324 - INFO - Val Loss: 0.3222, Val Acc: 91.23%
2024-12-11 21:49:18,324 - INFO - Class 0 Accuracy: 97.62%
2024-12-11 21:49:18,325 - INFO - Class 1 Accuracy: 91.70%
2024-12-11 21:49:18,325 - INFO - Class 2 Accuracy: 83.14%
2024-12-11 21:49:18,326 - INFO - Class 3 Accuracy: 91.47%
2024-12-11 21:49:18,326 - INFO - Class 4 Accuracy: 75.37%
2024-12-11 21:49:18,555 - INFO - Saved checkpoint at epoch 17
2024-12-11 21:49:18,556 - INFO - Total samples is: <torch.utils.data.dataloader.DataLoader object at 0x000002BC12502B10>
2024-12-11 22:24:29,599 - INFO - Validation parameter calculation time: 0:00:00.014553
2024-12-11 22:24:29,599 - INFO - 
Epoch 18/500:
2024-12-11 22:24:29,599 - INFO - Train Loss: 0.0600, Train Acc: 97.86%
2024-12-11 22:24:29,599 - INFO - Val Loss: 0.3478, Val Acc: 90.73%
2024-12-11 22:24:29,600 - INFO - Class 0 Accuracy: 97.37%
2024-12-11 22:24:29,600 - INFO - Class 1 Accuracy: 96.03%
2024-12-11 22:24:29,601 - INFO - Class 2 Accuracy: 81.08%
2024-12-11 22:24:29,602 - INFO - Class 3 Accuracy: 90.40%
2024-12-11 22:24:29,602 - INFO - Class 4 Accuracy: 79.39%
2024-12-11 22:24:29,826 - INFO - Saved checkpoint at epoch 18
2024-12-11 22:24:29,827 - INFO - Total samples is: <torch.utils.data.dataloader.DataLoader object at 0x000002BC12502B10>
2024-12-11 22:59:30,003 - INFO - Validation parameter calculation time: 0:00:00.014026
2024-12-11 22:59:30,004 - INFO - 
Epoch 19/500:
2024-12-11 22:59:30,004 - INFO - Train Loss: 0.0598, Train Acc: 97.85%
2024-12-11 22:59:30,004 - INFO - Val Loss: 0.5901, Val Acc: 84.53%
2024-12-11 22:59:30,005 - INFO - Class 0 Accuracy: 86.15%
2024-12-11 22:59:30,005 - INFO - Class 1 Accuracy: 77.77%
2024-12-11 22:59:30,006 - INFO - Class 2 Accuracy: 81.32%
2024-12-11 22:59:30,006 - INFO - Class 3 Accuracy: 90.02%
2024-12-11 22:59:30,006 - INFO - Class 4 Accuracy: 81.95%
2024-12-11 22:59:30,240 - INFO - Saved checkpoint at epoch 19
2024-12-11 22:59:30,241 - INFO - Total samples is: <torch.utils.data.dataloader.DataLoader object at 0x000002BC12502B10>
2024-12-11 23:34:36,381 - INFO - Validation parameter calculation time: 0:00:00.014071
2024-12-11 23:34:36,381 - INFO - 
Epoch 20/500:
2024-12-11 23:34:36,381 - INFO - Train Loss: 0.0589, Train Acc: 97.90%
2024-12-11 23:34:36,381 - INFO - Val Loss: 0.7700, Val Acc: 79.43%
2024-12-11 23:34:36,382 - INFO - Class 0 Accuracy: 85.86%
2024-12-11 23:34:36,382 - INFO - Class 1 Accuracy: 62.84%
2024-12-11 23:34:36,382 - INFO - Class 2 Accuracy: 75.69%
2024-12-11 23:34:36,383 - INFO - Class 3 Accuracy: 83.96%
2024-12-11 23:34:36,383 - INFO - Class 4 Accuracy: 38.20%
2024-12-11 23:34:36,587 - INFO - Saved checkpoint at epoch 20
2024-12-11 23:34:36,588 - INFO - Total samples is: <torch.utils.data.dataloader.DataLoader object at 0x000002BC12502B10>
2024-12-12 00:09:41,620 - INFO - Validation parameter calculation time: 0:00:00.014091
2024-12-12 00:09:41,621 - INFO - 
Epoch 21/500:
2024-12-12 00:09:41,621 - INFO - Train Loss: 0.0584, Train Acc: 97.93%
2024-12-12 00:09:41,621 - INFO - Val Loss: 2.6258, Val Acc: 44.64%
2024-12-12 00:09:41,621 - INFO - Class 0 Accuracy: 48.87%
2024-12-12 00:09:41,622 - INFO - Class 1 Accuracy: 97.78%
2024-12-12 00:09:41,622 - INFO - Class 2 Accuracy: 26.03%
2024-12-12 00:09:41,623 - INFO - Class 3 Accuracy: 34.97%
2024-12-12 00:09:41,623 - INFO - Class 4 Accuracy: 99.14%
2024-12-12 00:09:41,869 - INFO - Saved checkpoint at epoch 21
2024-12-12 00:09:41,870 - INFO - Total samples is: <torch.utils.data.dataloader.DataLoader object at 0x000002BC12502B10>
2024-12-12 00:44:48,683 - INFO - Validation parameter calculation time: 0:00:00.013701
2024-12-12 00:44:48,683 - INFO - 
Epoch 22/500:
2024-12-12 00:44:48,683 - INFO - Train Loss: 0.0565, Train Acc: 97.98%
2024-12-12 00:44:48,683 - INFO - Val Loss: 1.1984, Val Acc: 63.94%
2024-12-12 00:44:48,684 - INFO - Class 0 Accuracy: 57.13%
2024-12-12 00:44:48,685 - INFO - Class 1 Accuracy: 98.67%
2024-12-12 00:44:48,685 - INFO - Class 2 Accuracy: 60.10%
2024-12-12 00:44:48,685 - INFO - Class 3 Accuracy: 86.62%
2024-12-12 00:44:48,685 - INFO - Class 4 Accuracy: 67.47%
2024-12-12 00:44:48,901 - INFO - Saved checkpoint at epoch 22
2024-12-12 00:44:48,902 - INFO - Total samples is: <torch.utils.data.dataloader.DataLoader object at 0x000002BC12502B10>
2024-12-12 01:19:59,431 - INFO - Validation parameter calculation time: 0:00:00.014268
2024-12-12 01:19:59,431 - INFO - 
Epoch 23/500:
2024-12-12 01:19:59,431 - INFO - Train Loss: 0.0529, Train Acc: 98.10%
2024-12-12 01:19:59,431 - INFO - Val Loss: 0.3041, Val Acc: 92.01%
2024-12-12 01:19:59,432 - INFO - Class 0 Accuracy: 96.25%
2024-12-12 01:19:59,432 - INFO - Class 1 Accuracy: 95.82%
2024-12-12 01:19:59,432 - INFO - Class 2 Accuracy: 85.05%
2024-12-12 01:19:59,433 - INFO - Class 3 Accuracy: 92.95%
2024-12-12 01:19:59,433 - INFO - Class 4 Accuracy: 87.12%
2024-12-12 01:19:59,644 - INFO - Saved checkpoint at epoch 23
2024-12-12 01:19:59,645 - INFO - Total samples is: <torch.utils.data.dataloader.DataLoader object at 0x000002BC12502B10>
2024-12-12 01:55:07,575 - INFO - Validation parameter calculation time: 0:00:00.013572
2024-12-12 01:55:07,575 - INFO - 
Epoch 24/500:
2024-12-12 01:55:07,575 - INFO - Train Loss: 0.0515, Train Acc: 98.15%
2024-12-12 01:55:07,575 - INFO - Val Loss: 0.3069, Val Acc: 92.01%
2024-12-12 01:55:07,577 - INFO - Class 0 Accuracy: 97.11%
2024-12-12 01:55:07,578 - INFO - Class 1 Accuracy: 94.70%
2024-12-12 01:55:07,578 - INFO - Class 2 Accuracy: 83.61%
2024-12-12 01:55:07,579 - INFO - Class 3 Accuracy: 93.67%
2024-12-12 01:55:07,579 - INFO - Class 4 Accuracy: 87.07%
2024-12-12 01:55:07,806 - INFO - Saved checkpoint at epoch 24
2024-12-12 01:55:07,807 - INFO - Total samples is: <torch.utils.data.dataloader.DataLoader object at 0x000002BC12502B10>
2024-12-12 02:30:17,500 - INFO - Validation parameter calculation time: 0:00:00.014061
2024-12-12 02:30:17,500 - INFO - 
Epoch 25/500:
2024-12-12 02:30:17,501 - INFO - Train Loss: 0.0515, Train Acc: 98.15%
2024-12-12 02:30:17,501 - INFO - Val Loss: 0.3429, Val Acc: 91.36%
2024-12-12 02:30:17,501 - INFO - Class 0 Accuracy: 96.56%
2024-12-12 02:30:17,502 - INFO - Class 1 Accuracy: 96.53%
2024-12-12 02:30:17,503 - INFO - Class 2 Accuracy: 83.71%
2024-12-12 02:30:17,503 - INFO - Class 3 Accuracy: 91.84%
2024-12-12 02:30:17,503 - INFO - Class 4 Accuracy: 80.04%
2024-12-12 02:30:17,718 - INFO - Saved checkpoint at epoch 25
2024-12-12 02:30:17,720 - INFO - Total samples is: <torch.utils.data.dataloader.DataLoader object at 0x000002BC12502B10>
2024-12-12 03:05:21,204 - INFO - Validation parameter calculation time: 0:00:00.013556
2024-12-12 03:05:21,205 - INFO - 
Epoch 26/500:
2024-12-12 03:05:21,205 - INFO - Train Loss: 0.0508, Train Acc: 98.18%
2024-12-12 03:05:21,205 - INFO - Val Loss: 0.3223, Val Acc: 91.75%
2024-12-12 03:05:21,205 - INFO - Class 0 Accuracy: 96.62%
2024-12-12 03:05:21,206 - INFO - Class 1 Accuracy: 94.72%
2024-12-12 03:05:21,206 - INFO - Class 2 Accuracy: 83.89%
2024-12-12 03:05:21,206 - INFO - Class 3 Accuracy: 93.08%
2024-12-12 03:05:21,208 - INFO - Class 4 Accuracy: 85.98%
2024-12-12 03:05:21,443 - INFO - Saved checkpoint at epoch 26
2024-12-12 03:05:21,444 - INFO - Total samples is: <torch.utils.data.dataloader.DataLoader object at 0x000002BC12502B10>
2024-12-12 03:40:27,411 - INFO - Validation parameter calculation time: 0:00:00.013771
2024-12-12 03:40:27,412 - INFO - 
Epoch 27/500:
2024-12-12 03:40:27,412 - INFO - Train Loss: 0.0507, Train Acc: 98.19%
2024-12-12 03:40:27,412 - INFO - Val Loss: 0.3294, Val Acc: 91.66%
2024-12-12 03:40:27,412 - INFO - Class 0 Accuracy: 97.08%
2024-12-12 03:40:27,413 - INFO - Class 1 Accuracy: 95.06%
2024-12-12 03:40:27,413 - INFO - Class 2 Accuracy: 82.82%
2024-12-12 03:40:27,414 - INFO - Class 3 Accuracy: 92.98%
2024-12-12 03:40:27,414 - INFO - Class 4 Accuracy: 86.42%
2024-12-12 03:40:27,641 - INFO - Saved checkpoint at epoch 27
2024-12-12 03:40:27,643 - INFO - Total samples is: <torch.utils.data.dataloader.DataLoader object at 0x000002BC12502B10>
2024-12-12 04:15:35,538 - INFO - Validation parameter calculation time: 0:00:00.013581
2024-12-12 04:15:35,539 - INFO - 
Epoch 28/500:
2024-12-12 04:15:35,539 - INFO - Train Loss: 0.0501, Train Acc: 98.19%
2024-12-12 04:15:35,539 - INFO - Val Loss: 0.3218, Val Acc: 92.02%
2024-12-12 04:15:35,540 - INFO - Class 0 Accuracy: 97.18%
2024-12-12 04:15:35,540 - INFO - Class 1 Accuracy: 94.86%
2024-12-12 04:15:35,541 - INFO - Class 2 Accuracy: 83.84%
2024-12-12 04:15:35,541 - INFO - Class 3 Accuracy: 93.47%
2024-12-12 04:15:35,542 - INFO - Class 4 Accuracy: 85.22%
2024-12-12 04:15:35,771 - INFO - Saved checkpoint at epoch 28
2024-12-12 04:15:35,772 - INFO - Total samples is: <torch.utils.data.dataloader.DataLoader object at 0x000002BC12502B10>
2024-12-12 04:50:40,780 - INFO - Validation parameter calculation time: 0:00:00.013572
2024-12-12 04:50:40,780 - INFO - 
Epoch 29/500:
2024-12-12 04:50:40,780 - INFO - Train Loss: 0.0494, Train Acc: 98.23%
2024-12-12 04:50:40,780 - INFO - Val Loss: 0.3123, Val Acc: 92.09%
2024-12-12 04:50:40,781 - INFO - Class 0 Accuracy: 97.05%
2024-12-12 04:50:40,781 - INFO - Class 1 Accuracy: 94.75%
2024-12-12 04:50:40,782 - INFO - Class 2 Accuracy: 84.00%
2024-12-12 04:50:40,782 - INFO - Class 3 Accuracy: 93.50%
2024-12-12 04:50:40,782 - INFO - Class 4 Accuracy: 87.15%
2024-12-12 04:50:40,996 - INFO - Saved checkpoint at epoch 29
2024-12-12 04:50:40,998 - INFO - Total samples is: <torch.utils.data.dataloader.DataLoader object at 0x000002BC12502B10>
2024-12-12 05:26:03,450 - INFO - Validation parameter calculation time: 0:00:00.013553
2024-12-12 05:26:03,451 - INFO - 
Epoch 30/500:
2024-12-12 05:26:03,451 - INFO - Train Loss: 0.0497, Train Acc: 98.21%
2024-12-12 05:26:03,451 - INFO - Val Loss: 0.3030, Val Acc: 92.22%
2024-12-12 05:26:03,451 - INFO - Class 0 Accuracy: 97.02%
2024-12-12 05:26:03,452 - INFO - Class 1 Accuracy: 95.04%
2024-12-12 05:26:03,452 - INFO - Class 2 Accuracy: 84.42%
2024-12-12 05:26:03,452 - INFO - Class 3 Accuracy: 93.68%
2024-12-12 05:26:03,453 - INFO - Class 4 Accuracy: 86.75%
2024-12-12 05:26:03,667 - INFO - Saved checkpoint at epoch 30
2024-12-12 05:26:03,669 - INFO - Total samples is: <torch.utils.data.dataloader.DataLoader object at 0x000002BC12502B10>
2024-12-12 06:01:40,317 - INFO - Validation parameter calculation time: 0:00:00.013989
2024-12-12 06:01:40,318 - INFO - 
Epoch 31/500:
2024-12-12 06:01:40,318 - INFO - Train Loss: 0.0497, Train Acc: 98.21%
2024-12-12 06:01:40,318 - INFO - Val Loss: 0.3235, Val Acc: 91.89%
2024-12-12 06:01:40,318 - INFO - Class 0 Accuracy: 96.97%
2024-12-12 06:01:40,318 - INFO - Class 1 Accuracy: 95.29%
2024-12-12 06:01:40,319 - INFO - Class 2 Accuracy: 83.48%
2024-12-12 06:01:40,319 - INFO - Class 3 Accuracy: 93.75%
2024-12-12 06:01:40,320 - INFO - Class 4 Accuracy: 85.71%
2024-12-12 06:01:40,647 - INFO - Saved checkpoint at epoch 31
2024-12-12 06:01:40,649 - INFO - Total samples is: <torch.utils.data.dataloader.DataLoader object at 0x000002BC12502B10>
2024-12-12 06:37:18,956 - INFO - Validation parameter calculation time: 0:00:00.014544
2024-12-12 06:37:18,957 - INFO - 
Epoch 32/500:
2024-12-12 06:37:18,957 - INFO - Train Loss: 0.0497, Train Acc: 98.21%
2024-12-12 06:37:18,957 - INFO - Val Loss: 0.3649, Val Acc: 90.96%
2024-12-12 06:37:18,957 - INFO - Class 0 Accuracy: 96.72%
2024-12-12 06:37:18,958 - INFO - Class 1 Accuracy: 95.53%
2024-12-12 06:37:18,958 - INFO - Class 2 Accuracy: 82.57%
2024-12-12 06:37:18,959 - INFO - Class 3 Accuracy: 92.50%
2024-12-12 06:37:18,959 - INFO - Class 4 Accuracy: 76.32%
2024-12-12 06:37:19,182 - INFO - Saved checkpoint at epoch 32
2024-12-12 06:37:19,183 - INFO - Total samples is: <torch.utils.data.dataloader.DataLoader object at 0x000002BC12502B10>
2024-12-12 07:12:55,212 - INFO - Validation parameter calculation time: 0:00:00.014057
2024-12-12 07:12:55,213 - INFO - 
Epoch 33/500:
2024-12-12 07:12:55,213 - INFO - Train Loss: 0.0501, Train Acc: 98.19%
2024-12-12 07:12:55,213 - INFO - Val Loss: 0.2878, Val Acc: 92.41%
2024-12-12 07:12:55,213 - INFO - Class 0 Accuracy: 96.97%
2024-12-12 07:12:55,214 - INFO - Class 1 Accuracy: 95.61%
2024-12-12 07:12:55,214 - INFO - Class 2 Accuracy: 85.16%
2024-12-12 07:12:55,215 - INFO - Class 3 Accuracy: 93.50%
2024-12-12 07:12:55,215 - INFO - Class 4 Accuracy: 86.34%
2024-12-12 07:12:55,464 - INFO - Saved best model with accuracy: 92.41%
2024-12-12 07:12:55,766 - INFO - Saved checkpoint at epoch 33
2024-12-12 07:12:55,768 - INFO - Total samples is: <torch.utils.data.dataloader.DataLoader object at 0x000002BC12502B10>
2024-12-12 07:48:29,186 - INFO - Validation parameter calculation time: 0:00:00.014004
2024-12-12 07:48:29,186 - INFO - 
Epoch 34/500:
2024-12-12 07:48:29,187 - INFO - Train Loss: 0.0500, Train Acc: 98.19%
2024-12-12 07:48:29,187 - INFO - Val Loss: 0.3182, Val Acc: 92.03%
2024-12-12 07:48:29,187 - INFO - Class 0 Accuracy: 97.16%
2024-12-12 07:48:29,188 - INFO - Class 1 Accuracy: 94.86%
2024-12-12 07:48:29,188 - INFO - Class 2 Accuracy: 84.10%
2024-12-12 07:48:29,189 - INFO - Class 3 Accuracy: 93.19%
2024-12-12 07:48:29,190 - INFO - Class 4 Accuracy: 84.42%
2024-12-12 07:48:29,398 - INFO - Saved checkpoint at epoch 34
2024-12-12 07:48:29,399 - INFO - Total samples is: <torch.utils.data.dataloader.DataLoader object at 0x000002BC12502B10>
2024-12-12 08:24:06,803 - INFO - Validation parameter calculation time: 0:00:00.014059
2024-12-12 08:24:06,804 - INFO - 
Epoch 35/500:
2024-12-12 08:24:06,804 - INFO - Train Loss: 0.0494, Train Acc: 98.23%
2024-12-12 08:24:06,804 - INFO - Val Loss: 0.3109, Val Acc: 92.08%
2024-12-12 08:24:06,804 - INFO - Class 0 Accuracy: 97.06%
2024-12-12 08:24:06,805 - INFO - Class 1 Accuracy: 95.68%
2024-12-12 08:24:06,805 - INFO - Class 2 Accuracy: 83.72%
2024-12-12 08:24:06,805 - INFO - Class 3 Accuracy: 93.98%
2024-12-12 08:24:06,806 - INFO - Class 4 Accuracy: 86.59%
2024-12-12 08:24:07,004 - INFO - Saved checkpoint at epoch 35
2024-12-12 08:24:07,005 - INFO - Total samples is: <torch.utils.data.dataloader.DataLoader object at 0x000002BC12502B10>
2024-12-12 08:59:39,075 - INFO - Validation parameter calculation time: 0:00:00.014757
2024-12-12 08:59:39,076 - INFO - 
Epoch 36/500:
2024-12-12 08:59:39,076 - INFO - Train Loss: 0.0495, Train Acc: 98.22%
2024-12-12 08:59:39,076 - INFO - Val Loss: 0.3135, Val Acc: 92.15%
2024-12-12 08:59:39,076 - INFO - Class 0 Accuracy: 97.10%
2024-12-12 08:59:39,077 - INFO - Class 1 Accuracy: 95.12%
2024-12-12 08:59:39,077 - INFO - Class 2 Accuracy: 84.17%
2024-12-12 08:59:39,077 - INFO - Class 3 Accuracy: 93.67%
2024-12-12 08:59:39,078 - INFO - Class 4 Accuracy: 85.92%
2024-12-12 08:59:39,326 - INFO - Saved checkpoint at epoch 36
2024-12-12 08:59:39,327 - INFO - Total samples is: <torch.utils.data.dataloader.DataLoader object at 0x000002BC12502B10>
2024-12-12 09:35:21,051 - INFO - Validation parameter calculation time: 0:00:00.014378
2024-12-12 09:35:21,153 - INFO - 
Epoch 37/500:
2024-12-12 09:35:21,154 - INFO - Train Loss: 0.0494, Train Acc: 98.22%
2024-12-12 09:35:21,154 - INFO - Val Loss: 0.3055, Val Acc: 92.16%
2024-12-12 09:35:21,155 - INFO - Class 0 Accuracy: 97.08%
2024-12-12 09:35:21,155 - INFO - Class 1 Accuracy: 95.27%
2024-12-12 09:35:21,155 - INFO - Class 2 Accuracy: 84.29%
2024-12-12 09:35:21,156 - INFO - Class 3 Accuracy: 93.67%
2024-12-12 09:35:21,156 - INFO - Class 4 Accuracy: 85.37%
2024-12-12 09:35:21,384 - INFO - Saved checkpoint at epoch 37
2024-12-12 09:35:21,385 - INFO - Total samples is: <torch.utils.data.dataloader.DataLoader object at 0x000002BC12502B10>
2024-12-12 10:10:57,904 - INFO - Validation parameter calculation time: 0:00:00.014075
2024-12-12 10:10:57,905 - INFO - 
Epoch 38/500:
2024-12-12 10:10:57,905 - INFO - Train Loss: 0.0494, Train Acc: 98.22%
2024-12-12 10:10:57,905 - INFO - Val Loss: 0.3291, Val Acc: 91.75%
2024-12-12 10:10:57,905 - INFO - Class 0 Accuracy: 96.99%
2024-12-12 10:10:57,906 - INFO - Class 1 Accuracy: 95.11%
2024-12-12 10:10:57,907 - INFO - Class 2 Accuracy: 83.19%
2024-12-12 10:10:57,907 - INFO - Class 3 Accuracy: 93.97%
2024-12-12 10:10:57,908 - INFO - Class 4 Accuracy: 83.98%
2024-12-12 10:10:58,146 - INFO - Saved checkpoint at epoch 38
2024-12-12 10:10:58,147 - INFO - Total samples is: <torch.utils.data.dataloader.DataLoader object at 0x000002BC12502B10>
2024-12-12 10:46:35,128 - INFO - Validation parameter calculation time: 0:00:00.014573
2024-12-12 10:46:35,128 - INFO - 
Epoch 39/500:
2024-12-12 10:46:35,128 - INFO - Train Loss: 0.0499, Train Acc: 98.21%
2024-12-12 10:46:35,128 - INFO - Val Loss: 0.3128, Val Acc: 92.05%
2024-12-12 10:46:35,129 - INFO - Class 0 Accuracy: 97.02%
2024-12-12 10:46:35,129 - INFO - Class 1 Accuracy: 95.44%
2024-12-12 10:46:35,130 - INFO - Class 2 Accuracy: 83.71%
2024-12-12 10:46:35,130 - INFO - Class 3 Accuracy: 93.89%
2024-12-12 10:46:35,131 - INFO - Class 4 Accuracy: 86.83%
2024-12-12 10:46:35,376 - INFO - Saved checkpoint at epoch 39
2024-12-12 10:46:35,378 - INFO - Total samples is: <torch.utils.data.dataloader.DataLoader object at 0x000002BC12502B10>
2024-12-12 11:22:11,506 - INFO - Validation parameter calculation time: 0:00:00.014576
2024-12-12 11:22:11,506 - INFO - 
Epoch 40/500:
2024-12-12 11:22:11,506 - INFO - Train Loss: 0.0492, Train Acc: 98.24%
2024-12-12 11:22:11,506 - INFO - Val Loss: 0.3221, Val Acc: 91.83%
2024-12-12 11:22:11,507 - INFO - Class 0 Accuracy: 97.10%
2024-12-12 11:22:11,507 - INFO - Class 1 Accuracy: 95.16%
2024-12-12 11:22:11,507 - INFO - Class 2 Accuracy: 83.54%
2024-12-12 11:22:11,508 - INFO - Class 3 Accuracy: 93.48%
2024-12-12 11:22:11,509 - INFO - Class 4 Accuracy: 83.44%
2024-12-12 11:22:11,728 - INFO - Saved checkpoint at epoch 40
2024-12-12 11:22:11,729 - INFO - Total samples is: <torch.utils.data.dataloader.DataLoader object at 0x000002BC12502B10>
2024-12-12 11:57:54,564 - INFO - Validation parameter calculation time: 0:00:00.014068
2024-12-12 11:57:54,565 - INFO - 
Epoch 41/500:
2024-12-12 11:57:54,565 - INFO - Train Loss: 0.0488, Train Acc: 98.26%
2024-12-12 11:57:54,565 - INFO - Val Loss: 0.2959, Val Acc: 92.29%
2024-12-12 11:57:54,565 - INFO - Class 0 Accuracy: 96.89%
2024-12-12 11:57:54,566 - INFO - Class 1 Accuracy: 95.55%
2024-12-12 11:57:54,566 - INFO - Class 2 Accuracy: 84.67%
2024-12-12 11:57:54,567 - INFO - Class 3 Accuracy: 93.90%
2024-12-12 11:57:54,568 - INFO - Class 4 Accuracy: 86.89%
2024-12-12 11:57:54,840 - INFO - Saved checkpoint at epoch 41
2024-12-12 11:57:54,842 - INFO - Total samples is: <torch.utils.data.dataloader.DataLoader object at 0x000002BC12502B10>
2024-12-12 12:33:21,696 - INFO - Validation parameter calculation time: 0:00:00.014057
2024-12-12 12:33:21,697 - INFO - 
Epoch 42/500:
2024-12-12 12:33:21,697 - INFO - Train Loss: 0.0496, Train Acc: 98.24%
2024-12-12 12:33:21,697 - INFO - Val Loss: 0.3106, Val Acc: 92.01%
2024-12-12 12:33:21,697 - INFO - Class 0 Accuracy: 97.06%
2024-12-12 12:33:21,698 - INFO - Class 1 Accuracy: 95.68%
2024-12-12 12:33:21,699 - INFO - Class 2 Accuracy: 83.74%
2024-12-12 12:33:21,699 - INFO - Class 3 Accuracy: 93.55%
2024-12-12 12:33:21,699 - INFO - Class 4 Accuracy: 85.96%
2024-12-12 12:33:22,035 - INFO - Saved checkpoint at epoch 42
2024-12-12 12:33:22,036 - INFO - Total samples is: <torch.utils.data.dataloader.DataLoader object at 0x000002BC12502B10>
2024-12-12 13:09:01,539 - INFO - Validation parameter calculation time: 0:00:00.014081
2024-12-12 13:09:01,540 - INFO - 
Epoch 43/500:
2024-12-12 13:09:01,540 - INFO - Train Loss: 0.0496, Train Acc: 98.22%
2024-12-12 13:09:01,540 - INFO - Val Loss: 0.3168, Val Acc: 92.03%
2024-12-12 13:09:01,540 - INFO - Class 0 Accuracy: 96.98%
2024-12-12 13:09:01,541 - INFO - Class 1 Accuracy: 95.40%
2024-12-12 13:09:01,541 - INFO - Class 2 Accuracy: 83.65%
2024-12-12 13:09:01,542 - INFO - Class 3 Accuracy: 93.97%
2024-12-12 13:09:01,542 - INFO - Class 4 Accuracy: 87.15%
2024-12-12 13:09:01,766 - INFO - Saved checkpoint at epoch 43
2024-12-12 13:09:01,768 - INFO - Total samples is: <torch.utils.data.dataloader.DataLoader object at 0x000002BC12502B10>
2024-12-12 13:44:36,845 - INFO - Validation parameter calculation time: 0:00:00.014121
2024-12-12 13:44:36,846 - INFO - 
Epoch 44/500:
2024-12-12 13:44:36,846 - INFO - Train Loss: 0.0490, Train Acc: 98.25%
2024-12-12 13:44:36,846 - INFO - Val Loss: 0.3078, Val Acc: 92.19%
2024-12-12 13:44:36,846 - INFO - Class 0 Accuracy: 96.90%
2024-12-12 13:44:36,847 - INFO - Class 1 Accuracy: 95.68%
2024-12-12 13:44:36,847 - INFO - Class 2 Accuracy: 84.31%
2024-12-12 13:44:36,848 - INFO - Class 3 Accuracy: 94.04%
2024-12-12 13:44:36,848 - INFO - Class 4 Accuracy: 86.38%
2024-12-12 13:44:37,080 - INFO - Saved checkpoint at epoch 44
2024-12-12 13:44:37,082 - INFO - Total samples is: <torch.utils.data.dataloader.DataLoader object at 0x000002BC12502B10>
2024-12-12 14:19:58,247 - INFO - Validation parameter calculation time: 0:00:00.014097
2024-12-12 14:19:58,247 - INFO - 
Epoch 45/500:
2024-12-12 14:19:58,247 - INFO - Train Loss: 0.0489, Train Acc: 98.24%
2024-12-12 14:19:58,247 - INFO - Val Loss: 0.3017, Val Acc: 92.26%
2024-12-12 14:19:58,248 - INFO - Class 0 Accuracy: 97.01%
2024-12-12 14:19:58,248 - INFO - Class 1 Accuracy: 95.11%
2024-12-12 14:19:58,249 - INFO - Class 2 Accuracy: 84.62%
2024-12-12 14:19:58,249 - INFO - Class 3 Accuracy: 93.28%
2024-12-12 14:19:58,250 - INFO - Class 4 Accuracy: 87.42%
2024-12-12 14:19:58,486 - INFO - Saved checkpoint at epoch 45
2024-12-12 14:19:58,487 - INFO - Total samples is: <torch.utils.data.dataloader.DataLoader object at 0x000002BC12502B10>
2024-12-12 14:55:29,665 - INFO - Validation parameter calculation time: 0:00:00.014620
2024-12-12 14:55:29,665 - INFO - 
Epoch 46/500:
2024-12-12 14:55:29,665 - INFO - Train Loss: 0.0493, Train Acc: 98.24%
2024-12-12 14:55:29,665 - INFO - Val Loss: 0.3100, Val Acc: 92.07%
2024-12-12 14:55:29,667 - INFO - Class 0 Accuracy: 96.82%
2024-12-12 14:55:29,667 - INFO - Class 1 Accuracy: 95.88%
2024-12-12 14:55:29,667 - INFO - Class 2 Accuracy: 84.35%
2024-12-12 14:55:29,668 - INFO - Class 3 Accuracy: 93.20%
2024-12-12 14:55:29,668 - INFO - Class 4 Accuracy: 86.34%
2024-12-12 14:55:29,906 - INFO - Saved checkpoint at epoch 46
2024-12-12 14:55:29,907 - INFO - Total samples is: <torch.utils.data.dataloader.DataLoader object at 0x000002BC12502B10>
2024-12-12 15:30:58,171 - INFO - Validation parameter calculation time: 0:00:00.014100
2024-12-12 15:30:58,172 - INFO - 
Epoch 47/500:
2024-12-12 15:30:58,172 - INFO - Train Loss: 0.0497, Train Acc: 98.22%
2024-12-12 15:30:58,172 - INFO - Val Loss: 0.3185, Val Acc: 91.96%
2024-12-12 15:30:58,172 - INFO - Class 0 Accuracy: 97.07%
2024-12-12 15:30:58,173 - INFO - Class 1 Accuracy: 94.56%
2024-12-12 15:30:58,173 - INFO - Class 2 Accuracy: 83.56%
2024-12-12 15:30:58,173 - INFO - Class 3 Accuracy: 93.91%
2024-12-12 15:30:58,174 - INFO - Class 4 Accuracy: 86.04%
2024-12-12 15:30:58,397 - INFO - Saved checkpoint at epoch 47
2024-12-12 15:30:58,398 - INFO - Total samples is: <torch.utils.data.dataloader.DataLoader object at 0x000002BC12502B10>
2024-12-12 16:06:12,776 - INFO - Validation parameter calculation time: 0:00:00.014089
2024-12-12 16:06:12,777 - INFO - 
Epoch 48/500:
2024-12-12 16:06:12,777 - INFO - Train Loss: 0.0500, Train Acc: 98.20%
2024-12-12 16:06:12,777 - INFO - Val Loss: 0.3144, Val Acc: 92.00%
2024-12-12 16:06:12,777 - INFO - Class 0 Accuracy: 96.99%
2024-12-12 16:06:12,778 - INFO - Class 1 Accuracy: 95.39%
2024-12-12 16:06:12,778 - INFO - Class 2 Accuracy: 83.71%
2024-12-12 16:06:12,778 - INFO - Class 3 Accuracy: 93.71%
2024-12-12 16:06:12,779 - INFO - Class 4 Accuracy: 86.50%
2024-12-12 16:06:13,016 - INFO - Saved checkpoint at epoch 48
2024-12-12 16:06:13,017 - INFO - Total samples is: <torch.utils.data.dataloader.DataLoader object at 0x000002BC12502B10>
2024-12-12 16:41:28,268 - INFO - Validation parameter calculation time: 0:00:00.013528
2024-12-12 16:41:28,268 - INFO - 
Epoch 49/500:
2024-12-12 16:41:28,268 - INFO - Train Loss: 0.0493, Train Acc: 98.22%
2024-12-12 16:41:28,268 - INFO - Val Loss: 0.3475, Val Acc: 91.46%
2024-12-12 16:41:28,270 - INFO - Class 0 Accuracy: 97.09%
2024-12-12 16:41:28,271 - INFO - Class 1 Accuracy: 95.34%
2024-12-12 16:41:28,271 - INFO - Class 2 Accuracy: 82.13%
2024-12-12 16:41:28,272 - INFO - Class 3 Accuracy: 93.41%
2024-12-12 16:41:28,272 - INFO - Class 4 Accuracy: 84.92%
2024-12-12 16:41:28,532 - INFO - Saved checkpoint at epoch 49
2024-12-12 16:41:28,533 - INFO - Total samples is: <torch.utils.data.dataloader.DataLoader object at 0x000002BC12502B10>
2024-12-12 17:17:04,623 - INFO - Validation parameter calculation time: 0:00:00.014105
2024-12-12 17:17:04,624 - INFO - 
Epoch 50/500:
2024-12-12 17:17:04,624 - INFO - Train Loss: 0.0499, Train Acc: 98.21%
2024-12-12 17:17:04,624 - INFO - Val Loss: 0.3108, Val Acc: 92.10%
2024-12-12 17:17:04,625 - INFO - Class 0 Accuracy: 96.92%
2024-12-12 17:17:04,625 - INFO - Class 1 Accuracy: 95.50%
2024-12-12 17:17:04,626 - INFO - Class 2 Accuracy: 84.20%
2024-12-12 17:17:04,626 - INFO - Class 3 Accuracy: 93.60%
2024-12-12 17:17:04,626 - INFO - Class 4 Accuracy: 86.29%
2024-12-12 17:17:04,862 - INFO - Saved checkpoint at epoch 50
2024-12-12 17:17:04,863 - INFO - Total samples is: <torch.utils.data.dataloader.DataLoader object at 0x000002BC12502B10>
