2025-05-14 19:56:20,359 - INFO - Training configuration:
2025-05-14 19:56:20,359 - INFO - num_points: 4096
2025-05-14 19:56:20,359 - INFO - chunk_size: 4096
2025-05-14 19:56:20,359 - INFO - overlap: 1024
2025-05-14 19:56:20,359 - INFO - batch_size: 8
2025-05-14 19:56:20,359 - INFO - num_workers: 6
2025-05-14 19:56:20,359 - INFO - learning_rate: 0.001
2025-05-14 19:56:20,359 - INFO - num_classes: 8
2025-05-14 19:56:20,360 - INFO - num_epochs: 50
2025-05-14 19:56:20,360 - INFO - device: cuda
2025-05-14 19:56:20,360 - INFO - case: PTV3_YBC_Bridge
2025-05-14 19:56:20,360 - INFO - train_dir: data/YBC/train
2025-05-14 19:56:20,360 - INFO - val_dir: data/YBC/val
2025-05-14 19:56:20,360 - INFO - Using device: cuda
2025-05-14 19:56:20,360 - INFO - Found 3 h5 files:
2025-05-14 19:56:20,360 - INFO -   - suehiro_A2_01G1.h5
2025-05-14 19:56:20,360 - INFO -   - suehiro_A2_03G3.h5
2025-05-14 19:56:20,360 - INFO -   - suehiro_A2_04G4.h5
2025-05-14 20:12:17,930 - INFO - Total blocks created: 2461
2025-05-14 20:12:17,933 - INFO - Found 1 h5 files:
2025-05-14 20:12:17,933 - INFO -   - suehiro_A2_02G2.h5
2025-05-14 20:26:10,996 - INFO - Total blocks created: 1670
2025-05-14 20:26:11,016 - INFO - reading val data
2025-05-14 20:26:11,017 - INFO - Train dataset size: 2461
2025-05-14 20:26:11,017 - INFO - Val dataset size: 1670
2025-05-14 20:26:11,255 - INFO - 成功初始化 PointTransformerV3
2025-05-14 20:26:21,470 - INFO - Class weights: tensor([1.7263, 1.0122, 0.5000, 0.7483, 1.6751, 3.0000, 3.0000, 3.0000])
2025-05-14 20:26:21,472 - INFO - Total samples is: <torch.utils.data.dataloader.DataLoader object at 0x0000016A04DF4290>
2025-05-14 20:29:41,934 - INFO - Validation parameter calculation time: 0:00:00.016172
2025-05-14 20:29:41,934 - INFO - 
Epoch 1/50:
2025-05-14 20:29:41,935 - INFO - Train Loss: 0.8589, Train Acc: 73.24%
2025-05-14 20:29:41,935 - INFO - Val Loss: 0.6485, Val Acc: 85.62%
2025-05-14 20:29:41,935 - INFO - Class 0 Accuracy: 40.52%
2025-05-14 20:29:41,935 - INFO - Class 1 Accuracy: 99.36%
2025-05-14 20:29:41,935 - INFO - Class 2 Accuracy: 88.63%
2025-05-14 20:29:41,937 - INFO - Class 3 Accuracy: 96.15%
2025-05-14 20:29:41,937 - INFO - Class 4 Accuracy: 7.55%
2025-05-14 20:29:41,937 - INFO - Class 5 Accuracy: 0.00%
2025-05-14 20:29:41,937 - INFO - Class 6 Accuracy: 0.00%
2025-05-14 20:29:41,937 - INFO - Class 7 Accuracy: 0.07%
2025-05-14 20:29:42,087 - INFO - Saved best model with accuracy: 85.62%
2025-05-14 20:29:42,358 - INFO - Saved checkpoint at epoch 1
2025-05-14 20:29:42,359 - INFO - Total samples is: <torch.utils.data.dataloader.DataLoader object at 0x0000016A04DF4290>
2025-05-14 20:33:03,253 - INFO - Validation parameter calculation time: 0:00:00.004506
2025-05-14 20:33:03,253 - INFO - 
Epoch 2/50:
2025-05-14 20:33:03,253 - INFO - Train Loss: 0.5095, Train Acc: 82.42%
2025-05-14 20:33:03,253 - INFO - Val Loss: 0.9081, Val Acc: 64.26%
2025-05-14 20:33:03,254 - INFO - Class 0 Accuracy: 27.19%
2025-05-14 20:33:03,254 - INFO - Class 1 Accuracy: 99.40%
2025-05-14 20:33:03,254 - INFO - Class 2 Accuracy: 50.49%
2025-05-14 20:33:03,255 - INFO - Class 3 Accuracy: 99.10%
2025-05-14 20:33:03,255 - INFO - Class 4 Accuracy: 51.20%
2025-05-14 20:33:03,255 - INFO - Class 5 Accuracy: 0.00%
2025-05-14 20:33:03,255 - INFO - Class 6 Accuracy: 0.00%
2025-05-14 20:33:03,255 - INFO - Class 7 Accuracy: 3.35%
2025-05-14 20:33:03,417 - INFO - Saved checkpoint at epoch 2
2025-05-14 20:33:03,418 - INFO - Total samples is: <torch.utils.data.dataloader.DataLoader object at 0x0000016A04DF4290>
2025-05-14 20:36:23,598 - INFO - Validation parameter calculation time: 0:00:00.003999
2025-05-14 20:36:23,598 - INFO - 
Epoch 3/50:
2025-05-14 20:36:23,598 - INFO - Train Loss: 0.3646, Train Acc: 87.69%
2025-05-14 20:36:23,598 - INFO - Val Loss: 0.5481, Val Acc: 85.53%
2025-05-14 20:36:23,599 - INFO - Class 0 Accuracy: 83.63%
2025-05-14 20:36:23,599 - INFO - Class 1 Accuracy: 99.84%
2025-05-14 20:36:23,599 - INFO - Class 2 Accuracy: 81.52%
2025-05-14 20:36:23,600 - INFO - Class 3 Accuracy: 99.78%
2025-05-14 20:36:23,600 - INFO - Class 4 Accuracy: 34.29%
2025-05-14 20:36:23,600 - INFO - Class 5 Accuracy: 0.00%
2025-05-14 20:36:23,601 - INFO - Class 6 Accuracy: 0.00%
2025-05-14 20:36:23,601 - INFO - Class 7 Accuracy: 18.68%
2025-05-14 20:36:23,764 - INFO - Saved checkpoint at epoch 3
2025-05-14 20:36:23,764 - INFO - Total samples is: <torch.utils.data.dataloader.DataLoader object at 0x0000016A04DF4290>
2025-05-14 20:39:43,951 - INFO - Validation parameter calculation time: 0:00:00.004001
2025-05-14 20:39:43,951 - INFO - 
Epoch 4/50:
2025-05-14 20:39:43,951 - INFO - Train Loss: 0.1725, Train Acc: 95.00%
2025-05-14 20:39:43,951 - INFO - Val Loss: 0.5977, Val Acc: 81.04%
2025-05-14 20:39:43,952 - INFO - Class 0 Accuracy: 88.22%
2025-05-14 20:39:43,952 - INFO - Class 1 Accuracy: 74.54%
2025-05-14 20:39:43,953 - INFO - Class 2 Accuracy: 78.17%
2025-05-14 20:39:43,953 - INFO - Class 3 Accuracy: 99.57%
2025-05-14 20:39:43,953 - INFO - Class 4 Accuracy: 49.45%
2025-05-14 20:39:43,954 - INFO - Class 5 Accuracy: 0.00%
2025-05-14 20:39:43,954 - INFO - Class 6 Accuracy: 0.00%
2025-05-14 20:39:43,954 - INFO - Class 7 Accuracy: 36.45%
2025-05-14 20:39:44,115 - INFO - Saved checkpoint at epoch 4
2025-05-14 20:39:44,115 - INFO - Total samples is: <torch.utils.data.dataloader.DataLoader object at 0x0000016A04DF4290>
2025-05-14 20:43:04,483 - INFO - Validation parameter calculation time: 0:00:00.004020
2025-05-14 20:43:04,483 - INFO - 
Epoch 5/50:
2025-05-14 20:43:04,484 - INFO - Train Loss: 0.1755, Train Acc: 94.92%
2025-05-14 20:43:04,484 - INFO - Val Loss: 0.4119, Val Acc: 89.88%
2025-05-14 20:43:04,484 - INFO - Class 0 Accuracy: 85.31%
2025-05-14 20:43:04,484 - INFO - Class 1 Accuracy: 99.71%
2025-05-14 20:43:04,485 - INFO - Class 2 Accuracy: 88.21%
2025-05-14 20:43:04,485 - INFO - Class 3 Accuracy: 99.44%
2025-05-14 20:43:04,486 - INFO - Class 4 Accuracy: 47.04%
2025-05-14 20:43:04,486 - INFO - Class 5 Accuracy: 0.00%
2025-05-14 20:43:04,486 - INFO - Class 6 Accuracy: 0.00%
2025-05-14 20:43:04,487 - INFO - Class 7 Accuracy: 18.18%
2025-05-14 20:43:04,648 - INFO - Saved best model with accuracy: 89.88%
2025-05-14 20:43:04,807 - INFO - Saved checkpoint at epoch 5
2025-05-14 20:43:04,808 - INFO - Total samples is: <torch.utils.data.dataloader.DataLoader object at 0x0000016A04DF4290>
2025-05-14 20:46:25,209 - INFO - Validation parameter calculation time: 0:00:00.005057
2025-05-14 20:46:25,209 - INFO - 
Epoch 6/50:
2025-05-14 20:46:25,209 - INFO - Train Loss: 0.1148, Train Acc: 96.78%
2025-05-14 20:46:25,209 - INFO - Val Loss: 0.6500, Val Acc: 74.88%
2025-05-14 20:46:25,209 - INFO - Class 0 Accuracy: 76.10%
2025-05-14 20:46:25,210 - INFO - Class 1 Accuracy: 96.36%
2025-05-14 20:46:25,210 - INFO - Class 2 Accuracy: 64.39%
2025-05-14 20:46:25,210 - INFO - Class 3 Accuracy: 99.08%
2025-05-14 20:46:25,210 - INFO - Class 4 Accuracy: 50.33%
2025-05-14 20:46:25,211 - INFO - Class 5 Accuracy: 0.00%
2025-05-14 20:46:25,211 - INFO - Class 6 Accuracy: 0.00%
2025-05-14 20:46:25,211 - INFO - Class 7 Accuracy: 16.00%
2025-05-14 20:46:25,373 - INFO - Saved checkpoint at epoch 6
2025-05-14 20:46:25,373 - INFO - Total samples is: <torch.utils.data.dataloader.DataLoader object at 0x0000016A04DF4290>
2025-05-14 20:49:45,766 - INFO - Validation parameter calculation time: 0:00:00.004998
2025-05-14 20:49:45,766 - INFO - 
Epoch 7/50:
2025-05-14 20:49:45,766 - INFO - Train Loss: 0.3075, Train Acc: 90.80%
2025-05-14 20:49:45,766 - INFO - Val Loss: 0.2230, Val Acc: 93.90%
2025-05-14 20:49:45,767 - INFO - Class 0 Accuracy: 92.02%
2025-05-14 20:49:45,767 - INFO - Class 1 Accuracy: 91.25%
2025-05-14 20:49:45,768 - INFO - Class 2 Accuracy: 94.66%
2025-05-14 20:49:45,768 - INFO - Class 3 Accuracy: 99.82%
2025-05-14 20:49:45,768 - INFO - Class 4 Accuracy: 61.06%
2025-05-14 20:49:45,768 - INFO - Class 5 Accuracy: 0.00%
2025-05-14 20:49:45,769 - INFO - Class 6 Accuracy: 0.00%
2025-05-14 20:49:45,769 - INFO - Class 7 Accuracy: 81.31%
2025-05-14 20:49:45,930 - INFO - Saved best model with accuracy: 93.90%
2025-05-14 20:49:46,095 - INFO - Saved checkpoint at epoch 7
2025-05-14 20:49:46,096 - INFO - Total samples is: <torch.utils.data.dataloader.DataLoader object at 0x0000016A04DF4290>
2025-05-14 20:53:06,283 - INFO - Validation parameter calculation time: 0:00:00.004013
2025-05-14 20:53:06,283 - INFO - 
Epoch 8/50:
2025-05-14 20:53:06,283 - INFO - Train Loss: 0.1380, Train Acc: 96.16%
2025-05-14 20:53:06,283 - INFO - Val Loss: 0.1681, Val Acc: 95.82%
2025-05-14 20:53:06,283 - INFO - Class 0 Accuracy: 87.97%
2025-05-14 20:53:06,283 - INFO - Class 1 Accuracy: 98.89%
2025-05-14 20:53:06,283 - INFO - Class 2 Accuracy: 95.95%
2025-05-14 20:53:06,285 - INFO - Class 3 Accuracy: 99.86%
2025-05-14 20:53:06,285 - INFO - Class 4 Accuracy: 75.51%
2025-05-14 20:53:06,285 - INFO - Class 5 Accuracy: 0.00%
2025-05-14 20:53:06,285 - INFO - Class 6 Accuracy: 0.00%
2025-05-14 20:53:06,286 - INFO - Class 7 Accuracy: 72.71%
2025-05-14 20:53:06,445 - INFO - Saved best model with accuracy: 95.82%
2025-05-14 20:53:06,602 - INFO - Saved checkpoint at epoch 8
2025-05-14 20:53:06,603 - INFO - Total samples is: <torch.utils.data.dataloader.DataLoader object at 0x0000016A04DF4290>
2025-05-14 20:56:26,834 - INFO - Validation parameter calculation time: 0:00:00.004328
2025-05-14 20:56:26,834 - INFO - 
Epoch 9/50:
2025-05-14 20:56:26,834 - INFO - Train Loss: 0.1214, Train Acc: 96.64%
2025-05-14 20:56:26,835 - INFO - Val Loss: 0.1791, Val Acc: 96.46%
2025-05-14 20:56:26,835 - INFO - Class 0 Accuracy: 87.11%
2025-05-14 20:56:26,835 - INFO - Class 1 Accuracy: 99.71%
2025-05-14 20:56:26,836 - INFO - Class 2 Accuracy: 97.15%
2025-05-14 20:56:26,836 - INFO - Class 3 Accuracy: 99.03%
2025-05-14 20:56:26,836 - INFO - Class 4 Accuracy: 79.67%
2025-05-14 20:56:26,837 - INFO - Class 5 Accuracy: 0.00%
2025-05-14 20:56:26,837 - INFO - Class 6 Accuracy: 0.00%
2025-05-14 20:56:26,837 - INFO - Class 7 Accuracy: 57.95%
2025-05-14 20:56:27,002 - INFO - Saved best model with accuracy: 96.46%
2025-05-14 20:56:27,163 - INFO - Saved checkpoint at epoch 9
2025-05-14 20:56:27,164 - INFO - Total samples is: <torch.utils.data.dataloader.DataLoader object at 0x0000016A04DF4290>
2025-05-14 20:59:46,950 - INFO - Validation parameter calculation time: 0:00:00.005042
2025-05-14 20:59:46,950 - INFO - 
Epoch 10/50:
2025-05-14 20:59:46,950 - INFO - Train Loss: 0.1348, Train Acc: 96.21%
2025-05-14 20:59:46,950 - INFO - Val Loss: 0.1668, Val Acc: 96.32%
2025-05-14 20:59:46,950 - INFO - Class 0 Accuracy: 90.89%
2025-05-14 20:59:46,951 - INFO - Class 1 Accuracy: 98.63%
2025-05-14 20:59:46,951 - INFO - Class 2 Accuracy: 96.32%
2025-05-14 20:59:46,951 - INFO - Class 3 Accuracy: 99.66%
2025-05-14 20:59:46,952 - INFO - Class 4 Accuracy: 82.20%
2025-05-14 20:59:46,952 - INFO - Class 5 Accuracy: 0.00%
2025-05-14 20:59:46,953 - INFO - Class 6 Accuracy: 0.00%
2025-05-14 20:59:46,953 - INFO - Class 7 Accuracy: 70.72%
2025-05-14 20:59:47,113 - INFO - Saved checkpoint at epoch 10
2025-05-14 20:59:47,113 - INFO - Total samples is: <torch.utils.data.dataloader.DataLoader object at 0x0000016A04DF4290>
2025-05-14 21:03:06,869 - INFO - Validation parameter calculation time: 0:00:00.004022
2025-05-14 21:03:06,869 - INFO - 
Epoch 11/50:
2025-05-14 21:03:06,869 - INFO - Train Loss: 0.1092, Train Acc: 96.95%
2025-05-14 21:03:06,869 - INFO - Val Loss: 0.1536, Val Acc: 96.37%
2025-05-14 21:03:06,870 - INFO - Class 0 Accuracy: 90.26%
2025-05-14 21:03:06,870 - INFO - Class 1 Accuracy: 95.96%
2025-05-14 21:03:06,871 - INFO - Class 2 Accuracy: 97.06%
2025-05-14 21:03:06,871 - INFO - Class 3 Accuracy: 99.73%
2025-05-14 21:03:06,871 - INFO - Class 4 Accuracy: 77.46%
2025-05-14 21:03:06,871 - INFO - Class 5 Accuracy: 0.00%
2025-05-14 21:03:06,872 - INFO - Class 6 Accuracy: 0.00%
2025-05-14 21:03:06,872 - INFO - Class 7 Accuracy: 87.64%
2025-05-14 21:03:07,034 - INFO - Saved checkpoint at epoch 11
2025-05-14 21:03:07,035 - INFO - Total samples is: <torch.utils.data.dataloader.DataLoader object at 0x0000016A04DF4290>
2025-05-14 21:06:26,169 - INFO - Validation parameter calculation time: 0:00:00.005016
2025-05-14 21:06:26,169 - INFO - 
Epoch 12/50:
2025-05-14 21:06:26,169 - INFO - Train Loss: 0.1132, Train Acc: 96.86%
2025-05-14 21:06:26,169 - INFO - Val Loss: 0.2195, Val Acc: 94.01%
2025-05-14 21:06:26,170 - INFO - Class 0 Accuracy: 85.48%
2025-05-14 21:06:26,170 - INFO - Class 1 Accuracy: 96.21%
2025-05-14 21:06:26,170 - INFO - Class 2 Accuracy: 93.31%
2025-05-14 21:06:26,170 - INFO - Class 3 Accuracy: 99.84%
2025-05-14 21:06:26,171 - INFO - Class 4 Accuracy: 82.02%
2025-05-14 21:06:26,171 - INFO - Class 5 Accuracy: 0.00%
2025-05-14 21:06:26,171 - INFO - Class 6 Accuracy: 0.00%
2025-05-14 21:06:26,171 - INFO - Class 7 Accuracy: 79.43%
2025-05-14 21:06:26,335 - INFO - Saved checkpoint at epoch 12
2025-05-14 21:06:26,335 - INFO - Total samples is: <torch.utils.data.dataloader.DataLoader object at 0x0000016A04DF4290>
2025-05-14 21:09:45,707 - INFO - Validation parameter calculation time: 0:00:00.004000
2025-05-14 21:09:45,707 - INFO - 
Epoch 13/50:
2025-05-14 21:09:45,707 - INFO - Train Loss: 0.1548, Train Acc: 95.61%
2025-05-14 21:09:45,707 - INFO - Val Loss: 0.1714, Val Acc: 96.61%
2025-05-14 21:09:45,708 - INFO - Class 0 Accuracy: 81.99%
2025-05-14 21:09:45,708 - INFO - Class 1 Accuracy: 99.22%
2025-05-14 21:09:45,709 - INFO - Class 2 Accuracy: 97.29%
2025-05-14 21:09:45,709 - INFO - Class 3 Accuracy: 99.82%
2025-05-14 21:09:45,709 - INFO - Class 4 Accuracy: 86.29%
2025-05-14 21:09:45,709 - INFO - Class 5 Accuracy: 0.00%
2025-05-14 21:09:45,710 - INFO - Class 6 Accuracy: 0.00%
2025-05-14 21:09:45,710 - INFO - Class 7 Accuracy: 68.56%
2025-05-14 21:09:45,874 - INFO - Saved best model with accuracy: 96.61%
2025-05-14 21:09:46,032 - INFO - Saved checkpoint at epoch 13
2025-05-14 21:09:46,033 - INFO - Total samples is: <torch.utils.data.dataloader.DataLoader object at 0x0000016A04DF4290>
2025-05-14 21:13:05,262 - INFO - Validation parameter calculation time: 0:00:00.004012
2025-05-14 21:13:05,262 - INFO - 
Epoch 14/50:
2025-05-14 21:13:05,262 - INFO - Train Loss: 0.1058, Train Acc: 97.04%
2025-05-14 21:13:05,262 - INFO - Val Loss: 0.1476, Val Acc: 96.90%
2025-05-14 21:13:05,263 - INFO - Class 0 Accuracy: 89.66%
2025-05-14 21:13:05,263 - INFO - Class 1 Accuracy: 99.67%
2025-05-14 21:13:05,263 - INFO - Class 2 Accuracy: 97.27%
2025-05-14 21:13:05,263 - INFO - Class 3 Accuracy: 99.82%
2025-05-14 21:13:05,264 - INFO - Class 4 Accuracy: 77.02%
2025-05-14 21:13:05,264 - INFO - Class 5 Accuracy: 0.00%
2025-05-14 21:13:05,264 - INFO - Class 6 Accuracy: 0.00%
2025-05-14 21:13:05,265 - INFO - Class 7 Accuracy: 81.37%
2025-05-14 21:13:05,428 - INFO - Saved best model with accuracy: 96.90%
2025-05-14 21:13:05,589 - INFO - Saved checkpoint at epoch 14
2025-05-14 21:13:05,590 - INFO - Total samples is: <torch.utils.data.dataloader.DataLoader object at 0x0000016A04DF4290>
2025-05-14 21:16:24,759 - INFO - Validation parameter calculation time: 0:00:00.005057
2025-05-14 21:16:24,759 - INFO - 
Epoch 15/50:
2025-05-14 21:16:24,759 - INFO - Train Loss: 0.1008, Train Acc: 97.19%
2025-05-14 21:16:24,759 - INFO - Val Loss: 0.1827, Val Acc: 95.65%
2025-05-14 21:16:24,760 - INFO - Class 0 Accuracy: 76.54%
2025-05-14 21:16:24,760 - INFO - Class 1 Accuracy: 97.11%
2025-05-14 21:16:24,761 - INFO - Class 2 Accuracy: 96.82%
2025-05-14 21:16:24,761 - INFO - Class 3 Accuracy: 99.31%
2025-05-14 21:16:24,761 - INFO - Class 4 Accuracy: 84.38%
2025-05-14 21:16:24,761 - INFO - Class 5 Accuracy: 0.00%
2025-05-14 21:16:24,762 - INFO - Class 6 Accuracy: 0.00%
2025-05-14 21:16:24,762 - INFO - Class 7 Accuracy: 76.29%
2025-05-14 21:16:24,929 - INFO - Saved checkpoint at epoch 15
2025-05-14 21:16:24,930 - INFO - Total samples is: <torch.utils.data.dataloader.DataLoader object at 0x0000016A04DF4290>
2025-05-14 21:19:44,296 - INFO - Validation parameter calculation time: 0:00:00.003998
2025-05-14 21:19:44,296 - INFO - 
Epoch 16/50:
2025-05-14 21:19:44,296 - INFO - Train Loss: 0.0999, Train Acc: 97.23%
2025-05-14 21:19:44,296 - INFO - Val Loss: 0.1967, Val Acc: 95.84%
2025-05-14 21:19:44,297 - INFO - Class 0 Accuracy: 87.89%
2025-05-14 21:19:44,297 - INFO - Class 1 Accuracy: 89.39%
2025-05-14 21:19:44,297 - INFO - Class 2 Accuracy: 98.14%
2025-05-14 21:19:44,299 - INFO - Class 3 Accuracy: 99.50%
2025-05-14 21:19:44,299 - INFO - Class 4 Accuracy: 74.86%
2025-05-14 21:19:44,299 - INFO - Class 5 Accuracy: 0.00%
2025-05-14 21:19:44,300 - INFO - Class 6 Accuracy: 0.00%
2025-05-14 21:19:44,300 - INFO - Class 7 Accuracy: 81.42%
2025-05-14 21:19:44,458 - INFO - Saved checkpoint at epoch 16
2025-05-14 21:19:44,459 - INFO - Total samples is: <torch.utils.data.dataloader.DataLoader object at 0x0000016A04DF4290>
2025-05-14 21:23:03,851 - INFO - Validation parameter calculation time: 0:00:00.004000
2025-05-14 21:23:03,851 - INFO - 
Epoch 17/50:
2025-05-14 21:23:03,851 - INFO - Train Loss: 0.0988, Train Acc: 97.26%
2025-05-14 21:23:03,851 - INFO - Val Loss: 0.2418, Val Acc: 92.57%
2025-05-14 21:23:03,852 - INFO - Class 0 Accuracy: 84.45%
2025-05-14 21:23:03,852 - INFO - Class 1 Accuracy: 99.99%
2025-05-14 21:23:03,853 - INFO - Class 2 Accuracy: 91.51%
2025-05-14 21:23:03,853 - INFO - Class 3 Accuracy: 99.24%
2025-05-14 21:23:03,853 - INFO - Class 4 Accuracy: 63.20%
2025-05-14 21:23:03,853 - INFO - Class 5 Accuracy: 0.00%
2025-05-14 21:23:03,854 - INFO - Class 6 Accuracy: 0.00%
2025-05-14 21:23:03,854 - INFO - Class 7 Accuracy: 60.66%
2025-05-14 21:23:04,015 - INFO - Saved checkpoint at epoch 17
2025-05-14 21:23:04,016 - INFO - Total samples is: <torch.utils.data.dataloader.DataLoader object at 0x0000016A04DF4290>
2025-05-14 21:26:23,399 - INFO - Validation parameter calculation time: 0:00:00.003875
2025-05-14 21:26:23,399 - INFO - 
Epoch 18/50:
2025-05-14 21:26:23,400 - INFO - Train Loss: 0.0921, Train Acc: 97.44%
2025-05-14 21:26:23,400 - INFO - Val Loss: 0.1306, Val Acc: 97.36%
2025-05-14 21:26:23,400 - INFO - Class 0 Accuracy: 91.42%
2025-05-14 21:26:23,401 - INFO - Class 1 Accuracy: 99.00%
2025-05-14 21:26:23,401 - INFO - Class 2 Accuracy: 98.00%
2025-05-14 21:26:23,401 - INFO - Class 3 Accuracy: 99.67%
2025-05-14 21:26:23,401 - INFO - Class 4 Accuracy: 78.98%
2025-05-14 21:26:23,403 - INFO - Class 5 Accuracy: 0.00%
2025-05-14 21:26:23,403 - INFO - Class 6 Accuracy: 0.00%
2025-05-14 21:26:23,403 - INFO - Class 7 Accuracy: 79.17%
2025-05-14 21:26:23,576 - INFO - Saved best model with accuracy: 97.36%
2025-05-14 21:26:23,743 - INFO - Saved checkpoint at epoch 18
2025-05-14 21:26:23,744 - INFO - Total samples is: <torch.utils.data.dataloader.DataLoader object at 0x0000016A04DF4290>
2025-05-14 21:29:43,102 - INFO - Validation parameter calculation time: 0:00:00.004581
2025-05-14 21:29:43,102 - INFO - 
Epoch 19/50:
2025-05-14 21:29:43,102 - INFO - Train Loss: 0.0899, Train Acc: 97.50%
2025-05-14 21:29:43,102 - INFO - Val Loss: 0.1952, Val Acc: 96.29%
2025-05-14 21:29:43,103 - INFO - Class 0 Accuracy: 76.99%
2025-05-14 21:29:43,103 - INFO - Class 1 Accuracy: 97.95%
2025-05-14 21:29:43,103 - INFO - Class 2 Accuracy: 98.03%
2025-05-14 21:29:43,103 - INFO - Class 3 Accuracy: 99.77%
2025-05-14 21:29:43,104 - INFO - Class 4 Accuracy: 74.40%
2025-05-14 21:29:43,104 - INFO - Class 5 Accuracy: 0.00%
2025-05-14 21:29:43,104 - INFO - Class 6 Accuracy: 0.00%
2025-05-14 21:29:43,105 - INFO - Class 7 Accuracy: 76.74%
2025-05-14 21:29:43,267 - INFO - Saved checkpoint at epoch 19
2025-05-14 21:29:43,267 - INFO - Total samples is: <torch.utils.data.dataloader.DataLoader object at 0x0000016A04DF4290>
2025-05-14 21:33:02,810 - INFO - Validation parameter calculation time: 0:00:00.004003
2025-05-14 21:33:02,810 - INFO - 
Epoch 20/50:
2025-05-14 21:33:02,811 - INFO - Train Loss: 0.0923, Train Acc: 97.45%
2025-05-14 21:33:02,811 - INFO - Val Loss: 0.1564, Val Acc: 96.34%
2025-05-14 21:33:02,811 - INFO - Class 0 Accuracy: 89.03%
2025-05-14 21:33:02,812 - INFO - Class 1 Accuracy: 97.15%
2025-05-14 21:33:02,812 - INFO - Class 2 Accuracy: 96.94%
2025-05-14 21:33:02,812 - INFO - Class 3 Accuracy: 99.64%
2025-05-14 21:33:02,813 - INFO - Class 4 Accuracy: 78.84%
2025-05-14 21:33:02,813 - INFO - Class 5 Accuracy: 0.00%
2025-05-14 21:33:02,813 - INFO - Class 6 Accuracy: 0.00%
2025-05-14 21:33:02,813 - INFO - Class 7 Accuracy: 78.07%
2025-05-14 21:33:02,975 - INFO - Saved checkpoint at epoch 20
2025-05-14 21:33:02,976 - INFO - Total samples is: <torch.utils.data.dataloader.DataLoader object at 0x0000016A04DF4290>
2025-05-14 21:36:22,382 - INFO - Validation parameter calculation time: 0:00:00.003999
2025-05-14 21:36:22,382 - INFO - 
Epoch 21/50:
2025-05-14 21:36:22,382 - INFO - Train Loss: 0.0911, Train Acc: 97.46%
2025-05-14 21:36:22,382 - INFO - Val Loss: 0.1747, Val Acc: 95.89%
2025-05-14 21:36:22,383 - INFO - Class 0 Accuracy: 84.91%
2025-05-14 21:36:22,383 - INFO - Class 1 Accuracy: 97.99%
2025-05-14 21:36:22,384 - INFO - Class 2 Accuracy: 96.03%
2025-05-14 21:36:22,384 - INFO - Class 3 Accuracy: 99.62%
2025-05-14 21:36:22,384 - INFO - Class 4 Accuracy: 87.03%
2025-05-14 21:36:22,385 - INFO - Class 5 Accuracy: 0.00%
2025-05-14 21:36:22,385 - INFO - Class 6 Accuracy: 0.00%
2025-05-14 21:36:22,385 - INFO - Class 7 Accuracy: 72.64%
2025-05-14 21:36:22,549 - INFO - Saved checkpoint at epoch 21
2025-05-14 21:36:22,550 - INFO - Total samples is: <torch.utils.data.dataloader.DataLoader object at 0x0000016A04DF4290>
2025-05-14 21:39:42,099 - INFO - Validation parameter calculation time: 0:00:00.004036
2025-05-14 21:39:42,099 - INFO - 
Epoch 22/50:
2025-05-14 21:39:42,099 - INFO - Train Loss: 0.0830, Train Acc: 97.68%
2025-05-14 21:39:42,099 - INFO - Val Loss: 0.2165, Val Acc: 95.78%
2025-05-14 21:39:42,100 - INFO - Class 0 Accuracy: 71.26%
2025-05-14 21:39:42,100 - INFO - Class 1 Accuracy: 96.36%
2025-05-14 21:39:42,100 - INFO - Class 2 Accuracy: 97.94%
2025-05-14 21:39:42,100 - INFO - Class 3 Accuracy: 99.63%
2025-05-14 21:39:42,101 - INFO - Class 4 Accuracy: 78.82%
2025-05-14 21:39:42,101 - INFO - Class 5 Accuracy: 0.00%
2025-05-14 21:39:42,101 - INFO - Class 6 Accuracy: 0.00%
2025-05-14 21:39:42,101 - INFO - Class 7 Accuracy: 71.85%
2025-05-14 21:39:42,262 - INFO - Saved checkpoint at epoch 22
2025-05-14 21:39:42,263 - INFO - Total samples is: <torch.utils.data.dataloader.DataLoader object at 0x0000016A04DF4290>
2025-05-14 21:43:01,843 - INFO - Validation parameter calculation time: 0:00:00.004045
2025-05-14 21:43:01,843 - INFO - 
Epoch 23/50:
2025-05-14 21:43:01,843 - INFO - Train Loss: 0.0792, Train Acc: 97.79%
2025-05-14 21:43:01,844 - INFO - Val Loss: 0.1965, Val Acc: 96.47%
2025-05-14 21:43:01,844 - INFO - Class 0 Accuracy: 78.20%
2025-05-14 21:43:01,844 - INFO - Class 1 Accuracy: 99.37%
2025-05-14 21:43:01,845 - INFO - Class 2 Accuracy: 97.54%
2025-05-14 21:43:01,845 - INFO - Class 3 Accuracy: 99.85%
2025-05-14 21:43:01,845 - INFO - Class 4 Accuracy: 81.20%
2025-05-14 21:43:01,846 - INFO - Class 5 Accuracy: 0.00%
2025-05-14 21:43:01,846 - INFO - Class 6 Accuracy: 0.00%
2025-05-14 21:43:01,846 - INFO - Class 7 Accuracy: 76.43%
2025-05-14 21:43:02,009 - INFO - Saved checkpoint at epoch 23
2025-05-14 21:43:02,010 - INFO - Total samples is: <torch.utils.data.dataloader.DataLoader object at 0x0000016A04DF4290>
2025-05-14 21:46:21,557 - INFO - Validation parameter calculation time: 0:00:00.003508
2025-05-14 21:46:21,558 - INFO - 
Epoch 24/50:
2025-05-14 21:46:21,558 - INFO - Train Loss: 0.0829, Train Acc: 97.69%
2025-05-14 21:46:21,559 - INFO - Val Loss: 0.1828, Val Acc: 96.90%
2025-05-14 21:46:21,559 - INFO - Class 0 Accuracy: 83.05%
2025-05-14 21:46:21,559 - INFO - Class 1 Accuracy: 98.68%
2025-05-14 21:46:21,559 - INFO - Class 2 Accuracy: 98.61%
2025-05-14 21:46:21,560 - INFO - Class 3 Accuracy: 99.42%
2025-05-14 21:46:21,560 - INFO - Class 4 Accuracy: 73.00%
2025-05-14 21:46:21,560 - INFO - Class 5 Accuracy: 0.00%
2025-05-14 21:46:21,561 - INFO - Class 6 Accuracy: 0.00%
2025-05-14 21:46:21,561 - INFO - Class 7 Accuracy: 68.96%
2025-05-14 21:46:21,723 - INFO - Saved checkpoint at epoch 24
2025-05-14 21:46:21,723 - INFO - Total samples is: <torch.utils.data.dataloader.DataLoader object at 0x0000016A04DF4290>
2025-05-14 21:49:41,332 - INFO - Validation parameter calculation time: 0:00:00.003520
2025-05-14 21:49:41,332 - INFO - 
Epoch 25/50:
2025-05-14 21:49:41,332 - INFO - Train Loss: 0.0636, Train Acc: 98.21%
2025-05-14 21:49:41,333 - INFO - Val Loss: 0.2433, Val Acc: 95.94%
2025-05-14 21:49:41,333 - INFO - Class 0 Accuracy: 71.41%
2025-05-14 21:49:41,333 - INFO - Class 1 Accuracy: 98.22%
2025-05-14 21:49:41,334 - INFO - Class 2 Accuracy: 97.99%
2025-05-14 21:49:41,334 - INFO - Class 3 Accuracy: 99.64%
2025-05-14 21:49:41,334 - INFO - Class 4 Accuracy: 75.69%
2025-05-14 21:49:41,335 - INFO - Class 5 Accuracy: 0.00%
2025-05-14 21:49:41,335 - INFO - Class 6 Accuracy: 0.00%
2025-05-14 21:49:41,335 - INFO - Class 7 Accuracy: 67.65%
2025-05-14 21:49:41,494 - INFO - Saved checkpoint at epoch 25
2025-05-14 21:49:41,495 - INFO - Total samples is: <torch.utils.data.dataloader.DataLoader object at 0x0000016A04DF4290>
2025-05-14 21:53:01,058 - INFO - Validation parameter calculation time: 0:00:00.003507
2025-05-14 21:53:01,058 - INFO - 
Epoch 26/50:
2025-05-14 21:53:01,058 - INFO - Train Loss: 0.0598, Train Acc: 98.31%
2025-05-14 21:53:01,059 - INFO - Val Loss: 0.2325, Val Acc: 96.02%
2025-05-14 21:53:01,059 - INFO - Class 0 Accuracy: 74.73%
2025-05-14 21:53:01,059 - INFO - Class 1 Accuracy: 98.48%
2025-05-14 21:53:01,059 - INFO - Class 2 Accuracy: 97.67%
2025-05-14 21:53:01,059 - INFO - Class 3 Accuracy: 99.72%
2025-05-14 21:53:01,060 - INFO - Class 4 Accuracy: 76.09%
2025-05-14 21:53:01,060 - INFO - Class 5 Accuracy: 0.00%
2025-05-14 21:53:01,060 - INFO - Class 6 Accuracy: 0.00%
2025-05-14 21:53:01,061 - INFO - Class 7 Accuracy: 70.69%
2025-05-14 21:53:01,223 - INFO - Saved checkpoint at epoch 26
2025-05-14 21:53:01,223 - INFO - Total samples is: <torch.utils.data.dataloader.DataLoader object at 0x0000016A04DF4290>
2025-05-14 21:56:20,601 - INFO - Validation parameter calculation time: 0:00:00.004185
2025-05-14 21:56:20,601 - INFO - 
Epoch 27/50:
2025-05-14 21:56:20,601 - INFO - Train Loss: 0.0585, Train Acc: 98.34%
2025-05-14 21:56:20,601 - INFO - Val Loss: 0.2264, Val Acc: 96.13%
2025-05-14 21:56:20,603 - INFO - Class 0 Accuracy: 77.30%
2025-05-14 21:56:20,603 - INFO - Class 1 Accuracy: 98.55%
2025-05-14 21:56:20,604 - INFO - Class 2 Accuracy: 97.60%
2025-05-14 21:56:20,604 - INFO - Class 3 Accuracy: 99.70%
2025-05-14 21:56:20,604 - INFO - Class 4 Accuracy: 76.24%
2025-05-14 21:56:20,605 - INFO - Class 5 Accuracy: 0.00%
2025-05-14 21:56:20,605 - INFO - Class 6 Accuracy: 0.00%
2025-05-14 21:56:20,605 - INFO - Class 7 Accuracy: 70.05%
2025-05-14 21:56:20,771 - INFO - Saved checkpoint at epoch 27
2025-05-14 21:56:20,772 - INFO - Total samples is: <torch.utils.data.dataloader.DataLoader object at 0x0000016A04DF4290>
2025-05-14 21:59:40,356 - INFO - Validation parameter calculation time: 0:00:00.004616
2025-05-14 21:59:40,357 - INFO - 
Epoch 28/50:
2025-05-14 21:59:40,357 - INFO - Train Loss: 0.0570, Train Acc: 98.38%
2025-05-14 21:59:40,357 - INFO - Val Loss: 0.2397, Val Acc: 95.90%
2025-05-14 21:59:40,358 - INFO - Class 0 Accuracy: 73.21%
2025-05-14 21:59:40,358 - INFO - Class 1 Accuracy: 98.17%
2025-05-14 21:59:40,358 - INFO - Class 2 Accuracy: 97.70%
2025-05-14 21:59:40,359 - INFO - Class 3 Accuracy: 99.59%
2025-05-14 21:59:40,359 - INFO - Class 4 Accuracy: 76.22%
2025-05-14 21:59:40,359 - INFO - Class 5 Accuracy: 0.00%
2025-05-14 21:59:40,359 - INFO - Class 6 Accuracy: 0.00%
2025-05-14 21:59:40,360 - INFO - Class 7 Accuracy: 72.15%
2025-05-14 21:59:40,521 - INFO - Saved checkpoint at epoch 28
2025-05-14 21:59:40,521 - INFO - Total samples is: <torch.utils.data.dataloader.DataLoader object at 0x0000016A04DF4290>
2025-05-14 22:03:00,071 - INFO - Validation parameter calculation time: 0:00:00.004000
2025-05-14 22:03:00,071 - INFO - 
Epoch 29/50:
2025-05-14 22:03:00,071 - INFO - Train Loss: 0.0563, Train Acc: 98.39%
2025-05-14 22:03:00,072 - INFO - Val Loss: 0.2452, Val Acc: 95.72%
2025-05-14 22:03:00,072 - INFO - Class 0 Accuracy: 72.31%
2025-05-14 22:03:00,073 - INFO - Class 1 Accuracy: 97.94%
2025-05-14 22:03:00,073 - INFO - Class 2 Accuracy: 97.58%
2025-05-14 22:03:00,073 - INFO - Class 3 Accuracy: 99.56%
2025-05-14 22:03:00,074 - INFO - Class 4 Accuracy: 76.13%
2025-05-14 22:03:00,074 - INFO - Class 5 Accuracy: 0.00%
2025-05-14 22:03:00,075 - INFO - Class 6 Accuracy: 0.00%
2025-05-14 22:03:00,075 - INFO - Class 7 Accuracy: 69.70%
2025-05-14 22:03:00,234 - INFO - Saved checkpoint at epoch 29
2025-05-14 22:03:00,235 - INFO - Total samples is: <torch.utils.data.dataloader.DataLoader object at 0x0000016A04DF4290>
2025-05-14 22:06:19,827 - INFO - Validation parameter calculation time: 0:00:00.004004
2025-05-14 22:06:19,828 - INFO - 
Epoch 30/50:
2025-05-14 22:06:19,828 - INFO - Train Loss: 0.0570, Train Acc: 98.38%
2025-05-14 22:06:19,828 - INFO - Val Loss: 0.2698, Val Acc: 95.51%
2025-05-14 22:06:19,829 - INFO - Class 0 Accuracy: 69.09%
2025-05-14 22:06:19,829 - INFO - Class 1 Accuracy: 97.74%
2025-05-14 22:06:19,829 - INFO - Class 2 Accuracy: 97.63%
2025-05-14 22:06:19,830 - INFO - Class 3 Accuracy: 99.62%
2025-05-14 22:06:19,830 - INFO - Class 4 Accuracy: 74.03%
2025-05-14 22:06:19,830 - INFO - Class 5 Accuracy: 0.00%
2025-05-14 22:06:19,831 - INFO - Class 6 Accuracy: 0.00%
2025-05-14 22:06:19,831 - INFO - Class 7 Accuracy: 71.75%
2025-05-14 22:06:19,992 - INFO - Saved checkpoint at epoch 30
2025-05-14 22:06:19,992 - INFO - Total samples is: <torch.utils.data.dataloader.DataLoader object at 0x0000016A04DF4290>
2025-05-14 22:09:39,158 - INFO - Validation parameter calculation time: 0:00:00.003000
2025-05-14 22:09:39,160 - INFO - 
Epoch 31/50:
2025-05-14 22:09:39,160 - INFO - Train Loss: 0.0546, Train Acc: 98.44%
2025-05-14 22:09:39,160 - INFO - Val Loss: 0.2682, Val Acc: 95.59%
2025-05-14 22:09:39,160 - INFO - Class 0 Accuracy: 70.24%
2025-05-14 22:09:39,160 - INFO - Class 1 Accuracy: 98.16%
2025-05-14 22:09:39,161 - INFO - Class 2 Accuracy: 97.64%
2025-05-14 22:09:39,161 - INFO - Class 3 Accuracy: 99.63%
2025-05-14 22:09:39,161 - INFO - Class 4 Accuracy: 73.01%
2025-05-14 22:09:39,162 - INFO - Class 5 Accuracy: 0.00%
2025-05-14 22:09:39,162 - INFO - Class 6 Accuracy: 0.00%
2025-05-14 22:09:39,162 - INFO - Class 7 Accuracy: 69.57%
2025-05-14 22:09:39,325 - INFO - Saved checkpoint at epoch 31
2025-05-14 22:09:39,325 - INFO - Total samples is: <torch.utils.data.dataloader.DataLoader object at 0x0000016A04DF4290>
2025-05-14 22:12:58,893 - INFO - Validation parameter calculation time: 0:00:00.003674
2025-05-14 22:12:58,893 - INFO - 
Epoch 32/50:
2025-05-14 22:12:58,893 - INFO - Train Loss: 0.0541, Train Acc: 98.46%
2025-05-14 22:12:58,893 - INFO - Val Loss: 0.2657, Val Acc: 95.65%
2025-05-14 22:12:58,894 - INFO - Class 0 Accuracy: 70.51%
2025-05-14 22:12:58,894 - INFO - Class 1 Accuracy: 98.37%
2025-05-14 22:12:58,894 - INFO - Class 2 Accuracy: 97.65%
2025-05-14 22:12:58,894 - INFO - Class 3 Accuracy: 99.65%
2025-05-14 22:12:58,894 - INFO - Class 4 Accuracy: 73.40%
2025-05-14 22:12:58,895 - INFO - Class 5 Accuracy: 0.00%
2025-05-14 22:12:58,895 - INFO - Class 6 Accuracy: 0.00%
2025-05-14 22:12:58,895 - INFO - Class 7 Accuracy: 68.76%
2025-05-14 22:12:59,055 - INFO - Saved checkpoint at epoch 32
2025-05-14 22:12:59,055 - INFO - Total samples is: <torch.utils.data.dataloader.DataLoader object at 0x0000016A04DF4290>
2025-05-14 22:16:18,664 - INFO - Validation parameter calculation time: 0:00:00.005178
2025-05-14 22:16:18,664 - INFO - 
Epoch 33/50:
2025-05-14 22:16:18,664 - INFO - Train Loss: 0.0536, Train Acc: 98.47%
2025-05-14 22:16:18,664 - INFO - Val Loss: 0.2679, Val Acc: 95.60%
2025-05-14 22:16:18,664 - INFO - Class 0 Accuracy: 70.37%
2025-05-14 22:16:18,664 - INFO - Class 1 Accuracy: 98.03%
2025-05-14 22:16:18,665 - INFO - Class 2 Accuracy: 97.59%
2025-05-14 22:16:18,665 - INFO - Class 3 Accuracy: 99.66%
2025-05-14 22:16:18,665 - INFO - Class 4 Accuracy: 74.63%
2025-05-14 22:16:18,666 - INFO - Class 5 Accuracy: 0.00%
2025-05-14 22:16:18,666 - INFO - Class 6 Accuracy: 0.00%
2025-05-14 22:16:18,666 - INFO - Class 7 Accuracy: 69.05%
2025-05-14 22:16:18,833 - INFO - Saved checkpoint at epoch 33
2025-05-14 22:16:18,833 - INFO - Total samples is: <torch.utils.data.dataloader.DataLoader object at 0x0000016A04DF4290>
2025-05-14 22:19:38,357 - INFO - Validation parameter calculation time: 0:00:00.004016
2025-05-14 22:19:38,357 - INFO - 
Epoch 34/50:
2025-05-14 22:19:38,357 - INFO - Train Loss: 0.0542, Train Acc: 98.45%
2025-05-14 22:19:38,358 - INFO - Val Loss: 0.2713, Val Acc: 95.53%
2025-05-14 22:19:38,358 - INFO - Class 0 Accuracy: 70.05%
2025-05-14 22:19:38,358 - INFO - Class 1 Accuracy: 97.95%
2025-05-14 22:19:38,358 - INFO - Class 2 Accuracy: 97.53%
2025-05-14 22:19:38,360 - INFO - Class 3 Accuracy: 99.63%
2025-05-14 22:19:38,360 - INFO - Class 4 Accuracy: 74.67%
2025-05-14 22:19:38,360 - INFO - Class 5 Accuracy: 0.00%
2025-05-14 22:19:38,360 - INFO - Class 6 Accuracy: 0.00%
2025-05-14 22:19:38,361 - INFO - Class 7 Accuracy: 68.54%
2025-05-14 22:19:38,523 - INFO - Saved checkpoint at epoch 34
2025-05-14 22:19:38,524 - INFO - Total samples is: <torch.utils.data.dataloader.DataLoader object at 0x0000016A04DF4290>
2025-05-14 22:22:57,920 - INFO - Validation parameter calculation time: 0:00:00.004507
2025-05-14 22:22:57,920 - INFO - 
Epoch 35/50:
2025-05-14 22:22:57,920 - INFO - Train Loss: 0.0539, Train Acc: 98.45%
2025-05-14 22:22:57,920 - INFO - Val Loss: 0.2712, Val Acc: 95.51%
2025-05-14 22:22:57,921 - INFO - Class 0 Accuracy: 70.11%
2025-05-14 22:22:57,921 - INFO - Class 1 Accuracy: 97.96%
2025-05-14 22:22:57,921 - INFO - Class 2 Accuracy: 97.48%
2025-05-14 22:22:57,922 - INFO - Class 3 Accuracy: 99.61%
2025-05-14 22:22:57,922 - INFO - Class 4 Accuracy: 74.80%
2025-05-14 22:22:57,922 - INFO - Class 5 Accuracy: 0.00%
2025-05-14 22:22:57,922 - INFO - Class 6 Accuracy: 0.00%
2025-05-14 22:22:57,922 - INFO - Class 7 Accuracy: 70.18%
2025-05-14 22:22:58,087 - INFO - Saved checkpoint at epoch 35
2025-05-14 22:22:58,088 - INFO - Total samples is: <torch.utils.data.dataloader.DataLoader object at 0x0000016A04DF4290>
2025-05-14 22:26:17,646 - INFO - Validation parameter calculation time: 0:00:00.004004
2025-05-14 22:26:17,646 - INFO - 
Epoch 36/50:
2025-05-14 22:26:17,647 - INFO - Train Loss: 0.0536, Train Acc: 98.46%
2025-05-14 22:26:17,647 - INFO - Val Loss: 0.2867, Val Acc: 95.50%
2025-05-14 22:26:17,647 - INFO - Class 0 Accuracy: 69.05%
2025-05-14 22:26:17,647 - INFO - Class 1 Accuracy: 98.15%
2025-05-14 22:26:17,648 - INFO - Class 2 Accuracy: 97.61%
2025-05-14 22:26:17,648 - INFO - Class 3 Accuracy: 99.66%
2025-05-14 22:26:17,648 - INFO - Class 4 Accuracy: 73.10%
2025-05-14 22:26:17,649 - INFO - Class 5 Accuracy: 0.00%
2025-05-14 22:26:17,649 - INFO - Class 6 Accuracy: 0.00%
2025-05-14 22:26:17,649 - INFO - Class 7 Accuracy: 68.25%
2025-05-14 22:26:17,810 - INFO - Saved checkpoint at epoch 36
2025-05-14 22:26:17,810 - INFO - Total samples is: <torch.utils.data.dataloader.DataLoader object at 0x0000016A04DF4290>
2025-05-14 22:29:37,183 - INFO - Validation parameter calculation time: 0:00:00.003004
2025-05-14 22:29:37,183 - INFO - 
Epoch 37/50:
2025-05-14 22:29:37,183 - INFO - Train Loss: 0.0534, Train Acc: 98.47%
2025-05-14 22:29:37,185 - INFO - Val Loss: 0.2869, Val Acc: 95.50%
2025-05-14 22:29:37,185 - INFO - Class 0 Accuracy: 69.05%
2025-05-14 22:29:37,185 - INFO - Class 1 Accuracy: 98.11%
2025-05-14 22:29:37,186 - INFO - Class 2 Accuracy: 97.62%
2025-05-14 22:29:37,186 - INFO - Class 3 Accuracy: 99.65%
2025-05-14 22:29:37,186 - INFO - Class 4 Accuracy: 73.00%
2025-05-14 22:29:37,187 - INFO - Class 5 Accuracy: 0.00%
2025-05-14 22:29:37,187 - INFO - Class 6 Accuracy: 0.00%
2025-05-14 22:29:37,187 - INFO - Class 7 Accuracy: 68.97%
2025-05-14 22:29:37,348 - INFO - Saved checkpoint at epoch 37
2025-05-14 22:29:37,348 - INFO - Total samples is: <torch.utils.data.dataloader.DataLoader object at 0x0000016A04DF4290>
2025-05-14 22:32:56,529 - INFO - Validation parameter calculation time: 0:00:00.004081
2025-05-14 22:32:56,530 - INFO - 
Epoch 38/50:
2025-05-14 22:32:56,530 - INFO - Train Loss: 0.0535, Train Acc: 98.46%
2025-05-14 22:32:56,530 - INFO - Val Loss: 0.2822, Val Acc: 95.52%
2025-05-14 22:32:56,531 - INFO - Class 0 Accuracy: 69.28%
2025-05-14 22:32:56,531 - INFO - Class 1 Accuracy: 98.10%
2025-05-14 22:32:56,531 - INFO - Class 2 Accuracy: 97.61%
2025-05-14 22:32:56,531 - INFO - Class 3 Accuracy: 99.65%
2025-05-14 22:32:56,532 - INFO - Class 4 Accuracy: 73.41%
2025-05-14 22:32:56,532 - INFO - Class 5 Accuracy: 0.00%
2025-05-14 22:32:56,532 - INFO - Class 6 Accuracy: 0.00%
2025-05-14 22:32:56,532 - INFO - Class 7 Accuracy: 69.06%
2025-05-14 22:32:56,695 - INFO - Saved checkpoint at epoch 38
2025-05-14 22:32:56,695 - INFO - Total samples is: <torch.utils.data.dataloader.DataLoader object at 0x0000016A04DF4290>
2025-05-14 22:36:15,909 - INFO - Validation parameter calculation time: 0:00:00.004151
2025-05-14 22:36:15,909 - INFO - 
Epoch 39/50:
2025-05-14 22:36:15,909 - INFO - Train Loss: 0.0534, Train Acc: 98.47%
2025-05-14 22:36:15,909 - INFO - Val Loss: 0.2732, Val Acc: 95.59%
2025-05-14 22:36:15,909 - INFO - Class 0 Accuracy: 70.27%
2025-05-14 22:36:15,910 - INFO - Class 1 Accuracy: 98.14%
2025-05-14 22:36:15,910 - INFO - Class 2 Accuracy: 97.59%
2025-05-14 22:36:15,910 - INFO - Class 3 Accuracy: 99.66%
2025-05-14 22:36:15,911 - INFO - Class 4 Accuracy: 74.02%
2025-05-14 22:36:15,911 - INFO - Class 5 Accuracy: 0.00%
2025-05-14 22:36:15,911 - INFO - Class 6 Accuracy: 0.00%
2025-05-14 22:36:15,912 - INFO - Class 7 Accuracy: 69.22%
2025-05-14 22:36:16,080 - INFO - Saved checkpoint at epoch 39
2025-05-14 22:36:16,081 - INFO - Total samples is: <torch.utils.data.dataloader.DataLoader object at 0x0000016A04DF4290>
2025-05-14 22:39:39,925 - INFO - Validation parameter calculation time: 0:00:00.004006
2025-05-14 22:39:39,926 - INFO - 
Epoch 40/50:
2025-05-14 22:39:39,926 - INFO - Train Loss: 0.0533, Train Acc: 98.47%
2025-05-14 22:39:39,926 - INFO - Val Loss: 0.2778, Val Acc: 95.56%
2025-05-14 22:39:39,926 - INFO - Class 0 Accuracy: 69.90%
2025-05-14 22:39:39,927 - INFO - Class 1 Accuracy: 98.16%
2025-05-14 22:39:39,927 - INFO - Class 2 Accuracy: 97.58%
2025-05-14 22:39:39,927 - INFO - Class 3 Accuracy: 99.66%
2025-05-14 22:39:39,927 - INFO - Class 4 Accuracy: 73.80%
2025-05-14 22:39:39,928 - INFO - Class 5 Accuracy: 0.00%
2025-05-14 22:39:39,928 - INFO - Class 6 Accuracy: 0.00%
2025-05-14 22:39:39,929 - INFO - Class 7 Accuracy: 68.61%
2025-05-14 22:39:40,093 - INFO - Saved checkpoint at epoch 40
2025-05-14 22:39:40,094 - INFO - Total samples is: <torch.utils.data.dataloader.DataLoader object at 0x0000016A04DF4290>
2025-05-14 22:42:59,808 - INFO - Validation parameter calculation time: 0:00:00.003999
2025-05-14 22:42:59,809 - INFO - 
Epoch 41/50:
2025-05-14 22:42:59,809 - INFO - Train Loss: 0.0530, Train Acc: 98.48%
2025-05-14 22:42:59,809 - INFO - Val Loss: 0.2738, Val Acc: 95.57%
2025-05-14 22:42:59,809 - INFO - Class 0 Accuracy: 70.13%
2025-05-14 22:42:59,810 - INFO - Class 1 Accuracy: 98.13%
2025-05-14 22:42:59,810 - INFO - Class 2 Accuracy: 97.56%
2025-05-14 22:42:59,811 - INFO - Class 3 Accuracy: 99.66%
2025-05-14 22:42:59,811 - INFO - Class 4 Accuracy: 74.37%
2025-05-14 22:42:59,811 - INFO - Class 5 Accuracy: 0.00%
2025-05-14 22:42:59,811 - INFO - Class 6 Accuracy: 0.00%
2025-05-14 22:42:59,812 - INFO - Class 7 Accuracy: 68.81%
2025-05-14 22:42:59,982 - INFO - Saved checkpoint at epoch 41
2025-05-14 22:42:59,982 - INFO - Total samples is: <torch.utils.data.dataloader.DataLoader object at 0x0000016A04DF4290>
2025-05-14 22:46:19,564 - INFO - Validation parameter calculation time: 0:00:00.004016
2025-05-14 22:46:19,564 - INFO - 
Epoch 42/50:
2025-05-14 22:46:19,564 - INFO - Train Loss: 0.0530, Train Acc: 98.48%
2025-05-14 22:46:19,566 - INFO - Val Loss: 0.2743, Val Acc: 95.56%
2025-05-14 22:46:19,566 - INFO - Class 0 Accuracy: 70.18%
2025-05-14 22:46:19,566 - INFO - Class 1 Accuracy: 98.11%
2025-05-14 22:46:19,566 - INFO - Class 2 Accuracy: 97.52%
2025-05-14 22:46:19,567 - INFO - Class 3 Accuracy: 99.67%
2025-05-14 22:46:19,567 - INFO - Class 4 Accuracy: 74.67%
2025-05-14 22:46:19,568 - INFO - Class 5 Accuracy: 0.00%
2025-05-14 22:46:19,568 - INFO - Class 6 Accuracy: 0.00%
2025-05-14 22:46:19,568 - INFO - Class 7 Accuracy: 69.15%
2025-05-14 22:46:19,737 - INFO - Saved checkpoint at epoch 42
2025-05-14 22:46:19,738 - INFO - Total samples is: <torch.utils.data.dataloader.DataLoader object at 0x0000016A04DF4290>
2025-05-14 22:49:39,312 - INFO - Validation parameter calculation time: 0:00:00.004502
2025-05-14 22:49:39,312 - INFO - 
Epoch 43/50:
2025-05-14 22:49:39,312 - INFO - Train Loss: 0.0533, Train Acc: 98.48%
2025-05-14 22:49:39,312 - INFO - Val Loss: 0.2721, Val Acc: 95.58%
2025-05-14 22:49:39,313 - INFO - Class 0 Accuracy: 70.30%
2025-05-14 22:49:39,313 - INFO - Class 1 Accuracy: 98.08%
2025-05-14 22:49:39,313 - INFO - Class 2 Accuracy: 97.56%
2025-05-14 22:49:39,313 - INFO - Class 3 Accuracy: 99.66%
2025-05-14 22:49:39,314 - INFO - Class 4 Accuracy: 74.59%
2025-05-14 22:49:39,314 - INFO - Class 5 Accuracy: 0.00%
2025-05-14 22:49:39,314 - INFO - Class 6 Accuracy: 0.00%
2025-05-14 22:49:39,315 - INFO - Class 7 Accuracy: 69.09%
2025-05-14 22:49:39,485 - INFO - Saved checkpoint at epoch 43
2025-05-14 22:49:39,485 - INFO - Total samples is: <torch.utils.data.dataloader.DataLoader object at 0x0000016A04DF4290>
2025-05-14 22:52:59,061 - INFO - Validation parameter calculation time: 0:00:00.004000
2025-05-14 22:52:59,061 - INFO - 
Epoch 44/50:
2025-05-14 22:52:59,061 - INFO - Train Loss: 0.0530, Train Acc: 98.49%
2025-05-14 22:52:59,061 - INFO - Val Loss: 0.2721, Val Acc: 95.58%
2025-05-14 22:52:59,062 - INFO - Class 0 Accuracy: 70.37%
2025-05-14 22:52:59,062 - INFO - Class 1 Accuracy: 98.06%
2025-05-14 22:52:59,063 - INFO - Class 2 Accuracy: 97.57%
2025-05-14 22:52:59,063 - INFO - Class 3 Accuracy: 99.66%
2025-05-14 22:52:59,063 - INFO - Class 4 Accuracy: 74.49%
2025-05-14 22:52:59,064 - INFO - Class 5 Accuracy: 0.00%
2025-05-14 22:52:59,064 - INFO - Class 6 Accuracy: 0.00%
2025-05-14 22:52:59,064 - INFO - Class 7 Accuracy: 68.85%
2025-05-14 22:52:59,234 - INFO - Saved checkpoint at epoch 44
2025-05-14 22:52:59,235 - INFO - Total samples is: <torch.utils.data.dataloader.DataLoader object at 0x0000016A04DF4290>
2025-05-14 22:56:18,945 - INFO - Validation parameter calculation time: 0:00:00.003999
2025-05-14 22:56:18,946 - INFO - 
Epoch 45/50:
2025-05-14 22:56:18,946 - INFO - Train Loss: 0.0532, Train Acc: 98.49%
2025-05-14 22:56:18,946 - INFO - Val Loss: 0.2729, Val Acc: 95.57%
2025-05-14 22:56:18,946 - INFO - Class 0 Accuracy: 70.24%
2025-05-14 22:56:18,946 - INFO - Class 1 Accuracy: 98.08%
2025-05-14 22:56:18,947 - INFO - Class 2 Accuracy: 97.56%
2025-05-14 22:56:18,947 - INFO - Class 3 Accuracy: 99.66%
2025-05-14 22:56:18,948 - INFO - Class 4 Accuracy: 74.47%
2025-05-14 22:56:18,948 - INFO - Class 5 Accuracy: 0.00%
2025-05-14 22:56:18,948 - INFO - Class 6 Accuracy: 0.00%
2025-05-14 22:56:18,948 - INFO - Class 7 Accuracy: 68.90%
2025-05-14 22:56:19,112 - INFO - Saved checkpoint at epoch 45
2025-05-14 22:56:19,112 - INFO - Total samples is: <torch.utils.data.dataloader.DataLoader object at 0x0000016A04DF4290>
2025-05-14 22:59:38,677 - INFO - Validation parameter calculation time: 0:00:00.004000
2025-05-14 22:59:38,677 - INFO - 
Epoch 46/50:
2025-05-14 22:59:38,677 - INFO - Train Loss: 0.0532, Train Acc: 98.48%
2025-05-14 22:59:38,677 - INFO - Val Loss: 0.2729, Val Acc: 95.57%
2025-05-14 22:59:38,678 - INFO - Class 0 Accuracy: 70.26%
2025-05-14 22:59:38,678 - INFO - Class 1 Accuracy: 98.08%
2025-05-14 22:59:38,679 - INFO - Class 2 Accuracy: 97.55%
2025-05-14 22:59:38,679 - INFO - Class 3 Accuracy: 99.66%
2025-05-14 22:59:38,679 - INFO - Class 4 Accuracy: 74.43%
2025-05-14 22:59:38,680 - INFO - Class 5 Accuracy: 0.00%
2025-05-14 22:59:38,680 - INFO - Class 6 Accuracy: 0.00%
2025-05-14 22:59:38,680 - INFO - Class 7 Accuracy: 69.15%
2025-05-14 22:59:38,847 - INFO - Saved checkpoint at epoch 46
2025-05-14 22:59:38,848 - INFO - Total samples is: <torch.utils.data.dataloader.DataLoader object at 0x0000016A04DF4290>
2025-05-14 23:02:58,418 - INFO - Validation parameter calculation time: 0:00:00.004503
2025-05-14 23:02:58,418 - INFO - 
Epoch 47/50:
2025-05-14 23:02:58,418 - INFO - Train Loss: 0.0533, Train Acc: 98.47%
2025-05-14 23:02:58,418 - INFO - Val Loss: 0.2725, Val Acc: 95.58%
2025-05-14 23:02:58,418 - INFO - Class 0 Accuracy: 70.38%
2025-05-14 23:02:58,418 - INFO - Class 1 Accuracy: 98.09%
2025-05-14 23:02:58,419 - INFO - Class 2 Accuracy: 97.55%
2025-05-14 23:02:58,419 - INFO - Class 3 Accuracy: 99.66%
2025-05-14 23:02:58,420 - INFO - Class 4 Accuracy: 74.34%
2025-05-14 23:02:58,420 - INFO - Class 5 Accuracy: 0.00%
2025-05-14 23:02:58,420 - INFO - Class 6 Accuracy: 0.00%
2025-05-14 23:02:58,420 - INFO - Class 7 Accuracy: 69.00%
2025-05-14 23:02:58,590 - INFO - Saved checkpoint at epoch 47
2025-05-14 23:02:58,591 - INFO - Total samples is: <torch.utils.data.dataloader.DataLoader object at 0x0000016A04DF4290>
2025-05-14 23:06:18,148 - INFO - Validation parameter calculation time: 0:00:00.005000
2025-05-14 23:06:18,148 - INFO - 
Epoch 48/50:
2025-05-14 23:06:18,148 - INFO - Train Loss: 0.0532, Train Acc: 98.48%
2025-05-14 23:06:18,148 - INFO - Val Loss: 0.2737, Val Acc: 95.57%
2025-05-14 23:06:18,149 - INFO - Class 0 Accuracy: 70.19%
2025-05-14 23:06:18,149 - INFO - Class 1 Accuracy: 98.09%
2025-05-14 23:06:18,149 - INFO - Class 2 Accuracy: 97.56%
2025-05-14 23:06:18,149 - INFO - Class 3 Accuracy: 99.66%
2025-05-14 23:06:18,149 - INFO - Class 4 Accuracy: 74.37%
2025-05-14 23:06:18,150 - INFO - Class 5 Accuracy: 0.00%
2025-05-14 23:06:18,150 - INFO - Class 6 Accuracy: 0.00%
2025-05-14 23:06:18,150 - INFO - Class 7 Accuracy: 69.05%
2025-05-14 23:06:18,314 - INFO - Saved checkpoint at epoch 48
2025-05-14 23:06:18,314 - INFO - Total samples is: <torch.utils.data.dataloader.DataLoader object at 0x0000016A04DF4290>
2025-05-14 23:09:37,894 - INFO - Validation parameter calculation time: 0:00:00.003999
2025-05-14 23:09:37,894 - INFO - 
Epoch 49/50:
2025-05-14 23:09:37,895 - INFO - Train Loss: 0.0530, Train Acc: 98.48%
2025-05-14 23:09:37,895 - INFO - Val Loss: 0.2742, Val Acc: 95.56%
2025-05-14 23:09:37,895 - INFO - Class 0 Accuracy: 70.18%
2025-05-14 23:09:37,895 - INFO - Class 1 Accuracy: 98.09%
2025-05-14 23:09:37,895 - INFO - Class 2 Accuracy: 97.54%
2025-05-14 23:09:37,895 - INFO - Class 3 Accuracy: 99.66%
2025-05-14 23:09:37,896 - INFO - Class 4 Accuracy: 74.48%
2025-05-14 23:09:37,896 - INFO - Class 5 Accuracy: 0.00%
2025-05-14 23:09:37,896 - INFO - Class 6 Accuracy: 0.00%
2025-05-14 23:09:37,896 - INFO - Class 7 Accuracy: 68.75%
2025-05-14 23:09:38,063 - INFO - Saved checkpoint at epoch 49
2025-05-14 23:09:38,064 - INFO - Total samples is: <torch.utils.data.dataloader.DataLoader object at 0x0000016A04DF4290>
2025-05-14 23:12:57,463 - INFO - Validation parameter calculation time: 0:00:00.005065
2025-05-14 23:12:57,463 - INFO - 
Epoch 50/50:
2025-05-14 23:12:57,463 - INFO - Train Loss: 0.0531, Train Acc: 98.48%
2025-05-14 23:12:57,463 - INFO - Val Loss: 0.2757, Val Acc: 95.55%
2025-05-14 23:12:57,464 - INFO - Class 0 Accuracy: 70.13%
2025-05-14 23:12:57,464 - INFO - Class 1 Accuracy: 98.07%
2025-05-14 23:12:57,464 - INFO - Class 2 Accuracy: 97.54%
2025-05-14 23:12:57,465 - INFO - Class 3 Accuracy: 99.66%
2025-05-14 23:12:57,465 - INFO - Class 4 Accuracy: 74.46%
2025-05-14 23:12:57,465 - INFO - Class 5 Accuracy: 0.00%
2025-05-14 23:12:57,466 - INFO - Class 6 Accuracy: 0.00%
2025-05-14 23:12:57,466 - INFO - Class 7 Accuracy: 68.69%
2025-05-14 23:12:57,631 - INFO - Saved checkpoint at epoch 50
2025-05-14 23:12:57,631 - INFO - Training completed!
