2025-02-03 01:43:52,235 - INFO - Training configuration:
2025-02-03 01:43:52,235 - INFO - num_group: 64
2025-02-03 01:43:52,235 - INFO - group_size: 32
2025-02-03 01:43:52,235 - INFO - num_points: 4096
2025-02-03 01:43:52,235 - INFO - chunk_size: 4096
2025-02-03 01:43:52,235 - INFO - overlap: 1024
2025-02-03 01:43:52,235 - INFO - batch_size: 12
2025-02-03 01:43:52,235 - INFO - num_workers: 0
2025-02-03 01:43:52,235 - INFO - learning_rate: 0.001
2025-02-03 01:43:52,235 - INFO - num_classes: 5
2025-02-03 01:43:52,235 - INFO - num_epochs: 500
2025-02-03 01:43:52,235 - INFO - device: cuda
2025-02-03 01:43:52,235 - INFO - Using device: cuda
2025-02-03 01:43:52,236 - INFO - Found 8 h5 files:
2025-02-03 01:43:52,236 - INFO -   - cb1.h5
2025-02-03 01:43:52,236 - INFO -   - cb2-6.h5
2025-02-03 01:43:52,236 - INFO -   - cb2.h5
2025-02-03 01:43:52,236 - INFO -   - cb3.h5
2025-02-03 01:43:52,236 - INFO -   - cb4.h5
2025-02-03 01:43:52,236 - INFO -   - cb5.h5
2025-02-03 01:43:52,236 - INFO -   - cb7.h5
2025-02-03 01:43:52,236 - INFO -   - cb8.h5
2025-02-03 01:44:00,771 - INFO - Total blocks created: 12722
2025-02-03 01:44:00,773 - INFO - Found 2 h5 files:
2025-02-03 01:44:00,773 - INFO -   - cb6.h5
2025-02-03 01:44:00,773 - INFO -   - cb9.h5
2025-02-03 01:44:08,537 - INFO - Total blocks created: 6342
2025-02-03 01:44:08,539 - INFO - reading val data
2025-02-03 01:44:08,539 - INFO - Train dataset size: 12722
2025-02-03 01:44:08,539 - INFO - Val dataset size: 6342
2025-02-03 01:44:09,029 - INFO - Total samples is: <torch.utils.data.dataloader.DataLoader object at 0x000001A396C54E10>
2025-02-03 02:01:04,427 - INFO - Validation parameter calculation time: 0:00:00.011149
2025-02-03 02:01:04,427 - INFO - 
Epoch 1/500:
2025-02-03 02:01:04,427 - INFO - Train Loss: 1.1664, Train Acc: 51.25%
2025-02-03 02:01:04,427 - INFO - Val Loss: 1.3093, Val Acc: 34.66%
2025-02-03 02:01:04,428 - INFO - Class 0 Accuracy: 0.26%
2025-02-03 02:01:04,428 - INFO - Class 1 Accuracy: 99.83%
2025-02-03 02:01:04,428 - INFO - Class 2 Accuracy: 19.15%
2025-02-03 02:01:04,428 - INFO - Class 3 Accuracy: 32.43%
2025-02-03 02:01:04,428 - INFO - Class 4 Accuracy: 53.91%
2025-02-03 02:01:04,529 - INFO - Saved best model with accuracy: 34.66%
2025-02-03 02:01:04,625 - INFO - Saved checkpoint at epoch 1
2025-02-03 02:01:04,625 - INFO - Total samples is: <torch.utils.data.dataloader.DataLoader object at 0x000001A396C54E10>
2025-02-03 02:17:35,028 - INFO - Validation parameter calculation time: 0:00:00.011505
2025-02-03 02:17:35,028 - INFO - 
Epoch 2/500:
2025-02-03 02:17:35,028 - INFO - Train Loss: 1.0200, Train Acc: 62.88%
2025-02-03 02:17:35,028 - INFO - Val Loss: 0.9356, Val Acc: 77.72%
2025-02-03 02:17:35,029 - INFO - Class 0 Accuracy: 88.13%
2025-02-03 02:17:35,029 - INFO - Class 1 Accuracy: 88.07%
2025-02-03 02:17:35,029 - INFO - Class 2 Accuracy: 63.61%
2025-02-03 02:17:35,030 - INFO - Class 3 Accuracy: 53.89%
2025-02-03 02:17:35,030 - INFO - Class 4 Accuracy: 93.09%
2025-02-03 02:17:35,126 - INFO - Saved best model with accuracy: 77.72%
2025-02-03 02:17:35,217 - INFO - Saved checkpoint at epoch 2
2025-02-03 02:17:35,218 - INFO - Total samples is: <torch.utils.data.dataloader.DataLoader object at 0x000001A396C54E10>
2025-02-03 02:34:04,374 - INFO - Validation parameter calculation time: 0:00:00.011590
2025-02-03 02:34:04,374 - INFO - 
Epoch 3/500:
2025-02-03 02:34:04,374 - INFO - Train Loss: 0.7051, Train Acc: 80.47%
2025-02-03 02:34:04,374 - INFO - Val Loss: 0.9513, Val Acc: 74.10%
2025-02-03 02:34:04,375 - INFO - Class 0 Accuracy: 89.01%
2025-02-03 02:34:04,375 - INFO - Class 1 Accuracy: 95.32%
2025-02-03 02:34:04,375 - INFO - Class 2 Accuracy: 73.71%
2025-02-03 02:34:04,375 - INFO - Class 3 Accuracy: 16.18%
2025-02-03 02:34:04,376 - INFO - Class 4 Accuracy: 90.94%
2025-02-03 02:34:04,488 - INFO - Saved checkpoint at epoch 3
2025-02-03 02:34:04,488 - INFO - Total samples is: <torch.utils.data.dataloader.DataLoader object at 0x000001A396C54E10>
2025-02-03 02:50:37,770 - INFO - Validation parameter calculation time: 0:00:00.010507
2025-02-03 02:50:37,771 - INFO - 
Epoch 4/500:
2025-02-03 02:50:37,771 - INFO - Train Loss: 0.6640, Train Acc: 83.77%
2025-02-03 02:50:37,771 - INFO - Val Loss: 0.8105, Val Acc: 83.26%
2025-02-03 02:50:37,772 - INFO - Class 0 Accuracy: 94.36%
2025-02-03 02:50:37,772 - INFO - Class 1 Accuracy: 93.59%
2025-02-03 02:50:37,772 - INFO - Class 2 Accuracy: 51.81%
2025-02-03 02:50:37,772 - INFO - Class 3 Accuracy: 85.63%
2025-02-03 02:50:37,772 - INFO - Class 4 Accuracy: 93.71%
2025-02-03 02:50:37,861 - INFO - Saved best model with accuracy: 83.26%
2025-02-03 02:50:37,947 - INFO - Saved checkpoint at epoch 4
2025-02-03 02:50:37,948 - INFO - Total samples is: <torch.utils.data.dataloader.DataLoader object at 0x000001A396C54E10>
2025-02-03 03:07:49,331 - INFO - Validation parameter calculation time: 0:00:00.011521
2025-02-03 03:07:49,331 - INFO - 
Epoch 5/500:
2025-02-03 03:07:49,332 - INFO - Train Loss: 0.6368, Train Acc: 85.75%
2025-02-03 03:07:49,332 - INFO - Val Loss: 1.0772, Val Acc: 66.59%
2025-02-03 03:07:49,333 - INFO - Class 0 Accuracy: 89.65%
2025-02-03 03:07:49,333 - INFO - Class 1 Accuracy: 84.63%
2025-02-03 03:07:49,333 - INFO - Class 2 Accuracy: 32.57%
2025-02-03 03:07:49,333 - INFO - Class 3 Accuracy: 30.70%
2025-02-03 03:07:49,333 - INFO - Class 4 Accuracy: 92.31%
2025-02-03 03:07:49,442 - INFO - Saved checkpoint at epoch 5
2025-02-03 03:07:49,443 - INFO - Total samples is: <torch.utils.data.dataloader.DataLoader object at 0x000001A396C54E10>
2025-02-03 03:24:26,415 - INFO - Validation parameter calculation time: 0:00:00.012528
2025-02-03 03:24:26,415 - INFO - 
Epoch 6/500:
2025-02-03 03:24:26,415 - INFO - Train Loss: 0.6245, Train Acc: 86.97%
2025-02-03 03:24:26,415 - INFO - Val Loss: 0.6885, Val Acc: 86.92%
2025-02-03 03:24:26,416 - INFO - Class 0 Accuracy: 78.38%
2025-02-03 03:24:26,416 - INFO - Class 1 Accuracy: 99.25%
2025-02-03 03:24:26,416 - INFO - Class 2 Accuracy: 95.04%
2025-02-03 03:24:26,416 - INFO - Class 3 Accuracy: 78.92%
2025-02-03 03:24:26,416 - INFO - Class 4 Accuracy: 87.78%
2025-02-03 03:24:26,513 - INFO - Saved best model with accuracy: 86.92%
2025-02-03 03:24:26,605 - INFO - Saved checkpoint at epoch 6
2025-02-03 03:24:26,605 - INFO - Total samples is: <torch.utils.data.dataloader.DataLoader object at 0x000001A396C54E10>
2025-02-03 03:41:02,068 - INFO - Validation parameter calculation time: 0:00:00.011506
2025-02-03 03:41:02,068 - INFO - 
Epoch 7/500:
2025-02-03 03:41:02,068 - INFO - Train Loss: 0.6165, Train Acc: 87.90%
2025-02-03 03:41:02,068 - INFO - Val Loss: 1.2210, Val Acc: 65.09%
2025-02-03 03:41:02,069 - INFO - Class 0 Accuracy: 89.86%
2025-02-03 03:41:02,069 - INFO - Class 1 Accuracy: 99.32%
2025-02-03 03:41:02,069 - INFO - Class 2 Accuracy: 87.17%
2025-02-03 03:41:02,069 - INFO - Class 3 Accuracy: 4.12%
2025-02-03 03:41:02,069 - INFO - Class 4 Accuracy: 36.91%
2025-02-03 03:41:02,158 - INFO - Saved checkpoint at epoch 7
2025-02-03 03:41:02,158 - INFO - Total samples is: <torch.utils.data.dataloader.DataLoader object at 0x000001A396C54E10>
2025-02-03 03:58:12,916 - INFO - Validation parameter calculation time: 0:00:00.011285
2025-02-03 03:58:12,916 - INFO - 
Epoch 8/500:
2025-02-03 03:58:12,916 - INFO - Train Loss: 0.6115, Train Acc: 88.39%
2025-02-03 03:58:12,916 - INFO - Val Loss: 1.0210, Val Acc: 72.20%
2025-02-03 03:58:12,917 - INFO - Class 0 Accuracy: 84.77%
2025-02-03 03:58:12,917 - INFO - Class 1 Accuracy: 99.64%
2025-02-03 03:58:12,917 - INFO - Class 2 Accuracy: 75.56%
2025-02-03 03:58:12,917 - INFO - Class 3 Accuracy: 72.58%
2025-02-03 03:58:12,917 - INFO - Class 4 Accuracy: 31.38%
2025-02-03 03:58:13,009 - INFO - Saved checkpoint at epoch 8
2025-02-03 03:58:13,010 - INFO - Total samples is: <torch.utils.data.dataloader.DataLoader object at 0x000001A396C54E10>
2025-02-03 04:15:01,281 - INFO - Validation parameter calculation time: 0:00:00.011687
2025-02-03 04:15:01,281 - INFO - 
Epoch 9/500:
2025-02-03 04:15:01,281 - INFO - Train Loss: 0.6108, Train Acc: 88.55%
2025-02-03 04:15:01,281 - INFO - Val Loss: 0.8930, Val Acc: 80.55%
2025-02-03 04:15:01,281 - INFO - Class 0 Accuracy: 96.52%
2025-02-03 04:15:01,281 - INFO - Class 1 Accuracy: 86.65%
2025-02-03 04:15:01,282 - INFO - Class 2 Accuracy: 76.13%
2025-02-03 04:15:01,282 - INFO - Class 3 Accuracy: 44.61%
2025-02-03 04:15:01,282 - INFO - Class 4 Accuracy: 91.65%
2025-02-03 04:15:01,376 - INFO - Saved checkpoint at epoch 9
2025-02-03 04:15:01,377 - INFO - Total samples is: <torch.utils.data.dataloader.DataLoader object at 0x000001A396C54E10>
2025-02-03 04:31:30,394 - INFO - Validation parameter calculation time: 0:00:00.011516
2025-02-03 04:31:30,394 - INFO - 
Epoch 10/500:
2025-02-03 04:31:30,394 - INFO - Train Loss: 0.6069, Train Acc: 88.81%
2025-02-03 04:31:30,394 - INFO - Val Loss: 0.8783, Val Acc: 81.57%
2025-02-03 04:31:30,395 - INFO - Class 0 Accuracy: 96.33%
2025-02-03 04:31:30,395 - INFO - Class 1 Accuracy: 75.61%
2025-02-03 04:31:30,395 - INFO - Class 2 Accuracy: 69.29%
2025-02-03 04:31:30,395 - INFO - Class 3 Accuracy: 67.53%
2025-02-03 04:31:30,395 - INFO - Class 4 Accuracy: 92.17%
2025-02-03 04:31:30,487 - INFO - Saved checkpoint at epoch 10
2025-02-03 04:31:30,488 - INFO - Total samples is: <torch.utils.data.dataloader.DataLoader object at 0x000001A396C54E10>
2025-02-03 04:48:01,024 - INFO - Validation parameter calculation time: 0:00:00.011186
2025-02-03 04:48:01,024 - INFO - 
Epoch 11/500:
2025-02-03 04:48:01,024 - INFO - Train Loss: 0.6103, Train Acc: 88.43%
2025-02-03 04:48:01,024 - INFO - Val Loss: 0.8534, Val Acc: 82.01%
2025-02-03 04:48:01,025 - INFO - Class 0 Accuracy: 95.43%
2025-02-03 04:48:01,025 - INFO - Class 1 Accuracy: 89.84%
2025-02-03 04:48:01,025 - INFO - Class 2 Accuracy: 68.80%
2025-02-03 04:48:01,026 - INFO - Class 3 Accuracy: 57.14%
2025-02-03 04:48:01,026 - INFO - Class 4 Accuracy: 95.27%
2025-02-03 04:48:01,115 - INFO - Saved checkpoint at epoch 11
2025-02-03 04:48:01,116 - INFO - Total samples is: <torch.utils.data.dataloader.DataLoader object at 0x000001A396C54E10>
2025-02-03 05:04:43,182 - INFO - Validation parameter calculation time: 0:00:00.012009
2025-02-03 05:04:43,182 - INFO - 
Epoch 12/500:
2025-02-03 05:04:43,182 - INFO - Train Loss: 0.6011, Train Acc: 89.17%
2025-02-03 05:04:43,182 - INFO - Val Loss: 1.0497, Val Acc: 74.72%
2025-02-03 05:04:43,183 - INFO - Class 0 Accuracy: 95.71%
2025-02-03 05:04:43,183 - INFO - Class 1 Accuracy: 93.93%
2025-02-03 05:04:43,183 - INFO - Class 2 Accuracy: 53.56%
2025-02-03 05:04:43,183 - INFO - Class 3 Accuracy: 53.25%
2025-02-03 05:04:43,183 - INFO - Class 4 Accuracy: 75.33%
2025-02-03 05:04:43,279 - INFO - Saved checkpoint at epoch 12
2025-02-03 05:04:43,280 - INFO - Total samples is: <torch.utils.data.dataloader.DataLoader object at 0x000001A396C54E10>
2025-02-03 05:22:17,899 - INFO - Validation parameter calculation time: 0:00:00.010106
2025-02-03 05:22:17,899 - INFO - 
Epoch 13/500:
2025-02-03 05:22:17,899 - INFO - Train Loss: 0.5732, Train Acc: 90.99%
2025-02-03 05:22:17,899 - INFO - Val Loss: 0.7009, Val Acc: 88.82%
2025-02-03 05:22:17,900 - INFO - Class 0 Accuracy: 93.79%
2025-02-03 05:22:17,900 - INFO - Class 1 Accuracy: 99.57%
2025-02-03 05:22:17,901 - INFO - Class 2 Accuracy: 82.76%
2025-02-03 05:22:17,901 - INFO - Class 3 Accuracy: 81.48%
2025-02-03 05:22:17,901 - INFO - Class 4 Accuracy: 87.71%
2025-02-03 05:22:17,993 - INFO - Saved best model with accuracy: 88.82%
2025-02-03 05:22:18,080 - INFO - Saved checkpoint at epoch 13
2025-02-03 05:22:18,080 - INFO - Total samples is: <torch.utils.data.dataloader.DataLoader object at 0x000001A396C54E10>
2025-02-03 05:39:27,610 - INFO - Validation parameter calculation time: 0:00:00.010505
2025-02-03 05:39:27,610 - INFO - 
Epoch 14/500:
2025-02-03 05:39:27,610 - INFO - Train Loss: 0.5662, Train Acc: 91.28%
2025-02-03 05:39:27,610 - INFO - Val Loss: 0.6543, Val Acc: 91.04%
2025-02-03 05:39:27,611 - INFO - Class 0 Accuracy: 93.69%
2025-02-03 05:39:27,612 - INFO - Class 1 Accuracy: 99.40%
2025-02-03 05:39:27,612 - INFO - Class 2 Accuracy: 85.07%
2025-02-03 05:39:27,612 - INFO - Class 3 Accuracy: 86.29%
2025-02-03 05:39:27,612 - INFO - Class 4 Accuracy: 92.38%
2025-02-03 05:39:27,720 - INFO - Saved best model with accuracy: 91.04%
2025-02-03 05:39:27,813 - INFO - Saved checkpoint at epoch 14
2025-02-03 05:39:27,814 - INFO - Total samples is: <torch.utils.data.dataloader.DataLoader object at 0x000001A396C54E10>
2025-02-03 05:56:02,241 - INFO - Validation parameter calculation time: 0:00:00.010999
2025-02-03 05:56:02,241 - INFO - 
Epoch 15/500:
2025-02-03 05:56:02,241 - INFO - Train Loss: 0.5622, Train Acc: 91.60%
2025-02-03 05:56:02,242 - INFO - Val Loss: 0.6796, Val Acc: 90.49%
2025-02-03 05:56:02,242 - INFO - Class 0 Accuracy: 94.14%
2025-02-03 05:56:02,242 - INFO - Class 1 Accuracy: 99.20%
2025-02-03 05:56:02,242 - INFO - Class 2 Accuracy: 86.76%
2025-02-03 05:56:02,242 - INFO - Class 3 Accuracy: 81.49%
2025-02-03 05:56:02,244 - INFO - Class 4 Accuracy: 91.61%
2025-02-03 05:56:02,336 - INFO - Saved checkpoint at epoch 15
2025-02-03 05:56:02,336 - INFO - Total samples is: <torch.utils.data.dataloader.DataLoader object at 0x000001A396C54E10>
2025-02-03 06:12:51,022 - INFO - Validation parameter calculation time: 0:00:00.011022
2025-02-03 06:12:51,022 - INFO - 
Epoch 16/500:
2025-02-03 06:12:51,022 - INFO - Train Loss: 0.5643, Train Acc: 91.41%
2025-02-03 06:12:51,022 - INFO - Val Loss: 0.8007, Val Acc: 84.53%
2025-02-03 06:12:51,023 - INFO - Class 0 Accuracy: 90.00%
2025-02-03 06:12:51,024 - INFO - Class 1 Accuracy: 99.43%
2025-02-03 06:12:51,024 - INFO - Class 2 Accuracy: 84.88%
2025-02-03 06:12:51,024 - INFO - Class 3 Accuracy: 60.06%
2025-02-03 06:12:51,024 - INFO - Class 4 Accuracy: 87.99%
2025-02-03 06:12:51,114 - INFO - Saved checkpoint at epoch 16
2025-02-03 06:12:51,115 - INFO - Total samples is: <torch.utils.data.dataloader.DataLoader object at 0x000001A396C54E10>
2025-02-03 06:30:31,395 - INFO - Validation parameter calculation time: 0:00:00.011702
2025-02-03 06:30:31,395 - INFO - 
Epoch 17/500:
2025-02-03 06:30:31,395 - INFO - Train Loss: 0.5610, Train Acc: 91.59%
2025-02-03 06:30:31,395 - INFO - Val Loss: 0.7376, Val Acc: 84.94%
2025-02-03 06:30:31,396 - INFO - Class 0 Accuracy: 76.36%
2025-02-03 06:30:31,396 - INFO - Class 1 Accuracy: 99.59%
2025-02-03 06:30:31,396 - INFO - Class 2 Accuracy: 80.63%
2025-02-03 06:30:31,397 - INFO - Class 3 Accuracy: 83.80%
2025-02-03 06:30:31,397 - INFO - Class 4 Accuracy: 92.01%
2025-02-03 06:30:31,488 - INFO - Saved checkpoint at epoch 17
2025-02-03 06:30:31,488 - INFO - Total samples is: <torch.utils.data.dataloader.DataLoader object at 0x000001A396C54E10>
2025-02-03 06:47:12,156 - INFO - Validation parameter calculation time: 0:00:00.011537
2025-02-03 06:47:12,156 - INFO - 
Epoch 18/500:
2025-02-03 06:47:12,156 - INFO - Train Loss: 0.5597, Train Acc: 91.78%
2025-02-03 06:47:12,157 - INFO - Val Loss: 0.7149, Val Acc: 88.63%
2025-02-03 06:47:12,157 - INFO - Class 0 Accuracy: 96.42%
2025-02-03 06:47:12,158 - INFO - Class 1 Accuracy: 95.57%
2025-02-03 06:47:12,158 - INFO - Class 2 Accuracy: 79.97%
2025-02-03 06:47:12,158 - INFO - Class 3 Accuracy: 74.69%
2025-02-03 06:47:12,158 - INFO - Class 4 Accuracy: 95.25%
2025-02-03 06:47:12,270 - INFO - Saved checkpoint at epoch 18
2025-02-03 06:47:12,271 - INFO - Total samples is: <torch.utils.data.dataloader.DataLoader object at 0x000001A396C54E10>
2025-02-03 07:03:52,157 - INFO - Validation parameter calculation time: 0:00:00.011013
2025-02-03 07:03:52,157 - INFO - 
Epoch 19/500:
2025-02-03 07:03:52,157 - INFO - Train Loss: 0.5569, Train Acc: 91.80%
2025-02-03 07:03:52,157 - INFO - Val Loss: 0.7754, Val Acc: 85.44%
2025-02-03 07:03:52,158 - INFO - Class 0 Accuracy: 85.42%
2025-02-03 07:03:52,158 - INFO - Class 1 Accuracy: 98.94%
2025-02-03 07:03:52,159 - INFO - Class 2 Accuracy: 85.01%
2025-02-03 07:03:52,159 - INFO - Class 3 Accuracy: 69.37%
2025-02-03 07:03:52,159 - INFO - Class 4 Accuracy: 90.75%
2025-02-03 07:03:52,256 - INFO - Saved checkpoint at epoch 19
2025-02-03 07:03:52,257 - INFO - Total samples is: <torch.utils.data.dataloader.DataLoader object at 0x000001A396C54E10>
2025-02-03 07:20:39,333 - INFO - Validation parameter calculation time: 0:00:00.011520
2025-02-03 07:20:39,333 - INFO - 
Epoch 20/500:
2025-02-03 07:20:39,333 - INFO - Train Loss: 0.5585, Train Acc: 91.87%
2025-02-03 07:20:39,333 - INFO - Val Loss: 0.6621, Val Acc: 90.86%
2025-02-03 07:20:39,334 - INFO - Class 0 Accuracy: 97.10%
2025-02-03 07:20:39,334 - INFO - Class 1 Accuracy: 94.39%
2025-02-03 07:20:39,335 - INFO - Class 2 Accuracy: 84.70%
2025-02-03 07:20:39,335 - INFO - Class 3 Accuracy: 80.82%
2025-02-03 07:20:39,335 - INFO - Class 4 Accuracy: 95.73%
2025-02-03 07:20:39,424 - INFO - Saved checkpoint at epoch 20
2025-02-03 07:20:39,425 - INFO - Total samples is: <torch.utils.data.dataloader.DataLoader object at 0x000001A396C54E10>
2025-02-03 07:38:11,946 - INFO - Validation parameter calculation time: 0:00:00.011508
2025-02-03 07:38:11,946 - INFO - 
Epoch 21/500:
2025-02-03 07:38:11,946 - INFO - Train Loss: 0.5532, Train Acc: 92.21%
2025-02-03 07:38:11,946 - INFO - Val Loss: 0.6765, Val Acc: 88.99%
2025-02-03 07:38:11,947 - INFO - Class 0 Accuracy: 87.94%
2025-02-03 07:38:11,947 - INFO - Class 1 Accuracy: 99.05%
2025-02-03 07:38:11,947 - INFO - Class 2 Accuracy: 84.43%
2025-02-03 07:38:11,947 - INFO - Class 3 Accuracy: 86.55%
2025-02-03 07:38:11,947 - INFO - Class 4 Accuracy: 90.51%
2025-02-03 07:38:12,037 - INFO - Saved checkpoint at epoch 21
2025-02-03 07:38:12,038 - INFO - Total samples is: <torch.utils.data.dataloader.DataLoader object at 0x000001A396C54E10>
2025-02-03 07:55:07,089 - INFO - Validation parameter calculation time: 0:00:00.011003
2025-02-03 07:55:07,089 - INFO - 
Epoch 22/500:
2025-02-03 07:55:07,089 - INFO - Train Loss: 0.5516, Train Acc: 92.25%
2025-02-03 07:55:07,089 - INFO - Val Loss: 0.5845, Val Acc: 94.16%
2025-02-03 07:55:07,090 - INFO - Class 0 Accuracy: 95.91%
2025-02-03 07:55:07,090 - INFO - Class 1 Accuracy: 98.07%
2025-02-03 07:55:07,090 - INFO - Class 2 Accuracy: 92.08%
2025-02-03 07:55:07,090 - INFO - Class 3 Accuracy: 88.49%
2025-02-03 07:55:07,090 - INFO - Class 4 Accuracy: 96.36%
2025-02-03 07:55:07,196 - INFO - Saved best model with accuracy: 94.16%
2025-02-03 07:55:07,294 - INFO - Saved checkpoint at epoch 22
2025-02-03 07:55:07,295 - INFO - Total samples is: <torch.utils.data.dataloader.DataLoader object at 0x000001A396C54E10>
2025-02-03 08:11:37,382 - INFO - Validation parameter calculation time: 0:00:00.011008
2025-02-03 08:11:37,382 - INFO - 
Epoch 23/500:
2025-02-03 08:11:37,382 - INFO - Train Loss: 0.5496, Train Acc: 92.32%
2025-02-03 08:11:37,382 - INFO - Val Loss: 0.5916, Val Acc: 93.74%
2025-02-03 08:11:37,383 - INFO - Class 0 Accuracy: 95.42%
2025-02-03 08:11:37,383 - INFO - Class 1 Accuracy: 99.11%
2025-02-03 08:11:37,383 - INFO - Class 2 Accuracy: 91.56%
2025-02-03 08:11:37,383 - INFO - Class 3 Accuracy: 87.32%
2025-02-03 08:11:37,383 - INFO - Class 4 Accuracy: 95.77%
2025-02-03 08:11:37,473 - INFO - Saved checkpoint at epoch 23
2025-02-03 08:11:37,473 - INFO - Total samples is: <torch.utils.data.dataloader.DataLoader object at 0x000001A396C54E10>
2025-02-03 08:28:31,169 - INFO - Validation parameter calculation time: 0:00:00.011503
2025-02-03 08:28:31,169 - INFO - 
Epoch 24/500:
2025-02-03 08:28:31,169 - INFO - Train Loss: 0.5495, Train Acc: 92.30%
2025-02-03 08:28:31,169 - INFO - Val Loss: 0.5984, Val Acc: 93.30%
2025-02-03 08:28:31,170 - INFO - Class 0 Accuracy: 94.40%
2025-02-03 08:28:31,171 - INFO - Class 1 Accuracy: 99.27%
2025-02-03 08:28:31,171 - INFO - Class 2 Accuracy: 91.33%
2025-02-03 08:28:31,171 - INFO - Class 3 Accuracy: 88.17%
2025-02-03 08:28:31,171 - INFO - Class 4 Accuracy: 94.30%
2025-02-03 08:28:31,260 - INFO - Saved checkpoint at epoch 24
2025-02-03 08:28:31,260 - INFO - Total samples is: <torch.utils.data.dataloader.DataLoader object at 0x000001A396C54E10>
2025-02-03 08:46:31,731 - INFO - Validation parameter calculation time: 0:00:00.011769
2025-02-03 08:46:31,731 - INFO - 
Epoch 25/500:
2025-02-03 08:46:31,731 - INFO - Train Loss: 0.5500, Train Acc: 92.40%
2025-02-03 08:46:31,731 - INFO - Val Loss: 0.5934, Val Acc: 93.86%
2025-02-03 08:46:31,732 - INFO - Class 0 Accuracy: 96.41%
2025-02-03 08:46:31,732 - INFO - Class 1 Accuracy: 99.07%
2025-02-03 08:46:31,732 - INFO - Class 2 Accuracy: 91.36%
2025-02-03 08:46:31,732 - INFO - Class 3 Accuracy: 87.65%
2025-02-03 08:46:31,732 - INFO - Class 4 Accuracy: 95.00%
2025-02-03 08:46:31,820 - INFO - Saved checkpoint at epoch 25
2025-02-03 08:46:31,821 - INFO - Total samples is: <torch.utils.data.dataloader.DataLoader object at 0x000001A396C54E10>
2025-02-03 09:03:15,956 - INFO - Validation parameter calculation time: 0:00:00.012003
2025-02-03 09:03:15,956 - INFO - 
Epoch 26/500:
2025-02-03 09:03:15,956 - INFO - Train Loss: 0.5495, Train Acc: 92.28%
2025-02-03 09:03:15,956 - INFO - Val Loss: 0.6434, Val Acc: 90.98%
2025-02-03 09:03:15,957 - INFO - Class 0 Accuracy: 93.56%
2025-02-03 09:03:15,957 - INFO - Class 1 Accuracy: 99.18%
2025-02-03 09:03:15,957 - INFO - Class 2 Accuracy: 85.69%
2025-02-03 09:03:15,957 - INFO - Class 3 Accuracy: 85.44%
2025-02-03 09:03:15,957 - INFO - Class 4 Accuracy: 92.49%
2025-02-03 09:03:16,066 - INFO - Saved checkpoint at epoch 26
2025-02-03 09:03:16,067 - INFO - Total samples is: <torch.utils.data.dataloader.DataLoader object at 0x000001A396C54E10>
2025-02-03 09:19:47,919 - INFO - Validation parameter calculation time: 0:00:00.011547
2025-02-03 09:19:47,919 - INFO - 
Epoch 27/500:
2025-02-03 09:19:47,919 - INFO - Train Loss: 0.5503, Train Acc: 92.35%
2025-02-03 09:19:47,919 - INFO - Val Loss: 0.6252, Val Acc: 92.21%
2025-02-03 09:19:47,920 - INFO - Class 0 Accuracy: 93.96%
2025-02-03 09:19:47,920 - INFO - Class 1 Accuracy: 99.15%
2025-02-03 09:19:47,920 - INFO - Class 2 Accuracy: 90.18%
2025-02-03 09:19:47,920 - INFO - Class 3 Accuracy: 84.69%
2025-02-03 09:19:47,920 - INFO - Class 4 Accuracy: 93.84%
2025-02-03 09:19:48,017 - INFO - Saved checkpoint at epoch 27
2025-02-03 09:19:48,017 - INFO - Total samples is: <torch.utils.data.dataloader.DataLoader object at 0x000001A396C54E10>
2025-02-03 09:36:30,202 - INFO - Validation parameter calculation time: 0:00:00.010999
2025-02-03 09:36:30,202 - INFO - 
Epoch 28/500:
2025-02-03 09:36:30,202 - INFO - Train Loss: 0.5492, Train Acc: 92.26%
2025-02-03 09:36:30,202 - INFO - Val Loss: 0.6572, Val Acc: 90.14%
2025-02-03 09:36:30,204 - INFO - Class 0 Accuracy: 92.92%
2025-02-03 09:36:30,205 - INFO - Class 1 Accuracy: 99.30%
2025-02-03 09:36:30,205 - INFO - Class 2 Accuracy: 83.09%
2025-02-03 09:36:30,205 - INFO - Class 3 Accuracy: 86.44%
2025-02-03 09:36:30,205 - INFO - Class 4 Accuracy: 91.00%
2025-02-03 09:36:30,297 - INFO - Saved checkpoint at epoch 28
2025-02-03 09:36:30,298 - INFO - Total samples is: <torch.utils.data.dataloader.DataLoader object at 0x000001A396C54E10>
2025-02-03 09:54:18,066 - INFO - Validation parameter calculation time: 0:00:00.011505
2025-02-03 09:54:18,066 - INFO - 
Epoch 29/500:
2025-02-03 09:54:18,066 - INFO - Train Loss: 0.5511, Train Acc: 92.18%
2025-02-03 09:54:18,067 - INFO - Val Loss: 0.6001, Val Acc: 93.30%
2025-02-03 09:54:18,067 - INFO - Class 0 Accuracy: 95.70%
2025-02-03 09:54:18,068 - INFO - Class 1 Accuracy: 99.44%
2025-02-03 09:54:18,068 - INFO - Class 2 Accuracy: 89.94%
2025-02-03 09:54:18,068 - INFO - Class 3 Accuracy: 87.24%
2025-02-03 09:54:18,068 - INFO - Class 4 Accuracy: 94.82%
2025-02-03 09:54:18,166 - INFO - Saved checkpoint at epoch 29
2025-02-03 09:54:18,166 - INFO - Total samples is: <torch.utils.data.dataloader.DataLoader object at 0x000001A396C54E10>
2025-02-03 10:11:13,082 - INFO - Validation parameter calculation time: 0:00:00.011507
2025-02-03 10:11:13,082 - INFO - 
Epoch 30/500:
2025-02-03 10:11:13,082 - INFO - Train Loss: 0.5501, Train Acc: 92.29%
2025-02-03 10:11:13,082 - INFO - Val Loss: 0.5953, Val Acc: 93.69%
2025-02-03 10:11:13,083 - INFO - Class 0 Accuracy: 95.38%
2025-02-03 10:11:13,083 - INFO - Class 1 Accuracy: 98.91%
2025-02-03 10:11:13,083 - INFO - Class 2 Accuracy: 91.50%
2025-02-03 10:11:13,083 - INFO - Class 3 Accuracy: 87.67%
2025-02-03 10:11:13,084 - INFO - Class 4 Accuracy: 95.50%
2025-02-03 10:11:13,172 - INFO - Saved checkpoint at epoch 30
2025-02-03 10:11:13,173 - INFO - Total samples is: <torch.utils.data.dataloader.DataLoader object at 0x000001A396C54E10>
2025-02-03 10:27:47,175 - INFO - Validation parameter calculation time: 0:00:00.011165
2025-02-03 10:27:47,175 - INFO - 
Epoch 31/500:
2025-02-03 10:27:47,175 - INFO - Train Loss: 0.5474, Train Acc: 92.46%
2025-02-03 10:27:47,175 - INFO - Val Loss: 0.6149, Val Acc: 92.61%
2025-02-03 10:27:47,176 - INFO - Class 0 Accuracy: 95.24%
2025-02-03 10:27:47,176 - INFO - Class 1 Accuracy: 98.89%
2025-02-03 10:27:47,177 - INFO - Class 2 Accuracy: 88.05%
2025-02-03 10:27:47,177 - INFO - Class 3 Accuracy: 87.43%
2025-02-03 10:27:47,177 - INFO - Class 4 Accuracy: 94.27%
2025-02-03 10:27:47,274 - INFO - Saved checkpoint at epoch 31
2025-02-03 10:27:47,274 - INFO - Total samples is: <torch.utils.data.dataloader.DataLoader object at 0x000001A396C54E10>
2025-02-03 10:44:35,478 - INFO - Validation parameter calculation time: 0:00:00.011198
2025-02-03 10:44:35,479 - INFO - 
Epoch 32/500:
2025-02-03 10:44:35,479 - INFO - Train Loss: 0.5503, Train Acc: 92.31%
2025-02-03 10:44:35,479 - INFO - Val Loss: 0.5997, Val Acc: 93.33%
2025-02-03 10:44:35,480 - INFO - Class 0 Accuracy: 96.26%
2025-02-03 10:44:35,480 - INFO - Class 1 Accuracy: 99.17%
2025-02-03 10:44:35,480 - INFO - Class 2 Accuracy: 88.74%
2025-02-03 10:44:35,480 - INFO - Class 3 Accuracy: 87.99%
2025-02-03 10:44:35,480 - INFO - Class 4 Accuracy: 95.07%
2025-02-03 10:44:35,569 - INFO - Saved checkpoint at epoch 32
2025-02-03 10:44:35,569 - INFO - Total samples is: <torch.utils.data.dataloader.DataLoader object at 0x000001A396C54E10>
2025-02-03 11:02:23,264 - INFO - Validation parameter calculation time: 0:00:00.011512
2025-02-03 11:02:23,264 - INFO - 
Epoch 33/500:
2025-02-03 11:02:23,264 - INFO - Train Loss: 0.5485, Train Acc: 92.40%
2025-02-03 11:02:23,264 - INFO - Val Loss: 0.5963, Val Acc: 93.83%
2025-02-03 11:02:23,265 - INFO - Class 0 Accuracy: 96.31%
2025-02-03 11:02:23,265 - INFO - Class 1 Accuracy: 99.01%
2025-02-03 11:02:23,265 - INFO - Class 2 Accuracy: 91.04%
2025-02-03 11:02:23,266 - INFO - Class 3 Accuracy: 88.45%
2025-02-03 11:02:23,266 - INFO - Class 4 Accuracy: 94.66%
2025-02-03 11:02:23,354 - INFO - Saved checkpoint at epoch 33
2025-02-03 11:02:23,355 - INFO - Total samples is: <torch.utils.data.dataloader.DataLoader object at 0x000001A396C54E10>
2025-02-03 11:19:28,539 - INFO - Validation parameter calculation time: 0:00:00.011515
2025-02-03 11:19:28,539 - INFO - 
Epoch 34/500:
2025-02-03 11:19:28,539 - INFO - Train Loss: 0.5482, Train Acc: 92.25%
2025-02-03 11:19:28,539 - INFO - Val Loss: 0.6237, Val Acc: 91.56%
2025-02-03 11:19:28,540 - INFO - Class 0 Accuracy: 91.48%
2025-02-03 11:19:28,540 - INFO - Class 1 Accuracy: 99.35%
2025-02-03 11:19:28,540 - INFO - Class 2 Accuracy: 89.25%
2025-02-03 11:19:28,540 - INFO - Class 3 Accuracy: 86.72%
2025-02-03 11:19:28,540 - INFO - Class 4 Accuracy: 93.05%
2025-02-03 11:19:28,631 - INFO - Saved checkpoint at epoch 34
2025-02-03 11:19:28,632 - INFO - Total samples is: <torch.utils.data.dataloader.DataLoader object at 0x000001A396C54E10>
2025-02-03 11:36:02,867 - INFO - Validation parameter calculation time: 0:00:00.010691
2025-02-03 11:36:02,868 - INFO - 
Epoch 35/500:
2025-02-03 11:36:02,868 - INFO - Train Loss: 0.5489, Train Acc: 92.31%
2025-02-03 11:36:02,868 - INFO - Val Loss: 0.6811, Val Acc: 90.05%
2025-02-03 11:36:02,869 - INFO - Class 0 Accuracy: 97.63%
2025-02-03 11:36:02,869 - INFO - Class 1 Accuracy: 94.38%
2025-02-03 11:36:02,869 - INFO - Class 2 Accuracy: 79.78%
2025-02-03 11:36:02,869 - INFO - Class 3 Accuracy: 83.38%
2025-02-03 11:36:02,869 - INFO - Class 4 Accuracy: 94.07%
2025-02-03 11:36:02,964 - INFO - Saved checkpoint at epoch 35
2025-02-03 11:36:02,965 - INFO - Total samples is: <torch.utils.data.dataloader.DataLoader object at 0x000001A396C54E10>
2025-02-03 11:52:48,953 - INFO - Validation parameter calculation time: 0:00:00.012015
2025-02-03 11:52:48,953 - INFO - 
Epoch 36/500:
2025-02-03 11:52:48,953 - INFO - Train Loss: 0.5472, Train Acc: 92.33%
2025-02-03 11:52:48,953 - INFO - Val Loss: 0.6279, Val Acc: 91.38%
2025-02-03 11:52:48,954 - INFO - Class 0 Accuracy: 91.73%
2025-02-03 11:52:48,954 - INFO - Class 1 Accuracy: 99.19%
2025-02-03 11:52:48,954 - INFO - Class 2 Accuracy: 87.80%
2025-02-03 11:52:48,954 - INFO - Class 3 Accuracy: 87.27%
2025-02-03 11:52:48,954 - INFO - Class 4 Accuracy: 93.02%
2025-02-03 11:52:49,048 - INFO - Saved checkpoint at epoch 36
2025-02-03 11:52:49,049 - INFO - Total samples is: <torch.utils.data.dataloader.DataLoader object at 0x000001A396C54E10>
2025-02-03 12:10:17,282 - INFO - Validation parameter calculation time: 0:00:00.011665
2025-02-03 12:10:17,283 - INFO - 
Epoch 37/500:
2025-02-03 12:10:17,283 - INFO - Train Loss: 0.5486, Train Acc: 92.23%
2025-02-03 12:10:17,283 - INFO - Val Loss: 0.6150, Val Acc: 92.36%
2025-02-03 12:10:17,283 - INFO - Class 0 Accuracy: 94.00%
2025-02-03 12:10:17,284 - INFO - Class 1 Accuracy: 98.92%
2025-02-03 12:10:17,284 - INFO - Class 2 Accuracy: 89.24%
2025-02-03 12:10:17,284 - INFO - Class 3 Accuracy: 87.80%
2025-02-03 12:10:17,284 - INFO - Class 4 Accuracy: 93.04%
2025-02-03 12:10:17,389 - INFO - Saved checkpoint at epoch 37
2025-02-03 12:10:17,389 - INFO - Total samples is: <torch.utils.data.dataloader.DataLoader object at 0x000001A396C54E10>
2025-02-03 12:27:02,015 - INFO - Validation parameter calculation time: 0:00:00.010724
2025-02-03 12:27:02,015 - INFO - 
Epoch 38/500:
2025-02-03 12:27:02,016 - INFO - Train Loss: 0.5499, Train Acc: 92.18%
2025-02-03 12:27:02,016 - INFO - Val Loss: 0.5907, Val Acc: 94.00%
2025-02-03 12:27:02,017 - INFO - Class 0 Accuracy: 96.10%
2025-02-03 12:27:02,017 - INFO - Class 1 Accuracy: 98.86%
2025-02-03 12:27:02,017 - INFO - Class 2 Accuracy: 91.82%
2025-02-03 12:27:02,017 - INFO - Class 3 Accuracy: 88.23%
2025-02-03 12:27:02,017 - INFO - Class 4 Accuracy: 95.25%
2025-02-03 12:27:02,109 - INFO - Saved checkpoint at epoch 38
2025-02-03 12:27:02,110 - INFO - Total samples is: <torch.utils.data.dataloader.DataLoader object at 0x000001A396C54E10>
2025-02-03 12:43:40,706 - INFO - Validation parameter calculation time: 0:00:00.011511
2025-02-03 12:43:40,706 - INFO - 
Epoch 39/500:
2025-02-03 12:43:40,706 - INFO - Train Loss: 0.5499, Train Acc: 92.31%
2025-02-03 12:43:40,706 - INFO - Val Loss: 0.6854, Val Acc: 88.82%
2025-02-03 12:43:40,708 - INFO - Class 0 Accuracy: 92.08%
2025-02-03 12:43:40,708 - INFO - Class 1 Accuracy: 99.55%
2025-02-03 12:43:40,708 - INFO - Class 2 Accuracy: 79.21%
2025-02-03 12:43:40,708 - INFO - Class 3 Accuracy: 86.20%
2025-02-03 12:43:40,708 - INFO - Class 4 Accuracy: 89.82%
2025-02-03 12:43:40,811 - INFO - Saved checkpoint at epoch 39
2025-02-03 12:43:40,812 - INFO - Total samples is: <torch.utils.data.dataloader.DataLoader object at 0x000001A396C54E10>
2025-02-03 13:00:51,297 - INFO - Validation parameter calculation time: 0:00:00.010525
2025-02-03 13:00:51,298 - INFO - 
Epoch 40/500:
2025-02-03 13:00:51,298 - INFO - Train Loss: 0.5509, Train Acc: 92.30%
2025-02-03 13:00:51,298 - INFO - Val Loss: 0.6084, Val Acc: 93.23%
2025-02-03 13:00:51,298 - INFO - Class 0 Accuracy: 96.54%
2025-02-03 13:00:51,299 - INFO - Class 1 Accuracy: 98.74%
2025-02-03 13:00:51,299 - INFO - Class 2 Accuracy: 88.85%
2025-02-03 13:00:51,299 - INFO - Class 3 Accuracy: 87.37%
2025-02-03 13:00:51,299 - INFO - Class 4 Accuracy: 94.89%
2025-02-03 13:00:51,414 - INFO - Saved checkpoint at epoch 40
2025-02-03 13:00:51,415 - INFO - Total samples is: <torch.utils.data.dataloader.DataLoader object at 0x000001A396C54E10>
2025-02-03 13:18:24,562 - INFO - Validation parameter calculation time: 0:00:00.012539
2025-02-03 13:18:24,562 - INFO - 
Epoch 41/500:
2025-02-03 13:18:24,562 - INFO - Train Loss: 0.5489, Train Acc: 92.33%
2025-02-03 13:18:24,562 - INFO - Val Loss: 0.5980, Val Acc: 93.67%
2025-02-03 13:18:24,563 - INFO - Class 0 Accuracy: 95.45%
2025-02-03 13:18:24,563 - INFO - Class 1 Accuracy: 98.81%
2025-02-03 13:18:24,564 - INFO - Class 2 Accuracy: 91.31%
2025-02-03 13:18:24,564 - INFO - Class 3 Accuracy: 89.07%
2025-02-03 13:18:24,564 - INFO - Class 4 Accuracy: 94.30%
2025-02-03 13:18:24,657 - INFO - Saved checkpoint at epoch 41
2025-02-03 13:18:24,658 - INFO - Total samples is: <torch.utils.data.dataloader.DataLoader object at 0x000001A396C54E10>
