2024-11-20 23:45:58,768 - INFO - Training configuration:
2024-11-20 23:45:58,768 - INFO - num_points: 4096
2024-11-20 23:45:58,768 - INFO - chunk_size: 4096
2024-11-20 23:45:58,768 - INFO - overlap: 2048
2024-11-20 23:45:58,768 - INFO - batch_size: 48
2024-11-20 23:45:58,768 - INFO - num_workers: 0
2024-11-20 23:45:58,769 - INFO - learning_rate: 0.001
2024-11-20 23:45:58,769 - INFO - num_classes: 5
2024-11-20 23:45:58,769 - INFO - num_epochs: 500
2024-11-20 23:45:58,769 - INFO - device: cuda
2024-11-20 23:45:58,769 - INFO - Using device: cuda
2024-11-20 23:45:58,780 - INFO - 开始预加载数据到内存...
2024-11-20 23:46:53,481 - INFO - 数据预加载完成，共 85264 个数据块
2024-11-20 23:46:53,481 - INFO - 有效标签: [0, 1, 2, 3, 4]
2024-11-20 23:46:53,484 - INFO - reading train data
2024-11-20 23:46:53,484 - INFO - 开始预加载数据到内存...
2024-11-20 23:46:59,103 - INFO - 数据预加载完成，共 4729 个数据块
2024-11-20 23:46:59,103 - INFO - 有效标签: [0, 1, 2, 3, 4]
2024-11-20 23:46:59,161 - INFO - 验证集创建完成，使用 945 个数据块 (总共 4729 个的 20.0%)
2024-11-20 23:46:59,162 - INFO - 有效标签: [0, 1, 2, 3, 4]
2024-11-20 23:46:59,162 - INFO - reading val data
2024-11-20 23:46:59,163 - INFO - Train dataset size: 85264
2024-11-20 23:46:59,163 - INFO - Val dataset size: 945
2024-11-20 23:47:01,063 - INFO - Total samples is: <torch.utils.data.dataloader.DataLoader object at 0x000002DE7D47FEC0>
2024-11-21 00:30:56,954 - INFO - Mean IoU: 74.90%
2024-11-21 00:30:56,954 - INFO - Class 0 IoU: 70.77%
2024-11-21 00:30:56,955 - INFO - Class 1 IoU: 79.79%
2024-11-21 00:30:56,955 - INFO - Class 2 IoU: 60.66%
2024-11-21 00:30:56,955 - INFO - Class 3 IoU: 72.82%
2024-11-21 00:30:56,955 - INFO - Class 4 IoU: 90.47%
2024-11-21 00:30:56,956 - INFO - 
Epoch 1/500:
2024-11-21 00:30:56,956 - INFO - Train Loss: 0.6604, Train Acc: 74.77%
2024-11-21 00:30:56,956 - INFO - Val Loss: 0.2766, Val Acc: 89.36%
2024-11-21 00:30:56,956 - INFO - Class 0 Accuracy: 85.81%
2024-11-21 00:30:56,956 - INFO - Class 1 Accuracy: 91.34%
2024-11-21 00:30:56,957 - INFO - Class 2 Accuracy: 69.25%
2024-11-21 00:30:56,957 - INFO - Class 3 Accuracy: 74.32%
2024-11-21 00:30:56,957 - INFO - Class 4 Accuracy: 95.43%
2024-11-21 00:30:57,089 - INFO - Saved best model with accuracy: 89.36%
2024-11-21 00:30:57,193 - INFO - Total samples is: <torch.utils.data.dataloader.DataLoader object at 0x000002DE7D47FEC0>
2024-11-21 01:17:36,400 - INFO - Mean IoU: 75.18%
2024-11-21 01:17:36,401 - INFO - Class 0 IoU: 63.25%
2024-11-21 01:17:36,401 - INFO - Class 1 IoU: 76.25%
2024-11-21 01:17:36,401 - INFO - Class 2 IoU: 71.82%
2024-11-21 01:17:36,402 - INFO - Class 3 IoU: 82.71%
2024-11-21 01:17:36,402 - INFO - Class 4 IoU: 81.88%
2024-11-21 01:17:36,402 - INFO - 
Epoch 2/500:
2024-11-21 01:17:36,402 - INFO - Train Loss: 0.3722, Train Acc: 86.49%
2024-11-21 01:17:36,402 - INFO - Val Loss: 0.3498, Val Acc: 87.22%
2024-11-21 01:17:36,403 - INFO - Class 0 Accuracy: 72.68%
2024-11-21 01:17:36,403 - INFO - Class 1 Accuracy: 79.46%
2024-11-21 01:17:36,403 - INFO - Class 2 Accuracy: 83.80%
2024-11-21 01:17:36,404 - INFO - Class 3 Accuracy: 83.33%
2024-11-21 01:17:36,404 - INFO - Class 4 Accuracy: 98.19%
2024-11-21 01:17:37,017 - INFO - Total samples is: <torch.utils.data.dataloader.DataLoader object at 0x000002DE7D47FEC0>
